Starting run 167
Identified minimum at position [ 2.92690577e+00  1.25206361e+00  9.33527392e-01  1.46345283e+00
 -6.56385138e-01  2.44831404e+00  2.51022790e+00  5.58850624e-01
  1.39757615e+00  2.29883879e+00 -1.77680911e+00 -3.53647731e-01
  4.16677854e-01 -1.87162117e+00  2.63226156e-07  6.28066949e-01
  4.64038690e-01  1.75122408e+00 -1.99072558e-08 -1.31277057e+00
  1.39757632e+00  1.46345293e+00 -6.56385386e-01 -1.05073769e+00
  1.67484206e+00 -2.24630671e+00  1.39757650e+00  2.09253502e+00
 -1.50011330e+00  2.09636448e+00 -2.09354028e-01 -1.03198402e+00
  3.50243283e-01  2.50921278e+00 -2.05896386e+00  6.98788365e-01
  2.92690573e+00 -1.31277050e+00  1.39757630e+00  2.50717764e+00
 -7.49829153e-01 -7.02192787e-01  6.26031832e-01 -2.15240774e+00
  1.04733322e+00  1.67179170e+00  3.70594860e-01  2.09976907e+00
  4.19728098e-01 -5.62941259e-01  2.09976910e+00  2.30087395e+00
  8.39637160e-01  3.50243077e-01  1.25511401e+00 -1.68336539e+00
 -7.02192668e-01  4.17692895e-01  7.46193357e-01  6.98788036e-01
  8.34370731e-01  1.87342841e-01 -6.98788055e-01  3.13625977e+00
 -2.80786528e-01  1.04733307e+00  1.46345293e+00 -1.95963110e+00
  3.49392221e-01  2.71248849e+00 -1.02835248e+00  3.49392082e-01
  1.87912301e+00  8.93615648e-02 -3.46011958e-01  1.46345286e+00
  6.46860597e-01  1.04818420e+00  1.04778274e+00 -1.40213208e+00
  1.74358836e+00  6.30087329e-01 -8.41917037e-01 -3.46011897e-01
  2.29681842e+00 -4.70853519e-01  1.74358825e+00  2.14417196e-01
 -2.84418004e-01  1.04818428e+00  2.08550952e+00 -1.92580986e-01
  6.98788168e-01  1.87849352e+00 -1.21303988e+00  1.04511998e+00
  1.25643686e+00 -3.78734264e-01  1.39313907e+00  8.41396190e-01
 -1.12018952e+00  6.98788244e-01  1.04841220e+00 -9.97306432e-02
  3.52456404e-01  1.67046885e+00 -9.34036242e-01  4.43732726e-03] with unbiased energy -173.92842659062353
Identified minimum at position [ 2.92705397e+00  1.25362346e+00  9.34999050e-01  1.46212859e+00
 -6.32818003e-01  2.45818679e+00  2.50887207e+00  5.74037190e-01
  1.39865080e+00  2.30035538e+00 -1.77970202e+00 -3.31870397e-01
  4.18370964e-01 -1.87075112e+00  2.02610235e-02  6.26103152e-01
  4.80753642e-01  1.75003014e+00 -2.05484198e-04 -1.29936169e+00
  1.41208940e+00  1.46336625e+00 -6.63903218e-01 -1.04121972e+00
  1.67514474e+00 -2.23177924e+00  1.42279321e+00  2.09269047e+00
 -1.47852702e+00  2.11398461e+00 -2.08779082e-01 -1.02843595e+00
  3.61801988e-01  2.51034842e+00 -2.05016747e+00  7.23684824e-01
  2.92743732e+00 -1.29568187e+00  1.41397996e+00  2.50640353e+00
 -7.56700314e-01 -6.92421247e-01  6.26601612e-01 -2.14188532e+00
  1.07050912e+00  1.66946311e+00  3.91160455e-01  2.10154422e+00
  4.18467493e-01 -5.42942260e-01  2.10763048e+00  2.30278601e+00
  8.42857127e-01  3.47908084e-01  1.25731674e+00 -1.68832747e+00
 -6.82862832e-01  4.16307674e-01  7.52357932e-01  6.94810108e-01
  8.36021557e-01  1.84093694e-01 -6.95971010e-01  3.13518577e+00
 -2.66995453e-01  1.05231267e+00  1.46465279e+00 -1.95511961e+00
  3.71806563e-01  2.71277447e+00 -1.02325387e+00  3.62788709e-01
  1.87946130e+00  8.75686308e-02 -3.42758284e-01  1.46292302e+00
  6.57263955e-01  1.04760884e+00  1.04748331e+00 -1.38495947e+00
  1.76004949e+00  6.31228509e-01 -8.43948871e-01 -3.35213414e-01
  2.29597386e+00 -4.52279456e-01  1.75210721e+00  2.13579912e-01
 -2.74336793e-01  1.05289399e+00  2.08543439e+00 -1.84472716e-01
  7.04472095e-01  1.87867315e+00 -1.20153007e+00  1.06042361e+00
  1.25565449e+00 -3.64794446e-01  1.40041598e+00  8.41718922e-01
 -1.11284123e+00  7.12483078e-01  1.04835737e+00 -9.55916938e-02
  3.57189146e-01  1.67107728e+00 -9.32693855e-01  1.69255985e-02] with unbiased energy -173.9264268438401
Removing previous minimum at index 83 (energy -173.92842659062353) because 
corresponding saddle does not have sufficiently greater energy (-173.87000609706857)
Identified minimum at position [ 2.93795322  1.26443561  0.93758733  1.4795618  -0.64458138  2.45192664
  2.52277128  0.56735367  1.39565791  2.31196724 -1.77510416 -0.3469515
  0.43176487 -1.87080089  0.01001756  0.64033478  0.47251823  1.74856219
  0.01630595 -1.30748869  1.40646751  1.47082451 -0.65452616 -1.04603749
  1.6927712  -2.23843906  1.40749404  2.10990502 -1.48891392  2.10309415
 -0.19687084 -1.03253388  0.35843945  2.52534836 -2.0534828   0.70631987
  2.94246371 -1.3037885   1.40189724  2.51581964 -0.74924062 -0.70020865
  0.64337595 -2.14745163  1.05830543  1.68444659  0.38117981  2.09844176
  0.43552874 -0.55300567  2.103374    2.31424973  0.84318916  0.34743494
  1.2677462  -1.68156399 -0.69420163  0.42732225  0.74845466  0.69443563
  0.84077813  0.18931662 -0.69371457  3.14923451 -0.27312212  1.04779905
  1.47895331 -1.955934    0.35816479  2.72506942 -1.02439214  0.35287939
  1.88887997  0.09177455 -0.34496655  1.47539355  0.65306859  1.04613184
  1.06458971 -1.39377402  1.75112333  0.63970984 -0.84058494 -0.3394867
  2.31111904 -0.46099464  1.74541588  0.22628517 -0.28012841  1.05017167
  2.09738608 -0.18714301  0.69992211  1.89341774 -1.20656968  1.05064214
  1.26992606 -0.37145042  1.3953109   0.85546328 -1.11630521  0.70534297
  1.05786535 -0.09620544  0.35405727  1.68217043 -0.93082074  0.00921333] with unbiased energy -173.92238714204265
Removing previous minimum at index 221 (energy -173.9264268438401) because 
corresponding saddle does not have sufficiently greater energy (-173.85125313616075)
Identified minimum at position [ 2.92725683e+00  1.25510783e+00  9.36337460e-01  1.46094054e+00
 -6.10819632e-01  2.46724593e+00  2.50765804e+00  5.88212296e-01
  1.39955676e+00  2.30179811e+00 -1.78221801e+00 -3.11497658e-01
  4.19968306e-01 -1.86980269e+00  3.92196278e-02  6.24303520e-01
  4.96275516e-01  1.74884770e+00 -3.54278318e-04 -1.28679205e+00
  1.42554814e+00  1.46331489e+00 -6.70877798e-01 -1.03225163e+00
  1.67549248e+00 -2.21805636e+00  1.44621721e+00  2.09290416e+00
 -1.45828301e+00  2.13025099e+00 -2.08214907e-01 -1.02503506e+00
  3.72595607e-01  2.51145852e+00 -2.04173516e+00  7.46841025e-01
  2.92798412e+00 -1.27959577e+00  1.42911573e+00  2.50571545e+00
 -7.63065158e-01 -6.83211651e-01  6.27186631e-01 -2.13193266e+00
  1.09209171e+00  1.66733731e+00  4.10310819e-01  2.10310587e+00
  4.17328628e-01 -5.24297724e-01  2.11485154e+00  2.30460472e+00
  8.45826830e-01  3.45745785e-01  1.25938547e+00 -1.69282836e+00
 -6.64748927e-01  4.15058189e-01  7.58052425e-01  6.91107035e-01
  8.37581092e-01  1.81049787e-01 -6.93322931e-01  3.13423002e+00
 -2.54092434e-01  1.05681585e+00  1.46580514e+00 -1.95075459e+00
  3.92714030e-01  2.71307248e+00 -1.01836983e+00  3.75253094e-01
  1.87980410e+00  8.58813552e-02 -3.39662942e-01  1.46247089e+00
  6.66914075e-01  1.04710029e+00  1.04725173e+00 -1.36886601e+00
  1.77530606e+00  6.32310682e-01 -8.45794404e-01 -3.25069725e-01
  2.29521861e+00 -4.34909395e-01  1.75991321e+00  2.12825289e-01
 -2.64937860e-01  1.05725747e+00  2.08536310e+00 -1.76901596e-01
  7.09742702e-01  1.87887676e+00 -1.19070004e+00  1.07462985e+00
  1.25494661e+00 -3.51786947e-01  1.40714397e+00  8.42051351e-01
 -1.10591321e+00  7.25247316e-01  1.04831449e+00 -9.17220703e-02
  3.61611549e-01  1.67166350e+00 -9.31369670e-01  2.86026141e-02] with unbiased energy -173.9209365793929
Removing previous minimum at index 359 (energy -173.92238714204265) because 
corresponding saddle does not have sufficiently greater energy (-173.8538516532027)
Identified minimum at position [ 2.91636834  1.24142653  0.93060199  1.4461778  -0.64732066  2.45367595
  2.49676951  0.56363312  1.40068052  2.28712752 -1.78139434 -0.34078611
  0.40308458 -1.87173492  0.00812848  0.61425779  0.47042281  1.75281919
 -0.01649976 -1.3060658   1.40164024  1.45625346 -0.66518472 -1.04676863
  1.65705762 -2.24142541  1.41030275  2.07524464 -1.49229003  2.10552354
 -0.22123899 -1.0282198   0.35234718  2.49403394 -2.05690185  0.71364541
  2.91185092 -1.30683074  1.40809691  2.4981279  -0.75679467 -0.69528315
  0.60909241 -2.14808444  1.05713099  1.65723885  0.37819001  2.10284174
  0.40284244 -0.55504248  2.10321216  2.28949684  0.83876941  0.35113668
  1.24449583 -1.68980822 -0.69281679  0.40712053  0.74934902  0.6995099
  0.8296782   0.18231186 -0.70122794  3.12261804 -0.2764464   1.05148335
  1.44899813 -1.95952303  0.36074022  2.70038521 -1.02805673  0.35800982
  1.87001255  0.0851274  -0.34402883  1.45136087  0.64979732  1.04983256
  1.03067044 -1.39529366  1.75085374  0.62167236 -0.84514328 -0.34276751
  2.28192894 -0.46438248  1.74958721  0.20202076 -0.27973361  1.05036311
  2.07397092 -0.19100941  0.70290669  1.86380108 -1.20944677  1.05339928
  1.24245197 -0.37373034  1.39761861  0.82770872 -1.11765463  0.70454778
  1.03948775 -0.0997781   0.3553008   1.65954229 -0.9363092   0.01094393] with unbiased energy -173.9223002637783
Removing previous minimum at index 492 (energy -173.9209365793929) because 
corresponding saddle does not have sufficiently greater energy (-173.85734147581454)
Identified minimum at position [ 2.92681022e+00  1.25051408e+00  9.32009973e-01  1.46481460e+00
 -6.79959630e-01  2.43826721e+00  2.51162739e+00  5.43654200e-01
  1.39639248e+00  2.29733884e+00 -1.77372218e+00 -3.75372272e-01
  4.14988640e-01 -1.87234742e+00 -2.02080804e-02  6.30055572e-01
  4.47224306e-01  1.75234728e+00  2.37570340e-04 -1.32612612e+00
  1.38296049e+00  1.46356284e+00 -6.48832870e-01 -1.06016540e+00
  1.67459529e+00 -2.26066250e+00  1.37223504e+00  2.09243876e+00
 -1.52160201e+00  2.07854498e+00 -2.09910255e-01 -1.03543449e+00
  3.38686189e-01  2.50811725e+00 -2.06752315e+00  6.73804177e-01
  2.92641538e+00 -1.32971714e+00  1.38098132e+00  2.50797839e+00
 -7.42913648e-01 -7.11865757e-01  6.25505299e-01 -2.16279348e+00
  1.02410097e+00  1.67416215e+00  3.49968719e-01  2.09788916e+00
  4.21014698e-01 -5.82975635e-01  2.09177547e+00  2.29897626e+00
  8.36372791e-01  3.52597944e-01  1.25291238e+00 -1.67826982e+00
 -7.21442900e-01  4.19113841e-01  7.39956861e-01  7.02785034e-01
  8.32731727e-01  1.90570713e-01 -7.01592390e-01  3.13737298e+00
 -2.94552553e-01  1.04219247e+00  1.46227411e+00 -1.96398078e+00
  3.26963083e-01  2.71222427e+00 -1.03332100e+00  3.35953322e-01
  1.87879947e+00  9.11310955e-02 -3.49203422e-01  1.46401631e+00
  6.36377493e-01  1.04879477e+00  1.04811935e+00 -1.41924178e+00
  1.72700560e+00  6.28955617e-01 -8.39837595e-01 -3.56741211e-01
  2.29768652e+00 -4.89399543e-01  1.73490755e+00  2.15272312e-01
 -2.94517704e-01  1.04343614e+00  2.08557178e+00 -2.00694531e-01
  6.93063462e-01  1.87833959e+00 -1.22446203e+00  1.02972979e+00
  1.25723108e+00 -3.92687582e-01  1.38579067e+00  8.41094732e-01
 -1.12746897e+00  6.85071727e-01  1.04846550e+00 -1.03869563e-01
  3.47729050e-01  1.66986840e+00 -9.35308782e-01 -8.02859808e-03] with unbiased energy -173.92643646838803
Removing previous minimum at index 633 (energy -173.9223002637783) because 
corresponding saddle does not have sufficiently greater energy (-173.86487718513956)
Identified minimum at position [ 2.93791627  1.26294702  0.93611524  1.4807509  -0.6680878   2.44192149
  2.52406915  0.55223242  1.39456233  2.31057172 -1.77205587 -0.36861088
  0.43017743 -1.87163076 -0.01033097  0.64220351  0.45577675  1.74961871
  0.01649128 -1.32092346  1.39174979  1.47100568 -0.64693954 -1.05550185
  1.69249414 -2.25282436  1.38222014  2.10969008 -1.51036793  2.0853986
 -0.19739857 -1.03611269  0.34670842  2.52427919 -2.06206221  0.68145939
  2.94191024 -1.32068744  1.38547598  2.51668148 -0.74231525 -0.70986294
  0.64285241 -2.15791204  1.03500449  1.68665718  0.36065722  2.09656548
  0.43667422 -0.57302391  2.09532825  2.3124073   0.83996396  0.34980782
  1.26569728 -1.67650459 -0.71349934  0.42871505  0.74227411  0.6983166
  0.83916651  0.19256241 -0.69655497  3.15030767 -0.28680533  1.04281387
  1.47783372 -1.96033975  0.33573011  2.72482109 -1.02933348  0.33952472
  1.8885975   0.09356406 -0.34815077  1.47587778  0.64266234  1.04665447
  1.06484335 -1.41089236  1.73453442  0.63862882 -0.83856095 -0.35034289
  2.3118681  -0.47947176  1.7368311   0.22708336 -0.2902399   1.0453186
  2.09740682 -0.19521441  0.69422788  1.89322779 -1.21798456  1.03529415
  1.27062619 -0.38536475  1.38793703  0.85515462 -1.12362704  0.69155101
  1.0578607  -0.10033924  0.34925157  1.68160417 -0.93210606 -0.00326773] with unbiased energy -173.92215538210283
Removing previous minimum at index 773 (energy -173.92643646838803) because 
corresponding saddle does not have sufficiently greater energy (-173.86105895790087)
Identified minimum at position [ 2.92677297e+00  1.24908211e+00  9.30561293e-01  1.46613443e+00
 -7.01955812e-01  2.42872995e+00  2.51298535e+00  5.29470852e-01
  1.39518072e+00  2.29596351e+00 -1.77066143e+00 -3.95598624e-01
  4.13427939e-01 -1.87289349e+00 -3.90158281e-02  6.31945746e-01
  4.31448127e-01  1.75332746e+00  5.01912445e-04 -1.33853643e+00
  1.36923059e+00  1.46368993e+00 -6.41746787e-01 -1.06888330e+00
  1.67443050e+00 -2.27389553e+00  1.34847478e+00  2.09241791e+00
 -1.54155604e+00  2.06173428e+00 -2.10402893e-01 -1.03856666e+00
  3.27906962e-01  2.50714352e+00 -2.07529009e+00  6.50409558e-01
  2.92600883e+00 -1.34539547e+00  1.36531957e+00  2.50875407e+00
 -7.36416061e-01 -7.20808626e-01  6.25067643e-01 -2.17235666e+00
  1.00237228e+00  1.67642640e+00  3.30673385e-01  2.09603395e+00
  4.22252789e-01 -6.01696550e-01  2.08419342e+00  2.29722429e+00
  8.33292375e-01  3.54806904e-01  1.25086819e+00 -1.67338846e+00
 -7.39334609e-01  4.20479021e-01  7.34072823e-01  7.06529479e-01
  8.31214338e-01  1.93570117e-01 -7.04196770e-01  3.13846072e+00
 -3.07370095e-01  1.03724582e+00  1.46120540e+00 -1.96788761e+00
  3.06019863e-01  2.71200713e+00 -1.03783618e+00  3.23372538e-01
  1.87851556e+00  9.27675820e-02 -3.52129709e-01  1.46458332e+00
  6.26525110e-01  1.04939334e+00  1.04848170e+00 -1.43514416e+00
  1.71142048e+00  6.27915563e-01 -8.37851663e-01 -3.66689921e-01
  2.29853212e+00 -5.06672330e-01  1.72665505e+00  2.16096001e-01
 -3.03956007e-01  1.03896786e+00  2.08562887e+00 -2.08264808e-01
  6.87678984e-01  1.87823176e+00 -1.23503484e+00  1.01528789e+00
  1.25799508e+00 -4.05714677e-01  1.37886510e+00  8.40843901e-01
 -1.13419524e+00  6.72252416e-01  1.04852107e+00 -1.07726429e-01
  3.43320439e-01  1.66932401e+00 -9.36427307e-01 -1.96428427e-02] with unbiased energy -173.92101005355048
Removing previous minimum at index 905 (energy -173.92215538210283) because 
corresponding saddle does not have sufficiently greater energy (-173.85916716650712)
Identified minimum at position [ 2.92678163e+00  1.24772294e+00  9.29148795e-01  1.46744441e+00
 -7.22976684e-01  2.41946535e+00  2.51433305e+00  5.15911608e-01
  1.39392136e+00  2.29467337e+00 -1.76757430e+00 -4.14890168e-01
  4.11953606e-01 -1.87329867e+00 -5.69465779e-02  6.33786589e-01
  4.16289110e-01  1.75420228e+00  7.97053032e-04 -1.35035210e+00
  1.35602389e+00  1.46383351e+00 -6.34939732e-01 -1.07714590e+00
  1.67433715e+00 -2.28639619e+00  1.32566277e+00  2.09246471e+00
 -1.56053790e+00  2.04550093e+00 -2.10847108e-01 -1.04148279e+00
  3.17609363e-01  2.50626042e+00 -2.08251506e+00  6.27976254e-01
  2.92567031e+00 -1.36025773e+00  1.35019041e+00  2.50952094e+00
 -7.30166323e-01 -7.29283618e-01  6.24702591e-01 -2.18138272e+00
  9.81559251e-01  1.67864230e+00  3.12186959e-01  2.09416684e+00
  4.23473521e-01 -6.19614907e-01  2.07683284e+00  2.29556351e+00
  8.30318010e-01  3.56926102e-01  1.24892595e+00 -1.66860976e+00
 -7.56370982e-01  4.21820063e-01  7.28388193e-01  7.10122734e-01
  8.29773618e-01  1.96425674e-01 -7.06676610e-01  3.13954851e+00
 -3.19595520e-01  1.03238043e+00  1.46021580e+00 -1.97148510e+00
  2.85990070e-01  2.71182867e+00 -1.04204331e+00  3.11310810e-01
  1.87825900e+00  9.43187262e-02 -3.54882671e-01  1.46516456e+00
  6.17041265e-01  1.04999120e+00  1.04887604e+00 -1.45028679e+00
  1.69642286e+00  6.26938112e-01 -8.35914222e-01 -3.76142044e-01
  2.29937663e+00 -5.23150639e-01  1.71862707e+00  2.16908871e-01
 -3.12990982e-01  1.03466070e+00  2.08568515e+00 -2.15499923e-01
  6.82490815e-01  1.87816468e+00 -1.24506296e+00  1.00141028e+00
  1.25874933e+00 -4.18172811e-01  1.37218186e+00  8.40635079e-01
 -1.14056525e+00  6.59981264e-01  1.04858065e+00 -1.11408054e-01
  3.39108127e-01  1.66882001e+00 -9.37434521e-01 -3.07283030e-02] with unbiased energy -173.9126335536251
Removing previous minimum at index 1035 (energy -173.92101005355048) because 
corresponding saddle does not have sufficiently greater energy (-173.8611747893202)
Identified minimum at position [ 2.91616053e+00  1.23978716e+00  9.29058701e-01  1.44768034e+00
 -6.70959900e-01  2.44374947e+00  2.49822072e+00  5.48374446e-01
  1.39950525e+00  2.28552287e+00 -1.77845694e+00 -3.62609394e-01
  4.01302734e-01 -1.87250537e+00 -1.19660391e-02  6.16336599e-01
  4.53607711e-01  1.75408222e+00 -1.62281460e-02 -1.31941045e+00
  1.38722000e+00  1.45627505e+00 -6.57725935e-01 -1.05623672e+00
  1.65681457e+00 -2.25591260e+00  1.38502569e+00  2.07522802e+00
 -1.51389711e+00  2.08777182e+00 -2.21831587e-01 -1.03163880e+00
  3.40964408e-01  2.49289645e+00 -2.06565620e+00  6.88633062e-01
  2.91139869e+00 -1.32394393e+00  1.39151002e+00  2.49884769e+00
 -7.49944804e-01 -7.05057361e-01  6.08546181e-01 -2.15853847e+00
  1.03403695e+00  1.65972614e+00  3.57510824e-01  2.10105656e+00
  4.04246883e-01 -5.75080155e-01  2.09539263e+00  2.28751385e+00
  8.35498725e-01  3.53451946e-01  1.24215152e+00 -1.68482042e+00
 -7.12074731e-01  4.08527819e-01  7.43108929e-01  7.03617690e-01
  8.27999689e-01  1.85516499e-01 -7.04019426e-01  3.12373061e+00
 -2.90308808e-01  1.04632988e+00  1.44775864e+00 -1.96397628e+00
  3.38347575e-01  2.70009190e+00 -1.03317362e+00  3.44532784e-01
  1.86962955e+00  8.68820719e-02 -3.47284415e-01  1.45196047e+00
  6.39296450e-01  1.05050429e+00  1.03106851e+00 -1.41246290e+00
  1.73439739e+00  6.20486160e-01 -8.43072601e-01 -3.53427065e-01
  2.28289666e+00 -4.83019791e-01  1.74095926e+00  2.02916408e-01
 -2.89819890e-01  1.04575578e+00  2.07408411e+00 -1.99166687e-01
  6.97189069e-01  1.86367043e+00 -1.22096130e+00  1.03805557e+00
  1.24332952e+00 -3.87722064e-01  1.39036397e+00  8.27404187e-01
 -1.12496969e+00  6.90935154e-01  1.03959364e+00 -1.03940618e-01
  3.50646094e-01  1.65890628e+00 -9.37646486e-01 -1.51903189e-03] with unbiased energy -173.92208520656015
Removing previous minimum at index 1173 (energy -173.9126335536251) because 
corresponding saddle does not have sufficiently greater energy (-173.85668711256844)
Identified minimum at position [ 2.91575158  1.23797007  0.92747504  1.44871329 -0.69336238  2.43422384
  2.4993105   0.53388999  1.39837111  2.28371955 -1.7755787  -0.38311917
  0.39927129 -1.8731091  -0.03095162  0.61799806  0.43758426  1.75526122
 -0.01635191 -1.33196158  1.37342095  1.45614393 -0.65076428 -1.0651165
  1.6561871  -2.26949144  1.36103931  2.07483164 -1.53428385  2.0708299
 -0.22267414 -1.03472815  0.33012132  2.49146922 -2.07375742  0.664996
  2.91062897 -1.34002953  1.37573017  2.49933894 -0.74352149 -0.7141486
  0.60764079 -2.16830514  1.01212294  1.6617726   0.33785559  2.09933564
  0.40518713 -0.59408924  2.08786687  2.28535066  0.83230635  0.35571712
  1.23965654 -1.68007516 -0.7301998   0.40964824  0.73715077  0.70757882
  0.82629043  0.18844866 -0.70673808  3.12448922 -0.30342996  1.04135713
  1.44623677 -1.96807977  0.31718834  2.69953324 -1.03793982  0.33181754
  1.86905557  0.08844097 -0.35029135  1.45226536  0.62924743  1.05122943
  1.03105296 -1.42866224  1.71871624  0.61915698 -0.84112101 -0.3634831
  2.28346993 -0.50066128  1.7327097   0.20348043 -0.29937028  1.04135863
  2.07389791 -0.2069336   0.69178821  1.86320332 -1.231804    1.0235023
  1.24383004 -0.40099673  1.38346849  0.82679341 -1.13183932  0.67803063
  1.03948055 -0.10792086  0.3462704   1.65803905 -0.93891233 -0.01326049] with unbiased energy -173.91794081065464
Removing previous minimum at index 1321 (energy -173.92208520656015) because 
corresponding saddle does not have sufficiently greater energy (-173.85702331593137)
Identified minimum at position [ 2.93821016  1.26184815  0.93477504  1.4823339  -0.69025189  2.4322839
  2.52567959  0.53798303  1.39335221  2.30957428 -1.76891962 -0.38910074
  0.42903383 -1.87226369 -0.02948231  0.64433305  0.43991147  1.75049108
  0.01710455 -1.3335657   1.37781461  1.47138262 -0.63960581 -1.06434801
  1.69272181 -2.26621034  1.35819466  2.1099731  -1.53049659  2.0684665
 -0.19757545 -1.03944835  0.33570467  2.52368915 -2.06990743  0.65780062
  2.94180777 -1.33648949  1.3697078   2.51774629 -0.73563805 -0.71895298
  0.64281772 -2.16764638  1.01295671  1.68914205  0.3412624   2.09463144
  0.43819549 -0.59192227  2.08760676  2.31100141  0.83693571  0.35201279
  1.26404888 -1.67149782 -0.73167285  0.43032425  0.73636452  0.70192851
  0.83779731  0.1957004  -0.69913033  3.15170757 -0.29967745  1.03791018
  1.47716292 -1.9643034   0.31449015  2.72491956 -1.03383907  0.32680496
  1.8885887   0.09531704 -0.35111591  1.47668181  0.63280627  1.04712469
  1.06554034 -1.42697321  1.71875379  0.63784507 -0.83654567 -0.36049487
  2.31297243 -0.49685571  1.72851483  0.228165   -0.29980206  1.04069383
  2.09772038 -0.20279414  0.68876843  1.89344269 -1.22864651  1.02067805
  1.27165102 -0.3984836   1.38087338  0.85522967 -1.13045539  0.67851057
  1.05809861 -0.10419588  0.34470104  1.6813629  -0.9331863  -0.01506128] with unbiased energy -173.91800346393669
Removing previous minimum at index 1449 (energy -173.91794081065464) because 
corresponding saddle does not have sufficiently greater energy (-173.8525590056664)
Identified minimum at position [ 2.93104363  1.26279131  0.94610203  1.46031697 -0.66160538  2.44054341
  2.51318542  0.55516931  1.39989422  2.29801382 -1.76844721 -0.36741506
  0.41652854 -1.86081748 -0.0247998   0.62932919  0.46936239  1.74419253
 -0.00523057 -1.30463426  1.38886842  1.4645884  -0.63426157 -1.05938169
  1.66170167 -2.24523322  1.3775584   2.08379219 -1.50709691  2.08282742
 -0.2099178  -1.02977858  0.34068664  2.50112981 -2.05850184  0.68453083
  2.92102181 -1.31853776  1.38844001  2.50762661 -0.73978404 -0.70984343
  0.61510191 -2.14243642  1.02442176  1.67102492  0.36704571  2.09742633
  0.41833068 -0.55769195  2.0928185   2.31052126  0.84306862  0.35332663
  1.25803867 -1.66550223 -0.72198244  0.42251581  0.75242173  0.69094541
  0.83480215  0.20512088 -0.69712217  3.1364223  -0.28546608  1.0461085
  1.45840118 -1.95085691  0.33032559  2.71079597 -1.02704388  0.34168474
  1.88392086  0.10093097 -0.34842913  1.4681268   0.65099843  1.04626451
  1.04081128 -1.39973542  1.72973575  0.63148655 -0.82938519 -0.35741129
  2.29432748 -0.47569863  1.73842281  0.21464451 -0.27870188  1.04229161
  2.08719308 -0.18973381  0.69488869  1.87397199 -1.21105997  1.03360506
  1.25559794 -0.37593221  1.38617546  0.83867235 -1.11245385  0.68585224
  1.05139452 -0.09127445  0.3471964   1.67070845 -0.92438473 -0.00606406] with unbiased energy -173.9187794260689
Removing previous minimum at index 1583 (energy -173.91800346393669) because 
corresponding saddle does not have sufficiently greater energy (-173.86118891088253)
Identified minimum at position [ 2.93119687  1.26437124  0.9476301   1.4586059  -0.63811336  2.4504895
  2.5114668   0.57068993  1.40142142  2.30021121 -1.77141466 -0.34538497
  0.41891873 -1.86024566 -0.00494842  0.62694707  0.48581382  1.74286205
 -0.00534229 -1.2916394   1.40285357  1.4647922  -0.64155887 -1.05009942
  1.66231598 -2.23082687  1.40287247  2.08393215 -1.4854274   2.10068601
 -0.20902466 -1.02655738  0.35178974  2.5027674  -2.04958197  0.70988507
  2.92170289 -1.3009992   1.40532623  2.50701365 -0.74668987 -0.70010798
  0.61609276 -2.13230333  1.04721735  1.66817671  0.38765255  2.09943208
  0.4167402  -0.53803785  2.10035497  2.31244125  0.84633085  0.35121284
  1.26107119 -1.67044789 -0.70286058  0.42104284  0.75849944  0.686855
  0.83651272  0.20200684 -0.69437469  3.13522159 -0.27111097  1.05139447
  1.46018022 -1.94645806  0.35270414  2.7113192  -1.02178868  0.35538439
  1.88434017  0.09927286 -0.34519894  1.46739869  0.66140876  1.04580633
  1.04051992 -1.38278869  1.74607407  0.63300936 -0.83148787 -0.34685249
  2.29328577 -0.45688737  1.74724577  0.21374789 -0.26886626  1.04665404
  2.08712156 -0.18149236  0.70071937  1.87431671 -1.19951013  1.04905095
  1.25468291 -0.36206575  1.39344016  0.83923553 -1.10529472  0.69934448
  1.05140857 -0.087149    0.3518612   1.6716374  -0.92300533  0.0064246 ] with unbiased energy -173.91861429401987
Removing previous minimum at index 1721 (energy -173.9187794260689) because 
corresponding saddle does not have sufficiently greater energy (-173.85829761346935)
Identified minimum at position [ 2.92245699  1.23937704  0.91934957  1.46817968 -0.67296249  2.44689918
  2.50858196  0.54845073  1.39387571  2.29824602 -1.78246477 -0.35998214
  0.41520977 -1.88325727  0.0059285   0.62889501  0.44328547  1.75956037
  0.00530068 -1.3331455   1.39329326  1.4624439  -0.67161886 -1.05086453
  1.68739738 -2.26062366  1.3940755   2.101226   -1.51310492  2.09330818
 -0.2093136  -1.03783605  0.34945641  2.51606199 -2.06746918  0.68999324
  2.93238981 -1.32279539  1.3913117   2.50738791 -0.75349991 -0.70357036
  0.63609972 -2.17173865  1.04869392  1.67502446  0.35513208  2.10036196
  0.42262701 -0.58658889  2.09977854  2.28908326  0.83316176  0.34912152
  1.25028365 -1.69662497 -0.70025935  0.41392901  0.7341063   0.71054666
  0.83218313  0.17230889 -0.70314579  3.13717492 -0.28894037  1.04371331
  1.46731544 -1.9723998   0.34772083  2.71388626 -1.03440353  0.34466314
  1.87383762  0.07934838 -0.34654811  1.4592397   0.63296784  1.05064973
  1.05510023 -1.42024515  1.74219446  0.62777653 -0.85276547 -0.34460899
  2.30028706 -0.48319853  1.74068175  0.2151017  -0.29947336  1.05022322
  2.08386204 -0.20299142  0.69736725  1.88288925 -1.22559768  1.04242249
  1.25816699 -0.39440537  1.39347675  0.84392086 -1.13456094  0.69913395
  1.04541546 -0.11219137  0.35345836  1.66970403 -0.94493313  0.00340628] with unbiased energy -173.91883038196568
Removing previous minimum at index 1863 (energy -173.91861429401987) because 
corresponding saddle does not have sufficiently greater energy (-173.85802284217021)
Identified minimum at position [ 2.92226433  1.23753645  0.91753601  1.46902661 -0.69636852  2.43702507
  2.50936816  0.53384166  1.39315258  2.29761548 -1.77949658 -0.38081471
  0.41433427 -1.88444746 -0.01406624  0.63023207  0.42602272  1.76063041
  0.00568983 -1.34706534  1.37820253  1.46291041 -0.66435707 -1.06019877
  1.68777446 -2.27485828  1.36938322  2.10124422 -1.5340716   2.07602279
 -0.20951238 -1.0416439   0.33758041  2.51575114 -2.07557305  0.66605568
  2.93217202 -1.3387606   1.37549964  2.50839214 -0.74686724 -0.71289107
  0.63627935 -2.1825921   1.02561056  1.67666356  0.3347102   2.09876735
  0.42343352 -0.60709395  2.09147131  2.28690249  0.82981445  0.35170892
  1.24904656 -1.69185077 -0.71908122  0.41506864  0.72759148  0.71461206
  0.8306023   0.17519621 -0.70606241  3.13804755 -0.301755    1.03890512
  1.4669333  -1.97688536  0.32584568  2.7139277  -1.03903189  0.33186507
  1.87347494  0.08095107 -0.34961291  1.45937938  0.62237546  1.05149468
  1.05552774 -1.43749722  1.72576037  0.62708763 -0.85106225 -0.35526121
  2.300871   -0.50117914  1.73242804  0.21580698 -0.30997217  1.04518598
  2.0838056  -0.21095771  0.69193622  1.88298727 -1.23683629  1.02751108
  1.25872785 -0.40843418  1.38626581  0.84393212 -1.14212224  0.68552725
  1.04542763 -0.11653731  0.34880759  1.66947204 -0.94631913 -0.00870228] with unbiased energy -173.91467428492902
Removing previous minimum at index 2009 (energy -173.91883038196568) because 
corresponding saddle does not have sufficiently greater energy (-173.8540644054984)
Identified minimum at position [ 2.93843792  1.26071028  0.93345038  1.48373324 -0.71143665  2.4229197
  2.5271483   0.52434837  1.3921132   2.30853055 -1.76577344 -0.40862423
  0.42782581 -1.87273688 -0.04777815  0.64627949  0.4246729   1.75127093
  0.01757205 -1.34557923  1.36437834  1.47169696 -0.63258258 -1.07274461
  1.6928216  -2.27885676  1.3351228   2.11013597 -1.54965468  2.05211355
 -0.19783267 -1.04253122  0.32515072  2.52301811 -2.07721138  0.63513768
  2.94160827 -1.35147951  1.35449682  2.5187063  -0.72923753 -0.72755036
  0.64266559 -2.17681653  0.9918083   1.6914388   0.32267668  2.09270012
  0.43952931 -0.61000367  2.08010361  2.30956743  0.83399971  0.35414302
  1.26238281 -1.66661196 -0.74899121  0.43180456  0.73067255  0.70540753
  0.83644516  0.19867803 -0.70161535  3.15296828 -0.31196898  1.03310131
  1.47640901 -1.96795298  0.2941699   2.72492408 -1.03804405  0.31462819
  1.88851058  0.09696468 -0.35390489  1.47737955  0.62331843  1.04760775
  1.06608617 -1.44227816  1.70355169  0.63702961 -0.83458341 -0.37017124
  2.31392193 -0.51344973  1.72043596  0.22910881 -0.30894172  1.03623238
  2.09791004 -0.21004557  0.68351525  1.89353889 -1.23876069  1.00663392
  1.27252225 -0.41102652  1.3740585   0.85519815 -1.13691223  0.66600874
  1.0582442  -0.10787847  0.34034995  1.68104181 -0.93416527 -0.02632169] with unbiased energy -173.91084410198894
Removing previous minimum at index 2143 (energy -173.91467428492902) because 
corresponding saddle does not have sufficiently greater energy (-173.84721888548597)
Identified minimum at position [ 2.91550669  1.23635321  0.9259684   1.44990572 -0.71477179  2.42495644
  2.5005208   0.52005623  1.39716654  2.28213385 -1.77262676 -0.40271975
  0.39747981 -1.87355962 -0.04905015  0.61974032  0.42219194  1.75630558
 -0.01627362 -1.34392075  1.36016699  1.45610774 -0.64401713 -1.07353243
  1.6558178  -2.28230978  1.33798344  2.07468291 -1.55367105  2.05444722
 -0.22333966 -1.03762346  0.31979113  2.49029805 -2.0812814   0.6422829
  2.91008611 -1.35526715  1.36044622  2.49991507 -0.73730028 -0.72279151
  0.60698779 -2.17752178  0.99112795  1.66390409  0.31902742  2.09757824
  0.40627773 -0.61228043  2.08055645  2.28341375  0.82924285  0.35787937
  1.23738938 -1.67537762 -0.74747298  0.41085227  0.73138878  0.71135615
  0.82471792  0.19127861 -0.70929171  3.12538162 -0.31593015  1.03644294
  1.44495251 -1.9718433   0.29693033  2.69914094 -1.04236617  0.31959544
  1.86860968  0.08995293 -0.35312333  1.45270727  0.61958573  1.05193727
  1.031245   -1.44408696  1.70362004  0.61798492 -0.83918951 -0.37302303
  2.28418834 -0.51748272  1.72466029  0.20415728 -0.30851634  1.03711706
  2.07382691 -0.21434006  0.6865706   1.86293022 -1.24207791  1.00949815
  1.24445881 -0.41368597  1.37680018  0.82636921 -1.13833918  0.66567761
  1.03946069 -0.11170223  0.34208225  1.65732981 -0.94002965 -0.02447907] with unbiased energy -173.9108059454781
Removing previous minimum at index 2272 (energy -173.91084410198894) because 
corresponding saddle does not have sufficiently greater energy (-173.84700839353027)
Identified minimum at position [ 2.9302575   1.26068703  0.94460339  1.46081243 -0.68459542  2.43061729
  2.51409253  0.53986495  1.39847036  2.29491673 -1.76542948 -0.38884577
  0.41311087 -1.8610164  -0.04456846  0.63082789  0.45338614  1.74543555
 -0.00638625 -1.31690422  1.37492183  1.46388477 -0.62707383 -1.06851745
  1.65955333 -2.25911578  1.35253945  2.08229163 -1.52830408  2.06507913
 -0.21168734 -1.03258124  0.32956474  2.49821991 -2.06705633  0.65975501
  2.91916603 -1.33569856  1.37183914  2.50759816 -0.73310747 -0.71920035
  0.61266656 -2.15189609  1.00176089  1.67292219  0.34681875  2.09545951
  0.41875234 -0.57670009  2.08527243  2.30800738  0.83978759  0.35555831
  1.25424667 -1.66049629 -0.74083212  0.42338728  0.74662893  0.69495428
  0.83276203  0.20825154 -0.69999335  3.13670389 -0.2996498   1.04087802
  1.45544643 -1.95489518  0.30828275  2.70936381 -1.03214039  0.32833268
  1.88294832  0.10252545 -0.35153999  1.46814729  0.64080238  1.04682442
  1.03976836 -1.41608556  1.71348056  0.62936959 -0.8271921  -0.36793298
  2.29429874 -0.49416623  1.72970455  0.21467923 -0.28808576  1.03795025
  2.08645634 -0.19782084  0.68918966  1.87248879 -1.22224206  1.01837041
  1.25552229 -0.38940126  1.3789948   0.83707013 -1.11918505  0.67245972
  1.05079229 -0.09520825  0.34261301  1.66897809 -0.92564374 -0.01833064] with unbiased energy -173.91460530642502
Removing previous minimum at index 2420 (energy -173.9108059454781) because 
corresponding saddle does not have sufficiently greater energy (-173.84766614603782)
Identified minimum at position [ 2.92680682e+00  1.24639250e+00  9.27752610e-01  1.46872649e+00
 -7.43284203e-01  2.41037654e+00  2.51565801e+00  5.02804941e-01
  1.39261153e+00  2.29342541e+00 -1.76444953e+00 -4.33483966e-01
  4.10518220e-01 -1.87358420e+00 -7.42267584e-02  6.35574151e-01
  4.01565916e-01  1.75499410e+00  1.09189310e-03 -1.36172241e+00
  1.34318324e+00  1.46397732e+00 -6.28343502e-01 -1.08506553e+00
  1.67427377e+00 -2.29833893e+00  1.30353263e+00  2.09254128e+00
 -1.57879481e+00  2.02966555e+00 -2.11274162e-01 -1.04422403e+00
  3.07662010e-01  2.50542201e+00 -2.08931480e+00  6.06243395e-01
  2.92536250e+00 -1.37450473e+00  1.33543094e+00  2.51026670e+00
 -7.24100808e-01 -7.37401566e-01  6.24367799e-01 -2.18999783e+00
  9.61410441e-01  1.68080870e+00  2.94282401e-01  2.09227827e+00
  4.24659048e-01 -6.36950996e-01  2.06961485e+00  2.29394356e+00
  8.27412649e-01  3.58982307e-01  1.24703753e+00 -1.66389775e+00
 -7.72768049e-01  4.23129743e-01  7.22838690e-01  7.13613884e-01
  8.28378321e-01  1.99166794e-01 -7.09072304e-01  3.14062096e+00
 -3.31386373e-01  1.02755333e+00  1.45926121e+00 -1.97483800e+00
  2.66631173e-01  2.71165991e+00 -1.04601228e+00  2.99628040e-01
  1.87800453e+00  9.57985302e-02 -3.57503045e-01  1.46574062e+00
  6.07809932e-01  1.05059653e+00  1.04927120e+00 -1.46486474e+00
  1.68183916e+00  6.25992182e-01 -8.34012241e-01 -3.85223682e-01
  2.30020142e+00 -5.39044584e-01  1.71074261e+00  2.17696170e-01
 -3.21732512e-01  1.03046497e+00  2.08571999e+00 -2.22493645e-01
  6.77439881e-01  1.87810643e+00 -1.25468243e+00  9.87936512e-01
  1.25947620e+00 -4.30217867e-01  1.36566706e+00  8.40436567e-01
 -1.14666660e+00  6.48108684e-01  1.04862710e+00 -1.14964163e-01
  3.35040794e-01  1.66832653e+00 -9.38356282e-01 -4.14224909e-02] with unbiased energy -173.90161161920824
Removing previous minimum at index 2559 (energy -173.91460530642502) because 
corresponding saddle does not have sufficiently greater energy (-173.8419320061579)
Identified minimum at position [ 2.93854759  1.25930058  0.93182944  1.48513507 -0.7320184   2.41380767
  2.52849566  0.5111075   1.39076649  2.30750982 -1.76275674 -0.42733072
  0.42661331 -1.87334931 -0.06507338  0.64811856  0.4095788   1.75214086
  0.01810774 -1.35745759  1.3513453   1.4719712  -0.62621021 -1.08070573
  1.69319232 -2.29110669  1.31294046  2.11047294 -1.56813591  2.03629199
 -0.1980978  -1.04552113  0.31503615  2.5225231  -2.0841775   0.61327718
  2.94152529 -1.36587684  1.33971541  2.51961579 -0.7231945  -0.73570442
  0.64273662 -2.18589951  0.97160079  1.69367994  0.30455389  2.0907885
  0.4408184  -0.62782065  2.07281544  2.30789444  0.83101894  0.35616768
  1.26066939 -1.6621618  -0.76541443  0.43312184  0.72491003  0.70901028
  0.83509396  0.2011587  -0.70409546  3.15417878 -0.32384435  1.02831331
  1.47575703 -1.97159919  0.27473529  2.7249398  -1.04208596  0.30288811
  1.88828995  0.09828951 -0.35654095  1.47793138  0.61388418  1.04815533
  1.06674142 -1.45723662  1.68890767  0.63618827 -0.83293454 -0.37933829
  2.31486988 -0.52952478  1.71253796  0.22999056 -0.31801638  1.03196881
  2.09800155 -0.21719929  0.67843459  1.89370189 -1.24861898  0.99310779
  1.27334872 -0.42335514  1.36749944  0.85519772 -1.14334429  0.65405692
  1.05827921 -0.11167042  0.33621581  1.68069162 -0.93529402 -0.03707421] with unbiased energy -173.90095379502498
Removing previous minimum at index 3291 (energy -173.90161161920824) because 
corresponding saddle does not have sufficiently greater energy (-173.83678513226707)
Identified minimum at position [ 2.92253738  1.24090741  0.9208228   1.4672624  -0.64928517  2.45687141
  2.50759271  0.56329198  1.39455703  2.29898706 -1.78547235 -0.33852697
  0.41614707 -1.88218858  0.026608    0.62737572  0.46041031  1.75857648
  0.0049686  -1.31931118  1.40849999  1.46199662 -0.67939583 -1.04117925
  1.68730891 -2.24613166  1.4193179   2.10135412 -1.49170008  2.11087676
 -0.20909283 -1.03400154  0.36154018  2.51660324 -2.05904462  0.71448555
  2.93272393 -1.30633883  1.4073836   2.50638417 -0.76038556 -0.69386799
  0.63617311 -2.16092101  1.07234659  1.67323691  0.3757281   2.10198348
  0.42171468 -0.56614665  2.10813749  2.29097506  0.83639021  0.34652623
  1.25157078 -1.70171354 -0.68076775  0.41260999  0.74044298  0.70666268
  0.83375112  0.16895449 -0.70026229  3.13621097 -0.27578754  1.04850975
  1.46786122 -1.96792073  0.3702009   2.71388114 -1.02961119  0.35778136
  1.87406607  0.07744229 -0.34332264  1.45890047  0.64345528  1.04991637
  1.05476252 -1.40287469  1.75892384  0.62847893 -0.85474303 -0.33359339
  2.29964999 -0.46490065  1.74903214  0.21432257 -0.28909081  1.05536867
  2.08379752 -0.19501528  0.70293673  1.88286426 -1.21421262  1.05766831
  1.25752686 -0.38035761  1.4008466   0.84396089 -1.12706638  0.71308674
  1.04528598 -0.1080224   0.35827457  1.66994306 -0.94368806  0.01588965] with unbiased energy -173.91866466290202
Removing previous minimum at index 3422 (energy -173.90095379502498) because 
corresponding saddle does not have sufficiently greater energy (-173.8394636242699)
Identified minimum at position [ 2.91637792  1.2427844   0.9319829   1.44431195 -0.62410059  2.46330588
  2.49506021  0.57859741  1.40181427  2.28843247 -1.7841779  -0.31916244
  0.40450172 -1.87085485  0.02793679  0.61190768  0.48684444  1.75155543
 -0.01713866 -1.29287115  1.41566667  1.45609174 -0.6726291  -1.0373605
  1.65691497 -2.22703951  1.43510604  2.07488854 -1.47097058  2.12284351
 -0.22092945 -1.02471426  0.36347012  2.49481607 -2.0480949   0.73828656
  2.91196108 -1.28987904  1.42432845  2.49724278 -0.76359318 -0.68549224
  0.60925585 -2.13767876  1.07979472  1.65448369  0.39844354  2.10456193
  0.40107433 -0.53538689  2.11077268  2.29117213  0.84188211  0.34893879
  1.24653483 -1.69469342 -0.6737577   0.40553123  0.75542704  0.69554023
  0.83121766  0.17904401 -0.69855608  3.12123476 -0.26281095  1.05645575
  1.44988049 -1.95503218  0.38280803  2.70040129 -1.02293821  0.37131022
  1.87018696  0.0832881  -0.34073993  1.45050974  0.66001018  1.04925938
  1.02989478 -1.37835913  1.76693383  0.62263802 -0.84719582 -0.33224335
  2.28063522 -0.44605288  1.75798871  0.20086    -0.26982551  1.05485533
  2.07356533 -0.18303745  0.70854623  1.86359368 -1.19806652  1.06846273
  1.24125985 -0.36000605  1.40472419  0.82769359 -1.11041193  0.71791886
  1.03916881 -0.09573343  0.35990925  1.65990936 -0.93499889  0.02326493] with unbiased energy -173.91832278130866
Removing previous minimum at index 4134 (energy -173.91866466290202) because 
corresponding saddle does not have sufficiently greater energy (-173.85307574986268)
Identified minimum at position [ 2.92751373e+00  1.25655836e+00  9.37583990e-01  1.45984477e+00
 -5.89792218e-01  2.47576755e+00  2.50654149e+00  6.01763635e-01
  1.40034142e+00  2.30320238e+00 -1.78445514e+00 -2.91981908e-01
  4.21510373e-01 -1.86877076e+00  5.73818344e-02  6.22610527e-01
  5.11042879e-01  1.74765584e+00 -4.59654274e-04 -1.27472774e+00
  1.43833418e+00  1.46329425e+00 -6.77503876e-01 -1.02360175e+00
  1.67588111e+00 -2.20479235e+00  1.46850508e+00  2.09316721e+00
 -1.43884772e+00  2.14563808e+00 -2.07651358e-01 -1.02170296e+00
  3.82915931e-01  2.51256406e+00 -2.03347373e+00  7.68901854e-01
  2.92855005e+00 -1.26409603e+00  1.44342672e+00  2.50509077e+00
 -7.69103531e-01 -6.74325638e-01  6.27791688e-01 -2.12229962e+00
  1.11267560e+00  1.66534336e+00  4.28575983e-01  2.10451593e+00
  4.16271593e-01 -5.06494854e-01  2.12165071e+00  2.30637972e+00
  8.48632199e-01  3.43698555e-01  1.26137536e+00 -1.69701065e+00
 -6.47370603e-01  4.13904097e-01  7.63444192e-01  6.87573784e-01
  8.39091506e-01  1.78131360e-01 -6.90771995e-01  3.13335535e+00
 -2.41729230e-01  1.06099215e+00  1.46693527e+00 -1.94644205e+00
  4.12685734e-01  2.71338470e+00 -1.01358661e+00  3.87132217e-01
  1.88015979e+00  8.42567696e-02 -3.36648275e-01  1.46207572e+00
  6.76087947e-01  1.04664021e+00  1.04707083e+00 -1.35342412e+00
  1.78979252e+00  6.33360424e-01 -8.47509893e-01 -3.15315874e-01
  2.29452309e+00 -4.18275779e-01  1.76724731e+00  2.12127246e-01
 -2.55961938e-01  1.06140075e+00  2.08529231e+00 -1.69660946e-01
  7.14753509e-01  1.87910195e+00 -1.18026898e+00  1.08814007e+00
  1.25428791e+00 -3.39355771e-01  1.41351917e+00  8.42396060e-01
 -1.09922721e+00  7.37431633e-01  1.04828131e+00 -8.80169193e-02
  3.65844179e-01  1.67224051e+00 -9.30038548e-01  3.97837191e-02] with unbiased energy -173.91240193138717
Removing previous minimum at index 4281 (energy -173.91832278130866) because 
corresponding saddle does not have sufficiently greater energy (-173.85461067329862)
Identified minimum at position [ 2.93831633  1.26620246  0.93906985  1.47885797 -0.62141988  2.46158777
  2.52187859  0.58226012  1.39656183  2.31365582 -1.77784675 -0.32566081
  0.43367511 -1.86982908  0.03013153  0.63886213  0.48892893  1.74740541
  0.01656407 -1.29422129  1.42092545  1.47084988 -0.6618392  -1.03661807
  1.69353751 -2.2240813   1.43221648  2.11060961 -1.46766989  2.12028767
 -0.19603235 -1.02895826  0.37007413  2.52682109 -2.0447785   0.73060803
  2.9434318  -1.28700009  1.41779298  2.51522067 -0.75592703 -0.69066794
  0.64435249 -2.13701163  1.08120981  1.6826711   0.40135382  2.10013195
  0.43484566 -0.53330474  2.11117692  2.31639162  0.84637071  0.34506887
  1.27003903 -1.68632025 -0.67514105  0.42624537  0.75445599  0.69057494
  0.84251817  0.18618045 -0.6908073   3.14856148 -0.25960962  1.05250185
  1.48043887 -1.95140123  0.38020367  2.72564561 -1.01936872  0.36591672
  1.88941334  0.09006441 -0.34178286  1.47526377  0.66327291  1.04560469
  1.06480155 -1.37684392  1.76734271  0.64100673 -0.84247495 -0.32868477
  2.3107816  -0.4427504   1.75365592  0.22582906 -0.27019439  1.05491892
  2.09765803 -0.17916403  0.70545021  1.89400048 -1.19522051  1.06563107
  1.26960294 -0.35774184  1.4024764   0.85613335 -1.10901488  0.71891398
  1.05811385 -0.09209768  0.3587859   1.6830185  -0.92942796  0.02150089] with unbiased energy -173.91842913796324
Removing previous minimum at index 4423 (energy -173.91240193138717) because 
corresponding saddle does not have sufficiently greater energy (-173.8501899181023)
Identified minimum at position [ 2.93861332  1.26777064  0.94039099  1.47810515 -0.59976405  2.47047934
  2.52098162  0.59618286  1.39732443  2.31513889 -1.78026107 -0.30568398
  0.43533891 -1.86878624  0.04898402  0.63740671  0.50419648  1.74628116
  0.01669868 -1.28174583  1.43434916  1.47082777 -0.66868618 -1.02773209
  1.69415407 -2.21050635  1.4552384   2.11118122 -1.44772373  2.1362004
 -0.19533644 -1.02549947  0.38094021  2.52809972 -2.03644114  0.75326843
  2.94424726 -1.27118789  1.43251001  2.51460684 -0.7621649  -0.68164094
  0.6451584  -2.12711625  1.10258113  1.68094468  0.42016841  2.10163558
  0.43410294 -0.514903    2.11836875  2.31831103  0.84929501  0.34288008
  1.27207818 -1.69067874 -0.65724026  0.42518445  0.76001891  0.68700231
  0.84410855  0.18320572 -0.6881036   3.14785846 -0.24696506  1.05677156
  1.48171698 -1.94702609  0.40081126  2.72609818 -1.01456798  0.37808782
  1.88984683  0.08842345 -0.33874925  1.47507666  0.67274874  1.04515109
  1.06489506 -1.36094821  1.78240712  0.64214824 -0.84421004 -0.31853392
  2.31037132 -0.42567137  1.76123415  0.2253201  -0.26090664  1.05933795
  2.09780441 -0.17171474  0.71059457  1.89444508 -1.18453356  1.07958237
  1.26920187 -0.34493011  1.40912621  0.85666164 -1.1021301   0.73158645
  1.05826771 -0.08826202  0.36321901  1.68372103 -0.92807905  0.03301699] with unbiased energy -173.91129230631742
Removing previous minimum at index 4560 (energy -173.91842913796324) because 
corresponding saddle does not have sufficiently greater energy (-173.85565636614157)
Identified minimum at position [ 2.916528    1.24412765  0.93320049  1.4427741  -0.60238781  2.47217872
  2.49360423  0.59260656  1.40275174  2.28979487 -1.78660803 -0.2988832
  0.40597257 -1.86995545  0.04661328  0.60984629  0.50207504  1.75032734
 -0.0175208  -1.28055871  1.42874141  1.45603096 -0.67960563 -1.02844285
  1.65707511 -2.21344388  1.4582442   2.07482097 -1.45092356  2.1388987
 -0.22050214 -1.02139374  0.37393309  2.49577978 -2.03963903  0.76125421
  2.91227826 -1.2738705   1.4393323   2.49652855 -0.76990818 -0.67624277
  0.60967224 -2.12789063  1.10102967  1.65207038  0.41733658  2.10607111
  0.39960764 -0.51708449  2.11775349  2.29282947  0.84475207  0.34687829
  1.24854196 -1.69918195 -0.65579481  0.40415277  0.76100542  0.6918606
  0.83272157  0.17591762 -0.69601911  3.12009835 -0.25000427  1.06094882
  1.45089845 -1.95071959  0.40348627  2.70056339 -1.01802299  0.38370735
  1.87043577  0.0815254  -0.33759724  1.44983037  0.6694773   1.0487477
  1.0294029  -1.36249741  1.78191484  0.62362773 -0.84910892 -0.32228066
  2.27959439 -0.42886733  1.76570284  0.19990481 -0.26062267  1.05904591
  2.07327268 -0.17559     0.71379045  1.86358868 -1.18735572  1.08250004
  1.24028827 -0.34720484  1.41132242  0.82784702 -1.1036208   0.73045562
  1.03893721 -0.09198219  0.3642374   1.6603682  -0.93373205  0.03483778] with unbiased energy -173.91118342517885
Removing previous minimum at index 4690 (energy -173.91129230631742) because 
corresponding saddle does not have sufficiently greater energy (-173.84485608151257)
Identified minimum at position [ 2.91901169  1.24816265  0.93545678  1.44476617 -0.57803985  2.48157685
  2.49487047  0.60853996  1.40311081  2.29390331 -1.78829955 -0.27724099
  0.41063519 -1.86853128  0.06734999  0.61043988  0.51921844  1.74840146
 -0.01441658 -1.26682146  1.44368189  1.45746686 -0.68585778 -1.01852968
  1.66101136 -2.19781991  1.48322933  2.07850159 -1.42828186  2.15605276
 -0.21743075 -1.01799305  0.38621047  2.50013899 -2.02963344  0.78561362
  2.91591794 -1.25569831  1.45492771  2.49757063 -0.77589612 -0.66658701
  0.61373243 -2.11664196  1.12443874  1.65240962  0.43854983  2.10714004
  0.40159306 -0.49646491  2.12538242  2.29740696  0.8484548   0.34419381
  1.25320679 -1.70288653 -0.63619825  0.40485308  0.76713767  0.68720965
  0.83554265  0.17345414 -0.69235966  3.1216992  -0.23544447  1.06528477
  1.45516989 -1.9452303   0.42589603  2.7033403  -1.01201415  0.39670542
  1.87273469  0.0804644  -0.33423224  1.45174094  0.68035457  1.04780604
  1.03251087 -1.34459127  1.79831169  0.62662561 -0.85049054 -0.31091475
  2.28161397 -0.40943735  1.77354269  0.20146859 -0.25034418  1.06365298
  2.07543021 -0.16683315  0.71916104  1.86674239 -1.17501414  1.09753124
  1.24218899 -0.33268568  1.41824907  0.8309727  -1.0957151   0.7443134
  1.04062074 -0.08726728  0.36884329  1.66325717 -0.93149022  0.04736062] with unbiased energy -173.9016413821754
Removing previous minimum at index 5434 (energy -173.91118342517885) because 
corresponding saddle does not have sufficiently greater energy (-173.83688366354352)
Identified minimum at position [ 2.93682201  1.26716979  0.94112894  1.4738717  -0.57636683  2.48014084
  2.51731541  0.61110483  1.39856378  2.31439748 -1.78324803 -0.2831947
  0.43440647 -1.86763006  0.06930658  0.63310606  0.52054603  1.7453599
  0.01359581 -1.2680303   1.44829438  1.46939651 -0.67710447 -1.01806385
  1.691377   -2.19577387  1.48049351  2.10836908 -1.42611526  2.15360974
 -0.19696534 -1.02128715  0.39205445  2.52649164 -2.02734195  0.77866375
  2.94210528 -1.25395008  1.44903236  2.51220751 -0.76960858 -0.67120466
  0.64273475 -2.11627517  1.12563086  1.67623137  0.44041189  2.10357626
  0.42995297 -0.49510763  2.12599191  2.3179336   0.85204743  0.34087704
  1.27211569 -1.69607204 -0.63753928  0.42197386  0.76612948  0.68358462
  0.84472811  0.17927222 -0.6859341   3.14439062 -0.2333274   1.06167771
  1.48023423 -1.94241302  0.42349806  2.72414117 -1.00945219  0.39185626
  1.88842488  0.08599992 -0.33528616  1.47238625  0.68273838  1.04500069
  1.06162666 -1.34368842  1.79863326  0.64161874 -0.84651831 -0.30781899
  2.3069251  -0.40724551  1.76975282  0.22228649 -0.25078943  1.06406988
  2.09550804 -0.16390495  0.71645204  1.89198812 -1.17301169  1.09497417
  1.26593519 -0.33115772  1.41648113  0.85449194 -1.09468631  0.74523048
  1.05645688 -0.08439972  0.36809482  1.68223806 -0.92702737  0.04574253] with unbiased energy -173.90172551977503
Removing previous minimum at index 6132 (energy -173.9016413821754) because 
corresponding saddle does not have sufficiently greater energy (-173.83902397556517)
Identified minimum at position [ 2.92804010e+00  1.25856275e+00  9.39219787e-01  1.45869897e+00
 -5.62925648e-01  2.48640620e+00  2.50530214e+00  6.19137862e-01
  1.40118115e+00  2.30521587e+00 -1.78696973e+00 -2.67121843e-01
  4.23722875e-01 -1.86724289e+00  8.05530809e-02  6.20613704e-01
  5.29801980e-01  1.74601370e+00 -3.21068830e-04 -1.25928897e+00
  1.45452593e+00  1.46338230e+00 -6.85744167e-01 -1.01250119e+00
  1.67672033e+00 -2.18760306e+00  1.49671863e+00  2.09381229e+00
 -1.41386914e+00  2.16498673e+00 -2.06733671e-01 -1.01737180e+00
  3.96088102e-01  2.51426764e+00 -2.02257424e+00  7.96841705e-01
  2.92952671e+00 -1.24406812e+00  1.46138694e+00  2.50443113e+00
 -7.76628630e-01 -6.62954718e-01  6.28887120e-01 -2.10981798e+00
  1.13881045e+00  1.66298722e+00  4.51875371e-01  2.10615714e+00
  4.15157978e-01 -4.83805605e-01  2.13015825e+00  2.30883017e+00
  8.52231202e-01  3.41070417e-01  1.26411401e+00 -1.70205336e+00
 -6.25186160e-01  4.12576173e-01  7.70261259e-01  6.83040765e-01
  8.41086910e-01  1.74502537e-01 -6.87455103e-01  3.13243330e+00
 -2.25828510e-01  1.06610369e+00  1.46864336e+00 -1.94066766e+00
  4.38068228e-01  2.71396918e+00 -1.00725033e+00  4.02170931e-01
  1.88075071e+00  8.22746095e-02 -3.32755324e-01  1.46173757e+00
  6.87784228e-01  1.04605659e+00  1.04712280e+00 -1.33361289e+00
  1.80809545e+00  6.34838302e-01 -8.49558884e-01 -3.02812306e-01
  2.29383607e+00 -3.96941682e-01  1.77637412e+00  2.11406339e-01
 -2.44524621e-01  1.06663270e+00  2.08532015e+00 -1.60344231e-01
  7.21070112e-01  1.87962338e+00 -1.16678569e+00  1.10522191e+00
  1.25362759e+00 -3.23455778e-01  1.42153605e+00  8.43057783e-01
 -1.09056883e+00  7.52913895e-01  1.04835163e+00 -8.32204180e-02
  3.71223208e-01  1.67314500e+00 -9.28154329e-01  5.40198253e-02] with unbiased energy -173.89684492939614
Removing previous minimum at index 6411 (energy -173.90172551977503) because 
corresponding saddle does not have sufficiently greater energy (-173.83955017513625)
Identified minimum at position [ 2.93965865  1.27131341  0.94300364  1.47711904 -0.55609366  2.48796696
  2.51965701  0.62423374  1.398541    2.31841    -1.78456705 -0.26535442
  0.43897336 -1.86625276  0.08716842  0.6349042   0.53480783  1.74378846
  0.01741875 -1.25639162  1.46126996  1.47101971 -0.68228173 -1.00954105
  1.69589476 -2.18267001  1.50129771  2.11288467 -1.40726156  2.16773813
 -0.19362261 -1.01826243  0.4029704   2.53108948 -2.01901948  0.79862354
  2.94634726 -1.23897859  1.46160149  2.51366241 -0.77454243 -0.66321976
  0.64722461 -2.10675312  1.14556424  1.67794793  0.45798001  2.10436316
  0.43309767 -0.47779654  2.1325862   2.32259278  0.85511225  0.33848679
  1.27640302 -1.69902194 -0.62094935  0.42342486  0.77107171  0.67977288
  0.84751053  0.17724114 -0.68248533  3.14688339 -0.22143442  1.06492781
  1.48463636 -1.9377429   0.44229577  2.72735447 -1.00453878  0.4024478
  1.89102922  0.08512231 -0.33246274  1.47513168  0.69172402  1.04427866
  1.0655639  -1.32869126  1.81249545  0.64467177 -0.84749603 -0.29782423
  2.30997903 -0.3911655   1.77606261  0.22465494 -0.2421776   1.06820109
  2.09837832 -0.15667581  0.72084773  1.89574254 -1.16273911  1.10746146
  1.26878014 -0.31908758  1.42234943  0.85808867 -1.08802381  0.75711584
  1.05883715 -0.08047838  0.37218579  1.68541738 -0.9251202   0.05628554] with unbiased energy -173.8862098951545
Removing previous minimum at index 6552 (energy -173.89684492939614) because 
corresponding saddle does not have sufficiently greater energy (-173.83816372093)
Identified minimum at position [ 2.91721052  1.24715292  0.93557317  1.44003298 -0.5581608   2.4898345
  2.49098436  0.62113329  1.404374    2.29275411 -1.79100724 -0.25745412
  0.40914056 -1.86772695  0.0848988   0.60594705  0.53290455  1.74761996
 -0.01796333 -1.25530459  1.45523531  1.4560884  -0.69369844 -1.00996602
  1.65779836 -2.18528432  1.50507773  2.07512148 -1.40982809  2.17109503
 -0.21941586 -1.01438161  0.39537178  2.49805641 -2.02178113  0.80776539
  2.91326878 -1.24089316  1.46934482  2.49530021 -0.78260933 -0.65712547
  0.61085949 -2.10756598  1.14423988  1.64749476  0.45568794  2.10886534
  0.39697854 -0.47982593  2.13169386  2.29651315  0.85048439  0.34273697
  1.25274483 -1.70794299 -0.6189344   0.40164328  0.77218957  0.68435837
  0.83594537  0.16950724 -0.69072068  3.11809452 -0.22384904  1.06965536
  1.4532119  -1.941494    0.44560955  2.70113198 -1.00764804  0.40881849
  1.87117081  0.07788646 -0.33098658  1.44874851  0.6886005   1.04777749
  1.02876367 -1.32999624  1.81218133  0.625781   -0.85285091 -0.3017196
  2.27777376 -0.39378127  1.78099564  0.19820485 -0.24189081  1.06753145
  2.07282118 -0.16041934  0.72439402  1.86386574 -1.16529901  1.11088835
  1.23856274 -0.3211377   1.42459994  0.82841365 -1.08958855  0.75600602
  1.03860414 -0.08432698  0.3730878   1.66148189 -0.9309479   0.05850725] with unbiased energy -173.8862042763839
Removing previous minimum at index 6696 (energy -173.8862098951545) because 
corresponding saddle does not have sufficiently greater energy (-173.82985787679632)
Identified minimum at position [ 2.9070227   1.23203512  0.92784636  1.42957304 -0.63937761  2.45854651
  2.4842498   0.56770677  1.40405967  2.27646864 -1.78572962 -0.32879646
  0.39054992 -1.87176739  0.01495231  0.60125545  0.47611009  1.75408041
 -0.03216948 -1.29995981  1.40477648  1.44996809 -0.67311657 -1.04307974
  1.64001966 -2.23714855  1.42176405  2.05862885 -1.48546306  2.11387549
 -0.2322354  -1.02477166  0.35367343  2.47973179 -2.05515445  0.72748741
  2.8975895  -1.30159307  1.41802634  2.49007466 -0.76333542 -0.68867305
  0.59297365 -2.14415763  1.0655274   1.64339744  0.38482515  2.10585324
  0.38670942 -0.54796867  2.10602025  2.27930225  0.83773453  0.35241251
  1.2349871  -1.69561216 -0.68443557  0.39755694  0.75221861  0.69993273
  0.82557589  0.17776112 -0.70342482  3.11000938 -0.27267777  1.05561192
  1.43549894 -1.95949841  0.37094076  2.68928363 -1.02794073  0.36616297
  1.86194678  0.08112998 -0.34199449  1.44025831  0.65231485  1.05148127
  1.01430729 -1.38921817  1.75720817  0.6141112  -0.84803283 -0.34002343
  2.26783929 -0.45874991  1.75533873  0.19049296 -0.2755178   1.0520221
  2.06346996 -0.18977549  0.70690884  1.8499697  -1.20631856  1.06098813
  1.22932471 -0.36934192  1.40171132  0.81492257 -1.11541546  0.70953287
  1.03161632 -0.09996101  0.35797916  1.64961074 -0.93851325  0.0169268 ] with unbiased energy -173.90531230806255
Removing previous minimum at index 6843 (energy -173.8862042763839) because 
corresponding saddle does not have sufficiently greater energy (-173.82141181788978)
Identified minimum at position [ 2.94906876  1.27725754  0.94197599  1.4946154  -0.63439991  2.45486028
  2.5351732   0.57456647  1.3943204   2.32432968 -1.77324772 -0.34159343
  0.44590284 -1.86935019  0.01775162  0.65227434  0.48049107  1.74558808
  0.03133521 -1.30209381  1.4140976   1.47814236 -0.65151767 -1.04201519
  1.7086575  -2.23140546  1.41537218  2.12568585 -1.47942553  2.10845874
 -0.18505668 -1.03281581  0.36544749  2.53996374 -2.04870571  0.71240576
  2.95682549 -1.29627058  1.40535868  2.52433387 -0.74828799 -0.69870658
  0.65886163 -2.14238582  1.0669961   1.69657332  0.3903333   2.0972487
  0.45043145 -0.54361192  2.10621485  2.32784668  0.84643784  0.34531306
  1.27983772 -1.67884753 -0.68798757  0.43715049  0.75076523  0.68979332
  0.84714262  0.19219818 -0.68864808  3.16181147 -0.26673245  1.04821896
  1.49317418 -1.95217838  0.36509721  2.73708918 -1.02095993  0.35568095
  1.89882231  0.09453601 -0.34399234  1.4874001   0.65880906  1.04430098
  1.07995193 -1.38614725  1.75723448  0.64907179 -0.83852219 -0.33394619
  2.32467661 -0.45260186  1.74693636  0.23778711 -0.2758821   1.05154831
  2.10918551 -0.18223677  0.70089006  1.90729763 -1.20075435  1.055083
  1.28287082 -0.36482011  1.39700302  0.8686568  -1.11239853  0.71066542
  1.06768384 -0.09263996  0.35546467  1.69348104 -0.92747619  0.01309646] with unbiased energy -173.9059456545563
Removing previous minimum at index 10759 (energy -173.90531230806255) because 
corresponding saddle does not have sufficiently greater energy (-173.82991076776645)
Identified minimum at position [ 2.94803481  1.27573814  0.94012714  1.4936879  -0.61295517  2.46519006
  2.53249584  0.58907425  1.39520632  2.32687641 -1.77752241 -0.31893625
  0.44834152 -1.87122052  0.04080317  0.64953939  0.49302825  1.74637041
  0.03248862 -1.29316034  1.42811693  1.47821537 -0.66305633 -1.03175372
  1.71256968 -2.21887645  1.44197414  2.12794652 -1.4587373   2.1269088
 -0.1840835  -1.03065282  0.37717524  2.54368297 -2.0405671   0.73794737
  2.95893324 -1.27908616  1.42211018  2.52380247 -0.75661493 -0.6882728
  0.66262248 -2.13587592  1.09205841  1.69387992  0.40888973  2.09965575
  0.44918711 -0.52837503  2.11445035  2.32685553  0.84835601  0.34290066
  1.28222385 -1.68713502 -0.66653622  0.43451182  0.75426904  0.68847059
  0.84847055  0.18505077 -0.68657044  3.1604451  -0.25270368  1.05299448
  1.49627907 -1.95013886  0.38909737  2.73803815 -1.01638421  0.36950065
  1.89795814  0.09031083 -0.34049303  1.48529799  0.66673377  1.04457594
  1.08139963 -1.37206067  1.77452857  0.65020275 -0.84325406 -0.32202988
  2.32419159 -0.43495098  1.75577141  0.23685607 -0.26910404  1.05701975
  2.1085726  -0.1756764   0.70695911  1.90876962 -1.19098808  1.07121931
  1.28215933 -0.35355984  1.40502748  0.8699152  -1.10796373  0.72543588
  1.06693646 -0.09112601  0.36089974  1.69437209 -0.92841739  0.02651894] with unbiased energy -173.90045125042835
Removing previous minimum at index 11716 (energy -173.9059456545563) because 
corresponding saddle does not have sufficiently greater energy (-173.82917600389914)
Identified minimum at position [ 2.91542397  1.23507663  0.92480015  1.45097603 -0.73532276  2.41579654
  2.50173256  0.50681906  1.39603902  2.2807357  -1.76944355 -0.42164683
  0.39589164 -1.87364029 -0.0668692   0.62140362  0.40750733  1.75707813
 -0.01624423 -1.35517087  1.34718011  1.45616965 -0.63700858 -1.08168707
  1.65530584 -2.2943594   1.31544696  2.07442569 -1.57220534  2.03836868
 -0.22391189 -1.04029719  0.30966229  2.48914091 -2.0882077   0.62027653
  2.90951921 -1.36972737  1.34555507  2.50054016 -0.73108693 -0.73112687
  0.60625791 -2.18600975  0.97050067  1.6658938   0.30094291  2.09578849
  0.40728792 -0.62960381  2.07328336  2.28180328  0.8263691   0.3600592
  1.23542394 -1.67035186 -0.7643358   0.41214004  0.72595859  0.71479322
  0.82325344  0.19438036 -0.71167273  3.12626383 -0.32784398  1.03163286
  1.44374394 -1.97509008  0.27716618  2.69880213 -1.04640897  0.30776275
  1.86833054  0.09166256 -0.35582336  1.45324206  0.6104001   1.05261353
  1.03133876 -1.45871333  1.68878808  0.61696617 -0.83701615 -0.38234134
  2.2848299  -0.53356902  1.71676385  0.20483034 -0.31717241  1.03287693
  2.07380345 -0.22131432  0.68149012  1.86264092 -1.25173606  0.99582391
  1.24505189 -0.4257414   1.37021974  0.82597857 -1.14432038  0.65356378
  1.03952604 -0.11510885  0.33796705  1.65672805 -0.94079632 -0.03539437] with unbiased energy -173.90093241463882
Removing previous minimum at index 14591 (energy -173.90045125042835) because 
corresponding saddle does not have sufficiently greater energy (-173.82610815382645)
Identified minimum at position [ 2.94479071  1.27221869  0.93747243  1.49390183 -0.58972573  2.47609706
  2.53150873  0.60130821  1.39277757  2.32123166 -1.78292753 -0.29709078
  0.44259422 -1.87184587  0.06841034  0.64874237  0.50888478  1.74816797
  0.03041754 -1.2792703   1.44711422  1.47423366 -0.6779983  -1.0201414
  1.71092662 -2.20585188  1.46971108  2.12793864 -1.43852241  2.14528691
 -0.1875675  -1.02515703  0.39357607  2.54037568 -2.03448225  0.76178028
  2.95758163 -1.26594147  1.43674638  2.51975139 -0.76612825 -0.67738539
  0.65996932 -2.12645318  1.12151987  1.6940441   0.42814293  2.10080729
  0.44854749 -0.50854751  2.12558463  2.32398031  0.84993153  0.33853782
  1.27556924 -1.69758958 -0.64279693  0.43104197  0.75903949  0.68797513
  0.84833788  0.17645891 -0.68480808  3.15845463 -0.24331126  1.05593657
  1.49191701 -1.94827165  0.41476813  2.73488024 -1.01391693  0.38196574
  1.89453475  0.08448227 -0.33717885  1.48350588  0.67483656  1.04427849
  1.08025549 -1.35558553  1.79411748  0.64682866 -0.84855161 -0.30793489
  2.32352417 -0.41880701  1.76319475  0.23460917 -0.25907799  1.06512867
  2.10624494 -0.17028258  0.71222678  1.90655451 -1.18178844  1.087418
  1.28062885 -0.34114141  1.41377707  0.86696028 -1.10209787  0.74264129
  1.0641448  -0.08953238  0.36708869  1.69060999 -0.93051537  0.04058031] with unbiased energy -173.89315952286074
Removing previous minimum at index 18010 (energy -173.90093241463882) because 
corresponding saddle does not have sufficiently greater energy (-173.82284662659072)
