Starting run 1588
Identified minimum at [0.6234994  0.02803776] with energy -108.16672411685238
Identified minimum at [-0.05001085  0.46669411] with energy -80.76781812965893
Identified minimum at [-0.55822363  1.44172584] with energy -146.69951720995402
Simulation completed.


Energies of found minima:
Minimum 1: Position = [0.6234994  0.02803776], Energy = -108.16672411685238
Minimum 2: Position = [-0.05001085  0.46669411], Energy = -80.76781812965893
Minimum 3: Position = [-0.55822363  1.44172584], Energy = -146.69951720995402

Approximate saddle points between minima:
Saddle 1: Position = [0.17692835 0.22256248], Energy = -71.91321462851624
Saddle 2: Position = [-0.82980007  0.56642172], Energy = -40.23054246066671

Computational statistics:
	Total energy calls: 64545
	Energy calls at each min: [1, 8953, 64545]
	Total force calls: 64545
	Force calls at each min: [1, 8953, 64545]
	Total steps: 67917

Verification against reference:
True minima found: 3/3

Verification against reference (saddles):
True saddles found: 0/2
Missed saddles at positions:
[0.21248658 0.29298833]
[-0.82200156  0.6243128 ]
Starting run 984
Identified minimum at [0.6234994  0.02803776] with energy -108.16672411685238
Identified minimum at [-0.05001079  0.46669411] with energy -80.76781812965888
Identified minimum at [-0.55822362  1.44172585] with energy -146.6995172099539
Simulation completed.


Energies of found minima:
Minimum 1: Position = [0.6234994  0.02803776], Energy = -108.16672411685238
Minimum 2: Position = [-0.05001079  0.46669411], Energy = -80.76781812965888
Minimum 3: Position = [-0.55822362  1.44172585], Energy = -146.6995172099539

Approximate saddle points between minima:
Saddle 1: Position = [0.15124918 0.17346527], Energy = -71.10401219079294
Saddle 2: Position = [-0.82946113  0.56548267], Energy = -40.227074545283784

Computational statistics:
	Total energy calls: 25735
	Energy calls at each min: [1, 5673, 25735]
	Total force calls: 25735
	Force calls at each min: [1, 5673, 25735]
	Total steps: 27140

Verification against reference:
True minima found: 3/3

Verification against reference (saddles):
True saddles found: 0/2
Missed saddles at positions:
[0.21248658 0.29298833]
[-0.82200156  0.6243128 ]
