Starting run 776
Identified minimum at [0.6234994  0.02803776] with energy -108.16672411685238
Identified minimum at [-0.05001087  0.46669411] with energy -80.7678181296588
Identified minimum at [-0.55822363  1.44172585] with energy -146.699517209954
Simulation completed.


Energies of found minima:
Minimum 1: Position = [0.6234994  0.02803776], Energy = -108.16672411685238
Minimum 2: Position = [-0.05001087  0.46669411], Energy = -80.7678181296588
Minimum 3: Position = [-0.55822363  1.44172585], Energy = -146.699517209954

Approximate saddle points between minima:
Saddle 1: Position = [0.19562374 0.26038746], Energy = -72.16269890446195
Saddle 2: Position = [-0.83698112  0.62997447], Energy = -40.743466372060524

Computational statistics:
	Total energy calls: 121201
	Energy calls at each min: [1, 20923, 121201]
	Total force calls: 121201
	Force calls at each min: [1, 20923, 121201]
	Total steps: 126836

Verification against reference:
True minima found: 3/3

Verification against reference (saddles):
True saddles found: 2/2
Starting run 1870
Identified minimum at [0.6234994  0.02803776] with energy -108.16672411685238
Identified minimum at [-0.0529654   0.46742896] with energy -80.76670613865215
Identified minimum at [-0.55822361  1.44172588] with energy -146.69951720995346
Simulation completed.


Energies of found minima:
Minimum 1: Position = [0.6234994  0.02803776], Energy = -108.16672411685238
Minimum 2: Position = [-0.0529654   0.46742896], Energy = -80.76670613865215
Minimum 3: Position = [-0.55822361  1.44172588], Energy = -146.69951720995346

Approximate saddle points between minima:
Saddle 1: Position = [0.16441011 0.27531629], Energy = -71.6426469325217
Saddle 2: Position = [-0.82527382  0.59450705], Energy = -40.58881841812075

Computational statistics:
	Total energy calls: 12592
	Energy calls at each min: [1, 3366, 12592]
	Total force calls: 12592
	Force calls at each min: [1, 3366, 12592]
	Total steps: 13176

Verification against reference:
True minima found: 2/3
Missed minima at positions:
[-0.05001082  0.4666941 ]

Verification against reference (saddles):
True saddles found: 1/2
Missed saddles at positions:
[0.21248658 0.29298833]
