Starting run 1708
Identified minimum at [0.6234994  0.02803776] with energy -108.16672411685238
Identified minimum at [-0.0500341   0.46670009] with energy -80.76781805970339
Identified minimum at [-0.55822364  1.44172583] with energy -146.69951720995397
Simulation completed.


Energies of found minima:
Minimum 1: Position = [0.6234994  0.02803776], Energy = -108.16672411685238
Minimum 2: Position = [-0.0500341   0.46670009], Energy = -80.76781805970339
Minimum 3: Position = [-0.55822364  1.44172583], Energy = -146.69951720995397

Approximate saddle points between minima:
Saddle 1: Position = [0.20260066 0.3018435 ], Energy = -72.30192331858228
Saddle 2: Position = [-0.82543706  0.61381928], Energy = -40.644706461711316

Computational statistics:
	Total energy calls: 18292
	Energy calls at each min: [1, 2653, 18292]
	Total force calls: 18292
	Force calls at each min: [1, 2653, 18292]
	Total steps: 19159

Verification against reference:
True minima found: 3/3

Verification against reference (saddles):
True saddles found: 2/2
Starting run 450
Identified minimum at [0.6234994  0.02803776] with energy -108.16672411685238
Identified minimum at [-0.55822006  1.44173038] with energy -146.69951720225532
Simulation completed.


Energies of found minima:
Minimum 1: Position = [0.6234994  0.02803776], Energy = -108.16672411685238
Minimum 2: Position = [-0.55822006  1.44173038], Energy = -146.69951720225532

Approximate saddle points between minima:
Saddle 1: Position = [-0.86276947  0.61032558], Energy = -40.5083277392207

Computational statistics:
	Total energy calls: 708053
	Energy calls at each min: [1, 13257]
	Total force calls: 708053
	Force calls at each min: [1, 13257]
	Total steps: 733331

Verification against reference:
True minima found: 2/3
Missed minima at positions:
[-0.05001082  0.4666941 ]

Verification against reference (saddles):
True saddles found: 1/2
Missed saddles at positions:
[0.21248658 0.29298833]
