Starting run 276
Identified minimum at [0.6234994  0.02803776] with energy -108.16672411685238
Identified minimum at [-0.55822358  1.4417259 ] with energy -146.69951720995272
Simulation completed.


Energies of found minima:
Minimum 1: Position = [0.6234994  0.02803776], Energy = -108.16672411685238
Minimum 2: Position = [-0.55822358  1.4417259 ], Energy = -146.69951720995272

Approximate saddle points between minima:
Saddle 1: Position = [-0.82168342  0.59110234], Energy = -40.6403308942776

Computational statistics:
	Total energy calls: 695366
	Energy calls at each min: [1, 24188]
	Total force calls: 695366
	Force calls at each min: [1, 24188]
	Total steps: 718410

Verification against reference:
True minima found: 2/3
Missed minima at positions:
[-0.05001082  0.4666941 ]

Verification against reference (saddles):
True saddles found: 1/2
Missed saddles at positions:
[0.21248658 0.29298833]
Starting run 1379
Identified minimum at [0.6234994  0.02803776] with energy -108.16672411685238
Identified minimum at [-0.05001082  0.4666941 ] with energy -80.76781812965902
Identified minimum at [-0.55822363  1.44172584] with energy -146.69951720995402
Simulation completed.


Energies of found minima:
Minimum 1: Position = [0.6234994  0.02803776], Energy = -108.16672411685238
Minimum 2: Position = [-0.05001082  0.4666941 ], Energy = -80.76781812965902
Minimum 3: Position = [-0.55822363  1.44172584], Energy = -146.69951720995402

Approximate saddle points between minima:
Saddle 1: Position = [-0.191046    0.41137584], Energy = -75.3325358359244
Saddle 2: Position = [0.22761103 0.38751469], Energy = -72.52570422630717

Computational statistics:
	Total energy calls: 4660
	Energy calls at each min: [1, 3705, 4660]
	Total force calls: 4660
	Force calls at each min: [1, 3705, 4660]
	Total steps: 2665

Verification against reference:
True minima found: 3/3

Verification against reference (saddles):
True saddles found: 0/2
Missed saddles at positions:
[0.21248658 0.29298833]
[-0.82200156  0.6243128 ]
