Starting run 939
Identified minimum at [0.6234994  0.02803776] with energy -108.16672411685238
Identified minimum at [-0.05001206  0.46669441] with energy -80.76781812946454
Identified minimum at [-0.55822363  1.44172584] with energy -146.69951720995402
Simulation completed.


Energies of found minima:
Minimum 1: Position = [0.6234994  0.02803776], Energy = -108.16672411685238
Minimum 2: Position = [-0.05001206  0.46669441], Energy = -80.76781812946454
Minimum 3: Position = [-0.55822363  1.44172584], Energy = -146.69951720995402

Approximate saddle points between minima:
Saddle 1: Position = [0.23225298 0.38262938], Energy = -72.2921455134931
Saddle 2: Position = [-0.28543444  0.48598147], Energy = -74.92284325494468

Computational statistics:
	Total energy calls: 2153
	Energy calls at each min: [1, 1771, 2153]
	Total force calls: 2153
	Force calls at each min: [1, 1771, 2153]
	Total steps: 1294

Verification against reference:
True minima found: 3/3

Verification against reference (saddles):
True saddles found: 0/2
Missed saddles at positions:
[0.21248658 0.29298833]
[-0.82200156  0.6243128 ]
Starting run 825
Identified minimum at [0.6234994  0.02803776] with energy -108.16672411685238
Identified minimum at [-0.55818638  1.44177686] with energy -146.69951621854332
Desired error not necessarily achieved due to precision loss.
Desired error not necessarily achieved due to precision loss.
Desired error not necessarily achieved due to precision loss.
Simulation completed.


Energies of found minima:
Minimum 1: Position = [0.6234994  0.02803776], Energy = -108.16672411685238
Minimum 2: Position = [-0.55818638  1.44177686], Energy = -146.69951621854332

Approximate saddle points between minima:
Saddle 1: Position = [-0.40985838  0.4924917 ], Energy = -67.84089527646074

Computational statistics:
	Total energy calls: 124704
	Energy calls at each min: [1, 382]
	Total force calls: 124704
	Force calls at each min: [1, 382]
	Total steps: 55700

Verification against reference:
True minima found: 2/3
Missed minima at positions:
[-0.05001082  0.4666941 ]

Verification against reference (saddles):
True saddles found: 0/2
Missed saddles at positions:
[0.21248658 0.29298833]
[-0.82200156  0.6243128 ]
