Starting run 1609
Identified minimum at [0.6234994  0.02803776] with energy -108.16672411685238
Desired error not necessarily achieved due to precision loss.
Desired error not necessarily achieved due to precision loss.
Desired error not necessarily achieved due to precision loss.
Simulation completed.


Energies of found minima:
Minimum 1: Position = [0.6234994  0.02803776], Energy = -108.16672411685238

Computational statistics:
	Total energy calls: 101812
	Energy calls at each min: [1]
	Total force calls: 101812
	Force calls at each min: [1]
	Total steps: 48567

Verification against reference:
True minima found: 1/3
Missed minima at positions:
[-0.55822363  1.44172584]
[-0.05001082  0.4666941 ]

Verification against reference (saddles):
True saddles found: 0/2
Missed saddles at positions:
[0.21248658 0.29298833]
[-0.82200156  0.6243128 ]
Starting run 1450
Identified minimum at [0.6234994  0.02803776] with energy -108.16672411685238
Identified minimum at [-0.55822018  1.44173025] with energy -146.69951720270103
Simulation completed.


Energies of found minima:
Minimum 1: Position = [0.6234994  0.02803776], Energy = -108.16672411685238
Minimum 2: Position = [-0.55822018  1.44173025], Energy = -146.69951720270103

Approximate saddle points between minima:
Saddle 1: Position = [-0.85041554  0.60237875], Energy = -40.38203557701709

Computational statistics:
	Total energy calls: 710242
	Energy calls at each min: [1, 12833]
	Total force calls: 710242
	Force calls at each min: [1, 12833]
	Total steps: 735414

Verification against reference:
True minima found: 2/3
Missed minima at positions:
[-0.05001082  0.4666941 ]

Verification against reference (saddles):
True saddles found: 1/2
Missed saddles at positions:
[0.21248658 0.29298833]
