Starting run 53
Identified minimum at [0.6234994  0.02803776] with energy -108.16672411685238
Identified minimum at [-0.55822364  1.44172583] with energy -146.699517209954
Simulation completed.


Energies of found minima:
Minimum 1: Position = [0.6234994  0.02803776], Energy = -108.16672411685238
Minimum 2: Position = [-0.55822364  1.44172583], Energy = -146.699517209954

Approximate saddle points between minima:
Saddle 1: Position = [-0.16614145  0.45859235], Energy = -79.03965006286998

Computational statistics:
	Total energy calls: 112171
	Energy calls at each min: [1, 556]
	Total force calls: 112171
	Force calls at each min: [1, 556]
	Total steps: 52031

Verification against reference:
True minima found: 2/3
Missed minima at positions:
[-0.05001082  0.4666941 ]

Verification against reference (saddles):
True saddles found: 0/2
Missed saddles at positions:
[0.21248658 0.29298833]
[-0.82200156  0.6243128 ]
Starting run 1306
Identified minimum at [0.6234994  0.02803776] with energy -108.16672411685238
Identified minimum at [-0.05002832  0.4666986 ] with energy -80.76781809016794
Identified minimum at [-0.55822363  1.44172584] with energy -146.699517209954
Simulation completed.


Energies of found minima:
Minimum 1: Position = [0.6234994  0.02803776], Energy = -108.16672411685238
Minimum 2: Position = [-0.05002832  0.4666986 ], Energy = -80.76781809016794
Minimum 3: Position = [-0.55822363  1.44172584], Energy = -146.699517209954

Approximate saddle points between minima:
Saddle 1: Position = [0.21131121 0.30244637], Energy = -72.2730529090711
Saddle 2: Position = [-0.82362439  0.60997966], Energy = -40.650579846165854

Computational statistics:
	Total energy calls: 15354
	Energy calls at each min: [1, 2470, 15354]
	Total force calls: 15354
	Force calls at each min: [1, 2470, 15354]
	Total steps: 16099

Verification against reference:
True minima found: 3/3

Verification against reference (saddles):
True saddles found: 2/2
