Starting run 70
Identified minimum at [0.6234994  0.02803776] with energy -108.16672411685238
Identified minimum at [-0.05296322  0.46742099] with energy -80.76671241027304
Identified minimum at [-0.55822362  1.44172586] with energy -146.69951720995385
Simulation completed.


Energies of found minima:
Minimum 1: Position = [0.6234994  0.02803776], Energy = -108.16672411685238
Minimum 2: Position = [-0.05296322  0.46742099], Energy = -80.76671241027304
Minimum 3: Position = [-0.55822362  1.44172586], Energy = -146.69951720995385

Approximate saddle points between minima:
Saddle 1: Position = [0.12171454 0.19466961], Energy = -68.95052741676011
Saddle 2: Position = [-0.84901652  0.60839414], Energy = -40.48936539962654

Computational statistics:
	Total energy calls: 14485
	Energy calls at each min: [1, 4441, 14485]
	Total force calls: 14485
	Force calls at each min: [1, 4441, 14485]
	Total steps: 15125

Verification against reference:
True minima found: 2/3
Missed minima at positions:
[-0.05001082  0.4666941 ]

Verification against reference (saddles):
True saddles found: 1/2
Missed saddles at positions:
[0.21248658 0.29298833]
Starting run 187
Identified minimum at [0.6234994  0.02803776] with energy -108.16672411685238
Identified minimum at [-0.05001082  0.4666941 ] with energy -80.76781812965902
Identified minimum at [-0.55822363  1.44172584] with energy -146.69951720995402
Simulation completed.


Energies of found minima:
Minimum 1: Position = [0.6234994  0.02803776], Energy = -108.16672411685238
Minimum 2: Position = [-0.05001082  0.4666941 ], Energy = -80.76781812965902
Minimum 3: Position = [-0.55822363  1.44172584], Energy = -146.69951720995402

Approximate saddle points between minima:
Saddle 1: Position = [0.23792196 0.43772213], Energy = -71.33852607144843
Saddle 2: Position = [-0.2180145   0.40855413], Energy = -73.98187257564712

Computational statistics:
	Total energy calls: 1595
	Energy calls at each min: [1, 1141, 1595]
	Total force calls: 1595
	Force calls at each min: [1, 1141, 1595]
	Total steps: 832

Verification against reference:
True minima found: 3/3

Verification against reference (saddles):
True saddles found: 0/2
Missed saddles at positions:
[0.21248658 0.29298833]
[-0.82200156  0.6243128 ]
