Starting run 29
Identified minimum at [0.6234994  0.02803776] with energy -108.16672411685238
Identified minimum at [-0.55822363  1.44172584] with energy -146.699517209954
Simulation completed.


Energies of found minima:
Minimum 1: Position = [0.6234994  0.02803776], Energy = -108.16672411685238
Minimum 2: Position = [-0.55822363  1.44172584], Energy = -146.699517209954

Approximate saddle points between minima:
Saddle 1: Position = [0.19341388 0.06388677], Energy = -76.15212795898063

Computational statistics:
	Total energy calls: 117301
	Energy calls at each min: [1, 377]
	Total force calls: 117301
	Force calls at each min: [1, 377]
	Total steps: 53633

Verification against reference:
True minima found: 2/3
Missed minima at positions:
[-0.05001082  0.4666941 ]

Verification against reference (saddles):
True saddles found: 0/2
Missed saddles at positions:
[0.21248658 0.29298833]
[-0.82200156  0.6243128 ]
Starting run 788
Identified minimum at [0.6234994  0.02803776] with energy -108.16672411685238
Identified minimum at [-0.05001081  0.46669411] with energy -80.76781812965902
Identified minimum at [-0.55822362  1.44172586] with energy -146.69951720995394
Simulation completed.


Energies of found minima:
Minimum 1: Position = [0.6234994  0.02803776], Energy = -108.16672411685238
Minimum 2: Position = [-0.05001081  0.46669411], Energy = -80.76781812965902
Minimum 3: Position = [-0.55822362  1.44172586], Energy = -146.69951720995394

Approximate saddle points between minima:
Saddle 1: Position = [0.2093555  0.28494696], Energy = -72.2483247400356
Saddle 2: Position = [-0.81718225  0.62093198], Energy = -40.67756025340435

Computational statistics:
	Total energy calls: 55099
	Energy calls at each min: [1, 8605, 55099]
	Total force calls: 55099
	Force calls at each min: [1, 8605, 55099]
	Total steps: 57976

Verification against reference:
True minima found: 3/3

Verification against reference (saddles):
True saddles found: 2/2
