Starting run 1402
Identified minimum at [0.6234994  0.02803776] with energy -108.16672411685238
Identified minimum at [-0.5574137   1.44281476] with energy -146.6990682814431
Simulation completed.


Energies of found minima:
Minimum 1: Position = [0.6234994  0.02803776], Energy = -108.16672411685238
Minimum 2: Position = [-0.5574137   1.44281476], Energy = -146.6990682814431

Approximate saddle points between minima:
Saddle 1: Position = [-0.85790828  0.59167164], Energy = -40.10382562780353

Computational statistics:
	Total energy calls: 716666
	Energy calls at each min: [1, 2555]
	Total force calls: 716666
	Force calls at each min: [1, 2555]
	Total steps: 744472

Verification against reference:
True minima found: 1/3
Missed minima at positions:
[-0.55822363  1.44172584]
[-0.05001082  0.4666941 ]

Verification against reference (saddles):
True saddles found: 1/2
Missed saddles at positions:
[0.21248658 0.29298833]
Starting run 893
Identified minimum at [0.6234994  0.02803776] with energy -108.16672411685238
Identified minimum at [-0.05123314  0.46702418] with energy -80.7676206623146
Identified minimum at [-0.55822363  1.44172584] with energy -146.699517209954
Simulation completed.


Energies of found minima:
Minimum 1: Position = [0.6234994  0.02803776], Energy = -108.16672411685238
Minimum 2: Position = [-0.05123314  0.46702418], Energy = -80.7676206623146
Minimum 3: Position = [-0.55822363  1.44172584], Energy = -146.699517209954

Approximate saddle points between minima:
Saddle 1: Position = [0.14979957 0.44835079], Energy = -76.2053624745325
Saddle 2: Position = [-0.34761178  0.4921465 ], Energy = -71.64643341611122

Computational statistics:
	Total energy calls: 831
	Energy calls at each min: [1, 586, 831]
	Total force calls: 831
	Force calls at each min: [1, 586, 831]
	Total steps: 478

Verification against reference:
True minima found: 2/3
Missed minima at positions:
[-0.05001082  0.4666941 ]

Verification against reference (saddles):
True saddles found: 0/2
Missed saddles at positions:
[0.21248658 0.29298833]
[-0.82200156  0.6243128 ]
