Starting run 3695
Identified minimum at position [0.6234994  0.02803776] with unbiased energy -108.1667241168524
Identified minimum at position [-0.05030679  0.46679992] with unbiased energy -80.76780420488713
Approximate Hessian has condition number >1e6 and cannot be reliably trusted; reverting to default behavior. 
Eigenvalues: [1.17061823e-03 5.79110880e+06]
Identified minimum at position [-0.55822365  1.44172583] with unbiased energy -146.6995172099539
Simulation completed.


Energies of found minima:
Minimum 1: Position = [0.6234994  0.02803776], Energy = -108.1667241168524
Minimum 2: Position = [-0.05030679  0.46679992], Energy = -80.76780420488713
Minimum 3: Position = [-0.55822365  1.44172583], Energy = -146.6995172099539

Approximate saddle points between minima:
Saddle 1: Position = [0.23398328 0.31313941], Energy = -72.05025102958717
Saddle 2: Position = [-0.7566691   0.35574758], Energy = -29.924003585869293

Computational statistics:
	Total energy calls: 7014
	Energy calls at each min: [1, 755, 7014]
	Total force calls: 7014
	Force calls at each min: [1, 755, 7014]
	Total steps: 7384
	Total Biases: 58

Verification against reference:
True minima found: 3/3

Verification against reference (saddles):
True saddles found: 1/2
Missed saddles at positions:
[-0.82200156  0.6243128 ]
Starting run 1570
Identified minimum at position [0.6234994  0.02803776] with unbiased energy -108.1667241168524
Identified minimum at position [-0.05006573  0.46670884] with unbiased energy -80.76781773268394
Identified minimum at position [-0.55822361  1.44172586] with unbiased energy -146.6995172099538
Simulation completed.


Energies of found minima:
Minimum 1: Position = [0.6234994  0.02803776], Energy = -108.1667241168524
Minimum 2: Position = [-0.05006573  0.46670884], Energy = -80.76781773268394
Minimum 3: Position = [-0.55822361  1.44172586], Energy = -146.6995172099538

Approximate saddle points between minima:
Saddle 1: Position = [0.23580435 0.32667596], Energy = -71.98848111811574
Saddle 2: Position = [-0.70368346  0.70420031], Energy = -36.741060990797976

Computational statistics:
	Total energy calls: 7100
	Energy calls at each min: [1, 1607, 7100]
	Total force calls: 7100
	Force calls at each min: [1, 1607, 7100]
	Total steps: 7468
	Total Biases: 59

Verification against reference:
True minima found: 3/3

Verification against reference (saddles):
True saddles found: 1/2
Missed saddles at positions:
[-0.82200156  0.6243128 ]
Starting run 2744
Identified minimum at position [0.6234994  0.02803776] with unbiased energy -108.1667241168524
Identified minimum at position [-0.05001699  0.46669666] with unbiased energy -80.7678181227248
Identified minimum at position [-0.55822363  1.44172584] with unbiased energy -146.69951720995397
Simulation completed.


Energies of found minima:
Minimum 1: Position = [0.6234994  0.02803776], Energy = -108.1667241168524
Minimum 2: Position = [-0.05001699  0.46669666], Energy = -80.7678181227248
Minimum 3: Position = [-0.55822363  1.44172584], Energy = -146.69951720995397

Approximate saddle points between minima:
Saddle 1: Position = [0.23666913 0.30996878], Energy = -72.02644946248502
Saddle 2: Position = [0.55842212 0.48552295], Energy = -27.547449752903816

Computational statistics:
	Total energy calls: 14671
	Energy calls at each min: [1, 2776, 14671]
	Total force calls: 14671
	Force calls at each min: [1, 2776, 14671]
	Total steps: 15458
	Total Biases: 120

Verification against reference:
True minima found: 3/3

Verification against reference (saddles):
True saddles found: 1/2
Missed saddles at positions:
[-0.82200156  0.6243128 ]
Starting run 564
Identified minimum at position [0.6234994  0.02803776] with unbiased energy -108.1667241168524
Identified minimum at position [-0.05027376  0.46676231] with unbiased energy -80.76780916891545
Identified minimum at position [-0.55822365  1.44172583] with unbiased energy -146.6995172099539
Simulation completed.


Energies of found minima:
Minimum 1: Position = [0.6234994  0.02803776], Energy = -108.1667241168524
Minimum 2: Position = [-0.05027376  0.46676231], Energy = -80.76780916891545
Minimum 3: Position = [-0.55822365  1.44172583], Energy = -146.6995172099539

Approximate saddle points between minima:
Saddle 1: Position = [0.18865281 0.28449299], Energy = -72.10029544945584
Saddle 2: Position = [0.28153356 0.6856277 ], Energy = -26.68726912716729

Computational statistics:
	Total energy calls: 12296
	Energy calls at each min: [1, 1124, 12296]
	Total force calls: 12296
	Force calls at each min: [1, 1124, 12296]
	Total steps: 12937
	Total Biases: 99

Verification against reference:
True minima found: 3/3

Verification against reference (saddles):
True saddles found: 1/2
Missed saddles at positions:
[-0.82200156  0.6243128 ]
Starting run 5113
Identified minimum at position [0.6234994  0.02803776] with unbiased energy -108.1667241168524
Identified minimum at position [-0.05001103  0.46669416] with unbiased energy -80.76781812965335
Identified minimum at position [-0.55822365  1.44172583] with unbiased energy -146.6995172099539
Simulation completed.


Energies of found minima:
Minimum 1: Position = [0.6234994  0.02803776], Energy = -108.1667241168524
Minimum 2: Position = [-0.05001103  0.46669416], Energy = -80.76781812965335
Minimum 3: Position = [-0.55822365  1.44172583], Energy = -146.6995172099539

Approximate saddle points between minima:
Saddle 1: Position = [0.28641455 0.30344547], Energy = -71.27301866652095
Saddle 2: Position = [-0.40505812  0.10218952], Energy = -17.935138588706423

Computational statistics:
	Total energy calls: 9707
	Energy calls at each min: [1, 1792, 9707]
	Total force calls: 9707
	Force calls at each min: [1, 1792, 9707]
	Total steps: 10245
	Total Biases: 83

Verification against reference:
True minima found: 3/3

Verification against reference (saddles):
True saddles found: 0/2
Missed saddles at positions:
[0.21248658 0.29298833]
[-0.82200156  0.6243128 ]
Starting run 3821
Identified minimum at position [0.6234994  0.02803776] with unbiased energy -108.1667241168524
Identified minimum at position [-0.05001177  0.46669434] with unbiased energy -80.76781812954542
Identified minimum at position [-0.55822363  1.44172585] with unbiased energy -146.699517209954
Simulation completed.


Energies of found minima:
Minimum 1: Position = [0.6234994  0.02803776], Energy = -108.1667241168524
Minimum 2: Position = [-0.05001177  0.46669434], Energy = -80.76781812954542
Minimum 3: Position = [-0.55822363  1.44172585], Energy = -146.699517209954

Approximate saddle points between minima:
Saddle 1: Position = [0.142907   0.23132188], Energy = -70.3728347402552
Saddle 2: Position = [-0.28585693  0.15971061], Energy = -34.09374536400071

Computational statistics:
	Total energy calls: 7132
	Energy calls at each min: [1, 963, 7132]
	Total force calls: 7132
	Force calls at each min: [1, 963, 7132]
	Total steps: 7510
	Total Biases: 60

Verification against reference:
True minima found: 3/3

Verification against reference (saddles):
True saddles found: 0/2
Missed saddles at positions:
[0.21248658 0.29298833]
[-0.82200156  0.6243128 ]
Starting run 3761
Identified minimum at position [0.6234994  0.02803776] with unbiased energy -108.1667241168524
Identified minimum at position [-0.05001097  0.46669414] with unbiased energy -80.76781812965619
Identified minimum at position [-0.55822364  1.44172584] with unbiased energy -146.69951720995402
Simulation completed.


Energies of found minima:
Minimum 1: Position = [0.6234994  0.02803776], Energy = -108.1667241168524
Minimum 2: Position = [-0.05001097  0.46669414], Energy = -80.76781812965619
Minimum 3: Position = [-0.55822364  1.44172584], Energy = -146.69951720995402

Approximate saddle points between minima:
Saddle 1: Position = [0.18519704 0.23107059], Energy = -72.14409064696193
Saddle 2: Position = [-0.82938641  0.61878972], Energy = -40.64656525886615

Computational statistics:
	Total energy calls: 4544
	Energy calls at each min: [1, 1557, 4544]
	Total force calls: 4544
	Force calls at each min: [1, 1557, 4544]
	Total steps: 4790
	Total Biases: 39

Verification against reference:
True minima found: 3/3

Verification against reference (saddles):
True saddles found: 1/2
Missed saddles at positions:
[0.21248658 0.29298833]
Starting run 114
Identified minimum at position [0.6234994  0.02803776] with unbiased energy -108.1667241168524
Identified minimum at position [-0.05001082  0.46669411] with unbiased energy -80.76781812965902
Identified minimum at position [-0.55822362  1.44172585] with unbiased energy -146.69951720995397
Simulation completed.


Energies of found minima:
Minimum 1: Position = [0.6234994  0.02803776], Energy = -108.1667241168524
Minimum 2: Position = [-0.05001082  0.46669411], Energy = -80.76781812965902
Minimum 3: Position = [-0.55822362  1.44172585], Energy = -146.69951720995397

Approximate saddle points between minima:
Saddle 1: Position = [0.18010799 0.21892729], Energy = -72.11184074285332
Saddle 2: Position = [-0.34684835  0.09276456], Energy = -21.586470751921432

Computational statistics:
	Total energy calls: 8515
	Energy calls at each min: [1, 1218, 8515]
	Total force calls: 8515
	Force calls at each min: [1, 1218, 8515]
	Total steps: 8977
	Total Biases: 70

Verification against reference:
True minima found: 3/3

Verification against reference (saddles):
True saddles found: 0/2
Missed saddles at positions:
[0.21248658 0.29298833]
[-0.82200156  0.6243128 ]
Starting run 302
Identified minimum at position [0.6234994  0.02803776] with unbiased energy -108.1667241168524
Identified minimum at position [-0.05001393  0.46669474] with unbiased energy -80.76781812850457
Identified minimum at position [-0.55822362  1.44172586] with unbiased energy -146.6995172099539
Simulation completed.


Energies of found minima:
Minimum 1: Position = [0.6234994  0.02803776], Energy = -108.1667241168524
Minimum 2: Position = [-0.05001393  0.46669474], Energy = -80.76781812850457
Minimum 3: Position = [-0.55822362  1.44172586], Energy = -146.6995172099539

Approximate saddle points between minima:
Saddle 1: Position = [0.22236201 0.29100986], Energy = -72.25063978535194
Saddle 2: Position = [-0.81737234  0.53071917], Energy = -40.01277802715637

Computational statistics:
	Total energy calls: 7174
	Energy calls at each min: [1, 1202, 7174]
	Total force calls: 7174
	Force calls at each min: [1, 1202, 7174]
	Total steps: 7542
	Total Biases: 56

Verification against reference:
True minima found: 3/3

Verification against reference (saddles):
True saddles found: 1/2
Missed saddles at positions:
[-0.82200156  0.6243128 ]
Starting run 3593
Identified minimum at position [0.6234994  0.02803776] with unbiased energy -108.1667241168524
Identified minimum at position [-0.05008445  0.46671051] with unbiased energy -80.76781746690189
Identified minimum at position [-0.55822365  1.44172583] with unbiased energy -146.69951720995394
Simulation completed.


Energies of found minima:
Minimum 1: Position = [0.6234994  0.02803776], Energy = -108.1667241168524
Minimum 2: Position = [-0.05008445  0.46671051], Energy = -80.76781746690189
Minimum 3: Position = [-0.55822365  1.44172583], Energy = -146.69951720995394

Approximate saddle points between minima:
Saddle 1: Position = [0.24145226 0.30036857], Energy = -72.05881260827495
Saddle 2: Position = [-0.83595321  0.62978542], Energy = -40.73481649119281

Computational statistics:
	Total energy calls: 7762
	Energy calls at each min: [1, 1791, 7762]
	Total force calls: 7762
	Force calls at each min: [1, 1791, 7762]
	Total steps: 8165
	Total Biases: 66

Verification against reference:
True minima found: 3/3

Verification against reference (saddles):
True saddles found: 2/2
Starting run 1744
Identified minimum at position [0.6234994  0.02803776] with unbiased energy -108.1667241168524
Identified minimum at position [-0.05001091  0.46669413] with unbiased energy -80.76781812965802
Identified minimum at position [-0.55822365  1.44172583] with unbiased energy -146.69951720995397
Simulation completed.


Energies of found minima:
Minimum 1: Position = [0.6234994  0.02803776], Energy = -108.1667241168524
Minimum 2: Position = [-0.05001091  0.46669413], Energy = -80.76781812965802
Minimum 3: Position = [-0.55822365  1.44172583], Energy = -146.69951720995397

Approximate saddle points between minima:
Saddle 1: Position = [0.27738696 0.29065113], Energy = -71.89891073632047
Saddle 2: Position = [-0.28997811  0.18792067], Energy = -37.35459627111241

Computational statistics:
	Total energy calls: 6414
	Energy calls at each min: [1, 1136, 6414]
	Total force calls: 6414
	Force calls at each min: [1, 1136, 6414]
	Total steps: 6757
	Total Biases: 53

Verification against reference:
True minima found: 3/3

Verification against reference (saddles):
True saddles found: 0/2
Missed saddles at positions:
[0.21248658 0.29298833]
[-0.82200156  0.6243128 ]
Starting run 5042
Identified minimum at position [0.6234994  0.02803776] with unbiased energy -108.1667241168524
Identified minimum at position [-0.05001134  0.46669426] with unbiased energy -80.76781812962042
Approximate Hessian has condition number >1e6 and cannot be reliably trusted; reverting to default behavior. 
Eigenvalues: [5.80012857e-04 1.34325957e+08]
Identified minimum at position [-0.55822361  1.44172586] with unbiased energy -146.69951720995383
Simulation completed.


Energies of found minima:
Minimum 1: Position = [0.6234994  0.02803776], Energy = -108.1667241168524
Minimum 2: Position = [-0.05001134  0.46669426], Energy = -80.76781812962042
Minimum 3: Position = [-0.55822361  1.44172586], Energy = -146.69951720995383

Approximate saddle points between minima:
Saddle 1: Position = [0.20900213 0.2914765 ], Energy = -72.24537885914212
Saddle 2: Position = [-0.79483472  0.67724026], Energy = -40.04396102902081

Computational statistics:
	Total energy calls: 5965
	Energy calls at each min: [1, 1513, 5965]
	Total force calls: 5965
	Force calls at each min: [1, 1513, 5965]
	Total steps: 6276
	Total Biases: 50

Verification against reference:
True minima found: 3/3

Verification against reference (saddles):
True saddles found: 1/2
Missed saddles at positions:
[-0.82200156  0.6243128 ]
Starting run 3176
Identified minimum at position [0.6234994  0.02803776] with unbiased energy -108.1667241168524
Identified minimum at position [-0.0500108  0.4666941] with unbiased energy -80.76781812965893
Identified minimum at position [-0.55822365  1.44172582] with unbiased energy -146.69951720995388
Simulation completed.


Energies of found minima:
Minimum 1: Position = [0.6234994  0.02803776], Energy = -108.1667241168524
Minimum 2: Position = [-0.0500108  0.4666941], Energy = -80.76781812965893
Minimum 3: Position = [-0.55822365  1.44172582], Energy = -146.69951720995388

Approximate saddle points between minima:
Saddle 1: Position = [0.45388491 0.27403976], Energy = -68.31491706977454
Saddle 2: Position = [0.37429106 0.64074418], Energy = -27.737087619994405

Computational statistics:
	Total energy calls: 9791
	Energy calls at each min: [1, 1822, 9791]
	Total force calls: 9791
	Force calls at each min: [1, 1822, 9791]
	Total steps: 10324
	Total Biases: 83

Verification against reference:
True minima found: 3/3

Verification against reference (saddles):
True saddles found: 0/2
Missed saddles at positions:
[0.21248658 0.29298833]
[-0.82200156  0.6243128 ]
Starting run 2237
Identified minimum at position [0.6234994  0.02803776] with unbiased energy -108.1667241168524
Identified minimum at position [-0.05001127  0.46669419] with unbiased energy -80.76781812963537
Identified minimum at position [-0.55822362  1.44172585] with unbiased energy -146.6995172099539
Simulation completed.


Energies of found minima:
Minimum 1: Position = [0.6234994  0.02803776], Energy = -108.1667241168524
Minimum 2: Position = [-0.05001127  0.46669419], Energy = -80.76781812963537
Minimum 3: Position = [-0.55822362  1.44172585], Energy = -146.6995172099539

Approximate saddle points between minima:
Saddle 1: Position = [0.16932235 0.26790241], Energy = -71.62892006348304
Saddle 2: Position = [-0.43164492  0.26936317], Energy = -39.931938003154215

Computational statistics:
	Total energy calls: 11558
	Energy calls at each min: [1, 1177, 11558]
	Total force calls: 11558
	Force calls at each min: [1, 1177, 11558]
	Total steps: 12166
	Total Biases: 92

Verification against reference:
True minima found: 3/3

Verification against reference (saddles):
True saddles found: 1/2
Missed saddles at positions:
[-0.82200156  0.6243128 ]
Starting run 1536
Identified minimum at position [0.6234994  0.02803776] with unbiased energy -108.1667241168524
Identified minimum at position [-0.05003898  0.46670167] with unbiased energy -80.76781802520694
Identified minimum at position [-0.55822362  1.44172586] with unbiased energy -146.69951720995388
Simulation completed.


Energies of found minima:
Minimum 1: Position = [0.6234994  0.02803776], Energy = -108.1667241168524
Minimum 2: Position = [-0.05003898  0.46670167], Energy = -80.76781802520694
Minimum 3: Position = [-0.55822362  1.44172586], Energy = -146.69951720995388

Approximate saddle points between minima:
Saddle 1: Position = [0.13842252 0.13713531], Energy = -70.46334890792332
Saddle 2: Position = [-0.21678258  0.15471121], Energy = -39.23324023182141

Computational statistics:
	Total energy calls: 12346
	Energy calls at each min: [1, 2093, 12346]
	Total force calls: 12346
	Force calls at each min: [1, 2093, 12346]
	Total steps: 12982
	Total Biases: 102

Verification against reference:
True minima found: 3/3

Verification against reference (saddles):
True saddles found: 0/2
Missed saddles at positions:
[0.21248658 0.29298833]
[-0.82200156  0.6243128 ]
Starting run 3978
Identified minimum at position [0.6234994  0.02803776] with unbiased energy -108.1667241168524
Identified minimum at position [-0.05219104  0.46708654] with unbiased energy -80.76726586265417
Identified minimum at position [-0.55822365  1.44172583] with unbiased energy -146.6995172099539
Simulation completed.


Energies of found minima:
Minimum 1: Position = [0.6234994  0.02803776], Energy = -108.1667241168524
Minimum 2: Position = [-0.05219104  0.46708654], Energy = -80.76726586265417
Minimum 3: Position = [-0.55822365  1.44172583], Energy = -146.6995172099539

Approximate saddle points between minima:
Saddle 1: Position = [0.15980467 0.27921707], Energy = -71.63933612957054
Saddle 2: Position = [-0.67727061  0.70103929], Energy = -36.457508479446666

Computational statistics:
	Total energy calls: 12678
	Energy calls at each min: [1, 2965, 12678]
	Total force calls: 12678
	Force calls at each min: [1, 2965, 12678]
	Total steps: 13332
	Total Biases: 103

Verification against reference:
True minima found: 2/3
Missed minima at positions:
[-0.05001082  0.4666941 ]

Verification against reference (saddles):
True saddles found: 0/2
Missed saddles at positions:
[0.21248658 0.29298833]
[-0.82200156  0.6243128 ]
Starting run 1848
Identified minimum at position [0.6234994  0.02803776] with unbiased energy -108.1667241168524
Identified minimum at position [-0.05001107  0.46669415] with unbiased energy -80.76781812965166
Identified minimum at position [-0.55822363  1.44172585] with unbiased energy -146.69951720995397
Simulation completed.


Energies of found minima:
Minimum 1: Position = [0.6234994  0.02803776], Energy = -108.1667241168524
Minimum 2: Position = [-0.05001107  0.46669415], Energy = -80.76781812965166
Minimum 3: Position = [-0.55822363  1.44172585], Energy = -146.69951720995397

Approximate saddle points between minima:
Saddle 1: Position = [0.44938226 0.2749053 ], Energy = -68.39900034515355
Saddle 2: Position = [-0.64867953  0.73415192], Energy = -33.14204989632729

Computational statistics:
	Total energy calls: 11440
	Energy calls at each min: [1, 2029, 11440]
	Total force calls: 11440
	Force calls at each min: [1, 2029, 11440]
	Total steps: 12063
	Total Biases: 94

Verification against reference:
True minima found: 3/3

Verification against reference (saddles):
True saddles found: 0/2
Missed saddles at positions:
[0.21248658 0.29298833]
[-0.82200156  0.6243128 ]
Starting run 1748
Identified minimum at position [0.6234994  0.02803776] with unbiased energy -108.1667241168524
Identified minimum at position [-0.05001479  0.46669537] with unbiased energy -80.76781812736945
Identified minimum at position [-0.55822366  1.44172582] with unbiased energy -146.69951720995385
Simulation completed.


Energies of found minima:
Minimum 1: Position = [0.6234994  0.02803776], Energy = -108.1667241168524
Minimum 2: Position = [-0.05001479  0.46669537], Energy = -80.76781812736945
Minimum 3: Position = [-0.55822366  1.44172582], Energy = -146.69951720995385

Approximate saddle points between minima:
Saddle 1: Position = [0.17303196 0.27302553], Energy = -71.76436266650319
Saddle 2: Position = [-0.7631052   0.65055668], Energy = -40.12683101506762

Computational statistics:
	Total energy calls: 4817
	Energy calls at each min: [1, 999, 4817]
	Total force calls: 4817
	Force calls at each min: [1, 999, 4817]
	Total steps: 5073
	Total Biases: 40

Verification against reference:
True minima found: 3/3

Verification against reference (saddles):
True saddles found: 1/2
Missed saddles at positions:
[-0.82200156  0.6243128 ]
Starting run 3295
Identified minimum at position [0.6234994  0.02803776] with unbiased energy -108.1667241168524
Identified minimum at position [-0.05001377  0.46669471] with unbiased energy -80.76781812862103
Identified minimum at position [-0.55822365  1.44172582] with unbiased energy -146.69951720995388
Simulation completed.


Energies of found minima:
Minimum 1: Position = [0.6234994  0.02803776], Energy = -108.1667241168524
Minimum 2: Position = [-0.05001377  0.46669471], Energy = -80.76781812862103
Minimum 3: Position = [-0.55822365  1.44172582], Energy = -146.69951720995388

Approximate saddle points between minima:
Saddle 1: Position = [0.21710308 0.31625625], Energy = -72.2946471181215
Saddle 2: Position = [-0.85956737  0.51108665], Energy = -37.277252104794144

Computational statistics:
	Total energy calls: 3206
	Energy calls at each min: [1, 915, 3206]
	Total force calls: 3206
	Force calls at each min: [1, 915, 3206]
	Total steps: 3372
	Total Biases: 27

Verification against reference:
True minima found: 3/3

Verification against reference (saddles):
True saddles found: 1/2
Missed saddles at positions:
[-0.82200156  0.6243128 ]
Starting run 1406
Identified minimum at position [0.6234994  0.02803776] with unbiased energy -108.1667241168524
Identified minimum at position [-0.05001369  0.46669468] with unbiased energy -80.76781812868279
Identified minimum at position [-0.55822362  1.44172586] with unbiased energy -146.6995172099539
Simulation completed.


Energies of found minima:
Minimum 1: Position = [0.6234994  0.02803776], Energy = -108.1667241168524
Minimum 2: Position = [-0.05001369  0.46669468], Energy = -80.76781812868279
Minimum 3: Position = [-0.55822362  1.44172586], Energy = -146.6995172099539

Approximate saddle points between minima:
Saddle 1: Position = [0.23503902 0.30397609], Energy = -72.08825369832968
Saddle 2: Position = [-0.5658258   0.23264205], Energy = -24.39932769713986

Computational statistics:
	Total energy calls: 8538
	Energy calls at each min: [1, 495, 8538]
	Total force calls: 8538
	Force calls at each min: [1, 495, 8538]
	Total steps: 8987
	Total Biases: 68

Verification against reference:
True minima found: 3/3

Verification against reference (saddles):
True saddles found: 1/2
Missed saddles at positions:
[-0.82200156  0.6243128 ]
Starting run 3054
Identified minimum at position [0.6234994  0.02803776] with unbiased energy -108.1667241168524
Identified minimum at position [-0.55822362  1.44172586] with unbiased energy -146.69951720995394
Approximate Hessian has condition number >1e6 and cannot be reliably trusted; reverting to default behavior. 
Eigenvalues: [3.23475152e-03 5.10643555e+08]
Approximate Hessian has condition number >1e6 and cannot be reliably trusted; reverting to default behavior. 
Eigenvalues: [1.40792529e-03 3.79068981e+06]
Approximate Hessian has condition number >1e6 and cannot be reliably trusted; reverting to default behavior. 
Eigenvalues: [1.13770366e-04 1.02868462e+08]
Approximate Hessian has condition number >1e6 and cannot be reliably trusted; reverting to default behavior. 
Eigenvalues: [2.06568849e-03 9.67099169e+05]
Approximate Hessian has condition number >1e6 and cannot be reliably trusted; reverting to default behavior. 
Eigenvalues: [7.26642087e-04 2.96235027e+06]
Approximate Hessian has condition number >1e6 and cannot be reliably trusted; reverting to default behavior. 
Eigenvalues: [1.47919171e-04 1.07658959e+07]
Approximate Hessian has condition number >1e6 and cannot be reliably trusted; reverting to default behavior. 
Eigenvalues: [7.78882204e-04 1.91079525e+06]
Simulation completed.


Energies of found minima:
Minimum 1: Position = [0.6234994  0.02803776], Energy = -108.1667241168524
Minimum 2: Position = [-0.55822362  1.44172586], Energy = -146.69951720995394

Approximate saddle points between minima:
Saddle 1: Position = [-0.78731265  0.65054061], Energy = -40.26032783215019

Computational statistics:
	Total energy calls: 643060
	Energy calls at each min: [1, 5591]
	Total force calls: 643060
	Force calls at each min: [1, 5591]
	Total steps: 677265
	Total Biases: 5000

Verification against reference:
True minima found: 2/3
Missed minima at positions:
[-0.05001082  0.4666941 ]

Verification against reference (saddles):
True saddles found: 1/2
Missed saddles at positions:
[0.21248658 0.29298833]
Starting run 1069
Identified minimum at position [0.6234994  0.02803776] with unbiased energy -108.1667241168524
Identified minimum at position [-0.05013305  0.46671876] with unbiased energy -80.76781635303077
Identified minimum at position [-0.55822362  1.44172586] with unbiased energy -146.6995172099539
Simulation completed.


Energies of found minima:
Minimum 1: Position = [0.6234994  0.02803776], Energy = -108.1667241168524
Minimum 2: Position = [-0.05013305  0.46671876], Energy = -80.76781635303077
Minimum 3: Position = [-0.55822362  1.44172586], Energy = -146.6995172099539

Approximate saddle points between minima:
Saddle 1: Position = [0.17960527 0.28389238], Energy = -72.00186243570153
Saddle 2: Position = [-0.84802477  0.59054529], Energy = -40.20286283967255

Computational statistics:
	Total energy calls: 6929
	Energy calls at each min: [1, 1370, 6929]
	Total force calls: 6929
	Force calls at each min: [1, 1370, 6929]
	Total steps: 7283
	Total Biases: 57

Verification against reference:
True minima found: 3/3

Verification against reference (saddles):
True saddles found: 2/2
Starting run 2109
Identified minimum at position [0.6234994  0.02803776] with unbiased energy -108.1667241168524
Identified minimum at position [-0.05005597  0.46670641] with unbiased energy -80.76781785921703
Identified minimum at position [-0.55822365  1.44172583] with unbiased energy -146.69951720995397
Simulation completed.


Energies of found minima:
Minimum 1: Position = [0.6234994  0.02803776], Energy = -108.1667241168524
Minimum 2: Position = [-0.05005597  0.46670641], Energy = -80.76781785921703
Minimum 3: Position = [-0.55822365  1.44172583], Energy = -146.69951720995397

Approximate saddle points between minima:
Saddle 1: Position = [0.24611843 0.28604136], Energy = -72.27381930236926
Saddle 2: Position = [-0.83360438  0.63773201], Energy = -40.78366634163048

Computational statistics:
	Total energy calls: 7078
	Energy calls at each min: [1, 1660, 7078]
	Total force calls: 7078
	Force calls at each min: [1, 1660, 7078]
	Total steps: 7446
	Total Biases: 56

Verification against reference:
True minima found: 3/3

Verification against reference (saddles):
True saddles found: 2/2
Starting run 2478
Identified minimum at position [0.6234994  0.02803776] with unbiased energy -108.1667241168524
Identified minimum at position [-0.05001478  0.46669507] with unbiased energy -80.76781812768169
Identified minimum at position [-0.55822364  1.44172584] with unbiased energy -146.69951720995402
Simulation completed.


Energies of found minima:
Minimum 1: Position = [0.6234994  0.02803776], Energy = -108.1667241168524
Minimum 2: Position = [-0.05001478  0.46669507], Energy = -80.76781812768169
Minimum 3: Position = [-0.55822364  1.44172584], Energy = -146.69951720995402

Approximate saddle points between minima:
Saddle 1: Position = [0.21444609 0.29569146], Energy = -72.24723546920009
Saddle 2: Position = [-0.14772937  0.06294576], Energy = -37.418044402696566

Computational statistics:
	Total energy calls: 3829
	Energy calls at each min: [1, 1306, 3829]
	Total force calls: 3829
	Force calls at each min: [1, 1306, 3829]
	Total steps: 4023
	Total Biases: 32

Verification against reference:
True minima found: 3/3

Verification against reference (saddles):
True saddles found: 1/2
Missed saddles at positions:
[-0.82200156  0.6243128 ]
Starting run 1888
Identified minimum at position [0.6234994  0.02803776] with unbiased energy -108.1667241168524
Identified minimum at position [-0.05001198  0.4666944 ] with unbiased energy -80.76781812948659
Identified minimum at position [-0.55822363  1.44172585] with unbiased energy -146.69951720995397
Simulation completed.


Energies of found minima:
Minimum 1: Position = [0.6234994  0.02803776], Energy = -108.1667241168524
Minimum 2: Position = [-0.05001198  0.4666944 ], Energy = -80.76781812948659
Minimum 3: Position = [-0.55822363  1.44172585], Energy = -146.69951720995397

Approximate saddle points between minima:
Saddle 1: Position = [0.97144659 0.04035867], Energy = -61.79785774303963
Saddle 2: Position = [ 0.01487233 -0.18145743], Energy = -15.569287739157971

Computational statistics:
	Total energy calls: 10796
	Energy calls at each min: [1, 1651, 10796]
	Total force calls: 10796
	Force calls at each min: [1, 1651, 10796]
	Total steps: 11385
	Total Biases: 89

Verification against reference:
True minima found: 3/3

Verification against reference (saddles):
True saddles found: 0/2
Missed saddles at positions:
[0.21248658 0.29298833]
[-0.82200156  0.6243128 ]
Starting run 2509
Identified minimum at position [0.6234994  0.02803776] with unbiased energy -108.1667241168524
Identified minimum at position [-0.05005935  0.46670715] with unbiased energy -80.7678178192592
Identified minimum at position [-0.55822365  1.44172583] with unbiased energy -146.6995172099539
Simulation completed.


Energies of found minima:
Minimum 1: Position = [0.6234994  0.02803776], Energy = -108.1667241168524
Minimum 2: Position = [-0.05005935  0.46670715], Energy = -80.7678178192592
Minimum 3: Position = [-0.55822365  1.44172583], Energy = -146.6995172099539

Approximate saddle points between minima:
Saddle 1: Position = [0.19385018 0.27847146], Energy = -72.11494119636353
Saddle 2: Position = [-0.32508239  0.00385616], Energy = -14.612926743821426

Computational statistics:
	Total energy calls: 11007
	Energy calls at each min: [1, 1229, 11007]
	Total force calls: 11007
	Force calls at each min: [1, 1229, 11007]
	Total steps: 11585
	Total Biases: 89

Verification against reference:
True minima found: 3/3

Verification against reference (saddles):
True saddles found: 1/2
Missed saddles at positions:
[-0.82200156  0.6243128 ]
