Starting run 1367
Identified minimum at position [0.6234994  0.02803776] with unbiased energy -108.16672411685238
Identified minimum at position [-0.05175609  0.46723015] with unbiased energy -80.76738483905174
Identified minimum at position [-0.55822365  1.44172583] with unbiased energy -146.69951720995397
Simulation completed.


Energies of found minima:
Minimum 1: Position = [0.6234994  0.02803776], Energy = -108.16672411685238
Minimum 2: Position = [-0.05175609  0.46723015], Energy = -80.76738483905174
Minimum 3: Position = [-0.55822365  1.44172583], Energy = -146.69951720995397

Approximate saddle points between minima:
Saddle 1: Position = [0.126104   0.16776486], Energy = -69.24052889465915
Saddle 2: Position = [-0.08662608  0.00047888], Energy = -38.296115000491454

Computational statistics:
	Total energy calls: 5852
	Energy calls at each min: [1, 1518, 5852]
	Total force calls: 5852
	Force calls at each min: [1, 1518, 5852]
	Total steps: 6161
	Total Biases: 48

Verification against reference:
True minima found: 2/3
Missed minima at positions:
[-0.05001082  0.4666941 ]

Verification against reference (saddles):
True saddles found: 0/2
Missed saddles at positions:
[0.21248658 0.29298833]
[-0.82200156  0.6243128 ]
Starting run 1429
Identified minimum at position [0.6234994  0.02803776] with unbiased energy -108.16672411685238
Identified minimum at position [-0.05034421  0.46685579] with unbiased energy -80.76779388808887
Identified minimum at position [-0.55822365  1.44172583] with unbiased energy -146.6995172099539
Simulation completed.


Energies of found minima:
Minimum 1: Position = [0.6234994  0.02803776], Energy = -108.16672411685238
Minimum 2: Position = [-0.05034421  0.46685579], Energy = -80.76779388808887
Minimum 3: Position = [-0.55822365  1.44172583], Energy = -146.6995172099539

Approximate saddle points between minima:
Saddle 1: Position = [0.31294195 0.3021106 ], Energy = -70.68209657332466
Saddle 2: Position = [-0.82474054  0.60905339], Energy = -40.63973949623876

Computational statistics:
	Total energy calls: 9451
	Energy calls at each min: [1, 2056, 9451]
	Total force calls: 9451
	Force calls at each min: [1, 2056, 9451]
	Total steps: 9933
	Total Biases: 78

Verification against reference:
True minima found: 3/3

Verification against reference (saddles):
True saddles found: 1/2
Missed saddles at positions:
[0.21248658 0.29298833]
Starting run 1119
Identified minimum at position [0.6234994  0.02803776] with unbiased energy -108.16672411685238
Identified minimum at position [-0.0500141   0.46669525] with unbiased energy -80.76781812798495
Identified minimum at position [-0.55822365  1.44172583] with unbiased energy -146.69951720995394
Simulation completed.


Energies of found minima:
Minimum 1: Position = [0.6234994  0.02803776], Energy = -108.16672411685238
Minimum 2: Position = [-0.0500141   0.46669525], Energy = -80.76781812798495
Minimum 3: Position = [-0.55822365  1.44172583], Energy = -146.69951720995394

Approximate saddle points between minima:
Saddle 1: Position = [0.23179696 0.29889849], Energy = -72.15673370857886
Saddle 2: Position = [-0.83755764  0.56603194], Energy = -39.99872908770103

Computational statistics:
	Total energy calls: 7736
	Energy calls at each min: [1, 970, 7736]
	Total force calls: 7736
	Force calls at each min: [1, 970, 7736]
	Total steps: 8144
	Total Biases: 62

Verification against reference:
True minima found: 3/3

Verification against reference (saddles):
True saddles found: 1/2
Missed saddles at positions:
[-0.82200156  0.6243128 ]
Starting run 64
Identified minimum at position [0.6234994  0.02803776] with unbiased energy -108.16672411685238
Identified minimum at position [-0.05001108  0.46669417] with unbiased energy -80.76781812965044
Identified minimum at position [-0.55822361  1.44172586] with unbiased energy -146.69951720995385
Simulation completed.


Energies of found minima:
Minimum 1: Position = [0.6234994  0.02803776], Energy = -108.16672411685238
Minimum 2: Position = [-0.05001108  0.46669417], Energy = -80.76781812965044
Minimum 3: Position = [-0.55822361  1.44172586], Energy = -146.69951720995385

Approximate saddle points between minima:
Saddle 1: Position = [0.11097551 0.08149065], Energy = -67.22008894047065
Saddle 2: Position = [-0.79410431  0.63319115], Energy = -40.60391542915576

Computational statistics:
	Total energy calls: 3996
	Energy calls at each min: [1, 1353, 3996]
	Total force calls: 3996
	Force calls at each min: [1, 1353, 3996]
	Total steps: 4211
	Total Biases: 36

Verification against reference:
True minima found: 3/3

Verification against reference (saddles):
True saddles found: 1/2
Missed saddles at positions:
[0.21248658 0.29298833]
Starting run 2588
Identified minimum at position [0.6234994  0.02803776] with unbiased energy -108.16672411685238
Identified minimum at position [-0.05001594  0.46669545] with unbiased energy -80.76781812625339
Identified minimum at position [-0.55822365  1.44172583] with unbiased energy -146.69951720995394
Simulation completed.


Energies of found minima:
Minimum 1: Position = [0.6234994  0.02803776], Energy = -108.16672411685238
Minimum 2: Position = [-0.05001594  0.46669545], Energy = -80.76781812625339
Minimum 3: Position = [-0.55822365  1.44172583], Energy = -146.69951720995394

Approximate saddle points between minima:
Saddle 1: Position = [0.21393805 0.28269626], Energy = -72.27999924421553
Saddle 2: Position = [-0.28608684  0.12699608], Energy = -30.34011131442934

Computational statistics:
	Total energy calls: 16976
	Energy calls at each min: [1, 1568, 16976]
	Total force calls: 16976
	Force calls at each min: [1, 1568, 16976]
	Total steps: 17850
	Total Biases: 133

Verification against reference:
True minima found: 3/3

Verification against reference (saddles):
True saddles found: 1/2
Missed saddles at positions:
[-0.82200156  0.6243128 ]
Starting run 3332
Identified minimum at position [0.6234994  0.02803776] with unbiased energy -108.16672411685238
Identified minimum at position [-0.05001838  0.46669722] with unbiased energy -80.76781811928977
Identified minimum at position [-0.55822363  1.44172584] with unbiased energy -146.69951720995402
Simulation completed.


Energies of found minima:
Minimum 1: Position = [0.6234994  0.02803776], Energy = -108.16672411685238
Minimum 2: Position = [-0.05001838  0.46669722], Energy = -80.76781811928977
Minimum 3: Position = [-0.55822363  1.44172584], Energy = -146.69951720995402

Approximate saddle points between minima:
Saddle 1: Position = [0.22136802 0.29163057], Energy = -72.24799320330156
Saddle 2: Position = [-0.83998376  0.59917155], Energy = -40.42583507994787

Computational statistics:
	Total energy calls: 4454
	Energy calls at each min: [1, 1984, 4454]
	Total force calls: 4454
	Force calls at each min: [1, 1984, 4454]
	Total steps: 4678
	Total Biases: 39

Verification against reference:
True minima found: 3/3

Verification against reference (saddles):
True saddles found: 2/2
Starting run 3995
Identified minimum at position [0.6234994  0.02803776] with unbiased energy -108.16672411685238
Identified minimum at position [-0.05001134  0.46669426] with unbiased energy -80.76781812962258
Identified minimum at position [-0.55822365  1.44172582] with unbiased energy -146.69951720995385
Simulation completed.


Energies of found minima:
Minimum 1: Position = [0.6234994  0.02803776], Energy = -108.16672411685238
Minimum 2: Position = [-0.05001134  0.46669426], Energy = -80.76781812962258
Minimum 3: Position = [-0.55822365  1.44172582], Energy = -146.69951720995385

Approximate saddle points between minima:
Saddle 1: Position = [0.22479979 0.30158856], Energy = -72.19186646499207
Saddle 2: Position = [-0.80603716  0.65850718], Energy = -40.41414360347669

Computational statistics:
	Total energy calls: 6040
	Energy calls at each min: [1, 1934, 6040]
	Total force calls: 6040
	Force calls at each min: [1, 1934, 6040]
	Total steps: 6356
	Total Biases: 51

Verification against reference:
True minima found: 3/3

Verification against reference (saddles):
True saddles found: 2/2
Starting run 1417
Identified minimum at position [0.6234994  0.02803776] with unbiased energy -108.16672411685238
Identified minimum at position [-0.05001436  0.46669482] with unbiased energy -80.76781812817157
Identified minimum at position [-0.55822365  1.44172583] with unbiased energy -146.69951720995397
Simulation completed.


Energies of found minima:
Minimum 1: Position = [0.6234994  0.02803776], Energy = -108.16672411685238
Minimum 2: Position = [-0.05001436  0.46669482], Energy = -80.76781812817157
Minimum 3: Position = [-0.55822365  1.44172583], Energy = -146.69951720995397

Approximate saddle points between minima:
Saddle 1: Position = [0.104365   0.09387346], Energy = -66.7831182504138
Saddle 2: Position = [-0.83667756  0.51757401], Energy = -38.653008297452686

Computational statistics:
	Total energy calls: 14082
	Energy calls at each min: [1, 2932, 14082]
	Total force calls: 14082
	Force calls at each min: [1, 2932, 14082]
	Total steps: 14802
	Total Biases: 122

Verification against reference:
True minima found: 3/3

Verification against reference (saddles):
True saddles found: 0/2
Missed saddles at positions:
[0.21248658 0.29298833]
[-0.82200156  0.6243128 ]
Starting run 2741
Identified minimum at position [0.6234994  0.02803776] with unbiased energy -108.16672411685238
Identified minimum at position [-0.05012646  0.46672944] with unbiased energy -80.7678162353578
Identified minimum at position [-0.55822362  1.44172585] with unbiased energy -146.69951720995397
Simulation completed.


Energies of found minima:
Minimum 1: Position = [0.6234994  0.02803776], Energy = -108.16672411685238
Minimum 2: Position = [-0.05012646  0.46672944], Energy = -80.7678162353578
Minimum 3: Position = [-0.55822362  1.44172585], Energy = -146.69951720995397

Approximate saddle points between minima:
Saddle 1: Position = [0.09075604 0.18329359], Energy = -66.66215380711948
Saddle 2: Position = [-0.83987828  0.61624559], Energy = -40.61420938692689

Computational statistics:
	Total energy calls: 4973
	Energy calls at each min: [1, 2180, 4973]
	Total force calls: 4973
	Force calls at each min: [1, 2180, 4973]
	Total steps: 5234
	Total Biases: 42

Verification against reference:
True minima found: 3/3

Verification against reference (saddles):
True saddles found: 1/2
Missed saddles at positions:
[0.21248658 0.29298833]
Starting run 4777
Identified minimum at position [0.6234994  0.02803776] with unbiased energy -108.16672411685238
Identified minimum at position [-0.05001078  0.4666941 ] with unbiased energy -80.76781812965882
Identified minimum at position [-0.55822362  1.44172585] with unbiased energy -146.69951720995397
Simulation completed.


Energies of found minima:
Minimum 1: Position = [0.6234994  0.02803776], Energy = -108.16672411685238
Minimum 2: Position = [-0.05001078  0.4666941 ], Energy = -80.76781812965882
Minimum 3: Position = [-0.55822362  1.44172585], Energy = -146.69951720995397

Approximate saddle points between minima:
Saddle 1: Position = [ 9.38955715e-01 -5.83689909e-04], Energy = -71.46409542913696
Saddle 2: Position = [-0.82556736  0.60725474], Energy = -40.62816662707985

Computational statistics:
	Total energy calls: 3162
	Energy calls at each min: [1, 2425, 3162]
	Total force calls: 3162
	Force calls at each min: [1, 2425, 3162]
	Total steps: 3330
	Total Biases: 30

Verification against reference:
True minima found: 3/3

Verification against reference (saddles):
True saddles found: 1/2
Missed saddles at positions:
[0.21248658 0.29298833]
Starting run 4003
Identified minimum at position [0.6234994  0.02803776] with unbiased energy -108.16672411685238
Identified minimum at position [-0.0500192   0.46669599] with unbiased energy -80.76781812104062
Identified minimum at position [-0.55822364  1.44172584] with unbiased energy -146.69951720995402
Simulation completed.


Energies of found minima:
Minimum 1: Position = [0.6234994  0.02803776], Energy = -108.16672411685238
Minimum 2: Position = [-0.0500192   0.46669599], Energy = -80.76781812104062
Minimum 3: Position = [-0.55822364  1.44172584], Energy = -146.69951720995402

Approximate saddle points between minima:
Saddle 1: Position = [0.21669827 0.2902015 ], Energy = -72.25519765754493
Saddle 2: Position = [-0.80663999  0.61449848], Energy = -40.782935125949734

Computational statistics:
	Total energy calls: 5653
	Energy calls at each min: [1, 1392, 5653]
	Total force calls: 5653
	Force calls at each min: [1, 1392, 5653]
	Total steps: 5949
	Total Biases: 48

Verification against reference:
True minima found: 3/3

Verification against reference (saddles):
True saddles found: 2/2
Starting run 2520
Identified minimum at position [0.6234994  0.02803776] with unbiased energy -108.16672411685238
Identified minimum at position [-0.05002494  0.46669687] with unbiased energy -80.7678181061347
Identified minimum at position [-0.55822365  1.44172583] with unbiased energy -146.69951720995394
Simulation completed.


Energies of found minima:
Minimum 1: Position = [0.6234994  0.02803776], Energy = -108.16672411685238
Minimum 2: Position = [-0.05002494  0.46669687], Energy = -80.7678181061347
Minimum 3: Position = [-0.55822365  1.44172583], Energy = -146.69951720995394

Approximate saddle points between minima:
Saddle 1: Position = [0.21412532 0.28819232], Energy = -72.2578811126503
Saddle 2: Position = [0.45138072 0.59470303], Energy = -27.22061267278834

Computational statistics:
	Total energy calls: 11511
	Energy calls at each min: [1, 1185, 11511]
	Total force calls: 11511
	Force calls at each min: [1, 1185, 11511]
	Total steps: 12140
	Total Biases: 91

Verification against reference:
True minima found: 3/3

Verification against reference (saddles):
True saddles found: 1/2
Missed saddles at positions:
[-0.82200156  0.6243128 ]
Starting run 1812
Identified minimum at position [0.6234994  0.02803776] with unbiased energy -108.16672411685238
Identified minimum at position [-0.05001657  0.46669682] with unbiased energy -80.76781812269346
Identified minimum at position [-0.55822362  1.44172586] with unbiased energy -146.6995172099539
Simulation completed.


Energies of found minima:
Minimum 1: Position = [0.6234994  0.02803776], Energy = -108.16672411685238
Minimum 2: Position = [-0.05001657  0.46669682], Energy = -80.76781812269346
Minimum 3: Position = [-0.55822362  1.44172586], Energy = -146.6995172099539

Approximate saddle points between minima:
Saddle 1: Position = [0.27802479 0.28813178], Energy = -71.9877563199533
Saddle 2: Position = [-0.7371677   0.67946955], Energy = -38.708093927584926

Computational statistics:
	Total energy calls: 9432
	Energy calls at each min: [1, 1798, 9432]
	Total force calls: 9432
	Force calls at each min: [1, 1798, 9432]
	Total steps: 9914
	Total Biases: 74

Verification against reference:
True minima found: 3/3

Verification against reference (saddles):
True saddles found: 0/2
Missed saddles at positions:
[0.21248658 0.29298833]
[-0.82200156  0.6243128 ]
Starting run 1185
Identified minimum at position [0.6234994  0.02803776] with unbiased energy -108.16672411685238
Identified minimum at position [-0.0518428   0.46711122] with unbiased energy -80.76740469840614
Identified minimum at position [-0.55822365  1.44172583] with unbiased energy -146.69951720995397
Simulation completed.


Energies of found minima:
Minimum 1: Position = [0.6234994  0.02803776], Energy = -108.16672411685238
Minimum 2: Position = [-0.0518428   0.46711122], Energy = -80.76740469840614
Minimum 3: Position = [-0.55822365  1.44172583], Energy = -146.69951720995397

Approximate saddle points between minima:
Saddle 1: Position = [0.25928397 0.36670322], Energy = -71.03951048823859
Saddle 2: Position = [-0.19892944  0.11035473], Energy = -36.446351150389035

Computational statistics:
	Total energy calls: 8420
	Energy calls at each min: [1, 1429, 8420]
	Total force calls: 8420
	Force calls at each min: [1, 1429, 8420]
	Total steps: 8864
	Total Biases: 72

Verification against reference:
True minima found: 2/3
Missed minima at positions:
[-0.05001082  0.4666941 ]

Verification against reference (saddles):
True saddles found: 0/2
Missed saddles at positions:
[0.21248658 0.29298833]
[-0.82200156  0.6243128 ]
Starting run 1194
Identified minimum at position [0.6234994  0.02803776] with unbiased energy -108.16672411685238
Identified minimum at position [-0.05001183  0.46669445] with unbiased energy -80.7678181295029
Identified minimum at position [-0.55822365  1.44172583] with unbiased energy -146.69951720995394
Simulation completed.


Energies of found minima:
Minimum 1: Position = [0.6234994  0.02803776], Energy = -108.16672411685238
Minimum 2: Position = [-0.05001183  0.46669445], Energy = -80.7678181295029
Minimum 3: Position = [-0.55822365  1.44172583], Energy = -146.69951720995394

Approximate saddle points between minima:
Saddle 1: Position = [0.13842474 0.27383089], Energy = -71.06551922277522
Saddle 2: Position = [-0.58847178  0.7378925 ], Energy = -31.401060611267518

Computational statistics:
	Total energy calls: 7911
	Energy calls at each min: [1, 1672, 7911]
	Total force calls: 7911
	Force calls at each min: [1, 1672, 7911]
	Total steps: 8326
	Total Biases: 66

Verification against reference:
True minima found: 3/3

Verification against reference (saddles):
True saddles found: 0/2
Missed saddles at positions:
[0.21248658 0.29298833]
[-0.82200156  0.6243128 ]
Starting run 2393
Identified minimum at position [0.6234994  0.02803776] with unbiased energy -108.16672411685238
Identified minimum at position [-0.05001679  0.46669516] with unbiased energy -80.7678181255344
Identified minimum at position [-0.55822361  1.44172587] with unbiased energy -146.6995172099538
Simulation completed.


Energies of found minima:
Minimum 1: Position = [0.6234994  0.02803776], Energy = -108.16672411685238
Minimum 2: Position = [-0.05001679  0.46669516], Energy = -80.7678181255344
Minimum 3: Position = [-0.55822361  1.44172587], Energy = -146.6995172099538

Approximate saddle points between minima:
Saddle 1: Position = [0.29839045 0.30934255], Energy = -70.74885697497515
Saddle 2: Position = [-0.1898248   0.11263844], Energy = -37.5075286510982

Computational statistics:
	Total energy calls: 7462
	Energy calls at each min: [1, 1409, 7462]
	Total force calls: 7462
	Force calls at each min: [1, 1409, 7462]
	Total steps: 7869
	Total Biases: 63

Verification against reference:
True minima found: 3/3

Verification against reference (saddles):
True saddles found: 0/2
Missed saddles at positions:
[0.21248658 0.29298833]
[-0.82200156  0.6243128 ]
Starting run 3564
Identified minimum at position [0.6234994  0.02803776] with unbiased energy -108.16672411685238
Identified minimum at position [-0.05001119  0.46669419] with unbiased energy -80.76781812964236
Identified minimum at position [-0.55822365  1.44172582] with unbiased energy -146.69951720995383
Simulation completed.


Energies of found minima:
Minimum 1: Position = [0.6234994  0.02803776], Energy = -108.16672411685238
Minimum 2: Position = [-0.05001119  0.46669419], Energy = -80.76781812964236
Minimum 3: Position = [-0.55822365  1.44172582], Energy = -146.69951720995383

Approximate saddle points between minima:
Saddle 1: Position = [0.23705359 0.29254866], Energy = -72.19394431330522
Saddle 2: Position = [-0.26809563  0.09143022], Energy = -28.275476239567045

Computational statistics:
	Total energy calls: 8694
	Energy calls at each min: [1, 1053, 8694]
	Total force calls: 8694
	Force calls at each min: [1, 1053, 8694]
	Total steps: 9156
	Total Biases: 70

Verification against reference:
True minima found: 3/3

Verification against reference (saddles):
True saddles found: 1/2
Missed saddles at positions:
[-0.82200156  0.6243128 ]
Starting run 3469
Identified minimum at position [0.6234994  0.02803776] with unbiased energy -108.16672411685238
Identified minimum at position [-0.05015265  0.46672441] with unbiased energy -80.76781570096847
Identified minimum at position [-0.55822365  1.44172582] with unbiased energy -146.69951720995388
Simulation completed.


Energies of found minima:
Minimum 1: Position = [0.6234994  0.02803776], Energy = -108.16672411685238
Minimum 2: Position = [-0.05015265  0.46672441], Energy = -80.76781570096847
Minimum 3: Position = [-0.55822365  1.44172582], Energy = -146.69951720995388

Approximate saddle points between minima:
Saddle 1: Position = [0.24901406 0.29795207], Energy = -72.01895831067654
Saddle 2: Position = [-0.8205306   0.62436691], Energy = -40.66504304953793

Computational statistics:
	Total energy calls: 7938
	Energy calls at each min: [1, 2137, 7938]
	Total force calls: 7938
	Force calls at each min: [1, 2137, 7938]
	Total steps: 8339
	Total Biases: 69

Verification against reference:
True minima found: 3/3

Verification against reference (saddles):
True saddles found: 2/2
Starting run 986
Identified minimum at position [0.6234994  0.02803776] with unbiased energy -108.16672411685238
Identified minimum at position [-0.05001116  0.46669416] with unbiased energy -80.76781812964578
Identified minimum at position [-0.55822364  1.44172583] with unbiased energy -146.69951720995397
Simulation completed.


Energies of found minima:
Minimum 1: Position = [0.6234994  0.02803776], Energy = -108.16672411685238
Minimum 2: Position = [-0.05001116  0.46669416], Energy = -80.76781812964578
Minimum 3: Position = [-0.55822364  1.44172583], Energy = -146.69951720995397

Approximate saddle points between minima:
Saddle 1: Position = [0.19841557 0.2719217 ], Energy = -72.16724329982847
Saddle 2: Position = [-0.27568378 -0.04316275], Energy = -13.934627250969662

Computational statistics:
	Total energy calls: 14662
	Energy calls at each min: [1, 1709, 14662]
	Total force calls: 14662
	Force calls at each min: [1, 1709, 14662]
	Total steps: 15454
	Total Biases: 118

Verification against reference:
True minima found: 3/3

Verification against reference (saddles):
True saddles found: 1/2
Missed saddles at positions:
[-0.82200156  0.6243128 ]
Starting run 1313
Identified minimum at position [0.6234994  0.02803776] with unbiased energy -108.16672411685238
Identified minimum at position [-0.05001145  0.46669425] with unbiased energy -80.76781812960996
Identified minimum at position [-0.55822362  1.44172585] with unbiased energy -146.69951720995397
Simulation completed.


Energies of found minima:
Minimum 1: Position = [0.6234994  0.02803776], Energy = -108.16672411685238
Minimum 2: Position = [-0.05001145  0.46669425], Energy = -80.76781812960996
Minimum 3: Position = [-0.55822362  1.44172585], Energy = -146.69951720995397

Approximate saddle points between minima:
Saddle 1: Position = [0.20439413 0.29705336], Energy = -72.26350931848887
Saddle 2: Position = [-0.81971022  0.60281862], Energy = -40.688573812952725

Computational statistics:
	Total energy calls: 4260
	Energy calls at each min: [1, 1680, 4260]
	Total force calls: 4260
	Force calls at each min: [1, 1680, 4260]
	Total steps: 4485
	Total Biases: 36

Verification against reference:
True minima found: 3/3

Verification against reference (saddles):
True saddles found: 2/2
Starting run 2030
Identified minimum at position [0.6234994  0.02803776] with unbiased energy -108.16672411685238
Identified minimum at position [-0.05003341  0.46670003] with unbiased energy -80.76781806322114
Identified minimum at position [-0.55822362  1.44172585] with unbiased energy -146.69951720995394
Simulation completed.


Energies of found minima:
Minimum 1: Position = [0.6234994  0.02803776], Energy = -108.16672411685238
Minimum 2: Position = [-0.05003341  0.46670003], Energy = -80.76781806322114
Minimum 3: Position = [-0.55822362  1.44172585], Energy = -146.69951720995394

Approximate saddle points between minima:
Saddle 1: Position = [0.14875647 0.192221  ], Energy = -70.71354145153214
Saddle 2: Position = [-0.49564905  0.24166512], Energy = -30.735158647159917

Computational statistics:
	Total energy calls: 5643
	Energy calls at each min: [1, 884, 5643]
	Total force calls: 5643
	Force calls at each min: [1, 884, 5643]
	Total steps: 5938
	Total Biases: 44

Verification against reference:
True minima found: 3/3

Verification against reference (saddles):
True saddles found: 0/2
Missed saddles at positions:
[0.21248658 0.29298833]
[-0.82200156  0.6243128 ]
Starting run 3508
Identified minimum at position [0.6234994  0.02803776] with unbiased energy -108.16672411685238
Identified minimum at position [-0.05017192  0.46674343] with unbiased energy -80.76781444856915
Identified minimum at position [-0.55822365  1.44172583] with unbiased energy -146.69951720995397
Simulation completed.


Energies of found minima:
Minimum 1: Position = [0.6234994  0.02803776], Energy = -108.16672411685238
Minimum 2: Position = [-0.05017192  0.46674343], Energy = -80.76781444856915
Minimum 3: Position = [-0.55822365  1.44172583], Energy = -146.69951720995397

Approximate saddle points between minima:
Saddle 1: Position = [0.25342213 0.29688519], Energy = -71.99345018678085
Saddle 2: Position = [-0.8438084   0.55578289], Energy = -39.59021190776044

Computational statistics:
	Total energy calls: 2255
	Energy calls at each min: [1, 1169, 2255]
	Total force calls: 2255
	Force calls at each min: [1, 1169, 2255]
	Total steps: 2374
	Total Biases: 20

Verification against reference:
True minima found: 3/3

Verification against reference (saddles):
True saddles found: 1/2
Missed saddles at positions:
[-0.82200156  0.6243128 ]
Starting run 3633
Identified minimum at position [0.6234994  0.02803776] with unbiased energy -108.16672411685238
Identified minimum at position [-0.05001082  0.46669411] with unbiased energy -80.76781812965898
Identified minimum at position [-0.55822362  1.44172586] with unbiased energy -146.69951720995388
Simulation completed.


Energies of found minima:
Minimum 1: Position = [0.6234994  0.02803776], Energy = -108.16672411685238
Minimum 2: Position = [-0.05001082  0.46669411], Energy = -80.76781812965898
Minimum 3: Position = [-0.55822362  1.44172586], Energy = -146.69951720995388

Approximate saddle points between minima:
Saddle 1: Position = [0.13997359 0.13711882], Energy = -70.60500769056429
Saddle 2: Position = [-0.80787718  0.64935377], Energy = -40.49345399564771

Computational statistics:
	Total energy calls: 6173
	Energy calls at each min: [1, 1527, 6173]
	Total force calls: 6173
	Force calls at each min: [1, 1527, 6173]
	Total steps: 6503
	Total Biases: 54

Verification against reference:
True minima found: 3/3

Verification against reference (saddles):
True saddles found: 1/2
Missed saddles at positions:
[0.21248658 0.29298833]
Starting run 2220
Identified minimum at position [0.6234994  0.02803776] with unbiased energy -108.16672411685238
Identified minimum at position [-0.05306311  0.46724337] with unbiased energy -80.76673566302014
Identified minimum at position [-0.55822364  1.44172583] with unbiased energy -146.69951720995397
Simulation completed.


Energies of found minima:
Minimum 1: Position = [0.6234994  0.02803776], Energy = -108.16672411685238
Minimum 2: Position = [-0.05306311  0.46724337], Energy = -80.76673566302014
Minimum 3: Position = [-0.55822364  1.44172583], Energy = -146.69951720995397

Approximate saddle points between minima:
Saddle 1: Position = [0.45091426 0.29942353], Energy = -64.7640138350791
Saddle 2: Position = [-0.82377447  0.60565235], Energy = -40.64249252925552

Computational statistics:
	Total energy calls: 7591
	Energy calls at each min: [1, 1704, 7591]
	Total force calls: 7591
	Force calls at each min: [1, 1704, 7591]
	Total steps: 7984
	Total Biases: 61

Verification against reference:
True minima found: 2/3
Missed minima at positions:
[-0.05001082  0.4666941 ]

Verification against reference (saddles):
True saddles found: 1/2
Missed saddles at positions:
[0.21248658 0.29298833]
Starting run 2209
Identified minimum at position [0.6234994  0.02803776] with unbiased energy -108.16672411685238
Identified minimum at position [-0.05105482  0.46695175] with unbiased energy -80.76767982429328
Approximate Hessian has condition number >1e6 and cannot be reliably trusted; reverting to default behavior. 
Eigenvalues: [3.96768261e-03 2.62717359e+04]
Identified minimum at position [-0.55822365  1.44172583] with unbiased energy -146.6995172099539
Simulation completed.


Energies of found minima:
Minimum 1: Position = [0.6234994  0.02803776], Energy = -108.16672411685238
Minimum 2: Position = [-0.05105482  0.46695175], Energy = -80.76767982429328
Minimum 3: Position = [-0.55822365  1.44172583], Energy = -146.6995172099539

Approximate saddle points between minima:
Saddle 1: Position = [0.1407631  0.21443226], Energy = -70.16945219742638
Saddle 2: Position = [-0.3168288   0.00211078], Energy = -15.158013175777747

Computational statistics:
	Total energy calls: 14973
	Energy calls at each min: [1, 2030, 14973]
	Total force calls: 14973
	Force calls at each min: [1, 2030, 14973]
	Total steps: 15761
	Total Biases: 123

Verification against reference:
True minima found: 2/3
Missed minima at positions:
[-0.05001082  0.4666941 ]

Verification against reference (saddles):
True saddles found: 0/2
Missed saddles at positions:
[0.21248658 0.29298833]
[-0.82200156  0.6243128 ]
Starting run 1358
Identified minimum at position [0.6234994  0.02803776] with unbiased energy -108.16672411685238
Identified minimum at position [-0.05085496  0.46685218] with unbiased energy -80.7677347453729
Identified minimum at position [-0.55822363  1.44172585] with unbiased energy -146.69951720995397
Simulation completed.


Energies of found minima:
Minimum 1: Position = [0.6234994  0.02803776], Energy = -108.16672411685238
Minimum 2: Position = [-0.05085496  0.46685218], Energy = -80.7677347453729
Minimum 3: Position = [-0.55822363  1.44172585], Energy = -146.69951720995397

Approximate saddle points between minima:
Saddle 1: Position = [0.11761695 0.09517148], Energy = -68.24297091849785
Saddle 2: Position = [0.0835224  0.75993487], Energy = -20.410161196588756

Computational statistics:
	Total energy calls: 9283
	Energy calls at each min: [1, 1029, 9283]
	Total force calls: 9283
	Force calls at each min: [1, 1029, 9283]
	Total steps: 9771
	Total Biases: 75

Verification against reference:
True minima found: 3/3

Verification against reference (saddles):
True saddles found: 0/2
Missed saddles at positions:
[0.21248658 0.29298833]
[-0.82200156  0.6243128 ]
