Starting run 1836
Identified minimum at position [0.6234994  0.02803776] with unbiased energy -108.1667241168524
Identified minimum at position [-0.05009612  0.46671663] with unbiased energy -80.76781717893854
Identified minimum at position [-0.55822365  1.44172582] with unbiased energy -146.6995172099539
Simulation completed.


Energies of found minima:
Minimum 1: Position = [0.6234994  0.02803776], Energy = -108.1667241168524
Minimum 2: Position = [-0.05009612  0.46671663], Energy = -80.76781717893854
Minimum 3: Position = [-0.55822365  1.44172582], Energy = -146.6995172099539

Approximate saddle points between minima:
Saddle 1: Position = [0.22109742 0.30423181], Energy = -72.21530712650656
Saddle 2: Position = [-0.79070902  0.64140237], Energy = -40.45407019789304

Computational statistics:
	Total energy calls: 6175
	Energy calls at each min: [1, 1193, 6175]
	Total force calls: 6175
	Force calls at each min: [1, 1193, 6175]
	Total steps: 6493
	Total Biases: 51

Verification against reference:
True minima found: 3/3

Verification against reference (saddles):
True saddles found: 2/2
Starting run 4616
Identified minimum at position [0.6234994  0.02803776] with unbiased energy -108.1667241168524
Identified minimum at position [-0.05015747  0.46672953] with unbiased energy -80.76781542458548
Identified minimum at position [-0.55822365  1.44172583] with unbiased energy -146.6995172099539
Simulation completed.


Energies of found minima:
Minimum 1: Position = [0.6234994  0.02803776], Energy = -108.1667241168524
Minimum 2: Position = [-0.05015747  0.46672953], Energy = -80.76781542458548
Minimum 3: Position = [-0.55822365  1.44172583], Energy = -146.6995172099539

Approximate saddle points between minima:
Saddle 1: Position = [0.24707776 0.30695649], Energy = -71.90455916382331
Saddle 2: Position = [-0.10447323 -0.02808627], Energy = -32.954969273547675

Computational statistics:
	Total energy calls: 16003
	Energy calls at each min: [1, 1639, 16003]
	Total force calls: 16003
	Force calls at each min: [1, 1639, 16003]
	Total steps: 16835
	Total Biases: 134

Verification against reference:
True minima found: 3/3

Verification against reference (saddles):
True saddles found: 1/2
Missed saddles at positions:
[-0.82200156  0.6243128 ]
Starting run 4433
Identified minimum at position [0.6234994  0.02803776] with unbiased energy -108.1667241168524
Identified minimum at position [-0.05001285  0.46669454] with unbiased energy -80.76781812916212
Identified minimum at position [-0.55822364  1.44172583] with unbiased energy -146.69951720995397
Simulation completed.


Energies of found minima:
Minimum 1: Position = [0.6234994  0.02803776], Energy = -108.1667241168524
Minimum 2: Position = [-0.05001285  0.46669454], Energy = -80.76781812916212
Minimum 3: Position = [-0.55822364  1.44172583], Energy = -146.69951720995397

Approximate saddle points between minima:
Saddle 1: Position = [0.25651907 0.34478298], Energy = -71.30681734396035
Saddle 2: Position = [0.5299821  0.48096361], Energy = -33.202113189607196

Computational statistics:
	Total energy calls: 9777
	Energy calls at each min: [1, 1963, 9777]
	Total force calls: 9777
	Force calls at each min: [1, 1963, 9777]
	Total steps: 10302
	Total Biases: 79

Verification against reference:
True minima found: 3/3

Verification against reference (saddles):
True saddles found: 0/2
Missed saddles at positions:
[0.21248658 0.29298833]
[-0.82200156  0.6243128 ]
Starting run 887
Identified minimum at position [0.6234994  0.02803776] with unbiased energy -108.1667241168524
Identified minimum at position [-0.05003056  0.46670393] with unbiased energy -80.76781804185102
Identified minimum at position [-0.55822362  1.44172586] with unbiased energy -146.6995172099539
Simulation completed.


Energies of found minima:
Minimum 1: Position = [0.6234994  0.02803776], Energy = -108.1667241168524
Minimum 2: Position = [-0.05003056  0.46670393], Energy = -80.76781804185102
Minimum 3: Position = [-0.55822362  1.44172586], Energy = -146.6995172099539

Approximate saddle points between minima:
Saddle 1: Position = [ 0.88646183 -0.1107157 ], Energy = -53.56733909907186
Saddle 2: Position = [-0.84280198  0.569045  ], Energy = -39.9140573698966

Computational statistics:
	Total energy calls: 4154
	Energy calls at each min: [1, 2133, 4154]
	Total force calls: 4154
	Force calls at each min: [1, 2133, 4154]
	Total steps: 4369
	Total Biases: 34

Verification against reference:
True minima found: 3/3

Verification against reference (saddles):
True saddles found: 0/2
Missed saddles at positions:
[0.21248658 0.29298833]
[-0.82200156  0.6243128 ]
Starting run 906
Identified minimum at position [0.6234994  0.02803776] with unbiased energy -108.1667241168524
Identified minimum at position [-0.05001405  0.46669483] with unbiased energy -80.76781812838294
Approximate Hessian has condition number >1e6 and cannot be reliably trusted; reverting to default behavior. 
Eigenvalues: [4.09781933e-08 9.18563470e+06]
Identified minimum at position [-0.55822366  1.44172582] with unbiased energy -146.69951720995383
Simulation completed.


Energies of found minima:
Minimum 1: Position = [0.6234994  0.02803776], Energy = -108.1667241168524
Minimum 2: Position = [-0.05001405  0.46669483], Energy = -80.76781812838294
Minimum 3: Position = [-0.55822366  1.44172582], Energy = -146.69951720995383

Approximate saddle points between minima:
Saddle 1: Position = [0.2084162 0.2942958], Energy = -72.25051856805243
Saddle 2: Position = [-0.80906381  0.61812452], Energy = -40.73289792735397

Computational statistics:
	Total energy calls: 7557
	Energy calls at each min: [1, 1442, 7557]
	Total force calls: 7557
	Force calls at each min: [1, 1442, 7557]
	Total steps: 7950
	Total Biases: 63

Verification against reference:
True minima found: 3/3

Verification against reference (saddles):
True saddles found: 2/2
Starting run 3362
Identified minimum at position [0.6234994  0.02803776] with unbiased energy -108.1667241168524
Identified minimum at position [-0.05001115  0.46669419] with unbiased energy -80.76781812964452
Identified minimum at position [-0.55822362  1.44172586] with unbiased energy -146.6995172099539
Simulation completed.


Energies of found minima:
Minimum 1: Position = [0.6234994  0.02803776], Energy = -108.1667241168524
Minimum 2: Position = [-0.05001115  0.46669419], Energy = -80.76781812964452
Minimum 3: Position = [-0.55822362  1.44172586], Energy = -146.6995172099539

Approximate saddle points between minima:
Saddle 1: Position = [0.1866131  0.23767926], Energy = -72.11127778017357
Saddle 2: Position = [-0.23181968  0.15106059], Energy = -37.56565478509434

Computational statistics:
	Total energy calls: 7296
	Energy calls at each min: [1, 1374, 7296]
	Total force calls: 7296
	Force calls at each min: [1, 1374, 7296]
	Total steps: 7678
	Total Biases: 60

Verification against reference:
True minima found: 3/3

Verification against reference (saddles):
True saddles found: 0/2
Missed saddles at positions:
[0.21248658 0.29298833]
[-0.82200156  0.6243128 ]
Starting run 2757
Identified minimum at position [0.6234994  0.02803776] with unbiased energy -108.1667241168524
Identified minimum at position [-0.55822364  1.44172584] with unbiased energy -146.699517209954
Approximate Hessian has condition number >1e6 and cannot be reliably trusted; reverting to default behavior. 
Eigenvalues: [4.19514038e-03 5.60262183e+06]
Approximate Hessian has condition number >1e6 and cannot be reliably trusted; reverting to default behavior. 
Eigenvalues: [7.66439823e-04 4.41475963e+03]
Approximate Hessian has condition number >1e6 and cannot be reliably trusted; reverting to default behavior. 
Eigenvalues: [4.84191114e-05 3.36255330e+06]
Simulation completed.


Energies of found minima:
Minimum 1: Position = [0.6234994  0.02803776], Energy = -108.1667241168524
Minimum 2: Position = [-0.55822364  1.44172584], Energy = -146.699517209954

Approximate saddle points between minima:
Saddle 1: Position = [0.37840393 0.65850679], Energy = -22.786650282971706

Computational statistics:
	Total energy calls: 633663
	Energy calls at each min: [1, 7904]
	Total force calls: 633663
	Force calls at each min: [1, 7904]
	Total steps: 666703
	Total Biases: 5000

Verification against reference:
True minima found: 2/3
Missed minima at positions:
[-0.05001082  0.4666941 ]

Verification against reference (saddles):
True saddles found: 0/2
Missed saddles at positions:
[0.21248658 0.29298833]
[-0.82200156  0.6243128 ]
Starting run 3607
Identified minimum at position [0.6234994  0.02803776] with unbiased energy -108.1667241168524
Identified minimum at position [-0.0503228   0.46677209] with unbiased energy -80.7678057170466
Identified minimum at position [-0.55822365  1.44172582] with unbiased energy -146.69951720995388
Simulation completed.


Energies of found minima:
Minimum 1: Position = [0.6234994  0.02803776], Energy = -108.1667241168524
Minimum 2: Position = [-0.0503228   0.46677209], Energy = -80.7678057170466
Minimum 3: Position = [-0.55822365  1.44172582], Energy = -146.69951720995388

Approximate saddle points between minima:
Saddle 1: Position = [0.13668723 0.19795626], Energy = -69.91901202083699
Saddle 2: Position = [-0.7293138   0.67267365], Energy = -38.95299634729423

Computational statistics:
	Total energy calls: 9316
	Energy calls at each min: [1, 2125, 9316]
	Total force calls: 9316
	Force calls at each min: [1, 2125, 9316]
	Total steps: 9785
	Total Biases: 75

Verification against reference:
True minima found: 3/3

Verification against reference (saddles):
True saddles found: 0/2
Missed saddles at positions:
[0.21248658 0.29298833]
[-0.82200156  0.6243128 ]
Starting run 3911
Identified minimum at position [0.6234994  0.02803776] with unbiased energy -108.1667241168524
Identified minimum at position [-0.05016798  0.46672588] with unbiased energy -80.76781519069853
Identified minimum at position [-0.55822363  1.44172585] with unbiased energy -146.699517209954
Simulation completed.


Energies of found minima:
Minimum 1: Position = [0.6234994  0.02803776], Energy = -108.1667241168524
Minimum 2: Position = [-0.05016798  0.46672588], Energy = -80.76781519069853
Minimum 3: Position = [-0.55822363  1.44172585], Energy = -146.699517209954

Approximate saddle points between minima:
Saddle 1: Position = [0.15167283 0.13086002], Energy = -71.7443973392304
Saddle 2: Position = [-0.82852175  0.61725485], Energy = -40.6421575525945

Computational statistics:
	Total energy calls: 5460
	Energy calls at each min: [1, 1125, 5460]
	Total force calls: 5460
	Force calls at each min: [1, 1125, 5460]
	Total steps: 5745
	Total Biases: 45

Verification against reference:
True minima found: 3/3

Verification against reference (saddles):
True saddles found: 1/2
Missed saddles at positions:
[0.21248658 0.29298833]
Starting run 3947
Identified minimum at position [0.6234994  0.02803776] with unbiased energy -108.1667241168524
Identified minimum at position [-0.05001088  0.46669411] with unbiased energy -80.76781812965868
Identified minimum at position [-0.55822364  1.44172583] with unbiased energy -146.69951720995397
Simulation completed.


Energies of found minima:
Minimum 1: Position = [0.6234994  0.02803776], Energy = -108.1667241168524
Minimum 2: Position = [-0.05001088  0.46669411], Energy = -80.76781812965868
Minimum 3: Position = [-0.55822364  1.44172583], Energy = -146.69951720995397

Approximate saddle points between minima:
Saddle 1: Position = [ 0.68118048 -0.13885184], Energy = -64.79747267785551
Saddle 2: Position = [-0.81238448  0.61180069], Energy = -40.74733725422091

Computational statistics:
	Total energy calls: 4721
	Energy calls at each min: [1, 1823, 4721]
	Total force calls: 4721
	Force calls at each min: [1, 1823, 4721]
	Total steps: 4976
	Total Biases: 43

Verification against reference:
True minima found: 3/3

Verification against reference (saddles):
True saddles found: 1/2
Missed saddles at positions:
[0.21248658 0.29298833]
Starting run 4595
Identified minimum at position [0.6234994  0.02803776] with unbiased energy -108.1667241168524
Identified minimum at position [-0.05001083  0.46669411] with unbiased energy -80.76781812965902
Identified minimum at position [-0.55822365  1.44172582] with unbiased energy -146.69951720995388
Simulation completed.


Energies of found minima:
Minimum 1: Position = [0.6234994  0.02803776], Energy = -108.1667241168524
Minimum 2: Position = [-0.05001083  0.46669411], Energy = -80.76781812965902
Minimum 3: Position = [-0.55822365  1.44172582], Energy = -146.69951720995388

Approximate saddle points between minima:
Saddle 1: Position = [0.14566618 0.14579151], Energy = -71.02647327167165
Saddle 2: Position = [-0.75492522  0.66981165], Energy = -39.363582365948176

Computational statistics:
	Total energy calls: 5963
	Energy calls at each min: [1, 983, 5963]
	Total force calls: 5963
	Force calls at each min: [1, 983, 5963]
	Total steps: 6286
	Total Biases: 49

Verification against reference:
True minima found: 3/3

Verification against reference (saddles):
True saddles found: 0/2
Missed saddles at positions:
[0.21248658 0.29298833]
[-0.82200156  0.6243128 ]
Starting run 684
Identified minimum at position [0.6234994  0.02803776] with unbiased energy -108.1667241168524
Identified minimum at position [-0.05001215  0.46669452] with unbiased energy -80.7678181294084
Identified minimum at position [-0.55822364  1.44172584] with unbiased energy -146.69951720995402
Simulation completed.


Energies of found minima:
Minimum 1: Position = [0.6234994  0.02803776], Energy = -108.1667241168524
Minimum 2: Position = [-0.05001215  0.46669452], Energy = -80.7678181294084
Minimum 3: Position = [-0.55822364  1.44172584], Energy = -146.69951720995402

Approximate saddle points between minima:
Saddle 1: Position = [0.18238043 0.29967245], Energy = -72.275591128736
Saddle 2: Position = [-0.7920944   0.68939249], Energy = -39.90278467570701

Computational statistics:
	Total energy calls: 7102
	Energy calls at each min: [1, 1853, 7102]
	Total force calls: 7102
	Force calls at each min: [1, 1853, 7102]
	Total steps: 7476
	Total Biases: 57

Verification against reference:
True minima found: 3/3

Verification against reference (saddles):
True saddles found: 1/2
Missed saddles at positions:
[-0.82200156  0.6243128 ]
Starting run 2088
Identified minimum at position [0.6234994  0.02803776] with unbiased energy -108.1667241168524
Identified minimum at position [-0.05101915  0.46691286] with unbiased energy -80.76769480373117
Identified minimum at position [-0.55822365  1.44172583] with unbiased energy -146.6995172099539
Simulation completed.


Energies of found minima:
Minimum 1: Position = [0.6234994  0.02803776], Energy = -108.1667241168524
Minimum 2: Position = [-0.05101915  0.46691286], Energy = -80.76769480373117
Minimum 3: Position = [-0.55822365  1.44172583], Energy = -146.6995172099539

Approximate saddle points between minima:
Saddle 1: Position = [0.09740631 0.10923115], Energy = -66.32665896525612
Saddle 2: Position = [-0.8234771   0.49738478], Energy = -38.44559236427056

Computational statistics:
	Total energy calls: 5788
	Energy calls at each min: [1, 2441, 5788]
	Total force calls: 5788
	Force calls at each min: [1, 2441, 5788]
	Total steps: 6095
	Total Biases: 48

Verification against reference:
True minima found: 2/3
Missed minima at positions:
[-0.05001082  0.4666941 ]

Verification against reference (saddles):
True saddles found: 0/2
Missed saddles at positions:
[0.21248658 0.29298833]
[-0.82200156  0.6243128 ]
Starting run 4271
Identified minimum at position [0.6234994  0.02803776] with unbiased energy -108.1667241168524
Identified minimum at position [-0.05001523  0.46669512] with unbiased energy -80.76781812725322
Identified minimum at position [-0.55822366  1.44172582] with unbiased energy -146.6995172099538
Simulation completed.


Energies of found minima:
Minimum 1: Position = [0.6234994  0.02803776], Energy = -108.1667241168524
Minimum 2: Position = [-0.05001523  0.46669512], Energy = -80.76781812725322
Minimum 3: Position = [-0.55822366  1.44172582], Energy = -146.6995172099538

Approximate saddle points between minima:
Saddle 1: Position = [0.26900918 0.30954649], Energy = -71.46261896995314
Saddle 2: Position = [-0.77742193  0.64150272], Energy = -40.42830462802024

Computational statistics:
	Total energy calls: 5686
	Energy calls at each min: [1, 1130, 5686]
	Total force calls: 5686
	Force calls at each min: [1, 1130, 5686]
	Total steps: 5979
	Total Biases: 48

Verification against reference:
True minima found: 3/3

Verification against reference (saddles):
True saddles found: 1/2
Missed saddles at positions:
[0.21248658 0.29298833]
Starting run 2578
Identified minimum at position [0.6234994  0.02803776] with unbiased energy -108.1667241168524
Identified minimum at position [-0.05093293  0.46689707] with unbiased energy -80.76771454502611
Identified minimum at position [-0.55822363  1.44172584] with unbiased energy -146.699517209954
Simulation completed.


Energies of found minima:
Minimum 1: Position = [0.6234994  0.02803776], Energy = -108.1667241168524
Minimum 2: Position = [-0.05093293  0.46689707], Energy = -80.76771454502611
Minimum 3: Position = [-0.55822363  1.44172584], Energy = -146.699517209954

Approximate saddle points between minima:
Saddle 1: Position = [0.26074527 0.31891498], Energy = -71.46450550103407
Saddle 2: Position = [-0.83603449  0.56178625], Energy = -39.96450973456642

Computational statistics:
	Total energy calls: 9289
	Energy calls at each min: [1, 1823, 9289]
	Total force calls: 9289
	Force calls at each min: [1, 1823, 9289]
	Total steps: 9772
	Total Biases: 77

Verification against reference:
True minima found: 3/3

Verification against reference (saddles):
True saddles found: 0/2
Missed saddles at positions:
[0.21248658 0.29298833]
[-0.82200156  0.6243128 ]
Starting run 313
Identified minimum at position [0.6234994  0.02803776] with unbiased energy -108.1667241168524
Identified minimum at position [-0.05011034  0.46671984] with unbiased energy -80.76781684790828
Identified minimum at position [-0.55822362  1.44172586] with unbiased energy -146.69951720995385
Simulation completed.


Energies of found minima:
Minimum 1: Position = [0.6234994  0.02803776], Energy = -108.1667241168524
Minimum 2: Position = [-0.05011034  0.46671984], Energy = -80.76781684790828
Minimum 3: Position = [-0.55822362  1.44172586], Energy = -146.69951720995385

Approximate saddle points between minima:
Saddle 1: Position = [0.89172159 0.09998449], Energy = -71.4015767975133
Saddle 2: Position = [-0.7835107   0.45527462], Energy = -38.497597603193476

Computational statistics:
	Total energy calls: 10165
	Energy calls at each min: [1, 2434, 10165]
	Total force calls: 10165
	Force calls at each min: [1, 2434, 10165]
	Total steps: 10716
	Total Biases: 86

Verification against reference:
True minima found: 3/3

Verification against reference (saddles):
True saddles found: 0/2
Missed saddles at positions:
[0.21248658 0.29298833]
[-0.82200156  0.6243128 ]
Starting run 3021
Identified minimum at position [0.6234994  0.02803776] with unbiased energy -108.1667241168524
Identified minimum at position [-0.05068991  0.46686447] with unbiased energy -80.76775921911629
Identified minimum at position [-0.55822362  1.44172586] with unbiased energy -146.69951720995388
Simulation completed.


Energies of found minima:
Minimum 1: Position = [0.6234994  0.02803776], Energy = -108.1667241168524
Minimum 2: Position = [-0.05068991  0.46686447], Energy = -80.76775921911629
Minimum 3: Position = [-0.55822362  1.44172586], Energy = -146.69951720995388

Approximate saddle points between minima:
Saddle 1: Position = [0.16853565 0.28968301], Energy = -71.98754524956072
Saddle 2: Position = [-0.06299659 -0.03040918], Energy = -37.31789506531305

Computational statistics:
	Total energy calls: 7017
	Energy calls at each min: [1, 481, 7017]
	Total force calls: 7017
	Force calls at each min: [1, 481, 7017]
	Total steps: 7392
	Total Biases: 59

Verification against reference:
True minima found: 3/3

Verification against reference (saddles):
True saddles found: 1/2
Missed saddles at positions:
[-0.82200156  0.6243128 ]
Starting run 4792
Identified minimum at position [0.6234994  0.02803776] with unbiased energy -108.1667241168524
Identified minimum at position [-0.05002075  0.46669527] with unbiased energy -80.76781811862456
Identified minimum at position [-0.55822365  1.44172583] with unbiased energy -146.699517209954
Simulation completed.


Energies of found minima:
Minimum 1: Position = [0.6234994  0.02803776], Energy = -108.1667241168524
Minimum 2: Position = [-0.05002075  0.46669527], Energy = -80.76781811862456
Minimum 3: Position = [-0.55822365  1.44172583], Energy = -146.699517209954

Approximate saddle points between minima:
Saddle 1: Position = [0.96897126 0.05715215], Energy = -60.47406646410579
Saddle 2: Position = [-0.86079565  0.60132752], Energy = -40.30067195487264

Computational statistics:
	Total energy calls: 7376
	Energy calls at each min: [1, 3206, 7376]
	Total force calls: 7376
	Force calls at each min: [1, 3206, 7376]
	Total steps: 7770
	Total Biases: 62

Verification against reference:
True minima found: 3/3

Verification against reference (saddles):
True saddles found: 1/2
Missed saddles at positions:
[0.21248658 0.29298833]
Starting run 1914
Identified minimum at position [0.6234994  0.02803776] with unbiased energy -108.1667241168524
Identified minimum at position [-0.05048857  0.46684035] with unbiased energy -80.76778575537485
Identified minimum at position [-0.55822364  1.44172583] with unbiased energy -146.699517209954
Simulation completed.


Energies of found minima:
Minimum 1: Position = [0.6234994  0.02803776], Energy = -108.1667241168524
Minimum 2: Position = [-0.05048857  0.46684035], Energy = -80.76778575537485
Minimum 3: Position = [-0.55822364  1.44172583], Energy = -146.699517209954

Approximate saddle points between minima:
Saddle 1: Position = [0.11220865 0.00367163], Energy = -62.5873693320287
Saddle 2: Position = [ 0.17241957 -0.22801851], Energy = -12.872890802085621

Computational statistics:
	Total energy calls: 15321
	Energy calls at each min: [1, 2044, 15321]
	Total force calls: 15321
	Force calls at each min: [1, 2044, 15321]
	Total steps: 16158
	Total Biases: 122

Verification against reference:
True minima found: 3/3

Verification against reference (saddles):
True saddles found: 0/2
Missed saddles at positions:
[0.21248658 0.29298833]
[-0.82200156  0.6243128 ]
Starting run 3315
Identified minimum at position [0.6234994  0.02803776] with unbiased energy -108.1667241168524
Identified minimum at position [-0.05003578  0.46669845] with unbiased energy -80.76781805769365
Identified minimum at position [-0.55822364  1.44172584] with unbiased energy -146.699517209954
Simulation completed.


Energies of found minima:
Minimum 1: Position = [0.6234994  0.02803776], Energy = -108.1667241168524
Minimum 2: Position = [-0.05003578  0.46669845], Energy = -80.76781805769365
Minimum 3: Position = [-0.55822364  1.44172584], Energy = -146.699517209954

Approximate saddle points between minima:
Saddle 1: Position = [ 0.97575906 -0.03905763], Energy = -55.7193763433076
Saddle 2: Position = [-0.82470501  0.62722671], Energy = -40.67069639506917

Computational statistics:
	Total energy calls: 6274
	Energy calls at each min: [1, 1624, 6274]
	Total force calls: 6274
	Force calls at each min: [1, 1624, 6274]
	Total steps: 6620
	Total Biases: 51

Verification against reference:
True minima found: 3/3

Verification against reference (saddles):
True saddles found: 1/2
Missed saddles at positions:
[0.21248658 0.29298833]
Starting run 184
Identified minimum at position [0.6234994  0.02803776] with unbiased energy -108.1667241168524
Identified minimum at position [-0.05003972  0.46669973] with unbiased energy -80.76781803117564
Identified minimum at position [-0.55822365  1.44172583] with unbiased energy -146.69951720995397
Simulation completed.


Energies of found minima:
Minimum 1: Position = [0.6234994  0.02803776], Energy = -108.1667241168524
Minimum 2: Position = [-0.05003972  0.46669973], Energy = -80.76781803117564
Minimum 3: Position = [-0.55822365  1.44172583], Energy = -146.69951720995397

Approximate saddle points between minima:
Saddle 1: Position = [0.45158355 0.30597146], Energy = -63.83594959794661
Saddle 2: Position = [-0.52947591  0.29706533], Energy = -37.74957702025056

Computational statistics:
	Total energy calls: 13365
	Energy calls at each min: [1, 2223, 13365]
	Total force calls: 13365
	Force calls at each min: [1, 2223, 13365]
	Total steps: 14086
	Total Biases: 107

Verification against reference:
True minima found: 3/3

Verification against reference (saddles):
True saddles found: 0/2
Missed saddles at positions:
[0.21248658 0.29298833]
[-0.82200156  0.6243128 ]
Starting run 3352
Identified minimum at position [0.6234994  0.02803776] with unbiased energy -108.1667241168524
Identified minimum at position [-0.05025369  0.4667501 ] with unbiased energy -80.76781083577687
Identified minimum at position [-0.55822366  1.44172582] with unbiased energy -146.69951720995383
Simulation completed.


Energies of found minima:
Minimum 1: Position = [0.6234994  0.02803776], Energy = -108.1667241168524
Minimum 2: Position = [-0.05025369  0.4667501 ], Energy = -80.76781083577687
Minimum 3: Position = [-0.55822366  1.44172582], Energy = -146.69951720995383

Approximate saddle points between minima:
Saddle 1: Position = [0.57990778 0.24653018], Energy = -66.16262911677714
Saddle 2: Position = [0.62902924 0.35974963], Energy = -34.5769488029017

Computational statistics:
	Total energy calls: 18032
	Energy calls at each min: [1, 3715, 18032]
	Total force calls: 18032
	Force calls at each min: [1, 3715, 18032]
	Total steps: 18980
	Total Biases: 142

Verification against reference:
True minima found: 3/3

Verification against reference (saddles):
True saddles found: 0/2
Missed saddles at positions:
[0.21248658 0.29298833]
[-0.82200156  0.6243128 ]
Starting run 790
Identified minimum at position [0.6234994  0.02803776] with unbiased energy -108.1667241168524
Identified minimum at position [-0.05162252  0.46715574] with unbiased energy -80.76746387259523
Identified minimum at position [-0.55822365  1.44172583] with unbiased energy -146.69951720995397
Simulation completed.


Energies of found minima:
Minimum 1: Position = [0.6234994  0.02803776], Energy = -108.1667241168524
Minimum 2: Position = [-0.05162252  0.46715574], Energy = -80.76746387259523
Minimum 3: Position = [-0.55822365  1.44172583], Energy = -146.69951720995397

Approximate saddle points between minima:
Saddle 1: Position = [0.24904565 0.31317324], Energy = -71.79495175482967
Saddle 2: Position = [-0.81493248  0.63980628], Energy = -40.6105449790672

Computational statistics:
	Total energy calls: 9982
	Energy calls at each min: [1, 2169, 9982]
	Total force calls: 9982
	Force calls at each min: [1, 2169, 9982]
	Total steps: 10485
	Total Biases: 80

Verification against reference:
True minima found: 2/3
Missed minima at positions:
[-0.05001082  0.4666941 ]

Verification against reference (saddles):
True saddles found: 2/2
Starting run 4389
Identified minimum at position [0.6234994  0.02803776] with unbiased energy -108.1667241168524
Identified minimum at position [-0.05045656  0.46681034] with unbiased energy -80.76779231393616
Identified minimum at position [-0.55822362  1.44172586] with unbiased energy -146.6995172099539
Simulation completed.


Energies of found minima:
Minimum 1: Position = [0.6234994  0.02803776], Energy = -108.1667241168524
Minimum 2: Position = [-0.05045656  0.46681034], Energy = -80.76779231393616
Minimum 3: Position = [-0.55822362  1.44172586], Energy = -146.6995172099539

Approximate saddle points between minima:
Saddle 1: Position = [0.21063625 0.27888096], Energy = -72.27822130442021
Saddle 2: Position = [-0.8648258   0.56597244], Energy = -39.30297256131761

Computational statistics:
	Total energy calls: 5153
	Energy calls at each min: [1, 1095, 5153]
	Total force calls: 5153
	Force calls at each min: [1, 1095, 5153]
	Total steps: 5419
	Total Biases: 42

Verification against reference:
True minima found: 3/3

Verification against reference (saddles):
True saddles found: 1/2
Missed saddles at positions:
[-0.82200156  0.6243128 ]
Starting run 4793
Identified minimum at position [0.6234994  0.02803776] with unbiased energy -108.1667241168524
Identified minimum at position [-0.05065357  0.46681905] with unbiased energy -80.7677694116876
Identified minimum at position [-0.55822365  1.44172583] with unbiased energy -146.69951720995397
Simulation completed.


Energies of found minima:
Minimum 1: Position = [0.6234994  0.02803776], Energy = -108.1667241168524
Minimum 2: Position = [-0.05065357  0.46681905], Energy = -80.7677694116876
Minimum 3: Position = [-0.55822365  1.44172583], Energy = -146.69951720995397

Approximate saddle points between minima:
Saddle 1: Position = [0.14298266 0.27622676], Energy = -71.23926001655465
Saddle 2: Position = [-0.77542241  0.63471435], Energy = -40.62182829084152

Computational statistics:
	Total energy calls: 10735
	Energy calls at each min: [1, 1988, 10735]
	Total force calls: 10735
	Force calls at each min: [1, 1988, 10735]
	Total steps: 11309
	Total Biases: 86

Verification against reference:
True minima found: 3/3

Verification against reference (saddles):
True saddles found: 1/2
Missed saddles at positions:
[0.21248658 0.29298833]
Starting run 4523
Identified minimum at position [0.6234994  0.02803776] with unbiased energy -108.1667241168524
Identified minimum at position [-0.05001086  0.46669411] with unbiased energy -80.76781812965888
Identified minimum at position [-0.55822365  1.44172583] with unbiased energy -146.69951720995394
Simulation completed.


Energies of found minima:
Minimum 1: Position = [0.6234994  0.02803776], Energy = -108.1667241168524
Minimum 2: Position = [-0.05001086  0.46669411], Energy = -80.76781812965888
Minimum 3: Position = [-0.55822365  1.44172583], Energy = -146.69951720995394

Approximate saddle points between minima:
Saddle 1: Position = [0.15619246 0.2299117 ], Energy = -70.95231089750382
Saddle 2: Position = [-0.81593911  0.59876065], Energy = -40.74770749337172

Computational statistics:
	Total energy calls: 2573
	Energy calls at each min: [1, 1526, 2573]
	Total force calls: 2573
	Force calls at each min: [1, 1526, 2573]
	Total steps: 2706
	Total Biases: 24

Verification against reference:
True minima found: 3/3

Verification against reference (saddles):
True saddles found: 1/2
Missed saddles at positions:
[0.21248658 0.29298833]
