Starting run 4413
Identified minimum at position [0.6234994  0.02803776] with unbiased energy -108.1667241168524
Identified minimum at position [-0.05003156  0.46669823] with unbiased energy -80.76781807868932
Identified minimum at position [-0.55822365  1.44172583] with unbiased energy -146.69951720995394
Simulation completed.


Energies of found minima:
Minimum 1: Position = [0.6234994  0.02803776], Energy = -108.1667241168524
Minimum 2: Position = [-0.05003156  0.46669823], Energy = -80.76781807868932
Minimum 3: Position = [-0.55822365  1.44172583], Energy = -146.69951720995394

Approximate saddle points between minima:
Saddle 1: Position = [0.38750544 0.31089752], Energy = -67.11411144280727
Saddle 2: Position = [-0.8275694   0.61075057], Energy = -40.62280327202086

Computational statistics:
	Total energy calls: 8704
	Energy calls at each min: [1, 2588, 8704]
	Total force calls: 8704
	Force calls at each min: [1, 2588, 8704]
	Total steps: 9167
	Total Biases: 73

Verification against reference:
True minima found: 3/3

Verification against reference (saddles):
True saddles found: 1/2
Missed saddles at positions:
[0.21248658 0.29298833]
Starting run 3702
Identified minimum at position [0.6234994  0.02803776] with unbiased energy -108.1667241168524
Identified minimum at position [-0.05001448  0.46669498] with unbiased energy -80.76781812798512
Identified minimum at position [-0.55822362  1.44172586] with unbiased energy -146.69951720995388
Simulation completed.


Energies of found minima:
Minimum 1: Position = [0.6234994  0.02803776], Energy = -108.1667241168524
Minimum 2: Position = [-0.05001448  0.46669498], Energy = -80.76781812798512
Minimum 3: Position = [-0.55822362  1.44172586], Energy = -146.69951720995388

Approximate saddle points between minima:
Saddle 1: Position = [0.32781037 0.31510047], Energy = -69.4995505254135
Saddle 2: Position = [-0.81172366  0.46101195], Energy = -36.984753356967076

Computational statistics:
	Total energy calls: 1926
	Energy calls at each min: [1, 1151, 1926]
	Total force calls: 1926
	Force calls at each min: [1, 1151, 1926]
	Total steps: 2027
	Total Biases: 16

Verification against reference:
True minima found: 3/3

Verification against reference (saddles):
True saddles found: 0/2
Missed saddles at positions:
[0.21248658 0.29298833]
[-0.82200156  0.6243128 ]
Starting run 2422
Identified minimum at position [0.6234994  0.02803776] with unbiased energy -108.1667241168524
Identified minimum at position [-0.05001647  0.46669546] with unbiased energy -80.76781812566128
Identified minimum at position [-0.55822362  1.44172586] with unbiased energy -146.6995172099539
Simulation completed.


Energies of found minima:
Minimum 1: Position = [0.6234994  0.02803776], Energy = -108.1667241168524
Minimum 2: Position = [-0.05001647  0.46669546], Energy = -80.76781812566128
Minimum 3: Position = [-0.55822362  1.44172586], Energy = -146.6995172099539

Approximate saddle points between minima:
Saddle 1: Position = [0.20438179 0.29982321], Energy = -72.28165088893535
Saddle 2: Position = [-0.46994971  0.2530482 ], Energy = -34.4485999350276

Computational statistics:
	Total energy calls: 5668
	Energy calls at each min: [1, 457, 5668]
	Total force calls: 5668
	Force calls at each min: [1, 457, 5668]
	Total steps: 5969
	Total Biases: 46

Verification against reference:
True minima found: 3/3

Verification against reference (saddles):
True saddles found: 1/2
Missed saddles at positions:
[-0.82200156  0.6243128 ]
Starting run 842
Identified minimum at position [0.6234994  0.02803776] with unbiased energy -108.1667241168524
Identified minimum at position [-0.05065475  0.46684792] with unbiased energy -80.76776618869857
Identified minimum at position [-0.55822362  1.44172586] with unbiased energy -146.6995172099539
Simulation completed.


Energies of found minima:
Minimum 1: Position = [0.6234994  0.02803776], Energy = -108.1667241168524
Minimum 2: Position = [-0.05065475  0.46684792], Energy = -80.76776618869857
Minimum 3: Position = [-0.55822362  1.44172586], Energy = -146.6995172099539

Approximate saddle points between minima:
Saddle 1: Position = [0.10374379 0.19462234], Energy = -67.75426996882968
Saddle 2: Position = [-0.19352944  0.09351949], Energy = -35.44244631587438

Computational statistics:
	Total energy calls: 6823
	Energy calls at each min: [1, 1416, 6823]
	Total force calls: 6823
	Force calls at each min: [1, 1416, 6823]
	Total steps: 7187
	Total Biases: 57

Verification against reference:
True minima found: 3/3

Verification against reference (saddles):
True saddles found: 0/2
Missed saddles at positions:
[0.21248658 0.29298833]
[-0.82200156  0.6243128 ]
Starting run 2818
Identified minimum at position [0.6234994  0.02803776] with unbiased energy -108.1667241168524
Identified minimum at position [-0.05013192  0.46671541] with unbiased energy -80.76781643273628
Identified minimum at position [-0.55822363  1.44172585] with unbiased energy -146.699517209954
Simulation completed.


Energies of found minima:
Minimum 1: Position = [0.6234994  0.02803776], Energy = -108.1667241168524
Minimum 2: Position = [-0.05013192  0.46671541], Energy = -80.76781643273628
Minimum 3: Position = [-0.55822363  1.44172585], Energy = -146.699517209954

Approximate saddle points between minima:
Saddle 1: Position = [0.13790707 0.19772684], Energy = -69.99572045836001
Saddle 2: Position = [-0.41861078  0.24180748], Energy = -36.1746129572054

Computational statistics:
	Total energy calls: 12436
	Energy calls at each min: [1, 1839, 12436]
	Total force calls: 12436
	Force calls at each min: [1, 1839, 12436]
	Total steps: 13064
	Total Biases: 100

Verification against reference:
True minima found: 3/3

Verification against reference (saddles):
True saddles found: 0/2
Missed saddles at positions:
[0.21248658 0.29298833]
[-0.82200156  0.6243128 ]
Starting run 1994
Identified minimum at position [0.6234994  0.02803776] with unbiased energy -108.1667241168524
Identified minimum at position [-0.05001198  0.4666944 ] with unbiased energy -80.76781812948549
Identified minimum at position [-0.55822362  1.44172586] with unbiased energy -146.6995172099539
Simulation completed.


Energies of found minima:
Minimum 1: Position = [0.6234994  0.02803776], Energy = -108.1667241168524
Minimum 2: Position = [-0.05001198  0.4666944 ], Energy = -80.76781812948549
Minimum 3: Position = [-0.55822362  1.44172586], Energy = -146.6995172099539

Approximate saddle points between minima:
Saddle 1: Position = [0.20636007 0.27319063], Energy = -72.26643088917669
Saddle 2: Position = [-0.41938004  0.17423342], Energy = -25.753978356623495

Computational statistics:
	Total energy calls: 7208
	Energy calls at each min: [1, 882, 7208]
	Total force calls: 7208
	Force calls at each min: [1, 882, 7208]
	Total steps: 7587
	Total Biases: 59

Verification against reference:
True minima found: 3/3

Verification against reference (saddles):
True saddles found: 1/2
Missed saddles at positions:
[-0.82200156  0.6243128 ]
Starting run 4865
Identified minimum at position [0.6234994  0.02803776] with unbiased energy -108.1667241168524
Identified minimum at position [-0.05001122  0.46669427] with unbiased energy -80.76781812962986
Identified minimum at position [-0.55822362  1.44172586] with unbiased energy -146.69951720995394
Simulation completed.


Energies of found minima:
Minimum 1: Position = [0.6234994  0.02803776], Energy = -108.1667241168524
Minimum 2: Position = [-0.05001122  0.46669427], Energy = -80.76781812962986
Minimum 3: Position = [-0.55822362  1.44172586], Energy = -146.69951720995394

Approximate saddle points between minima:
Saddle 1: Position = [0.93944722 0.02014446], Energy = -71.89559342411636
Saddle 2: Position = [-0.84250313  0.62430695], Energy = -40.71222753982667

Computational statistics:
	Total energy calls: 9944
	Energy calls at each min: [1, 2605, 9944]
	Total force calls: 9944
	Force calls at each min: [1, 2605, 9944]
	Total steps: 10463
	Total Biases: 86

Verification against reference:
True minima found: 3/3

Verification against reference (saddles):
True saddles found: 1/2
Missed saddles at positions:
[0.21248658 0.29298833]
Starting run 3016
Identified minimum at position [0.6234994  0.02803776] with unbiased energy -108.1667241168524
Identified minimum at position [-0.05001103  0.46669415] with unbiased energy -80.76781812965386
Identified minimum at position [-0.55822362  1.44172586] with unbiased energy -146.69951720995394
Simulation completed.


Energies of found minima:
Minimum 1: Position = [0.6234994  0.02803776], Energy = -108.1667241168524
Minimum 2: Position = [-0.05001103  0.46669415], Energy = -80.76781812965386
Minimum 3: Position = [-0.55822362  1.44172586], Energy = -146.69951720995394

Approximate saddle points between minima:
Saddle 1: Position = [0.94940777 0.02621734], Energy = -69.07384362200298
Saddle 2: Position = [ 0.0172622  -0.09747642], Energy = -35.244682565456216

Computational statistics:
	Total energy calls: 9213
	Energy calls at each min: [1, 1838, 9213]
	Total force calls: 9213
	Force calls at each min: [1, 1838, 9213]
	Total steps: 9707
	Total Biases: 78

Verification against reference:
True minima found: 3/3

Verification against reference (saddles):
True saddles found: 0/2
Missed saddles at positions:
[0.21248658 0.29298833]
[-0.82200156  0.6243128 ]
Starting run 4716
Identified minimum at position [0.6234994  0.02803776] with unbiased energy -108.1667241168524
Identified minimum at position [-0.05185679  0.46697647] with unbiased energy -80.76743072892617
Identified minimum at position [-0.55822362  1.44172585] with unbiased energy -146.69951720995397
Simulation completed.


Energies of found minima:
Minimum 1: Position = [0.6234994  0.02803776], Energy = -108.1667241168524
Minimum 2: Position = [-0.05185679  0.46697647], Energy = -80.76743072892617
Minimum 3: Position = [-0.55822362  1.44172585], Energy = -146.69951720995397

Approximate saddle points between minima:
Saddle 1: Position = [0.07722626 0.18260476], Energy = -65.64337496545329
Saddle 2: Position = [-0.7045079   0.30338938], Energy = -26.098920516605467

Computational statistics:
	Total energy calls: 7842
	Energy calls at each min: [1, 965, 7842]
	Total force calls: 7842
	Force calls at each min: [1, 965, 7842]
	Total steps: 8259
	Total Biases: 63

Verification against reference:
True minima found: 2/3
Missed minima at positions:
[-0.05001082  0.4666941 ]

Verification against reference (saddles):
True saddles found: 0/2
Missed saddles at positions:
[0.21248658 0.29298833]
[-0.82200156  0.6243128 ]
Starting run 3262
Identified minimum at position [0.6234994  0.02803776] with unbiased energy -108.1667241168524
Identified minimum at position [-0.05002055  0.46669611] with unbiased energy -80.76781811835892
Identified minimum at position [-0.55822365  1.44172583] with unbiased energy -146.69951720995388
Simulation completed.


Energies of found minima:
Minimum 1: Position = [0.6234994  0.02803776], Energy = -108.1667241168524
Minimum 2: Position = [-0.05002055  0.46669611], Energy = -80.76781811835892
Minimum 3: Position = [-0.55822365  1.44172583], Energy = -146.69951720995388

Approximate saddle points between minima:
Saddle 1: Position = [0.0654737  0.23455235], Energy = -66.71549294747231
Saddle 2: Position = [-0.8406858   0.52797622], Energy = -38.867964203680465

Computational statistics:
	Total energy calls: 3852
	Energy calls at each min: [1, 1370, 3852]
	Total force calls: 3852
	Force calls at each min: [1, 1370, 3852]
	Total steps: 4053
	Total Biases: 33

Verification against reference:
True minima found: 3/3

Verification against reference (saddles):
True saddles found: 0/2
Missed saddles at positions:
[0.21248658 0.29298833]
[-0.82200156  0.6243128 ]
Starting run 2589
Identified minimum at position [0.6234994  0.02803776] with unbiased energy -108.1667241168524
Identified minimum at position [-0.05003452  0.4667014 ] with unbiased energy -80.76781804975228
Identified minimum at position [-0.55822365  1.44172582] with unbiased energy -146.69951720995388
Simulation completed.


Energies of found minima:
Minimum 1: Position = [0.6234994  0.02803776], Energy = -108.1667241168524
Minimum 2: Position = [-0.05003452  0.4667014 ], Energy = -80.76781804975228
Minimum 3: Position = [-0.55822365  1.44172582], Energy = -146.69951720995388

Approximate saddle points between minima:
Saddle 1: Position = [0.21134982 0.29771421], Energy = -72.256347985254
Saddle 2: Position = [-0.05647124 -0.05471213], Energy = -34.62892635582726

Computational statistics:
	Total energy calls: 12076
	Energy calls at each min: [1, 2158, 12076]
	Total force calls: 12076
	Force calls at each min: [1, 2158, 12076]
	Total steps: 12698
	Total Biases: 101

Verification against reference:
True minima found: 3/3

Verification against reference (saddles):
True saddles found: 1/2
Missed saddles at positions:
[-0.82200156  0.6243128 ]
Starting run 4121
Identified minimum at position [0.6234994  0.02803776] with unbiased energy -108.1667241168524
Identified minimum at position [-0.05115385  0.46695194] with unbiased energy -80.76765771059966
Identified minimum at position [-0.55822365  1.44172583] with unbiased energy -146.69951720995388
Simulation completed.


Energies of found minima:
Minimum 1: Position = [0.6234994  0.02803776], Energy = -108.1667241168524
Minimum 2: Position = [-0.05115385  0.46695194], Energy = -80.76765771059966
Minimum 3: Position = [-0.55822365  1.44172583], Energy = -146.69951720995388

Approximate saddle points between minima:
Saddle 1: Position = [0.34300184 0.32335305], Energy = -68.37986908000165
Saddle 2: Position = [-0.78165547  0.65368436], Energy = -40.14434326382184

Computational statistics:
	Total energy calls: 11799
	Energy calls at each min: [1, 3072, 11799]
	Total force calls: 11799
	Force calls at each min: [1, 3072, 11799]
	Total steps: 12420
	Total Biases: 97

Verification against reference:
True minima found: 2/3
Missed minima at positions:
[-0.05001082  0.4666941 ]

Verification against reference (saddles):
True saddles found: 1/2
Missed saddles at positions:
[0.21248658 0.29298833]
Starting run 3594
Identified minimum at position [0.6234994  0.02803776] with unbiased energy -108.1667241168524
Identified minimum at position [-0.05064687  0.46683475] with unbiased energy -80.76776877836467
Identified minimum at position [-0.55822364  1.44172584] with unbiased energy -146.69951720995402
Simulation completed.


Energies of found minima:
Minimum 1: Position = [0.6234994  0.02803776], Energy = -108.1667241168524
Minimum 2: Position = [-0.05064687  0.46683475], Energy = -80.76776877836467
Minimum 3: Position = [-0.55822364  1.44172584], Energy = -146.69951720995402

Approximate saddle points between minima:
Saddle 1: Position = [0.2466559  0.29615412], Energy = -72.0731137970547
Saddle 2: Position = [-0.15006535  0.06193059], Energy = -37.087966598523124

Computational statistics:
	Total energy calls: 12552
	Energy calls at each min: [1, 1656, 12552]
	Total force calls: 12552
	Force calls at each min: [1, 1656, 12552]
	Total steps: 13194
	Total Biases: 101

Verification against reference:
True minima found: 3/3

Verification against reference (saddles):
True saddles found: 1/2
Missed saddles at positions:
[-0.82200156  0.6243128 ]
Starting run 834
Identified minimum at position [0.6234994  0.02803776] with unbiased energy -108.1667241168524
Identified minimum at position [-0.0500262   0.46669831] with unbiased energy -80.76781809822307
Identified minimum at position [-0.55822364  1.44172583] with unbiased energy -146.69951720995394
Simulation completed.


Energies of found minima:
Minimum 1: Position = [0.6234994  0.02803776], Energy = -108.1667241168524
Minimum 2: Position = [-0.0500262   0.46669831], Energy = -80.76781809822307
Minimum 3: Position = [-0.55822364  1.44172583], Energy = -146.69951720995394

Approximate saddle points between minima:
Saddle 1: Position = [0.25471841 0.29916093], Energy = -71.93163539384355
Saddle 2: Position = [-0.76530731  0.43789167], Energy = -38.46055071034606

Computational statistics:
	Total energy calls: 5757
	Energy calls at each min: [1, 1178, 5757]
	Total force calls: 5757
	Force calls at each min: [1, 1178, 5757]
	Total steps: 6063
	Total Biases: 50

Verification against reference:
True minima found: 3/3

Verification against reference (saddles):
True saddles found: 1/2
Missed saddles at positions:
[-0.82200156  0.6243128 ]
Starting run 756
Identified minimum at position [0.6234994  0.02803776] with unbiased energy -108.1667241168524
Identified minimum at position [-0.05001143  0.46669424] with unbiased energy -80.76781812961366
Identified minimum at position [-0.55822364  1.44172583] with unbiased energy -146.699517209954
Simulation completed.


Energies of found minima:
Minimum 1: Position = [0.6234994  0.02803776], Energy = -108.1667241168524
Minimum 2: Position = [-0.05001143  0.46669424], Energy = -80.76781812961366
Minimum 3: Position = [-0.55822364  1.44172583], Energy = -146.699517209954

Approximate saddle points between minima:
Saddle 1: Position = [0.20002275 0.29328049], Energy = -72.23557050172465
Saddle 2: Position = [-0.921429  0.474333], Energy = -31.868447686927563

Computational statistics:
	Total energy calls: 6269
	Energy calls at each min: [1, 1552, 6269]
	Total force calls: 6269
	Force calls at each min: [1, 1552, 6269]
	Total steps: 6602
	Total Biases: 50

Verification against reference:
True minima found: 3/3

Verification against reference (saddles):
True saddles found: 1/2
Missed saddles at positions:
[-0.82200156  0.6243128 ]
Starting run 2465
Identified minimum at position [0.6234994  0.02803776] with unbiased energy -108.1667241168524
Identified minimum at position [-0.05002316  0.46669783] with unbiased energy -80.76781810824946
Identified minimum at position [-0.55822362  1.44172586] with unbiased energy -146.69951720995394
Simulation completed.


Energies of found minima:
Minimum 1: Position = [0.6234994  0.02803776], Energy = -108.1667241168524
Minimum 2: Position = [-0.05002316  0.46669783], Energy = -80.76781810824946
Minimum 3: Position = [-0.55822362  1.44172586], Energy = -146.69951720995394

Approximate saddle points between minima:
Saddle 1: Position = [0.26317282 0.30865994], Energy = -71.60077503251341
Saddle 2: Position = [-0.80241013  0.62113022], Energy = -40.74731591731174

Computational statistics:
	Total energy calls: 8034
	Energy calls at each min: [1, 1561, 8034]
	Total force calls: 8034
	Force calls at each min: [1, 1561, 8034]
	Total steps: 8455
	Total Biases: 67

Verification against reference:
True minima found: 3/3

Verification against reference (saddles):
True saddles found: 1/2
Missed saddles at positions:
[0.21248658 0.29298833]
Starting run 1489
Identified minimum at position [0.6234994  0.02803776] with unbiased energy -108.1667241168524
Identified minimum at position [-0.05001133  0.46669421] with unbiased energy -80.76781812962793
Identified minimum at position [-0.55822365  1.44172582] with unbiased energy -146.69951720995388
Simulation completed.


Energies of found minima:
Minimum 1: Position = [0.6234994  0.02803776], Energy = -108.1667241168524
Minimum 2: Position = [-0.05001133  0.46669421], Energy = -80.76781812962793
Minimum 3: Position = [-0.55822365  1.44172582], Energy = -146.69951720995388

Approximate saddle points between minima:
Saddle 1: Position = [0.21829193 0.29624425], Energy = -72.2375902859539
Saddle 2: Position = [-0.33275036  0.20495052], Energy = -36.533652135623605

Computational statistics:
	Total energy calls: 8175
	Energy calls at each min: [1, 1665, 8175]
	Total force calls: 8175
	Force calls at each min: [1, 1665, 8175]
	Total steps: 8623
	Total Biases: 70

Verification against reference:
True minima found: 3/3

Verification against reference (saddles):
True saddles found: 1/2
Missed saddles at positions:
[-0.82200156  0.6243128 ]
Starting run 3692
Identified minimum at position [0.6234994  0.02803776] with unbiased energy -108.1667241168524
Identified minimum at position [-0.0500728  0.4667112] with unbiased energy -80.76781761668627
Identified minimum at position [-0.55822365  1.44172583] with unbiased energy -146.6995172099539
Simulation completed.


Energies of found minima:
Minimum 1: Position = [0.6234994  0.02803776], Energy = -108.1667241168524
Minimum 2: Position = [-0.0500728  0.4667112], Energy = -80.76781761668627
Minimum 3: Position = [-0.55822365  1.44172583], Energy = -146.6995172099539

Approximate saddle points between minima:
Saddle 1: Position = [0.15024639 0.08523933], Energy = -71.65776207470259
Saddle 2: Position = [-0.69881517  0.29667539], Energy = -25.463498320499504

Computational statistics:
	Total energy calls: 7624
	Energy calls at each min: [1, 942, 7624]
	Total force calls: 7624
	Force calls at each min: [1, 942, 7624]
	Total steps: 8030
	Total Biases: 62

Verification against reference:
True minima found: 3/3

Verification against reference (saddles):
True saddles found: 0/2
Missed saddles at positions:
[0.21248658 0.29298833]
[-0.82200156  0.6243128 ]
Starting run 4336
Identified minimum at position [0.6234994  0.02803776] with unbiased energy -108.1667241168524
Identified minimum at position [-0.05001165  0.46669433] with unbiased energy -80.76781812956852
Identified minimum at position [-0.55822362  1.44172586] with unbiased energy -146.69951720995394
Simulation completed.


Energies of found minima:
Minimum 1: Position = [0.6234994  0.02803776], Energy = -108.1667241168524
Minimum 2: Position = [-0.05001165  0.46669433], Energy = -80.76781812956852
Minimum 3: Position = [-0.55822362  1.44172586], Energy = -146.69951720995394

Approximate saddle points between minima:
Saddle 1: Position = [0.35334736 0.28762783], Energy = -70.53678370255302
Saddle 2: Position = [-0.59223512  0.29284367], Energy = -32.49598398972

Computational statistics:
	Total energy calls: 4146
	Energy calls at each min: [1, 1979, 4146]
	Total force calls: 4146
	Force calls at each min: [1, 1979, 4146]
	Total steps: 4369
	Total Biases: 35

Verification against reference:
True minima found: 3/3

Verification against reference (saddles):
True saddles found: 0/2
Missed saddles at positions:
[0.21248658 0.29298833]
[-0.82200156  0.6243128 ]
Starting run 599
Identified minimum at position [0.6234994  0.02803776] with unbiased energy -108.1667241168524
Identified minimum at position [-0.05099394  0.46756424] with unbiased energy -80.7672780777012
Identified minimum at position [-0.55822364  1.44172583] with unbiased energy -146.699517209954
Simulation completed.


Energies of found minima:
Minimum 1: Position = [0.6234994  0.02803776], Energy = -108.1667241168524
Minimum 2: Position = [-0.05099394  0.46756424], Energy = -80.7672780777012
Minimum 3: Position = [-0.55822364  1.44172583], Energy = -146.699517209954

Approximate saddle points between minima:
Saddle 1: Position = [ 0.92591479 -0.02862653], Energy = -71.30610775276347
Saddle 2: Position = [-0.69287471  0.70689069], Energy = -36.32059249870562

Computational statistics:
	Total energy calls: 7444
	Energy calls at each min: [1, 1670, 7444]
	Total force calls: 7444
	Force calls at each min: [1, 1670, 7444]
	Total steps: 7830
	Total Biases: 58

Verification against reference:
True minima found: 2/3
Missed minima at positions:
[-0.05001082  0.4666941 ]

Verification against reference (saddles):
True saddles found: 0/2
Missed saddles at positions:
[0.21248658 0.29298833]
[-0.82200156  0.6243128 ]
Starting run 1761
Identified minimum at position [0.6234994  0.02803776] with unbiased energy -108.1667241168524
Identified minimum at position [-0.05001446  0.46669489] with unbiased energy -80.767818128059
Identified minimum at position [-0.55822362  1.44172586] with unbiased energy -146.69951720995388
Simulation completed.


Energies of found minima:
Minimum 1: Position = [0.6234994  0.02803776], Energy = -108.1667241168524
Minimum 2: Position = [-0.05001446  0.46669489], Energy = -80.767818128059
Minimum 3: Position = [-0.55822362  1.44172586], Energy = -146.69951720995388

Approximate saddle points between minima:
Saddle 1: Position = [0.15576626 0.23952788], Energy = -70.96886279324784
Saddle 2: Position = [0.19181715 0.70002262], Energy = -30.537473249111073

Computational statistics:
	Total energy calls: 8784
	Energy calls at each min: [1, 775, 8784]
	Total force calls: 8784
	Force calls at each min: [1, 775, 8784]
	Total steps: 9261
	Total Biases: 76

Verification against reference:
True minima found: 3/3

Verification against reference (saddles):
True saddles found: 0/2
Missed saddles at positions:
[0.21248658 0.29298833]
[-0.82200156  0.6243128 ]
Starting run 379
Identified minimum at position [0.6234994  0.02803776] with unbiased energy -108.1667241168524
Identified minimum at position [-0.55822365  1.44172583] with unbiased energy -146.6995172099539
Approximate Hessian has condition number >1e6 and cannot be reliably trusted; reverting to default behavior. 
Eigenvalues: [6.27253467e-04 1.41146020e+06]
Approximate Hessian has condition number >1e6 and cannot be reliably trusted; reverting to default behavior. 
Eigenvalues: [1.43164070e-03 2.09149979e+06]
Approximate Hessian has condition number >1e6 and cannot be reliably trusted; reverting to default behavior. 
Eigenvalues: [1.58817766e-03 9.02464520e+05]
Approximate Hessian has condition number >1e6 and cannot be reliably trusted; reverting to default behavior. 
Eigenvalues: [1.56026001e-03 2.61931982e+06]
Approximate Hessian has condition number >1e6 and cannot be reliably trusted; reverting to default behavior. 
Eigenvalues: [1.66919455e-03 1.10392970e+07]
Approximate Hessian has condition number >1e6 and cannot be reliably trusted; reverting to default behavior. 
Eigenvalues: [5.01420232e-04 2.07047435e+06]
Approximate Hessian has condition number >1e6 and cannot be reliably trusted; reverting to default behavior. 
Eigenvalues: [8.84756446e-08 4.99771965e+08]
Simulation completed.


Energies of found minima:
Minimum 1: Position = [0.6234994  0.02803776], Energy = -108.1667241168524
Minimum 2: Position = [-0.55822365  1.44172583], Energy = -146.6995172099539

Approximate saddle points between minima:
Saddle 1: Position = [0.04658552 0.71780775], Energy = -33.96336199318686

Computational statistics:
	Total energy calls: 633306
	Energy calls at each min: [1, 8511]
	Total force calls: 633306
	Force calls at each min: [1, 8511]
	Total steps: 667890
	Total Biases: 5000

Verification against reference:
True minima found: 2/3
Missed minima at positions:
[-0.05001082  0.4666941 ]

Verification against reference (saddles):
True saddles found: 0/2
Missed saddles at positions:
[0.21248658 0.29298833]
[-0.82200156  0.6243128 ]
Starting run 2758
Identified minimum at position [0.6234994  0.02803776] with unbiased energy -108.1667241168524
Identified minimum at position [-0.05016138  0.46677342] with unbiased energy -80.76781263014985
Identified minimum at position [-0.55822362  1.44172585] with unbiased energy -146.69951720995397
Simulation completed.


Energies of found minima:
Minimum 1: Position = [0.6234994  0.02803776], Energy = -108.1667241168524
Minimum 2: Position = [-0.05016138  0.46677342], Energy = -80.76781263014985
Minimum 3: Position = [-0.55822362  1.44172585], Energy = -146.69951720995397

Approximate saddle points between minima:
Saddle 1: Position = [0.13976322 0.06773669], Energy = -70.10921743843105
Saddle 2: Position = [-0.39005279  0.17634697], Energy = -28.204821093031132

Computational statistics:
	Total energy calls: 7617
	Energy calls at each min: [1, 943, 7617]
	Total force calls: 7617
	Force calls at each min: [1, 943, 7617]
	Total steps: 8011
	Total Biases: 62

Verification against reference:
True minima found: 3/3

Verification against reference (saddles):
True saddles found: 0/2
Missed saddles at positions:
[0.21248658 0.29298833]
[-0.82200156  0.6243128 ]
Starting run 314
Identified minimum at position [0.6234994  0.02803776] with unbiased energy -108.1667241168524
Identified minimum at position [-0.05006586  0.46671485] with unbiased energy -80.76781762551678
Identified minimum at position [-0.55822365  1.44172582] with unbiased energy -146.69951720995385
Simulation completed.


Energies of found minima:
Minimum 1: Position = [0.6234994  0.02803776], Energy = -108.1667241168524
Minimum 2: Position = [-0.05006586  0.46671485], Energy = -80.76781762551678
Minimum 3: Position = [-0.55822365  1.44172582], Energy = -146.69951720995385

Approximate saddle points between minima:
Saddle 1: Position = [ 0.94530261 -0.00144567], Energy = -69.73556685002362
Saddle 2: Position = [-0.28354163 -0.06849206], Energy = -10.204381578929159

Computational statistics:
	Total energy calls: 19180
	Energy calls at each min: [1, 2678, 19180]
	Total force calls: 19180
	Force calls at each min: [1, 2678, 19180]
	Total steps: 20188
	Total Biases: 158

Verification against reference:
True minima found: 3/3

Verification against reference (saddles):
True saddles found: 0/2
Missed saddles at positions:
[0.21248658 0.29298833]
[-0.82200156  0.6243128 ]
Starting run 1967
Identified minimum at position [0.6234994  0.02803776] with unbiased energy -108.1667241168524
Identified minimum at position [-0.55822363  1.44172585] with unbiased energy -146.699517209954
Approximate Hessian has condition number >1e6 and cannot be reliably trusted; reverting to default behavior. 
Eigenvalues: [4.87784552e-03 1.37887479e+07]
Approximate Hessian has condition number >1e6 and cannot be reliably trusted; reverting to default behavior. 
Eigenvalues: [2.49920180e-04 2.25255893e+07]
Approximate Hessian has condition number >1e6 and cannot be reliably trusted; reverting to default behavior. 
Eigenvalues: [1.54768385e-03 1.61135238e+06]
Approximate Hessian has condition number >1e6 and cannot be reliably trusted; reverting to default behavior. 
Eigenvalues: [3.86573374e-04 8.58269987e+07]
Approximate Hessian has condition number >1e6 and cannot be reliably trusted; reverting to default behavior. 
Eigenvalues: [1.21071935e-06 3.25922910e+08]
Approximate Hessian has condition number >1e6 and cannot be reliably trusted; reverting to default behavior. 
Eigenvalues: [1.02161171e-03 1.00788808e+06]
Approximate Hessian has condition number >1e6 and cannot be reliably trusted; reverting to default behavior. 
Eigenvalues: [5.09127975e-04 5.81823508e+08]
Simulation completed.


Energies of found minima:
Minimum 1: Position = [0.6234994  0.02803776], Energy = -108.1667241168524
Minimum 2: Position = [-0.55822363  1.44172585], Energy = -146.699517209954

Approximate saddle points between minima:
Saddle 1: Position = [-0.81918335  0.62081763], Energy = -40.67188645731611

Computational statistics:
	Total energy calls: 642617
	Energy calls at each min: [1, 2379]
	Total force calls: 642617
	Force calls at each min: [1, 2379]
	Total steps: 675726
	Total Biases: 5000

Verification against reference:
True minima found: 2/3
Missed minima at positions:
[-0.05001082  0.4666941 ]

Verification against reference (saddles):
True saddles found: 1/2
Missed saddles at positions:
[0.21248658 0.29298833]
Starting run 182
Identified minimum at position [0.6234994  0.02803776] with unbiased energy -108.1667241168524
Identified minimum at position [-0.05214704  0.46702803] with unbiased energy -80.76729817791646
Identified minimum at position [-0.55822361  1.44172587] with unbiased energy -146.69951720995363
Simulation completed.


Energies of found minima:
Minimum 1: Position = [0.6234994  0.02803776], Energy = -108.1667241168524
Minimum 2: Position = [-0.05214704  0.46702803], Energy = -80.76729817791646
Minimum 3: Position = [-0.55822361  1.44172587], Energy = -146.69951720995363

Approximate saddle points between minima:
Saddle 1: Position = [0.11657632 0.18027268], Energy = -68.52642403964288
Saddle 2: Position = [-0.19154038  0.07416694], Energy = -33.92581206907445

Computational statistics:
	Total energy calls: 8911
	Energy calls at each min: [1, 1824, 8911]
	Total force calls: 8911
	Force calls at each min: [1, 1824, 8911]
	Total steps: 9376
	Total Biases: 73

Verification against reference:
True minima found: 2/3
Missed minima at positions:
[-0.05001082  0.4666941 ]

Verification against reference (saddles):
True saddles found: 0/2
Missed saddles at positions:
[0.21248658 0.29298833]
[-0.82200156  0.6243128 ]
