Starting run 2135
Identified minimum at position [0.6234994  0.02803776] with unbiased energy -108.16672411685238
Identified minimum at position [-0.05001788  0.46669573] with unbiased energy -80.76781812350102
Identified minimum at position [-0.55822365  1.44172583] with unbiased energy -146.6995172099539
Simulation completed.


Energies of found minima:
Minimum 1: Position = [0.6234994  0.02803776], Energy = -108.16672411685238
Minimum 2: Position = [-0.05001788  0.46669573], Energy = -80.76781812350102
Minimum 3: Position = [-0.55822365  1.44172583], Energy = -146.6995172099539

Approximate saddle points between minima:
Saddle 1: Position = [0.21263718 0.28940258], Energy = -72.25198301297698
Saddle 2: Position = [-0.73562852  0.72077851], Energy = -37.142098640835584

Computational statistics:
	Total energy calls: 6628
	Energy calls at each min: [1, 1068, 6628]
	Total force calls: 6628
	Force calls at each min: [1, 1068, 6628]
	Total steps: 6973
	Total Biases: 55

Verification against reference:
True minima found: 3/3

Verification against reference (saddles):
True saddles found: 1/2
Missed saddles at positions:
[-0.82200156  0.6243128 ]
Starting run 2448
Identified minimum at position [0.6234994  0.02803776] with unbiased energy -108.16672411685238
Identified minimum at position [-0.05001391  0.46669484] with unbiased energy -80.7678181284681
Identified minimum at position [-0.55822365  1.44172583] with unbiased energy -146.69951720995397
Simulation completed.


Energies of found minima:
Minimum 1: Position = [0.6234994  0.02803776], Energy = -108.16672411685238
Minimum 2: Position = [-0.05001391  0.46669484], Energy = -80.7678181284681
Minimum 3: Position = [-0.55822365  1.44172583], Energy = -146.69951720995397

Approximate saddle points between minima:
Saddle 1: Position = [0.13422522 0.16699956], Energy = -69.8793186476237
Saddle 2: Position = [-0.83508953  0.58623366], Energy = -40.35117417985869

Computational statistics:
	Total energy calls: 10695
	Energy calls at each min: [1, 2971, 10695]
	Total force calls: 10695
	Force calls at each min: [1, 2971, 10695]
	Total steps: 11256
	Total Biases: 88

Verification against reference:
True minima found: 3/3

Verification against reference (saddles):
True saddles found: 1/2
Missed saddles at positions:
[0.21248658 0.29298833]
Starting run 1205
Identified minimum at position [0.6234994  0.02803776] with unbiased energy -108.16672411685238
Identified minimum at position [-0.05004387  0.46670003] with unbiased energy -80.7678180028465
Identified minimum at position [-0.55822361  1.44172586] with unbiased energy -146.69951720995385
Simulation completed.


Energies of found minima:
Minimum 1: Position = [0.6234994  0.02803776], Energy = -108.16672411685238
Minimum 2: Position = [-0.05004387  0.46670003], Energy = -80.7678180028465
Minimum 3: Position = [-0.55822361  1.44172586], Energy = -146.69951720995385

Approximate saddle points between minima:
Saddle 1: Position = [0.14930112 0.10998421], Energy = -71.66773173618066
Saddle 2: Position = [0.64708079 0.36224091], Energy = -31.040402628195523

Computational statistics:
	Total energy calls: 12279
	Energy calls at each min: [1, 1533, 12279]
	Total force calls: 12279
	Force calls at each min: [1, 1533, 12279]
	Total steps: 12918
	Total Biases: 100

Verification against reference:
True minima found: 3/3

Verification against reference (saddles):
True saddles found: 0/2
Missed saddles at positions:
[0.21248658 0.29298833]
[-0.82200156  0.6243128 ]
Starting run 3769
Identified minimum at position [0.6234994  0.02803776] with unbiased energy -108.16672411685238
Identified minimum at position [-0.05003815  0.46670142] with unbiased energy -80.76781803143177
Identified minimum at position [-0.55822365  1.44172583] with unbiased energy -146.69951720995394
Simulation completed.


Energies of found minima:
Minimum 1: Position = [0.6234994  0.02803776], Energy = -108.16672411685238
Minimum 2: Position = [-0.05003815  0.46670142], Energy = -80.76781803143177
Minimum 3: Position = [-0.55822365  1.44172583], Energy = -146.69951720995394

Approximate saddle points between minima:
Saddle 1: Position = [0.96696751 0.03085816], Energy = -63.85122435024064
Saddle 2: Position = [-0.61338989  0.69121019], Energy = -37.27898688951068

Computational statistics:
	Total energy calls: 13670
	Energy calls at each min: [1, 2606, 13670]
	Total force calls: 13670
	Force calls at each min: [1, 2606, 13670]
	Total steps: 14408
	Total Biases: 116

Verification against reference:
True minima found: 3/3

Verification against reference (saddles):
True saddles found: 0/2
Missed saddles at positions:
[0.21248658 0.29298833]
[-0.82200156  0.6243128 ]
Starting run 4682
Identified minimum at position [0.6234994  0.02803776] with unbiased energy -108.16672411685238
Identified minimum at position [-0.05003872  0.46670689] with unbiased energy -80.76781797117641
Identified minimum at position [-0.55822365  1.44172583] with unbiased energy -146.6995172099539
Simulation completed.


Energies of found minima:
Minimum 1: Position = [0.6234994  0.02803776], Energy = -108.16672411685238
Minimum 2: Position = [-0.05003872  0.46670689], Energy = -80.76781797117641
Minimum 3: Position = [-0.55822365  1.44172583], Energy = -146.6995172099539

Approximate saddle points between minima:
Saddle 1: Position = [0.05947088 0.08272044], Energy = -61.47908376661741
Saddle 2: Position = [-0.85881246  0.51088747], Energy = -37.301736877599346

Computational statistics:
	Total energy calls: 4728
	Energy calls at each min: [1, 2418, 4728]
	Total force calls: 4728
	Force calls at each min: [1, 2418, 4728]
	Total steps: 4984
	Total Biases: 40

Verification against reference:
True minima found: 3/3

Verification against reference (saddles):
True saddles found: 0/2
Missed saddles at positions:
[0.21248658 0.29298833]
[-0.82200156  0.6243128 ]
Starting run 1837
Identified minimum at position [0.6234994  0.02803776] with unbiased energy -108.16672411685238
Identified minimum at position [-0.05020171  0.46673736] with unbiased energy -80.76781364983194
Identified minimum at position [-0.55822362  1.44172585] with unbiased energy -146.69951720995397
Simulation completed.


Energies of found minima:
Minimum 1: Position = [0.6234994  0.02803776], Energy = -108.16672411685238
Minimum 2: Position = [-0.05020171  0.46673736], Energy = -80.76781364983194
Minimum 3: Position = [-0.55822362  1.44172585], Energy = -146.69951720995397

Approximate saddle points between minima:
Saddle 1: Position = [0.24564753 0.31263646], Energy = -71.86226426428422
Saddle 2: Position = [-0.82625161  0.62204144], Energy = -40.6610821121413

Computational statistics:
	Total energy calls: 6655
	Energy calls at each min: [1, 1248, 6655]
	Total force calls: 6655
	Force calls at each min: [1, 1248, 6655]
	Total steps: 6999
	Total Biases: 54

Verification against reference:
True minima found: 3/3

Verification against reference (saddles):
True saddles found: 2/2
Starting run 5103
Identified minimum at position [0.6234994  0.02803776] with unbiased energy -108.16672411685238
Identified minimum at position [-0.55822365  1.44172583] with unbiased energy -146.6995172099539
Approximate Hessian has condition number >1e6 and cannot be reliably trusted; reverting to default behavior. 
Eigenvalues: [4.17793239e-04 8.87042820e+06]
Approximate Hessian has condition number >1e6 and cannot be reliably trusted; reverting to default behavior. 
Eigenvalues: [1.88156545e-03 5.71786212e+04]
Simulation completed.


Energies of found minima:
Minimum 1: Position = [0.6234994  0.02803776], Energy = -108.16672411685238
Minimum 2: Position = [-0.55822365  1.44172583], Energy = -146.6995172099539

Approximate saddle points between minima:
Saddle 1: Position = [-0.82640608  0.57549145], Energy = -40.43487221842925

Computational statistics:
	Total energy calls: 644946
	Energy calls at each min: [1, 2184]
	Total force calls: 644946
	Force calls at each min: [1, 2184]
	Total steps: 678926
	Total Biases: 5000

Verification against reference:
True minima found: 2/3
Missed minima at positions:
[-0.05001082  0.4666941 ]

Verification against reference (saddles):
True saddles found: 1/2
Missed saddles at positions:
[0.21248658 0.29298833]
Starting run 3202
Identified minimum at position [0.6234994  0.02803776] with unbiased energy -108.16672411685238
Identified minimum at position [-0.05007499  0.46670872] with unbiased energy -80.76781762270383
Identified minimum at position [-0.55822365  1.44172582] with unbiased energy -146.69951720995383
Simulation completed.


Energies of found minima:
Minimum 1: Position = [0.6234994  0.02803776], Energy = -108.16672411685238
Minimum 2: Position = [-0.05007499  0.46670872], Energy = -80.76781762270383
Minimum 3: Position = [-0.55822365  1.44172582], Energy = -146.69951720995383

Approximate saddle points between minima:
Saddle 1: Position = [0.25907516 0.29546699], Energy = -71.96426664449172
Saddle 2: Position = [0.45834317 0.54327093], Energy = -35.762015566538295

Computational statistics:
	Total energy calls: 13674
	Energy calls at each min: [1, 1984, 13674]
	Total force calls: 13674
	Force calls at each min: [1, 1984, 13674]
	Total steps: 14375
	Total Biases: 108

Verification against reference:
True minima found: 3/3

Verification against reference (saddles):
True saddles found: 1/2
Missed saddles at positions:
[-0.82200156  0.6243128 ]
Starting run 2969
Identified minimum at position [0.6234994  0.02803776] with unbiased energy -108.16672411685238
Identified minimum at position [-0.05003723  0.46670038] with unbiased energy -80.76781804248674
Approximate Hessian has condition number >1e6 and cannot be reliably trusted; reverting to default behavior. 
Eigenvalues: [4.34189357e-03 1.52315663e+06]
Identified minimum at position [-0.55822362  1.44172586] with unbiased energy -146.6995172099539
Simulation completed.


Energies of found minima:
Minimum 1: Position = [0.6234994  0.02803776], Energy = -108.16672411685238
Minimum 2: Position = [-0.05003723  0.46670038], Energy = -80.76781804248674
Minimum 3: Position = [-0.55822362  1.44172586], Energy = -146.6995172099539

Approximate saddle points between minima:
Saddle 1: Position = [0.20051897 0.28789038], Energy = -72.20752170083027
Saddle 2: Position = [-0.68585926  0.69204843], Energy = -37.26935159146

Computational statistics:
	Total energy calls: 17091
	Energy calls at each min: [1, 2372, 17091]
	Total force calls: 17091
	Force calls at each min: [1, 2372, 17091]
	Total steps: 17946
	Total Biases: 131

Verification against reference:
True minima found: 3/3

Verification against reference (saddles):
True saddles found: 1/2
Missed saddles at positions:
[-0.82200156  0.6243128 ]
Starting run 1206
Identified minimum at position [0.6234994  0.02803776] with unbiased energy -108.16672411685238
Identified minimum at position [-0.05253322  0.46763505] with unbiased energy -80.76676716389699
Identified minimum at position [-0.55822365  1.44172582] with unbiased energy -146.69951720995383
Simulation completed.


Energies of found minima:
Minimum 1: Position = [0.6234994  0.02803776], Energy = -108.16672411685238
Minimum 2: Position = [-0.05253322  0.46763505], Energy = -80.76676716389699
Minimum 3: Position = [-0.55822365  1.44172582], Energy = -146.69951720995383

Approximate saddle points between minima:
Saddle 1: Position = [0.32816597 0.30700167], Energy = -69.94496559459434
Saddle 2: Position = [-0.25623767  0.12358948], Energy = -32.55185988840573

Computational statistics:
	Total energy calls: 7353
	Energy calls at each min: [1, 1228, 7353]
	Total force calls: 7353
	Force calls at each min: [1, 1228, 7353]
	Total steps: 7731
	Total Biases: 59

Verification against reference:
True minima found: 2/3
Missed minima at positions:
[-0.05001082  0.4666941 ]

Verification against reference (saddles):
True saddles found: 0/2
Missed saddles at positions:
[0.21248658 0.29298833]
[-0.82200156  0.6243128 ]
Starting run 2313
Identified minimum at position [0.6234994  0.02803776] with unbiased energy -108.16672411685238
Identified minimum at position [-0.05001232  0.46669454] with unbiased energy -80.76781812935133
Identified minimum at position [-0.55822362  1.44172586] with unbiased energy -146.69951720995397
Simulation completed.


Energies of found minima:
Minimum 1: Position = [0.6234994  0.02803776], Energy = -108.16672411685238
Minimum 2: Position = [-0.05001232  0.46669454], Energy = -80.76781812935133
Minimum 3: Position = [-0.55822362  1.44172586], Energy = -146.69951720995397

Approximate saddle points between minima:
Saddle 1: Position = [0.20522032 0.29732733], Energy = -72.26451150371184
Saddle 2: Position = [-0.80978675  0.6233455 ], Energy = -40.68929838516976

Computational statistics:
	Total energy calls: 7752
	Energy calls at each min: [1, 2013, 7752]
	Total force calls: 7752
	Force calls at each min: [1, 2013, 7752]
	Total steps: 8152
	Total Biases: 66

Verification against reference:
True minima found: 3/3

Verification against reference (saddles):
True saddles found: 2/2
Starting run 4222
Identified minimum at position [0.6234994  0.02803776] with unbiased energy -108.16672411685238
Identified minimum at position [-0.05001379  0.46669471] with unbiased energy -80.7678181286108
Identified minimum at position [-0.55822364  1.44172586] with unbiased energy -146.69951720995374
Simulation completed.


Energies of found minima:
Minimum 1: Position = [0.6234994  0.02803776], Energy = -108.16672411685238
Minimum 2: Position = [-0.05001379  0.46669471], Energy = -80.7678181286108
Minimum 3: Position = [-0.55822364  1.44172586], Energy = -146.69951720995374

Approximate saddle points between minima:
Saddle 1: Position = [0.29544816 0.29581327], Energy = -71.39824081307538
Saddle 2: Position = [-0.61363975  0.78726311], Energy = -27.760669157223653

Computational statistics:
	Total energy calls: 6196
	Energy calls at each min: [1, 1043, 6196]
	Total force calls: 6196
	Force calls at each min: [1, 1043, 6196]
	Total steps: 6528
	Total Biases: 49

Verification against reference:
True minima found: 3/3

Verification against reference (saddles):
True saddles found: 0/2
Missed saddles at positions:
[0.21248658 0.29298833]
[-0.82200156  0.6243128 ]
Starting run 160
Identified minimum at position [0.6234994  0.02803776] with unbiased energy -108.16672411685238
Identified minimum at position [-0.05002799  0.46669781] with unbiased energy -80.76781809397106
Identified minimum at position [-0.55822365  1.44172582] with unbiased energy -146.69951720995383
Simulation completed.


Energies of found minima:
Minimum 1: Position = [0.6234994  0.02803776], Energy = -108.16672411685238
Minimum 2: Position = [-0.05002799  0.46669781], Energy = -80.76781809397106
Minimum 3: Position = [-0.55822365  1.44172582], Energy = -146.69951720995383

Approximate saddle points between minima:
Saddle 1: Position = [0.35219039 0.29205474], Energy = -70.20539772383646
Saddle 2: Position = [-0.53712491  0.71972727], Energy = -33.74230836920107

Computational statistics:
	Total energy calls: 10462
	Energy calls at each min: [1, 2064, 10462]
	Total force calls: 10462
	Force calls at each min: [1, 2064, 10462]
	Total steps: 11015
	Total Biases: 88

Verification against reference:
True minima found: 3/3

Verification against reference (saddles):
True saddles found: 0/2
Missed saddles at positions:
[0.21248658 0.29298833]
[-0.82200156  0.6243128 ]
Starting run 883
Identified minimum at position [0.6234994  0.02803776] with unbiased energy -108.16672411685238
Identified minimum at position [-0.05001117  0.4666942 ] with unbiased energy -80.7678181296431
Identified minimum at position [-0.55822365  1.44172583] with unbiased energy -146.69951720995394
Simulation completed.


Energies of found minima:
Minimum 1: Position = [0.6234994  0.02803776], Energy = -108.16672411685238
Minimum 2: Position = [-0.05001117  0.4666942 ], Energy = -80.7678181296431
Minimum 3: Position = [-0.55822365  1.44172583], Energy = -146.69951720995394

Approximate saddle points between minima:
Saddle 1: Position = [0.21273319 0.27717438], Energy = -72.306436691914
Saddle 2: Position = [-0.66360393  0.71185377], Energy = -35.34997677195197

Computational statistics:
	Total energy calls: 5822
	Energy calls at each min: [1, 1362, 5822]
	Total force calls: 5822
	Force calls at each min: [1, 1362, 5822]
	Total steps: 6137
	Total Biases: 51

Verification against reference:
True minima found: 3/3

Verification against reference (saddles):
True saddles found: 1/2
Missed saddles at positions:
[-0.82200156  0.6243128 ]
Starting run 1314
Identified minimum at position [0.6234994  0.02803776] with unbiased energy -108.16672411685238
Identified minimum at position [-0.05008812  0.46671745] with unbiased energy -80.76781728955052
Identified minimum at position [-0.55822365  1.44172583] with unbiased energy -146.6995172099539
Simulation completed.


Energies of found minima:
Minimum 1: Position = [0.6234994  0.02803776], Energy = -108.16672411685238
Minimum 2: Position = [-0.05008812  0.46671745], Energy = -80.76781728955052
Minimum 3: Position = [-0.55822365  1.44172583], Energy = -146.6995172099539

Approximate saddle points between minima:
Saddle 1: Position = [0.21148892 0.3042115 ], Energy = -72.28042037288654
Saddle 2: Position = [-0.25641788  0.13865104], Energy = -34.128213438025696

Computational statistics:
	Total energy calls: 10082
	Energy calls at each min: [1, 845, 10082]
	Total force calls: 10082
	Force calls at each min: [1, 845, 10082]
	Total steps: 10606
	Total Biases: 80

Verification against reference:
True minima found: 3/3

Verification against reference (saddles):
True saddles found: 1/2
Missed saddles at positions:
[-0.82200156  0.6243128 ]
Starting run 5099
Identified minimum at position [0.6234994  0.02803776] with unbiased energy -108.16672411685238
Identified minimum at position [-0.05002061  0.46669625] with unbiased energy -80.76781811800961
Identified minimum at position [-0.55822365  1.44172583] with unbiased energy -146.6995172099539
Simulation completed.


Energies of found minima:
Minimum 1: Position = [0.6234994  0.02803776], Energy = -108.16672411685238
Minimum 2: Position = [-0.05002061  0.46669625], Energy = -80.76781811800961
Minimum 3: Position = [-0.55822365  1.44172583], Energy = -146.6995172099539

Approximate saddle points between minima:
Saddle 1: Position = [0.17499047 0.29708283], Energy = -72.196375407663
Saddle 2: Position = [-0.71837737  0.71067957], Energy = -36.82003221515335

Computational statistics:
	Total energy calls: 6320
	Energy calls at each min: [1, 1116, 6320]
	Total force calls: 6320
	Force calls at each min: [1, 1116, 6320]
	Total steps: 6661
	Total Biases: 54

Verification against reference:
True minima found: 3/3

Verification against reference (saddles):
True saddles found: 1/2
Missed saddles at positions:
[-0.82200156  0.6243128 ]
Starting run 2464
Identified minimum at position [0.6234994  0.02803776] with unbiased energy -108.16672411685238
Identified minimum at position [-0.05131569  0.46698417] with unbiased energy -80.76761004208045
Identified minimum at position [-0.55822364  1.44172583] with unbiased energy -146.699517209954
Simulation completed.


Energies of found minima:
Minimum 1: Position = [0.6234994  0.02803776], Energy = -108.16672411685238
Minimum 2: Position = [-0.05131569  0.46698417], Energy = -80.76761004208045
Minimum 3: Position = [-0.55822364  1.44172583], Energy = -146.699517209954

Approximate saddle points between minima:
Saddle 1: Position = [0.20097264 0.28424873], Energy = -72.19804958153165
Saddle 2: Position = [-0.82592025  0.6056468 ], Energy = -40.62015616133275

Computational statistics:
	Total energy calls: 6590
	Energy calls at each min: [1, 1564, 6590]
	Total force calls: 6590
	Force calls at each min: [1, 1564, 6590]
	Total steps: 6936
	Total Biases: 58

Verification against reference:
True minima found: 2/3
Missed minima at positions:
[-0.05001082  0.4666941 ]

Verification against reference (saddles):
True saddles found: 2/2
Starting run 2891
Identified minimum at position [0.6234994  0.02803776] with unbiased energy -108.16672411685238
Identified minimum at position [-0.05023185  0.46676648] with unbiased energy -80.76781087685431
Identified minimum at position [-0.55822362  1.44172586] with unbiased energy -146.6995172099539
Simulation completed.


Energies of found minima:
Minimum 1: Position = [0.6234994  0.02803776], Energy = -108.16672411685238
Minimum 2: Position = [-0.05023185  0.46676648], Energy = -80.76781087685431
Minimum 3: Position = [-0.55822362  1.44172586], Energy = -146.6995172099539

Approximate saddle points between minima:
Saddle 1: Position = [0.16573616 0.27701567], Energy = -71.69667285107961
Saddle 2: Position = [-0.83750004  0.6205055 ], Energy = -40.6563170563352

Computational statistics:
	Total energy calls: 5033
	Energy calls at each min: [1, 1168, 5033]
	Total force calls: 5033
	Force calls at each min: [1, 1168, 5033]
	Total steps: 5304
	Total Biases: 42

Verification against reference:
True minima found: 3/3

Verification against reference (saddles):
True saddles found: 2/2
Starting run 2232
Identified minimum at position [0.6234994  0.02803776] with unbiased energy -108.16672411685238
Identified minimum at position [-0.05001576  0.4666952 ] with unbiased energy -80.76781812668895
Identified minimum at position [-0.55822365  1.44172582] with unbiased energy -146.69951720995388
Simulation completed.


Energies of found minima:
Minimum 1: Position = [0.6234994  0.02803776], Energy = -108.16672411685238
Minimum 2: Position = [-0.05001576  0.4666952 ], Energy = -80.76781812668895
Minimum 3: Position = [-0.55822365  1.44172582], Energy = -146.69951720995388

Approximate saddle points between minima:
Saddle 1: Position = [0.14119801 0.28191011], Energy = -71.37962563937597
Saddle 2: Position = [-0.72969137  0.3957973 ], Energy = -36.99962224068433

Computational statistics:
	Total energy calls: 11179
	Energy calls at each min: [1, 1491, 11179]
	Total force calls: 11179
	Force calls at each min: [1, 1491, 11179]
	Total steps: 11780
	Total Biases: 91

Verification against reference:
True minima found: 3/3

Verification against reference (saddles):
True saddles found: 0/2
Missed saddles at positions:
[0.21248658 0.29298833]
[-0.82200156  0.6243128 ]
Starting run 2943
Identified minimum at position [0.6234994  0.02803776] with unbiased energy -108.16672411685238
Identified minimum at position [-0.05001388  0.46669475] with unbiased energy -80.76781812853251
Identified minimum at position [-0.55822362  1.44172586] with unbiased energy -146.6995172099539
Simulation completed.


Energies of found minima:
Minimum 1: Position = [0.6234994  0.02803776], Energy = -108.16672411685238
Minimum 2: Position = [-0.05001388  0.46669475], Energy = -80.76781812853251
Minimum 3: Position = [-0.55822362  1.44172586], Energy = -146.6995172099539

Approximate saddle points between minima:
Saddle 1: Position = [0.28843363 0.32194115], Energy = -70.60895603574905
Saddle 2: Position = [-0.51685552  0.20813594], Energy = -23.879785847872217

Computational statistics:
	Total energy calls: 9667
	Energy calls at each min: [1, 1258, 9667]
	Total force calls: 9667
	Force calls at each min: [1, 1258, 9667]
	Total steps: 10184
	Total Biases: 77

Verification against reference:
True minima found: 3/3

Verification against reference (saddles):
True saddles found: 0/2
Missed saddles at positions:
[0.21248658 0.29298833]
[-0.82200156  0.6243128 ]
Starting run 3716
Identified minimum at position [0.6234994  0.02803776] with unbiased energy -108.16672411685238
Identified minimum at position [-0.05001175  0.46669438] with unbiased energy -80.76781812953998
Identified minimum at position [-0.55822364  1.44172584] with unbiased energy -146.699517209954
Simulation completed.


Energies of found minima:
Minimum 1: Position = [0.6234994  0.02803776], Energy = -108.16672411685238
Minimum 2: Position = [-0.05001175  0.46669438], Energy = -80.76781812953998
Minimum 3: Position = [-0.55822364  1.44172584], Energy = -146.699517209954

Approximate saddle points between minima:
Saddle 1: Position = [0.21820703 0.30622399], Energy = -72.24055867618988
Saddle 2: Position = [-0.34375084  0.16199893], Energy = -29.799005846701085

Computational statistics:
	Total energy calls: 12935
	Energy calls at each min: [1, 1854, 12935]
	Total force calls: 12935
	Force calls at each min: [1, 1854, 12935]
	Total steps: 13575
	Total Biases: 103

Verification against reference:
True minima found: 3/3

Verification against reference (saddles):
True saddles found: 1/2
Missed saddles at positions:
[-0.82200156  0.6243128 ]
Starting run 4779
Identified minimum at position [0.6234994  0.02803776] with unbiased energy -108.16672411685238
Identified minimum at position [-0.05002511  0.46669846] with unbiased energy -80.76781810078285
Identified minimum at position [-0.55822365  1.44172583] with unbiased energy -146.69951720995397
Simulation completed.


Energies of found minima:
Minimum 1: Position = [0.6234994  0.02803776], Energy = -108.16672411685238
Minimum 2: Position = [-0.05002511  0.46669846], Energy = -80.76781810078285
Minimum 3: Position = [-0.55822365  1.44172583], Energy = -146.69951720995397

Approximate saddle points between minima:
Saddle 1: Position = [0.22756379 0.2965812 ], Energy = -72.19942737905852
Saddle 2: Position = [-0.84861278  0.54670651], Energy = -39.17903479067739

Computational statistics:
	Total energy calls: 6809
	Energy calls at each min: [1, 821, 6809]
	Total force calls: 6809
	Force calls at each min: [1, 821, 6809]
	Total steps: 7167
	Total Biases: 57

Verification against reference:
True minima found: 3/3

Verification against reference (saddles):
True saddles found: 1/2
Missed saddles at positions:
[-0.82200156  0.6243128 ]
Starting run 426
Identified minimum at position [0.6234994  0.02803776] with unbiased energy -108.16672411685238
Identified minimum at position [-0.55822365  1.44172583] with unbiased energy -146.69951720995394
Approximate Hessian has condition number >1e6 and cannot be reliably trusted; reverting to default behavior. 
Eigenvalues: [3.00607021e-03 1.94123454e+06]
Approximate Hessian has condition number >1e6 and cannot be reliably trusted; reverting to default behavior. 
Eigenvalues: [1.09022063e-03 5.26589906e+03]
Approximate Hessian has condition number >1e6 and cannot be reliably trusted; reverting to default behavior. 
Eigenvalues: [1.30057101e-03 4.49351828e+03]
Approximate Hessian has condition number >1e6 and cannot be reliably trusted; reverting to default behavior. 
Eigenvalues: [9.97986353e-06 7.22008074e+05]
Approximate Hessian has condition number >1e6 and cannot be reliably trusted; reverting to default behavior. 
Eigenvalues: [4.67896461e-06 1.00804565e+09]
Approximate Hessian has condition number >1e6 and cannot be reliably trusted; reverting to default behavior. 
Eigenvalues: [1.03068490e-03 1.62751466e+06]
Approximate Hessian has condition number >1e6 and cannot be reliably trusted; reverting to default behavior. 
Eigenvalues: [1.70758797e-03 1.66236427e+06]
Approximate Hessian has condition number >1e6 and cannot be reliably trusted; reverting to default behavior. 
Eigenvalues: [3.05644483e-03 9.05017046e+04]
Simulation completed.


Energies of found minima:
Minimum 1: Position = [0.6234994  0.02803776], Energy = -108.16672411685238
Minimum 2: Position = [-0.55822365  1.44172583], Energy = -146.69951720995394

Approximate saddle points between minima:
Saddle 1: Position = [-0.4066669   0.70567264], Energy = -38.525486586991455

Computational statistics:
	Total energy calls: 632372
	Energy calls at each min: [1, 8027]
	Total force calls: 632372
	Force calls at each min: [1, 8027]
	Total steps: 665407
	Total Biases: 5000

Verification against reference:
True minima found: 2/3
Missed minima at positions:
[-0.05001082  0.4666941 ]

Verification against reference (saddles):
True saddles found: 0/2
Missed saddles at positions:
[0.21248658 0.29298833]
[-0.82200156  0.6243128 ]
Starting run 4623
Identified minimum at position [0.6234994  0.02803776] with unbiased energy -108.16672411685238
Identified minimum at position [-0.05035443  0.46679128] with unbiased energy -80.767802150562
Identified minimum at position [-0.55822362  1.44172585] with unbiased energy -146.6995172099539
Simulation completed.


Energies of found minima:
Minimum 1: Position = [0.6234994  0.02803776], Energy = -108.16672411685238
Minimum 2: Position = [-0.05035443  0.46679128], Energy = -80.767802150562
Minimum 3: Position = [-0.55822362  1.44172585], Energy = -146.6995172099539

Approximate saddle points between minima:
Saddle 1: Position = [0.26613169 0.3342932 ], Energy = -71.0791503067707
Saddle 2: Position = [-0.11577499  0.02499603], Energy = -37.49686742157088

Computational statistics:
	Total energy calls: 10111
	Energy calls at each min: [1, 1166, 10111]
	Total force calls: 10111
	Force calls at each min: [1, 1166, 10111]
	Total steps: 10616
	Total Biases: 83

Verification against reference:
True minima found: 3/3

Verification against reference (saddles):
True saddles found: 0/2
Missed saddles at positions:
[0.21248658 0.29298833]
[-0.82200156  0.6243128 ]
Starting run 2647
Identified minimum at position [0.6234994  0.02803776] with unbiased energy -108.16672411685238
Identified minimum at position [-0.05298572  0.46796125] with unbiased energy -80.7661522035221
Identified minimum at position [-0.55822364  1.44172583] with unbiased energy -146.69951720995397
Simulation completed.


Energies of found minima:
Minimum 1: Position = [0.6234994  0.02803776], Energy = -108.16672411685238
Minimum 2: Position = [-0.05298572  0.46796125], Energy = -80.7661522035221
Minimum 3: Position = [-0.55822364  1.44172583], Energy = -146.69951720995397

Approximate saddle points between minima:
Saddle 1: Position = [0.38531384 0.30104691], Energy = -68.1432857364237
Saddle 2: Position = [-0.77481362  0.64965642], Energy = -40.19799327777167

Computational statistics:
	Total energy calls: 6893
	Energy calls at each min: [1, 1488, 6893]
	Total force calls: 6893
	Force calls at each min: [1, 1488, 6893]
	Total steps: 7251
	Total Biases: 55

Verification against reference:
True minima found: 2/3
Missed minima at positions:
[-0.05001082  0.4666941 ]

Verification against reference (saddles):
True saddles found: 0/2
Missed saddles at positions:
[0.21248658 0.29298833]
[-0.82200156  0.6243128 ]
Starting run 1768
Identified minimum at position [0.6234994  0.02803776] with unbiased energy -108.16672411685238
Identified minimum at position [-0.05011016  0.46671271] with unbiased energy -80.76781697487652
Identified minimum at position [-0.55822365  1.44172583] with unbiased energy -146.69951720995394
Simulation completed.


Energies of found minima:
Minimum 1: Position = [0.6234994  0.02803776], Energy = -108.16672411685238
Minimum 2: Position = [-0.05011016  0.46671271], Energy = -80.76781697487652
Minimum 3: Position = [-0.55822365  1.44172583], Energy = -146.69951720995394

Approximate saddle points between minima:
Saddle 1: Position = [ 0.95752536 -0.01578497], Energy = -64.98991892529145
Saddle 2: Position = [-0.20310581 -0.09885272], Energy = -13.098548335353684

Computational statistics:
	Total energy calls: 9235
	Energy calls at each min: [1, 2109, 9235]
	Total force calls: 9235
	Force calls at each min: [1, 2109, 9235]
	Total steps: 9736
	Total Biases: 77

Verification against reference:
True minima found: 3/3

Verification against reference (saddles):
True saddles found: 0/2
Missed saddles at positions:
[0.21248658 0.29298833]
[-0.82200156  0.6243128 ]
