Starting run 2329
Identified minimum at position [0.6234994  0.02803776] with unbiased energy -108.1667241168524
Identified minimum at position [-0.05001083  0.46669411] with unbiased energy -80.76781812965902
Identified minimum at position [-0.55822362  1.44172586] with unbiased energy -146.69951720995388
Simulation completed.


Energies of found minima:
Minimum 1: Position = [0.6234994  0.02803776], Energy = -108.1667241168524
Minimum 2: Position = [-0.05001083  0.46669411], Energy = -80.76781812965902
Minimum 3: Position = [-0.55822362  1.44172586], Energy = -146.69951720995388

Approximate saddle points between minima:
Saddle 1: Position = [0.17340854 0.26949687], Energy = -71.73105439836824
Saddle 2: Position = [-0.80702403  0.63698636], Energy = -40.57735478443063

Computational statistics:
	Total energy calls: 11854
	Energy calls at each min: [1, 2704, 11854]
	Total force calls: 11854
	Force calls at each min: [1, 2704, 11854]
	Total steps: 12478
	Total Biases: 98

Verification against reference:
True minima found: 3/3

Verification against reference (saddles):
True saddles found: 2/2
Starting run 4633
Identified minimum at position [0.6234994  0.02803776] with unbiased energy -108.1667241168524
Identified minimum at position [-0.05009441  0.46671445] with unbiased energy -80.7678172482213
Identified minimum at position [-0.55822362  1.44172586] with unbiased energy -146.69951720995394
Simulation completed.


Energies of found minima:
Minimum 1: Position = [0.6234994  0.02803776], Energy = -108.1667241168524
Minimum 2: Position = [-0.05009441  0.46671445], Energy = -80.7678172482213
Minimum 3: Position = [-0.55822362  1.44172586], Energy = -146.69951720995394

Approximate saddle points between minima:
Saddle 1: Position = [0.16419415 0.28074036], Energy = -71.74302500952021
Saddle 2: Position = [-0.7748844   0.66724876], Energy = -39.74123563501739

Computational statistics:
	Total energy calls: 11735
	Energy calls at each min: [1, 3532, 11735]
	Total force calls: 11735
	Force calls at each min: [1, 3532, 11735]
	Total steps: 12361
	Total Biases: 98

Verification against reference:
True minima found: 3/3

Verification against reference (saddles):
True saddles found: 1/2
Missed saddles at positions:
[-0.82200156  0.6243128 ]
Starting run 2143
Identified minimum at position [0.6234994  0.02803776] with unbiased energy -108.1667241168524
Identified minimum at position [-0.05001373  0.4666947 ] with unbiased energy -80.7678181286515
Identified minimum at position [-0.55822363  1.44172585] with unbiased energy -146.699517209954
Simulation completed.


Energies of found minima:
Minimum 1: Position = [0.6234994  0.02803776], Energy = -108.1667241168524
Minimum 2: Position = [-0.05001373  0.4666947 ], Energy = -80.7678181286515
Minimum 3: Position = [-0.55822363  1.44172585], Energy = -146.699517209954

Approximate saddle points between minima:
Saddle 1: Position = [0.21168405 0.28868057], Energy = -72.25098460938557
Saddle 2: Position = [-0.49249276  0.19233432], Energy = -23.166840732469385

Computational statistics:
	Total energy calls: 8240
	Energy calls at each min: [1, 1534, 8240]
	Total force calls: 8240
	Force calls at each min: [1, 1534, 8240]
	Total steps: 8672
	Total Biases: 66

Verification against reference:
True minima found: 3/3

Verification against reference (saddles):
True saddles found: 1/2
Missed saddles at positions:
[-0.82200156  0.6243128 ]
Starting run 4112
Identified minimum at position [0.6234994  0.02803776] with unbiased energy -108.1667241168524
Identified minimum at position [-0.05001085  0.46669411] with unbiased energy -80.76781812965893
Identified minimum at position [-0.55822365  1.44172582] with unbiased energy -146.69951720995385
Simulation completed.


Energies of found minima:
Minimum 1: Position = [0.6234994  0.02803776], Energy = -108.1667241168524
Minimum 2: Position = [-0.05001085  0.46669411], Energy = -80.76781812965893
Minimum 3: Position = [-0.55822365  1.44172582], Energy = -146.69951720995385

Approximate saddle points between minima:
Saddle 1: Position = [0.20614766 0.29113807], Energy = -72.23936770254417
Saddle 2: Position = [-0.31832143  0.18142109], Energy = -34.31098915762786

Computational statistics:
	Total energy calls: 15968
	Energy calls at each min: [1, 2048, 15968]
	Total force calls: 15968
	Force calls at each min: [1, 2048, 15968]
	Total steps: 16799
	Total Biases: 129

Verification against reference:
True minima found: 3/3

Verification against reference (saddles):
True saddles found: 1/2
Missed saddles at positions:
[-0.82200156  0.6243128 ]
Starting run 3735
Identified minimum at position [0.6234994  0.02803776] with unbiased energy -108.1667241168524
Identified minimum at position [-0.0500159   0.46669526] with unbiased energy -80.76781812648844
Identified minimum at position [-0.55822365  1.44172583] with unbiased energy -146.69951720995394
Simulation completed.


Energies of found minima:
Minimum 1: Position = [0.6234994  0.02803776], Energy = -108.1667241168524
Minimum 2: Position = [-0.0500159   0.46669526], Energy = -80.76781812648844
Minimum 3: Position = [-0.55822365  1.44172583], Energy = -146.69951720995394

Approximate saddle points between minima:
Saddle 1: Position = [0.18064601 0.27070858], Energy = -71.87854626162272
Saddle 2: Position = [-0.80150341  0.66959209], Energy = -40.263072741506306

Computational statistics:
	Total energy calls: 8043
	Energy calls at each min: [1, 1453, 8043]
	Total force calls: 8043
	Force calls at each min: [1, 1453, 8043]
	Total steps: 8452
	Total Biases: 65

Verification against reference:
True minima found: 3/3

Verification against reference (saddles):
True saddles found: 2/2
Starting run 1690
Identified minimum at position [0.6234994  0.02803776] with unbiased energy -108.1667241168524
Identified minimum at position [-0.05127285  0.46701954] with unbiased energy -80.76761216975393
Identified minimum at position [-0.55822365  1.44172582] with unbiased energy -146.69951720995388
Simulation completed.


Energies of found minima:
Minimum 1: Position = [0.6234994  0.02803776], Energy = -108.1667241168524
Minimum 2: Position = [-0.05127285  0.46701954], Energy = -80.76761216975393
Minimum 3: Position = [-0.55822365  1.44172582], Energy = -146.69951720995388

Approximate saddle points between minima:
Saddle 1: Position = [0.34328228 0.2872195 ], Energy = -70.84510115934208
Saddle 2: Position = [0.45251447 0.54948698], Energy = -35.62010729654408

Computational statistics:
	Total energy calls: 14336
	Energy calls at each min: [1, 2783, 14336]
	Total force calls: 14336
	Force calls at each min: [1, 2783, 14336]
	Total steps: 15081
	Total Biases: 117

Verification against reference:
True minima found: 2/3
Missed minima at positions:
[-0.05001082  0.4666941 ]

Verification against reference (saddles):
True saddles found: 0/2
Missed saddles at positions:
[0.21248658 0.29298833]
[-0.82200156  0.6243128 ]
Starting run 3430
Identified minimum at position [0.6234994  0.02803776] with unbiased energy -108.1667241168524
Identified minimum at position [-0.05049051  0.46680741] with unbiased energy -80.76778942716697
Identified minimum at position [-0.55822362  1.44172585] with unbiased energy -146.69951720995394
Simulation completed.


Energies of found minima:
Minimum 1: Position = [0.6234994  0.02803776], Energy = -108.1667241168524
Minimum 2: Position = [-0.05049051  0.46680741], Energy = -80.76778942716697
Minimum 3: Position = [-0.55822362  1.44172585], Energy = -146.69951720995394

Approximate saddle points between minima:
Saddle 1: Position = [0.21913783 0.30115425], Energy = -72.22904892867084
Saddle 2: Position = [-0.10028995 -0.08716622], Energy = -24.769749872074946

Computational statistics:
	Total energy calls: 5760
	Energy calls at each min: [1, 782, 5760]
	Total force calls: 5760
	Force calls at each min: [1, 782, 5760]
	Total steps: 6063
	Total Biases: 47

Verification against reference:
True minima found: 3/3

Verification against reference (saddles):
True saddles found: 1/2
Missed saddles at positions:
[-0.82200156  0.6243128 ]
Starting run 4394
Identified minimum at position [0.6234994  0.02803776] with unbiased energy -108.1667241168524
Identified minimum at position [-0.05008614  0.46672019] with unbiased energy -80.76781725089346
Identified minimum at position [-0.55822365  1.44172583] with unbiased energy -146.6995172099539
Simulation completed.


Energies of found minima:
Minimum 1: Position = [0.6234994  0.02803776], Energy = -108.1667241168524
Minimum 2: Position = [-0.05008614  0.46672019], Energy = -80.76781725089346
Minimum 3: Position = [-0.55822365  1.44172583], Energy = -146.6995172099539

Approximate saddle points between minima:
Saddle 1: Position = [0.25749609 0.29963863], Energy = -71.88642335030286
Saddle 2: Position = [-0.80377089  0.6307557 ], Energy = -40.63169355224368

Computational statistics:
	Total energy calls: 6856
	Energy calls at each min: [1, 1588, 6856]
	Total force calls: 6856
	Force calls at each min: [1, 1588, 6856]
	Total steps: 7215
	Total Biases: 57

Verification against reference:
True minima found: 3/3

Verification against reference (saddles):
True saddles found: 2/2
Starting run 4060
Identified minimum at position [0.6234994  0.02803776] with unbiased energy -108.1667241168524
Identified minimum at position [-0.05002834  0.46669844] with unbiased energy -80.76781809070943
Identified minimum at position [-0.55822363  1.44172585] with unbiased energy -146.69951720995397
Simulation completed.


Energies of found minima:
Minimum 1: Position = [0.6234994  0.02803776], Energy = -108.1667241168524
Minimum 2: Position = [-0.05002834  0.46669844], Energy = -80.76781809070943
Minimum 3: Position = [-0.55822363  1.44172585], Energy = -146.69951720995397

Approximate saddle points between minima:
Saddle 1: Position = [0.18498888 0.28441242], Energy = -72.06470801706945
Saddle 2: Position = [-0.82856935  0.52246423], Energy = -39.22716275960012

Computational statistics:
	Total energy calls: 2650
	Energy calls at each min: [1, 617, 2650]
	Total force calls: 2650
	Force calls at each min: [1, 617, 2650]
	Total steps: 2788
	Total Biases: 23

Verification against reference:
True minima found: 3/3

Verification against reference (saddles):
True saddles found: 1/2
Missed saddles at positions:
[-0.82200156  0.6243128 ]
Starting run 1374
Identified minimum at position [0.6234994  0.02803776] with unbiased energy -108.1667241168524
Identified minimum at position [-0.05013031  0.46672109] with unbiased energy -80.76781637642854
Identified minimum at position [-0.55822365  1.44172583] with unbiased energy -146.69951720995394
Simulation completed.


Energies of found minima:
Minimum 1: Position = [0.6234994  0.02803776], Energy = -108.1667241168524
Minimum 2: Position = [-0.05013031  0.46672109], Energy = -80.76781637642854
Minimum 3: Position = [-0.55822365  1.44172583], Energy = -146.69951720995394

Approximate saddle points between minima:
Saddle 1: Position = [0.88334571 0.11602076], Energy = -68.61564981683708
Saddle 2: Position = [-0.27401614 -0.06011989], Energy = -12.060484740892917

Computational statistics:
	Total energy calls: 12906
	Energy calls at each min: [1, 1303, 12906]
	Total force calls: 12906
	Force calls at each min: [1, 1303, 12906]
	Total steps: 13585
	Total Biases: 105

Verification against reference:
True minima found: 3/3

Verification against reference (saddles):
True saddles found: 0/2
Missed saddles at positions:
[0.21248658 0.29298833]
[-0.82200156  0.6243128 ]
Starting run 1037
Identified minimum at position [0.6234994  0.02803776] with unbiased energy -108.1667241168524
Identified minimum at position [-0.05001596  0.46669519] with unbiased energy -80.76781812648699
Identified minimum at position [-0.55822363  1.44172585] with unbiased energy -146.699517209954
Simulation completed.


Energies of found minima:
Minimum 1: Position = [0.6234994  0.02803776], Energy = -108.1667241168524
Minimum 2: Position = [-0.05001596  0.46669519], Energy = -80.76781812648699
Minimum 3: Position = [-0.55822363  1.44172585], Energy = -146.699517209954

Approximate saddle points between minima:
Saddle 1: Position = [0.25124144 0.30046981], Energy = -71.94879384240983
Saddle 2: Position = [-0.78605774  0.64202323], Energy = -40.42777067547857

Computational statistics:
	Total energy calls: 10387
	Energy calls at each min: [1, 2068, 10387]
	Total force calls: 10387
	Force calls at each min: [1, 2068, 10387]
	Total steps: 10911
	Total Biases: 81

Verification against reference:
True minima found: 3/3

Verification against reference (saddles):
True saddles found: 2/2
Starting run 4926
Identified minimum at position [0.6234994  0.02803776] with unbiased energy -108.1667241168524
Identified minimum at position [-0.05003538  0.46669927] with unbiased energy -80.76781805716885
Identified minimum at position [-0.55822356  1.44172595] with unbiased energy -146.69951720994914
Simulation completed.


Energies of found minima:
Minimum 1: Position = [0.6234994  0.02803776], Energy = -108.1667241168524
Minimum 2: Position = [-0.05003538  0.46669927], Energy = -80.76781805716885
Minimum 3: Position = [-0.55822356  1.44172595], Energy = -146.69951720994914

Approximate saddle points between minima:
Saddle 1: Position = [0.15536513 0.22447816], Energy = -70.91344766512557
Saddle 2: Position = [-0.7786463   0.65552725], Energy = -40.072877297792225

Computational statistics:
	Total energy calls: 8130
	Energy calls at each min: [1, 1791, 8130]
	Total force calls: 8130
	Force calls at each min: [1, 1791, 8130]
	Total steps: 8559
	Total Biases: 67

Verification against reference:
True minima found: 3/3

Verification against reference (saddles):
True saddles found: 0/2
Missed saddles at positions:
[0.21248658 0.29298833]
[-0.82200156  0.6243128 ]
Starting run 4100
Identified minimum at position [0.6234994  0.02803776] with unbiased energy -108.1667241168524
Identified minimum at position [-0.05097596  0.46697143] with unbiased energy -80.76769090482418
Identified minimum at position [-0.55822365  1.44172582] with unbiased energy -146.69951720995385
Simulation completed.


Energies of found minima:
Minimum 1: Position = [0.6234994  0.02803776], Energy = -108.1667241168524
Minimum 2: Position = [-0.05097596  0.46697143], Energy = -80.76769090482418
Minimum 3: Position = [-0.55822365  1.44172582], Energy = -146.69951720995385

Approximate saddle points between minima:
Saddle 1: Position = [0.23010167 0.31080855], Energy = -72.11262308249884
Saddle 2: Position = [-0.81741367  0.61061805], Energy = -40.704324935929755

Computational statistics:
	Total energy calls: 7804
	Energy calls at each min: [1, 1331, 7804]
	Total force calls: 7804
	Force calls at each min: [1, 1331, 7804]
	Total steps: 8194
	Total Biases: 63

Verification against reference:
True minima found: 2/3
Missed minima at positions:
[-0.05001082  0.4666941 ]

Verification against reference (saddles):
True saddles found: 2/2
Starting run 1461
Identified minimum at position [0.6234994  0.02803776] with unbiased energy -108.1667241168524
Identified minimum at position [-0.0502157   0.46674064] with unbiased energy -80.76781296530216
Identified minimum at position [-0.55822363  1.44172585] with unbiased energy -146.699517209954
Simulation completed.


Energies of found minima:
Minimum 1: Position = [0.6234994  0.02803776], Energy = -108.1667241168524
Minimum 2: Position = [-0.0502157   0.46674064], Energy = -80.76781296530216
Minimum 3: Position = [-0.55822363  1.44172585], Energy = -146.699517209954

Approximate saddle points between minima:
Saddle 1: Position = [0.98129745 0.0428825 ], Energy = -58.50587931947118
Saddle 2: Position = [-0.80857557  0.6410358 ], Energy = -40.5550344491323

Computational statistics:
	Total energy calls: 6967
	Energy calls at each min: [1, 1686, 6967]
	Total force calls: 6967
	Force calls at each min: [1, 1686, 6967]
	Total steps: 7328
	Total Biases: 58

Verification against reference:
True minima found: 3/3

Verification against reference (saddles):
True saddles found: 1/2
Missed saddles at positions:
[0.21248658 0.29298833]
Starting run 5038
Identified minimum at position [0.6234994  0.02803776] with unbiased energy -108.1667241168524
Identified minimum at position [-0.05147438  0.46705654] with unbiased energy -80.76754590190595
Approximate Hessian has condition number >1e6 and cannot be reliably trusted; reverting to default behavior. 
Eigenvalues: [5.52639067e-04 3.84004443e+05]
Identified minimum at position [-0.55822365  1.44172583] with unbiased energy -146.6995172099539
Simulation completed.


Energies of found minima:
Minimum 1: Position = [0.6234994  0.02803776], Energy = -108.1667241168524
Minimum 2: Position = [-0.05147438  0.46705654], Energy = -80.76754590190595
Minimum 3: Position = [-0.55822365  1.44172583], Energy = -146.6995172099539

Approximate saddle points between minima:
Saddle 1: Position = [0.27590894 0.31458676], Energy = -71.17633464909446
Saddle 2: Position = [-0.22328141  0.09645619], Energy = -32.88019877029373

Computational statistics:
	Total energy calls: 9214
	Energy calls at each min: [1, 1061, 9214]
	Total force calls: 9214
	Force calls at each min: [1, 1061, 9214]
	Total steps: 9690
	Total Biases: 75

Verification against reference:
True minima found: 2/3
Missed minima at positions:
[-0.05001082  0.4666941 ]

Verification against reference (saddles):
True saddles found: 0/2
Missed saddles at positions:
[0.21248658 0.29298833]
[-0.82200156  0.6243128 ]
Starting run 1941
Identified minimum at position [0.6234994  0.02803776] with unbiased energy -108.1667241168524
Identified minimum at position [-0.05019628  0.46678583] with unbiased energy -80.76781044296888
Identified minimum at position [-0.55822365  1.44172583] with unbiased energy -146.69951720995394
Simulation completed.


Energies of found minima:
Minimum 1: Position = [0.6234994  0.02803776], Energy = -108.1667241168524
Minimum 2: Position = [-0.05019628  0.46678583], Energy = -80.76781044296888
Minimum 3: Position = [-0.55822365  1.44172583], Energy = -146.69951720995394

Approximate saddle points between minima:
Saddle 1: Position = [0.2916665  0.31904157], Energy = -70.5955142980871
Saddle 2: Position = [0.44328164 0.54651683], Energy = -37.530465361215775

Computational statistics:
	Total energy calls: 11762
	Energy calls at each min: [1, 2161, 11762]
	Total force calls: 11762
	Force calls at each min: [1, 2161, 11762]
	Total steps: 12364
	Total Biases: 95

Verification against reference:
True minima found: 3/3

Verification against reference (saddles):
True saddles found: 0/2
Missed saddles at positions:
[0.21248658 0.29298833]
[-0.82200156  0.6243128 ]
Starting run 3904
Identified minimum at position [0.6234994  0.02803776] with unbiased energy -108.1667241168524
Identified minimum at position [-0.05012096  0.46671956] with unbiased energy -80.7678166283785
Identified minimum at position [-0.55822365  1.44172582] with unbiased energy -146.69951720995388
Simulation completed.


Energies of found minima:
Minimum 1: Position = [0.6234994  0.02803776], Energy = -108.1667241168524
Minimum 2: Position = [-0.05012096  0.46671956], Energy = -80.7678166283785
Minimum 3: Position = [-0.55822365  1.44172582], Energy = -146.69951720995388

Approximate saddle points between minima:
Saddle 1: Position = [0.11525603 0.16487205], Energy = -68.3795839099578
Saddle 2: Position = [-0.34712587  0.81971912], Energy = -14.962498000917812

Computational statistics:
	Total energy calls: 10965
	Energy calls at each min: [1, 1529, 10965]
	Total force calls: 10965
	Force calls at each min: [1, 1529, 10965]
	Total steps: 11549
	Total Biases: 91

Verification against reference:
True minima found: 3/3

Verification against reference (saddles):
True saddles found: 0/2
Missed saddles at positions:
[0.21248658 0.29298833]
[-0.82200156  0.6243128 ]
Starting run 2686
Identified minimum at position [0.6234994  0.02803776] with unbiased energy -108.1667241168524
Identified minimum at position [-0.05001577  0.46669563] with unbiased energy -80.76781812617179
Identified minimum at position [-0.55822353  1.44172596] with unbiased energy -146.69951720994834
Simulation completed.


Energies of found minima:
Minimum 1: Position = [0.6234994  0.02803776], Energy = -108.1667241168524
Minimum 2: Position = [-0.05001577  0.46669563], Energy = -80.76781812617179
Minimum 3: Position = [-0.55822353  1.44172596], Energy = -146.69951720994834

Approximate saddle points between minima:
Saddle 1: Position = [0.14647249 0.29655326], Energy = -71.95634167523002
Saddle 2: Position = [0.58137245 0.48737986], Energy = -22.988950073725505

Computational statistics:
	Total energy calls: 10632
	Energy calls at each min: [1, 1000, 10632]
	Total force calls: 10632
	Force calls at each min: [1, 1000, 10632]
	Total steps: 11199
	Total Biases: 86

Verification against reference:
True minima found: 3/3

Verification against reference (saddles):
True saddles found: 0/2
Missed saddles at positions:
[0.21248658 0.29298833]
[-0.82200156  0.6243128 ]
Starting run 3049
Identified minimum at position [0.6234994  0.02803776] with unbiased energy -108.1667241168524
Identified minimum at position [-0.05002494  0.46669673] with unbiased energy -80.76781810637078
Identified minimum at position [-0.55822362  1.44172586] with unbiased energy -146.6995172099539
Simulation completed.


Energies of found minima:
Minimum 1: Position = [0.6234994  0.02803776], Energy = -108.1667241168524
Minimum 2: Position = [-0.05002494  0.46669673], Energy = -80.76781810637078
Minimum 3: Position = [-0.55822362  1.44172586], Energy = -146.6995172099539

Approximate saddle points between minima:
Saddle 1: Position = [0.34917088 0.33297026], Energy = -67.5003566539647
Saddle 2: Position = [-0.89864665  0.50865309], Energy = -35.468322936412605

Computational statistics:
	Total energy calls: 5477
	Energy calls at each min: [1, 1512, 5477]
	Total force calls: 5477
	Force calls at each min: [1, 1512, 5477]
	Total steps: 5775
	Total Biases: 47

Verification against reference:
True minima found: 3/3

Verification against reference (saddles):
True saddles found: 0/2
Missed saddles at positions:
[0.21248658 0.29298833]
[-0.82200156  0.6243128 ]
Starting run 1214
Identified minimum at position [0.6234994  0.02803776] with unbiased energy -108.1667241168524
Identified minimum at position [-0.05294297  0.46718551] with unbiased energy -80.76683018636953
Identified minimum at position [-0.55822362  1.44172585] with unbiased energy -146.69951720995394
Simulation completed.


Energies of found minima:
Minimum 1: Position = [0.6234994  0.02803776], Energy = -108.1667241168524
Minimum 2: Position = [-0.05294297  0.46718551], Energy = -80.76683018636953
Minimum 3: Position = [-0.55822362  1.44172585], Energy = -146.69951720995394

Approximate saddle points between minima:
Saddle 1: Position = [0.10140311 0.1382586 ], Energy = -67.05430982591693
Saddle 2: Position = [0.52245479 0.50097299], Energy = -31.712517513638744

Computational statistics:
	Total energy calls: 11732
	Energy calls at each min: [1, 1641, 11732]
	Total force calls: 11732
	Force calls at each min: [1, 1641, 11732]
	Total steps: 12351
	Total Biases: 93

Verification against reference:
True minima found: 2/3
Missed minima at positions:
[-0.05001082  0.4666941 ]

Verification against reference (saddles):
True saddles found: 0/2
Missed saddles at positions:
[0.21248658 0.29298833]
[-0.82200156  0.6243128 ]
Starting run 49
Identified minimum at position [0.6234994  0.02803776] with unbiased energy -108.1667241168524
Identified minimum at position [-0.05035412  0.46678964] with unbiased energy -80.76780231765646
Identified minimum at position [-0.55822362  1.44172585] with unbiased energy -146.69951720995397
Simulation completed.


Energies of found minima:
Minimum 1: Position = [0.6234994  0.02803776], Energy = -108.1667241168524
Minimum 2: Position = [-0.05035412  0.46678964], Energy = -80.76780231765646
Minimum 3: Position = [-0.55822362  1.44172585], Energy = -146.69951720995397

Approximate saddle points between minima:
Saddle 1: Position = [0.29706888 0.33460725], Energy = -69.91131691508151
Saddle 2: Position = [-0.80268297  0.49414503], Energy = -39.51066886424016

Computational statistics:
	Total energy calls: 5345
	Energy calls at each min: [1, 1932, 5345]
	Total force calls: 5345
	Force calls at each min: [1, 1932, 5345]
	Total steps: 5631
	Total Biases: 47

Verification against reference:
True minima found: 3/3

Verification against reference (saddles):
True saddles found: 0/2
Missed saddles at positions:
[0.21248658 0.29298833]
[-0.82200156  0.6243128 ]
Starting run 2877
Identified minimum at position [0.6234994  0.02803776] with unbiased energy -108.1667241168524
Identified minimum at position [-0.05001137  0.46669421] with unbiased energy -80.76781812962366
Identified minimum at position [-0.55822365  1.44172583] with unbiased energy -146.6995172099539
Simulation completed.


Energies of found minima:
Minimum 1: Position = [0.6234994  0.02803776], Energy = -108.1667241168524
Minimum 2: Position = [-0.05001137  0.46669421], Energy = -80.76781812962366
Minimum 3: Position = [-0.55822365  1.44172583], Energy = -146.6995172099539

Approximate saddle points between minima:
Saddle 1: Position = [0.15069401 0.22857723], Energy = -70.70508971009984
Saddle 2: Position = [-0.83101718  0.63198749], Energy = -40.71856257766716

Computational statistics:
	Total energy calls: 4630
	Energy calls at each min: [1, 2014, 4630]
	Total force calls: 4630
	Force calls at each min: [1, 2014, 4630]
	Total steps: 4869
	Total Biases: 39

Verification against reference:
True minima found: 3/3

Verification against reference (saddles):
True saddles found: 1/2
Missed saddles at positions:
[0.21248658 0.29298833]
Starting run 1066
Identified minimum at position [0.6234994  0.02803776] with unbiased energy -108.1667241168524
Identified minimum at position [-0.05004111  0.46670788] with unbiased energy -80.76781794441462
Identified minimum at position [-0.55822365  1.44172583] with unbiased energy -146.69951720995394
Simulation completed.


Energies of found minima:
Minimum 1: Position = [0.6234994  0.02803776], Energy = -108.1667241168524
Minimum 2: Position = [-0.05004111  0.46670788], Energy = -80.76781794441462
Minimum 3: Position = [-0.55822365  1.44172583], Energy = -146.69951720995394

Approximate saddle points between minima:
Saddle 1: Position = [0.14354735 0.04902422], Energy = -69.83537761727648
Saddle 2: Position = [-0.86243032  0.59279765], Energy = -40.08459433171237

Computational statistics:
	Total energy calls: 8075
	Energy calls at each min: [1, 1527, 8075]
	Total force calls: 8075
	Force calls at each min: [1, 1527, 8075]
	Total steps: 8499
	Total Biases: 65

Verification against reference:
True minima found: 3/3

Verification against reference (saddles):
True saddles found: 0/2
Missed saddles at positions:
[0.21248658 0.29298833]
[-0.82200156  0.6243128 ]
Starting run 3231
Identified minimum at position [0.6234994  0.02803776] with unbiased energy -108.1667241168524
Identified minimum at position [-0.0503633   0.46680513] with unbiased energy -80.76780017532886
Identified minimum at position [-0.55822362  1.44172586] with unbiased energy -146.69951720995394
Simulation completed.


Energies of found minima:
Minimum 1: Position = [0.6234994  0.02803776], Energy = -108.1667241168524
Minimum 2: Position = [-0.0503633   0.46680513], Energy = -80.76780017532886
Minimum 3: Position = [-0.55822362  1.44172586], Energy = -146.69951720995394

Approximate saddle points between minima:
Saddle 1: Position = [0.2115238  0.31601316], Energy = -72.3629694938685
Saddle 2: Position = [-0.83441681  0.6139028 ], Energy = -40.60480251095949

Computational statistics:
	Total energy calls: 5566
	Energy calls at each min: [1, 1733, 5566]
	Total force calls: 5566
	Force calls at each min: [1, 1733, 5566]
	Total steps: 5853
	Total Biases: 48

Verification against reference:
True minima found: 3/3

Verification against reference (saddles):
True saddles found: 2/2
Starting run 1909
Identified minimum at position [0.6234994  0.02803776] with unbiased energy -108.1667241168524
Identified minimum at position [-0.05001184  0.46669437] with unbiased energy -80.76781812952484
Identified minimum at position [-0.55822362  1.44172586] with unbiased energy -146.69951720995388
Simulation completed.


Energies of found minima:
Minimum 1: Position = [0.6234994  0.02803776], Energy = -108.1667241168524
Minimum 2: Position = [-0.05001184  0.46669437], Energy = -80.76781812952484
Minimum 3: Position = [-0.55822362  1.44172586], Energy = -146.69951720995388

Approximate saddle points between minima:
Saddle 1: Position = [0.14097126 0.23498184], Energy = -70.32549907981854
Saddle 2: Position = [-0.82481587  0.63208947], Energy = -40.68091247172438

Computational statistics:
	Total energy calls: 4030
	Energy calls at each min: [1, 1152, 4030]
	Total force calls: 4030
	Force calls at each min: [1, 1152, 4030]
	Total steps: 4243
	Total Biases: 34

Verification against reference:
True minima found: 3/3

Verification against reference (saddles):
True saddles found: 1/2
Missed saddles at positions:
[0.21248658 0.29298833]
Starting run 4810
Identified minimum at position [0.6234994  0.02803776] with unbiased energy -108.1667241168524
Identified minimum at position [-0.05016579  0.4667234 ] with unbiased energy -80.76781531441517
Identified minimum at position [-0.55822365  1.44172583] with unbiased energy -146.69951720995394
Simulation completed.


Energies of found minima:
Minimum 1: Position = [0.6234994  0.02803776], Energy = -108.1667241168524
Minimum 2: Position = [-0.05016579  0.4667234 ], Energy = -80.76781531441517
Minimum 3: Position = [-0.55822365  1.44172583], Energy = -146.69951720995394

Approximate saddle points between minima:
Saddle 1: Position = [0.38913462 0.31017527], Energy = -67.09601102105036
Saddle 2: Position = [-0.65227743  0.71528587], Energy = -34.84955876034713

Computational statistics:
	Total energy calls: 6128
	Energy calls at each min: [1, 1140, 6128]
	Total force calls: 6128
	Force calls at each min: [1, 1140, 6128]
	Total steps: 6455
	Total Biases: 51

Verification against reference:
True minima found: 3/3

Verification against reference (saddles):
True saddles found: 0/2
Missed saddles at positions:
[0.21248658 0.29298833]
[-0.82200156  0.6243128 ]
