Starting run 4185
Identified minimum at position [0.6234994  0.02803776] with unbiased energy -108.16672411685238
Identified minimum at position [-0.05001108  0.46669414] with unbiased energy -80.7678181296516
Identified minimum at position [-0.55822361  1.44172586] with unbiased energy -146.69951720995385
Simulation completed.


Energies of found minima:
Minimum 1: Position = [0.6234994  0.02803776], Energy = -108.16672411685238
Minimum 2: Position = [-0.05001108  0.46669414], Energy = -80.7678181296516
Minimum 3: Position = [-0.55822361  1.44172586], Energy = -146.69951720995385

Approximate saddle points between minima:
Saddle 1: Position = [0.13391064 0.07897961], Energy = -69.73402871723232
Saddle 2: Position = [-0.84430521  0.57242401], Energy = -39.943063644972625

Computational statistics:
	Total energy calls: 7748
	Energy calls at each min: [1, 2097, 7748]
	Total force calls: 7748
	Force calls at each min: [1, 2097, 7748]
	Total steps: 8172
	Total Biases: 64

Verification against reference:
True minima found: 3/3

Verification against reference (saddles):
True saddles found: 0/2
Missed saddles at positions:
[0.21248658 0.29298833]
[-0.82200156  0.6243128 ]
Starting run 3703
Identified minimum at position [0.6234994  0.02803776] with unbiased energy -108.16672411685238
Identified minimum at position [-0.05066891  0.46700191] with unbiased energy -80.76772770827333
Identified minimum at position [-0.55822362  1.44172586] with unbiased energy -146.6995172099539
Simulation completed.


Energies of found minima:
Minimum 1: Position = [0.6234994  0.02803776], Energy = -108.16672411685238
Minimum 2: Position = [-0.05066891  0.46700191], Energy = -80.76772770827333
Minimum 3: Position = [-0.55822362  1.44172586], Energy = -146.6995172099539

Approximate saddle points between minima:
Saddle 1: Position = [0.17934325 0.23201067], Energy = -71.90360737437067
Saddle 2: Position = [-0.50245836  0.71572734], Energy = -34.75094778750266

Computational statistics:
	Total energy calls: 5400
	Energy calls at each min: [1, 1087, 5400]
	Total force calls: 5400
	Force calls at each min: [1, 1087, 5400]
	Total steps: 5686
	Total Biases: 44

Verification against reference:
True minima found: 3/3

Verification against reference (saddles):
True saddles found: 0/2
Missed saddles at positions:
[0.21248658 0.29298833]
[-0.82200156  0.6243128 ]
Starting run 2495
Identified minimum at position [0.6234994  0.02803776] with unbiased energy -108.16672411685238
Identified minimum at position [-0.05009429  0.46671242] with unbiased energy -80.76781728184181
Identified minimum at position [-0.55822362  1.44172585] with unbiased energy -146.69951720995397
Simulation completed.


Energies of found minima:
Minimum 1: Position = [0.6234994  0.02803776], Energy = -108.16672411685238
Minimum 2: Position = [-0.05009429  0.46671242], Energy = -80.76781728184181
Minimum 3: Position = [-0.55822362  1.44172585], Energy = -146.69951720995397

Approximate saddle points between minima:
Saddle 1: Position = [0.18520718 0.25877718], Energy = -71.93545972326748
Saddle 2: Position = [-0.81922814  0.61918999], Energy = -40.67458299875907

Computational statistics:
	Total energy calls: 2727
	Energy calls at each min: [1, 1374, 2727]
	Total force calls: 2727
	Force calls at each min: [1, 1374, 2727]
	Total steps: 2868
	Total Biases: 24

Verification against reference:
True minima found: 3/3

Verification against reference (saddles):
True saddles found: 2/2
Starting run 2651
Identified minimum at position [0.6234994  0.02803776] with unbiased energy -108.16672411685238
Identified minimum at position [-0.05001163  0.46669428] with unbiased energy -80.76781812957998
Identified minimum at position [-0.55822364  1.44172583] with unbiased energy -146.699517209954
Simulation completed.


Energies of found minima:
Minimum 1: Position = [0.6234994  0.02803776], Energy = -108.16672411685238
Minimum 2: Position = [-0.05001163  0.46669428], Energy = -80.76781812957998
Minimum 3: Position = [-0.55822364  1.44172583], Energy = -146.699517209954

Approximate saddle points between minima:
Saddle 1: Position = [0.10462695 0.18118607], Energy = -67.65558740334532
Saddle 2: Position = [-0.82326778  0.49927994], Energy = -38.549007612435624

Computational statistics:
	Total energy calls: 4196
	Energy calls at each min: [1, 2472, 4196]
	Total force calls: 4196
	Force calls at each min: [1, 2472, 4196]
	Total steps: 4427
	Total Biases: 36

Verification against reference:
True minima found: 3/3

Verification against reference (saddles):
True saddles found: 0/2
Missed saddles at positions:
[0.21248658 0.29298833]
[-0.82200156  0.6243128 ]
Starting run 4571
Identified minimum at position [0.6234994  0.02803776] with unbiased energy -108.16672411685238
Identified minimum at position [-0.05001693  0.46669526] with unbiased energy -80.76781812529481
Identified minimum at position [-0.55822362  1.44172586] with unbiased energy -146.69951720995394
Simulation completed.


Energies of found minima:
Minimum 1: Position = [0.6234994  0.02803776], Energy = -108.16672411685238
Minimum 2: Position = [-0.05001693  0.46669526], Energy = -80.76781812529481
Minimum 3: Position = [-0.55822362  1.44172586], Energy = -146.69951720995394

Approximate saddle points between minima:
Saddle 1: Position = [0.5036315  0.28263876], Energy = -63.89956476318753
Saddle 2: Position = [-0.13851745  0.06698327], Energy = -38.71993458042709

Computational statistics:
	Total energy calls: 5827
	Energy calls at each min: [1, 2378, 5827]
	Total force calls: 5827
	Force calls at each min: [1, 2378, 5827]
	Total steps: 6141
	Total Biases: 50

Verification against reference:
True minima found: 3/3

Verification against reference (saddles):
True saddles found: 0/2
Missed saddles at positions:
[0.21248658 0.29298833]
[-0.82200156  0.6243128 ]
Starting run 2552
Identified minimum at position [0.6234994  0.02803776] with unbiased energy -108.16672411685238
Identified minimum at position [-0.05001086  0.46669412] with unbiased energy -80.76781812965879
Identified minimum at position [-0.55822363  1.44172585] with unbiased energy -146.69951720995397
Simulation completed.


Energies of found minima:
Minimum 1: Position = [0.6234994  0.02803776], Energy = -108.16672411685238
Minimum 2: Position = [-0.05001086  0.46669412], Energy = -80.76781812965879
Minimum 3: Position = [-0.55822363  1.44172585], Energy = -146.69951720995397

Approximate saddle points between minima:
Saddle 1: Position = [0.47532207 0.30679576], Energy = -62.01154114739576
Saddle 2: Position = [-0.09923361 -0.08540272], Energy = -25.170015320432853

Computational statistics:
	Total energy calls: 7755
	Energy calls at each min: [1, 2354, 7755]
	Total force calls: 7755
	Force calls at each min: [1, 2354, 7755]
	Total steps: 8178
	Total Biases: 65

Verification against reference:
True minima found: 3/3

Verification against reference (saddles):
True saddles found: 0/2
Missed saddles at positions:
[0.21248658 0.29298833]
[-0.82200156  0.6243128 ]
Starting run 402
Identified minimum at position [0.6234994  0.02803776] with unbiased energy -108.16672411685238
Identified minimum at position [-0.05006944  0.4667136 ] with unbiased energy -80.76781761385269
Identified minimum at position [-0.55822365  1.44172583] with unbiased energy -146.6995172099539
Simulation completed.


Energies of found minima:
Minimum 1: Position = [0.6234994  0.02803776], Energy = -108.16672411685238
Minimum 2: Position = [-0.05006944  0.4667136 ], Energy = -80.76781761385269
Minimum 3: Position = [-0.55822365  1.44172583], Energy = -146.6995172099539

Approximate saddle points between minima:
Saddle 1: Position = [0.15810783 0.25924767], Energy = -71.24124683706688
Saddle 2: Position = [-0.82641716  0.57282774], Energy = -40.40751987202877

Computational statistics:
	Total energy calls: 11720
	Energy calls at each min: [1, 2806, 11720]
	Total force calls: 11720
	Force calls at each min: [1, 2806, 11720]
	Total steps: 12332
	Total Biases: 95

Verification against reference:
True minima found: 3/3

Verification against reference (saddles):
True saddles found: 0/2
Missed saddles at positions:
[0.21248658 0.29298833]
[-0.82200156  0.6243128 ]
Starting run 3075
Identified minimum at position [0.6234994  0.02803776] with unbiased energy -108.16672411685238
Identified minimum at position [-0.05001779  0.46669573] with unbiased energy -80.76781812362087
Identified minimum at position [-0.55822363  1.44172585] with unbiased energy -146.699517209954
Simulation completed.


Energies of found minima:
Minimum 1: Position = [0.6234994  0.02803776], Energy = -108.16672411685238
Minimum 2: Position = [-0.05001779  0.46669573], Energy = -80.76781812362087
Minimum 3: Position = [-0.55822363  1.44172585], Energy = -146.699517209954

Approximate saddle points between minima:
Saddle 1: Position = [0.11675598 0.13082423], Energy = -68.45692576707725
Saddle 2: Position = [-0.85659456  0.60780067], Energy = -40.45708052476549

Computational statistics:
	Total energy calls: 8559
	Energy calls at each min: [1, 1923, 8559]
	Total force calls: 8559
	Force calls at each min: [1, 1923, 8559]
	Total steps: 8994
	Total Biases: 73

Verification against reference:
True minima found: 3/3

Verification against reference (saddles):
True saddles found: 1/2
Missed saddles at positions:
[0.21248658 0.29298833]
Starting run 5055
Identified minimum at position [0.6234994  0.02803776] with unbiased energy -108.16672411685238
Identified minimum at position [-0.0528127   0.46722265] with unbiased energy -80.76689791526846
Identified minimum at position [-0.55822365  1.44172583] with unbiased energy -146.69951720995397
Simulation completed.


Energies of found minima:
Minimum 1: Position = [0.6234994  0.02803776], Energy = -108.16672411685238
Minimum 2: Position = [-0.0528127   0.46722265], Energy = -80.76689791526846
Minimum 3: Position = [-0.55822365  1.44172583], Energy = -146.69951720995397

Approximate saddle points between minima:
Saddle 1: Position = [0.40168496 0.27484884], Energy = -70.34767120954595
Saddle 2: Position = [-0.75819744  0.65719361], Energy = -39.864937390872356

Computational statistics:
	Total energy calls: 5843
	Energy calls at each min: [1, 1790, 5843]
	Total force calls: 5843
	Force calls at each min: [1, 1790, 5843]
	Total steps: 6146
	Total Biases: 47

Verification against reference:
True minima found: 2/3
Missed minima at positions:
[-0.05001082  0.4666941 ]

Verification against reference (saddles):
True saddles found: 0/2
Missed saddles at positions:
[0.21248658 0.29298833]
[-0.82200156  0.6243128 ]
Starting run 4835
Identified minimum at position [0.6234994  0.02803776] with unbiased energy -108.16672411685238
Identified minimum at position [-0.05001091  0.46669412] with unbiased energy -80.76781812965817
Identified minimum at position [-0.55822363  1.44172585] with unbiased energy -146.699517209954
Simulation completed.


Energies of found minima:
Minimum 1: Position = [0.6234994  0.02803776], Energy = -108.16672411685238
Minimum 2: Position = [-0.05001091  0.46669412], Energy = -80.76781812965817
Minimum 3: Position = [-0.55822363  1.44172585], Energy = -146.699517209954

Approximate saddle points between minima:
Saddle 1: Position = [ 0.94142729 -0.0380661 ], Energy = -65.56595213836204
Saddle 2: Position = [-0.88615478  0.58915405], Energy = -39.782724222592236

Computational statistics:
	Total energy calls: 5354
	Energy calls at each min: [1, 1326, 5354]
	Total force calls: 5354
	Force calls at each min: [1, 1326, 5354]
	Total steps: 5635
	Total Biases: 44

Verification against reference:
True minima found: 3/3

Verification against reference (saddles):
True saddles found: 0/2
Missed saddles at positions:
[0.21248658 0.29298833]
[-0.82200156  0.6243128 ]
Starting run 4656
Identified minimum at position [0.6234994  0.02803776] with unbiased energy -108.16672411685238
Identified minimum at position [-0.05001629  0.46669535] with unbiased energy -80.76781812597885
Identified minimum at position [-0.55822362  1.44172586] with unbiased energy -146.69951720995394
Simulation completed.


Energies of found minima:
Minimum 1: Position = [0.6234994  0.02803776], Energy = -108.16672411685238
Minimum 2: Position = [-0.05001629  0.46669535], Energy = -80.76781812597885
Minimum 3: Position = [-0.55822362  1.44172586], Energy = -146.69951720995394

Approximate saddle points between minima:
Saddle 1: Position = [0.27808867 0.30779149], Energy = -71.31261779771859
Saddle 2: Position = [-0.83355604  0.51569262], Energy = -38.72868209411571

Computational statistics:
	Total energy calls: 7849
	Energy calls at each min: [1, 2093, 7849]
	Total force calls: 7849
	Force calls at each min: [1, 2093, 7849]
	Total steps: 8267
	Total Biases: 65

Verification against reference:
True minima found: 3/3

Verification against reference (saddles):
True saddles found: 0/2
Missed saddles at positions:
[0.21248658 0.29298833]
[-0.82200156  0.6243128 ]
Starting run 1957
Identified minimum at position [0.6234994  0.02803776] with unbiased energy -108.16672411685238
Identified minimum at position [-0.05001191  0.46669437] with unbiased energy -80.76781812950985
Identified minimum at position [-0.55822362  1.44172586] with unbiased energy -146.69951720995388
Simulation completed.


Energies of found minima:
Minimum 1: Position = [0.6234994  0.02803776], Energy = -108.16672411685238
Minimum 2: Position = [-0.05001191  0.46669437], Energy = -80.76781812950985
Minimum 3: Position = [-0.55822362  1.44172586], Energy = -146.69951720995388

Approximate saddle points between minima:
Saddle 1: Position = [0.17268235 0.24384238], Energy = -71.59149651507379
Saddle 2: Position = [0.66586055 0.32891327], Energy = -35.19158593525697

Computational statistics:
	Total energy calls: 9285
	Energy calls at each min: [1, 1495, 9285]
	Total force calls: 9285
	Force calls at each min: [1, 1495, 9285]
	Total steps: 9762
	Total Biases: 73

Verification against reference:
True minima found: 3/3

Verification against reference (saddles):
True saddles found: 0/2
Missed saddles at positions:
[0.21248658 0.29298833]
[-0.82200156  0.6243128 ]
Starting run 565
Identified minimum at position [0.6234994  0.02803776] with unbiased energy -108.16672411685238
Identified minimum at position [-0.05003449  0.46669941] with unbiased energy -80.76781806105417
Identified minimum at position [-0.55822365  1.44172583] with unbiased energy -146.69951720995394
Simulation completed.


Energies of found minima:
Minimum 1: Position = [0.6234994  0.02803776], Energy = -108.16672411685238
Minimum 2: Position = [-0.05003449  0.46669941], Energy = -80.76781806105417
Minimum 3: Position = [-0.55822365  1.44172583], Energy = -146.69951720995394

Approximate saddle points between minima:
Saddle 1: Position = [0.18104018 0.26338704], Energy = -71.84680989433306
Saddle 2: Position = [-0.78228247  0.63700615], Energy = -40.54034490071364

Computational statistics:
	Total energy calls: 6542
	Energy calls at each min: [1, 1081, 6542]
	Total force calls: 6542
	Force calls at each min: [1, 1081, 6542]
	Total steps: 6881
	Total Biases: 53

Verification against reference:
True minima found: 3/3

Verification against reference (saddles):
True saddles found: 2/2
Starting run 2776
Identified minimum at position [0.6234994  0.02803776] with unbiased energy -108.16672411685238
Identified minimum at position [-0.05003188  0.46670089] with unbiased energy -80.7678180645753
Identified minimum at position [-0.55822364  1.44172584] with unbiased energy -146.699517209954
Simulation completed.


Energies of found minima:
Minimum 1: Position = [0.6234994  0.02803776], Energy = -108.16672411685238
Minimum 2: Position = [-0.05003188  0.46670089], Energy = -80.7678180645753
Minimum 3: Position = [-0.55822364  1.44172584], Energy = -146.699517209954

Approximate saddle points between minima:
Saddle 1: Position = [0.39546588 0.26709408], Energy = -71.48718900917973
Saddle 2: Position = [-0.82407452  0.62298783], Energy = -40.66368095522853

Computational statistics:
	Total energy calls: 3134
	Energy calls at each min: [1, 1904, 3134]
	Total force calls: 3134
	Force calls at each min: [1, 1904, 3134]
	Total steps: 3303
	Total Biases: 28

Verification against reference:
True minima found: 3/3

Verification against reference (saddles):
True saddles found: 1/2
Missed saddles at positions:
[0.21248658 0.29298833]
Starting run 3344
Identified minimum at position [0.6234994  0.02803776] with unbiased energy -108.16672411685238
Identified minimum at position [-0.05012132  0.46672185] with unbiased energy -80.76781656968896
Approximate Hessian has condition number >1e6 and cannot be reliably trusted; reverting to default behavior. 
Eigenvalues: [3.77689139e-06 6.60791467e+06]
Identified minimum at position [-0.55822364  1.44172584] with unbiased energy -146.699517209954
Simulation completed.


Energies of found minima:
Minimum 1: Position = [0.6234994  0.02803776], Energy = -108.16672411685238
Minimum 2: Position = [-0.05012132  0.46672185], Energy = -80.76781656968896
Minimum 3: Position = [-0.55822364  1.44172584], Energy = -146.699517209954

Approximate saddle points between minima:
Saddle 1: Position = [0.43756278 0.26469308], Energy = -70.45630613334173
Saddle 2: Position = [-0.62229222  0.73934117], Energy = -31.944503617516563

Computational statistics:
	Total energy calls: 17825
	Energy calls at each min: [1, 2727, 17825]
	Total force calls: 17825
	Force calls at each min: [1, 2727, 17825]
	Total steps: 18752
	Total Biases: 143

Verification against reference:
True minima found: 3/3

Verification against reference (saddles):
True saddles found: 0/2
Missed saddles at positions:
[0.21248658 0.29298833]
[-0.82200156  0.6243128 ]
Starting run 4870
Identified minimum at position [0.6234994  0.02803776] with unbiased energy -108.16672411685238
Identified minimum at position [-0.05037518  0.46677677] with unbiased energy -80.7678018014312
Identified minimum at position [-0.55822362  1.44172586] with unbiased energy -146.6995172099539
Simulation completed.


Energies of found minima:
Minimum 1: Position = [0.6234994  0.02803776], Energy = -108.16672411685238
Minimum 2: Position = [-0.05037518  0.46677677], Energy = -80.7678018014312
Minimum 3: Position = [-0.55822362  1.44172586], Energy = -146.6995172099539

Approximate saddle points between minima:
Saddle 1: Position = [0.22493778 0.27650893], Energy = -72.40680063727427
Saddle 2: Position = [-0.16413767  0.09598083], Energy = -38.5223712450193

Computational statistics:
	Total energy calls: 9487
	Energy calls at each min: [1, 1001, 9487]
	Total force calls: 9487
	Force calls at each min: [1, 1001, 9487]
	Total steps: 9914
	Total Biases: 71

Verification against reference:
True minima found: 3/3

Verification against reference (saddles):
True saddles found: 1/2
Missed saddles at positions:
[-0.82200156  0.6243128 ]
Starting run 1958
Identified minimum at position [0.6234994  0.02803776] with unbiased energy -108.16672411685238
Identified minimum at position [-0.05019953  0.46672541] with unbiased energy -80.76781404371947
Identified minimum at position [-0.55822362  1.44172586] with unbiased energy -146.6995172099539
Simulation completed.


Energies of found minima:
Minimum 1: Position = [0.6234994  0.02803776], Energy = -108.16672411685238
Minimum 2: Position = [-0.05019953  0.46672541], Energy = -80.76781404371947
Minimum 3: Position = [-0.55822362  1.44172586], Energy = -146.6995172099539

Approximate saddle points between minima:
Saddle 1: Position = [0.10006449 0.21004835], Energy = -67.79392109634011
Saddle 2: Position = [-0.21908992  0.09442657], Energy = -33.085756376957534

Computational statistics:
	Total energy calls: 8819
	Energy calls at each min: [1, 941, 8819]
	Total force calls: 8819
	Force calls at each min: [1, 941, 8819]
	Total steps: 9257
	Total Biases: 73

Verification against reference:
True minima found: 3/3

Verification against reference (saddles):
True saddles found: 0/2
Missed saddles at positions:
[0.21248658 0.29298833]
[-0.82200156  0.6243128 ]
Starting run 532
Identified minimum at position [0.6234994  0.02803776] with unbiased energy -108.16672411685238
Approximate Hessian has condition number >1e6 and cannot be reliably trusted; reverting to default behavior. 
Eigenvalues: [4.43832910e-03 1.66241826e+06]
Identified minimum at position [-0.05125307  0.46701153] with unbiased energy -80.76761938687937
Identified minimum at position [-0.55822365  1.44172583] with unbiased energy -146.6995172099539
Simulation completed.


Energies of found minima:
Minimum 1: Position = [0.6234994  0.02803776], Energy = -108.16672411685238
Minimum 2: Position = [-0.05125307  0.46701153], Energy = -80.76761938687937
Minimum 3: Position = [-0.55822365  1.44172583], Energy = -146.6995172099539

Approximate saddle points between minima:
Saddle 1: Position = [0.23559804 0.34389975], Energy = -72.01785156130275
Saddle 2: Position = [-0.80831546  0.63728036], Energy = -40.58102626345948

Computational statistics:
	Total energy calls: 7713
	Energy calls at each min: [1, 1564, 7713]
	Total force calls: 7713
	Force calls at each min: [1, 1564, 7713]
	Total steps: 8110
	Total Biases: 65

Verification against reference:
True minima found: 2/3
Missed minima at positions:
[-0.05001082  0.4666941 ]

Verification against reference (saddles):
True saddles found: 1/2
Missed saddles at positions:
[0.21248658 0.29298833]
Starting run 2522
Identified minimum at position [0.6234994  0.02803776] with unbiased energy -108.16672411685238
Identified minimum at position [-0.05002687  0.46669709] with unbiased energy -80.76781809956557
Identified minimum at position [-0.55822365  1.44172583] with unbiased energy -146.699517209954
Simulation completed.


Energies of found minima:
Minimum 1: Position = [0.6234994  0.02803776], Energy = -108.16672411685238
Minimum 2: Position = [-0.05002687  0.46669709], Energy = -80.76781809956557
Minimum 3: Position = [-0.55822365  1.44172583], Energy = -146.699517209954

Approximate saddle points between minima:
Saddle 1: Position = [0.1268299  0.19631435], Energy = -69.29073039050967
Saddle 2: Position = [-0.10486283 -0.08588791], Energy = -24.516111901949976

Computational statistics:
	Total energy calls: 12665
	Energy calls at each min: [1, 1457, 12665]
	Total force calls: 12665
	Force calls at each min: [1, 1457, 12665]
	Total steps: 13347
	Total Biases: 104

Verification against reference:
True minima found: 3/3

Verification against reference (saddles):
True saddles found: 0/2
Missed saddles at positions:
[0.21248658 0.29298833]
[-0.82200156  0.6243128 ]
Starting run 2623
Identified minimum at position [0.6234994  0.02803776] with unbiased energy -108.16672411685238
Identified minimum at position [-0.05005522  0.46670423] with unbiased energy -80.76781788683095
Identified minimum at position [-0.55822365  1.44172582] with unbiased energy -146.69951720995388
Simulation completed.


Energies of found minima:
Minimum 1: Position = [0.6234994  0.02803776], Energy = -108.16672411685238
Minimum 2: Position = [-0.05005522  0.46670423], Energy = -80.76781788683095
Minimum 3: Position = [-0.55822365  1.44172582], Energy = -146.69951720995388

Approximate saddle points between minima:
Saddle 1: Position = [0.26011233 0.28556794], Energy = -72.22560346037301
Saddle 2: Position = [-0.62040448  0.68933323], Energy = -37.45595649611582

Computational statistics:
	Total energy calls: 8931
	Energy calls at each min: [1, 1387, 8931]
	Total force calls: 8931
	Force calls at each min: [1, 1387, 8931]
	Total steps: 9390
	Total Biases: 71

Verification against reference:
True minima found: 3/3

Verification against reference (saddles):
True saddles found: 1/2
Missed saddles at positions:
[-0.82200156  0.6243128 ]
Starting run 760
Identified minimum at position [0.6234994  0.02803776] with unbiased energy -108.16672411685238
Identified minimum at position [-0.05053908  0.46687645] with unbiased energy -80.76777500828163
Identified minimum at position [-0.55822364  1.44172584] with unbiased energy -146.699517209954
Simulation completed.


Energies of found minima:
Minimum 1: Position = [0.6234994  0.02803776], Energy = -108.16672411685238
Minimum 2: Position = [-0.05053908  0.46687645], Energy = -80.76777500828163
Minimum 3: Position = [-0.55822364  1.44172584], Energy = -146.699517209954

Approximate saddle points between minima:
Saddle 1: Position = [0.28879627 0.38818323], Energy = -69.06333248964691
Saddle 2: Position = [-0.83322002  0.62976753], Energy = -40.71766996379851

Computational statistics:
	Total energy calls: 4930
	Energy calls at each min: [1, 1195, 4930]
	Total force calls: 4930
	Force calls at each min: [1, 1195, 4930]
	Total steps: 5203
	Total Biases: 43

Verification against reference:
True minima found: 3/3

Verification against reference (saddles):
True saddles found: 1/2
Missed saddles at positions:
[0.21248658 0.29298833]
Starting run 2311
Identified minimum at position [0.6234994  0.02803776] with unbiased energy -108.16672411685238
Identified minimum at position [-0.05258838  0.46737352] with unbiased energy -80.76694980259717
Identified minimum at position [-0.55822365  1.44172582] with unbiased energy -146.69951720995385
Simulation completed.


Energies of found minima:
Minimum 1: Position = [0.6234994  0.02803776], Energy = -108.16672411685238
Minimum 2: Position = [-0.05258838  0.46737352], Energy = -80.76694980259717
Minimum 3: Position = [-0.55822365  1.44172582], Energy = -146.69951720995385

Approximate saddle points between minima:
Saddle 1: Position = [0.17660822 0.25906719], Energy = -71.72705535780646
Saddle 2: Position = [-0.82738965  0.63362377], Energy = -40.701814276184734

Computational statistics:
	Total energy calls: 5809
	Energy calls at each min: [1, 1599, 5809]
	Total force calls: 5809
	Force calls at each min: [1, 1599, 5809]
	Total steps: 6101
	Total Biases: 51

Verification against reference:
True minima found: 2/3
Missed minima at positions:
[-0.05001082  0.4666941 ]

Verification against reference (saddles):
True saddles found: 2/2
Starting run 4252
Identified minimum at position [0.6234994  0.02803776] with unbiased energy -108.16672411685238
Identified minimum at position [-0.05001864  0.46669643] with unbiased energy -80.76781812115695
Identified minimum at position [-0.55822364  1.44172584] with unbiased energy -146.699517209954
Simulation completed.


Energies of found minima:
Minimum 1: Position = [0.6234994  0.02803776], Energy = -108.16672411685238
Minimum 2: Position = [-0.05001864  0.46669643], Energy = -80.76781812115695
Minimum 3: Position = [-0.55822364  1.44172584], Energy = -146.699517209954

Approximate saddle points between minima:
Saddle 1: Position = [0.21712055 0.30628403], Energy = -72.24955167502372
Saddle 2: Position = [-0.60205675  0.71253791], Energy = -34.64795931887445

Computational statistics:
	Total energy calls: 10750
	Energy calls at each min: [1, 1312, 10750]
	Total force calls: 10750
	Force calls at each min: [1, 1312, 10750]
	Total steps: 11298
	Total Biases: 86

Verification against reference:
True minima found: 3/3

Verification against reference (saddles):
True saddles found: 1/2
Missed saddles at positions:
[-0.82200156  0.6243128 ]
Starting run 740
Identified minimum at position [0.6234994  0.02803776] with unbiased energy -108.16672411685238
Identified minimum at position [-0.55822365  1.44172583] with unbiased energy -146.69951720995397
Approximate Hessian has condition number >1e6 and cannot be reliably trusted; reverting to default behavior. 
Eigenvalues: [1.36869069e-03 1.96423945e+06]
Approximate Hessian has condition number >1e6 and cannot be reliably trusted; reverting to default behavior. 
Eigenvalues: [2.08481913e-03 1.87384394e+07]
Approximate Hessian has condition number >1e6 and cannot be reliably trusted; reverting to default behavior. 
Eigenvalues: [7.22369194e-04 3.72062707e+05]
Approximate Hessian has condition number >1e6 and cannot be reliably trusted; reverting to default behavior. 
Eigenvalues: [5.33322804e-04 3.38275394e+05]
Approximate Hessian has condition number >1e6 and cannot be reliably trusted; reverting to default behavior. 
Eigenvalues: [2.38418579e-07 1.48728220e+09]
Simulation completed.


Energies of found minima:
Minimum 1: Position = [0.6234994  0.02803776], Energy = -108.16672411685238
Minimum 2: Position = [-0.55822365  1.44172583], Energy = -146.69951720995397

Approximate saddle points between minima:
Saddle 1: Position = [-0.55865782  0.70056533], Energy = -36.54277146668696

Computational statistics:
	Total energy calls: 638706
	Energy calls at each min: [1, 4107]
	Total force calls: 638706
	Force calls at each min: [1, 4107]
	Total steps: 672444
	Total Biases: 5000

Verification against reference:
True minima found: 2/3
Missed minima at positions:
[-0.05001082  0.4666941 ]

Verification against reference (saddles):
True saddles found: 0/2
Missed saddles at positions:
[0.21248658 0.29298833]
[-0.82200156  0.6243128 ]
Starting run 3523
Identified minimum at position [0.6234994  0.02803776] with unbiased energy -108.16672411685238
Identified minimum at position [-0.05001626  0.46669511] with unbiased energy -80.76781812620774
Identified minimum at position [-0.55822365  1.44172583] with unbiased energy -146.69951720995394
Simulation completed.


Energies of found minima:
Minimum 1: Position = [0.6234994  0.02803776], Energy = -108.16672411685238
Minimum 2: Position = [-0.05001626  0.46669511], Energy = -80.76781812620774
Minimum 3: Position = [-0.55822365  1.44172583], Energy = -146.69951720995394

Approximate saddle points between minima:
Saddle 1: Position = [0.20892103 0.30844083], Energy = -72.32459904364211
Saddle 2: Position = [-0.79056427  0.6628812 ], Energy = -40.09347296880955

Computational statistics:
	Total energy calls: 3134
	Energy calls at each min: [1, 1662, 3134]
	Total force calls: 3134
	Force calls at each min: [1, 1662, 3134]
	Total steps: 3299
	Total Biases: 30

Verification against reference:
True minima found: 3/3

Verification against reference (saddles):
True saddles found: 2/2
Starting run 5114
Identified minimum at position [0.6234994  0.02803776] with unbiased energy -108.16672411685238
Identified minimum at position [-0.05001538  0.46669784] with unbiased energy -80.76781811957252
Identified minimum at position [-0.55822365  1.44172583] with unbiased energy -146.69951720995397
Simulation completed.


Energies of found minima:
Minimum 1: Position = [0.6234994  0.02803776], Energy = -108.16672411685238
Minimum 2: Position = [-0.05001538  0.46669784], Energy = -80.76781811957252
Minimum 3: Position = [-0.55822365  1.44172583], Energy = -146.69951720995397

Approximate saddle points between minima:
Saddle 1: Position = [0.44389412 0.31390145], Energy = -63.35197455873022
Saddle 2: Position = [0.09874944 0.76298851], Energy = -18.78820875613534

Computational statistics:
	Total energy calls: 11094
	Energy calls at each min: [1, 2541, 11094]
	Total force calls: 11094
	Force calls at each min: [1, 2541, 11094]
	Total steps: 11699
	Total Biases: 89

Verification against reference:
True minima found: 3/3

Verification against reference (saddles):
True saddles found: 0/2
Missed saddles at positions:
[0.21248658 0.29298833]
[-0.82200156  0.6243128 ]
