Starting run 2976
Identified minimum at position [0.6234994  0.02803776] with unbiased energy -108.16672411685238
Identified minimum at position [-0.05020949  0.46673955] with unbiased energy -80.76781326234729
Identified minimum at position [-0.55822364  1.44172584] with unbiased energy -146.699517209954
Simulation completed.


Energies of found minima:
Minimum 1: Position = [0.6234994  0.02803776], Energy = -108.16672411685238
Minimum 2: Position = [-0.05020949  0.46673955], Energy = -80.76781326234729
Minimum 3: Position = [-0.55822364  1.44172584], Energy = -146.699517209954

Approximate saddle points between minima:
Saddle 1: Position = [0.39551281 0.29279726], Energy = -68.52812254095818
Saddle 2: Position = [0.65972112 0.37330655], Energy = -26.565514943093333

Computational statistics:
	Total energy calls: 10298
	Energy calls at each min: [1, 2524, 10298]
	Total force calls: 10298
	Force calls at each min: [1, 2524, 10298]
	Total steps: 10837
	Total Biases: 87

Verification against reference:
True minima found: 3/3

Verification against reference (saddles):
True saddles found: 0/2
Missed saddles at positions:
[0.21248658 0.29298833]
[-0.82200156  0.6243128 ]
Starting run 3518
Identified minimum at position [0.6234994  0.02803776] with unbiased energy -108.16672411685238
Identified minimum at position [-0.05037794  0.46677573] with unbiased energy -80.7678016610939
Identified minimum at position [-0.55822362  1.44172586] with unbiased energy -146.69951720995388
Simulation completed.


Energies of found minima:
Minimum 1: Position = [0.6234994  0.02803776], Energy = -108.16672411685238
Minimum 2: Position = [-0.05037794  0.46677573], Energy = -80.7678016610939
Minimum 3: Position = [-0.55822362  1.44172586], Energy = -146.69951720995388

Approximate saddle points between minima:
Saddle 1: Position = [0.27980983 0.34194169], Energy = -70.44146072053468
Saddle 2: Position = [-0.05353973 -0.07445812], Energy = -31.80944453387187

Computational statistics:
	Total energy calls: 10212
	Energy calls at each min: [1, 1258, 10212]
	Total force calls: 10212
	Force calls at each min: [1, 1258, 10212]
	Total steps: 10745
	Total Biases: 82

Verification against reference:
True minima found: 3/3

Verification against reference (saddles):
True saddles found: 0/2
Missed saddles at positions:
[0.21248658 0.29298833]
[-0.82200156  0.6243128 ]
Starting run 2533
Identified minimum at position [0.6234994  0.02803776] with unbiased energy -108.16672411685238
Identified minimum at position [-0.55822362  1.44172586] with unbiased energy -146.6995172099539
Approximate Hessian has condition number >1e6 and cannot be reliably trusted; reverting to default behavior. 
Eigenvalues: [1.25603843e-03 4.24910712e+03]
Approximate Hessian has condition number >1e6 and cannot be reliably trusted; reverting to default behavior. 
Eigenvalues: [1.14892188e-03 4.02031296e+03]
Approximate Hessian has condition number >1e6 and cannot be reliably trusted; reverting to default behavior. 
Eigenvalues: [3.57955694e-04 2.34491475e+08]
Approximate Hessian has condition number >1e6 and cannot be reliably trusted; reverting to default behavior. 
Eigenvalues: [9.34282593e-04 3.47184619e+05]
Simulation completed.


Energies of found minima:
Minimum 1: Position = [0.6234994  0.02803776], Energy = -108.16672411685238
Minimum 2: Position = [-0.55822362  1.44172586], Energy = -146.6995172099539

Approximate saddle points between minima:
Saddle 1: Position = [-0.85704286  0.59492504], Energy = -40.184355758721516

Computational statistics:
	Total energy calls: 632868
	Energy calls at each min: [1, 3594]
	Total force calls: 632868
	Force calls at each min: [1, 3594]
	Total steps: 666313
	Total Biases: 5000

Verification against reference:
True minima found: 2/3
Missed minima at positions:
[-0.05001082  0.4666941 ]

Verification against reference (saddles):
True saddles found: 1/2
Missed saddles at positions:
[0.21248658 0.29298833]
Starting run 1463
Identified minimum at position [0.6234994  0.02803776] with unbiased energy -108.16672411685238
Identified minimum at position [-0.05034611  0.46680261] with unbiased energy -80.7678015778375
Identified minimum at position [-0.55822365  1.44172583] with unbiased energy -146.6995172099539
Simulation completed.


Energies of found minima:
Minimum 1: Position = [0.6234994  0.02803776], Energy = -108.16672411685238
Minimum 2: Position = [-0.05034611  0.46680261], Energy = -80.7678015778375
Minimum 3: Position = [-0.55822365  1.44172583], Energy = -146.6995172099539

Approximate saddle points between minima:
Saddle 1: Position = [0.39207613 0.28993621], Energy = -68.97797532636022
Saddle 2: Position = [-0.69782173  0.38874366], Energy = -38.657941091269734

Computational statistics:
	Total energy calls: 7895
	Energy calls at each min: [1, 1714, 7895]
	Total force calls: 7895
	Force calls at each min: [1, 1714, 7895]
	Total steps: 8303
	Total Biases: 65

Verification against reference:
True minima found: 3/3

Verification against reference (saddles):
True saddles found: 0/2
Missed saddles at positions:
[0.21248658 0.29298833]
[-0.82200156  0.6243128 ]
Starting run 753
Identified minimum at position [0.6234994  0.02803776] with unbiased energy -108.16672411685238
Approximate Hessian has condition number >1e6 and cannot be reliably trusted; reverting to default behavior. 
Eigenvalues: [1.84938242e-03 2.99510458e+06]
Identified minimum at position [-0.05056498  0.46684498] with unbiased energy -80.76777738619813
Identified minimum at position [-0.55822364  1.44172584] with unbiased energy -146.69951720995402
Simulation completed.


Energies of found minima:
Minimum 1: Position = [0.6234994  0.02803776], Energy = -108.16672411685238
Minimum 2: Position = [-0.05056498  0.46684498], Energy = -80.76777738619813
Minimum 3: Position = [-0.55822364  1.44172584], Energy = -146.69951720995402

Approximate saddle points between minima:
Saddle 1: Position = [ 0.19433182 -0.01952313], Energy = -69.99160739557442
Saddle 2: Position = [0.59144966 0.51306851], Energy = -17.037828665144048

Computational statistics:
	Total energy calls: 13844
	Energy calls at each min: [1, 1900, 13844]
	Total force calls: 13844
	Force calls at each min: [1, 1900, 13844]
	Total steps: 14600
	Total Biases: 114

Verification against reference:
True minima found: 3/3

Verification against reference (saddles):
True saddles found: 0/2
Missed saddles at positions:
[0.21248658 0.29298833]
[-0.82200156  0.6243128 ]
Starting run 988
Identified minimum at position [0.6234994  0.02803776] with unbiased energy -108.16672411685238
Identified minimum at position [-0.55822365  1.44172583] with unbiased energy -146.6995172099539
Approximate Hessian has condition number >1e6 and cannot be reliably trusted; reverting to default behavior. 
Eigenvalues: [1.45825658e-03 4.67035378e+06]
Approximate Hessian has condition number >1e6 and cannot be reliably trusted; reverting to default behavior. 
Eigenvalues: [6.44984277e-04 3.71720484e+05]
Approximate Hessian has condition number >1e6 and cannot be reliably trusted; reverting to default behavior. 
Eigenvalues: [5.07980178e-04 1.86312280e+06]
Approximate Hessian has condition number >1e6 and cannot be reliably trusted; reverting to default behavior. 
Eigenvalues: [4.94575553e-04 7.31493308e+03]
Simulation completed.


Energies of found minima:
Minimum 1: Position = [0.6234994  0.02803776], Energy = -108.16672411685238
Minimum 2: Position = [-0.55822365  1.44172583], Energy = -146.6995172099539

Approximate saddle points between minima:
Saddle 1: Position = [-0.3452005   0.18073586], Energy = -32.17155477280822

Computational statistics:
	Total energy calls: 637772
	Energy calls at each min: [1, 10236]
	Total force calls: 637772
	Force calls at each min: [1, 10236]
	Total steps: 672054
	Total Biases: 5000

Verification against reference:
True minima found: 2/3
Missed minima at positions:
[-0.05001082  0.4666941 ]

Verification against reference (saddles):
True saddles found: 0/2
Missed saddles at positions:
[0.21248658 0.29298833]
[-0.82200156  0.6243128 ]
Starting run 4505
Identified minimum at position [0.6234994  0.02803776] with unbiased energy -108.16672411685238
Identified minimum at position [-0.05001429  0.46669498] with unbiased energy -80.76781812812057
Identified minimum at position [-0.55822362  1.44172586] with unbiased energy -146.6995172099539
Simulation completed.


Energies of found minima:
Minimum 1: Position = [0.6234994  0.02803776], Energy = -108.16672411685238
Minimum 2: Position = [-0.05001429  0.46669498], Energy = -80.76781812812057
Minimum 3: Position = [-0.55822362  1.44172586], Energy = -146.6995172099539

Approximate saddle points between minima:
Saddle 1: Position = [0.36583549 0.28988613], Energy = -69.95149046735644
Saddle 2: Position = [-0.87033966  0.54424216], Energy = -38.37403407713124

Computational statistics:
	Total energy calls: 13240
	Energy calls at each min: [1, 2998, 13240]
	Total force calls: 13240
	Force calls at each min: [1, 2998, 13240]
	Total steps: 13942
	Total Biases: 109

Verification against reference:
True minima found: 3/3

Verification against reference (saddles):
True saddles found: 0/2
Missed saddles at positions:
[0.21248658 0.29298833]
[-0.82200156  0.6243128 ]
Starting run 2641
Identified minimum at position [0.6234994  0.02803776] with unbiased energy -108.16672411685238
Identified minimum at position [-0.05130537  0.46697761] with unbiased energy -80.76761426786885
Identified minimum at position [-0.55822363  1.44172584] with unbiased energy -146.69951720995397
Simulation completed.


Energies of found minima:
Minimum 1: Position = [0.6234994  0.02803776], Energy = -108.16672411685238
Minimum 2: Position = [-0.05130537  0.46697761], Energy = -80.76761426786885
Minimum 3: Position = [-0.55822363  1.44172584], Energy = -146.69951720995397

Approximate saddle points between minima:
Saddle 1: Position = [0.14272174 0.07275702], Energy = -70.58465226446589
Saddle 2: Position = [-0.45368681  0.14386959], Energy = -19.227155009192703

Computational statistics:
	Total energy calls: 14949
	Energy calls at each min: [1, 1872, 14949]
	Total force calls: 14949
	Force calls at each min: [1, 1872, 14949]
	Total steps: 15768
	Total Biases: 123

Verification against reference:
True minima found: 2/3
Missed minima at positions:
[-0.05001082  0.4666941 ]

Verification against reference (saddles):
True saddles found: 0/2
Missed saddles at positions:
[0.21248658 0.29298833]
[-0.82200156  0.6243128 ]
Starting run 4343
Identified minimum at position [0.6234994  0.02803776] with unbiased energy -108.16672411685238
Identified minimum at position [-0.05001554  0.46669533] with unbiased energy -80.76781812676884
Identified minimum at position [-0.55822365  1.44172582] with unbiased energy -146.69951720995385
Simulation completed.


Energies of found minima:
Minimum 1: Position = [0.6234994  0.02803776], Energy = -108.16672411685238
Minimum 2: Position = [-0.05001554  0.46669533], Energy = -80.76781812676884
Minimum 3: Position = [-0.55822365  1.44172582], Energy = -146.69951720995385

Approximate saddle points between minima:
Saddle 1: Position = [0.06661196 0.09103123], Energy = -62.57624504539742
Saddle 2: Position = [-0.08187339 -0.13537423], Energy = -17.713800506977677

Computational statistics:
	Total energy calls: 9140
	Energy calls at each min: [1, 1201, 9140]
	Total force calls: 9140
	Force calls at each min: [1, 1201, 9140]
	Total steps: 9576
	Total Biases: 68

Verification against reference:
True minima found: 3/3

Verification against reference (saddles):
True saddles found: 0/2
Missed saddles at positions:
[0.21248658 0.29298833]
[-0.82200156  0.6243128 ]
Starting run 2836
Identified minimum at position [0.6234994  0.02803776] with unbiased energy -108.16672411685238
Identified minimum at position [-0.55822365  1.44172582] with unbiased energy -146.69951720995388
Approximate Hessian has condition number >1e6 and cannot be reliably trusted; reverting to default behavior. 
Eigenvalues: [5.37980348e-04 1.93601731e+08]
Approximate Hessian has condition number >1e6 and cannot be reliably trusted; reverting to default behavior. 
Eigenvalues: [7.37080118e-05 4.76364855e+06]
Approximate Hessian has condition number >1e6 and cannot be reliably trusted; reverting to default behavior. 
Eigenvalues: [9.36808074e-04 1.79356869e+05]
Simulation completed.


Energies of found minima:
Minimum 1: Position = [0.6234994  0.02803776], Energy = -108.16672411685238
Minimum 2: Position = [-0.55822365  1.44172582], Energy = -146.69951720995388

Approximate saddle points between minima:
Saddle 1: Position = [-0.8605604   0.56766038], Energy = -39.450236466495255

Computational statistics:
	Total energy calls: 646884
	Energy calls at each min: [1, 9526]
	Total force calls: 646884
	Force calls at each min: [1, 9526]
	Total steps: 679901
	Total Biases: 5000

Verification against reference:
True minima found: 2/3
Missed minima at positions:
[-0.05001082  0.4666941 ]

Verification against reference (saddles):
True saddles found: 0/2
Missed saddles at positions:
[0.21248658 0.29298833]
[-0.82200156  0.6243128 ]
Starting run 320
Identified minimum at position [0.6234994  0.02803776] with unbiased energy -108.16672411685238
Identified minimum at position [-0.05031275  0.46675535] with unbiased energy -80.76780727363712
Identified minimum at position [-0.55822362  1.44172586] with unbiased energy -146.69951720995388
Simulation completed.


Energies of found minima:
Minimum 1: Position = [0.6234994  0.02803776], Energy = -108.16672411685238
Minimum 2: Position = [-0.05031275  0.46675535], Energy = -80.76780727363712
Minimum 3: Position = [-0.55822362  1.44172586], Energy = -146.69951720995388

Approximate saddle points between minima:
Saddle 1: Position = [0.94321117 0.069088  ], Energy = -65.82662344179079
Saddle 2: Position = [-0.81823534  0.61377548], Energy = -40.69050797826344

Computational statistics:
	Total energy calls: 2940
	Energy calls at each min: [1, 1999, 2940]
	Total force calls: 2940
	Force calls at each min: [1, 1999, 2940]
	Total steps: 3097
	Total Biases: 26

Verification against reference:
True minima found: 3/3

Verification against reference (saddles):
True saddles found: 1/2
Missed saddles at positions:
[0.21248658 0.29298833]
Starting run 1008
Identified minimum at position [0.6234994  0.02803776] with unbiased energy -108.16672411685238
Identified minimum at position [-0.05001081  0.46669411] with unbiased energy -80.76781812965895
Approximate Hessian has condition number >1e6 and cannot be reliably trusted; reverting to default behavior. 
Eigenvalues: [5.60223552e-04 8.98375025e+05]
Identified minimum at position [-0.55822361  1.44172587] with unbiased energy -146.6995172099538
Simulation completed.


Energies of found minima:
Minimum 1: Position = [0.6234994  0.02803776], Energy = -108.16672411685238
Minimum 2: Position = [-0.05001081  0.46669411], Energy = -80.76781812965895
Minimum 3: Position = [-0.55822361  1.44172587], Energy = -146.6995172099538

Approximate saddle points between minima:
Saddle 1: Position = [0.11394917 0.13949332], Energy = -68.21823466957291
Saddle 2: Position = [-0.2994307   0.03376445], Energy = -19.85389834462806

Computational statistics:
	Total energy calls: 9572
	Energy calls at each min: [1, 573, 9572]
	Total force calls: 9572
	Force calls at each min: [1, 573, 9572]
	Total steps: 10098
	Total Biases: 77

Verification against reference:
True minima found: 3/3

Verification against reference (saddles):
True saddles found: 0/2
Missed saddles at positions:
[0.21248658 0.29298833]
[-0.82200156  0.6243128 ]
Starting run 3797
Identified minimum at position [0.6234994  0.02803776] with unbiased energy -108.16672411685238
Identified minimum at position [-0.05001162  0.46669427] with unbiased energy -80.76781812958336
Identified minimum at position [-0.55822362  1.44172586] with unbiased energy -146.69951720995385
Simulation completed.


Energies of found minima:
Minimum 1: Position = [0.6234994  0.02803776], Energy = -108.16672411685238
Minimum 2: Position = [-0.05001162  0.46669427], Energy = -80.76781812958336
Minimum 3: Position = [-0.55822362  1.44172586], Energy = -146.69951720995385

Approximate saddle points between minima:
Saddle 1: Position = [0.21186796 0.2970941 ], Energy = -72.25378592391421
Saddle 2: Position = [-0.78083748  0.40140216], Energy = -33.75206600497219

Computational statistics:
	Total energy calls: 8248
	Energy calls at each min: [1, 1421, 8248]
	Total force calls: 8248
	Force calls at each min: [1, 1421, 8248]
	Total steps: 8688
	Total Biases: 68

Verification against reference:
True minima found: 3/3

Verification against reference (saddles):
True saddles found: 1/2
Missed saddles at positions:
[-0.82200156  0.6243128 ]
Starting run 5027
Identified minimum at position [0.6234994  0.02803776] with unbiased energy -108.16672411685238
Identified minimum at position [-0.0500305   0.46669789] with unbiased energy -80.76781808409979
Identified minimum at position [-0.55822366  1.44172582] with unbiased energy -146.6995172099538
Simulation completed.


Energies of found minima:
Minimum 1: Position = [0.6234994  0.02803776], Energy = -108.16672411685238
Minimum 2: Position = [-0.0500305   0.46669789], Energy = -80.76781808409979
Minimum 3: Position = [-0.55822366  1.44172582], Energy = -146.6995172099538

Approximate saddle points between minima:
Saddle 1: Position = [0.11371522 0.16045963], Energy = -68.24405369879743
Saddle 2: Position = [ 1.03311869 -0.02840908], Energy = -38.32078310069119

Computational statistics:
	Total energy calls: 9369
	Energy calls at each min: [1, 1079, 9369]
	Total force calls: 9369
	Force calls at each min: [1, 1079, 9369]
	Total steps: 9859
	Total Biases: 76

Verification against reference:
True minima found: 3/3

Verification against reference (saddles):
True saddles found: 0/2
Missed saddles at positions:
[0.21248658 0.29298833]
[-0.82200156  0.6243128 ]
Starting run 2892
Identified minimum at position [0.6234994  0.02803776] with unbiased energy -108.16672411685238
Identified minimum at position [-0.05001112  0.46669417] with unbiased energy -80.76781812964818
Identified minimum at position [-0.55822362  1.44172585] with unbiased energy -146.69951720995394
Simulation completed.


Energies of found minima:
Minimum 1: Position = [0.6234994  0.02803776], Energy = -108.16672411685238
Minimum 2: Position = [-0.05001112  0.46669417], Energy = -80.76781812964818
Minimum 3: Position = [-0.55822362  1.44172585], Energy = -146.69951720995394

Approximate saddle points between minima:
Saddle 1: Position = [0.19501389 0.25616432], Energy = -72.17759539670244
Saddle 2: Position = [0.3771313  0.64465849], Energy = -26.4109600678062

Computational statistics:
	Total energy calls: 8019
	Energy calls at each min: [1, 1528, 8019]
	Total force calls: 8019
	Force calls at each min: [1, 1528, 8019]
	Total steps: 8441
	Total Biases: 65

Verification against reference:
True minima found: 3/3

Verification against reference (saddles):
True saddles found: 1/2
Missed saddles at positions:
[-0.82200156  0.6243128 ]
Starting run 497
Identified minimum at position [0.6234994  0.02803776] with unbiased energy -108.16672411685238
Identified minimum at position [-0.0500114   0.46669421] with unbiased energy -80.7678181296194
Identified minimum at position [-0.55822365  1.44172583] with unbiased energy -146.6995172099539
Simulation completed.


Energies of found minima:
Minimum 1: Position = [0.6234994  0.02803776], Energy = -108.16672411685238
Minimum 2: Position = [-0.0500114   0.46669421], Energy = -80.7678181296194
Minimum 3: Position = [-0.55822365  1.44172583], Energy = -146.6995172099539

Approximate saddle points between minima:
Saddle 1: Position = [ 0.57333849 -0.13697257], Energy = -67.74494883898963
Saddle 2: Position = [-0.3842987   0.76667495], Energy = -25.666347012310467

Computational statistics:
	Total energy calls: 10211
	Energy calls at each min: [1, 2162, 10211]
	Total force calls: 10211
	Force calls at each min: [1, 2162, 10211]
	Total steps: 10774
	Total Biases: 87

Verification against reference:
True minima found: 3/3

Verification against reference (saddles):
True saddles found: 0/2
Missed saddles at positions:
[0.21248658 0.29298833]
[-0.82200156  0.6243128 ]
Starting run 1428
Identified minimum at position [0.6234994  0.02803776] with unbiased energy -108.16672411685238
Identified minimum at position [-0.05001116  0.46669419] with unbiased energy -80.7678181296438
Identified minimum at position [-0.55822363  1.44172584] with unbiased energy -146.69951720995402
Simulation completed.


Energies of found minima:
Minimum 1: Position = [0.6234994  0.02803776], Energy = -108.16672411685238
Minimum 2: Position = [-0.05001116  0.46669419], Energy = -80.7678181296438
Minimum 3: Position = [-0.55822363  1.44172584], Energy = -146.69951720995402

Approximate saddle points between minima:
Saddle 1: Position = [0.23109252 0.30882132], Energy = -72.10607462343975
Saddle 2: Position = [-0.19885439  0.08453781], Energy = -34.12705998828305

Computational statistics:
	Total energy calls: 11877
	Energy calls at each min: [1, 1277, 11877]
	Total force calls: 11877
	Force calls at each min: [1, 1277, 11877]
	Total steps: 12491
	Total Biases: 96

Verification against reference:
True minima found: 3/3

Verification against reference (saddles):
True saddles found: 1/2
Missed saddles at positions:
[-0.82200156  0.6243128 ]
Starting run 3007
Identified minimum at position [0.6234994  0.02803776] with unbiased energy -108.16672411685238
Identified minimum at position [-0.05191313  0.46714783] with unbiased energy -80.76736490267379
Identified minimum at position [-0.55822365  1.44172583] with unbiased energy -146.69951720995394
Simulation completed.


Energies of found minima:
Minimum 1: Position = [0.6234994  0.02803776], Energy = -108.16672411685238
Minimum 2: Position = [-0.05191313  0.46714783], Energy = -80.76736490267379
Minimum 3: Position = [-0.55822365  1.44172583], Energy = -146.69951720995394

Approximate saddle points between minima:
Saddle 1: Position = [0.12306926 0.21217266], Energy = -69.175316411228
Saddle 2: Position = [0.58128829 0.46330408], Energy = -26.50646209682128

Computational statistics:
	Total energy calls: 12339
	Energy calls at each min: [1, 1276, 12339]
	Total force calls: 12339
	Force calls at each min: [1, 1276, 12339]
	Total steps: 12980
	Total Biases: 96

Verification against reference:
True minima found: 2/3
Missed minima at positions:
[-0.05001082  0.4666941 ]

Verification against reference (saddles):
True saddles found: 0/2
Missed saddles at positions:
[0.21248658 0.29298833]
[-0.82200156  0.6243128 ]
Starting run 2806
Identified minimum at position [0.6234994  0.02803776] with unbiased energy -108.16672411685238
Identified minimum at position [-0.05001944  0.46669628] with unbiased energy -80.767818120164
Identified minimum at position [-0.55822364  1.44172584] with unbiased energy -146.699517209954
Simulation completed.


Energies of found minima:
Minimum 1: Position = [0.6234994  0.02803776], Energy = -108.16672411685238
Minimum 2: Position = [-0.05001944  0.46669628], Energy = -80.767818120164
Minimum 3: Position = [-0.55822364  1.44172584], Energy = -146.699517209954

Approximate saddle points between minima:
Saddle 1: Position = [0.20858372 0.27486844], Energy = -72.28181878713524
Saddle 2: Position = [-0.22442713 -0.00081236], Energy = -23.48280328573124

Computational statistics:
	Total energy calls: 6974
	Energy calls at each min: [1, 458, 6974]
	Total force calls: 6974
	Force calls at each min: [1, 458, 6974]
	Total steps: 7343
	Total Biases: 55

Verification against reference:
True minima found: 3/3

Verification against reference (saddles):
True saddles found: 1/2
Missed saddles at positions:
[-0.82200156  0.6243128 ]
Starting run 3353
Identified minimum at position [0.6234994  0.02803776] with unbiased energy -108.16672411685238
Identified minimum at position [-0.05026591  0.4667702 ] with unbiased energy -80.76780904819708
Identified minimum at position [-0.55822362  1.44172586] with unbiased energy -146.69951720995388
Simulation completed.


Energies of found minima:
Minimum 1: Position = [0.6234994  0.02803776], Energy = -108.16672411685238
Minimum 2: Position = [-0.05026591  0.4667702 ], Energy = -80.76780904819708
Minimum 3: Position = [-0.55822362  1.44172586], Energy = -146.69951720995388

Approximate saddle points between minima:
Saddle 1: Position = [0.19961717 0.2949831 ], Energy = -72.24715419625475
Saddle 2: Position = [-0.80287246  0.62315918], Energy = -40.72070739305633

Computational statistics:
	Total energy calls: 10391
	Energy calls at each min: [1, 2349, 10391]
	Total force calls: 10391
	Force calls at each min: [1, 2349, 10391]
	Total steps: 10941
	Total Biases: 84

Verification against reference:
True minima found: 3/3

Verification against reference (saddles):
True saddles found: 2/2
Starting run 2778
Identified minimum at position [0.6234994  0.02803776] with unbiased energy -108.16672411685238
Identified minimum at position [-0.05003285  0.46669903] with unbiased energy -80.7678180702841
Approximate Hessian has condition number >1e6 and cannot be reliably trusted; reverting to default behavior. 
Eigenvalues: [2.19587013e-03 9.92329094e+05]
Identified minimum at position [-0.55822364  1.44172584] with unbiased energy -146.699517209954
Simulation completed.


Energies of found minima:
Minimum 1: Position = [0.6234994  0.02803776], Energy = -108.16672411685238
Minimum 2: Position = [-0.05003285  0.46669903], Energy = -80.7678180702841
Minimum 3: Position = [-0.55822364  1.44172584], Energy = -146.699517209954

Approximate saddle points between minima:
Saddle 1: Position = [0.17361909 0.2868625 ], Energy = -71.98396864267912
Saddle 2: Position = [1.05067201 0.03583624], Energy = -34.09473628977915

Computational statistics:
	Total energy calls: 8337
	Energy calls at each min: [1, 856, 8337]
	Total force calls: 8337
	Force calls at each min: [1, 856, 8337]
	Total steps: 8780
	Total Biases: 71

Verification against reference:
True minima found: 3/3

Verification against reference (saddles):
True saddles found: 1/2
Missed saddles at positions:
[-0.82200156  0.6243128 ]
Starting run 2813
Identified minimum at position [0.6234994  0.02803776] with unbiased energy -108.16672411685238
Identified minimum at position [-0.05002741  0.46670169] with unbiased energy -80.76781807373227
Identified minimum at position [-0.55822365  1.44172583] with unbiased energy -146.69951720995394
Simulation completed.


Energies of found minima:
Minimum 1: Position = [0.6234994  0.02803776], Energy = -108.16672411685238
Minimum 2: Position = [-0.05002741  0.46670169], Energy = -80.76781807373227
Minimum 3: Position = [-0.55822365  1.44172583], Energy = -146.69951720995394

Approximate saddle points between minima:
Saddle 1: Position = [ 0.88970122 -0.0950888 ], Energy = -59.626785523076606
Saddle 2: Position = [-0.07224898 -0.01944155], Energy = -37.64896263114672

Computational statistics:
	Total energy calls: 6879
	Energy calls at each min: [1, 1681, 6879]
	Total force calls: 6879
	Force calls at each min: [1, 1681, 6879]
	Total steps: 7246
	Total Biases: 56

Verification against reference:
True minima found: 3/3

Verification against reference (saddles):
True saddles found: 0/2
Missed saddles at positions:
[0.21248658 0.29298833]
[-0.82200156  0.6243128 ]
Starting run 4443
Identified minimum at position [0.6234994  0.02803776] with unbiased energy -108.16672411685238
Identified minimum at position [-0.05067148  0.46686536] with unbiased energy -80.76776156834677
Identified minimum at position [-0.55822362  1.44172585] with unbiased energy -146.69951720995397
Simulation completed.


Energies of found minima:
Minimum 1: Position = [0.6234994  0.02803776], Energy = -108.16672411685238
Minimum 2: Position = [-0.05067148  0.46686536], Energy = -80.76776156834677
Minimum 3: Position = [-0.55822362  1.44172585], Energy = -146.69951720995397

Approximate saddle points between minima:
Saddle 1: Position = [0.85731485 0.1474364 ], Energy = -63.58509381892178
Saddle 2: Position = [1.04876497 0.03147664], Energy = -35.209844050425204

Computational statistics:
	Total energy calls: 8364
	Energy calls at each min: [1, 1983, 8364]
	Total force calls: 8364
	Force calls at each min: [1, 1983, 8364]
	Total steps: 8816
	Total Biases: 70

Verification against reference:
True minima found: 3/3

Verification against reference (saddles):
True saddles found: 0/2
Missed saddles at positions:
[0.21248658 0.29298833]
[-0.82200156  0.6243128 ]
Starting run 2481
Identified minimum at position [0.6234994  0.02803776] with unbiased energy -108.16672411685238
Identified minimum at position [-0.05029866  0.46677453] with unbiased energy -80.7678069902071
Approximate Hessian has condition number >1e6 and cannot be reliably trusted; reverting to default behavior. 
Eigenvalues: [1.02647820e-03 1.03710883e+03]
Identified minimum at position [-0.55822364  1.44172583] with unbiased energy -146.699517209954
Simulation completed.


Energies of found minima:
Minimum 1: Position = [0.6234994  0.02803776], Energy = -108.16672411685238
Minimum 2: Position = [-0.05029866  0.46677453], Energy = -80.7678069902071
Minimum 3: Position = [-0.55822364  1.44172583], Energy = -146.699517209954

Approximate saddle points between minima:
Saddle 1: Position = [0.18997191 0.24774571], Energy = -72.1147792004159
Saddle 2: Position = [-0.81571061  0.63998516], Energy = -40.61645874486772

Computational statistics:
	Total energy calls: 6148
	Energy calls at each min: [1, 2525, 6148]
	Total force calls: 6148
	Force calls at each min: [1, 2525, 6148]
	Total steps: 6476
	Total Biases: 53

Verification against reference:
True minima found: 3/3

Verification against reference (saddles):
True saddles found: 1/2
Missed saddles at positions:
[0.21248658 0.29298833]
Starting run 3817
Identified minimum at position [0.6234994  0.02803776] with unbiased energy -108.16672411685238
Identified minimum at position [-0.05006684  0.46670503] with unbiased energy -80.76781775938852
Identified minimum at position [-0.55822365  1.44172583] with unbiased energy -146.6995172099539
Simulation completed.


Energies of found minima:
Minimum 1: Position = [0.6234994  0.02803776], Energy = -108.16672411685238
Minimum 2: Position = [-0.05006684  0.46670503], Energy = -80.76781775938852
Minimum 3: Position = [-0.55822365  1.44172583], Energy = -146.6995172099539

Approximate saddle points between minima:
Saddle 1: Position = [0.08166096 0.16006345], Energy = -65.559967623236
Saddle 2: Position = [0.53619162 0.4682594 ], Energy = -33.83736227955724

Computational statistics:
	Total energy calls: 8503
	Energy calls at each min: [1, 1453, 8503]
	Total force calls: 8503
	Force calls at each min: [1, 1453, 8503]
	Total steps: 8963
	Total Biases: 70

Verification against reference:
True minima found: 3/3

Verification against reference (saddles):
True saddles found: 0/2
Missed saddles at positions:
[0.21248658 0.29298833]
[-0.82200156  0.6243128 ]
Starting run 4746
Identified minimum at position [0.6234994  0.02803776] with unbiased energy -108.16672411685238
Identified minimum at position [-0.05005103  0.46670387] with unbiased energy -80.76781792588758
Identified minimum at position [-0.55822362  1.44172586] with unbiased energy -146.69951720995397
Simulation completed.


Energies of found minima:
Minimum 1: Position = [0.6234994  0.02803776], Energy = -108.16672411685238
Minimum 2: Position = [-0.05005103  0.46670387], Energy = -80.76781792588758
Minimum 3: Position = [-0.55822362  1.44172586], Energy = -146.69951720995397

Approximate saddle points between minima:
Saddle 1: Position = [0.24587684 0.2843581 ], Energy = -72.31162168221155
Saddle 2: Position = [-0.80844048  0.63503294], Energy = -40.5989352267552

Computational statistics:
	Total energy calls: 11060
	Energy calls at each min: [1, 2189, 11060]
	Total force calls: 11060
	Force calls at each min: [1, 2189, 11060]
	Total steps: 11627
	Total Biases: 92

Verification against reference:
True minima found: 3/3

Verification against reference (saddles):
True saddles found: 2/2
