Starting run 3915
Identified minimum at position [0.6234994  0.02803776] with unbiased energy -108.1667241168524
Identified minimum at position [-0.0508721   0.46693794] with unbiased energy -80.7677176518242
Identified minimum at position [-0.55822362  1.44172586] with unbiased energy -146.6995172099539
Simulation completed.


Energies of found minima:
Minimum 1: Position = [0.6234994  0.02803776], Energy = -108.1667241168524
Minimum 2: Position = [-0.0508721   0.46693794], Energy = -80.7677176518242
Minimum 3: Position = [-0.55822362  1.44172586], Energy = -146.6995172099539

Approximate saddle points between minima:
Saddle 1: Position = [0.28021639 0.35644331], Energy = -70.16036189085347
Saddle 2: Position = [-0.84831439  0.6118143 ], Energy = -40.545466054196126

Computational statistics:
	Total energy calls: 2389
	Energy calls at each min: [1, 1472, 2389]
	Total force calls: 2389
	Force calls at each min: [1, 1472, 2389]
	Total steps: 2515
	Total Biases: 21

Verification against reference:
True minima found: 3/3

Verification against reference (saddles):
True saddles found: 1/2
Missed saddles at positions:
[0.21248658 0.29298833]
Starting run 854
Identified minimum at position [0.6234994  0.02803776] with unbiased energy -108.1667241168524
Identified minimum at position [-0.05001393  0.46669474] with unbiased energy -80.76781812850803
Identified minimum at position [-0.55822365  1.44172583] with unbiased energy -146.69951720995394
Simulation completed.


Energies of found minima:
Minimum 1: Position = [0.6234994  0.02803776], Energy = -108.1667241168524
Minimum 2: Position = [-0.05001393  0.46669474], Energy = -80.76781812850803
Minimum 3: Position = [-0.55822365  1.44172583], Energy = -146.69951720995394

Approximate saddle points between minima:
Saddle 1: Position = [0.19882843 0.29377125], Energy = -72.23638572042833
Saddle 2: Position = [0.37158076 0.65858651], Energy = -23.638496554815

Computational statistics:
	Total energy calls: 10814
	Energy calls at each min: [1, 976, 10814]
	Total force calls: 10814
	Force calls at each min: [1, 976, 10814]
	Total steps: 11390
	Total Biases: 89

Verification against reference:
True minima found: 3/3

Verification against reference (saddles):
True saddles found: 1/2
Missed saddles at positions:
[-0.82200156  0.6243128 ]
Starting run 4332
Identified minimum at position [0.6234994  0.02803776] with unbiased energy -108.1667241168524
Identified minimum at position [-0.05005371  0.46670682] with unbiased energy -80.76781787384823
Identified minimum at position [-0.55822362  1.44172586] with unbiased energy -146.69951720995388
Simulation completed.


Energies of found minima:
Minimum 1: Position = [0.6234994  0.02803776], Energy = -108.1667241168524
Minimum 2: Position = [-0.05005371  0.46670682], Energy = -80.76781787384823
Minimum 3: Position = [-0.55822362  1.44172586], Energy = -146.69951720995388

Approximate saddle points between minima:
Saddle 1: Position = [0.11526232 0.25852454], Energy = -69.88827328796907
Saddle 2: Position = [0.24582489 0.66349494], Energy = -36.021462992965

Computational statistics:
	Total energy calls: 4377
	Energy calls at each min: [1, 1397, 4377]
	Total force calls: 4377
	Force calls at each min: [1, 1397, 4377]
	Total steps: 4610
	Total Biases: 37

Verification against reference:
True minima found: 3/3

Verification against reference (saddles):
True saddles found: 0/2
Missed saddles at positions:
[0.21248658 0.29298833]
[-0.82200156  0.6243128 ]
Starting run 3729
Identified minimum at position [0.6234994  0.02803776] with unbiased energy -108.1667241168524
Identified minimum at position [-0.05001131  0.46669425] with unbiased energy -80.76781812962575
Identified minimum at position [-0.55822365  1.44172583] with unbiased energy -146.69951720995394
Simulation completed.


Energies of found minima:
Minimum 1: Position = [0.6234994  0.02803776], Energy = -108.1667241168524
Minimum 2: Position = [-0.05001131  0.46669425], Energy = -80.76781812962575
Minimum 3: Position = [-0.55822365  1.44172583], Energy = -146.69951720995394

Approximate saddle points between minima:
Saddle 1: Position = [0.1348727  0.13328318], Energy = -70.15981154032066
Saddle 2: Position = [-0.84660634  0.56965627], Energy = -39.83068493922778

Computational statistics:
	Total energy calls: 13691
	Energy calls at each min: [1, 2320, 13691]
	Total force calls: 13691
	Force calls at each min: [1, 2320, 13691]
	Total steps: 14406
	Total Biases: 116

Verification against reference:
True minima found: 3/3

Verification against reference (saddles):
True saddles found: 0/2
Missed saddles at positions:
[0.21248658 0.29298833]
[-0.82200156  0.6243128 ]
Starting run 1764
Identified minimum at position [0.6234994  0.02803776] with unbiased energy -108.1667241168524
Identified minimum at position [-0.05004807  0.4667039 ] with unbiased energy -80.76781794866383
Identified minimum at position [-0.55822364  1.44172583] with unbiased energy -146.69951720995394
Simulation completed.


Energies of found minima:
Minimum 1: Position = [0.6234994  0.02803776], Energy = -108.1667241168524
Minimum 2: Position = [-0.05004807  0.4667039 ], Energy = -80.76781794866383
Minimum 3: Position = [-0.55822364  1.44172583], Energy = -146.69951720995394

Approximate saddle points between minima:
Saddle 1: Position = [0.97861157 0.00457921], Energy = -60.51924502243932
Saddle 2: Position = [-0.84961139  0.55185643], Energy = -39.29884415272348

Computational statistics:
	Total energy calls: 3315
	Energy calls at each min: [1, 1431, 3315]
	Total force calls: 3315
	Force calls at each min: [1, 1431, 3315]
	Total steps: 3489
	Total Biases: 30

Verification against reference:
True minima found: 3/3

Verification against reference (saddles):
True saddles found: 0/2
Missed saddles at positions:
[0.21248658 0.29298833]
[-0.82200156  0.6243128 ]
Starting run 2544
Identified minimum at position [0.6234994  0.02803776] with unbiased energy -108.1667241168524
Identified minimum at position [-0.05004696  0.46670089] with unbiased energy -80.7678179767726
Identified minimum at position [-0.55822365  1.44172583] with unbiased energy -146.69951720995397
Simulation completed.


Energies of found minima:
Minimum 1: Position = [0.6234994  0.02803776], Energy = -108.1667241168524
Minimum 2: Position = [-0.05004696  0.46670089], Energy = -80.7678179767726
Minimum 3: Position = [-0.55822365  1.44172583], Energy = -146.69951720995397

Approximate saddle points between minima:
Saddle 1: Position = [0.09263353 0.10353956], Energy = -65.72247116560764
Saddle 2: Position = [-0.33767775  0.7105774 ], Energy = -38.816237907192814

Computational statistics:
	Total energy calls: 4459
	Energy calls at each min: [1, 906, 4459]
	Total force calls: 4459
	Force calls at each min: [1, 906, 4459]
	Total steps: 4701
	Total Biases: 37

Verification against reference:
True minima found: 3/3

Verification against reference (saddles):
True saddles found: 0/2
Missed saddles at positions:
[0.21248658 0.29298833]
[-0.82200156  0.6243128 ]
Starting run 10
Identified minimum at position [0.6234994  0.02803776] with unbiased energy -108.1667241168524
Identified minimum at position [-0.05001102  0.46669415] with unbiased energy -80.7678181296544
Identified minimum at position [-0.55822362  1.44172586] with unbiased energy -146.69951720995394
Simulation completed.


Energies of found minima:
Minimum 1: Position = [0.6234994  0.02803776], Energy = -108.1667241168524
Minimum 2: Position = [-0.05001102  0.46669415], Energy = -80.7678181296544
Minimum 3: Position = [-0.55822362  1.44172586], Energy = -146.69951720995394

Approximate saddle points between minima:
Saddle 1: Position = [0.20427117 0.28361263], Energy = -72.21965758807178
Saddle 2: Position = [-0.12192507  0.0480456 ], Energy = -38.897025574600285

Computational statistics:
	Total energy calls: 11948
	Energy calls at each min: [1, 2156, 11948]
	Total force calls: 11948
	Force calls at each min: [1, 2156, 11948]
	Total steps: 12560
	Total Biases: 98

Verification against reference:
True minima found: 3/3

Verification against reference (saddles):
True saddles found: 1/2
Missed saddles at positions:
[-0.82200156  0.6243128 ]
Starting run 1901
Identified minimum at position [0.6234994  0.02803776] with unbiased energy -108.1667241168524
Identified minimum at position [-0.05233562  0.46718715] with unbiased energy -80.76716665102401
Identified minimum at position [-0.55822364  1.44172584] with unbiased energy -146.699517209954
Simulation completed.


Energies of found minima:
Minimum 1: Position = [0.6234994  0.02803776], Energy = -108.1667241168524
Minimum 2: Position = [-0.05233562  0.46718715], Energy = -80.76716665102401
Minimum 3: Position = [-0.55822364  1.44172584], Energy = -146.699517209954

Approximate saddle points between minima:
Saddle 1: Position = [0.10086895 0.1029454 ], Energy = -66.58307510905601
Saddle 2: Position = [-0.83885051  0.61204546], Energy = -40.57296782119467

Computational statistics:
	Total energy calls: 2892
	Energy calls at each min: [1, 1748, 2892]
	Total force calls: 2892
	Force calls at each min: [1, 1748, 2892]
	Total steps: 3048
	Total Biases: 24

Verification against reference:
True minima found: 2/3
Missed minima at positions:
[-0.05001082  0.4666941 ]

Verification against reference (saddles):
True saddles found: 1/2
Missed saddles at positions:
[0.21248658 0.29298833]
Starting run 2538
Identified minimum at position [0.6234994  0.02803776] with unbiased energy -108.1667241168524
Identified minimum at position [-0.05038877  0.46676303] with unbiased energy -80.76780149848048
Identified minimum at position [-0.55822362  1.44172586] with unbiased energy -146.69951720995394
Simulation completed.


Energies of found minima:
Minimum 1: Position = [0.6234994  0.02803776], Energy = -108.1667241168524
Minimum 2: Position = [-0.05038877  0.46676303], Energy = -80.76780149848048
Minimum 3: Position = [-0.55822362  1.44172586], Energy = -146.69951720995394

Approximate saddle points between minima:
Saddle 1: Position = [0.26689662 0.35484977], Energy = -70.79705692561205
Saddle 2: Position = [-0.40822647  0.17560721], Energy = -26.76115880845186

Computational statistics:
	Total energy calls: 7021
	Energy calls at each min: [1, 1526, 7021]
	Total force calls: 7021
	Force calls at each min: [1, 1526, 7021]
	Total steps: 7399
	Total Biases: 59

Verification against reference:
True minima found: 3/3

Verification against reference (saddles):
True saddles found: 0/2
Missed saddles at positions:
[0.21248658 0.29298833]
[-0.82200156  0.6243128 ]
Starting run 2259
Identified minimum at position [0.6234994  0.02803776] with unbiased energy -108.1667241168524
Identified minimum at position [-0.05001152  0.46669432] with unbiased energy -80.76781812958895
Identified minimum at position [-0.55822364  1.44172583] with unbiased energy -146.699517209954
Simulation completed.


Energies of found minima:
Minimum 1: Position = [0.6234994  0.02803776], Energy = -108.1667241168524
Minimum 2: Position = [-0.05001152  0.46669432], Energy = -80.76781812958895
Minimum 3: Position = [-0.55822364  1.44172583], Energy = -146.699517209954

Approximate saddle points between minima:
Saddle 1: Position = [0.07385895 0.18286931], Energy = -65.39734695630185
Saddle 2: Position = [-0.77788025  0.65205151], Energy = -40.152650342213335

Computational statistics:
	Total energy calls: 6684
	Energy calls at each min: [1, 1889, 6684]
	Total force calls: 6684
	Force calls at each min: [1, 1889, 6684]
	Total steps: 7043
	Total Biases: 58

Verification against reference:
True minima found: 3/3

Verification against reference (saddles):
True saddles found: 0/2
Missed saddles at positions:
[0.21248658 0.29298833]
[-0.82200156  0.6243128 ]
Starting run 352
Identified minimum at position [0.6234994  0.02803776] with unbiased energy -108.1667241168524
Identified minimum at position [-0.05001088  0.46669411] with unbiased energy -80.76781812965865
Identified minimum at position [-0.55822366  1.44172582] with unbiased energy -146.6995172099538
Simulation completed.


Energies of found minima:
Minimum 1: Position = [0.6234994  0.02803776], Energy = -108.1667241168524
Minimum 2: Position = [-0.05001088  0.46669411], Energy = -80.76781812965865
Minimum 3: Position = [-0.55822366  1.44172582], Energy = -146.6995172099538

Approximate saddle points between minima:
Saddle 1: Position = [0.21137003 0.2737916 ], Energy = -72.31929539915555
Saddle 2: Position = [ 0.05750974 -0.0942609 ], Energy = -40.30149218510362

Computational statistics:
	Total energy calls: 6622
	Energy calls at each min: [1, 1469, 6622]
	Total force calls: 6622
	Force calls at each min: [1, 1469, 6622]
	Total steps: 6979
	Total Biases: 53

Verification against reference:
True minima found: 3/3

Verification against reference (saddles):
True saddles found: 1/2
Missed saddles at positions:
[-0.82200156  0.6243128 ]
Starting run 2982
Identified minimum at position [0.6234994  0.02803776] with unbiased energy -108.1667241168524
Identified minimum at position [-0.05053601  0.46694674] with unbiased energy -80.76775856188871
Identified minimum at position [-0.55822364  1.44172584] with unbiased energy -146.699517209954
Simulation completed.


Energies of found minima:
Minimum 1: Position = [0.6234994  0.02803776], Energy = -108.1667241168524
Minimum 2: Position = [-0.05053601  0.46694674], Energy = -80.76775856188871
Minimum 3: Position = [-0.55822364  1.44172584], Energy = -146.699517209954

Approximate saddle points between minima:
Saddle 1: Position = [0.27977052 0.33063171], Energy = -70.67668893924298
Saddle 2: Position = [-0.82308751  0.6369139 ], Energy = -40.67871496923446

Computational statistics:
	Total energy calls: 6605
	Energy calls at each min: [1, 1450, 6605]
	Total force calls: 6605
	Force calls at each min: [1, 1450, 6605]
	Total steps: 6943
	Total Biases: 53

Verification against reference:
True minima found: 3/3

Verification against reference (saddles):
True saddles found: 1/2
Missed saddles at positions:
[0.21248658 0.29298833]
Starting run 441
Identified minimum at position [0.6234994  0.02803776] with unbiased energy -108.1667241168524
Identified minimum at position [-0.05011728  0.46671107] with unbiased energy -80.76781683569925
Identified minimum at position [-0.55822365  1.44172582] with unbiased energy -146.69951720995388
Simulation completed.


Energies of found minima:
Minimum 1: Position = [0.6234994  0.02803776], Energy = -108.1667241168524
Minimum 2: Position = [-0.05011728  0.46671107], Energy = -80.76781683569925
Minimum 3: Position = [-0.55822365  1.44172582], Energy = -146.69951720995388

Approximate saddle points between minima:
Saddle 1: Position = [0.27438342 0.32429212], Energy = -70.99102647078793
Saddle 2: Position = [-0.83883575  0.56762069], Energy = -39.99221303337086

Computational statistics:
	Total energy calls: 11601
	Energy calls at each min: [1, 2847, 11601]
	Total force calls: 11601
	Force calls at each min: [1, 2847, 11601]
	Total steps: 12230
	Total Biases: 95

Verification against reference:
True minima found: 3/3

Verification against reference (saddles):
True saddles found: 0/2
Missed saddles at positions:
[0.21248658 0.29298833]
[-0.82200156  0.6243128 ]
Starting run 960
Identified minimum at position [0.6234994  0.02803776] with unbiased energy -108.1667241168524
Identified minimum at position [-0.05002437  0.46669906] with unbiased energy -80.76781809991623
Identified minimum at position [-0.55822362  1.44172586] with unbiased energy -146.6995172099539
Simulation completed.


Energies of found minima:
Minimum 1: Position = [0.6234994  0.02803776], Energy = -108.1667241168524
Minimum 2: Position = [-0.05002437  0.46669906], Energy = -80.76781809991623
Minimum 3: Position = [-0.55822362  1.44172586], Energy = -146.6995172099539

Approximate saddle points between minima:
Saddle 1: Position = [0.14564434 0.2149256 ], Energy = -70.4305163795162
Saddle 2: Position = [-0.19733692  0.14110166], Energy = -39.51020401296701

Computational statistics:
	Total energy calls: 8465
	Energy calls at each min: [1, 1288, 8465]
	Total force calls: 8465
	Force calls at each min: [1, 1288, 8465]
	Total steps: 8918
	Total Biases: 68

Verification against reference:
True minima found: 3/3

Verification against reference (saddles):
True saddles found: 0/2
Missed saddles at positions:
[0.21248658 0.29298833]
[-0.82200156  0.6243128 ]
Starting run 563
Identified minimum at position [0.6234994  0.02803776] with unbiased energy -108.1667241168524
Identified minimum at position [-0.05039157  0.46681273] with unbiased energy -80.76779733180004
Identified minimum at position [-0.55822365  1.44172582] with unbiased energy -146.69951720995388
Simulation completed.


Energies of found minima:
Minimum 1: Position = [0.6234994  0.02803776], Energy = -108.1667241168524
Minimum 2: Position = [-0.05039157  0.46681273], Energy = -80.76779733180004
Minimum 3: Position = [-0.55822365  1.44172582], Energy = -146.69951720995388

Approximate saddle points between minima:
Saddle 1: Position = [0.35349553 0.3298612 ], Energy = -67.45598301296944
Saddle 2: Position = [-0.35612547  0.06050222], Energy = -17.543845083600534

Computational statistics:
	Total energy calls: 16407
	Energy calls at each min: [1, 2093, 16407]
	Total force calls: 16407
	Force calls at each min: [1, 2093, 16407]
	Total steps: 17285
	Total Biases: 132

Verification against reference:
True minima found: 3/3

Verification against reference (saddles):
True saddles found: 0/2
Missed saddles at positions:
[0.21248658 0.29298833]
[-0.82200156  0.6243128 ]
Starting run 4436
Identified minimum at position [0.6234994  0.02803776] with unbiased energy -108.1667241168524
Identified minimum at position [-0.05006391  0.46670609] with unbiased energy -80.7678177836678
Approximate Hessian has condition number >1e6 and cannot be reliably trusted; reverting to default behavior. 
Eigenvalues: [4.59744413e-04 2.81920909e+06]
Identified minimum at position [-0.55822362  1.44172585] with unbiased energy -146.69951720995397
Simulation completed.


Energies of found minima:
Minimum 1: Position = [0.6234994  0.02803776], Energy = -108.1667241168524
Minimum 2: Position = [-0.05006391  0.46670609], Energy = -80.7678177836678
Minimum 3: Position = [-0.55822362  1.44172585], Energy = -146.69951720995397

Approximate saddle points between minima:
Saddle 1: Position = [0.18905438 0.29211532], Energy = -72.18434765134151
Saddle 2: Position = [-0.64805262  0.72885542], Energy = -33.56564812358152

Computational statistics:
	Total energy calls: 9328
	Energy calls at each min: [1, 1648, 9328]
	Total force calls: 9328
	Force calls at each min: [1, 1648, 9328]
	Total steps: 9820
	Total Biases: 74

Verification against reference:
True minima found: 3/3

Verification against reference (saddles):
True saddles found: 1/2
Missed saddles at positions:
[-0.82200156  0.6243128 ]
Starting run 278
Identified minimum at position [0.6234994  0.02803776] with unbiased energy -108.1667241168524
Identified minimum at position [-0.05048112  0.4668171 ] with unbiased energy -80.76778935267996
Identified minimum at position [-0.55822363  1.44172584] with unbiased energy -146.69951720995402
Simulation completed.


Energies of found minima:
Minimum 1: Position = [0.6234994  0.02803776], Energy = -108.1667241168524
Minimum 2: Position = [-0.05048112  0.4668171 ], Energy = -80.76778935267996
Minimum 3: Position = [-0.55822363  1.44172584], Energy = -146.69951720995402

Approximate saddle points between minima:
Saddle 1: Position = [0.29734944 0.29476896], Energy = -71.40952872467841
Saddle 2: Position = [-0.23483624  0.10651409], Energy = -32.76339444843138

Computational statistics:
	Total energy calls: 10263
	Energy calls at each min: [1, 2213, 10263]
	Total force calls: 10263
	Force calls at each min: [1, 2213, 10263]
	Total steps: 10782
	Total Biases: 83

Verification against reference:
True minima found: 3/3

Verification against reference (saddles):
True saddles found: 0/2
Missed saddles at positions:
[0.21248658 0.29298833]
[-0.82200156  0.6243128 ]
Starting run 2785
Identified minimum at position [0.6234994  0.02803776] with unbiased energy -108.1667241168524
Identified minimum at position [-0.05307712  0.46748017] with unbiased energy -80.76660468394724
Identified minimum at position [-0.55822364  1.44172584] with unbiased energy -146.69951720995402
Simulation completed.


Energies of found minima:
Minimum 1: Position = [0.6234994  0.02803776], Energy = -108.1667241168524
Minimum 2: Position = [-0.05307712  0.46748017], Energy = -80.76660468394724
Minimum 3: Position = [-0.55822364  1.44172584], Energy = -146.69951720995402

Approximate saddle points between minima:
Saddle 1: Position = [0.04446728 0.1629031 ], Energy = -62.476315939007954
Saddle 2: Position = [-0.7301447   0.69104108], Energy = -38.04150802679801

Computational statistics:
	Total energy calls: 5319
	Energy calls at each min: [1, 1599, 5319]
	Total force calls: 5319
	Force calls at each min: [1, 1599, 5319]
	Total steps: 5602
	Total Biases: 46

Verification against reference:
True minima found: 2/3
Missed minima at positions:
[-0.05001082  0.4666941 ]

Verification against reference (saddles):
True saddles found: 0/2
Missed saddles at positions:
[0.21248658 0.29298833]
[-0.82200156  0.6243128 ]
Starting run 3188
Identified minimum at position [0.6234994  0.02803776] with unbiased energy -108.1667241168524
Identified minimum at position [-0.05001134  0.46669423] with unbiased energy -80.7678181296248
Identified minimum at position [-0.55822365  1.44172583] with unbiased energy -146.69951720995394
Simulation completed.


Energies of found minima:
Minimum 1: Position = [0.6234994  0.02803776], Energy = -108.1667241168524
Minimum 2: Position = [-0.05001134  0.46669423], Energy = -80.7678181296248
Minimum 3: Position = [-0.55822365  1.44172583], Energy = -146.69951720995394

Approximate saddle points between minima:
Saddle 1: Position = [0.26001475 0.29363369], Energy = -72.00067446465746
Saddle 2: Position = [-0.29345965  0.10161575], Energy = -27.042201494419032

Computational statistics:
	Total energy calls: 4789
	Energy calls at each min: [1, 450, 4789]
	Total force calls: 4789
	Force calls at each min: [1, 450, 4789]
	Total steps: 5045
	Total Biases: 40

Verification against reference:
True minima found: 3/3

Verification against reference (saddles):
True saddles found: 1/2
Missed saddles at positions:
[-0.82200156  0.6243128 ]
Starting run 2655
Identified minimum at position [0.6234994  0.02803776] with unbiased energy -108.1667241168524
Identified minimum at position [-0.05001517  0.46669532] with unbiased energy -80.76781812712167
Identified minimum at position [-0.55822365  1.44172583] with unbiased energy -146.6995172099539
Simulation completed.


Energies of found minima:
Minimum 1: Position = [0.6234994  0.02803776], Energy = -108.1667241168524
Minimum 2: Position = [-0.05001517  0.46669532], Energy = -80.76781812712167
Minimum 3: Position = [-0.55822365  1.44172583], Energy = -146.6995172099539

Approximate saddle points between minima:
Saddle 1: Position = [0.23798221 0.29869765], Energy = -72.110772004177
Saddle 2: Position = [-0.78516904  0.66830036], Energy = -39.90912855466315

Computational statistics:
	Total energy calls: 4703
	Energy calls at each min: [1, 1222, 4703]
	Total force calls: 4703
	Force calls at each min: [1, 1222, 4703]
	Total steps: 4948
	Total Biases: 38

Verification against reference:
True minima found: 3/3

Verification against reference (saddles):
True saddles found: 1/2
Missed saddles at positions:
[-0.82200156  0.6243128 ]
Starting run 1282
Identified minimum at position [0.6234994  0.02803776] with unbiased energy -108.1667241168524
Identified minimum at position [-0.05021509  0.46673305] with unbiased energy -80.7678132297078
Approximate Hessian has condition number >1e6 and cannot be reliably trusted; reverting to default behavior. 
Eigenvalues: [1.10701867e-03 8.89258202e+06]
Identified minimum at position [-0.55822365  1.44172583] with unbiased energy -146.6995172099539
Simulation completed.


Energies of found minima:
Minimum 1: Position = [0.6234994  0.02803776], Energy = -108.1667241168524
Minimum 2: Position = [-0.05021509  0.46673305], Energy = -80.7678132297078
Minimum 3: Position = [-0.55822365  1.44172583], Energy = -146.6995172099539

Approximate saddle points between minima:
Saddle 1: Position = [0.27691077 0.31192922], Energy = -71.22190986149934
Saddle 2: Position = [-0.76960245  0.68729626], Energy = -39.17912728204011

Computational statistics:
	Total energy calls: 12640
	Energy calls at each min: [1, 2181, 12640]
	Total force calls: 12640
	Force calls at each min: [1, 2181, 12640]
	Total steps: 13244
	Total Biases: 96

Verification against reference:
True minima found: 3/3

Verification against reference (saddles):
True saddles found: 0/2
Missed saddles at positions:
[0.21248658 0.29298833]
[-0.82200156  0.6243128 ]
Starting run 1609
Identified minimum at position [0.6234994  0.02803776] with unbiased energy -108.1667241168524
Identified minimum at position [-0.05004178  0.46670281] with unbiased energy -80.76781800035815
Identified minimum at position [-0.55822362  1.44172585] with unbiased energy -146.69951720995397
Simulation completed.


Energies of found minima:
Minimum 1: Position = [0.6234994  0.02803776], Energy = -108.1667241168524
Minimum 2: Position = [-0.05004178  0.46670281], Energy = -80.76781800035815
Minimum 3: Position = [-0.55822362  1.44172585], Energy = -146.69951720995397

Approximate saddle points between minima:
Saddle 1: Position = [0.21223961 0.29145096], Energy = -72.24923157061163
Saddle 2: Position = [-0.81559268  0.63763505], Energy = -40.622066780336105

Computational statistics:
	Total energy calls: 3967
	Energy calls at each min: [1, 1811, 3967]
	Total force calls: 3967
	Force calls at each min: [1, 1811, 3967]
	Total steps: 4180
	Total Biases: 35

Verification against reference:
True minima found: 3/3

Verification against reference (saddles):
True saddles found: 2/2
Starting run 594
Identified minimum at position [0.6234994  0.02803776] with unbiased energy -108.1667241168524
Identified minimum at position [-0.05005784  0.46670332] with unbiased energy -80.76781786851596
Identified minimum at position [-0.55822365  1.44172583] with unbiased energy -146.6995172099539
Simulation completed.


Energies of found minima:
Minimum 1: Position = [0.6234994  0.02803776], Energy = -108.1667241168524
Minimum 2: Position = [-0.05005784  0.46670332], Energy = -80.76781786851596
Minimum 3: Position = [-0.55822365  1.44172583], Energy = -146.6995172099539

Approximate saddle points between minima:
Saddle 1: Position = [0.08821293 0.2032304 ], Energy = -66.89724213256738
Saddle 2: Position = [-0.31344506  0.12480519], Energy = -27.801184246920425

Computational statistics:
	Total energy calls: 8216
	Energy calls at each min: [1, 1158, 8216]
	Total force calls: 8216
	Force calls at each min: [1, 1158, 8216]
	Total steps: 8656
	Total Biases: 67

Verification against reference:
True minima found: 3/3

Verification against reference (saddles):
True saddles found: 0/2
Missed saddles at positions:
[0.21248658 0.29298833]
[-0.82200156  0.6243128 ]
Starting run 713
Identified minimum at position [0.6234994  0.02803776] with unbiased energy -108.1667241168524
Identified minimum at position [-0.05004535  0.46670109] with unbiased energy -80.76781798776493
Identified minimum at position [-0.55822364  1.44172584] with unbiased energy -146.699517209954
Simulation completed.


Energies of found minima:
Minimum 1: Position = [0.6234994  0.02803776], Energy = -108.1667241168524
Minimum 2: Position = [-0.05004535  0.46670109], Energy = -80.76781798776493
Minimum 3: Position = [-0.55822364  1.44172584], Energy = -146.699517209954

Approximate saddle points between minima:
Saddle 1: Position = [0.1499608  0.23177975], Energy = -70.68699450618357
Saddle 2: Position = [-0.08047291  0.71492894], Energy = -38.47956556122849

Computational statistics:
	Total energy calls: 8532
	Energy calls at each min: [1, 1847, 8532]
	Total force calls: 8532
	Force calls at each min: [1, 1847, 8532]
	Total steps: 8997
	Total Biases: 72

Verification against reference:
True minima found: 3/3

Verification against reference (saddles):
True saddles found: 0/2
Missed saddles at positions:
[0.21248658 0.29298833]
[-0.82200156  0.6243128 ]
Starting run 2847
Identified minimum at position [0.6234994  0.02803776] with unbiased energy -108.1667241168524
Identified minimum at position [-0.0500212   0.46669678] with unbiased energy -80.76781811574833
Identified minimum at position [-0.55822364  1.44172583] with unbiased energy -146.69951720995397
Simulation completed.


Energies of found minima:
Minimum 1: Position = [0.6234994  0.02803776], Energy = -108.1667241168524
Minimum 2: Position = [-0.0500212   0.46669678], Energy = -80.76781811574833
Minimum 3: Position = [-0.55822364  1.44172583], Energy = -146.69951720995397

Approximate saddle points between minima:
Saddle 1: Position = [0.20031744 0.2985297 ], Energy = -72.27663467729762
Saddle 2: Position = [-0.07745598  0.00972648], Energy = -40.31220263062552

Computational statistics:
	Total energy calls: 11486
	Energy calls at each min: [1, 1670, 11486]
	Total force calls: 11486
	Force calls at each min: [1, 1670, 11486]
	Total steps: 12069
	Total Biases: 93

Verification against reference:
True minima found: 3/3

Verification against reference (saddles):
True saddles found: 1/2
Missed saddles at positions:
[-0.82200156  0.6243128 ]
Starting run 165
Identified minimum at position [0.6234994  0.02803776] with unbiased energy -108.1667241168524
Identified minimum at position [-0.05271839  0.46730532] with unbiased energy -80.76691742786875
Identified minimum at position [-0.55822362  1.44172586] with unbiased energy -146.69951720995385
Simulation completed.


Energies of found minima:
Minimum 1: Position = [0.6234994  0.02803776], Energy = -108.1667241168524
Minimum 2: Position = [-0.05271839  0.46730532], Energy = -80.76691742786875
Minimum 3: Position = [-0.55822362  1.44172586], Energy = -146.69951720995385

Approximate saddle points between minima:
Saddle 1: Position = [0.25013761 0.35720651], Energy = -71.4932688025171
Saddle 2: Position = [-0.83119674  0.60789589], Energy = -40.58303398464264

Computational statistics:
	Total energy calls: 7254
	Energy calls at each min: [1, 627, 7254]
	Total force calls: 7254
	Force calls at each min: [1, 627, 7254]
	Total steps: 7627
	Total Biases: 61

Verification against reference:
True minima found: 2/3
Missed minima at positions:
[-0.05001082  0.4666941 ]

Verification against reference (saddles):
True saddles found: 1/2
Missed saddles at positions:
[0.21248658 0.29298833]
