Starting run 1671
Identified minimum at position [0.6234994  0.02803776] with unbiased energy -108.16672411685238
Identified minimum at position [-0.05017902  0.46680118] with unbiased energy -80.76780909574723
Identified minimum at position [-0.55822363  1.44172584] with unbiased energy -146.699517209954
Simulation completed.


Energies of found minima:
Minimum 1: Position = [0.6234994  0.02803776], Energy = -108.16672411685238
Minimum 2: Position = [-0.05017902  0.46680118], Energy = -80.76780909574723
Minimum 3: Position = [-0.55822363  1.44172584], Energy = -146.699517209954

Approximate saddle points between minima:
Saddle 1: Position = [0.11188041 0.2276137 ], Energy = -68.838719220901
Saddle 2: Position = [-0.79569177  0.6372418 ], Energy = -40.53834035682328

Computational statistics:
	Total energy calls: 7492
	Energy calls at each min: [1, 1860, 7492]
	Total force calls: 7492
	Force calls at each min: [1, 1860, 7492]
	Total steps: 7859
	Total Biases: 63

Verification against reference:
True minima found: 3/3

Verification against reference (saddles):
True saddles found: 1/2
Missed saddles at positions:
[0.21248658 0.29298833]
Starting run 193
Identified minimum at position [0.6234994  0.02803776] with unbiased energy -108.16672411685238
Identified minimum at position [-0.05010341  0.46671404] with unbiased energy -80.76781709232006
Identified minimum at position [-0.55822366  1.44172582] with unbiased energy -146.69951720995383
Simulation completed.


Energies of found minima:
Minimum 1: Position = [0.6234994  0.02803776], Energy = -108.16672411685238
Minimum 2: Position = [-0.05010341  0.46671404], Energy = -80.76781709232006
Minimum 3: Position = [-0.55822366  1.44172582], Energy = -146.69951720995383

Approximate saddle points between minima:
Saddle 1: Position = [0.26779749 0.39247668], Energy = -70.3007329123088
Saddle 2: Position = [-0.83243172  0.52240876], Energy = -39.04134618436168

Computational statistics:
	Total energy calls: 4556
	Energy calls at each min: [1, 1017, 4556]
	Total force calls: 4556
	Force calls at each min: [1, 1017, 4556]
	Total steps: 4800
	Total Biases: 40

Verification against reference:
True minima found: 3/3

Verification against reference (saddles):
True saddles found: 0/2
Missed saddles at positions:
[0.21248658 0.29298833]
[-0.82200156  0.6243128 ]
Starting run 4444
Identified minimum at position [0.6234994  0.02803776] with unbiased energy -108.16672411685238
Identified minimum at position [-0.05067158  0.46689298] with unbiased energy -80.76775684759559
Identified minimum at position [-0.55822364  1.44172584] with unbiased energy -146.699517209954
Simulation completed.


Energies of found minima:
Minimum 1: Position = [0.6234994  0.02803776], Energy = -108.16672411685238
Minimum 2: Position = [-0.05067158  0.46689298], Energy = -80.76775684759559
Minimum 3: Position = [-0.55822364  1.44172584], Energy = -146.699517209954

Approximate saddle points between minima:
Saddle 1: Position = [0.46663433 0.31337733], Energy = -61.7429425961398
Saddle 2: Position = [ 0.16403948 -0.19976317], Energy = -21.554710089109136

Computational statistics:
	Total energy calls: 11681
	Energy calls at each min: [1, 2392, 11681]
	Total force calls: 11681
	Force calls at each min: [1, 2392, 11681]
	Total steps: 12302
	Total Biases: 93

Verification against reference:
True minima found: 3/3

Verification against reference (saddles):
True saddles found: 0/2
Missed saddles at positions:
[0.21248658 0.29298833]
[-0.82200156  0.6243128 ]
Starting run 3396
Identified minimum at position [0.6234994  0.02803776] with unbiased energy -108.16672411685238
Identified minimum at position [-0.05001399  0.4666953 ] with unbiased energy -80.7678181279908
Identified minimum at position [-0.55822362  1.44172586] with unbiased energy -146.69951720995394
Simulation completed.


Energies of found minima:
Minimum 1: Position = [0.6234994  0.02803776], Energy = -108.16672411685238
Minimum 2: Position = [-0.05001399  0.4666953 ], Energy = -80.7678181279908
Minimum 3: Position = [-0.55822362  1.44172586], Energy = -146.69951720995394

Approximate saddle points between minima:
Saddle 1: Position = [0.18976117 0.28791268], Energy = -72.14207704787786
Saddle 2: Position = [-0.43372272  0.76242092], Energy = -26.482950299249996

Computational statistics:
	Total energy calls: 9125
	Energy calls at each min: [1, 1107, 9125]
	Total force calls: 9125
	Force calls at each min: [1, 1107, 9125]
	Total steps: 9602
	Total Biases: 77

Verification against reference:
True minima found: 3/3

Verification against reference (saddles):
True saddles found: 1/2
Missed saddles at positions:
[-0.82200156  0.6243128 ]
Starting run 3378
Identified minimum at position [0.6234994  0.02803776] with unbiased energy -108.16672411685238
Identified minimum at position [-0.0500112   0.46669419] with unbiased energy -80.76781812964114
Identified minimum at position [-0.55822362  1.44172586] with unbiased energy -146.69951720995385
Simulation completed.


Energies of found minima:
Minimum 1: Position = [0.6234994  0.02803776], Energy = -108.16672411685238
Minimum 2: Position = [-0.0500112   0.46669419], Energy = -80.76781812964114
Minimum 3: Position = [-0.55822362  1.44172586], Energy = -146.69951720995385

Approximate saddle points between minima:
Saddle 1: Position = [0.11863996 0.1888497 ], Energy = -68.7126073479858
Saddle 2: Position = [-0.15174744  0.04861069], Energy = -35.75735538323234

Computational statistics:
	Total energy calls: 10168
	Energy calls at each min: [1, 1625, 10168]
	Total force calls: 10168
	Force calls at each min: [1, 1625, 10168]
	Total steps: 10702
	Total Biases: 80

Verification against reference:
True minima found: 3/3

Verification against reference (saddles):
True saddles found: 0/2
Missed saddles at positions:
[0.21248658 0.29298833]
[-0.82200156  0.6243128 ]
Starting run 4785
Identified minimum at position [0.6234994  0.02803776] with unbiased energy -108.16672411685238
Identified minimum at position [-0.05001116  0.46669419] with unbiased energy -80.76781812964455
Identified minimum at position [-0.55822364  1.44172583] with unbiased energy -146.699517209954
Simulation completed.


Energies of found minima:
Minimum 1: Position = [0.6234994  0.02803776], Energy = -108.16672411685238
Minimum 2: Position = [-0.05001116  0.46669419], Energy = -80.76781812964455
Minimum 3: Position = [-0.55822364  1.44172583], Energy = -146.699517209954

Approximate saddle points between minima:
Saddle 1: Position = [0.21205836 0.29356098], Energy = -72.24912342099059
Saddle 2: Position = [-0.85652686  0.54411738], Energy = -38.82156783558759

Computational statistics:
	Total energy calls: 5773
	Energy calls at each min: [1, 1729, 5773]
	Total force calls: 5773
	Force calls at each min: [1, 1729, 5773]
	Total steps: 6081
	Total Biases: 49

Verification against reference:
True minima found: 3/3

Verification against reference (saddles):
True saddles found: 1/2
Missed saddles at positions:
[-0.82200156  0.6243128 ]
Starting run 3331
Identified minimum at position [0.6234994  0.02803776] with unbiased energy -108.16672411685238
Identified minimum at position [-0.05001239  0.46669454] with unbiased energy -80.76781812932904
Identified minimum at position [-0.55822363  1.44172585] with unbiased energy -146.699517209954
Simulation completed.


Energies of found minima:
Minimum 1: Position = [0.6234994  0.02803776], Energy = -108.16672411685238
Minimum 2: Position = [-0.05001239  0.46669454], Energy = -80.76781812932904
Minimum 3: Position = [-0.55822363  1.44172585], Energy = -146.699517209954

Approximate saddle points between minima:
Saddle 1: Position = [0.15385484 0.12619198], Energy = -72.00210035423223
Saddle 2: Position = [-0.85253026  0.60443813], Energy = -40.406398885863645

Computational statistics:
	Total energy calls: 7807
	Energy calls at each min: [1, 1486, 7807]
	Total force calls: 7807
	Force calls at each min: [1, 1486, 7807]
	Total steps: 8205
	Total Biases: 67

Verification against reference:
True minima found: 3/3

Verification against reference (saddles):
True saddles found: 1/2
Missed saddles at positions:
[0.21248658 0.29298833]
Starting run 839
Identified minimum at position [0.6234994  0.02803776] with unbiased energy -108.16672411685238
Identified minimum at position [-0.05001609  0.46669513] with unbiased energy -80.76781812638583
Identified minimum at position [-0.55822365  1.44172583] with unbiased energy -146.6995172099539
Simulation completed.


Energies of found minima:
Minimum 1: Position = [0.6234994  0.02803776], Energy = -108.16672411685238
Minimum 2: Position = [-0.05001609  0.46669513], Energy = -80.76781812638583
Minimum 3: Position = [-0.55822365  1.44172583], Energy = -146.6995172099539

Approximate saddle points between minima:
Saddle 1: Position = [0.18249104 0.28035196], Energy = -71.99281910512629
Saddle 2: Position = [-0.83156993  0.45183004], Energy = -34.98768507703073

Computational statistics:
	Total energy calls: 4551
	Energy calls at each min: [1, 922, 4551]
	Total force calls: 4551
	Force calls at each min: [1, 922, 4551]
	Total steps: 4785
	Total Biases: 38

Verification against reference:
True minima found: 3/3

Verification against reference (saddles):
True saddles found: 1/2
Missed saddles at positions:
[-0.82200156  0.6243128 ]
Starting run 3783
Identified minimum at position [0.6234994  0.02803776] with unbiased energy -108.16672411685238
Identified minimum at position [-0.05001625  0.46669516] with unbiased energy -80.76781812618896
Identified minimum at position [-0.55822365  1.44172582] with unbiased energy -146.69951720995383
Simulation completed.


Energies of found minima:
Minimum 1: Position = [0.6234994  0.02803776], Energy = -108.16672411685238
Minimum 2: Position = [-0.05001625  0.46669516], Energy = -80.76781812618896
Minimum 3: Position = [-0.55822365  1.44172582], Energy = -146.69951720995383

Approximate saddle points between minima:
Saddle 1: Position = [0.15276194 0.21172993], Energy = -70.81643146189934
Saddle 2: Position = [-0.83063601  0.61176774], Energy = -40.60827729547582

Computational statistics:
	Total energy calls: 3458
	Energy calls at each min: [1, 1070, 3458]
	Total force calls: 3458
	Force calls at each min: [1, 1070, 3458]
	Total steps: 3638
	Total Biases: 30

Verification against reference:
True minima found: 3/3

Verification against reference (saddles):
True saddles found: 1/2
Missed saddles at positions:
[0.21248658 0.29298833]
Starting run 928
Identified minimum at position [0.6234994  0.02803776] with unbiased energy -108.16672411685238
Identified minimum at position [-0.05036793  0.46678696] with unbiased energy -80.76780158254775
Identified minimum at position [-0.55822365  1.44172583] with unbiased energy -146.69951720995394
Simulation completed.


Energies of found minima:
Minimum 1: Position = [0.6234994  0.02803776], Energy = -108.16672411685238
Minimum 2: Position = [-0.05036793  0.46678696], Energy = -80.76780158254775
Minimum 3: Position = [-0.55822365  1.44172583], Energy = -146.69951720995394

Approximate saddle points between minima:
Saddle 1: Position = [0.25748626 0.30567529], Energy = -71.76266057802951
Saddle 2: Position = [-0.69558349  0.72896525], Energy = -35.12193192874082

Computational statistics:
	Total energy calls: 8095
	Energy calls at each min: [1, 1531, 8095]
	Total force calls: 8095
	Force calls at each min: [1, 1531, 8095]
	Total steps: 8519
	Total Biases: 68

Verification against reference:
True minima found: 3/3

Verification against reference (saddles):
True saddles found: 1/2
Missed saddles at positions:
[-0.82200156  0.6243128 ]
Starting run 309
Identified minimum at position [0.6234994  0.02803776] with unbiased energy -108.16672411685238
Identified minimum at position [-0.05002539  0.46669677] with unbiased energy -80.76781810492935
Approximate Hessian has condition number >1e6 and cannot be reliably trusted; reverting to default behavior. 
Eigenvalues: [3.84209061e-03 2.21203820e+06]
Identified minimum at position [-0.55822364  1.44172583] with unbiased energy -146.69951720995397
Simulation completed.


Energies of found minima:
Minimum 1: Position = [0.6234994  0.02803776], Energy = -108.16672411685238
Minimum 2: Position = [-0.05002539  0.46669677], Energy = -80.76781810492935
Minimum 3: Position = [-0.55822364  1.44172583], Energy = -146.69951720995397

Approximate saddle points between minima:
Saddle 1: Position = [0.22919992 0.34201844], Energy = -72.20160926539009
Saddle 2: Position = [-0.79806416  0.64571166], Energy = -40.42725683441734

Computational statistics:
	Total energy calls: 6648
	Energy calls at each min: [1, 1539, 6648]
	Total force calls: 6648
	Force calls at each min: [1, 1539, 6648]
	Total steps: 6999
	Total Biases: 55

Verification against reference:
True minima found: 3/3

Verification against reference (saddles):
True saddles found: 1/2
Missed saddles at positions:
[0.21248658 0.29298833]
Starting run 1355
Identified minimum at position [0.6234994  0.02803776] with unbiased energy -108.16672411685238
Identified minimum at position [-0.0509105   0.46692155] with unbiased energy -80.76771438316581
Identified minimum at position [-0.55822365  1.44172582] with unbiased energy -146.69951720995385
Simulation completed.


Energies of found minima:
Minimum 1: Position = [0.6234994  0.02803776], Energy = -108.16672411685238
Minimum 2: Position = [-0.0509105   0.46692155], Energy = -80.76771438316581
Minimum 3: Position = [-0.55822365  1.44172582], Energy = -146.69951720995385

Approximate saddle points between minima:
Saddle 1: Position = [0.25678754 0.32722877], Energy = -71.45558020577667
Saddle 2: Position = [-0.82543479  0.52287289], Energy = -39.392191608407536

Computational statistics:
	Total energy calls: 6618
	Energy calls at each min: [1, 1115, 6618]
	Total force calls: 6618
	Force calls at each min: [1, 1115, 6618]
	Total steps: 6973
	Total Biases: 56

Verification against reference:
True minima found: 3/3

Verification against reference (saddles):
True saddles found: 0/2
Missed saddles at positions:
[0.21248658 0.29298833]
[-0.82200156  0.6243128 ]
Starting run 245
Identified minimum at position [0.6234994  0.02803776] with unbiased energy -108.16672411685238
Identified minimum at position [-0.05001301  0.4666946 ] with unbiased energy -80.76781812907066
Identified minimum at position [-0.55822363  1.44172585] with unbiased energy -146.69951720995402
Simulation completed.


Energies of found minima:
Minimum 1: Position = [0.6234994  0.02803776], Energy = -108.16672411685238
Minimum 2: Position = [-0.05001301  0.4666946 ], Energy = -80.76781812907066
Minimum 3: Position = [-0.55822363  1.44172585], Energy = -146.69951720995402

Approximate saddle points between minima:
Saddle 1: Position = [0.12773641 0.11773647], Energy = -69.4955545719082
Saddle 2: Position = [-0.8203615   0.62263231], Energy = -40.666873443252015

Computational statistics:
	Total energy calls: 2390
	Energy calls at each min: [1, 1292, 2390]
	Total force calls: 2390
	Force calls at each min: [1, 1292, 2390]
	Total steps: 2521
	Total Biases: 21

Verification against reference:
True minima found: 3/3

Verification against reference (saddles):
True saddles found: 1/2
Missed saddles at positions:
[0.21248658 0.29298833]
Starting run 3943
Identified minimum at position [0.6234994  0.02803776] with unbiased energy -108.16672411685238
Identified minimum at position [-0.05056227  0.46689453] with unbiased energy -80.76776910355485
Identified minimum at position [-0.55822365  1.44172583] with unbiased energy -146.6995172099539
Simulation completed.


Energies of found minima:
Minimum 1: Position = [0.6234994  0.02803776], Energy = -108.16672411685238
Minimum 2: Position = [-0.05056227  0.46689453], Energy = -80.76776910355485
Minimum 3: Position = [-0.55822365  1.44172583], Energy = -146.6995172099539

Approximate saddle points between minima:
Saddle 1: Position = [0.21650033 0.28960987], Energy = -72.25713605256236
Saddle 2: Position = [-0.7420047   0.68351574], Energy = -38.61601328802386

Computational statistics:
	Total energy calls: 3409
	Energy calls at each min: [1, 546, 3409]
	Total force calls: 3409
	Force calls at each min: [1, 546, 3409]
	Total steps: 3589
	Total Biases: 29

Verification against reference:
True minima found: 3/3

Verification against reference (saddles):
True saddles found: 1/2
Missed saddles at positions:
[-0.82200156  0.6243128 ]
Starting run 4696
Identified minimum at position [0.6234994  0.02803776] with unbiased energy -108.16672411685238
Identified minimum at position [-0.05001078  0.4666941 ] with unbiased energy -80.76781812965886
Identified minimum at position [-0.55822364  1.44172584] with unbiased energy -146.69951720995397
Simulation completed.


Energies of found minima:
Minimum 1: Position = [0.6234994  0.02803776], Energy = -108.16672411685238
Minimum 2: Position = [-0.05001078  0.4666941 ], Energy = -80.76781812965886
Minimum 3: Position = [-0.55822364  1.44172584], Energy = -146.69951720995397

Approximate saddle points between minima:
Saddle 1: Position = [0.16606693 0.18609256], Energy = -71.92480210826858
Saddle 2: Position = [-0.91221124  0.56451327], Energy = -38.380032547222925

Computational statistics:
	Total energy calls: 8780
	Energy calls at each min: [1, 1676, 8780]
	Total force calls: 8780
	Force calls at each min: [1, 1676, 8780]
	Total steps: 9262
	Total Biases: 72

Verification against reference:
True minima found: 3/3

Verification against reference (saddles):
True saddles found: 0/2
Missed saddles at positions:
[0.21248658 0.29298833]
[-0.82200156  0.6243128 ]
Starting run 2699
Identified minimum at position [0.6234994  0.02803776] with unbiased energy -108.16672411685238
Identified minimum at position [-0.05001596  0.46669542] with unbiased energy -80.76781812626223
Identified minimum at position [-0.55822362  1.44172586] with unbiased energy -146.6995172099539
Simulation completed.


Energies of found minima:
Minimum 1: Position = [0.6234994  0.02803776], Energy = -108.16672411685238
Minimum 2: Position = [-0.05001596  0.46669542], Energy = -80.76781812626223
Minimum 3: Position = [-0.55822362  1.44172586], Energy = -146.6995172099539

Approximate saddle points between minima:
Saddle 1: Position = [ 0.93542037 -0.02708905], Energy = -69.21328937942761
Saddle 2: Position = [-0.83297568  0.61961356], Energy = -40.64741034716316

Computational statistics:
	Total energy calls: 9592
	Energy calls at each min: [1, 2163, 9592]
	Total force calls: 9592
	Force calls at each min: [1, 2163, 9592]
	Total steps: 10080
	Total Biases: 79

Verification against reference:
True minima found: 3/3

Verification against reference (saddles):
True saddles found: 1/2
Missed saddles at positions:
[0.21248658 0.29298833]
Starting run 4237
Identified minimum at position [0.6234994  0.02803776] with unbiased energy -108.16672411685238
Identified minimum at position [-0.05251131  0.46727024] with unbiased energy -80.76704464598109
Identified minimum at position [-0.55822365  1.44172583] with unbiased energy -146.699517209954
Simulation completed.


Energies of found minima:
Minimum 1: Position = [0.6234994  0.02803776], Energy = -108.16672411685238
Minimum 2: Position = [-0.05251131  0.46727024], Energy = -80.76704464598109
Minimum 3: Position = [-0.55822365  1.44172583], Energy = -146.699517209954

Approximate saddle points between minima:
Saddle 1: Position = [0.32352322 0.31306832], Energy = -69.76900107806549
Saddle 2: Position = [-0.8221301   0.61121245], Energy = -40.6635482215324

Computational statistics:
	Total energy calls: 6533
	Energy calls at each min: [1, 2077, 6533]
	Total force calls: 6533
	Force calls at each min: [1, 2077, 6533]
	Total steps: 6863
	Total Biases: 55

Verification against reference:
True minima found: 2/3
Missed minima at positions:
[-0.05001082  0.4666941 ]

Verification against reference (saddles):
True saddles found: 1/2
Missed saddles at positions:
[0.21248658 0.29298833]
Starting run 796
Identified minimum at position [0.6234994  0.02803776] with unbiased energy -108.16672411685238
Identified minimum at position [-0.05001787  0.46669569] with unbiased energy -80.76781812357288
Identified minimum at position [-0.55822365  1.44172582] with unbiased energy -146.69951720995388
Simulation completed.


Energies of found minima:
Minimum 1: Position = [0.6234994  0.02803776], Energy = -108.16672411685238
Minimum 2: Position = [-0.05001787  0.46669569], Energy = -80.76781812357288
Minimum 3: Position = [-0.55822365  1.44172582], Energy = -146.69951720995388

Approximate saddle points between minima:
Saddle 1: Position = [0.14892987 0.19100935], Energy = -70.73574575539651
Saddle 2: Position = [-0.38774421  0.70377807], Energy = -39.36086489556784

Computational statistics:
	Total energy calls: 14630
	Energy calls at each min: [1, 1697, 14630]
	Total force calls: 14630
	Force calls at each min: [1, 1697, 14630]
	Total steps: 15384
	Total Biases: 115

Verification against reference:
True minima found: 3/3

Verification against reference (saddles):
True saddles found: 0/2
Missed saddles at positions:
[0.21248658 0.29298833]
[-0.82200156  0.6243128 ]
Starting run 1846
Identified minimum at position [0.6234994  0.02803776] with unbiased energy -108.16672411685238
Identified minimum at position [-0.55822364  1.44172583] with unbiased energy -146.699517209954
Approximate Hessian has condition number >1e6 and cannot be reliably trusted; reverting to default behavior. 
Eigenvalues: [3.62289813e-03 6.99710858e+06]
Approximate Hessian has condition number >1e6 and cannot be reliably trusted; reverting to default behavior. 
Eigenvalues: [2.31116429e-03 1.00415429e+06]
Approximate Hessian has condition number >1e6 and cannot be reliably trusted; reverting to default behavior. 
Eigenvalues: [5.92517084e-04 2.38087111e+06]
Approximate Hessian has condition number >1e6 and cannot be reliably trusted; reverting to default behavior. 
Eigenvalues: [1.02194026e-05 1.54606962e+09]
Approximate Hessian has condition number >1e6 and cannot be reliably trusted; reverting to default behavior. 
Eigenvalues: [3.19295131e-03 2.02005828e+06]
Approximate Hessian has condition number >1e6 and cannot be reliably trusted; reverting to default behavior. 
Eigenvalues: [1.10876141e-03 1.57941136e+07]
Approximate Hessian has condition number >1e6 and cannot be reliably trusted; reverting to default behavior. 
Eigenvalues: [1.18860463e-03 1.58252061e+05]
Approximate Hessian has condition number >1e6 and cannot be reliably trusted; reverting to default behavior. 
Eigenvalues: [1.26453386e-03 1.31494349e+06]
Approximate Hessian has condition number >1e6 and cannot be reliably trusted; reverting to default behavior. 
Eigenvalues: [9.49346322e-04 7.34265968e+05]
Approximate Hessian has condition number >1e6 and cannot be reliably trusted; reverting to default behavior. 
Eigenvalues: [1.04704255e-03 5.77700360e+06]
Approximate Hessian has condition number >1e6 and cannot be reliably trusted; reverting to default behavior. 
Eigenvalues: [2.03094428e-03 1.49058102e+06]
Simulation completed.


Energies of found minima:
Minimum 1: Position = [0.6234994  0.02803776], Energy = -108.16672411685238
Minimum 2: Position = [-0.55822364  1.44172583], Energy = -146.699517209954

Approximate saddle points between minima:
Saddle 1: Position = [-0.78711925  0.68481394], Energy = -39.75505540046013

Computational statistics:
	Total energy calls: 644302
	Energy calls at each min: [1, 8700]
	Total force calls: 644302
	Force calls at each min: [1, 8700]
	Total steps: 677800
	Total Biases: 5000

Verification against reference:
True minima found: 2/3
Missed minima at positions:
[-0.05001082  0.4666941 ]

Verification against reference (saddles):
True saddles found: 0/2
Missed saddles at positions:
[0.21248658 0.29298833]
[-0.82200156  0.6243128 ]
Starting run 851
Identified minimum at position [0.6234994  0.02803776] with unbiased energy -108.16672411685238
Identified minimum at position [-0.05005461  0.46670948] with unbiased energy -80.76781782937965
Identified minimum at position [-0.55822365  1.44172582] with unbiased energy -146.69951720995388
Simulation completed.


Energies of found minima:
Minimum 1: Position = [0.6234994  0.02803776], Energy = -108.16672411685238
Minimum 2: Position = [-0.05005461  0.46670948], Energy = -80.76781782937965
Minimum 3: Position = [-0.55822365  1.44172582], Energy = -146.69951720995388

Approximate saddle points between minima:
Saddle 1: Position = [0.91449708 0.13039954], Energy = -56.53027644992608
Saddle 2: Position = [-0.77088723  0.6604615 ], Energy = -39.862878210198375

Computational statistics:
	Total energy calls: 5572
	Energy calls at each min: [1, 1776, 5572]
	Total force calls: 5572
	Force calls at each min: [1, 1776, 5572]
	Total steps: 5869
	Total Biases: 46

Verification against reference:
True minima found: 3/3

Verification against reference (saddles):
True saddles found: 0/2
Missed saddles at positions:
[0.21248658 0.29298833]
[-0.82200156  0.6243128 ]
Starting run 2385
Identified minimum at position [0.6234994  0.02803776] with unbiased energy -108.16672411685238
Identified minimum at position [-0.050013    0.46669455] with unbiased energy -80.76781812909536
Identified minimum at position [-0.55822365  1.44172583] with unbiased energy -146.6995172099539
Simulation completed.


Energies of found minima:
Minimum 1: Position = [0.6234994  0.02803776], Energy = -108.16672411685238
Minimum 2: Position = [-0.050013    0.46669455], Energy = -80.76781812909536
Minimum 3: Position = [-0.55822365  1.44172583], Energy = -146.6995172099539

Approximate saddle points between minima:
Saddle 1: Position = [0.2850811  0.30743324], Energy = -71.1632946687428
Saddle 2: Position = [-0.82766222  0.6156608 ], Energy = -40.639260600564526

Computational statistics:
	Total energy calls: 7657
	Energy calls at each min: [1, 1890, 7657]
	Total force calls: 7657
	Force calls at each min: [1, 1890, 7657]
	Total steps: 8068
	Total Biases: 65

Verification against reference:
True minima found: 3/3

Verification against reference (saddles):
True saddles found: 1/2
Missed saddles at positions:
[0.21248658 0.29298833]
Starting run 581
Identified minimum at position [0.6234994  0.02803776] with unbiased energy -108.16672411685238
Identified minimum at position [-0.0523663   0.46723324] with unbiased energy -80.76713334409104
Identified minimum at position [-0.55822365  1.44172583] with unbiased energy -146.69951720995397
Simulation completed.


Energies of found minima:
Minimum 1: Position = [0.6234994  0.02803776], Energy = -108.16672411685238
Minimum 2: Position = [-0.0523663   0.46723324], Energy = -80.76713334409104
Minimum 3: Position = [-0.55822365  1.44172583], Energy = -146.69951720995397

Approximate saddle points between minima:
Saddle 1: Position = [0.31504532 0.33575379], Energy = -69.08059336541135
Saddle 2: Position = [-0.83573928  0.61265709], Energy = -40.59017622524004

Computational statistics:
	Total energy calls: 3246
	Energy calls at each min: [1, 665, 3246]
	Total force calls: 3246
	Force calls at each min: [1, 665, 3246]
	Total steps: 3414
	Total Biases: 28

Verification against reference:
True minima found: 2/3
Missed minima at positions:
[-0.05001082  0.4666941 ]

Verification against reference (saddles):
True saddles found: 1/2
Missed saddles at positions:
[0.21248658 0.29298833]
Starting run 2724
Identified minimum at position [0.6234994  0.02803776] with unbiased energy -108.16672411685238
Identified minimum at position [-0.05022283  0.46678051] with unbiased energy -80.76781006884465
Identified minimum at position [-0.55822365  1.44172583] with unbiased energy -146.6995172099539
Simulation completed.


Energies of found minima:
Minimum 1: Position = [0.6234994  0.02803776], Energy = -108.16672411685238
Minimum 2: Position = [-0.05022283  0.46678051], Energy = -80.76781006884465
Minimum 3: Position = [-0.55822365  1.44172583], Energy = -146.6995172099539

Approximate saddle points between minima:
Saddle 1: Position = [0.38729368 0.29217538], Energy = -68.93764799021744
Saddle 2: Position = [-0.83475653  0.6299183 ], Energy = -40.72825871924489

Computational statistics:
	Total energy calls: 4941
	Energy calls at each min: [1, 1573, 4941]
	Total force calls: 4941
	Force calls at each min: [1, 1573, 4941]
	Total steps: 5194
	Total Biases: 40

Verification against reference:
True minima found: 3/3

Verification against reference (saddles):
True saddles found: 1/2
Missed saddles at positions:
[0.21248658 0.29298833]
Starting run 2807
Identified minimum at position [0.6234994  0.02803776] with unbiased energy -108.16672411685238
Identified minimum at position [-0.05035695  0.46678142] with unbiased energy -80.7678027904669
Identified minimum at position [-0.55822365  1.44172582] with unbiased energy -146.69951720995388
Simulation completed.


Energies of found minima:
Minimum 1: Position = [0.6234994  0.02803776], Energy = -108.16672411685238
Minimum 2: Position = [-0.05035695  0.46678142], Energy = -80.7678027904669
Minimum 3: Position = [-0.55822365  1.44172582], Energy = -146.69951720995388

Approximate saddle points between minima:
Saddle 1: Position = [0.40144836 0.34391107], Energy = -63.36509512055955
Saddle 2: Position = [-0.46773462  0.1922934 ], Energy = -24.891125274178847

Computational statistics:
	Total energy calls: 7781
	Energy calls at each min: [1, 1539, 7781]
	Total force calls: 7781
	Force calls at each min: [1, 1539, 7781]
	Total steps: 8195
	Total Biases: 61

Verification against reference:
True minima found: 3/3

Verification against reference (saddles):
True saddles found: 0/2
Missed saddles at positions:
[0.21248658 0.29298833]
[-0.82200156  0.6243128 ]
Starting run 2299
Identified minimum at position [0.6234994  0.02803776] with unbiased energy -108.16672411685238
Identified minimum at position [-0.05038401  0.46677438] with unbiased energy -80.76780128163657
Identified minimum at position [-0.55822362  1.44172586] with unbiased energy -146.69951720995388
Simulation completed.


Energies of found minima:
Minimum 1: Position = [0.6234994  0.02803776], Energy = -108.16672411685238
Minimum 2: Position = [-0.05038401  0.46677438], Energy = -80.76780128163657
Minimum 3: Position = [-0.55822362  1.44172586], Energy = -146.69951720995388

Approximate saddle points between minima:
Saddle 1: Position = [0.30203953 0.37655869], Energy = -68.50264005278362
Saddle 2: Position = [-0.4739755   0.75443773], Energy = -27.999335374233763

Computational statistics:
	Total energy calls: 6059
	Energy calls at each min: [1, 1501, 6059]
	Total force calls: 6059
	Force calls at each min: [1, 1501, 6059]
	Total steps: 6386
	Total Biases: 48

Verification against reference:
True minima found: 3/3

Verification against reference (saddles):
True saddles found: 0/2
Missed saddles at positions:
[0.21248658 0.29298833]
[-0.82200156  0.6243128 ]
Starting run 4232
Identified minimum at position [0.6234994  0.02803776] with unbiased energy -108.16672411685238
Identified minimum at position [-0.05001141  0.46669422] with unbiased energy -80.76781812961761
Identified minimum at position [-0.55822362  1.44172585] with unbiased energy -146.69951720995394
Simulation completed.


Energies of found minima:
Minimum 1: Position = [0.6234994  0.02803776], Energy = -108.16672411685238
Minimum 2: Position = [-0.05001141  0.46669422], Energy = -80.76781812961761
Minimum 3: Position = [-0.55822362  1.44172585], Energy = -146.69951720995394

Approximate saddle points between minima:
Saddle 1: Position = [0.19382505 0.25404747], Energy = -72.16536125022839
Saddle 2: Position = [-0.83570616  0.60697803], Energy = -40.54286592683192

Computational statistics:
	Total energy calls: 10553
	Energy calls at each min: [1, 1974, 10553]
	Total force calls: 10553
	Force calls at each min: [1, 1974, 10553]
	Total steps: 11101
	Total Biases: 89

Verification against reference:
True minima found: 3/3

Verification against reference (saddles):
True saddles found: 2/2
