Starting run 1293
Identified minimum at position [0.6234994  0.02803776] with unbiased energy -108.16672411685238
Identified minimum at position [-0.05174739  0.4671787 ] with unbiased energy -80.7674126619622
Identified minimum at position [-0.55822364  1.44172584] with unbiased energy -146.699517209954
Simulation completed.


Energies of found minima:
Minimum 1: Position = [0.6234994  0.02803776], Energy = -108.16672411685238
Minimum 2: Position = [-0.05174739  0.4671787 ], Energy = -80.7674126619622
Minimum 3: Position = [-0.55822364  1.44172584], Energy = -146.699517209954

Approximate saddle points between minima:
Saddle 1: Position = [0.33757052 0.29219676], Energy = -70.62310054655289
Saddle 2: Position = [-0.81773489  0.61051619], Energy = -40.70159220338647

Computational statistics:
	Total energy calls: 2753
	Energy calls at each min: [1, 1360, 2753]
	Total force calls: 2753
	Force calls at each min: [1, 1360, 2753]
	Total steps: 2892
	Total Biases: 25

Verification against reference:
True minima found: 2/3
Missed minima at positions:
[-0.05001082  0.4666941 ]

Verification against reference (saddles):
True saddles found: 1/2
Missed saddles at positions:
[0.21248658 0.29298833]
Starting run 3481
Identified minimum at position [0.6234994  0.02803776] with unbiased energy -108.16672411685238
Identified minimum at position [-0.05003677  0.46670049] with unbiased energy -80.76781804431334
Identified minimum at position [-0.55822366  1.44172582] with unbiased energy -146.69951720995383
Simulation completed.


Energies of found minima:
Minimum 1: Position = [0.6234994  0.02803776], Energy = -108.16672411685238
Minimum 2: Position = [-0.05003677  0.46670049], Energy = -80.76781804431334
Minimum 3: Position = [-0.55822366  1.44172582], Energy = -146.69951720995383

Approximate saddle points between minima:
Saddle 1: Position = [0.30620849 0.29722396], Energy = -71.10287413467631
Saddle 2: Position = [0.46735019 0.5329073 ], Energy = -36.02727398731031

Computational statistics:
	Total energy calls: 16647
	Energy calls at each min: [1, 2857, 16647]
	Total force calls: 16647
	Force calls at each min: [1, 2857, 16647]
	Total steps: 17527
	Total Biases: 137

Verification against reference:
True minima found: 3/3

Verification against reference (saddles):
True saddles found: 0/2
Missed saddles at positions:
[0.21248658 0.29298833]
[-0.82200156  0.6243128 ]
Starting run 4263
Identified minimum at position [0.6234994  0.02803776] with unbiased energy -108.16672411685238
Identified minimum at position [-0.05117262  0.46712237] with unbiased energy -80.7675977388328
Identified minimum at position [-0.55822365  1.44172582] with unbiased energy -146.69951720995385
Simulation completed.


Energies of found minima:
Minimum 1: Position = [0.6234994  0.02803776], Energy = -108.16672411685238
Minimum 2: Position = [-0.05117262  0.46712237], Energy = -80.7675977388328
Minimum 3: Position = [-0.55822365  1.44172582], Energy = -146.69951720995385

Approximate saddle points between minima:
Saddle 1: Position = [0.2845984  0.35290015], Energy = -70.01614433140682
Saddle 2: Position = [-0.84609056  0.59613269], Energy = -40.31825542325763

Computational statistics:
	Total energy calls: 4035
	Energy calls at each min: [1, 949, 4035]
	Total force calls: 4035
	Force calls at each min: [1, 949, 4035]
	Total steps: 4237
	Total Biases: 33

Verification against reference:
True minima found: 2/3
Missed minima at positions:
[-0.05001082  0.4666941 ]

Verification against reference (saddles):
True saddles found: 1/2
Missed saddles at positions:
[0.21248658 0.29298833]
Starting run 3429
Identified minimum at position [0.6234994  0.02803776] with unbiased energy -108.16672411685238
Identified minimum at position [-0.05061098  0.46683573] with unbiased energy -80.76777321443774
Identified minimum at position [-0.55822363  1.44172585] with unbiased energy -146.699517209954
Simulation completed.


Energies of found minima:
Minimum 1: Position = [0.6234994  0.02803776], Energy = -108.16672411685238
Minimum 2: Position = [-0.05061098  0.46683573], Energy = -80.76777321443774
Minimum 3: Position = [-0.55822363  1.44172585], Energy = -146.699517209954

Approximate saddle points between minima:
Saddle 1: Position = [0.19224925 0.30357664], Energy = -72.34458604927907
Saddle 2: Position = [-0.84874464  0.589397  ], Energy = -40.172646850553456

Computational statistics:
	Total energy calls: 3890
	Energy calls at each min: [1, 842, 3890]
	Total force calls: 3890
	Force calls at each min: [1, 842, 3890]
	Total steps: 4096
	Total Biases: 33

Verification against reference:
True minima found: 3/3

Verification against reference (saddles):
True saddles found: 2/2
Starting run 670
Identified minimum at position [0.6234994  0.02803776] with unbiased energy -108.16672411685238
Identified minimum at position [-0.05006691  0.46671122] with unbiased energy -80.76781768448383
Identified minimum at position [-0.55822361  1.44172586] with unbiased energy -146.69951720995388
Simulation completed.


Energies of found minima:
Minimum 1: Position = [0.6234994  0.02803776], Energy = -108.16672411685238
Minimum 2: Position = [-0.05006691  0.46671122], Energy = -80.76781768448383
Minimum 3: Position = [-0.55822361  1.44172586], Energy = -146.69951720995388

Approximate saddle points between minima:
Saddle 1: Position = [0.25598252 0.3449773 ], Energy = -71.32509487461141
Saddle 2: Position = [-0.85175725  0.5780613 ], Energy = -39.898056458615514

Computational statistics:
	Total energy calls: 10522
	Energy calls at each min: [1, 1151, 10522]
	Total force calls: 10522
	Force calls at each min: [1, 1151, 10522]
	Total steps: 11057
	Total Biases: 84

Verification against reference:
True minima found: 3/3

Verification against reference (saddles):
True saddles found: 0/2
Missed saddles at positions:
[0.21248658 0.29298833]
[-0.82200156  0.6243128 ]
Starting run 3175
Identified minimum at position [0.6234994  0.02803776] with unbiased energy -108.16672411685238
Identified minimum at position [-0.05207215  0.46768034] with unbiased energy -80.76690495460332
Identified minimum at position [-0.55822362  1.44172586] with unbiased energy -146.69951720995394
Simulation completed.


Energies of found minima:
Minimum 1: Position = [0.6234994  0.02803776], Energy = -108.16672411685238
Minimum 2: Position = [-0.05207215  0.46768034], Energy = -80.76690495460332
Minimum 3: Position = [-0.55822362  1.44172586], Energy = -146.69951720995394

Approximate saddle points between minima:
Saddle 1: Position = [0.17586368 0.28426862], Energy = -71.96496447290485
Saddle 2: Position = [-0.83421163  0.50310828], Energy = -38.13579517979419

Computational statistics:
	Total energy calls: 1882
	Energy calls at each min: [1, 1031, 1882]
	Total force calls: 1882
	Force calls at each min: [1, 1031, 1882]
	Total steps: 1981
	Total Biases: 17

Verification against reference:
True minima found: 2/3
Missed minima at positions:
[-0.05001082  0.4666941 ]

Verification against reference (saddles):
True saddles found: 1/2
Missed saddles at positions:
[-0.82200156  0.6243128 ]
Starting run 1991
Identified minimum at position [0.6234994  0.02803776] with unbiased energy -108.16672411685238
Identified minimum at position [-0.55822365  1.44172582] with unbiased energy -146.69951720995385
Approximate Hessian has condition number >1e6 and cannot be reliably trusted; reverting to default behavior. 
Eigenvalues: [1.05892653e-02 3.13549789e+06]
Approximate Hessian has condition number >1e6 and cannot be reliably trusted; reverting to default behavior. 
Eigenvalues: [2.69081444e-04 7.83623840e+07]
Approximate Hessian has condition number >1e6 and cannot be reliably trusted; reverting to default behavior. 
Eigenvalues: [2.21302975e-03 2.51744395e+05]
Simulation completed.


Energies of found minima:
Minimum 1: Position = [0.6234994  0.02803776], Energy = -108.16672411685238
Minimum 2: Position = [-0.55822365  1.44172582], Energy = -146.69951720995385

Approximate saddle points between minima:
Saddle 1: Position = [-0.41660276  0.17656512], Energy = -26.281845045405298

Computational statistics:
	Total energy calls: 639969
	Energy calls at each min: [1, 4974]
	Total force calls: 639969
	Force calls at each min: [1, 4974]
	Total steps: 673141
	Total Biases: 5000

Verification against reference:
True minima found: 2/3
Missed minima at positions:
[-0.05001082  0.4666941 ]

Verification against reference (saddles):
True saddles found: 0/2
Missed saddles at positions:
[0.21248658 0.29298833]
[-0.82200156  0.6243128 ]
Starting run 935
Identified minimum at position [0.6234994  0.02803776] with unbiased energy -108.16672411685238
Identified minimum at position [-0.05071116  0.46681059] with unbiased energy -80.76776183282556
Identified minimum at position [-0.55822365  1.44172583] with unbiased energy -146.69951720995394
Simulation completed.


Energies of found minima:
Minimum 1: Position = [0.6234994  0.02803776], Energy = -108.16672411685238
Minimum 2: Position = [-0.05071116  0.46681059], Energy = -80.76776183282556
Minimum 3: Position = [-0.55822365  1.44172583], Energy = -146.69951720995394

Approximate saddle points between minima:
Saddle 1: Position = [0.09111317 0.1137378 ], Energy = -65.75244098520841
Saddle 2: Position = [-0.79104168  0.6323191 ], Energy = -40.6247243762546

Computational statistics:
	Total energy calls: 6483
	Energy calls at each min: [1, 1731, 6483]
	Total force calls: 6483
	Force calls at each min: [1, 1731, 6483]
	Total steps: 6821
	Total Biases: 53

Verification against reference:
True minima found: 3/3

Verification against reference (saddles):
True saddles found: 1/2
Missed saddles at positions:
[0.21248658 0.29298833]
Starting run 62
Identified minimum at position [0.6234994  0.02803776] with unbiased energy -108.16672411685238
Identified minimum at position [-0.05047513  0.46685586] with unbiased energy -80.76778457356878
Approximate Hessian has condition number >1e6 and cannot be reliably trusted; reverting to default behavior. 
Eigenvalues: [9.34464158e-04 3.93620794e+06]
Identified minimum at position [-0.55822362  1.44172585] with unbiased energy -146.69951720995397
Simulation completed.


Energies of found minima:
Minimum 1: Position = [0.6234994  0.02803776], Energy = -108.16672411685238
Minimum 2: Position = [-0.05047513  0.46685586], Energy = -80.76778457356878
Minimum 3: Position = [-0.55822362  1.44172585], Energy = -146.69951720995397

Approximate saddle points between minima:
Saddle 1: Position = [0.30936965 0.31434965], Energy = -70.19945228814834
Saddle 2: Position = [-0.67525217  0.33583754], Energy = -33.196209131340396

Computational statistics:
	Total energy calls: 8562
	Energy calls at each min: [1, 1395, 8562]
	Total force calls: 8562
	Force calls at each min: [1, 1395, 8562]
	Total steps: 9000
	Total Biases: 67

Verification against reference:
True minima found: 3/3

Verification against reference (saddles):
True saddles found: 0/2
Missed saddles at positions:
[0.21248658 0.29298833]
[-0.82200156  0.6243128 ]
Starting run 3334
Identified minimum at position [0.6234994  0.02803776] with unbiased energy -108.16672411685238
Identified minimum at position [-0.55822365  1.44172583] with unbiased energy -146.69951720995394
Approximate Hessian has condition number >1e6 and cannot be reliably trusted; reverting to default behavior. 
Eigenvalues: [1.09924097e-03 1.98276269e+07]
Approximate Hessian has condition number >1e6 and cannot be reliably trusted; reverting to default behavior. 
Eigenvalues: [2.01054334e-03 6.36791849e+05]
Approximate Hessian has condition number >1e6 and cannot be reliably trusted; reverting to default behavior. 
Eigenvalues: [8.10340937e-03 1.86253106e+06]
Approximate Hessian has condition number >1e6 and cannot be reliably trusted; reverting to default behavior. 
Eigenvalues: [5.06445952e-03 3.70903049e+07]
Approximate Hessian has condition number >1e6 and cannot be reliably trusted; reverting to default behavior. 
Eigenvalues: [1.44257490e-03 2.02786261e+07]
Approximate Hessian has condition number >1e6 and cannot be reliably trusted; reverting to default behavior. 
Eigenvalues: [3.45871142e-03 1.25725964e+06]
Approximate Hessian has condition number >1e6 and cannot be reliably trusted; reverting to default behavior. 
Eigenvalues: [9.84217413e-03 7.22198433e+06]
Approximate Hessian has condition number >1e6 and cannot be reliably trusted; reverting to default behavior. 
Eigenvalues: [1.48139312e-03 3.19892123e+07]
Approximate Hessian has condition number >1e6 and cannot be reliably trusted; reverting to default behavior. 
Eigenvalues: [2.35343985e-02 3.19046337e+06]
Simulation completed.


Energies of found minima:
Minimum 1: Position = [0.6234994  0.02803776], Energy = -108.16672411685238
Minimum 2: Position = [-0.55822365  1.44172583], Energy = -146.69951720995394

Approximate saddle points between minima:
Saddle 1: Position = [-0.83119052  0.5681041 ], Energy = -40.2142269826843

Computational statistics:
	Total energy calls: 646660
	Energy calls at each min: [1, 9248]
	Total force calls: 646660
	Force calls at each min: [1, 9248]
	Total steps: 678690
	Total Biases: 5000

Verification against reference:
True minima found: 2/3
Missed minima at positions:
[-0.05001082  0.4666941 ]

Verification against reference (saddles):
True saddles found: 0/2
Missed saddles at positions:
[0.21248658 0.29298833]
[-0.82200156  0.6243128 ]
Starting run 1055
Identified minimum at position [0.6234994  0.02803776] with unbiased energy -108.16672411685238
Identified minimum at position [-0.05001953  0.46669613] with unbiased energy -80.76781812025908
Identified minimum at position [-0.55822364  1.44172584] with unbiased energy -146.69951720995397
Simulation completed.


Energies of found minima:
Minimum 1: Position = [0.6234994  0.02803776], Energy = -108.16672411685238
Minimum 2: Position = [-0.05001953  0.46669613], Energy = -80.76781812025908
Minimum 3: Position = [-0.55822364  1.44172584], Energy = -146.69951720995397

Approximate saddle points between minima:
Saddle 1: Position = [0.18307165 0.27844684], Energy = -71.98118719911156
Saddle 2: Position = [ 0.56132033 -0.19665053], Energy = -39.25126953147067

Computational statistics:
	Total energy calls: 11541
	Energy calls at each min: [1, 1503, 11541]
	Total force calls: 11541
	Force calls at each min: [1, 1503, 11541]
	Total steps: 12141
	Total Biases: 95

Verification against reference:
True minima found: 3/3

Verification against reference (saddles):
True saddles found: 1/2
Missed saddles at positions:
[-0.82200156  0.6243128 ]
Starting run 1821
Identified minimum at position [0.6234994  0.02803776] with unbiased energy -108.16672411685238
Identified minimum at position [-0.05001172  0.4666943 ] with unbiased energy -80.7678181295616
Identified minimum at position [-0.55822364  1.44172584] with unbiased energy -146.699517209954
Simulation completed.


Energies of found minima:
Minimum 1: Position = [0.6234994  0.02803776], Energy = -108.16672411685238
Minimum 2: Position = [-0.05001172  0.4666943 ], Energy = -80.7678181295616
Minimum 3: Position = [-0.55822364  1.44172584], Energy = -146.699517209954

Approximate saddle points between minima:
Saddle 1: Position = [0.21011702 0.28158866], Energy = -72.26211877750586
Saddle 2: Position = [-0.75021805  0.65810094], Energy = -39.789344722484856

Computational statistics:
	Total energy calls: 12650
	Energy calls at each min: [1, 1635, 12650]
	Total force calls: 12650
	Force calls at each min: [1, 1635, 12650]
	Total steps: 13298
	Total Biases: 107

Verification against reference:
True minima found: 3/3

Verification against reference (saddles):
True saddles found: 1/2
Missed saddles at positions:
[-0.82200156  0.6243128 ]
Starting run 4687
Identified minimum at position [0.6234994  0.02803776] with unbiased energy -108.16672411685238
Identified minimum at position [-0.05001833  0.46669555] with unbiased energy -80.76781812303723
Identified minimum at position [-0.55822361  1.44172586] with unbiased energy -146.69951720995383
Simulation completed.


Energies of found minima:
Minimum 1: Position = [0.6234994  0.02803776], Energy = -108.16672411685238
Minimum 2: Position = [-0.05001833  0.46669555], Energy = -80.76781812303723
Minimum 3: Position = [-0.55822361  1.44172586], Energy = -146.69951720995383

Approximate saddle points between minima:
Saddle 1: Position = [0.18221665 0.25469021], Energy = -71.86505482560224
Saddle 2: Position = [-0.19236589 -0.03558313], Energy = -22.75192466497717

Computational statistics:
	Total energy calls: 10644
	Energy calls at each min: [1, 859, 10644]
	Total force calls: 10644
	Force calls at each min: [1, 859, 10644]
	Total steps: 11193
	Total Biases: 83

Verification against reference:
True minima found: 3/3

Verification against reference (saddles):
True saddles found: 1/2
Missed saddles at positions:
[-0.82200156  0.6243128 ]
Starting run 1751
Identified minimum at position [0.6234994  0.02803776] with unbiased energy -108.16672411685238
Identified minimum at position [-0.05006622  0.46670766] with unbiased energy -80.76781774169116
Identified minimum at position [-0.55822365  1.44172583] with unbiased energy -146.69951720995397
Simulation completed.


Energies of found minima:
Minimum 1: Position = [0.6234994  0.02803776], Energy = -108.16672411685238
Minimum 2: Position = [-0.05006622  0.46670766], Energy = -80.76781774169116
Minimum 3: Position = [-0.55822365  1.44172583], Energy = -146.69951720995397

Approximate saddle points between minima:
Saddle 1: Position = [0.15352952 0.22087342], Energy = -70.82930737014098
Saddle 2: Position = [-0.8607699   0.57006478], Energy = -39.51409772401928

Computational statistics:
	Total energy calls: 5930
	Energy calls at each min: [1, 956, 5930]
	Total force calls: 5930
	Force calls at each min: [1, 956, 5930]
	Total steps: 6239
	Total Biases: 49

Verification against reference:
True minima found: 3/3

Verification against reference (saddles):
True saddles found: 0/2
Missed saddles at positions:
[0.21248658 0.29298833]
[-0.82200156  0.6243128 ]
Starting run 4586
Identified minimum at position [0.6234994  0.02803776] with unbiased energy -108.16672411685238
Identified minimum at position [-0.05001763  0.46669562] with unbiased energy -80.76781812399116
Identified minimum at position [-0.55822362  1.44172586] with unbiased energy -146.6995172099539
Simulation completed.


Energies of found minima:
Minimum 1: Position = [0.6234994  0.02803776], Energy = -108.16672411685238
Minimum 2: Position = [-0.05001763  0.46669562], Energy = -80.76781812399116
Minimum 3: Position = [-0.55822362  1.44172586], Energy = -146.6995172099539

Approximate saddle points between minima:
Saddle 1: Position = [0.20757112 0.28877356], Energy = -72.23915744403865
Saddle 2: Position = [-0.15442039 -0.13814155], Energy = -10.85874736777918

Computational statistics:
	Total energy calls: 8356
	Energy calls at each min: [1, 965, 8356]
	Total force calls: 8356
	Force calls at each min: [1, 965, 8356]
	Total steps: 8803
	Total Biases: 67

Verification against reference:
True minima found: 3/3

Verification against reference (saddles):
True saddles found: 1/2
Missed saddles at positions:
[-0.82200156  0.6243128 ]
Starting run 3502
Identified minimum at position [0.6234994  0.02803776] with unbiased energy -108.16672411685238
Identified minimum at position [-0.55822362  1.44172586] with unbiased energy -146.69951720995388
Approximate Hessian has condition number >1e6 and cannot be reliably trusted; reverting to default behavior. 
Eigenvalues: [1.03360840e-03 1.04359191e+04]
Approximate Hessian has condition number >1e6 and cannot be reliably trusted; reverting to default behavior. 
Eigenvalues: [4.37379039e-03 3.22138867e+05]
Approximate Hessian has condition number >1e6 and cannot be reliably trusted; reverting to default behavior. 
Eigenvalues: [1.68813299e-03 1.10100271e+07]
Approximate Hessian has condition number >1e6 and cannot be reliably trusted; reverting to default behavior. 
Eigenvalues: [1.46853457e-02 2.49179965e+05]
Simulation completed.


Energies of found minima:
Minimum 1: Position = [0.6234994  0.02803776], Energy = -108.16672411685238
Minimum 2: Position = [-0.55822362  1.44172586], Energy = -146.69951720995388

Approximate saddle points between minima:
Saddle 1: Position = [0.46562735 0.5294044 ], Energy = -36.84620078076951

Computational statistics:
	Total energy calls: 644332
	Energy calls at each min: [1, 8203]
	Total force calls: 644332
	Force calls at each min: [1, 8203]
	Total steps: 677568
	Total Biases: 5000

Verification against reference:
True minima found: 2/3
Missed minima at positions:
[-0.05001082  0.4666941 ]

Verification against reference (saddles):
True saddles found: 0/2
Missed saddles at positions:
[0.21248658 0.29298833]
[-0.82200156  0.6243128 ]
Starting run 27
Identified minimum at position [0.6234994  0.02803776] with unbiased energy -108.16672411685238
Identified minimum at position [-0.05062466  0.46684832] with unbiased energy -80.76776996776854
Identified minimum at position [-0.55822365  1.44172583] with unbiased energy -146.69951720995394
Simulation completed.


Energies of found minima:
Minimum 1: Position = [0.6234994  0.02803776], Energy = -108.16672411685238
Minimum 2: Position = [-0.05062466  0.46684832], Energy = -80.76776996776854
Minimum 3: Position = [-0.55822365  1.44172583], Energy = -146.69951720995394

Approximate saddle points between minima:
Saddle 1: Position = [0.24183502 0.28335633], Energy = -72.33838281815943
Saddle 2: Position = [0.55785133 0.44715789], Energy = -32.92458212937398

Computational statistics:
	Total energy calls: 18324
	Energy calls at each min: [1, 1639, 18324]
	Total force calls: 18324
	Force calls at each min: [1, 1639, 18324]
	Total steps: 19284
	Total Biases: 146

Verification against reference:
True minima found: 3/3

Verification against reference (saddles):
True saddles found: 1/2
Missed saddles at positions:
[-0.82200156  0.6243128 ]
Starting run 483
Identified minimum at position [0.6234994  0.02803776] with unbiased energy -108.16672411685238
Identified minimum at position [-0.55822362  1.44172585] with unbiased energy -146.69951720995397
Approximate Hessian has condition number >1e6 and cannot be reliably trusted; reverting to default behavior. 
Eigenvalues: [2.87067381e-03 2.18314199e+07]
Approximate Hessian has condition number >1e6 and cannot be reliably trusted; reverting to default behavior. 
Eigenvalues: [5.1446259e-06 1.0796344e+08]
Approximate Hessian has condition number >1e6 and cannot be reliably trusted; reverting to default behavior. 
Eigenvalues: [1.17380801e-03 1.44019358e+06]
Approximate Hessian has condition number >1e6 and cannot be reliably trusted; reverting to default behavior. 
Eigenvalues: [1.12497418e-03 3.30709665e+05]
Approximate Hessian has condition number >1e6 and cannot be reliably trusted; reverting to default behavior. 
Eigenvalues: [6.71048474e-04 1.67147892e+06]
Simulation completed.


Energies of found minima:
Minimum 1: Position = [0.6234994  0.02803776], Energy = -108.16672411685238
Minimum 2: Position = [-0.55822362  1.44172585], Energy = -146.69951720995397

Approximate saddle points between minima:
Saddle 1: Position = [-0.83090946  0.42837091], Energy = -32.95833997399096

Computational statistics:
	Total energy calls: 627361
	Energy calls at each min: [1, 7755]
	Total force calls: 627361
	Force calls at each min: [1, 7755]
	Total steps: 660731
	Total Biases: 5000

Verification against reference:
True minima found: 2/3
Missed minima at positions:
[-0.05001082  0.4666941 ]

Verification against reference (saddles):
True saddles found: 0/2
Missed saddles at positions:
[0.21248658 0.29298833]
[-0.82200156  0.6243128 ]
Starting run 2829
Identified minimum at position [0.6234994  0.02803776] with unbiased energy -108.16672411685238
Identified minimum at position [-0.05002673  0.46669697] with unbiased energy -80.76781810025905
Identified minimum at position [-0.55822364  1.44172584] with unbiased energy -146.69951720995402
Simulation completed.


Energies of found minima:
Minimum 1: Position = [0.6234994  0.02803776], Energy = -108.16672411685238
Minimum 2: Position = [-0.05002673  0.46669697], Energy = -80.76781810025905
Minimum 3: Position = [-0.55822364  1.44172584], Energy = -146.69951720995402

Approximate saddle points between minima:
Saddle 1: Position = [0.24219015 0.33431893], Energy = -71.81725991476682
Saddle 2: Position = [-0.72158156  0.68740914], Energy = -38.05948017259659

Computational statistics:
	Total energy calls: 7811
	Energy calls at each min: [1, 1768, 7811]
	Total force calls: 7811
	Force calls at each min: [1, 1768, 7811]
	Total steps: 8204
	Total Biases: 69

Verification against reference:
True minima found: 3/3

Verification against reference (saddles):
True saddles found: 0/2
Missed saddles at positions:
[0.21248658 0.29298833]
[-0.82200156  0.6243128 ]
Starting run 949
Identified minimum at position [0.6234994  0.02803776] with unbiased energy -108.16672411685238
Identified minimum at position [-0.05014579  0.46674979] with unbiased energy -80.76781482228478
Identified minimum at position [-0.55822365  1.44172583] with unbiased energy -146.69951720995394
Simulation completed.


Energies of found minima:
Minimum 1: Position = [0.6234994  0.02803776], Energy = -108.16672411685238
Minimum 2: Position = [-0.05014579  0.46674979], Energy = -80.76781482228478
Minimum 3: Position = [-0.55822365  1.44172583], Energy = -146.69951720995394

Approximate saddle points between minima:
Saddle 1: Position = [0.23808593 0.29574879], Energy = -72.14572522187075
Saddle 2: Position = [-0.71326111  0.29110655], Energy = -23.583965170483612

Computational statistics:
	Total energy calls: 12106
	Energy calls at each min: [1, 1363, 12106]
	Total force calls: 12106
	Force calls at each min: [1, 1363, 12106]
	Total steps: 12739
	Total Biases: 97

Verification against reference:
True minima found: 3/3

Verification against reference (saddles):
True saddles found: 1/2
Missed saddles at positions:
[-0.82200156  0.6243128 ]
Starting run 4437
Identified minimum at position [0.6234994  0.02803776] with unbiased energy -108.16672411685238
Identified minimum at position [-0.051979    0.46723417] with unbiased energy -80.76730181338333
Identified minimum at position [-0.55822365  1.44172583] with unbiased energy -146.69951720995394
Simulation completed.


Energies of found minima:
Minimum 1: Position = [0.6234994  0.02803776], Energy = -108.16672411685238
Minimum 2: Position = [-0.051979    0.46723417], Energy = -80.76730181338333
Minimum 3: Position = [-0.55822365  1.44172583], Energy = -146.69951720995394

Approximate saddle points between minima:
Saddle 1: Position = [0.28283468 0.32083101], Energy = -70.81713727468865
Saddle 2: Position = [-0.6148863   0.70144637], Energy = -36.02000815931636

Computational statistics:
	Total energy calls: 6648
	Energy calls at each min: [1, 1380, 6648]
	Total force calls: 6648
	Force calls at each min: [1, 1380, 6648]
	Total steps: 6998
	Total Biases: 55

Verification against reference:
True minima found: 2/3
Missed minima at positions:
[-0.05001082  0.4666941 ]

Verification against reference (saddles):
True saddles found: 0/2
Missed saddles at positions:
[0.21248658 0.29298833]
[-0.82200156  0.6243128 ]
Starting run 1405
Identified minimum at position [0.6234994  0.02803776] with unbiased energy -108.16672411685238
Identified minimum at position [-0.05001111  0.46669416] with unbiased energy -80.76781812964906
Identified minimum at position [-0.55822366  1.44172582] with unbiased energy -146.6995172099538
Simulation completed.


Energies of found minima:
Minimum 1: Position = [0.6234994  0.02803776], Energy = -108.16672411685238
Minimum 2: Position = [-0.05001111  0.46669416], Energy = -80.76781812964906
Minimum 3: Position = [-0.55822366  1.44172582], Energy = -146.6995172099538

Approximate saddle points between minima:
Saddle 1: Position = [0.82600686 0.15773305], Energy = -65.88742479125763
Saddle 2: Position = [-0.66109412  0.7465695 ], Energy = -32.699980838051964

Computational statistics:
	Total energy calls: 5865
	Energy calls at each min: [1, 1497, 5865]
	Total force calls: 5865
	Force calls at each min: [1, 1497, 5865]
	Total steps: 6180
	Total Biases: 48

Verification against reference:
True minima found: 3/3

Verification against reference (saddles):
True saddles found: 0/2
Missed saddles at positions:
[0.21248658 0.29298833]
[-0.82200156  0.6243128 ]
Starting run 4026
Identified minimum at position [0.6234994  0.02803776] with unbiased energy -108.16672411685238
Identified minimum at position [-0.05002549  0.46669696] with unbiased energy -80.76781810429861
Identified minimum at position [-0.55822362  1.44172586] with unbiased energy -146.69951720995394
Simulation completed.


Energies of found minima:
Minimum 1: Position = [0.6234994  0.02803776], Energy = -108.16672411685238
Minimum 2: Position = [-0.05002549  0.46669696], Energy = -80.76781810429861
Minimum 3: Position = [-0.55822362  1.44172586], Energy = -146.69951720995394

Approximate saddle points between minima:
Saddle 1: Position = [0.14137018 0.11520268], Energy = -70.85660796492631
Saddle 2: Position = [-0.78605382  0.47595005], Energy = -39.64730936754923

Computational statistics:
	Total energy calls: 3768
	Energy calls at each min: [1, 2560, 3768]
	Total force calls: 3768
	Force calls at each min: [1, 2560, 3768]
	Total steps: 3969
	Total Biases: 32

Verification against reference:
True minima found: 3/3

Verification against reference (saddles):
True saddles found: 0/2
Missed saddles at positions:
[0.21248658 0.29298833]
[-0.82200156  0.6243128 ]
Starting run 4214
Identified minimum at position [0.6234994  0.02803776] with unbiased energy -108.16672411685238
Identified minimum at position [-0.05002021  0.46669631] with unbiased energy -80.76781811869591
Identified minimum at position [-0.55822362  1.44172585] with unbiased energy -146.69951720995397
Simulation completed.


Energies of found minima:
Minimum 1: Position = [0.6234994  0.02803776], Energy = -108.16672411685238
Minimum 2: Position = [-0.05002021  0.46669631], Energy = -80.76781811869591
Minimum 3: Position = [-0.55822362  1.44172585], Energy = -146.69951720995397

Approximate saddle points between minima:
Saddle 1: Position = [0.16042181 0.23699155], Energy = -71.13990101445614
Saddle 2: Position = [0.04137578 0.73397219], Energy = -29.59856833472513

Computational statistics:
	Total energy calls: 6153
	Energy calls at each min: [1, 726, 6153]
	Total force calls: 6153
	Force calls at each min: [1, 726, 6153]
	Total steps: 6474
	Total Biases: 48

Verification against reference:
True minima found: 3/3

Verification against reference (saddles):
True saddles found: 0/2
Missed saddles at positions:
[0.21248658 0.29298833]
[-0.82200156  0.6243128 ]
Starting run 3587
Identified minimum at position [0.6234994  0.02803776] with unbiased energy -108.16672411685238
Identified minimum at position [-0.05002395  0.46669808] with unbiased energy -80.76781810538631
Identified minimum at position [-0.55822364  1.44172583] with unbiased energy -146.69951720995397
Simulation completed.


Energies of found minima:
Minimum 1: Position = [0.6234994  0.02803776], Energy = -108.16672411685238
Minimum 2: Position = [-0.05002395  0.46669808], Energy = -80.76781810538631
Minimum 3: Position = [-0.55822364  1.44172583], Energy = -146.69951720995397

Approximate saddle points between minima:
Saddle 1: Position = [0.17748283 0.27684568], Energy = -71.88433730998275
Saddle 2: Position = [-0.82335798  0.61608426], Energy = -40.6586362575427

Computational statistics:
	Total energy calls: 9707
	Energy calls at each min: [1, 1648, 9707]
	Total force calls: 9707
	Force calls at each min: [1, 1648, 9707]
	Total steps: 10202
	Total Biases: 83

Verification against reference:
True minima found: 3/3

Verification against reference (saddles):
True saddles found: 2/2
Starting run 3401
Identified minimum at position [0.6234994  0.02803776] with unbiased energy -108.16672411685238
Identified minimum at position [-0.05001211  0.46669468] with unbiased energy -80.76781812933345
Identified minimum at position [-0.55822365  1.44172583] with unbiased energy -146.69951720995397
Simulation completed.


Energies of found minima:
Minimum 1: Position = [0.6234994  0.02803776], Energy = -108.16672411685238
Minimum 2: Position = [-0.05001211  0.46669468], Energy = -80.76781812933345
Minimum 3: Position = [-0.55822365  1.44172583], Energy = -146.69951720995397

Approximate saddle points between minima:
Saddle 1: Position = [0.0812953  0.18831863], Energy = -66.07272085577023
Saddle 2: Position = [0.53672166 0.48475384], Energy = -31.521918741608445

Computational statistics:
	Total energy calls: 9438
	Energy calls at each min: [1, 1765, 9438]
	Total force calls: 9438
	Force calls at each min: [1, 1765, 9438]
	Total steps: 9942
	Total Biases: 78

Verification against reference:
True minima found: 3/3

Verification against reference (saddles):
True saddles found: 0/2
Missed saddles at positions:
[0.21248658 0.29298833]
[-0.82200156  0.6243128 ]
