Starting run 1238
Identified minimum at position [0.6234994  0.02803776] with unbiased energy -108.16672411685238
Identified minimum at position [-0.05001396  0.46669475] with unbiased energy -80.76781812848769
Identified minimum at position [-0.55822361  1.44172586] with unbiased energy -146.69951720995385
Simulation completed.


Energies of found minima:
Minimum 1: Position = [0.6234994  0.02803776], Energy = -108.16672411685238
Minimum 2: Position = [-0.05001396  0.46669475], Energy = -80.76781812848769
Minimum 3: Position = [-0.55822361  1.44172586], Energy = -146.69951720995385

Approximate saddle points between minima:
Saddle 1: Position = [0.2024558  0.29531086], Energy = -72.25259745672255
Saddle 2: Position = [-0.62762923  0.78941783], Energy = -28.517788303552184

Computational statistics:
	Total energy calls: 6286
	Energy calls at each min: [1, 946, 6286]
	Total force calls: 6286
	Force calls at each min: [1, 946, 6286]
	Total steps: 6614
	Total Biases: 49

Verification against reference:
True minima found: 3/3

Verification against reference (saddles):
True saddles found: 1/2
Missed saddles at positions:
[-0.82200156  0.6243128 ]
Starting run 4260
Identified minimum at position [0.6234994  0.02803776] with unbiased energy -108.16672411685238
Identified minimum at position [-0.05015254  0.46673139] with unbiased energy -80.76781550958916
Identified minimum at position [-0.55822365  1.44172583] with unbiased energy -146.6995172099539
Simulation completed.


Energies of found minima:
Minimum 1: Position = [0.6234994  0.02803776], Energy = -108.16672411685238
Minimum 2: Position = [-0.05015254  0.46673139], Energy = -80.76781550958916
Minimum 3: Position = [-0.55822365  1.44172583], Energy = -146.6995172099539

Approximate saddle points between minima:
Saddle 1: Position = [0.24389086 0.29656854], Energy = -72.09006338456427
Saddle 2: Position = [-0.37080211  0.23152735], Energy = -37.874818691178604

Computational statistics:
	Total energy calls: 6696
	Energy calls at each min: [1, 1269, 6696]
	Total force calls: 6696
	Force calls at each min: [1, 1269, 6696]
	Total steps: 7045
	Total Biases: 55

Verification against reference:
True minima found: 3/3

Verification against reference (saddles):
True saddles found: 1/2
Missed saddles at positions:
[-0.82200156  0.6243128 ]
Starting run 408
Identified minimum at position [0.6234994  0.02803776] with unbiased energy -108.16672411685238
Identified minimum at position [-0.05001544  0.4666954 ] with unbiased energy -80.76781812678603
Identified minimum at position [-0.55822363  1.44172585] with unbiased energy -146.699517209954
Simulation completed.


Energies of found minima:
Minimum 1: Position = [0.6234994  0.02803776], Energy = -108.16672411685238
Minimum 2: Position = [-0.05001544  0.4666954 ], Energy = -80.76781812678603
Minimum 3: Position = [-0.55822363  1.44172585], Energy = -146.699517209954

Approximate saddle points between minima:
Saddle 1: Position = [0.24438833 0.29514752], Energy = -72.1089121158906
Saddle 2: Position = [-0.18779478  0.12476108], Energy = -38.80572414623714

Computational statistics:
	Total energy calls: 17408
	Energy calls at each min: [1, 2597, 17408]
	Total force calls: 17408
	Force calls at each min: [1, 2597, 17408]
	Total steps: 18330
	Total Biases: 141

Verification against reference:
True minima found: 3/3

Verification against reference (saddles):
True saddles found: 1/2
Missed saddles at positions:
[-0.82200156  0.6243128 ]
Starting run 2199
Identified minimum at position [0.6234994  0.02803776] with unbiased energy -108.16672411685238
Identified minimum at position [-0.0500149   0.46669514] with unbiased energy -80.76781812752868
Identified minimum at position [-0.55822365  1.44172583] with unbiased energy -146.6995172099539
Simulation completed.


Energies of found minima:
Minimum 1: Position = [0.6234994  0.02803776], Energy = -108.16672411685238
Minimum 2: Position = [-0.0500149   0.46669514], Energy = -80.76781812752868
Minimum 3: Position = [-0.55822365  1.44172583], Energy = -146.6995172099539

Approximate saddle points between minima:
Saddle 1: Position = [0.22310629 0.30380669], Energy = -72.19977328537533
Saddle 2: Position = [-0.82807487  0.58993224], Energy = -40.51471578287538

Computational statistics:
	Total energy calls: 10030
	Energy calls at each min: [1, 1257, 10030]
	Total force calls: 10030
	Force calls at each min: [1, 1257, 10030]
	Total steps: 10531
	Total Biases: 83

Verification against reference:
True minima found: 3/3

Verification against reference (saddles):
True saddles found: 2/2
Starting run 4359
Identified minimum at position [0.6234994  0.02803776] with unbiased energy -108.16672411685238
Identified minimum at position [-0.05018092  0.46673977] with unbiased energy -80.76781431828081
Identified minimum at position [-0.55822362  1.44172585] with unbiased energy -146.69951720995397
Simulation completed.


Energies of found minima:
Minimum 1: Position = [0.6234994  0.02803776], Energy = -108.16672411685238
Minimum 2: Position = [-0.05018092  0.46673977], Energy = -80.76781431828081
Minimum 3: Position = [-0.55822362  1.44172585], Energy = -146.69951720995397

Approximate saddle points between minima:
Saddle 1: Position = [0.14453375 0.25042395], Energy = -70.6830103231125
Saddle 2: Position = [-0.85964734  0.58794899], Energy = -39.99696847043971

Computational statistics:
	Total energy calls: 9585
	Energy calls at each min: [1, 1331, 9585]
	Total force calls: 9585
	Force calls at each min: [1, 1331, 9585]
	Total steps: 10064
	Total Biases: 84

Verification against reference:
True minima found: 3/3

Verification against reference (saddles):
True saddles found: 0/2
Missed saddles at positions:
[0.21248658 0.29298833]
[-0.82200156  0.6243128 ]
Starting run 2345
Identified minimum at position [0.6234994  0.02803776] with unbiased energy -108.16672411685238
Identified minimum at position [-0.05001131  0.46669421] with unbiased energy -80.76781812962969
Identified minimum at position [-0.55822362  1.44172586] with unbiased energy -146.6995172099539
Simulation completed.


Energies of found minima:
Minimum 1: Position = [0.6234994  0.02803776], Energy = -108.16672411685238
Minimum 2: Position = [-0.05001131  0.46669421], Energy = -80.76781812962969
Minimum 3: Position = [-0.55822362  1.44172586], Energy = -146.6995172099539

Approximate saddle points between minima:
Saddle 1: Position = [0.31941624 0.29292829], Energy = -71.03700745003013
Saddle 2: Position = [-0.80259604  0.63291766], Energy = -40.606848024273134

Computational statistics:
	Total energy calls: 7475
	Energy calls at each min: [1, 1799, 7475]
	Total force calls: 7475
	Force calls at each min: [1, 1799, 7475]
	Total steps: 7874
	Total Biases: 65

Verification against reference:
True minima found: 3/3

Verification against reference (saddles):
True saddles found: 1/2
Missed saddles at positions:
[0.21248658 0.29298833]
Starting run 2022
Identified minimum at position [0.6234994  0.02803776] with unbiased energy -108.16672411685238
Identified minimum at position [-0.05144924  0.46701301] with unbiased energy -80.76756546978211
Identified minimum at position [-0.55822364  1.44172583] with unbiased energy -146.699517209954
Simulation completed.


Energies of found minima:
Minimum 1: Position = [0.6234994  0.02803776], Energy = -108.16672411685238
Minimum 2: Position = [-0.05144924  0.46701301], Energy = -80.76756546978211
Minimum 3: Position = [-0.55822364  1.44172583], Energy = -146.699517209954

Approximate saddle points between minima:
Saddle 1: Position = [0.29556707 0.30927705], Energy = -70.82931054032382
Saddle 2: Position = [0.5421226  0.44350535], Energy = -36.05066555970402

Computational statistics:
	Total energy calls: 4622
	Energy calls at each min: [1, 898, 4622]
	Total force calls: 4622
	Force calls at each min: [1, 898, 4622]
	Total steps: 4863
	Total Biases: 37

Verification against reference:
True minima found: 2/3
Missed minima at positions:
[-0.05001082  0.4666941 ]

Verification against reference (saddles):
True saddles found: 0/2
Missed saddles at positions:
[0.21248658 0.29298833]
[-0.82200156  0.6243128 ]
Starting run 4666
Identified minimum at position [0.6234994  0.02803776] with unbiased energy -108.16672411685238
Identified minimum at position [-0.05074098  0.46699754] with unbiased energy -80.76772055261208
Identified minimum at position [-0.55822362  1.44172586] with unbiased energy -146.6995172099539
Simulation completed.


Energies of found minima:
Minimum 1: Position = [0.6234994  0.02803776], Energy = -108.16672411685238
Minimum 2: Position = [-0.05074098  0.46699754], Energy = -80.76772055261208
Minimum 3: Position = [-0.55822362  1.44172586], Energy = -146.6995172099539

Approximate saddle points between minima:
Saddle 1: Position = [0.07232577 0.1307473 ], Energy = -64.19124228629414
Saddle 2: Position = [-0.20828528  0.13172481], Energy = -37.61448376495709

Computational statistics:
	Total energy calls: 12183
	Energy calls at each min: [1, 2857, 12183]
	Total force calls: 12183
	Force calls at each min: [1, 2857, 12183]
	Total steps: 12823
	Total Biases: 97

Verification against reference:
True minima found: 3/3

Verification against reference (saddles):
True saddles found: 0/2
Missed saddles at positions:
[0.21248658 0.29298833]
[-0.82200156  0.6243128 ]
Starting run 2611
Identified minimum at position [0.6234994  0.02803776] with unbiased energy -108.16672411685238
Identified minimum at position [-0.05001867  0.4666965 ] with unbiased energy -80.76781812094369
Identified minimum at position [-0.55822365  1.44172582] with unbiased energy -146.69951720995385
Simulation completed.


Energies of found minima:
Minimum 1: Position = [0.6234994  0.02803776], Energy = -108.16672411685238
Minimum 2: Position = [-0.05001867  0.4666965 ], Energy = -80.76781812094369
Minimum 3: Position = [-0.55822365  1.44172582], Energy = -146.69951720995385

Approximate saddle points between minima:
Saddle 1: Position = [0.16204398 0.25504566], Energy = -71.30382878208758
Saddle 2: Position = [-0.72598066  0.6935637 ], Energy = -37.83008058445735

Computational statistics:
	Total energy calls: 9926
	Energy calls at each min: [1, 1879, 9926]
	Total force calls: 9926
	Force calls at each min: [1, 1879, 9926]
	Total steps: 10449
	Total Biases: 79

Verification against reference:
True minima found: 3/3

Verification against reference (saddles):
True saddles found: 0/2
Missed saddles at positions:
[0.21248658 0.29298833]
[-0.82200156  0.6243128 ]
Starting run 4488
Identified minimum at position [0.6234994  0.02803776] with unbiased energy -108.16672411685238
Identified minimum at position [-0.05001666  0.46669673] with unbiased energy -80.76781812286674
Identified minimum at position [-0.55822365  1.44172583] with unbiased energy -146.69951720995394
Simulation completed.


Energies of found minima:
Minimum 1: Position = [0.6234994  0.02803776], Energy = -108.16672411685238
Minimum 2: Position = [-0.05001666  0.46669673], Energy = -80.76781812286674
Minimum 3: Position = [-0.55822365  1.44172583], Energy = -146.69951720995394

Approximate saddle points between minima:
Saddle 1: Position = [0.2340365  0.31522096], Energy = -72.04244615775278
Saddle 2: Position = [-0.74324033  0.66238028], Energy = -39.56535055628348

Computational statistics:
	Total energy calls: 13082
	Energy calls at each min: [1, 1917, 13082]
	Total force calls: 13082
	Force calls at each min: [1, 1917, 13082]
	Total steps: 13761
	Total Biases: 106

Verification against reference:
True minima found: 3/3

Verification against reference (saddles):
True saddles found: 1/2
Missed saddles at positions:
[-0.82200156  0.6243128 ]
Starting run 3011
Identified minimum at position [0.6234994  0.02803776] with unbiased energy -108.16672411685238
Identified minimum at position [-0.05066097  0.46679608] with unbiased energy -80.76776995251423
Identified minimum at position [-0.55822364  1.44172583] with unbiased energy -146.699517209954
Simulation completed.


Energies of found minima:
Minimum 1: Position = [0.6234994  0.02803776], Energy = -108.16672411685238
Minimum 2: Position = [-0.05066097  0.46679608], Energy = -80.76776995251423
Minimum 3: Position = [-0.55822364  1.44172583], Energy = -146.699517209954

Approximate saddle points between minima:
Saddle 1: Position = [0.10874723 0.09237961], Energy = -67.22919194454413
Saddle 2: Position = [-0.82358876  0.63005165], Energy = -40.67153630464149

Computational statistics:
	Total energy calls: 5178
	Energy calls at each min: [1, 1382, 5178]
	Total force calls: 5178
	Force calls at each min: [1, 1382, 5178]
	Total steps: 5451
	Total Biases: 43

Verification against reference:
True minima found: 3/3

Verification against reference (saddles):
True saddles found: 1/2
Missed saddles at positions:
[0.21248658 0.29298833]
Starting run 2915
Identified minimum at position [0.6234994  0.02803776] with unbiased energy -108.16672411685238
Identified minimum at position [-0.05313146  0.46726856] with unbiased energy -80.7666819856941
Identified minimum at position [-0.55822365  1.44172583] with unbiased energy -146.69951720995394
Simulation completed.


Energies of found minima:
Minimum 1: Position = [0.6234994  0.02803776], Energy = -108.16672411685238
Minimum 2: Position = [-0.05313146  0.46726856], Energy = -80.7666819856941
Minimum 3: Position = [-0.55822365  1.44172583], Energy = -146.69951720995394

Approximate saddle points between minima:
Saddle 1: Position = [0.97822833 0.03668616], Energy = -60.03630457358011
Saddle 2: Position = [-0.60892324  0.34918005], Energy = -40.25345028856439

Computational statistics:
	Total energy calls: 3628
	Energy calls at each min: [1, 1671, 3628]
	Total force calls: 3628
	Force calls at each min: [1, 1671, 3628]
	Total steps: 3825
	Total Biases: 33

Verification against reference:
True minima found: 2/3
Missed minima at positions:
[-0.05001082  0.4666941 ]

Verification against reference (saddles):
True saddles found: 0/2
Missed saddles at positions:
[0.21248658 0.29298833]
[-0.82200156  0.6243128 ]
Starting run 4676
Identified minimum at position [0.6234994  0.02803776] with unbiased energy -108.16672411685238
Identified minimum at position [-0.0500283   0.46669818] with unbiased energy -80.76781809175391
Identified minimum at position [-0.55822362  1.44172586] with unbiased energy -146.69951720995397
Simulation completed.


Energies of found minima:
Minimum 1: Position = [0.6234994  0.02803776], Energy = -108.16672411685238
Minimum 2: Position = [-0.0500283   0.46669818], Energy = -80.76781809175391
Minimum 3: Position = [-0.55822362  1.44172586], Energy = -146.69951720995397

Approximate saddle points between minima:
Saddle 1: Position = [0.13948895 0.23545949], Energy = -70.26758747736653
Saddle 2: Position = [ 0.01161474 -0.0734336 ], Energy = -39.219810631077195

Computational statistics:
	Total energy calls: 6635
	Energy calls at each min: [1, 1083, 6635]
	Total force calls: 6635
	Force calls at each min: [1, 1083, 6635]
	Total steps: 6979
	Total Biases: 53

Verification against reference:
True minima found: 3/3

Verification against reference (saddles):
True saddles found: 0/2
Missed saddles at positions:
[0.21248658 0.29298833]
[-0.82200156  0.6243128 ]
Starting run 1727
Identified minimum at position [0.6234994  0.02803776] with unbiased energy -108.16672411685238
Identified minimum at position [-0.05031018  0.46675869] with unbiased energy -80.767807279165
Identified minimum at position [-0.55822364  1.44172584] with unbiased energy -146.69951720995402
Simulation completed.


Energies of found minima:
Minimum 1: Position = [0.6234994  0.02803776], Energy = -108.16672411685238
Minimum 2: Position = [-0.05031018  0.46675869], Energy = -80.767807279165
Minimum 3: Position = [-0.55822364  1.44172584], Energy = -146.69951720995402

Approximate saddle points between minima:
Saddle 1: Position = [0.39864356 0.33105943], Energy = -64.65430736340879
Saddle 2: Position = [-0.71448881  0.70181659], Energy = -37.139674306914884

Computational statistics:
	Total energy calls: 6603
	Energy calls at each min: [1, 1515, 6603]
	Total force calls: 6603
	Force calls at each min: [1, 1515, 6603]
	Total steps: 6946
	Total Biases: 53

Verification against reference:
True minima found: 3/3

Verification against reference (saddles):
True saddles found: 0/2
Missed saddles at positions:
[0.21248658 0.29298833]
[-0.82200156  0.6243128 ]
Starting run 3785
Identified minimum at position [0.6234994  0.02803776] with unbiased energy -108.16672411685238
Identified minimum at position [-0.05007227  0.46671518] with unbiased energy -80.76781754933705
Identified minimum at position [-0.55822364  1.44172584] with unbiased energy -146.699517209954
Simulation completed.


Energies of found minima:
Minimum 1: Position = [0.6234994  0.02803776], Energy = -108.16672411685238
Minimum 2: Position = [-0.05007227  0.46671518], Energy = -80.76781754933705
Minimum 3: Position = [-0.55822364  1.44172584], Energy = -146.699517209954

Approximate saddle points between minima:
Saddle 1: Position = [ 0.9534092  -0.00876326], Energy = -66.9204809050315
Saddle 2: Position = [-0.80947058  0.62400103], Energy = -40.68536394699063

Computational statistics:
	Total energy calls: 6063
	Energy calls at each min: [1, 2308, 6063]
	Total force calls: 6063
	Force calls at each min: [1, 2308, 6063]
	Total steps: 6390
	Total Biases: 52

Verification against reference:
True minima found: 3/3

Verification against reference (saddles):
True saddles found: 1/2
Missed saddles at positions:
[0.21248658 0.29298833]
Starting run 4738
Identified minimum at position [0.6234994  0.02803776] with unbiased energy -108.16672411685238
Identified minimum at position [-0.05083079  0.4668677 ] with unbiased energy -80.76773715103239
Approximate Hessian has condition number >1e6 and cannot be reliably trusted; reverting to default behavior. 
Eigenvalues: [7.85265642e-03 9.40878896e+05]
Identified minimum at position [-0.55822362  1.44172585] with unbiased energy -146.69951720995397
Simulation completed.


Energies of found minima:
Minimum 1: Position = [0.6234994  0.02803776], Energy = -108.16672411685238
Minimum 2: Position = [-0.05083079  0.4668677 ], Energy = -80.76773715103239
Minimum 3: Position = [-0.55822362  1.44172585], Energy = -146.69951720995397

Approximate saddle points between minima:
Saddle 1: Position = [0.29115823 0.36407171], Energy = -69.44857652516733
Saddle 2: Position = [-0.11775392  0.02023698], Energy = -36.82221989278638

Computational statistics:
	Total energy calls: 10316
	Energy calls at each min: [1, 1835, 10316]
	Total force calls: 10316
	Force calls at each min: [1, 1835, 10316]
	Total steps: 10844
	Total Biases: 83

Verification against reference:
True minima found: 3/3

Verification against reference (saddles):
True saddles found: 0/2
Missed saddles at positions:
[0.21248658 0.29298833]
[-0.82200156  0.6243128 ]
Starting run 1468
Identified minimum at position [0.6234994  0.02803776] with unbiased energy -108.16672411685238
Identified minimum at position [-0.05001219  0.46669459] with unbiased energy -80.76781812936215
Identified minimum at position [-0.55822365  1.44172582] with unbiased energy -146.69951720995388
Simulation completed.


Energies of found minima:
Minimum 1: Position = [0.6234994  0.02803776], Energy = -108.16672411685238
Minimum 2: Position = [-0.05001219  0.46669459], Energy = -80.76781812936215
Minimum 3: Position = [-0.55822365  1.44172582], Energy = -146.69951720995388

Approximate saddle points between minima:
Saddle 1: Position = [ 0.938457   -0.01788292], Energy = -69.8438112512622
Saddle 2: Position = [0.19504811 0.7488359 ], Energy = -16.63162103657647

Computational statistics:
	Total energy calls: 17342
	Energy calls at each min: [1, 2034, 17342]
	Total force calls: 17342
	Force calls at each min: [1, 2034, 17342]
	Total steps: 18255
	Total Biases: 138

Verification against reference:
True minima found: 3/3

Verification against reference (saddles):
True saddles found: 0/2
Missed saddles at positions:
[0.21248658 0.29298833]
[-0.82200156  0.6243128 ]
Starting run 3742
Identified minimum at position [0.6234994  0.02803776] with unbiased energy -108.16672411685238
Identified minimum at position [-0.0500917   0.46671707] with unbiased energy -80.767817242414
Approximate Hessian has condition number >1e6 and cannot be reliably trusted; reverting to default behavior. 
Eigenvalues: [7.39451498e-05 1.82034192e+08]
Identified minimum at position [-0.55822365  1.44172582] with unbiased energy -146.69951720995385
Simulation completed.


Energies of found minima:
Minimum 1: Position = [0.6234994  0.02803776], Energy = -108.16672411685238
Minimum 2: Position = [-0.0500917   0.46671707], Energy = -80.767817242414
Minimum 3: Position = [-0.55822365  1.44172582], Energy = -146.69951720995385

Approximate saddle points between minima:
Saddle 1: Position = [0.23773042 0.2793732 ], Energy = -72.41583780120935
Saddle 2: Position = [0.60478813 0.37900408], Energy = -35.048409822910585

Computational statistics:
	Total energy calls: 12510
	Energy calls at each min: [1, 1640, 12510]
	Total force calls: 12510
	Force calls at each min: [1, 1640, 12510]
	Total steps: 13145
	Total Biases: 100

Verification against reference:
True minima found: 3/3

Verification against reference (saddles):
True saddles found: 1/2
Missed saddles at positions:
[-0.82200156  0.6243128 ]
Starting run 393
Identified minimum at position [0.6234994  0.02803776] with unbiased energy -108.16672411685238
Identified minimum at position [-0.05001626  0.46669553] with unbiased energy -80.76781812580984
Approximate Hessian has condition number >1e6 and cannot be reliably trusted; reverting to default behavior. 
Eigenvalues: [6.93281548e-04 3.65151731e+04]
Identified minimum at position [-0.55822363  1.44172585] with unbiased energy -146.699517209954
Simulation completed.


Energies of found minima:
Minimum 1: Position = [0.6234994  0.02803776], Energy = -108.16672411685238
Minimum 2: Position = [-0.05001626  0.46669553], Energy = -80.76781812580984
Minimum 3: Position = [-0.55822363  1.44172585], Energy = -146.699517209954

Approximate saddle points between minima:
Saddle 1: Position = [0.11536668 0.21859895], Energy = -68.8382781846737
Saddle 2: Position = [-0.82015355  0.6401661 ], Energy = -40.656115881834054

Computational statistics:
	Total energy calls: 10878
	Energy calls at each min: [1, 2542, 10878]
	Total force calls: 10878
	Force calls at each min: [1, 2542, 10878]
	Total steps: 11443
	Total Biases: 92

Verification against reference:
True minima found: 3/3

Verification against reference (saddles):
True saddles found: 1/2
Missed saddles at positions:
[0.21248658 0.29298833]
Starting run 4604
Identified minimum at position [0.6234994  0.02803776] with unbiased energy -108.16672411685238
Identified minimum at position [-0.05001306  0.46669445] with unbiased energy -80.76781812908851
Identified minimum at position [-0.55822362  1.44172585] with unbiased energy -146.69951720995397
Simulation completed.


Energies of found minima:
Minimum 1: Position = [0.6234994  0.02803776], Energy = -108.16672411685238
Minimum 2: Position = [-0.05001306  0.46669445], Energy = -80.76781812908851
Minimum 3: Position = [-0.55822362  1.44172585], Energy = -146.69951720995397

Approximate saddle points between minima:
Saddle 1: Position = [0.87017341 0.12401981], Energy = -68.91815629046494
Saddle 2: Position = [-0.68733541  0.38840021], Energy = -39.44095284428997

Computational statistics:
	Total energy calls: 6183
	Energy calls at each min: [1, 1561, 6183]
	Total force calls: 6183
	Force calls at each min: [1, 1561, 6183]
	Total steps: 6512
	Total Biases: 48

Verification against reference:
True minima found: 3/3

Verification against reference (saddles):
True saddles found: 0/2
Missed saddles at positions:
[0.21248658 0.29298833]
[-0.82200156  0.6243128 ]
Starting run 745
Identified minimum at position [0.6234994  0.02803776] with unbiased energy -108.16672411685238
Identified minimum at position [-0.050163    0.46672265] with unbiased energy -80.76781541895517
Identified minimum at position [-0.55822365  1.44172582] with unbiased energy -146.69951720995388
Simulation completed.


Energies of found minima:
Minimum 1: Position = [0.6234994  0.02803776], Energy = -108.16672411685238
Minimum 2: Position = [-0.050163    0.46672265], Energy = -80.76781541895517
Minimum 3: Position = [-0.55822365  1.44172582], Energy = -146.69951720995388

Approximate saddle points between minima:
Saddle 1: Position = [0.24586697 0.35665539], Energy = -71.66669410627641
Saddle 2: Position = [-0.80605819  0.46953893], Energy = -37.93767955616711

Computational statistics:
	Total energy calls: 4429
	Energy calls at each min: [1, 1314, 4429]
	Total force calls: 4429
	Force calls at each min: [1, 1314, 4429]
	Total steps: 4670
	Total Biases: 40

Verification against reference:
True minima found: 3/3

Verification against reference (saddles):
True saddles found: 0/2
Missed saddles at positions:
[0.21248658 0.29298833]
[-0.82200156  0.6243128 ]
Starting run 1226
Identified minimum at position [0.6234994  0.02803776] with unbiased energy -108.16672411685238
Identified minimum at position [-0.05004876  0.46670491] with unbiased energy -80.76781793419578
Identified minimum at position [-0.55822365  1.44172583] with unbiased energy -146.69951720995397
Simulation completed.


Energies of found minima:
Minimum 1: Position = [0.6234994  0.02803776], Energy = -108.16672411685238
Minimum 2: Position = [-0.05004876  0.46670491], Energy = -80.76781793419578
Minimum 3: Position = [-0.55822365  1.44172583], Energy = -146.69951720995397

Approximate saddle points between minima:
Saddle 1: Position = [0.07125404 0.22123458], Energy = -66.44249749939429
Saddle 2: Position = [-0.72245849  0.69988586], Energy = -37.4407211315736

Computational statistics:
	Total energy calls: 7277
	Energy calls at each min: [1, 1140, 7277]
	Total force calls: 7277
	Force calls at each min: [1, 1140, 7277]
	Total steps: 7662
	Total Biases: 60

Verification against reference:
True minima found: 3/3

Verification against reference (saddles):
True saddles found: 0/2
Missed saddles at positions:
[0.21248658 0.29298833]
[-0.82200156  0.6243128 ]
Starting run 3888
Identified minimum at position [0.6234994  0.02803776] with unbiased energy -108.16672411685238
Identified minimum at position [-0.05001095  0.46669413] with unbiased energy -80.7678181296572
Identified minimum at position [-0.55822363  1.44172584] with unbiased energy -146.699517209954
Simulation completed.


Energies of found minima:
Minimum 1: Position = [0.6234994  0.02803776], Energy = -108.16672411685238
Minimum 2: Position = [-0.05001095  0.46669413], Energy = -80.7678181296572
Minimum 3: Position = [-0.55822363  1.44172584], Energy = -146.699517209954

Approximate saddle points between minima:
Saddle 1: Position = [0.15167218 0.19817416], Energy = -70.84398438003198
Saddle 2: Position = [-0.52673988  0.24720323], Energy = -29.483565980721995

Computational statistics:
	Total energy calls: 11158
	Energy calls at each min: [1, 1840, 11158]
	Total force calls: 11158
	Force calls at each min: [1, 1840, 11158]
	Total steps: 11756
	Total Biases: 92

Verification against reference:
True minima found: 3/3

Verification against reference (saddles):
True saddles found: 0/2
Missed saddles at positions:
[0.21248658 0.29298833]
[-0.82200156  0.6243128 ]
Starting run 572
Identified minimum at position [0.6234994  0.02803776] with unbiased energy -108.16672411685238
Identified minimum at position [-0.05003647  0.46669958] with unbiased energy -80.76781805026064
Identified minimum at position [-0.55822363  1.44172585] with unbiased energy -146.69951720995402
Simulation completed.


Energies of found minima:
Minimum 1: Position = [0.6234994  0.02803776], Energy = -108.16672411685238
Minimum 2: Position = [-0.05003647  0.46669958], Energy = -80.76781805026064
Minimum 3: Position = [-0.55822363  1.44172585], Energy = -146.69951720995402

Approximate saddle points between minima:
Saddle 1: Position = [0.20373729 0.2777242 ], Energy = -72.22016960930559
Saddle 2: Position = [-0.81485681  0.63961552], Energy = -40.6105346431801

Computational statistics:
	Total energy calls: 8050
	Energy calls at each min: [1, 1361, 8050]
	Total force calls: 8050
	Force calls at each min: [1, 1361, 8050]
	Total steps: 8473
	Total Biases: 66

Verification against reference:
True minima found: 3/3

Verification against reference (saddles):
True saddles found: 2/2
Starting run 938
Identified minimum at position [0.6234994  0.02803776] with unbiased energy -108.16672411685238
Identified minimum at position [-0.05006729  0.46671334] with unbiased energy -80.76781764226634
Identified minimum at position [-0.55822362  1.44172586] with unbiased energy -146.69951720995394
Simulation completed.


Energies of found minima:
Minimum 1: Position = [0.6234994  0.02803776], Energy = -108.16672411685238
Minimum 2: Position = [-0.05006729  0.46671334], Energy = -80.76781764226634
Minimum 3: Position = [-0.55822362  1.44172586], Energy = -146.69951720995394

Approximate saddle points between minima:
Saddle 1: Position = [0.18721904 0.24357299], Energy = -72.06925774894951
Saddle 2: Position = [-0.10214236 -0.06812702], Energy = -27.621554875013246

Computational statistics:
	Total energy calls: 14839
	Energy calls at each min: [1, 1559, 14839]
	Total force calls: 14839
	Force calls at each min: [1, 1559, 14839]
	Total steps: 15616
	Total Biases: 117

Verification against reference:
True minima found: 3/3

Verification against reference (saddles):
True saddles found: 0/2
Missed saddles at positions:
[0.21248658 0.29298833]
[-0.82200156  0.6243128 ]
Starting run 2425
Identified minimum at position [0.6234994  0.02803776] with unbiased energy -108.16672411685238
Identified minimum at position [-0.05001233  0.46669433] with unbiased energy -80.76781812940104
Identified minimum at position [-0.55822365  1.44172583] with unbiased energy -146.69951720995394
Simulation completed.


Energies of found minima:
Minimum 1: Position = [0.6234994  0.02803776], Energy = -108.16672411685238
Minimum 2: Position = [-0.05001233  0.46669433], Energy = -80.76781812940104
Minimum 3: Position = [-0.55822365  1.44172583], Energy = -146.69951720995394

Approximate saddle points between minima:
Saddle 1: Position = [ 0.93313141 -0.06827736], Energy = -59.57358657807683
Saddle 2: Position = [-0.85594759  0.51134989], Energy = -37.45806367395028

Computational statistics:
	Total energy calls: 6933
	Energy calls at each min: [1, 2082, 6933]
	Total force calls: 6933
	Force calls at each min: [1, 2082, 6933]
	Total steps: 7314
	Total Biases: 58

Verification against reference:
True minima found: 3/3

Verification against reference (saddles):
True saddles found: 0/2
Missed saddles at positions:
[0.21248658 0.29298833]
[-0.82200156  0.6243128 ]
