Starting run 711
Identified minimum at position [0.6234994  0.02803776] with unbiased energy -108.16672411685238
Identified minimum at position [-0.05231048  0.46719898] with unbiased energy -80.76717416729927
Identified minimum at position [-0.55822361  1.44172586] with unbiased energy -146.69951720995383
Simulation completed.


Energies of found minima:
Minimum 1: Position = [0.6234994  0.02803776], Energy = -108.16672411685238
Minimum 2: Position = [-0.05231048  0.46719898], Energy = -80.76717416729927
Minimum 3: Position = [-0.55822361  1.44172586], Energy = -146.69951720995383

Approximate saddle points between minima:
Saddle 1: Position = [0.06917819 0.13791414], Energy = -64.0372328960726
Saddle 2: Position = [-0.84191317  0.56992748], Energy = -39.953991440017184

Computational statistics:
	Total energy calls: 4759
	Energy calls at each min: [1, 1786, 4759]
	Total force calls: 4759
	Force calls at each min: [1, 1786, 4759]
	Total steps: 5008
	Total Biases: 40

Verification against reference:
True minima found: 2/3
Missed minima at positions:
[-0.05001082  0.4666941 ]

Verification against reference (saddles):
True saddles found: 0/2
Missed saddles at positions:
[0.21248658 0.29298833]
[-0.82200156  0.6243128 ]
Starting run 3522
Identified minimum at position [0.6234994  0.02803776] with unbiased energy -108.16672411685238
Identified minimum at position [-0.05082899  0.46687365] with unbiased energy -80.76773665713131
Identified minimum at position [-0.55822362  1.44172586] with unbiased energy -146.6995172099539
Simulation completed.


Energies of found minima:
Minimum 1: Position = [0.6234994  0.02803776], Energy = -108.16672411685238
Minimum 2: Position = [-0.05082899  0.46687365], Energy = -80.76773665713131
Minimum 3: Position = [-0.55822362  1.44172586], Energy = -146.6995172099539

Approximate saddle points between minima:
Saddle 1: Position = [0.37919216 0.3109355 ], Energy = -67.53302139393764
Saddle 2: Position = [-0.31778851  0.10352411], Energy = -25.148875196984932

Computational statistics:
	Total energy calls: 8324
	Energy calls at each min: [1, 2173, 8324]
	Total force calls: 8324
	Force calls at each min: [1, 2173, 8324]
	Total steps: 8764
	Total Biases: 69

Verification against reference:
True minima found: 3/3

Verification against reference (saddles):
True saddles found: 0/2
Missed saddles at positions:
[0.21248658 0.29298833]
[-0.82200156  0.6243128 ]
Starting run 24
Identified minimum at position [0.6234994  0.02803776] with unbiased energy -108.16672411685238
Identified minimum at position [-0.05001615  0.46669558] with unbiased energy -80.76781812585553
Identified minimum at position [-0.55822365  1.44172583] with unbiased energy -146.6995172099539
Simulation completed.


Energies of found minima:
Minimum 1: Position = [0.6234994  0.02803776], Energy = -108.16672411685238
Minimum 2: Position = [-0.05001615  0.46669558], Energy = -80.76781812585553
Minimum 3: Position = [-0.55822365  1.44172583], Energy = -146.6995172099539

Approximate saddle points between minima:
Saddle 1: Position = [0.16909562 0.27506381], Energy = -71.72251688578166
Saddle 2: Position = [-0.8301403   0.57163442], Energy = -40.29178149408561

Computational statistics:
	Total energy calls: 10769
	Energy calls at each min: [1, 2556, 10769]
	Total force calls: 10769
	Force calls at each min: [1, 2556, 10769]
	Total steps: 11335
	Total Biases: 87

Verification against reference:
True minima found: 3/3

Verification against reference (saddles):
True saddles found: 1/2
Missed saddles at positions:
[-0.82200156  0.6243128 ]
Starting run 2304
Identified minimum at position [0.6234994  0.02803776] with unbiased energy -108.16672411685238
Identified minimum at position [-0.05001102  0.46669415] with unbiased energy -80.76781812965402
Identified minimum at position [-0.55822365  1.44172582] with unbiased energy -146.69951720995388
Simulation completed.


Energies of found minima:
Minimum 1: Position = [0.6234994  0.02803776], Energy = -108.16672411685238
Minimum 2: Position = [-0.05001102  0.46669415], Energy = -80.76781812965402
Minimum 3: Position = [-0.55822365  1.44172582], Energy = -146.69951720995388

Approximate saddle points between minima:
Saddle 1: Position = [0.1714915  0.24269759], Energy = -71.55210835199888
Saddle 2: Position = [-0.41808499  0.2293184 ], Energy = -34.16268362929804

Computational statistics:
	Total energy calls: 16053
	Energy calls at each min: [1, 1680, 16053]
	Total force calls: 16053
	Force calls at each min: [1, 1680, 16053]
	Total steps: 16872
	Total Biases: 132

Verification against reference:
True minima found: 3/3

Verification against reference (saddles):
True saddles found: 0/2
Missed saddles at positions:
[0.21248658 0.29298833]
[-0.82200156  0.6243128 ]
Starting run 4313
Identified minimum at position [0.6234994  0.02803776] with unbiased energy -108.16672411685238
Identified minimum at position [-0.05001087  0.46669412] with unbiased energy -80.76781812965866
Identified minimum at position [-0.55822362  1.44172586] with unbiased energy -146.69951720995388
Simulation completed.


Energies of found minima:
Minimum 1: Position = [0.6234994  0.02803776], Energy = -108.16672411685238
Minimum 2: Position = [-0.05001087  0.46669412], Energy = -80.76781812965866
Minimum 3: Position = [-0.55822362  1.44172586], Energy = -146.69951720995388

Approximate saddle points between minima:
Saddle 1: Position = [0.10463026 0.11594066], Energy = -67.16063994929746
Saddle 2: Position = [0.96661866 0.17391307], Energy = -24.430798465512908

Computational statistics:
	Total energy calls: 14578
	Energy calls at each min: [1, 1669, 14578]
	Total force calls: 14578
	Force calls at each min: [1, 1669, 14578]
	Total steps: 15376
	Total Biases: 121

Verification against reference:
True minima found: 3/3

Verification against reference (saddles):
True saddles found: 0/2
Missed saddles at positions:
[0.21248658 0.29298833]
[-0.82200156  0.6243128 ]
Starting run 1660
Identified minimum at position [0.6234994  0.02803776] with unbiased energy -108.16672411685238
Identified minimum at position [-0.05479932  0.46781921] with unbiased energy -80.76495985895885
Identified minimum at position [-0.57636273  1.45907985] with unbiased energy -145.44293393092664
Warning: minimum above was identified at a position where optimizer did not converge to desired tolerance
Simulation completed.


Energies of found minima:
Minimum 1: Position = [0.6234994  0.02803776], Energy = -108.16672411685238
Minimum 2: Position = [-0.05479932  0.46781921], Energy = -80.76495985895885
Minimum 3: Position = [-0.57636273  1.45907985], Energy = -145.42303824739022

Approximate saddle points between minima:
Saddle 1: Position = [0.41157317 0.29978113], Energy = -66.99532729495756
Saddle 2: Position = [-0.2853223  -0.07923156], Energy = -8.704517400976037

Computational statistics:
	Total energy calls: 12155
	Energy calls at each min: [1, 1346, 12155]
	Total force calls: 12155
	Force calls at each min: [1, 1346, 12155]
	Total steps: 12765
	Total Biases: 90

Verification against reference:
True minima found: 1/3
Missed minima at positions:
[-0.55822363  1.44172584]
[-0.05001082  0.4666941 ]

Verification against reference (saddles):
True saddles found: 0/2
Missed saddles at positions:
[0.21248658 0.29298833]
[-0.82200156  0.6243128 ]
Starting run 3755
Identified minimum at position [0.6234994  0.02803776] with unbiased energy -108.16672411685238
Identified minimum at position [-0.05001271  0.46669455] with unbiased energy -80.76781812921308
Identified minimum at position [-0.55822365  1.44172583] with unbiased energy -146.69951720995394
Simulation completed.


Energies of found minima:
Minimum 1: Position = [0.6234994  0.02803776], Energy = -108.16672411685238
Minimum 2: Position = [-0.05001271  0.46669455], Energy = -80.76781812921308
Minimum 3: Position = [-0.55822365  1.44172583], Energy = -146.69951720995394

Approximate saddle points between minima:
Saddle 1: Position = [0.13683014 0.16371605], Energy = -70.1083943700064
Saddle 2: Position = [-0.84969995  0.61804691], Energy = -40.64613416879034

Computational statistics:
	Total energy calls: 5951
	Energy calls at each min: [1, 1676, 5951]
	Total force calls: 5951
	Force calls at each min: [1, 1676, 5951]
	Total steps: 6265
	Total Biases: 49

Verification against reference:
True minima found: 3/3

Verification against reference (saddles):
True saddles found: 1/2
Missed saddles at positions:
[0.21248658 0.29298833]
Starting run 578
Identified minimum at position [0.6234994  0.02803776] with unbiased energy -108.16672411685238
Identified minimum at position [-0.05002044  0.46669938] with unbiased energy -80.76781810592908
Identified minimum at position [-0.55822363  1.44172585] with unbiased energy -146.699517209954
Simulation completed.


Energies of found minima:
Minimum 1: Position = [0.6234994  0.02803776], Energy = -108.16672411685238
Minimum 2: Position = [-0.05002044  0.46669938], Energy = -80.76781810592908
Minimum 3: Position = [-0.55822363  1.44172585], Energy = -146.699517209954

Approximate saddle points between minima:
Saddle 1: Position = [0.23260117 0.29657573], Energy = -72.17162675328612
Saddle 2: Position = [-0.53594969  0.80037185], Energy = -22.735045372291623

Computational statistics:
	Total energy calls: 9319
	Energy calls at each min: [1, 1215, 9319]
	Total force calls: 9319
	Force calls at each min: [1, 1215, 9319]
	Total steps: 9811
	Total Biases: 75

Verification against reference:
True minima found: 3/3

Verification against reference (saddles):
True saddles found: 1/2
Missed saddles at positions:
[-0.82200156  0.6243128 ]
Starting run 843
Identified minimum at position [0.6234994  0.02803776] with unbiased energy -108.16672411685238
Identified minimum at position [-0.05009702  0.46671427] with unbiased energy -80.76781720627277
Identified minimum at position [-0.55822365  1.44172583] with unbiased energy -146.69951720995397
Simulation completed.


Energies of found minima:
Minimum 1: Position = [0.6234994  0.02803776], Energy = -108.16672411685238
Minimum 2: Position = [-0.05009702  0.46671427], Energy = -80.76781720627277
Minimum 3: Position = [-0.55822365  1.44172583], Energy = -146.69951720995397

Approximate saddle points between minima:
Saddle 1: Position = [0.55143241 0.24481741], Energy = -68.5967227671274
Saddle 2: Position = [-0.82177222  0.59686926], Energy = -40.653177550995274

Computational statistics:
	Total energy calls: 5400
	Energy calls at each min: [1, 1720, 5400]
	Total force calls: 5400
	Force calls at each min: [1, 1720, 5400]
	Total steps: 5688
	Total Biases: 45

Verification against reference:
True minima found: 3/3

Verification against reference (saddles):
True saddles found: 1/2
Missed saddles at positions:
[0.21248658 0.29298833]
Starting run 2888
Identified minimum at position [0.6234994  0.02803776] with unbiased energy -108.16672411685238
Identified minimum at position [-0.05001125  0.46669421] with unbiased energy -80.76781812963594
Identified minimum at position [-0.55822366  1.44172582] with unbiased energy -146.69951720995385
Simulation completed.


Energies of found minima:
Minimum 1: Position = [0.6234994  0.02803776], Energy = -108.16672411685238
Minimum 2: Position = [-0.05001125  0.46669421], Energy = -80.76781812963594
Minimum 3: Position = [-0.55822366  1.44172582], Energy = -146.69951720995385

Approximate saddle points between minima:
Saddle 1: Position = [0.27887091 0.2927025 ], Energy = -71.80286224209706
Saddle 2: Position = [-0.79951947  0.50083558], Energy = -39.98937194678235

Computational statistics:
	Total energy calls: 4921
	Energy calls at each min: [1, 1503, 4921]
	Total force calls: 4921
	Force calls at each min: [1, 1503, 4921]
	Total steps: 5187
	Total Biases: 43

Verification against reference:
True minima found: 3/3

Verification against reference (saddles):
True saddles found: 0/2
Missed saddles at positions:
[0.21248658 0.29298833]
[-0.82200156  0.6243128 ]
Starting run 5080
Identified minimum at position [0.6234994  0.02803776] with unbiased energy -108.16672411685238
Identified minimum at position [-0.05001087  0.46669411] with unbiased energy -80.76781812965882
Identified minimum at position [-0.55822362  1.44172586] with unbiased energy -146.69951720995397
Simulation completed.


Energies of found minima:
Minimum 1: Position = [0.6234994  0.02803776], Energy = -108.16672411685238
Minimum 2: Position = [-0.05001087  0.46669411], Energy = -80.76781812965882
Minimum 3: Position = [-0.55822362  1.44172586], Energy = -146.69951720995397

Approximate saddle points between minima:
Saddle 1: Position = [0.14031456 0.07961116], Energy = -70.46524922950567
Saddle 2: Position = [0.51983196 0.5215317 ], Energy = -29.095361450719828

Computational statistics:
	Total energy calls: 12617
	Energy calls at each min: [1, 1349, 12617]
	Total force calls: 12617
	Force calls at each min: [1, 1349, 12617]
	Total steps: 13301
	Total Biases: 104

Verification against reference:
True minima found: 3/3

Verification against reference (saddles):
True saddles found: 0/2
Missed saddles at positions:
[0.21248658 0.29298833]
[-0.82200156  0.6243128 ]
Starting run 175
Identified minimum at position [0.6234994  0.02803776] with unbiased energy -108.16672411685238
Identified minimum at position [-0.05001371  0.46669469] with unbiased energy -80.76781812866793
Identified minimum at position [-0.55822365  1.44172582] with unbiased energy -146.69951720995385
Simulation completed.


Energies of found minima:
Minimum 1: Position = [0.6234994  0.02803776], Energy = -108.16672411685238
Minimum 2: Position = [-0.05001371  0.46669469], Energy = -80.76781812866793
Minimum 3: Position = [-0.55822365  1.44172582], Energy = -146.69951720995385

Approximate saddle points between minima:
Saddle 1: Position = [0.17403993 0.29130103], Energy = -72.07159899226568
Saddle 2: Position = [-0.82267344  0.6304398 ], Energy = -40.66834020792973

Computational statistics:
	Total energy calls: 4771
	Energy calls at each min: [1, 1257, 4771]
	Total force calls: 4771
	Force calls at each min: [1, 1257, 4771]
	Total steps: 5014
	Total Biases: 39

Verification against reference:
True minima found: 3/3

Verification against reference (saddles):
True saddles found: 2/2
Starting run 1989
Identified minimum at position [0.6234994  0.02803776] with unbiased energy -108.16672411685238
Identified minimum at position [-0.05073742  0.46691444] with unbiased energy -80.76774367840564
Identified minimum at position [-0.55822362  1.44172585] with unbiased energy -146.69951720995394
Simulation completed.


Energies of found minima:
Minimum 1: Position = [0.6234994  0.02803776], Energy = -108.16672411685238
Minimum 2: Position = [-0.05073742  0.46691444], Energy = -80.76774367840564
Minimum 3: Position = [-0.55822362  1.44172585], Energy = -146.69951720995394

Approximate saddle points between minima:
Saddle 1: Position = [0.14645755 0.23035928], Energy = -70.52398422720678
Saddle 2: Position = [-0.84567582  0.61104749], Energy = -40.53970034803146

Computational statistics:
	Total energy calls: 3227
	Energy calls at each min: [1, 1819, 3227]
	Total force calls: 3227
	Force calls at each min: [1, 1819, 3227]
	Total steps: 3397
	Total Biases: 27

Verification against reference:
True minima found: 3/3

Verification against reference (saddles):
True saddles found: 1/2
Missed saddles at positions:
[0.21248658 0.29298833]
Starting run 3057
Identified minimum at position [0.6234994  0.02803776] with unbiased energy -108.16672411685238
Identified minimum at position [-0.0500222   0.46669605] with unbiased energy -80.76781811473548
Identified minimum at position [-0.55822364  1.44172583] with unbiased energy -146.69951720995402
Simulation completed.


Energies of found minima:
Minimum 1: Position = [0.6234994  0.02803776], Energy = -108.16672411685238
Minimum 2: Position = [-0.0500222   0.46669605], Energy = -80.76781811473548
Minimum 3: Position = [-0.55822364  1.44172583], Energy = -146.69951720995402

Approximate saddle points between minima:
Saddle 1: Position = [0.33940225 0.29058684], Energy = -70.69093643056175
Saddle 2: Position = [0.39468544 0.65361956], Energy = -21.875170376640668

Computational statistics:
	Total energy calls: 13199
	Energy calls at each min: [1, 1006, 13199]
	Total force calls: 13199
	Force calls at each min: [1, 1006, 13199]
	Total steps: 13924
	Total Biases: 110

Verification against reference:
True minima found: 3/3

Verification against reference (saddles):
True saddles found: 0/2
Missed saddles at positions:
[0.21248658 0.29298833]
[-0.82200156  0.6243128 ]
Starting run 478
Identified minimum at position [0.6234994  0.02803776] with unbiased energy -108.16672411685238
Identified minimum at position [-0.05001588  0.46669511] with unbiased energy -80.76781812662597
Identified minimum at position [-0.55822365  1.44172583] with unbiased energy -146.69951720995394
Simulation completed.


Energies of found minima:
Minimum 1: Position = [0.6234994  0.02803776], Energy = -108.16672411685238
Minimum 2: Position = [-0.05001588  0.46669511], Energy = -80.76781812662597
Minimum 3: Position = [-0.55822365  1.44172583], Energy = -146.69951720995394

Approximate saddle points between minima:
Saddle 1: Position = [0.11823147 0.29462432], Energy = -71.49229025869693
Saddle 2: Position = [ 0.1688832  -0.22076441], Energy = -15.047321113332345

Computational statistics:
	Total energy calls: 11898
	Energy calls at each min: [1, 1550, 11898]
	Total force calls: 11898
	Force calls at each min: [1, 1550, 11898]
	Total steps: 12525
	Total Biases: 94

Verification against reference:
True minima found: 3/3

Verification against reference (saddles):
True saddles found: 0/2
Missed saddles at positions:
[0.21248658 0.29298833]
[-0.82200156  0.6243128 ]
Starting run 3618
Identified minimum at position [0.6234994  0.02803776] with unbiased energy -108.16672411685238
Identified minimum at position [-0.05010681  0.46671352] with unbiased energy -80.76781703316566
Identified minimum at position [-0.55822365  1.44172582] with unbiased energy -146.69951720995385
Simulation completed.


Energies of found minima:
Minimum 1: Position = [0.6234994  0.02803776], Energy = -108.16672411685238
Minimum 2: Position = [-0.05010681  0.46671352], Energy = -80.76781703316566
Minimum 3: Position = [-0.55822365  1.44172582], Energy = -146.69951720995385

Approximate saddle points between minima:
Saddle 1: Position = [ 0.95546907 -0.01209899], Energy = -66.0005266178095
Saddle 2: Position = [-0.8426643  0.6145919], Energy = -40.592336471436425

Computational statistics:
	Total energy calls: 7499
	Energy calls at each min: [1, 1938, 7499]
	Total force calls: 7499
	Force calls at each min: [1, 1938, 7499]
	Total steps: 7890
	Total Biases: 63

Verification against reference:
True minima found: 3/3

Verification against reference (saddles):
True saddles found: 1/2
Missed saddles at positions:
[0.21248658 0.29298833]
Starting run 821
Identified minimum at position [0.6234994  0.02803776] with unbiased energy -108.16672411685238
Identified minimum at position [-0.05015492  0.46672745] with unbiased energy -80.76781555886565
Identified minimum at position [-0.55822364  1.44172584] with unbiased energy -146.699517209954
Simulation completed.


Energies of found minima:
Minimum 1: Position = [0.6234994  0.02803776], Energy = -108.16672411685238
Minimum 2: Position = [-0.05015492  0.46672745], Energy = -80.76781555886565
Minimum 3: Position = [-0.55822364  1.44172584], Energy = -146.699517209954

Approximate saddle points between minima:
Saddle 1: Position = [0.15410601 0.28175708], Energy = -71.60427580308126
Saddle 2: Position = [0.56198268 0.54962833], Energy = -16.653850426264214

Computational statistics:
	Total energy calls: 15118
	Energy calls at each min: [1, 2341, 15118]
	Total force calls: 15118
	Force calls at each min: [1, 2341, 15118]
	Total steps: 15903
	Total Biases: 122

Verification against reference:
True minima found: 3/3

Verification against reference (saddles):
True saddles found: 0/2
Missed saddles at positions:
[0.21248658 0.29298833]
[-0.82200156  0.6243128 ]
Starting run 2939
Identified minimum at position [0.6234994  0.02803776] with unbiased energy -108.16672411685238
Identified minimum at position [-0.05001087  0.46669411] with unbiased energy -80.76781812965879
Identified minimum at position [-0.55822365  1.44172583] with unbiased energy -146.69951720995394
Simulation completed.


Energies of found minima:
Minimum 1: Position = [0.6234994  0.02803776], Energy = -108.16672411685238
Minimum 2: Position = [-0.05001087  0.46669411], Energy = -80.76781812965879
Minimum 3: Position = [-0.55822365  1.44172583], Energy = -146.69951720995394

Approximate saddle points between minima:
Saddle 1: Position = [0.1162723 0.1473887], Energy = -68.44159724900219
Saddle 2: Position = [-0.90470158  0.43432811], Energy = -28.962678134814887

Computational statistics:
	Total energy calls: 9215
	Energy calls at each min: [1, 1086, 9215]
	Total force calls: 9215
	Force calls at each min: [1, 1086, 9215]
	Total steps: 9713
	Total Biases: 74

Verification against reference:
True minima found: 3/3

Verification against reference (saddles):
True saddles found: 0/2
Missed saddles at positions:
[0.21248658 0.29298833]
[-0.82200156  0.6243128 ]
Starting run 5085
Identified minimum at position [0.6234994  0.02803776] with unbiased energy -108.16672411685238
Identified minimum at position [-0.55822364  1.44172584] with unbiased energy -146.69951720995402
Approximate Hessian has condition number >1e6 and cannot be reliably trusted; reverting to default behavior. 
Eigenvalues: [7.50426960e-04 3.79825835e+06]
Approximate Hessian has condition number >1e6 and cannot be reliably trusted; reverting to default behavior. 
Eigenvalues: [9.37384990e-04 1.00525926e+06]
Approximate Hessian has condition number >1e6 and cannot be reliably trusted; reverting to default behavior. 
Eigenvalues: [7.52587657e-04 5.59229595e+05]
Approximate Hessian has condition number >1e6 and cannot be reliably trusted; reverting to default behavior. 
Eigenvalues: [1.32596895e-03 1.80105726e+05]
Approximate Hessian has condition number >1e6 and cannot be reliably trusted; reverting to default behavior. 
Eigenvalues: [1.44147981e-03 1.31126171e+04]
Approximate Hessian has condition number >1e6 and cannot be reliably trusted; reverting to default behavior. 
Eigenvalues: [1.63733959e-04 4.25555662e+08]
Approximate Hessian has condition number >1e6 and cannot be reliably trusted; reverting to default behavior. 
Eigenvalues: [1.57653950e-03 8.66345274e+05]
Simulation completed.


Energies of found minima:
Minimum 1: Position = [0.6234994  0.02803776], Energy = -108.16672411685238
Minimum 2: Position = [-0.55822364  1.44172584], Energy = -146.69951720995402

Approximate saddle points between minima:
Saddle 1: Position = [1.04988886 0.07160459], Energy = -29.002167269836804

Computational statistics:
	Total energy calls: 639944
	Energy calls at each min: [1, 9329]
	Total force calls: 639944
	Force calls at each min: [1, 9329]
	Total steps: 674161
	Total Biases: 5000

Verification against reference:
True minima found: 2/3
Missed minima at positions:
[-0.05001082  0.4666941 ]

Verification against reference (saddles):
True saddles found: 0/2
Missed saddles at positions:
[0.21248658 0.29298833]
[-0.82200156  0.6243128 ]
Starting run 294
Identified minimum at position [0.6234994  0.02803776] with unbiased energy -108.16672411685238
Identified minimum at position [-0.05047549  0.46679862] with unbiased energy -80.76779164738316
Identified minimum at position [-0.55822358  1.44172591] with unbiased energy -146.69951720995232
Simulation completed.


Energies of found minima:
Minimum 1: Position = [0.6234994  0.02803776], Energy = -108.16672411685238
Minimum 2: Position = [-0.05047549  0.46679862], Energy = -80.76779164738316
Minimum 3: Position = [-0.55822358  1.44172591], Energy = -146.69951720995232

Approximate saddle points between minima:
Saddle 1: Position = [0.15085513 0.24129508], Energy = -70.79338406847383
Saddle 2: Position = [-0.12596173 -0.00077885], Energy = -33.76582969096842

Computational statistics:
	Total energy calls: 7848
	Energy calls at each min: [1, 1389, 7848]
	Total force calls: 7848
	Force calls at each min: [1, 1389, 7848]
	Total steps: 8251
	Total Biases: 62

Verification against reference:
True minima found: 3/3

Verification against reference (saddles):
True saddles found: 0/2
Missed saddles at positions:
[0.21248658 0.29298833]
[-0.82200156  0.6243128 ]
Starting run 4499
Identified minimum at position [0.6234994  0.02803776] with unbiased energy -108.16672411685238
Identified minimum at position [-0.05008694  0.46670365] with unbiased energy -80.76781747920619
Identified minimum at position [-0.55822362  1.44172586] with unbiased energy -146.69951720995394
Simulation completed.


Energies of found minima:
Minimum 1: Position = [0.6234994  0.02803776], Energy = -108.16672411685238
Minimum 2: Position = [-0.05008694  0.46670365], Energy = -80.76781747920619
Minimum 3: Position = [-0.55822362  1.44172586], Energy = -146.69951720995394

Approximate saddle points between minima:
Saddle 1: Position = [0.27167257 0.316029  ], Energy = -71.2490103520966
Saddle 2: Position = [-0.39295405  0.24266358], Energy = -38.12444826965043

Computational statistics:
	Total energy calls: 14946
	Energy calls at each min: [1, 1959, 14946]
	Total force calls: 14946
	Force calls at each min: [1, 1959, 14946]
	Total steps: 15722
	Total Biases: 121

Verification against reference:
True minima found: 3/3

Verification against reference (saddles):
True saddles found: 0/2
Missed saddles at positions:
[0.21248658 0.29298833]
[-0.82200156  0.6243128 ]
Starting run 3887
Identified minimum at position [0.6234994  0.02803776] with unbiased energy -108.16672411685238
Identified minimum at position [-0.05268973  0.46732605] with unbiased energy -80.76692278901271
Identified minimum at position [-0.55822365  1.44172582] with unbiased energy -146.69951720995388
Simulation completed.


Energies of found minima:
Minimum 1: Position = [0.6234994  0.02803776], Energy = -108.16672411685238
Minimum 2: Position = [-0.05268973  0.46732605], Energy = -80.76692278901271
Minimum 3: Position = [-0.55822365  1.44172582], Energy = -146.69951720995388

Approximate saddle points between minima:
Saddle 1: Position = [0.24818037 0.3648737 ], Energy = -71.55700442936131
Saddle 2: Position = [-0.83084714  0.61093779], Energy = -40.60260204717912

Computational statistics:
	Total energy calls: 4004
	Energy calls at each min: [1, 1463, 4004]
	Total force calls: 4004
	Force calls at each min: [1, 1463, 4004]
	Total steps: 4206
	Total Biases: 35

Verification against reference:
True minima found: 2/3
Missed minima at positions:
[-0.05001082  0.4666941 ]

Verification against reference (saddles):
True saddles found: 1/2
Missed saddles at positions:
[0.21248658 0.29298833]
Starting run 680
Identified minimum at position [0.6234994  0.02803776] with unbiased energy -108.16672411685238
Identified minimum at position [-0.0500198   0.46669582] with unbiased energy -80.76781812018655
Identified minimum at position [-0.55822362  1.44172585] with unbiased energy -146.69951720995394
Simulation completed.


Energies of found minima:
Minimum 1: Position = [0.6234994  0.02803776], Energy = -108.16672411685238
Minimum 2: Position = [-0.0500198   0.46669582], Energy = -80.76781812018655
Minimum 3: Position = [-0.55822362  1.44172585], Energy = -146.69951720995394

Approximate saddle points between minima:
Saddle 1: Position = [0.16167255 0.20510726], Energy = -71.35953786625606
Saddle 2: Position = [-0.87343325  0.5203198 ], Energy = -37.15776537369626

Computational statistics:
	Total energy calls: 9566
	Energy calls at each min: [1, 1058, 9566]
	Total force calls: 9566
	Force calls at each min: [1, 1058, 9566]
	Total steps: 10069
	Total Biases: 76

Verification against reference:
True minima found: 3/3

Verification against reference (saddles):
True saddles found: 0/2
Missed saddles at positions:
[0.21248658 0.29298833]
[-0.82200156  0.6243128 ]
Starting run 4116
Identified minimum at position [0.6234994  0.02803776] with unbiased energy -108.16672411685238
Identified minimum at position [-0.05071058  0.46698573] with unbiased energy -80.76772824646825
Identified minimum at position [-0.55822365  1.44172582] with unbiased energy -146.6995172099539
Simulation completed.


Energies of found minima:
Minimum 1: Position = [0.6234994  0.02803776], Energy = -108.16672411685238
Minimum 2: Position = [-0.05071058  0.46698573], Energy = -80.76772824646825
Minimum 3: Position = [-0.55822365  1.44172582], Energy = -146.6995172099539

Approximate saddle points between minima:
Saddle 1: Position = [0.22363928 0.29485662], Energy = -72.22591702486773
Saddle 2: Position = [-0.36838527  0.75875254], Energy = -27.40365775804922

Computational statistics:
	Total energy calls: 14091
	Energy calls at each min: [1, 3114, 14091]
	Total force calls: 14091
	Force calls at each min: [1, 3114, 14091]
	Total steps: 14805
	Total Biases: 112

Verification against reference:
True minima found: 3/3

Verification against reference (saddles):
True saddles found: 1/2
Missed saddles at positions:
[-0.82200156  0.6243128 ]
Starting run 4741
Identified minimum at position [0.6234994  0.02803776] with unbiased energy -108.16672411685238
Identified minimum at position [-0.05164385  0.46705939] with unbiased energy -80.76749154072097
Identified minimum at position [-0.55822362  1.44172586] with unbiased energy -146.69951720995394
Simulation completed.


Energies of found minima:
Minimum 1: Position = [0.6234994  0.02803776], Energy = -108.16672411685238
Minimum 2: Position = [-0.05164385  0.46705939], Energy = -80.76749154072097
Minimum 3: Position = [-0.55822362  1.44172586], Energy = -146.69951720995394

Approximate saddle points between minima:
Saddle 1: Position = [0.24825592 0.30045777], Energy = -71.98434881308219
Saddle 2: Position = [-0.14904838  0.07955066], Energy = -38.667490881189664

Computational statistics:
	Total energy calls: 11247
	Energy calls at each min: [1, 1303, 11247]
	Total force calls: 11247
	Force calls at each min: [1, 1303, 11247]
	Total steps: 11807
	Total Biases: 95

Verification against reference:
True minima found: 2/3
Missed minima at positions:
[-0.05001082  0.4666941 ]

Verification against reference (saddles):
True saddles found: 1/2
Missed saddles at positions:
[-0.82200156  0.6243128 ]
Starting run 1685
Identified minimum at position [0.6234994  0.02803776] with unbiased energy -108.16672411685238
Identified minimum at position [-0.05002197  0.46669649] with unbiased energy -80.76781811465212
Identified minimum at position [-0.55822362  1.44172586] with unbiased energy -146.69951720995388
Simulation completed.


Energies of found minima:
Minimum 1: Position = [0.6234994  0.02803776], Energy = -108.16672411685238
Minimum 2: Position = [-0.05002197  0.46669649], Energy = -80.76781811465212
Minimum 3: Position = [-0.55822362  1.44172586], Energy = -146.69951720995388

Approximate saddle points between minima:
Saddle 1: Position = [ 0.93075504 -0.02649027], Energy = -70.48618962201229
Saddle 2: Position = [-0.79295731  0.64181715], Energy = -40.455160922833535

Computational statistics:
	Total energy calls: 9028
	Energy calls at each min: [1, 2368, 9028]
	Total force calls: 9028
	Force calls at each min: [1, 2368, 9028]
	Total steps: 9490
	Total Biases: 74

Verification against reference:
True minima found: 3/3

Verification against reference (saddles):
True saddles found: 1/2
Missed saddles at positions:
[0.21248658 0.29298833]
