Starting run 4160
Identified minimum at position [0.6234994  0.02803776] with unbiased energy -108.1667241168524
Identified minimum at position [-0.05001259  0.46669447] with unbiased energy -80.76781812928496
Identified minimum at position [-0.55822365  1.44172582] with unbiased energy -146.69951720995388
Simulation completed.


Energies of found minima:
Minimum 1: Position = [0.6234994  0.02803776], Energy = -108.1667241168524
Minimum 2: Position = [-0.05001259  0.46669447], Energy = -80.76781812928496
Minimum 3: Position = [-0.55822365  1.44172582], Energy = -146.69951720995388

Approximate saddle points between minima:
Saddle 1: Position = [0.94176674 0.01144475], Energy = -71.25531840274218
Saddle 2: Position = [-0.59876579  0.71437663], Energy = -34.40748313881675

Computational statistics:
	Total energy calls: 9604
	Energy calls at each min: [1, 1512, 9604]
	Total force calls: 9604
	Force calls at each min: [1, 1512, 9604]
	Total steps: 10115
	Total Biases: 84

Verification against reference:
True minima found: 3/3

Verification against reference (saddles):
True saddles found: 0/2
Missed saddles at positions:
[0.21248658 0.29298833]
[-0.82200156  0.6243128 ]
Starting run 2993
Identified minimum at position [0.6234994  0.02803776] with unbiased energy -108.1667241168524
Identified minimum at position [-0.05001083  0.4666941 ] with unbiased energy -80.76781812965902
Identified minimum at position [-0.55822365  1.44172583] with unbiased energy -146.6995172099539
Simulation completed.


Energies of found minima:
Minimum 1: Position = [0.6234994  0.02803776], Energy = -108.1667241168524
Minimum 2: Position = [-0.05001083  0.4666941 ], Energy = -80.76781812965902
Minimum 3: Position = [-0.55822365  1.44172583], Energy = -146.6995172099539

Approximate saddle points between minima:
Saddle 1: Position = [0.97745833 0.04651093], Energy = -59.30902092010595
Saddle 2: Position = [-0.75524114  0.68000079], Energy = -39.01199605405367

Computational statistics:
	Total energy calls: 7274
	Energy calls at each min: [1, 2338, 7274]
	Total force calls: 7274
	Force calls at each min: [1, 2338, 7274]
	Total steps: 7667
	Total Biases: 65

Verification against reference:
True minima found: 3/3

Verification against reference (saddles):
True saddles found: 0/2
Missed saddles at positions:
[0.21248658 0.29298833]
[-0.82200156  0.6243128 ]
Starting run 4346
Identified minimum at position [0.6234994  0.02803776] with unbiased energy -108.1667241168524
Identified minimum at position [-0.05002305  0.46669694] with unbiased energy -80.76781811112791
Identified minimum at position [-0.55822363  1.44172585] with unbiased energy -146.69951720995402
Simulation completed.


Energies of found minima:
Minimum 1: Position = [0.6234994  0.02803776], Energy = -108.1667241168524
Minimum 2: Position = [-0.05002305  0.46669694], Energy = -80.76781811112791
Minimum 3: Position = [-0.55822363  1.44172585], Energy = -146.69951720995402

Approximate saddle points between minima:
Saddle 1: Position = [0.37572365 0.37986349], Energy = -62.89570739950353
Saddle 2: Position = [-0.69370988  0.31396448], Energy = -28.506587458843892

Computational statistics:
	Total energy calls: 5256
	Energy calls at each min: [1, 1348, 5256]
	Total force calls: 5256
	Force calls at each min: [1, 1348, 5256]
	Total steps: 5547
	Total Biases: 44

Verification against reference:
True minima found: 3/3

Verification against reference (saddles):
True saddles found: 0/2
Missed saddles at positions:
[0.21248658 0.29298833]
[-0.82200156  0.6243128 ]
Starting run 5054
Identified minimum at position [0.6234994  0.02803776] with unbiased energy -108.1667241168524
Identified minimum at position [-0.05009066  0.46671067] with unbiased energy -80.7678173662726
Identified minimum at position [-0.55822364  1.44172584] with unbiased energy -146.69951720995397
Simulation completed.


Energies of found minima:
Minimum 1: Position = [0.6234994  0.02803776], Energy = -108.1667241168524
Minimum 2: Position = [-0.05009066  0.46671067], Energy = -80.7678173662726
Minimum 3: Position = [-0.55822364  1.44172584], Energy = -146.69951720995397

Approximate saddle points between minima:
Saddle 1: Position = [0.14420324 0.26797237], Energy = -71.04261800283183
Saddle 2: Position = [-0.37838051  0.12683465], Energy = -22.795914245652817

Computational statistics:
	Total energy calls: 11092
	Energy calls at each min: [1, 1379, 11092]
	Total force calls: 11092
	Force calls at each min: [1, 1379, 11092]
	Total steps: 11671
	Total Biases: 90

Verification against reference:
True minima found: 3/3

Verification against reference (saddles):
True saddles found: 0/2
Missed saddles at positions:
[0.21248658 0.29298833]
[-0.82200156  0.6243128 ]
Starting run 1003
Identified minimum at position [0.6234994  0.02803776] with unbiased energy -108.1667241168524
Identified minimum at position [-0.05007099  0.46670453] with unbiased energy -80.76781771170394
Identified minimum at position [-0.55822365  1.44172583] with unbiased energy -146.69951720995397
Simulation completed.


Energies of found minima:
Minimum 1: Position = [0.6234994  0.02803776], Energy = -108.1667241168524
Minimum 2: Position = [-0.05007099  0.46670453], Energy = -80.76781771170394
Minimum 3: Position = [-0.55822365  1.44172583], Energy = -146.69951720995397

Approximate saddle points between minima:
Saddle 1: Position = [0.4989148  0.29476048], Energy = -62.116289117318665
Saddle 2: Position = [-0.8597023   0.48168564], Energy = -35.51553326054692

Computational statistics:
	Total energy calls: 5316
	Energy calls at each min: [1, 1841, 5316]
	Total force calls: 5316
	Force calls at each min: [1, 1841, 5316]
	Total steps: 5606
	Total Biases: 45

Verification against reference:
True minima found: 3/3

Verification against reference (saddles):
True saddles found: 0/2
Missed saddles at positions:
[0.21248658 0.29298833]
[-0.82200156  0.6243128 ]
Starting run 1979
Identified minimum at position [0.6234994  0.02803776] with unbiased energy -108.1667241168524
Identified minimum at position [-0.05001535  0.46669709] with unbiased energy -80.76781812276323
Identified minimum at position [-0.55822362  1.44172586] with unbiased energy -146.6995172099539
Simulation completed.


Energies of found minima:
Minimum 1: Position = [0.6234994  0.02803776], Energy = -108.1667241168524
Minimum 2: Position = [-0.05001535  0.46669709], Energy = -80.76781812276323
Minimum 3: Position = [-0.55822362  1.44172586], Energy = -146.6995172099539

Approximate saddle points between minima:
Saddle 1: Position = [0.23300303 0.29449047], Energy = -72.19020759434962
Saddle 2: Position = [-0.8515111   0.55482468], Energy = -39.32464740322544

Computational statistics:
	Total energy calls: 6623
	Energy calls at each min: [1, 1147, 6623]
	Total force calls: 6623
	Force calls at each min: [1, 1147, 6623]
	Total steps: 6972
	Total Biases: 55

Verification against reference:
True minima found: 3/3

Verification against reference (saddles):
True saddles found: 1/2
Missed saddles at positions:
[-0.82200156  0.6243128 ]
Starting run 3885
Identified minimum at position [0.6234994  0.02803776] with unbiased energy -108.1667241168524
Identified minimum at position [-0.55822365  1.44172583] with unbiased energy -146.6995172099539
Approximate Hessian has condition number >1e6 and cannot be reliably trusted; reverting to default behavior. 
Eigenvalues: [1.86301162e-03 9.82974668e+06]
Approximate Hessian has condition number >1e6 and cannot be reliably trusted; reverting to default behavior. 
Eigenvalues: [3.58468640e-03 4.65566516e+07]
Approximate Hessian has condition number >1e6 and cannot be reliably trusted; reverting to default behavior. 
Eigenvalues: [2.55313260e-03 3.04883184e+06]
Simulation completed.


Energies of found minima:
Minimum 1: Position = [0.6234994  0.02803776], Energy = -108.1667241168524
Minimum 2: Position = [-0.55822365  1.44172583], Energy = -146.6995172099539

Approximate saddle points between minima:
Saddle 1: Position = [-0.07829467 -0.04922942], Energy = -33.00929992536156

Computational statistics:
	Total energy calls: 637463
	Energy calls at each min: [1, 9631]
	Total force calls: 637463
	Force calls at each min: [1, 9631]
	Total steps: 670533
	Total Biases: 5000

Verification against reference:
True minima found: 2/3
Missed minima at positions:
[-0.05001082  0.4666941 ]

Verification against reference (saddles):
True saddles found: 0/2
Missed saddles at positions:
[0.21248658 0.29298833]
[-0.82200156  0.6243128 ]
Starting run 924
Identified minimum at position [0.6234994  0.02803776] with unbiased energy -108.1667241168524
Identified minimum at position [-0.05001476  0.4666952 ] with unbiased energy -80.76781812758045
Identified minimum at position [-0.55822365  1.44172582] with unbiased energy -146.69951720995385
Simulation completed.


Energies of found minima:
Minimum 1: Position = [0.6234994  0.02803776], Energy = -108.1667241168524
Minimum 2: Position = [-0.05001476  0.4666952 ], Energy = -80.76781812758045
Minimum 3: Position = [-0.55822365  1.44172582], Energy = -146.69951720995385

Approximate saddle points between minima:
Saddle 1: Position = [0.19145725 0.29113876], Energy = -72.18545663100292
Saddle 2: Position = [0.53254733 0.46620837], Energy = -34.72205226481632

Computational statistics:
	Total energy calls: 16176
	Energy calls at each min: [1, 2006, 16176]
	Total force calls: 16176
	Force calls at each min: [1, 2006, 16176]
	Total steps: 17003
	Total Biases: 130

Verification against reference:
True minima found: 3/3

Verification against reference (saddles):
True saddles found: 1/2
Missed saddles at positions:
[-0.82200156  0.6243128 ]
Starting run 2760
Identified minimum at position [0.6234994  0.02803776] with unbiased energy -108.1667241168524
Identified minimum at position [-0.05003396  0.46670169] with unbiased energy -80.76781805011481
Identified minimum at position [-0.55822364  1.44172584] with unbiased energy -146.699517209954
Simulation completed.


Energies of found minima:
Minimum 1: Position = [0.6234994  0.02803776], Energy = -108.1667241168524
Minimum 2: Position = [-0.05003396  0.46670169], Energy = -80.76781805011481
Minimum 3: Position = [-0.55822364  1.44172584], Energy = -146.699517209954

Approximate saddle points between minima:
Saddle 1: Position = [0.35887793 0.26893398], Energy = -72.11627089862499
Saddle 2: Position = [-0.52521462  0.28971471], Energy = -36.80222529412847

Computational statistics:
	Total energy calls: 5603
	Energy calls at each min: [1, 1118, 5603]
	Total force calls: 5603
	Force calls at each min: [1, 1118, 5603]
	Total steps: 5905
	Total Biases: 47

Verification against reference:
True minima found: 3/3

Verification against reference (saddles):
True saddles found: 0/2
Missed saddles at positions:
[0.21248658 0.29298833]
[-0.82200156  0.6243128 ]
Starting run 1153
Identified minimum at position [0.6234994  0.02803776] with unbiased energy -108.1667241168524
Identified minimum at position [-0.05010838  0.46671313] with unbiased energy -80.76781700661833
Identified minimum at position [-0.55822363  1.44172585] with unbiased energy -146.699517209954
Simulation completed.


Energies of found minima:
Minimum 1: Position = [0.6234994  0.02803776], Energy = -108.1667241168524
Minimum 2: Position = [-0.05010838  0.46671313], Energy = -80.76781700661833
Minimum 3: Position = [-0.55822363  1.44172585], Energy = -146.699517209954

Approximate saddle points between minima:
Saddle 1: Position = [0.24365204 0.28376437], Energy = -72.32818368716335
Saddle 2: Position = [-0.85236371  0.58150005], Energy = -39.960842126458815

Computational statistics:
	Total energy calls: 10165
	Energy calls at each min: [1, 2137, 10165]
	Total force calls: 10165
	Force calls at each min: [1, 2137, 10165]
	Total steps: 10686
	Total Biases: 89

Verification against reference:
True minima found: 3/3

Verification against reference (saddles):
True saddles found: 1/2
Missed saddles at positions:
[-0.82200156  0.6243128 ]
Starting run 562
Identified minimum at position [0.6234994  0.02803776] with unbiased energy -108.1667241168524
Identified minimum at position [-0.05001775  0.46669556] with unbiased energy -80.76781812388352
Identified minimum at position [-0.55822364  1.44172584] with unbiased energy -146.69951720995402
Simulation completed.


Energies of found minima:
Minimum 1: Position = [0.6234994  0.02803776], Energy = -108.1667241168524
Minimum 2: Position = [-0.05001775  0.46669556], Energy = -80.76781812388352
Minimum 3: Position = [-0.55822364  1.44172584], Energy = -146.69951720995402

Approximate saddle points between minima:
Saddle 1: Position = [0.14182402 0.06742685], Energy = -70.33719914528024
Saddle 2: Position = [-0.75291862  0.68414249], Energy = -38.82439374861377

Computational statistics:
	Total energy calls: 6429
	Energy calls at each min: [1, 1596, 6429]
	Total force calls: 6429
	Force calls at each min: [1, 1596, 6429]
	Total steps: 6766
	Total Biases: 54

Verification against reference:
True minima found: 3/3

Verification against reference (saddles):
True saddles found: 0/2
Missed saddles at positions:
[0.21248658 0.29298833]
[-0.82200156  0.6243128 ]
Starting run 3421
Identified minimum at position [0.6234994  0.02803776] with unbiased energy -108.1667241168524
Identified minimum at position [-0.05001117  0.46669417] with unbiased energy -80.76781812964529
Identified minimum at position [-0.55822365  1.44172583] with unbiased energy -146.69951720995394
Simulation completed.


Energies of found minima:
Minimum 1: Position = [0.6234994  0.02803776], Energy = -108.1667241168524
Minimum 2: Position = [-0.05001117  0.46669417], Energy = -80.76781812964529
Minimum 3: Position = [-0.55822365  1.44172583], Energy = -146.69951720995394

Approximate saddle points between minima:
Saddle 1: Position = [0.1819318  0.25640709], Energy = -71.85636549386389
Saddle 2: Position = [-0.48693474  0.27911564], Energy = -37.71451525098492

Computational statistics:
	Total energy calls: 4401
	Energy calls at each min: [1, 1273, 4401]
	Total force calls: 4401
	Force calls at each min: [1, 1273, 4401]
	Total steps: 4631
	Total Biases: 37

Verification against reference:
True minima found: 3/3

Verification against reference (saddles):
True saddles found: 1/2
Missed saddles at positions:
[-0.82200156  0.6243128 ]
Starting run 642
Identified minimum at position [0.6234994  0.02803776] with unbiased energy -108.1667241168524
Identified minimum at position [-0.05017901  0.46675774] with unbiased energy -80.7678134059838
Identified minimum at position [-0.55822364  1.44172584] with unbiased energy -146.699517209954
Simulation completed.


Energies of found minima:
Minimum 1: Position = [0.6234994  0.02803776], Energy = -108.1667241168524
Minimum 2: Position = [-0.05017901  0.46675774], Energy = -80.7678134059838
Minimum 3: Position = [-0.55822364  1.44172584], Energy = -146.699517209954

Approximate saddle points between minima:
Saddle 1: Position = [0.30897873 0.30155458], Energy = -70.81625904802311
Saddle 2: Position = [-0.82282434  0.59613593], Energy = -40.63454712832676

Computational statistics:
	Total energy calls: 8483
	Energy calls at each min: [1, 2530, 8483]
	Total force calls: 8483
	Force calls at each min: [1, 2530, 8483]
	Total steps: 8910
	Total Biases: 71

Verification against reference:
True minima found: 3/3

Verification against reference (saddles):
True saddles found: 1/2
Missed saddles at positions:
[0.21248658 0.29298833]
Starting run 158
Identified minimum at position [0.6234994  0.02803776] with unbiased energy -108.1667241168524
Identified minimum at position [-0.05130863  0.46704602] with unbiased energy -80.76759505076726
Identified minimum at position [-0.55822365  1.44172583] with unbiased energy -146.6995172099539
Simulation completed.


Energies of found minima:
Minimum 1: Position = [0.6234994  0.02803776], Energy = -108.1667241168524
Minimum 2: Position = [-0.05130863  0.46704602], Energy = -80.76759505076726
Minimum 3: Position = [-0.55822365  1.44172583], Energy = -146.6995172099539

Approximate saddle points between minima:
Saddle 1: Position = [0.20531802 0.31525818], Energy = -72.42379621645193
Saddle 2: Position = [-0.69825179  0.68699653], Energy = -37.77050539243314

Computational statistics:
	Total energy calls: 11156
	Energy calls at each min: [1, 1489, 11156]
	Total force calls: 11156
	Force calls at each min: [1, 1489, 11156]
	Total steps: 11724
	Total Biases: 85

Verification against reference:
True minima found: 2/3
Missed minima at positions:
[-0.05001082  0.4666941 ]

Verification against reference (saddles):
True saddles found: 1/2
Missed saddles at positions:
[-0.82200156  0.6243128 ]
Starting run 3155
Identified minimum at position [0.6234994  0.02803776] with unbiased energy -108.1667241168524
Identified minimum at position [-0.05002292  0.46669646] with unbiased energy -80.76781811241142
Identified minimum at position [-0.55822362  1.44172586] with unbiased energy -146.69951720995394
Simulation completed.


Energies of found minima:
Minimum 1: Position = [0.6234994  0.02803776], Energy = -108.1667241168524
Minimum 2: Position = [-0.05002292  0.46669646], Energy = -80.76781811241142
Minimum 3: Position = [-0.55822362  1.44172586], Energy = -146.69951720995394

Approximate saddle points between minima:
Saddle 1: Position = [0.28369064 0.32483073], Energy = -70.68345479369619
Saddle 2: Position = [-0.80823059  0.64480314], Energy = -40.52628947535662

Computational statistics:
	Total energy calls: 5129
	Energy calls at each min: [1, 2025, 5129]
	Total force calls: 5129
	Force calls at each min: [1, 2025, 5129]
	Total steps: 5405
	Total Biases: 44

Verification against reference:
True minima found: 3/3

Verification against reference (saddles):
True saddles found: 1/2
Missed saddles at positions:
[0.21248658 0.29298833]
Starting run 2659
Identified minimum at position [0.6234994  0.02803776] with unbiased energy -108.1667241168524
Identified minimum at position [-0.05025541  0.46675338] with unbiased energy -80.76781059546579
Identified minimum at position [-0.55822365  1.44172582] with unbiased energy -146.69951720995388
Simulation completed.


Energies of found minima:
Minimum 1: Position = [0.6234994  0.02803776], Energy = -108.1667241168524
Minimum 2: Position = [-0.05025541  0.46675338], Energy = -80.76781059546579
Minimum 3: Position = [-0.55822365  1.44172582], Energy = -146.69951720995388

Approximate saddle points between minima:
Saddle 1: Position = [ 0.94847093 -0.04916341], Energy = -61.11569654796941
Saddle 2: Position = [-0.81864992  0.60143303], Energy = -40.703549781725165

Computational statistics:
	Total energy calls: 2332
	Energy calls at each min: [1, 1635, 2332]
	Total force calls: 2332
	Force calls at each min: [1, 1635, 2332]
	Total steps: 2455
	Total Biases: 22

Verification against reference:
True minima found: 3/3

Verification against reference (saddles):
True saddles found: 1/2
Missed saddles at positions:
[0.21248658 0.29298833]
Starting run 4995
Identified minimum at position [0.6234994  0.02803776] with unbiased energy -108.1667241168524
Identified minimum at position [-0.05039572  0.46680146] with unbiased energy -80.76779822856565
Identified minimum at position [-0.55822366  1.44172582] with unbiased energy -146.69951720995383
Simulation completed.


Energies of found minima:
Minimum 1: Position = [0.6234994  0.02803776], Energy = -108.1667241168524
Minimum 2: Position = [-0.05039572  0.46680146], Energy = -80.76779822856565
Minimum 3: Position = [-0.55822366  1.44172582], Energy = -146.69951720995383

Approximate saddle points between minima:
Saddle 1: Position = [0.14501806 0.20476815], Energy = -70.40890068232876
Saddle 2: Position = [-0.13925869  0.04884375], Energy = -37.10271272698161

Computational statistics:
	Total energy calls: 10950
	Energy calls at each min: [1, 1389, 10950]
	Total force calls: 10950
	Force calls at each min: [1, 1389, 10950]
	Total steps: 11503
	Total Biases: 93

Verification against reference:
True minima found: 3/3

Verification against reference (saddles):
True saddles found: 0/2
Missed saddles at positions:
[0.21248658 0.29298833]
[-0.82200156  0.6243128 ]
Starting run 2241
Identified minimum at position [0.6234994  0.02803776] with unbiased energy -108.1667241168524
Identified minimum at position [-0.05004214  0.46670127] with unbiased energy -80.76781800875362
Identified minimum at position [-0.55822365  1.44172583] with unbiased energy -146.6995172099539
Simulation completed.


Energies of found minima:
Minimum 1: Position = [0.6234994  0.02803776], Energy = -108.1667241168524
Minimum 2: Position = [-0.05004214  0.46670127], Energy = -80.76781800875362
Minimum 3: Position = [-0.55822365  1.44172583], Energy = -146.6995172099539

Approximate saddle points between minima:
Saddle 1: Position = [0.94874923 0.04421351], Energy = -67.97744015047601
Saddle 2: Position = [-0.84992142  0.55786481], Energy = -39.45678283885226

Computational statistics:
	Total energy calls: 3573
	Energy calls at each min: [1, 1811, 3573]
	Total force calls: 3573
	Force calls at each min: [1, 1811, 3573]
	Total steps: 3762
	Total Biases: 31

Verification against reference:
True minima found: 3/3

Verification against reference (saddles):
True saddles found: 0/2
Missed saddles at positions:
[0.21248658 0.29298833]
[-0.82200156  0.6243128 ]
Starting run 1547
Identified minimum at position [0.6234994  0.02803776] with unbiased energy -108.1667241168524
Identified minimum at position [-0.05007379  0.46671453] with unbiased energy -80.76781754516796
Identified minimum at position [-0.55822363  1.44172584] with unbiased energy -146.699517209954
Simulation completed.


Energies of found minima:
Minimum 1: Position = [0.6234994  0.02803776], Energy = -108.1667241168524
Minimum 2: Position = [-0.05007379  0.46671453], Energy = -80.76781754516796
Minimum 3: Position = [-0.55822363  1.44172584], Energy = -146.699517209954

Approximate saddle points between minima:
Saddle 1: Position = [0.26619005 0.32994449], Energy = -71.1411078437161
Saddle 2: Position = [-0.74516143  0.69606717], Energy = -38.22555279227446

Computational statistics:
	Total energy calls: 5841
	Energy calls at each min: [1, 1539, 5841]
	Total force calls: 5841
	Force calls at each min: [1, 1539, 5841]
	Total steps: 6139
	Total Biases: 51

Verification against reference:
True minima found: 3/3

Verification against reference (saddles):
True saddles found: 0/2
Missed saddles at positions:
[0.21248658 0.29298833]
[-0.82200156  0.6243128 ]
Starting run 1232
Identified minimum at position [0.6234994  0.02803776] with unbiased energy -108.1667241168524
Identified minimum at position [-0.05001318  0.46669461] with unbiased energy -80.76781812898639
Identified minimum at position [-0.55822362  1.44172586] with unbiased energy -146.6995172099539
Simulation completed.


Energies of found minima:
Minimum 1: Position = [0.6234994  0.02803776], Energy = -108.1667241168524
Minimum 2: Position = [-0.05001318  0.46669461], Energy = -80.76781812898639
Minimum 3: Position = [-0.55822362  1.44172586], Energy = -146.6995172099539

Approximate saddle points between minima:
Saddle 1: Position = [0.3014587  0.30529707], Energy = -70.83664510632762
Saddle 2: Position = [-0.84329371  0.61441081], Energy = -40.589314995647584

Computational statistics:
	Total energy calls: 3764
	Energy calls at each min: [1, 2092, 3764]
	Total force calls: 3764
	Force calls at each min: [1, 2092, 3764]
	Total steps: 3971
	Total Biases: 33

Verification against reference:
True minima found: 3/3

Verification against reference (saddles):
True saddles found: 1/2
Missed saddles at positions:
[0.21248658 0.29298833]
Starting run 3603
Identified minimum at position [0.6234994  0.02803776] with unbiased energy -108.1667241168524
Approximate Hessian has condition number >1e6 and cannot be reliably trusted; reverting to default behavior. 
Eigenvalues: [2.82694621e-03 1.03773268e+07]
Identified minimum at position [-0.05102906  0.46698083] with unbiased energy -80.7676780915863
Identified minimum at position [-0.55822365  1.44172583] with unbiased energy -146.69951720995388
Simulation completed.


Energies of found minima:
Minimum 1: Position = [0.6234994  0.02803776], Energy = -108.1667241168524
Minimum 2: Position = [-0.05102906  0.46698083], Energy = -80.7676780915863
Minimum 3: Position = [-0.55822365  1.44172583], Energy = -146.69951720995388

Approximate saddle points between minima:
Saddle 1: Position = [0.14841183 0.06443906], Energy = -71.00697374761651
Saddle 2: Position = [-0.85493251  0.6042727 ], Energy = -40.39179282908117

Computational statistics:
	Total energy calls: 3988
	Energy calls at each min: [1, 3098, 3988]
	Total force calls: 3988
	Force calls at each min: [1, 3098, 3988]
	Total steps: 4185
	Total Biases: 34

Verification against reference:
True minima found: 2/3
Missed minima at positions:
[-0.05001082  0.4666941 ]

Verification against reference (saddles):
True saddles found: 1/2
Missed saddles at positions:
[0.21248658 0.29298833]
Starting run 4937
Identified minimum at position [0.6234994  0.02803776] with unbiased energy -108.1667241168524
Identified minimum at position [-0.05001464  0.46669484] with unbiased energy -80.76781812794312
Identified minimum at position [-0.55822365  1.44172582] with unbiased energy -146.69951720995385
Simulation completed.


Energies of found minima:
Minimum 1: Position = [0.6234994  0.02803776], Energy = -108.1667241168524
Minimum 2: Position = [-0.05001464  0.46669484], Energy = -80.76781812794312
Minimum 3: Position = [-0.55822365  1.44172582], Energy = -146.69951720995385

Approximate saddle points between minima:
Saddle 1: Position = [0.14269004 0.21838476], Energy = -70.28313394064779
Saddle 2: Position = [-0.81462886  0.49365886], Energy = -38.77329370465863

Computational statistics:
	Total energy calls: 6507
	Energy calls at each min: [1, 1440, 6507]
	Total force calls: 6507
	Force calls at each min: [1, 1440, 6507]
	Total steps: 6852
	Total Biases: 55

Verification against reference:
True minima found: 3/3

Verification against reference (saddles):
True saddles found: 0/2
Missed saddles at positions:
[0.21248658 0.29298833]
[-0.82200156  0.6243128 ]
Starting run 4941
Identified minimum at position [0.6234994  0.02803776] with unbiased energy -108.1667241168524
Identified minimum at position [-0.05068176  0.46686227] with unbiased energy -80.76776064680513
Identified minimum at position [-0.55822365  1.44172582] with unbiased energy -146.69951720995388
Simulation completed.


Energies of found minima:
Minimum 1: Position = [0.6234994  0.02803776], Energy = -108.1667241168524
Minimum 2: Position = [-0.05068176  0.46686227], Energy = -80.76776064680513
Minimum 3: Position = [-0.55822365  1.44172582], Energy = -146.69951720995388

Approximate saddle points between minima:
Saddle 1: Position = [0.18525342 0.24473993], Energy = -71.99730003764361
Saddle 2: Position = [-0.79739977  0.64904864], Energy = -40.37765310860124

Computational statistics:
	Total energy calls: 5346
	Energy calls at each min: [1, 510, 5346]
	Total force calls: 5346
	Force calls at each min: [1, 510, 5346]
	Total steps: 5631
	Total Biases: 48

Verification against reference:
True minima found: 3/3

Verification against reference (saddles):
True saddles found: 1/2
Missed saddles at positions:
[0.21248658 0.29298833]
Starting run 598
Identified minimum at position [0.6234994  0.02803776] with unbiased energy -108.1667241168524
Identified minimum at position [-0.05001388  0.46669472] with unbiased energy -80.76781812854679
Approximate Hessian has condition number >1e6 and cannot be reliably trusted; reverting to default behavior. 
Eigenvalues: [9.77044168e-04 5.74959561e+06]
Approximate Hessian has condition number >1e6 and cannot be reliably trusted; reverting to default behavior. 
Eigenvalues: [2.56287353e-03 7.89641026e+06]
Identified minimum at position [-0.55822365  1.44172583] with unbiased energy -146.69951720995388
Simulation completed.


Energies of found minima:
Minimum 1: Position = [0.6234994  0.02803776], Energy = -108.1667241168524
Minimum 2: Position = [-0.05001388  0.46669472], Energy = -80.76781812854679
Minimum 3: Position = [-0.55822365  1.44172583], Energy = -146.69951720995388

Approximate saddle points between minima:
Saddle 1: Position = [0.22637354 0.29906962], Energy = -72.19158791669625
Saddle 2: Position = [-0.25598324 -0.0448849 ], Energy = -15.519106950025336

Computational statistics:
	Total energy calls: 10489
	Energy calls at each min: [1, 866, 10489]
	Total force calls: 10489
	Force calls at each min: [1, 866, 10489]
	Total steps: 11034
	Total Biases: 84

Verification against reference:
True minima found: 3/3

Verification against reference (saddles):
True saddles found: 1/2
Missed saddles at positions:
[-0.82200156  0.6243128 ]
Starting run 2597
Identified minimum at position [0.6234994  0.02803776] with unbiased energy -108.1667241168524
Identified minimum at position [-0.05009062  0.46671356] with unbiased energy -80.76781732585425
Identified minimum at position [-0.55822361  1.44172586] with unbiased energy -146.69951720995385
Simulation completed.


Energies of found minima:
Minimum 1: Position = [0.6234994  0.02803776], Energy = -108.1667241168524
Minimum 2: Position = [-0.05009062  0.46671356], Energy = -80.76781732585425
Minimum 3: Position = [-0.55822361  1.44172586], Energy = -146.69951720995385

Approximate saddle points between minima:
Saddle 1: Position = [0.18161831 0.28656777], Energy = -72.05913899227659
Saddle 2: Position = [-0.79128955  0.6298617 ], Energy = -40.67033165875882

Computational statistics:
	Total energy calls: 5150
	Energy calls at each min: [1, 1059, 5150]
	Total force calls: 5150
	Force calls at each min: [1, 1059, 5150]
	Total steps: 5417
	Total Biases: 45

Verification against reference:
True minima found: 3/3

Verification against reference (saddles):
True saddles found: 2/2
Starting run 2826
Identified minimum at position [0.6234994  0.02803776] with unbiased energy -108.1667241168524
Identified minimum at position [-0.0501332   0.46672737] with unbiased energy -80.76781614475053
Identified minimum at position [-0.55822365  1.44172582] with unbiased energy -146.69951720995383
Simulation completed.


Energies of found minima:
Minimum 1: Position = [0.6234994  0.02803776], Energy = -108.1667241168524
Minimum 2: Position = [-0.0501332   0.46672737], Energy = -80.76781614475053
Minimum 3: Position = [-0.55822365  1.44172582], Energy = -146.69951720995383

Approximate saddle points between minima:
Saddle 1: Position = [0.19892554 0.27055443], Energy = -72.17781336274328
Saddle 2: Position = [-0.830016    0.59550178], Energy = -40.51975615918869

Computational statistics:
	Total energy calls: 10775
	Energy calls at each min: [1, 1945, 10775]
	Total force calls: 10775
	Force calls at each min: [1, 1945, 10775]
	Total steps: 11326
	Total Biases: 87

Verification against reference:
True minima found: 3/3

Verification against reference (saddles):
True saddles found: 2/2
