Starting run 2816
Identified minimum at position [0.6234994  0.02803776] with unbiased energy -108.1667241168524
Identified minimum at position [-0.05002623  0.46669787] with unbiased energy -80.76781809967187
Identified minimum at position [-0.55822363  1.44172585] with unbiased energy -146.69951720995402
Simulation completed.


Energies of found minima:
Minimum 1: Position = [0.6234994  0.02803776], Energy = -108.1667241168524
Minimum 2: Position = [-0.05002623  0.46669787], Energy = -80.76781809967187
Minimum 3: Position = [-0.55822363  1.44172585], Energy = -146.69951720995402

Approximate saddle points between minima:
Saddle 1: Position = [0.15188002 0.21118451], Energy = -70.77125075526448
Saddle 2: Position = [-0.83598095  0.57035285], Energy = -40.116102270386655

Computational statistics:
	Total energy calls: 9057
	Energy calls at each min: [1, 2202, 9057]
	Total force calls: 9057
	Force calls at each min: [1, 2202, 9057]
	Total steps: 9521
	Total Biases: 76

Verification against reference:
True minima found: 3/3

Verification against reference (saddles):
True saddles found: 0/2
Missed saddles at positions:
[0.21248658 0.29298833]
[-0.82200156  0.6243128 ]
Starting run 1553
Identified minimum at position [0.6234994  0.02803776] with unbiased energy -108.1667241168524
Identified minimum at position [-0.05240345  0.46717929] with unbiased energy -80.76713618338457
Identified minimum at position [-0.55822364  1.44172584] with unbiased energy -146.699517209954
Simulation completed.


Energies of found minima:
Minimum 1: Position = [0.6234994  0.02803776], Energy = -108.1667241168524
Minimum 2: Position = [-0.05240345  0.46717929], Energy = -80.76713618338457
Minimum 3: Position = [-0.55822364  1.44172584], Energy = -146.699517209954

Approximate saddle points between minima:
Saddle 1: Position = [0.96971494 0.08268935], Energy = -55.23946725254538
Saddle 2: Position = [ 1.0388839  -0.04292553], Energy = -33.23336970157035

Computational statistics:
	Total energy calls: 16566
	Energy calls at each min: [1, 4483, 16566]
	Total force calls: 16566
	Force calls at each min: [1, 4483, 16566]
	Total steps: 17429
	Total Biases: 137

Verification against reference:
True minima found: 2/3
Missed minima at positions:
[-0.05001082  0.4666941 ]

Verification against reference (saddles):
True saddles found: 0/2
Missed saddles at positions:
[0.21248658 0.29298833]
[-0.82200156  0.6243128 ]
Starting run 2534
Identified minimum at position [0.6234994  0.02803776] with unbiased energy -108.1667241168524
Identified minimum at position [-0.05043734  0.46680886] with unbiased energy -80.76779413772157
Identified minimum at position [-0.55822361  1.44172587] with unbiased energy -146.69951720995377
Simulation completed.


Energies of found minima:
Minimum 1: Position = [0.6234994  0.02803776], Energy = -108.1667241168524
Minimum 2: Position = [-0.05043734  0.46680886], Energy = -80.76779413772157
Minimum 3: Position = [-0.55822361  1.44172587], Energy = -146.69951720995377

Approximate saddle points between minima:
Saddle 1: Position = [0.1577727  0.28169025], Energy = -71.66274046394406
Saddle 2: Position = [-0.20921471 -0.00560346], Energy = -24.48817790757302

Computational statistics:
	Total energy calls: 5389
	Energy calls at each min: [1, 997, 5389]
	Total force calls: 5389
	Force calls at each min: [1, 997, 5389]
	Total steps: 5668
	Total Biases: 44

Verification against reference:
True minima found: 3/3

Verification against reference (saddles):
True saddles found: 0/2
Missed saddles at positions:
[0.21248658 0.29298833]
[-0.82200156  0.6243128 ]
Starting run 156
Identified minimum at position [0.6234994  0.02803776] with unbiased energy -108.1667241168524
Identified minimum at position [-0.05001181  0.46669441] with unbiased energy -80.7678181295204
Identified minimum at position [-0.55822363  1.44172584] with unbiased energy -146.69951720995397
Simulation completed.


Energies of found minima:
Minimum 1: Position = [0.6234994  0.02803776], Energy = -108.1667241168524
Minimum 2: Position = [-0.05001181  0.46669441], Energy = -80.7678181295204
Minimum 3: Position = [-0.55822363  1.44172584], Energy = -146.69951720995397

Approximate saddle points between minima:
Saddle 1: Position = [0.18107228 0.28612546], Energy = -72.04784758517559
Saddle 2: Position = [-0.82358694  0.61001123], Energy = -40.650927110347475

Computational statistics:
	Total energy calls: 8733
	Energy calls at each min: [1, 1769, 8733]
	Total force calls: 8733
	Force calls at each min: [1, 1769, 8733]
	Total steps: 9180
	Total Biases: 70

Verification against reference:
True minima found: 3/3

Verification against reference (saddles):
True saddles found: 2/2
Starting run 2202
Identified minimum at position [0.6234994  0.02803776] with unbiased energy -108.1667241168524
Identified minimum at position [-0.05001164  0.4666943 ] with unbiased energy -80.76781812957486
Identified minimum at position [-0.55822365  1.44172583] with unbiased energy -146.6995172099539
Simulation completed.


Energies of found minima:
Minimum 1: Position = [0.6234994  0.02803776], Energy = -108.1667241168524
Minimum 2: Position = [-0.05001164  0.4666943 ], Energy = -80.76781812957486
Minimum 3: Position = [-0.55822365  1.44172583], Energy = -146.6995172099539

Approximate saddle points between minima:
Saddle 1: Position = [0.3344107  0.28230902], Energy = -71.43073738914866
Saddle 2: Position = [-0.65062853  0.31636908], Energy = -32.04295464921589

Computational statistics:
	Total energy calls: 18787
	Energy calls at each min: [1, 2193, 18787]
	Total force calls: 18787
	Force calls at each min: [1, 2193, 18787]
	Total steps: 19755
	Total Biases: 145

Verification against reference:
True minima found: 3/3

Verification against reference (saddles):
True saddles found: 0/2
Missed saddles at positions:
[0.21248658 0.29298833]
[-0.82200156  0.6243128 ]
Starting run 1116
Identified minimum at position [0.6234994  0.02803776] with unbiased energy -108.1667241168524
Identified minimum at position [-0.05002703  0.46669905] with unbiased energy -80.76781809247213
Identified minimum at position [-0.55822366  1.44172582] with unbiased energy -146.69951720995385
Simulation completed.


Energies of found minima:
Minimum 1: Position = [0.6234994  0.02803776], Energy = -108.1667241168524
Minimum 2: Position = [-0.05002703  0.46669905], Energy = -80.76781809247213
Minimum 3: Position = [-0.55822366  1.44172582], Energy = -146.69951720995385

Approximate saddle points between minima:
Saddle 1: Position = [0.23363451 0.28946992], Energy = -72.24729948130067
Saddle 2: Position = [-0.4154014   0.24885464], Energy = -37.57747496946767

Computational statistics:
	Total energy calls: 8573
	Energy calls at each min: [1, 1162, 8573]
	Total force calls: 8573
	Force calls at each min: [1, 1162, 8573]
	Total steps: 9032
	Total Biases: 70

Verification against reference:
True minima found: 3/3

Verification against reference (saddles):
True saddles found: 1/2
Missed saddles at positions:
[-0.82200156  0.6243128 ]
Starting run 964
Identified minimum at position [0.6234994  0.02803776] with unbiased energy -108.1667241168524
Identified minimum at position [-0.05003298  0.46669984] with unbiased energy -80.76781806613043
Identified minimum at position [-0.55822365  1.44172583] with unbiased energy -146.6995172099539
Simulation completed.


Energies of found minima:
Minimum 1: Position = [0.6234994  0.02803776], Energy = -108.1667241168524
Minimum 2: Position = [-0.05003298  0.46669984], Energy = -80.76781806613043
Minimum 3: Position = [-0.55822365  1.44172583], Energy = -146.6995172099539

Approximate saddle points between minima:
Saddle 1: Position = [0.16837153 0.2252004 ], Energy = -71.50381835642287
Saddle 2: Position = [-0.49781256  0.79558488], Energy = -21.93228577758829

Computational statistics:
	Total energy calls: 8506
	Energy calls at each min: [1, 1282, 8506]
	Total force calls: 8506
	Force calls at each min: [1, 1282, 8506]
	Total steps: 8955
	Total Biases: 69

Verification against reference:
True minima found: 3/3

Verification against reference (saddles):
True saddles found: 0/2
Missed saddles at positions:
[0.21248658 0.29298833]
[-0.82200156  0.6243128 ]
Starting run 4572
Identified minimum at position [0.6234994  0.02803776] with unbiased energy -108.1667241168524
Identified minimum at position [-0.05013242  0.46672003] with unbiased energy -80.76781634553977
Identified minimum at position [-0.55822362  1.44172586] with unbiased energy -146.6995172099539
Simulation completed.


Energies of found minima:
Minimum 1: Position = [0.6234994  0.02803776], Energy = -108.1667241168524
Minimum 2: Position = [-0.05013242  0.46672003], Energy = -80.76781634553977
Minimum 3: Position = [-0.55822362  1.44172586], Energy = -146.6995172099539

Approximate saddle points between minima:
Saddle 1: Position = [0.18613209 0.26264459], Energy = -71.95536357709884
Saddle 2: Position = [-0.75997159  0.43207002], Energy = -38.35743665863971

Computational statistics:
	Total energy calls: 7291
	Energy calls at each min: [1, 909, 7291]
	Total force calls: 7291
	Force calls at each min: [1, 909, 7291]
	Total steps: 7681
	Total Biases: 60

Verification against reference:
True minima found: 3/3

Verification against reference (saddles):
True saddles found: 1/2
Missed saddles at positions:
[-0.82200156  0.6243128 ]
Starting run 3606
Identified minimum at position [0.6234994  0.02803776] with unbiased energy -108.1667241168524
Identified minimum at position [-0.05009542  0.46671973] with unbiased energy -80.76781712157565
Identified minimum at position [-0.55822364  1.44172584] with unbiased energy -146.699517209954
Simulation completed.


Energies of found minima:
Minimum 1: Position = [0.6234994  0.02803776], Energy = -108.1667241168524
Minimum 2: Position = [-0.05009542  0.46671973], Energy = -80.76781712157565
Minimum 3: Position = [-0.55822364  1.44172584], Energy = -146.699517209954

Approximate saddle points between minima:
Saddle 1: Position = [0.24800181 0.29909963], Energy = -72.00968919810455
Saddle 2: Position = [0.4396491  0.58791672], Energy = -30.411477087845697

Computational statistics:
	Total energy calls: 16445
	Energy calls at each min: [1, 1215, 16445]
	Total force calls: 16445
	Force calls at each min: [1, 1215, 16445]
	Total steps: 17281
	Total Biases: 130

Verification against reference:
True minima found: 3/3

Verification against reference (saddles):
True saddles found: 1/2
Missed saddles at positions:
[-0.82200156  0.6243128 ]
Starting run 2793
Identified minimum at position [0.6234994  0.02803776] with unbiased energy -108.1667241168524
Identified minimum at position [-0.05013788  0.46671946] with unbiased energy -80.76781621476994
Approximate Hessian has condition number >1e6 and cannot be reliably trusted; reverting to default behavior. 
Eigenvalues: [1.29622966e-03 6.96337904e+05]
Identified minimum at position [-0.55822363  1.44172585] with unbiased energy -146.699517209954
Simulation completed.


Energies of found minima:
Minimum 1: Position = [0.6234994  0.02803776], Energy = -108.1667241168524
Minimum 2: Position = [-0.05013788  0.46671946], Energy = -80.76781621476994
Minimum 3: Position = [-0.55822363  1.44172585], Energy = -146.699517209954

Approximate saddle points between minima:
Saddle 1: Position = [0.38893895 0.29788643], Energy = -68.28969813884052
Saddle 2: Position = [-0.19558879 -0.02052683], Energy = -24.206092607504754

Computational statistics:
	Total energy calls: 6742
	Energy calls at each min: [1, 2154, 6742]
	Total force calls: 6742
	Force calls at each min: [1, 2154, 6742]
	Total steps: 7110
	Total Biases: 58

Verification against reference:
True minima found: 3/3

Verification against reference (saddles):
True saddles found: 0/2
Missed saddles at positions:
[0.21248658 0.29298833]
[-0.82200156  0.6243128 ]
Starting run 931
Identified minimum at position [0.6234994  0.02803776] with unbiased energy -108.1667241168524
Identified minimum at position [-0.05001512  0.46669545] with unbiased energy -80.76781812700159
Identified minimum at position [-0.55822365  1.44172582] with unbiased energy -146.69951720995383
Simulation completed.


Energies of found minima:
Minimum 1: Position = [0.6234994  0.02803776], Energy = -108.1667241168524
Minimum 2: Position = [-0.05001512  0.46669545], Energy = -80.76781812700159
Minimum 3: Position = [-0.55822365  1.44172582], Energy = -146.69951720995383

Approximate saddle points between minima:
Saddle 1: Position = [0.15256971 0.28495317], Energy = -71.6661690073855
Saddle 2: Position = [ 1.04596655 -0.00874111], Energy = -35.90419503104036

Computational statistics:
	Total energy calls: 10030
	Energy calls at each min: [1, 1539, 10030]
	Total force calls: 10030
	Force calls at each min: [1, 1539, 10030]
	Total steps: 10554
	Total Biases: 85

Verification against reference:
True minima found: 3/3

Verification against reference (saddles):
True saddles found: 0/2
Missed saddles at positions:
[0.21248658 0.29298833]
[-0.82200156  0.6243128 ]
Starting run 4857
Identified minimum at position [0.6234994  0.02803776] with unbiased energy -108.1667241168524
Identified minimum at position [-0.05001089  0.46669412] with unbiased energy -80.76781812965847
Identified minimum at position [-0.55822362  1.44172586] with unbiased energy -146.69951720995388
Simulation completed.


Energies of found minima:
Minimum 1: Position = [0.6234994  0.02803776], Energy = -108.1667241168524
Minimum 2: Position = [-0.05001089  0.46669412], Energy = -80.76781812965847
Minimum 3: Position = [-0.55822362  1.44172586], Energy = -146.69951720995388

Approximate saddle points between minima:
Saddle 1: Position = [0.33757934 0.30192951], Energy = -69.94676006345267
Saddle 2: Position = [-0.79489601  0.64281144], Energy = -40.44809001958832

Computational statistics:
	Total energy calls: 5766
	Energy calls at each min: [1, 1517, 5766]
	Total force calls: 5766
	Force calls at each min: [1, 1517, 5766]
	Total steps: 6083
	Total Biases: 49

Verification against reference:
True minima found: 3/3

Verification against reference (saddles):
True saddles found: 1/2
Missed saddles at positions:
[0.21248658 0.29298833]
Starting run 4330
Identified minimum at position [0.6234994  0.02803776] with unbiased energy -108.1667241168524
Identified minimum at position [-0.0522186   0.46715329] with unbiased energy -80.76723371865518
Identified minimum at position [-0.55822365  1.44172582] with unbiased energy -146.69951720995383
Simulation completed.


Energies of found minima:
Minimum 1: Position = [0.6234994  0.02803776], Energy = -108.1667241168524
Minimum 2: Position = [-0.0522186   0.46715329], Energy = -80.76723371865518
Minimum 3: Position = [-0.55822365  1.44172582], Energy = -146.69951720995383

Approximate saddle points between minima:
Saddle 1: Position = [ 0.21301805 -0.09456918], Energy = -57.41710705451631
Saddle 2: Position = [-0.41459996  0.78531504], Energy = -22.099208282784915

Computational statistics:
	Total energy calls: 9578
	Energy calls at each min: [1, 2256, 9578]
	Total force calls: 9578
	Force calls at each min: [1, 2256, 9578]
	Total steps: 10090
	Total Biases: 78

Verification against reference:
True minima found: 2/3
Missed minima at positions:
[-0.05001082  0.4666941 ]

Verification against reference (saddles):
True saddles found: 0/2
Missed saddles at positions:
[0.21248658 0.29298833]
[-0.82200156  0.6243128 ]
Starting run 1649
Identified minimum at position [0.6234994  0.02803776] with unbiased energy -108.1667241168524
Identified minimum at position [-0.05001753  0.46669526] with unbiased energy -80.76781812447963
Identified minimum at position [-0.55822366  1.44172582] with unbiased energy -146.69951720995383
Simulation completed.


Energies of found minima:
Minimum 1: Position = [0.6234994  0.02803776], Energy = -108.1667241168524
Minimum 2: Position = [-0.05001753  0.46669526], Energy = -80.76781812447963
Minimum 3: Position = [-0.55822366  1.44172582], Energy = -146.69951720995383

Approximate saddle points between minima:
Saddle 1: Position = [ 0.99418197 -0.01272431], Energy = -54.242103060645235
Saddle 2: Position = [-0.88921149  0.59796547], Energy = -40.1097837533877

Computational statistics:
	Total energy calls: 6322
	Energy calls at each min: [1, 1884, 6322]
	Total force calls: 6322
	Force calls at each min: [1, 1884, 6322]
	Total steps: 6668
	Total Biases: 53

Verification against reference:
True minima found: 3/3

Verification against reference (saddles):
True saddles found: 0/2
Missed saddles at positions:
[0.21248658 0.29298833]
[-0.82200156  0.6243128 ]
Starting run 112
Identified minimum at position [0.6234994  0.02803776] with unbiased energy -108.1667241168524
Identified minimum at position [-0.05004355  0.46669996] with unbiased energy -80.76781800539352
Approximate Hessian has condition number >1e6 and cannot be reliably trusted; reverting to default behavior. 
Eigenvalues: [6.87653883e-04 8.79241502e+05]
Identified minimum at position [-0.55822365  1.44172583] with unbiased energy -146.6995172099539
Simulation completed.


Energies of found minima:
Minimum 1: Position = [0.6234994  0.02803776], Energy = -108.1667241168524
Minimum 2: Position = [-0.05004355  0.46669996], Energy = -80.76781800539352
Minimum 3: Position = [-0.55822365  1.44172583], Energy = -146.6995172099539

Approximate saddle points between minima:
Saddle 1: Position = [0.53964115 0.27010987], Energy = -63.73638351689182
Saddle 2: Position = [-0.17290362 -0.04312794], Energy = -23.77612957316897

Computational statistics:
	Total energy calls: 11075
	Energy calls at each min: [1, 2056, 11075]
	Total force calls: 11075
	Force calls at each min: [1, 2056, 11075]
	Total steps: 11681
	Total Biases: 91

Verification against reference:
True minima found: 3/3

Verification against reference (saddles):
True saddles found: 0/2
Missed saddles at positions:
[0.21248658 0.29298833]
[-0.82200156  0.6243128 ]
Starting run 899
Identified minimum at position [0.6234994  0.02803776] with unbiased energy -108.1667241168524
Identified minimum at position [-0.0502882   0.46678622] with unbiased energy -80.76780658899926
Identified minimum at position [-0.55822362  1.44172586] with unbiased energy -146.69951720995397
Simulation completed.


Energies of found minima:
Minimum 1: Position = [0.6234994  0.02803776], Energy = -108.1667241168524
Minimum 2: Position = [-0.0502882   0.46678622], Energy = -80.76780658899926
Minimum 3: Position = [-0.55822362  1.44172586], Energy = -146.69951720995397

Approximate saddle points between minima:
Saddle 1: Position = [0.27866025 0.33250966], Energy = -70.67540552248724
Saddle 2: Position = [-0.83359033  0.59824595], Energy = -40.49107149486862

Computational statistics:
	Total energy calls: 8439
	Energy calls at each min: [1, 1366, 8439]
	Total force calls: 8439
	Force calls at each min: [1, 1366, 8439]
	Total steps: 8868
	Total Biases: 73

Verification against reference:
True minima found: 3/3

Verification against reference (saddles):
True saddles found: 1/2
Missed saddles at positions:
[0.21248658 0.29298833]
Starting run 2032
Identified minimum at position [0.6234994  0.02803776] with unbiased energy -108.1667241168524
Identified minimum at position [-0.05124665  0.46687401] with unbiased energy -80.7676452541416
Identified minimum at position [-0.55822363  1.44172584] with unbiased energy -146.699517209954
Simulation completed.


Energies of found minima:
Minimum 1: Position = [0.6234994  0.02803776], Energy = -108.1667241168524
Minimum 2: Position = [-0.05124665  0.46687401], Energy = -80.7676452541416
Minimum 3: Position = [-0.55822363  1.44172584], Energy = -146.699517209954

Approximate saddle points between minima:
Saddle 1: Position = [0.33165239 0.4386097 ], Energy = -63.63472396040819
Saddle 2: Position = [0.61044503 0.48460014], Energy = -17.688204501205476

Computational statistics:
	Total energy calls: 11728
	Energy calls at each min: [1, 1536, 11728]
	Total force calls: 11728
	Force calls at each min: [1, 1536, 11728]
	Total steps: 12379
	Total Biases: 97

Verification against reference:
True minima found: 2/3
Missed minima at positions:
[-0.05001082  0.4666941 ]

Verification against reference (saddles):
True saddles found: 0/2
Missed saddles at positions:
[0.21248658 0.29298833]
[-0.82200156  0.6243128 ]
Starting run 1599
Identified minimum at position [0.6234994  0.02803776] with unbiased energy -108.1667241168524
Identified minimum at position [-0.05002942  0.46669867] with unbiased energy -80.76781808590759
Identified minimum at position [-0.55822365  1.44172582] with unbiased energy -146.69951720995385
Simulation completed.


Energies of found minima:
Minimum 1: Position = [0.6234994  0.02803776], Energy = -108.1667241168524
Minimum 2: Position = [-0.05002942  0.46669867], Energy = -80.76781808590759
Minimum 3: Position = [-0.55822365  1.44172582], Energy = -146.69951720995385

Approximate saddle points between minima:
Saddle 1: Position = [0.18641632 0.27665859], Energy = -72.01190923287905
Saddle 2: Position = [-0.79571287  0.62273353], Energy = -40.77043464604309

Computational statistics:
	Total energy calls: 5830
	Energy calls at each min: [1, 1344, 5830]
	Total force calls: 5830
	Force calls at each min: [1, 1344, 5830]
	Total steps: 6135
	Total Biases: 49

Verification against reference:
True minima found: 3/3

Verification against reference (saddles):
True saddles found: 2/2
Starting run 1858
Identified minimum at position [0.6234994  0.02803776] with unbiased energy -108.1667241168524
Identified minimum at position [-0.05003757  0.46670582] with unbiased energy -80.7678179912964
Identified minimum at position [-0.55822365  1.44172583] with unbiased energy -146.69951720995394
Simulation completed.


Energies of found minima:
Minimum 1: Position = [0.6234994  0.02803776], Energy = -108.1667241168524
Minimum 2: Position = [-0.05003757  0.46670582], Energy = -80.7678179912964
Minimum 3: Position = [-0.55822365  1.44172583], Energy = -146.69951720995394

Approximate saddle points between minima:
Saddle 1: Position = [0.31185778 0.30268573], Energy = -70.6819175946716
Saddle 2: Position = [-0.84798871  0.52341479], Energy = -38.371093726613964

Computational statistics:
	Total energy calls: 5027
	Energy calls at each min: [1, 1298, 5027]
	Total force calls: 5027
	Force calls at each min: [1, 1298, 5027]
	Total steps: 5288
	Total Biases: 40

Verification against reference:
True minima found: 3/3

Verification against reference (saddles):
True saddles found: 0/2
Missed saddles at positions:
[0.21248658 0.29298833]
[-0.82200156  0.6243128 ]
Starting run 3636
Identified minimum at position [0.6234994  0.02803776] with unbiased energy -108.1667241168524
Identified minimum at position [-0.05083159  0.4669216 ] with unbiased energy -80.76772791394275
Identified minimum at position [-0.55822366  1.44172582] with unbiased energy -146.69951720995385
Simulation completed.


Energies of found minima:
Minimum 1: Position = [0.6234994  0.02803776], Energy = -108.1667241168524
Minimum 2: Position = [-0.05083159  0.4669216 ], Energy = -80.76772791394275
Minimum 3: Position = [-0.55822366  1.44172582], Energy = -146.69951720995385

Approximate saddle points between minima:
Saddle 1: Position = [0.27091096 0.33690002], Energy = -70.8731410683213
Saddle 2: Position = [ 0.30989787 -0.19994183], Energy = -30.770934349058415

Computational statistics:
	Total energy calls: 11958
	Energy calls at each min: [1, 1843, 11958]
	Total force calls: 11958
	Force calls at each min: [1, 1843, 11958]
	Total steps: 12583
	Total Biases: 95

Verification against reference:
True minima found: 3/3

Verification against reference (saddles):
True saddles found: 0/2
Missed saddles at positions:
[0.21248658 0.29298833]
[-0.82200156  0.6243128 ]
Starting run 2973
Identified minimum at position [0.6234994  0.02803776] with unbiased energy -108.1667241168524
Identified minimum at position [-0.05036621  0.46674569] with unbiased energy -80.76780383641074
Identified minimum at position [-0.55822363  1.44172584] with unbiased energy -146.699517209954
Simulation completed.


Energies of found minima:
Minimum 1: Position = [0.6234994  0.02803776], Energy = -108.1667241168524
Minimum 2: Position = [-0.05036621  0.46674569], Energy = -80.76780383641074
Minimum 3: Position = [-0.55822363  1.44172584], Energy = -146.699517209954

Approximate saddle points between minima:
Saddle 1: Position = [0.15739988 0.29328759], Energy = -71.96550858075597
Saddle 2: Position = [-0.52087734  0.26930473], Energy = -33.62266540871216

Computational statistics:
	Total energy calls: 14042
	Energy calls at each min: [1, 2018, 14042]
	Total force calls: 14042
	Force calls at each min: [1, 2018, 14042]
	Total steps: 14755
	Total Biases: 112

Verification against reference:
True minima found: 3/3

Verification against reference (saddles):
True saddles found: 0/2
Missed saddles at positions:
[0.21248658 0.29298833]
[-0.82200156  0.6243128 ]
Starting run 2908
Identified minimum at position [0.6234994  0.02803776] with unbiased energy -108.1667241168524
Identified minimum at position [-0.05003816  0.46670344] with unbiased energy -80.76781801517075
Identified minimum at position [-0.55822365  1.44172583] with unbiased energy -146.69951720995394
Simulation completed.


Energies of found minima:
Minimum 1: Position = [0.6234994  0.02803776], Energy = -108.1667241168524
Minimum 2: Position = [-0.05003816  0.46670344], Energy = -80.76781801517075
Minimum 3: Position = [-0.55822365  1.44172583], Energy = -146.69951720995394

Approximate saddle points between minima:
Saddle 1: Position = [0.38743062 0.34306412], Energy = -64.44763750290387
Saddle 2: Position = [0.28120366 0.687786  ], Energy = -26.13446584688279

Computational statistics:
	Total energy calls: 8295
	Energy calls at each min: [1, 2515, 8295]
	Total force calls: 8295
	Force calls at each min: [1, 2515, 8295]
	Total steps: 8734
	Total Biases: 66

Verification against reference:
True minima found: 3/3

Verification against reference (saddles):
True saddles found: 0/2
Missed saddles at positions:
[0.21248658 0.29298833]
[-0.82200156  0.6243128 ]
Starting run 1673
Identified minimum at position [0.6234994  0.02803776] with unbiased energy -108.1667241168524
Identified minimum at position [-0.05145577  0.46702545] with unbiased energy -80.76756033524926
Identified minimum at position [-0.55822362  1.44172586] with unbiased energy -146.69951720995385
Simulation completed.


Energies of found minima:
Minimum 1: Position = [0.6234994  0.02803776], Energy = -108.1667241168524
Minimum 2: Position = [-0.05145577  0.46702545], Energy = -80.76756033524926
Minimum 3: Position = [-0.55822362  1.44172586], Energy = -146.69951720995385

Approximate saddle points between minima:
Saddle 1: Position = [0.17267535 0.27994301], Energy = -71.85549107660012
Saddle 2: Position = [-0.84272162  0.60269755], Energy = -40.443388479605176

Computational statistics:
	Total energy calls: 6781
	Energy calls at each min: [1, 1794, 6781]
	Total force calls: 6781
	Force calls at each min: [1, 1794, 6781]
	Total steps: 7135
	Total Biases: 57

Verification against reference:
True minima found: 2/3
Missed minima at positions:
[-0.05001082  0.4666941 ]

Verification against reference (saddles):
True saddles found: 2/2
Starting run 807
Identified minimum at position [0.6234994  0.02803776] with unbiased energy -108.1667241168524
Identified minimum at position [-0.05206604  0.467022  ] with unbiased energy -80.7673357731607
Identified minimum at position [-0.55822364  1.44172583] with unbiased energy -146.699517209954
Simulation completed.


Energies of found minima:
Minimum 1: Position = [0.6234994  0.02803776], Energy = -108.1667241168524
Minimum 2: Position = [-0.05206604  0.467022  ], Energy = -80.7673357731607
Minimum 3: Position = [-0.55822364  1.44172583], Energy = -146.699517209954

Approximate saddle points between minima:
Saddle 1: Position = [0.37104002 0.31749564], Energy = -67.40427990809863
Saddle 2: Position = [-0.85398853  0.60450615], Energy = -40.40066506970372

Computational statistics:
	Total energy calls: 4172
	Energy calls at each min: [1, 1598, 4172]
	Total force calls: 4172
	Force calls at each min: [1, 1598, 4172]
	Total steps: 4386
	Total Biases: 36

Verification against reference:
True minima found: 2/3
Missed minima at positions:
[-0.05001082  0.4666941 ]

Verification against reference (saddles):
True saddles found: 1/2
Missed saddles at positions:
[0.21248658 0.29298833]
Starting run 4817
Identified minimum at position [0.6234994  0.02803776] with unbiased energy -108.1667241168524
Identified minimum at position [-0.05014736  0.4667132 ] with unbiased energy -80.76781602537967
Identified minimum at position [-0.55822365  1.44172583] with unbiased energy -146.69951720995394
Simulation completed.


Energies of found minima:
Minimum 1: Position = [0.6234994  0.02803776], Energy = -108.1667241168524
Minimum 2: Position = [-0.05014736  0.4667132 ], Energy = -80.76781602537967
Minimum 3: Position = [-0.55822365  1.44172583], Energy = -146.69951720995394

Approximate saddle points between minima:
Saddle 1: Position = [0.10643672 0.10116635], Energy = -67.1432288029655
Saddle 2: Position = [-0.8543446   0.61936588], Energy = -40.68490777386728

Computational statistics:
	Total energy calls: 5974
	Energy calls at each min: [1, 2059, 5974]
	Total force calls: 5974
	Force calls at each min: [1, 2059, 5974]
	Total steps: 6297
	Total Biases: 50

Verification against reference:
True minima found: 3/3

Verification against reference (saddles):
True saddles found: 1/2
Missed saddles at positions:
[0.21248658 0.29298833]
Starting run 2315
Identified minimum at position [0.6234994  0.02803776] with unbiased energy -108.1667241168524
Identified minimum at position [-0.05022429  0.46675118] with unbiased energy -80.76781213888077
Identified minimum at position [-0.55822366  1.44172582] with unbiased energy -146.6995172099538
Simulation completed.


Energies of found minima:
Minimum 1: Position = [0.6234994  0.02803776], Energy = -108.1667241168524
Minimum 2: Position = [-0.05022429  0.46675118], Energy = -80.76781213888077
Minimum 3: Position = [-0.55822366  1.44172582], Energy = -146.6995172099538

Approximate saddle points between minima:
Saddle 1: Position = [0.26315823 0.30414267], Energy = -71.70072103071413
Saddle 2: Position = [-0.27785117  0.1774866 ], Energy = -36.93340856006145

Computational statistics:
	Total energy calls: 11139
	Energy calls at each min: [1, 1717, 11139]
	Total force calls: 11139
	Force calls at each min: [1, 1717, 11139]
	Total steps: 11712
	Total Biases: 94

Verification against reference:
True minima found: 3/3

Verification against reference (saddles):
True saddles found: 0/2
Missed saddles at positions:
[0.21248658 0.29298833]
[-0.82200156  0.6243128 ]
