Starting run 4550
Identified minimum at position [0.6234994  0.02803776] with unbiased energy -108.1667241168524
Identified minimum at position [-0.0502052   0.46672893] with unbiased energy -80.7678137444024
Identified minimum at position [-0.55822365  1.44172583] with unbiased energy -146.69951720995388
Simulation completed.


Energies of found minima:
Minimum 1: Position = [0.6234994  0.02803776], Energy = -108.1667241168524
Minimum 2: Position = [-0.0502052   0.46672893], Energy = -80.7678137444024
Minimum 3: Position = [-0.55822365  1.44172583], Energy = -146.69951720995388

Approximate saddle points between minima:
Saddle 1: Position = [0.15345011 0.2478836 ], Energy = -70.9547321698874
Saddle 2: Position = [-0.85555452  0.59145543], Energy = -40.125541845965046

Computational statistics:
	Total energy calls: 4780
	Energy calls at each min: [1, 1709, 4780]
	Total force calls: 4780
	Force calls at each min: [1, 1709, 4780]
	Total steps: 5028
	Total Biases: 39

Verification against reference:
True minima found: 3/3

Verification against reference (saddles):
True saddles found: 1/2
Missed saddles at positions:
[0.21248658 0.29298833]
Starting run 2212
Identified minimum at position [0.6234994  0.02803776] with unbiased energy -108.1667241168524
Identified minimum at position [-0.05050467  0.46681977] with unbiased energy -80.76778678564082
Identified minimum at position [-0.55822364  1.44172584] with unbiased energy -146.69951720995402
Simulation completed.


Energies of found minima:
Minimum 1: Position = [0.6234994  0.02803776], Energy = -108.1667241168524
Minimum 2: Position = [-0.05050467  0.46681977], Energy = -80.76778678564082
Minimum 3: Position = [-0.55822364  1.44172584], Energy = -146.69951720995402

Approximate saddle points between minima:
Saddle 1: Position = [0.21572648 0.27615881], Energy = -72.34068356233581
Saddle 2: Position = [-0.81286719  0.62062794], Energy = -40.6950752668069

Computational statistics:
	Total energy calls: 5388
	Energy calls at each min: [1, 1156, 5388]
	Total force calls: 5388
	Force calls at each min: [1, 1156, 5388]
	Total steps: 5669
	Total Biases: 45

Verification against reference:
True minima found: 3/3

Verification against reference (saddles):
True saddles found: 2/2
Starting run 5067
Identified minimum at position [0.6234994  0.02803776] with unbiased energy -108.1667241168524
Identified minimum at position [-0.05201788  0.46714987] with unbiased energy -80.76732231627744
Identified minimum at position [-0.55822364  1.44172583] with unbiased energy -146.699517209954
Simulation completed.


Energies of found minima:
Minimum 1: Position = [0.6234994  0.02803776], Energy = -108.1667241168524
Minimum 2: Position = [-0.05201788  0.46714987], Energy = -80.76732231627744
Minimum 3: Position = [-0.55822364  1.44172583], Energy = -146.699517209954

Approximate saddle points between minima:
Saddle 1: Position = [ 0.97953312 -0.00306354], Energy = -59.78543580206795
Saddle 2: Position = [ 0.12230184 -0.14663834], Energy = -34.151949927424575

Computational statistics:
	Total energy calls: 6168
	Energy calls at each min: [1, 1730, 6168]
	Total force calls: 6168
	Force calls at each min: [1, 1730, 6168]
	Total steps: 6500
	Total Biases: 53

Verification against reference:
True minima found: 2/3
Missed minima at positions:
[-0.05001082  0.4666941 ]

Verification against reference (saddles):
True saddles found: 0/2
Missed saddles at positions:
[0.21248658 0.29298833]
[-0.82200156  0.6243128 ]
Starting run 1477
Identified minimum at position [0.6234994  0.02803776] with unbiased energy -108.1667241168524
Identified minimum at position [-0.05009165  0.46671634] with unbiased energy -80.76781725847727
Identified minimum at position [-0.55822362  1.44172585] with unbiased energy -146.6995172099539
Simulation completed.


Energies of found minima:
Minimum 1: Position = [0.6234994  0.02803776], Energy = -108.1667241168524
Minimum 2: Position = [-0.05009165  0.46671634], Energy = -80.76781725847727
Minimum 3: Position = [-0.55822362  1.44172585], Energy = -146.6995172099539

Approximate saddle points between minima:
Saddle 1: Position = [0.22884292 0.30616362], Energy = -72.14125760443771
Saddle 2: Position = [-0.81862612  0.59507805], Energy = -40.70392317631185

Computational statistics:
	Total energy calls: 1953
	Energy calls at each min: [1, 1303, 1953]
	Total force calls: 1953
	Force calls at each min: [1, 1303, 1953]
	Total steps: 2056
	Total Biases: 18

Verification against reference:
True minima found: 3/3

Verification against reference (saddles):
True saddles found: 2/2
Starting run 2155
Identified minimum at position [0.6234994  0.02803776] with unbiased energy -108.1667241168524
Identified minimum at position [-0.05001711  0.46669518] with unbiased energy -80.76781812510048
Identified minimum at position [-0.55822362  1.44172586] with unbiased energy -146.6995172099539
Simulation completed.


Energies of found minima:
Minimum 1: Position = [0.6234994  0.02803776], Energy = -108.1667241168524
Minimum 2: Position = [-0.05001711  0.46669518], Energy = -80.76781812510048
Minimum 3: Position = [-0.55822362  1.44172586], Energy = -146.6995172099539

Approximate saddle points between minima:
Saddle 1: Position = [0.13294256 0.29602578], Energy = -71.77429209100126
Saddle 2: Position = [-0.82141339  0.61616838], Energy = -40.668097226877755

Computational statistics:
	Total energy calls: 5717
	Energy calls at each min: [1, 961, 5717]
	Total force calls: 5717
	Force calls at each min: [1, 961, 5717]
	Total steps: 6025
	Total Biases: 48

Verification against reference:
True minima found: 3/3

Verification against reference (saddles):
True saddles found: 1/2
Missed saddles at positions:
[0.21248658 0.29298833]
Starting run 801
Identified minimum at position [0.6234994  0.02803776] with unbiased energy -108.1667241168524
Identified minimum at position [-0.05001092  0.46669412] with unbiased energy -80.76781812965783
Identified minimum at position [-0.55822363  1.44172585] with unbiased energy -146.699517209954
Simulation completed.


Energies of found minima:
Minimum 1: Position = [0.6234994  0.02803776], Energy = -108.1667241168524
Minimum 2: Position = [-0.05001092  0.46669412], Energy = -80.76781812965783
Minimum 3: Position = [-0.55822363  1.44172585], Energy = -146.699517209954

Approximate saddle points between minima:
Saddle 1: Position = [0.14249521 0.1798344 ], Energy = -70.39853670670927
Saddle 2: Position = [-0.84936002  0.59642936], Energy = -40.288464311182636

Computational statistics:
	Total energy calls: 3326
	Energy calls at each min: [1, 1302, 3326]
	Total force calls: 3326
	Force calls at each min: [1, 1302, 3326]
	Total steps: 3501
	Total Biases: 31

Verification against reference:
True minima found: 3/3

Verification against reference (saddles):
True saddles found: 1/2
Missed saddles at positions:
[0.21248658 0.29298833]
Starting run 3942
Identified minimum at position [0.6234994  0.02803776] with unbiased energy -108.1667241168524
Identified minimum at position [-0.05002268  0.4666967 ] with unbiased energy -80.76781811255944
Identified minimum at position [-0.55822362  1.44172586] with unbiased energy -146.6995172099539
Simulation completed.


Energies of found minima:
Minimum 1: Position = [0.6234994  0.02803776], Energy = -108.1667241168524
Minimum 2: Position = [-0.05002268  0.4666967 ], Energy = -80.76781811255944
Minimum 3: Position = [-0.55822362  1.44172586], Energy = -146.6995172099539

Approximate saddle points between minima:
Saddle 1: Position = [0.1665163 0.2853299], Energy = -71.87104927418959
Saddle 2: Position = [-0.4107092   0.15271483], Energy = -23.508919406256837

Computational statistics:
	Total energy calls: 7479
	Energy calls at each min: [1, 713, 7479]
	Total force calls: 7479
	Force calls at each min: [1, 713, 7479]
	Total steps: 7873
	Total Biases: 59

Verification against reference:
True minima found: 3/3

Verification against reference (saddles):
True saddles found: 1/2
Missed saddles at positions:
[-0.82200156  0.6243128 ]
Starting run 4720
Identified minimum at position [0.6234994  0.02803776] with unbiased energy -108.1667241168524
Identified minimum at position [-0.05005658  0.46670293] with unbiased energy -80.76781788324158
Identified minimum at position [-0.55822365  1.44172583] with unbiased energy -146.69951720995394
Simulation completed.


Energies of found minima:
Minimum 1: Position = [0.6234994  0.02803776], Energy = -108.1667241168524
Minimum 2: Position = [-0.05005658  0.46670293], Energy = -80.76781788324158
Minimum 3: Position = [-0.55822365  1.44172583], Energy = -146.69951720995394

Approximate saddle points between minima:
Saddle 1: Position = [0.10667787 0.15050468], Energy = -67.6087627992951
Saddle 2: Position = [-0.16599207  0.76901711], Energy = -24.91820494072058

Computational statistics:
	Total energy calls: 10810
	Energy calls at each min: [1, 900, 10810]
	Total force calls: 10810
	Force calls at each min: [1, 900, 10810]
	Total steps: 11400
	Total Biases: 88

Verification against reference:
True minima found: 3/3

Verification against reference (saddles):
True saddles found: 0/2
Missed saddles at positions:
[0.21248658 0.29298833]
[-0.82200156  0.6243128 ]
Starting run 908
Identified minimum at position [0.6234994  0.02803776] with unbiased energy -108.1667241168524
Identified minimum at position [-0.55822362  1.44172586] with unbiased energy -146.69951720995385
Approximate Hessian has condition number >1e6 and cannot be reliably trusted; reverting to default behavior. 
Eigenvalues: [5.10836212e-03 1.61138611e+07]
Approximate Hessian has condition number >1e6 and cannot be reliably trusted; reverting to default behavior. 
Eigenvalues: [6.02307473e-03 5.89416206e+06]
Approximate Hessian has condition number >1e6 and cannot be reliably trusted; reverting to default behavior. 
Eigenvalues: [2.04029498e-03 6.93018852e+03]
Approximate Hessian has condition number >1e6 and cannot be reliably trusted; reverting to default behavior. 
Eigenvalues: [3.36899527e-03 9.41583517e+06]
Approximate Hessian has condition number >1e6 and cannot be reliably trusted; reverting to default behavior. 
Eigenvalues: [1.79657713e-03 2.98003425e+07]
Approximate Hessian has condition number >1e6 and cannot be reliably trusted; reverting to default behavior. 
Eigenvalues: [1.59363309e-03 5.68712589e+06]
Approximate Hessian has condition number >1e6 and cannot be reliably trusted; reverting to default behavior. 
Eigenvalues: [3.53435013e-03 2.63261372e+06]
Approximate Hessian has condition number >1e6 and cannot be reliably trusted; reverting to default behavior. 
Eigenvalues: [5.92283391e-03 1.23743754e+05]
Approximate Hessian has condition number >1e6 and cannot be reliably trusted; reverting to default behavior. 
Eigenvalues: [5.04314899e-04 3.56854449e+08]
Approximate Hessian has condition number >1e6 and cannot be reliably trusted; reverting to default behavior. 
Eigenvalues: [1.14188105e-03 6.28322592e+05]
Approximate Hessian has condition number >1e6 and cannot be reliably trusted; reverting to default behavior. 
Eigenvalues: [2.58354867e-03 3.96318415e+05]
Simulation completed.


Energies of found minima:
Minimum 1: Position = [0.6234994  0.02803776], Energy = -108.1667241168524
Minimum 2: Position = [-0.55822362  1.44172586], Energy = -146.69951720995385

Approximate saddle points between minima:
Saddle 1: Position = [-0.23225878  0.095719  ], Energy = -31.9731542944699

Computational statistics:
	Total energy calls: 641662
	Energy calls at each min: [1, 13128]
	Total force calls: 641662
	Force calls at each min: [1, 13128]
	Total steps: 674105
	Total Biases: 5000

Verification against reference:
True minima found: 2/3
Missed minima at positions:
[-0.05001082  0.4666941 ]

Verification against reference (saddles):
True saddles found: 0/2
Missed saddles at positions:
[0.21248658 0.29298833]
[-0.82200156  0.6243128 ]
Starting run 1057
Identified minimum at position [0.6234994  0.02803776] with unbiased energy -108.1667241168524
Identified minimum at position [-0.05001309  0.46669485] with unbiased energy -80.76781812889612
Identified minimum at position [-0.55822362  1.44172586] with unbiased energy -146.69951720995394
Simulation completed.


Energies of found minima:
Minimum 1: Position = [0.6234994  0.02803776], Energy = -108.1667241168524
Minimum 2: Position = [-0.05001309  0.46669485], Energy = -80.76781812889612
Minimum 3: Position = [-0.55822362  1.44172586], Energy = -146.69951720995394

Approximate saddle points between minima:
Saddle 1: Position = [0.20504362 0.28530585], Energy = -72.22528907885925
Saddle 2: Position = [-0.83692695  0.49780755], Energy = -37.72331613011603

Computational statistics:
	Total energy calls: 5475
	Energy calls at each min: [1, 1851, 5475]
	Total force calls: 5475
	Force calls at each min: [1, 1851, 5475]
	Total steps: 5765
	Total Biases: 46

Verification against reference:
True minima found: 3/3

Verification against reference (saddles):
True saddles found: 1/2
Missed saddles at positions:
[-0.82200156  0.6243128 ]
Starting run 463
Identified minimum at position [0.6234994  0.02803776] with unbiased energy -108.1667241168524
Identified minimum at position [-0.05004928  0.46670581] with unbiased energy -80.76781792074297
Identified minimum at position [-0.55822362  1.44172586] with unbiased energy -146.6995172099539
Simulation completed.


Energies of found minima:
Minimum 1: Position = [0.6234994  0.02803776], Energy = -108.1667241168524
Minimum 2: Position = [-0.05004928  0.46670581], Energy = -80.76781792074297
Minimum 3: Position = [-0.55822362  1.44172586], Energy = -146.6995172099539

Approximate saddle points between minima:
Saddle 1: Position = [0.33521054 0.32620061], Energy = -68.58382720526384
Saddle 2: Position = [-0.24531681  0.13209217], Energy = -34.387376592294615

Computational statistics:
	Total energy calls: 6315
	Energy calls at each min: [1, 727, 6315]
	Total force calls: 6315
	Force calls at each min: [1, 727, 6315]
	Total steps: 6639
	Total Biases: 52

Verification against reference:
True minima found: 3/3

Verification against reference (saddles):
True saddles found: 0/2
Missed saddles at positions:
[0.21248658 0.29298833]
[-0.82200156  0.6243128 ]
Starting run 3168
Identified minimum at position [0.6234994  0.02803776] with unbiased energy -108.1667241168524
Identified minimum at position [-0.05023606  0.46674525] with unbiased energy -80.76781188850099
Identified minimum at position [-0.55822365  1.44172582] with unbiased energy -146.69951720995388
Simulation completed.


Energies of found minima:
Minimum 1: Position = [0.6234994  0.02803776], Energy = -108.1667241168524
Minimum 2: Position = [-0.05023606  0.46674525], Energy = -80.76781188850099
Minimum 3: Position = [-0.55822365  1.44172582], Energy = -146.69951720995388

Approximate saddle points between minima:
Saddle 1: Position = [0.06650503 0.18696494], Energy = -64.96068486580899
Saddle 2: Position = [-0.6246446  0.7202051], Energy = -33.94058655178948

Computational statistics:
	Total energy calls: 2298
	Energy calls at each min: [1, 663, 2298]
	Total force calls: 2298
	Force calls at each min: [1, 663, 2298]
	Total steps: 2421
	Total Biases: 21

Verification against reference:
True minima found: 3/3

Verification against reference (saddles):
True saddles found: 0/2
Missed saddles at positions:
[0.21248658 0.29298833]
[-0.82200156  0.6243128 ]
Starting run 4548
Identified minimum at position [0.6234994  0.02803776] with unbiased energy -108.1667241168524
Identified minimum at position [-0.05194141  0.46711583] with unbiased energy -80.76736501205215
Identified minimum at position [-0.55822364  1.44172583] with unbiased energy -146.69951720995397
Simulation completed.


Energies of found minima:
Minimum 1: Position = [0.6234994  0.02803776], Energy = -108.1667241168524
Minimum 2: Position = [-0.05194141  0.46711583], Energy = -80.76736501205215
Minimum 3: Position = [-0.55822364  1.44172583], Energy = -146.69951720995397

Approximate saddle points between minima:
Saddle 1: Position = [0.11274193 0.18175935], Energy = -68.25432561873433
Saddle 2: Position = [-0.88484276  0.5886863 ], Energy = -39.77398955039268

Computational statistics:
	Total energy calls: 3055
	Energy calls at each min: [1, 1172, 3055]
	Total force calls: 3055
	Force calls at each min: [1, 1172, 3055]
	Total steps: 3213
	Total Biases: 26

Verification against reference:
True minima found: 2/3
Missed minima at positions:
[-0.05001082  0.4666941 ]

Verification against reference (saddles):
True saddles found: 0/2
Missed saddles at positions:
[0.21248658 0.29298833]
[-0.82200156  0.6243128 ]
Starting run 2564
Identified minimum at position [0.6234994  0.02803776] with unbiased energy -108.1667241168524
Approximate Hessian has condition number >1e6 and cannot be reliably trusted; reverting to default behavior. 
Eigenvalues: [4.50148610e-03 5.11958392e+06]
Identified minimum at position [-0.05031267  0.46681623] with unbiased energy -80.7678019076124
Identified minimum at position [-0.55822365  1.44172583] with unbiased energy -146.69951720995388
Simulation completed.


Energies of found minima:
Minimum 1: Position = [0.6234994  0.02803776], Energy = -108.1667241168524
Minimum 2: Position = [-0.05031267  0.46681623], Energy = -80.7678019076124
Minimum 3: Position = [-0.55822365  1.44172583], Energy = -146.69951720995388

Approximate saddle points between minima:
Saddle 1: Position = [0.27796998 0.35596697], Energy = -70.27566271949178
Saddle 2: Position = [-0.32900353  0.18393552], Energy = -33.83716893023582

Computational statistics:
	Total energy calls: 12447
	Energy calls at each min: [1, 1823, 12447]
	Total force calls: 12447
	Force calls at each min: [1, 1823, 12447]
	Total steps: 13077
	Total Biases: 98

Verification against reference:
True minima found: 3/3

Verification against reference (saddles):
True saddles found: 0/2
Missed saddles at positions:
[0.21248658 0.29298833]
[-0.82200156  0.6243128 ]
Starting run 2248
Identified minimum at position [0.6234994  0.02803776] with unbiased energy -108.1667241168524
Identified minimum at position [-0.05002128  0.46669696] with unbiased energy -80.76781811512927
Identified minimum at position [-0.55822364  1.44172584] with unbiased energy -146.699517209954
Simulation completed.


Energies of found minima:
Minimum 1: Position = [0.6234994  0.02803776], Energy = -108.1667241168524
Minimum 2: Position = [-0.05002128  0.46669696], Energy = -80.76781811512927
Minimum 3: Position = [-0.55822364  1.44172584], Energy = -146.699517209954

Approximate saddle points between minima:
Saddle 1: Position = [0.17778364 0.28082318], Energy = -71.93841102613655
Saddle 2: Position = [-0.90189239  0.49719644], Energy = -34.547003368452216

Computational statistics:
	Total energy calls: 5862
	Energy calls at each min: [1, 1327, 5862]
	Total force calls: 5862
	Force calls at each min: [1, 1327, 5862]
	Total steps: 6178
	Total Biases: 50

Verification against reference:
True minima found: 3/3

Verification against reference (saddles):
True saddles found: 1/2
Missed saddles at positions:
[-0.82200156  0.6243128 ]
Starting run 2781
Identified minimum at position [0.6234994  0.02803776] with unbiased energy -108.1667241168524
Identified minimum at position [-0.05001191  0.46669448] with unbiased energy -80.7678181294788
Identified minimum at position [-0.55822365  1.44172582] with unbiased energy -146.69951720995388
Simulation completed.


Energies of found minima:
Minimum 1: Position = [0.6234994  0.02803776], Energy = -108.1667241168524
Minimum 2: Position = [-0.05001191  0.46669448], Energy = -80.7678181294788
Minimum 3: Position = [-0.55822365  1.44172582], Energy = -146.69951720995388

Approximate saddle points between minima:
Saddle 1: Position = [0.28065554 0.30651337], Energy = -71.29491818517926
Saddle 2: Position = [-0.74082607  0.68389437], Energy = -38.57730113187563

Computational statistics:
	Total energy calls: 2663
	Energy calls at each min: [1, 1216, 2663]
	Total force calls: 2663
	Force calls at each min: [1, 1216, 2663]
	Total steps: 2804
	Total Biases: 23

Verification against reference:
True minima found: 3/3

Verification against reference (saddles):
True saddles found: 0/2
Missed saddles at positions:
[0.21248658 0.29298833]
[-0.82200156  0.6243128 ]
Starting run 3946
Identified minimum at position [0.6234994  0.02803776] with unbiased energy -108.1667241168524
Identified minimum at position [-0.05001286  0.46669451] with unbiased energy -80.76781812916872
Identified minimum at position [-0.55822362  1.44172586] with unbiased energy -146.69951720995388
Simulation completed.


Energies of found minima:
Minimum 1: Position = [0.6234994  0.02803776], Energy = -108.1667241168524
Minimum 2: Position = [-0.05001286  0.46669451], Energy = -80.76781812916872
Minimum 3: Position = [-0.55822362  1.44172586], Energy = -146.69951720995388

Approximate saddle points between minima:
Saddle 1: Position = [0.37498696 0.3031969 ], Energy = -68.40643998916667
Saddle 2: Position = [-0.3835737   0.10542457], Energy = -19.967649971739654

Computational statistics:
	Total energy calls: 8400
	Energy calls at each min: [1, 1708, 8400]
	Total force calls: 8400
	Force calls at each min: [1, 1708, 8400]
	Total steps: 8853
	Total Biases: 68

Verification against reference:
True minima found: 3/3

Verification against reference (saddles):
True saddles found: 0/2
Missed saddles at positions:
[0.21248658 0.29298833]
[-0.82200156  0.6243128 ]
Starting run 3393
Identified minimum at position [0.6234994  0.02803776] with unbiased energy -108.1667241168524
Identified minimum at position [-0.05003433  0.46669957] with unbiased energy -80.76781806115275
Identified minimum at position [-0.55822362  1.44172586] with unbiased energy -146.6995172099539
Simulation completed.


Energies of found minima:
Minimum 1: Position = [0.6234994  0.02803776], Energy = -108.1667241168524
Minimum 2: Position = [-0.05003433  0.46669957], Energy = -80.76781806115275
Minimum 3: Position = [-0.55822362  1.44172586], Energy = -146.6995172099539

Approximate saddle points between minima:
Saddle 1: Position = [0.29595777 0.31331024], Energy = -70.66440305094362
Saddle 2: Position = [-0.83453815  0.59407732], Energy = -40.44129023704036

Computational statistics:
	Total energy calls: 2289
	Energy calls at each min: [1, 1728, 2289]
	Total force calls: 2289
	Force calls at each min: [1, 1728, 2289]
	Total steps: 2412
	Total Biases: 20

Verification against reference:
True minima found: 3/3

Verification against reference (saddles):
True saddles found: 1/2
Missed saddles at positions:
[0.21248658 0.29298833]
Starting run 369
Identified minimum at position [0.6234994  0.02803776] with unbiased energy -108.1667241168524
Identified minimum at position [-0.05004713  0.46670046] with unbiased energy -80.76781797724098
Identified minimum at position [-0.55822365  1.44172582] with unbiased energy -146.69951720995388
Simulation completed.


Energies of found minima:
Minimum 1: Position = [0.6234994  0.02803776], Energy = -108.1667241168524
Minimum 2: Position = [-0.05004713  0.46670046], Energy = -80.76781797724098
Minimum 3: Position = [-0.55822365  1.44172582], Energy = -146.69951720995388

Approximate saddle points between minima:
Saddle 1: Position = [0.31334625 0.30539927], Energy = -70.50097746681631
Saddle 2: Position = [-0.13053612  0.03378179], Energy = -36.69742571107334

Computational statistics:
	Total energy calls: 8191
	Energy calls at each min: [1, 1932, 8191]
	Total force calls: 8191
	Force calls at each min: [1, 1932, 8191]
	Total steps: 8640
	Total Biases: 68

Verification against reference:
True minima found: 3/3

Verification against reference (saddles):
True saddles found: 0/2
Missed saddles at positions:
[0.21248658 0.29298833]
[-0.82200156  0.6243128 ]
Starting run 81
Identified minimum at position [0.6234994  0.02803776] with unbiased energy -108.1667241168524
Identified minimum at position [-0.050017    0.46669539] with unbiased energy -80.76781812508423
Identified minimum at position [-0.55822365  1.44172583] with unbiased energy -146.69951720995397
Simulation completed.


Energies of found minima:
Minimum 1: Position = [0.6234994  0.02803776], Energy = -108.1667241168524
Minimum 2: Position = [-0.050017    0.46669539], Energy = -80.76781812508423
Minimum 3: Position = [-0.55822365  1.44172583], Energy = -146.69951720995397

Approximate saddle points between minima:
Saddle 1: Position = [0.29516409 0.32296097], Energy = -70.35069847697861
Saddle 2: Position = [-0.39537452  0.1126743 ], Energy = -19.849713905319256

Computational statistics:
	Total energy calls: 13684
	Energy calls at each min: [1, 1466, 13684]
	Total force calls: 13684
	Force calls at each min: [1, 1466, 13684]
	Total steps: 14426
	Total Biases: 111

Verification against reference:
True minima found: 3/3

Verification against reference (saddles):
True saddles found: 0/2
Missed saddles at positions:
[0.21248658 0.29298833]
[-0.82200156  0.6243128 ]
Starting run 3151
Identified minimum at position [0.6234994  0.02803776] with unbiased energy -108.1667241168524
Identified minimum at position [-0.05371753  0.46757307] with unbiased energy -80.76610014367938
Identified minimum at position [-0.55822365  1.44172583] with unbiased energy -146.69951720995394
Simulation completed.


Energies of found minima:
Minimum 1: Position = [0.6234994  0.02803776], Energy = -108.1667241168524
Minimum 2: Position = [-0.05371753  0.46757307], Energy = -80.76610014367938
Minimum 3: Position = [-0.55822365  1.44172583], Energy = -146.69951720995394

Approximate saddle points between minima:
Saddle 1: Position = [0.30639445 0.35519456], Energy = -68.84871360469593
Saddle 2: Position = [ 0.09188109 -0.16155462], Energy = -27.265087913025482

Computational statistics:
	Total energy calls: 9231
	Energy calls at each min: [1, 661, 9231]
	Total force calls: 9231
	Force calls at each min: [1, 661, 9231]
	Total steps: 9712
	Total Biases: 75

Verification against reference:
True minima found: 2/3
Missed minima at positions:
[-0.05001082  0.4666941 ]

Verification against reference (saddles):
True saddles found: 0/2
Missed saddles at positions:
[0.21248658 0.29298833]
[-0.82200156  0.6243128 ]
Starting run 2203
Identified minimum at position [0.6234994  0.02803776] with unbiased energy -108.1667241168524
Identified minimum at position [-0.0500114   0.46669426] with unbiased energy -80.76781812961438
Identified minimum at position [-0.55822365  1.44172583] with unbiased energy -146.69951720995394
Simulation completed.


Energies of found minima:
Minimum 1: Position = [0.6234994  0.02803776], Energy = -108.1667241168524
Minimum 2: Position = [-0.0500114   0.46669426], Energy = -80.76781812961438
Minimum 3: Position = [-0.55822365  1.44172583], Energy = -146.69951720995394

Approximate saddle points between minima:
Saddle 1: Position = [0.18273593 0.25754249], Energy = -71.87632166930928
Saddle 2: Position = [-0.53875861  0.29777848], Energy = -37.19874738450619

Computational statistics:
	Total energy calls: 13465
	Energy calls at each min: [1, 1987, 13465]
	Total force calls: 13465
	Force calls at each min: [1, 1987, 13465]
	Total steps: 14163
	Total Biases: 111

Verification against reference:
True minima found: 3/3

Verification against reference (saddles):
True saddles found: 1/2
Missed saddles at positions:
[-0.82200156  0.6243128 ]
Starting run 207
Identified minimum at position [0.6234994  0.02803776] with unbiased energy -108.1667241168524
Identified minimum at position [-0.05352319  0.46748388] with unbiased energy -80.76630404228854
Identified minimum at position [-0.55822364  1.44172584] with unbiased energy -146.69951720995397
Simulation completed.


Energies of found minima:
Minimum 1: Position = [0.6234994  0.02803776], Energy = -108.1667241168524
Minimum 2: Position = [-0.05352319  0.46748388], Energy = -80.76630404228854
Minimum 3: Position = [-0.55822364  1.44172584], Energy = -146.69951720995397

Approximate saddle points between minima:
Saddle 1: Position = [0.10549933 0.0899186 ], Energy = -66.82019969644614
Saddle 2: Position = [-0.77971958  0.67401634], Energy = -39.694623657844325

Computational statistics:
	Total energy calls: 3250
	Energy calls at each min: [1, 1586, 3250]
	Total force calls: 3250
	Force calls at each min: [1, 1586, 3250]
	Total steps: 3421
	Total Biases: 29

Verification against reference:
True minima found: 2/3
Missed minima at positions:
[-0.05001082  0.4666941 ]

Verification against reference (saddles):
True saddles found: 0/2
Missed saddles at positions:
[0.21248658 0.29298833]
[-0.82200156  0.6243128 ]
Starting run 3940
Identified minimum at position [0.6234994  0.02803776] with unbiased energy -108.1667241168524
Identified minimum at position [-0.05001133  0.4666942 ] with unbiased energy -80.76781812962847
Identified minimum at position [-0.55822362  1.44172585] with unbiased energy -146.69951720995397
Simulation completed.


Energies of found minima:
Minimum 1: Position = [0.6234994  0.02803776], Energy = -108.1667241168524
Minimum 2: Position = [-0.05001133  0.4666942 ], Energy = -80.76781812962847
Minimum 3: Position = [-0.55822362  1.44172585], Energy = -146.69951720995397

Approximate saddle points between minima:
Saddle 1: Position = [0.18242346 0.27388242], Energy = -71.93241276438503
Saddle 2: Position = [-0.83977319  0.62288452], Energy = -40.685104647441875

Computational statistics:
	Total energy calls: 2847
	Energy calls at each min: [1, 864, 2847]
	Total force calls: 2847
	Force calls at each min: [1, 864, 2847]
	Total steps: 3000
	Total Biases: 24

Verification against reference:
True minima found: 3/3

Verification against reference (saddles):
True saddles found: 2/2
Starting run 3236
Identified minimum at position [0.6234994  0.02803776] with unbiased energy -108.1667241168524
Identified minimum at position [-0.05001673  0.46669516] with unbiased energy -80.76781812561197
Identified minimum at position [-0.55822364  1.44172584] with unbiased energy -146.69951720995402
Simulation completed.


Energies of found minima:
Minimum 1: Position = [0.6234994  0.02803776], Energy = -108.1667241168524
Minimum 2: Position = [-0.05001673  0.46669516], Energy = -80.76781812561197
Minimum 3: Position = [-0.55822364  1.44172584], Energy = -146.69951720995402

Approximate saddle points between minima:
Saddle 1: Position = [0.11419649 0.16126848], Energy = -68.28558562469063
Saddle 2: Position = [-0.08257717 -0.01702634], Energy = -36.76564101499666

Computational statistics:
	Total energy calls: 9036
	Energy calls at each min: [1, 1842, 9036]
	Total force calls: 9036
	Force calls at each min: [1, 1842, 9036]
	Total steps: 9503
	Total Biases: 75

Verification against reference:
True minima found: 3/3

Verification against reference (saddles):
True saddles found: 0/2
Missed saddles at positions:
[0.21248658 0.29298833]
[-0.82200156  0.6243128 ]
Starting run 504
Identified minimum at position [0.6234994  0.02803776] with unbiased energy -108.1667241168524
Identified minimum at position [-0.05001096  0.46669413] with unbiased energy -80.76781812965675
Identified minimum at position [-0.55822365  1.44172583] with unbiased energy -146.6995172099539
Simulation completed.


Energies of found minima:
Minimum 1: Position = [0.6234994  0.02803776], Energy = -108.1667241168524
Minimum 2: Position = [-0.05001096  0.46669413], Energy = -80.76781812965675
Minimum 3: Position = [-0.55822365  1.44172583], Energy = -146.6995172099539

Approximate saddle points between minima:
Saddle 1: Position = [ 0.49700345 -0.13285447], Energy = -67.67240480462165
Saddle 2: Position = [0.36416489 0.69477735], Energy = -15.115589572658081

Computational statistics:
	Total energy calls: 13041
	Energy calls at each min: [1, 2040, 13041]
	Total force calls: 13041
	Force calls at each min: [1, 2040, 13041]
	Total steps: 13762
	Total Biases: 108

Verification against reference:
True minima found: 3/3

Verification against reference (saddles):
True saddles found: 0/2
Missed saddles at positions:
[0.21248658 0.29298833]
[-0.82200156  0.6243128 ]
