Starting run 4496
Identified minimum at position [0.6234994  0.02803776] with unbiased energy -108.16672411685238
Identified minimum at position [-0.05006154  0.46670623] with unbiased energy -80.76781780733623
Identified minimum at position [-0.55822362  1.44172585] with unbiased energy -146.69951720995394
Simulation completed.


Energies of found minima:
Minimum 1: Position = [0.6234994  0.02803776], Energy = -108.16672411685238
Minimum 2: Position = [-0.05006154  0.46670623], Energy = -80.76781780733623
Minimum 3: Position = [-0.55822362  1.44172585], Energy = -146.69951720995394

Approximate saddle points between minima:
Saddle 1: Position = [0.23495891 0.3150575 ], Energy = -72.02782516811988
Saddle 2: Position = [-0.8378261   0.54679713], Energy = -39.56753662092753

Computational statistics:
	Total energy calls: 8782
	Energy calls at each min: [1, 2825, 8782]
	Total force calls: 8782
	Force calls at each min: [1, 2825, 8782]
	Total steps: 9237
	Total Biases: 71

Verification against reference:
True minima found: 3/3

Verification against reference (saddles):
True saddles found: 1/2
Missed saddles at positions:
[-0.82200156  0.6243128 ]
Starting run 4240
Identified minimum at position [0.6234994  0.02803776] with unbiased energy -108.16672411685238
Identified minimum at position [-0.05001157  0.46669424] with unbiased energy -80.76781812959366
Identified minimum at position [-0.55822365  1.44172583] with unbiased energy -146.69951720995397
Simulation completed.


Energies of found minima:
Minimum 1: Position = [0.6234994  0.02803776], Energy = -108.16672411685238
Minimum 2: Position = [-0.05001157  0.46669424], Energy = -80.76781812959366
Minimum 3: Position = [-0.55822365  1.44172583], Energy = -146.69951720995397

Approximate saddle points between minima:
Saddle 1: Position = [0.13620665 0.16311893], Energy = -70.06347755665999
Saddle 2: Position = [-0.45771045  0.23944328], Energy = -33.02810273408201

Computational statistics:
	Total energy calls: 16609
	Energy calls at each min: [1, 1899, 16609]
	Total force calls: 16609
	Force calls at each min: [1, 1899, 16609]
	Total steps: 17471
	Total Biases: 136

Verification against reference:
True minima found: 3/3

Verification against reference (saddles):
True saddles found: 0/2
Missed saddles at positions:
[0.21248658 0.29298833]
[-0.82200156  0.6243128 ]
Starting run 1675
Identified minimum at position [0.6234994  0.02803776] with unbiased energy -108.16672411685238
Identified minimum at position [-0.0500116   0.46669426] with unbiased energy -80.76781812958781
Identified minimum at position [-0.55822364  1.44172584] with unbiased energy -146.69951720995402
Simulation completed.


Energies of found minima:
Minimum 1: Position = [0.6234994  0.02803776], Energy = -108.16672411685238
Minimum 2: Position = [-0.0500116   0.46669426], Energy = -80.76781812958781
Minimum 3: Position = [-0.55822364  1.44172584], Energy = -146.69951720995402

Approximate saddle points between minima:
Saddle 1: Position = [0.2390051  0.29302238], Energy = -72.17734216983158
Saddle 2: Position = [-0.86299585  0.61279073], Energy = -40.56815179647623

Computational statistics:
	Total energy calls: 13905
	Energy calls at each min: [1, 1488, 13905]
	Total force calls: 13905
	Force calls at each min: [1, 1488, 13905]
	Total steps: 14614
	Total Biases: 114

Verification against reference:
True minima found: 3/3

Verification against reference (saddles):
True saddles found: 2/2
Starting run 2628
Identified minimum at position [0.6234994  0.02803776] with unbiased energy -108.16672411685238
Identified minimum at position [-0.05069469  0.46688127] with unbiased energy -80.76775591189116
Identified minimum at position [-0.55822364  1.44172584] with unbiased energy -146.699517209954
Simulation completed.


Energies of found minima:
Minimum 1: Position = [0.6234994  0.02803776], Energy = -108.16672411685238
Minimum 2: Position = [-0.05069469  0.46688127], Energy = -80.76775591189116
Minimum 3: Position = [-0.55822364  1.44172584], Energy = -146.699517209954

Approximate saddle points between minima:
Saddle 1: Position = [0.42425382 0.29034951], Energy = -67.47515781226626
Saddle 2: Position = [-0.59941809  0.22099093], Energy = -20.290334161295863

Computational statistics:
	Total energy calls: 8788
	Energy calls at each min: [1, 1001, 8788]
	Total force calls: 8788
	Force calls at each min: [1, 1001, 8788]
	Total steps: 9246
	Total Biases: 70

Verification against reference:
True minima found: 3/3

Verification against reference (saddles):
True saddles found: 0/2
Missed saddles at positions:
[0.21248658 0.29298833]
[-0.82200156  0.6243128 ]
Starting run 1385
Identified minimum at position [0.6234994  0.02803776] with unbiased energy -108.16672411685238
Identified minimum at position [-0.0500296   0.46669798] with unbiased energy -80.76781808751025
Approximate Hessian has condition number >1e6 and cannot be reliably trusted; reverting to default behavior. 
Eigenvalues: [6.72136213e-04 1.22077941e+03]
Identified minimum at position [-0.55822365  1.44172582] with unbiased energy -146.69951720995388
Simulation completed.


Energies of found minima:
Minimum 1: Position = [0.6234994  0.02803776], Energy = -108.16672411685238
Minimum 2: Position = [-0.0500296   0.46669798], Energy = -80.76781808751025
Minimum 3: Position = [-0.55822365  1.44172582], Energy = -146.69951720995388

Approximate saddle points between minima:
Saddle 1: Position = [0.29376694 0.37567671], Energy = -69.03709121835743
Saddle 2: Position = [0.44495944 0.63803701], Energy = -18.507946505870862

Computational statistics:
	Total energy calls: 10224
	Energy calls at each min: [1, 1447, 10224]
	Total force calls: 10224
	Force calls at each min: [1, 1447, 10224]
	Total steps: 10782
	Total Biases: 84

Verification against reference:
True minima found: 3/3

Verification against reference (saddles):
True saddles found: 0/2
Missed saddles at positions:
[0.21248658 0.29298833]
[-0.82200156  0.6243128 ]
Starting run 936
Identified minimum at position [0.6234994  0.02803776] with unbiased energy -108.16672411685238
Identified minimum at position [-0.05067257  0.46686342] with unbiased energy -80.7677617119403
Identified minimum at position [-0.55822364  1.44172583] with unbiased energy -146.699517209954
Simulation completed.


Energies of found minima:
Minimum 1: Position = [0.6234994  0.02803776], Energy = -108.16672411685238
Minimum 2: Position = [-0.05067257  0.46686342], Energy = -80.7677617119403
Minimum 3: Position = [-0.55822364  1.44172583], Energy = -146.699517209954

Approximate saddle points between minima:
Saddle 1: Position = [0.94155848 0.00434482], Energy = -71.06845922756926
Saddle 2: Position = [-0.87727346  0.52493723], Energy = -37.246754524780386

Computational statistics:
	Total energy calls: 10331
	Energy calls at each min: [1, 2655, 10331]
	Total force calls: 10331
	Force calls at each min: [1, 2655, 10331]
	Total steps: 10879
	Total Biases: 85

Verification against reference:
True minima found: 3/3

Verification against reference (saddles):
True saddles found: 0/2
Missed saddles at positions:
[0.21248658 0.29298833]
[-0.82200156  0.6243128 ]
Starting run 2639
Identified minimum at position [0.6234994  0.02803776] with unbiased energy -108.16672411685238
Identified minimum at position [-0.05001925  0.46669595] with unbiased energy -80.76781812101868
Identified minimum at position [-0.55822362  1.44172586] with unbiased energy -146.69951720995388
Simulation completed.


Energies of found minima:
Minimum 1: Position = [0.6234994  0.02803776], Energy = -108.16672411685238
Minimum 2: Position = [-0.05001925  0.46669595], Energy = -80.76781812101868
Minimum 3: Position = [-0.55822362  1.44172586], Energy = -146.69951720995388

Approximate saddle points between minima:
Saddle 1: Position = [0.26210477 0.33444158], Energy = -71.21103565698128
Saddle 2: Position = [-0.84391813  0.61846502], Energy = -40.641585932867656

Computational statistics:
	Total energy calls: 4015
	Energy calls at each min: [1, 733, 4015]
	Total force calls: 4015
	Force calls at each min: [1, 733, 4015]
	Total steps: 4227
	Total Biases: 34

Verification against reference:
True minima found: 3/3

Verification against reference (saddles):
True saddles found: 1/2
Missed saddles at positions:
[0.21248658 0.29298833]
Starting run 5075
Identified minimum at position [0.6234994  0.02803776] with unbiased energy -108.16672411685238
Identified minimum at position [-0.05001126  0.46669425] with unbiased energy -80.7678181296302
Identified minimum at position [-0.55822362  1.44172585] with unbiased energy -146.69951720995397
Simulation completed.


Energies of found minima:
Minimum 1: Position = [0.6234994  0.02803776], Energy = -108.16672411685238
Minimum 2: Position = [-0.05001126  0.46669425], Energy = -80.7678181296302
Minimum 3: Position = [-0.55822362  1.44172585], Energy = -146.69951720995397

Approximate saddle points between minima:
Saddle 1: Position = [0.134353   0.28747454], Energy = -71.4535260376212
Saddle 2: Position = [-0.80743268  0.46800268], Energy = -37.74760527091773

Computational statistics:
	Total energy calls: 4877
	Energy calls at each min: [1, 962, 4877]
	Total force calls: 4877
	Force calls at each min: [1, 962, 4877]
	Total steps: 5140
	Total Biases: 42

Verification against reference:
True minima found: 3/3

Verification against reference (saddles):
True saddles found: 0/2
Missed saddles at positions:
[0.21248658 0.29298833]
[-0.82200156  0.6243128 ]
Starting run 3958
Identified minimum at position [0.6234994  0.02803776] with unbiased energy -108.16672411685238
Identified minimum at position [-0.05001854  0.466696  ] with unbiased energy -80.76781812212903
Identified minimum at position [-0.55822362  1.44172586] with unbiased energy -146.6995172099539
Simulation completed.


Energies of found minima:
Minimum 1: Position = [0.6234994  0.02803776], Energy = -108.16672411685238
Minimum 2: Position = [-0.05001854  0.466696  ], Energy = -80.76781812212903
Minimum 3: Position = [-0.55822362  1.44172586], Energy = -146.6995172099539

Approximate saddle points between minima:
Saddle 1: Position = [0.84764218 0.14535042], Energy = -66.25574838020137
Saddle 2: Position = [-0.61996766  0.67562877], Energy = -39.12148592857588

Computational statistics:
	Total energy calls: 4524
	Energy calls at each min: [1, 1530, 4524]
	Total force calls: 4524
	Force calls at each min: [1, 1530, 4524]
	Total steps: 4765
	Total Biases: 37

Verification against reference:
True minima found: 3/3

Verification against reference (saddles):
True saddles found: 0/2
Missed saddles at positions:
[0.21248658 0.29298833]
[-0.82200156  0.6243128 ]
Starting run 2026
Identified minimum at position [0.6234994  0.02803776] with unbiased energy -108.16672411685238
Identified minimum at position [-0.05001193  0.46669434] with unbiased energy -80.76781812951064
Identified minimum at position [-0.55822363  1.44172584] with unbiased energy -146.699517209954
Simulation completed.


Energies of found minima:
Minimum 1: Position = [0.6234994  0.02803776], Energy = -108.16672411685238
Minimum 2: Position = [-0.05001193  0.46669434], Energy = -80.76781812951064
Minimum 3: Position = [-0.55822363  1.44172584], Energy = -146.699517209954

Approximate saddle points between minima:
Saddle 1: Position = [0.15127529 0.10563295], Energy = -71.87754198996579
Saddle 2: Position = [-0.60419267  0.7452583 ], Energy = -30.887485700808675

Computational statistics:
	Total energy calls: 8980
	Energy calls at each min: [1, 1009, 8980]
	Total force calls: 8980
	Force calls at each min: [1, 1009, 8980]
	Total steps: 9472
	Total Biases: 75

Verification against reference:
True minima found: 3/3

Verification against reference (saddles):
True saddles found: 0/2
Missed saddles at positions:
[0.21248658 0.29298833]
[-0.82200156  0.6243128 ]
Starting run 4028
Identified minimum at position [0.6234994  0.02803776] with unbiased energy -108.16672411685238
Identified minimum at position [-0.55822362  1.44172586] with unbiased energy -146.69951720995397
Approximate Hessian has condition number >1e6 and cannot be reliably trusted; reverting to default behavior. 
Eigenvalues: [2.46828298e-03 5.87714107e+05]
Approximate Hessian has condition number >1e6 and cannot be reliably trusted; reverting to default behavior. 
Eigenvalues: [9.64728533e-04 3.69407928e+06]
Approximate Hessian has condition number >1e6 and cannot be reliably trusted; reverting to default behavior. 
Eigenvalues: [3.09510157e-03 5.57013371e+07]
Approximate Hessian has condition number >1e6 and cannot be reliably trusted; reverting to default behavior. 
Eigenvalues: [3.32463707e-03 1.90871868e+06]
Approximate Hessian has condition number >1e6 and cannot be reliably trusted; reverting to default behavior. 
Eigenvalues: [1.10007823e-05 1.06791932e+08]
Approximate Hessian has condition number >1e6 and cannot be reliably trusted; reverting to default behavior. 
Eigenvalues: [9.56179341e-04 2.48525368e+06]
Approximate Hessian has condition number >1e6 and cannot be reliably trusted; reverting to default behavior. 
Eigenvalues: [1.74619886e-03 4.30131510e+06]
Approximate Hessian has condition number >1e6 and cannot be reliably trusted; reverting to default behavior. 
Eigenvalues: [1.01454175e-03 1.42338603e+07]
Approximate Hessian has condition number >1e6 and cannot be reliably trusted; reverting to default behavior. 
Eigenvalues: [2.21039954e-04 2.83832055e+06]
Simulation completed.


Energies of found minima:
Minimum 1: Position = [0.6234994  0.02803776], Energy = -108.16672411685238
Minimum 2: Position = [-0.55822362  1.44172586], Energy = -146.69951720995397

Approximate saddle points between minima:
Saddle 1: Position = [-0.87753127  0.56739372], Energy = -39.0853693420278

Computational statistics:
	Total energy calls: 641386
	Energy calls at each min: [1, 8224]
	Total force calls: 641386
	Force calls at each min: [1, 8224]
	Total steps: 675179
	Total Biases: 5000

Verification against reference:
True minima found: 2/3
Missed minima at positions:
[-0.05001082  0.4666941 ]

Verification against reference (saddles):
True saddles found: 0/2
Missed saddles at positions:
[0.21248658 0.29298833]
[-0.82200156  0.6243128 ]
Starting run 76
Identified minimum at position [0.6234994  0.02803776] with unbiased energy -108.16672411685238
Identified minimum at position [-0.05111729  0.4668615 ] with unbiased energy -80.76767909083344
Identified minimum at position [-0.55822361  1.44172586] with unbiased energy -146.6995172099538
Simulation completed.


Energies of found minima:
Minimum 1: Position = [0.6234994  0.02803776], Energy = -108.16672411685238
Minimum 2: Position = [-0.05111729  0.4668615 ], Energy = -80.76767909083344
Minimum 3: Position = [-0.55822361  1.44172586], Energy = -146.6995172099538

Approximate saddle points between minima:
Saddle 1: Position = [0.23406675 0.32238021], Energy = -72.02846590117481
Saddle 2: Position = [-0.44044858  0.20544619], Energy = -28.806854624379888

Computational statistics:
	Total energy calls: 8233
	Energy calls at each min: [1, 1845, 8233]
	Total force calls: 8233
	Force calls at each min: [1, 1845, 8233]
	Total steps: 8668
	Total Biases: 66

Verification against reference:
True minima found: 2/3
Missed minima at positions:
[-0.05001082  0.4666941 ]

Verification against reference (saddles):
True saddles found: 1/2
Missed saddles at positions:
[-0.82200156  0.6243128 ]
Starting run 1670
Identified minimum at position [0.6234994  0.02803776] with unbiased energy -108.16672411685238
Approximate Hessian has condition number >1e6 and cannot be reliably trusted; reverting to default behavior. 
Eigenvalues: [1.63074338e-03 3.87520936e+06]
Identified minimum at position [-0.05198752  0.46718843] with unbiased energy -80.76731942920604
Identified minimum at position [-0.55822365  1.44172583] with unbiased energy -146.69951720995388
Simulation completed.


Energies of found minima:
Minimum 1: Position = [0.6234994  0.02803776], Energy = -108.16672411685238
Minimum 2: Position = [-0.05198752  0.46718843], Energy = -80.76731942920604
Minimum 3: Position = [-0.55822365  1.44172583], Energy = -146.69951720995388

Approximate saddle points between minima:
Saddle 1: Position = [0.18789309 0.29463719], Energy = -72.21176404432731
Saddle 2: Position = [-0.18601103  0.11817948], Energy = -38.36676360112031

Computational statistics:
	Total energy calls: 8127
	Energy calls at each min: [1, 1227, 8127]
	Total force calls: 8127
	Force calls at each min: [1, 1227, 8127]
	Total steps: 8528
	Total Biases: 66

Verification against reference:
True minima found: 2/3
Missed minima at positions:
[-0.05001082  0.4666941 ]

Verification against reference (saddles):
True saddles found: 1/2
Missed saddles at positions:
[-0.82200156  0.6243128 ]
Starting run 1631
Identified minimum at position [0.6234994  0.02803776] with unbiased energy -108.16672411685238
Identified minimum at position [-0.05047923  0.46679621] with unbiased energy -80.76779148183343
Identified minimum at position [-0.55822362  1.44172585] with unbiased energy -146.69951720995397
Simulation completed.


Energies of found minima:
Minimum 1: Position = [0.6234994  0.02803776], Energy = -108.16672411685238
Minimum 2: Position = [-0.05047923  0.46679621], Energy = -80.76779148183343
Minimum 3: Position = [-0.55822362  1.44172585], Energy = -146.69951720995397

Approximate saddle points between minima:
Saddle 1: Position = [0.45352838 0.29103305], Energy = -65.78310648753913
Saddle 2: Position = [0.94933241 0.1982005 ], Energy = -19.35512234975735

Computational statistics:
	Total energy calls: 13237
	Energy calls at each min: [1, 1568, 13237]
	Total force calls: 13237
	Force calls at each min: [1, 1568, 13237]
	Total steps: 13933
	Total Biases: 104

Verification against reference:
True minima found: 3/3

Verification against reference (saddles):
True saddles found: 0/2
Missed saddles at positions:
[0.21248658 0.29298833]
[-0.82200156  0.6243128 ]
Starting run 2563
Identified minimum at position [0.6234994  0.02803776] with unbiased energy -108.16672411685238
Identified minimum at position [-0.05003926  0.4667008 ] with unbiased energy -80.76781802890761
Identified minimum at position [-0.55822365  1.44172583] with unbiased energy -146.6995172099539
Simulation completed.


Energies of found minima:
Minimum 1: Position = [0.6234994  0.02803776], Energy = -108.16672411685238
Minimum 2: Position = [-0.05003926  0.4667008 ], Energy = -80.76781802890761
Minimum 3: Position = [-0.55822365  1.44172583], Energy = -146.6995172099539

Approximate saddle points between minima:
Saddle 1: Position = [0.12678908 0.12346504], Energy = -69.41052987544708
Saddle 2: Position = [-0.82257987  0.59081478], Energy = -40.622220687172856

Computational statistics:
	Total energy calls: 8564
	Energy calls at each min: [1, 1629, 8564]
	Total force calls: 8564
	Force calls at each min: [1, 1629, 8564]
	Total steps: 8995
	Total Biases: 72

Verification against reference:
True minima found: 3/3

Verification against reference (saddles):
True saddles found: 1/2
Missed saddles at positions:
[0.21248658 0.29298833]
Starting run 4270
Identified minimum at position [0.6234994  0.02803776] with unbiased energy -108.16672411685238
Identified minimum at position [-0.05356392  0.46717382] with unbiased energy -80.76639643390435
Identified minimum at position [-0.55822364  1.44172584] with unbiased energy -146.69951720995397
Simulation completed.


Energies of found minima:
Minimum 1: Position = [0.6234994  0.02803776], Energy = -108.16672411685238
Minimum 2: Position = [-0.05356392  0.46717382], Energy = -80.76639643390435
Minimum 3: Position = [-0.55822364  1.44172584], Energy = -146.69951720995397

Approximate saddle points between minima:
Saddle 1: Position = [0.29330136 0.34009904], Energy = -69.91538101624411
Saddle 2: Position = [-0.18213678 -0.03129126], Energy = -24.306362557851454

Computational statistics:
	Total energy calls: 10443
	Energy calls at each min: [1, 1460, 10443]
	Total force calls: 10443
	Force calls at each min: [1, 1460, 10443]
	Total steps: 10985
	Total Biases: 84

Verification against reference:
True minima found: 2/3
Missed minima at positions:
[-0.05001082  0.4666941 ]

Verification against reference (saddles):
True saddles found: 0/2
Missed saddles at positions:
[0.21248658 0.29298833]
[-0.82200156  0.6243128 ]
Starting run 835
Identified minimum at position [0.6234994  0.02803776] with unbiased energy -108.16672411685238
Identified minimum at position [-0.05011468  0.46671133] with unbiased energy -80.76781689206045
Identified minimum at position [-0.55822365  1.44172583] with unbiased energy -146.69951720995394
Simulation completed.


Energies of found minima:
Minimum 1: Position = [0.6234994  0.02803776], Energy = -108.16672411685238
Minimum 2: Position = [-0.05011468  0.46671133], Energy = -80.76781689206045
Minimum 3: Position = [-0.55822365  1.44172583], Energy = -146.69951720995394

Approximate saddle points between minima:
Saddle 1: Position = [0.08435752 0.14529216], Energy = -65.56966569740638
Saddle 2: Position = [-0.71535807  0.66916246], Energy = -39.08089945704946

Computational statistics:
	Total energy calls: 6476
	Energy calls at each min: [1, 1762, 6476]
	Total force calls: 6476
	Force calls at each min: [1, 1762, 6476]
	Total steps: 6817
	Total Biases: 54

Verification against reference:
True minima found: 3/3

Verification against reference (saddles):
True saddles found: 0/2
Missed saddles at positions:
[0.21248658 0.29298833]
[-0.82200156  0.6243128 ]
Starting run 208
Identified minimum at position [0.6234994  0.02803776] with unbiased energy -108.16672411685238
Identified minimum at position [-0.05001146  0.46669423] with unbiased energy -80.7678181296101
Identified minimum at position [-0.55822362  1.44172585] with unbiased energy -146.69951720995397
Simulation completed.


Energies of found minima:
Minimum 1: Position = [0.6234994  0.02803776], Energy = -108.16672411685238
Minimum 2: Position = [-0.05001146  0.46669423], Energy = -80.7678181296101
Minimum 3: Position = [-0.55822362  1.44172585], Energy = -146.69951720995397

Approximate saddle points between minima:
Saddle 1: Position = [0.16229602 0.21513457], Energy = -71.29298916582032
Saddle 2: Position = [-0.92358068  0.5270799 ], Energy = -35.8592268542286

Computational statistics:
	Total energy calls: 5656
	Energy calls at each min: [1, 663, 5656]
	Total force calls: 5656
	Force calls at each min: [1, 663, 5656]
	Total steps: 5962
	Total Biases: 47

Verification against reference:
True minima found: 3/3

Verification against reference (saddles):
True saddles found: 0/2
Missed saddles at positions:
[0.21248658 0.29298833]
[-0.82200156  0.6243128 ]
Starting run 2634
Identified minimum at position [0.6234994  0.02803776] with unbiased energy -108.16672411685238
Identified minimum at position [-0.05002679  0.46669812] with unbiased energy -80.76781809707178
Identified minimum at position [-0.55822362  1.44172585] with unbiased energy -146.69951720995397
Simulation completed.


Energies of found minima:
Minimum 1: Position = [0.6234994  0.02803776], Energy = -108.16672411685238
Minimum 2: Position = [-0.05002679  0.46669812], Energy = -80.76781809707178
Minimum 3: Position = [-0.55822362  1.44172585], Energy = -146.69951720995397

Approximate saddle points between minima:
Saddle 1: Position = [0.37351896 0.33556342], Energy = -65.91782942936047
Saddle 2: Position = [-0.47384626  0.75589985], Energy = -27.74133084810377

Computational statistics:
	Total energy calls: 8823
	Energy calls at each min: [1, 1936, 8823]
	Total force calls: 8823
	Force calls at each min: [1, 1936, 8823]
	Total steps: 9293
	Total Biases: 73

Verification against reference:
True minima found: 3/3

Verification against reference (saddles):
True saddles found: 0/2
Missed saddles at positions:
[0.21248658 0.29298833]
[-0.82200156  0.6243128 ]
Starting run 2256
Identified minimum at position [0.6234994  0.02803776] with unbiased energy -108.16672411685238
Identified minimum at position [-0.05001088  0.46669412] with unbiased energy -80.76781812965862
Identified minimum at position [-0.55822365  1.44172583] with unbiased energy -146.69951720995397
Simulation completed.


Energies of found minima:
Minimum 1: Position = [0.6234994  0.02803776], Energy = -108.16672411685238
Minimum 2: Position = [-0.05001088  0.46669412], Energy = -80.76781812965862
Minimum 3: Position = [-0.55822365  1.44172583], Energy = -146.69951720995397

Approximate saddle points between minima:
Saddle 1: Position = [0.17150396 0.26816501], Energy = -71.6779906894934
Saddle 2: Position = [-0.8243286   0.61360477], Energy = -40.65065361415138

Computational statistics:
	Total energy calls: 4601
	Energy calls at each min: [1, 1171, 4601]
	Total force calls: 4601
	Force calls at each min: [1, 1171, 4601]
	Total steps: 4849
	Total Biases: 38

Verification against reference:
True minima found: 3/3

Verification against reference (saddles):
True saddles found: 2/2
Starting run 35
Identified minimum at position [0.6234994  0.02803776] with unbiased energy -108.16672411685238
Identified minimum at position [-0.05013541  0.4667185 ] with unbiased energy -80.76781629649824
Identified minimum at position [-0.55822363  1.44172585] with unbiased energy -146.699517209954
Simulation completed.


Energies of found minima:
Minimum 1: Position = [0.6234994  0.02803776], Energy = -108.16672411685238
Minimum 2: Position = [-0.05013541  0.4667185 ], Energy = -80.76781629649824
Minimum 3: Position = [-0.55822363  1.44172585], Energy = -146.699517209954

Approximate saddle points between minima:
Saddle 1: Position = [0.32736799 0.2888414 ], Energy = -71.11543616920258
Saddle 2: Position = [-0.72464099  0.65235944], Energy = -40.1074094575296

Computational statistics:
	Total energy calls: 6284
	Energy calls at each min: [1, 953, 6284]
	Total force calls: 6284
	Force calls at each min: [1, 953, 6284]
	Total steps: 6611
	Total Biases: 54

Verification against reference:
True minima found: 3/3

Verification against reference (saddles):
True saddles found: 0/2
Missed saddles at positions:
[0.21248658 0.29298833]
[-0.82200156  0.6243128 ]
Starting run 4502
Identified minimum at position [0.6234994  0.02803776] with unbiased energy -108.16672411685238
Identified minimum at position [-0.05010901  0.46671854] with unbiased energy -80.76781690265412
Identified minimum at position [-0.55822366  1.44172582] with unbiased energy -146.69951720995383
Simulation completed.


Energies of found minima:
Minimum 1: Position = [0.6234994  0.02803776], Energy = -108.16672411685238
Minimum 2: Position = [-0.05010901  0.46671854], Energy = -80.76781690265412
Minimum 3: Position = [-0.55822366  1.44172582], Energy = -146.69951720995383

Approximate saddle points between minima:
Saddle 1: Position = [0.20544591 0.28110907], Energy = -72.2295097072467
Saddle 2: Position = [-0.73232758  0.72488374], Energy = -36.887046141727296

Computational statistics:
	Total energy calls: 7010
	Energy calls at each min: [1, 1194, 7010]
	Total force calls: 7010
	Force calls at each min: [1, 1194, 7010]
	Total steps: 7366
	Total Biases: 60

Verification against reference:
True minima found: 3/3

Verification against reference (saddles):
True saddles found: 1/2
Missed saddles at positions:
[-0.82200156  0.6243128 ]
Starting run 4381
Identified minimum at position [0.6234994  0.02803776] with unbiased energy -108.16672411685238
Identified minimum at position [-0.05036266  0.46676962] with unbiased energy -80.76780316371986
Identified minimum at position [-0.55822362  1.44172586] with unbiased energy -146.69951720995388
Simulation completed.


Energies of found minima:
Minimum 1: Position = [0.6234994  0.02803776], Energy = -108.16672411685238
Minimum 2: Position = [-0.05036266  0.46676962], Energy = -80.76780316371986
Minimum 3: Position = [-0.55822362  1.44172586], Energy = -146.69951720995388

Approximate saddle points between minima:
Saddle 1: Position = [0.25788841 0.34859902], Energy = -71.22755746693643
Saddle 2: Position = [-0.79820936  0.63427251], Energy = -40.5861124024794

Computational statistics:
	Total energy calls: 10465
	Energy calls at each min: [1, 1798, 10465]
	Total force calls: 10465
	Force calls at each min: [1, 1798, 10465]
	Total steps: 11002
	Total Biases: 87

Verification against reference:
True minima found: 3/3

Verification against reference (saddles):
True saddles found: 1/2
Missed saddles at positions:
[0.21248658 0.29298833]
Starting run 2264
Identified minimum at position [0.6234994  0.02803776] with unbiased energy -108.16672411685238
Identified minimum at position [-0.05045962  0.4667952 ] with unbiased energy -80.76779341429776
Identified minimum at position [-0.55822362  1.44172586] with unbiased energy -146.69951720995388
Simulation completed.


Energies of found minima:
Minimum 1: Position = [0.6234994  0.02803776], Energy = -108.16672411685238
Minimum 2: Position = [-0.05045962  0.4667952 ], Energy = -80.76779341429776
Minimum 3: Position = [-0.55822362  1.44172586], Energy = -146.69951720995388

Approximate saddle points between minima:
Saddle 1: Position = [0.33131528 0.30945663], Energy = -69.68990365684634
Saddle 2: Position = [0.53386982 0.4799167 ], Energy = -32.67734887318796

Computational statistics:
	Total energy calls: 12063
	Energy calls at each min: [1, 1714, 12063]
	Total force calls: 12063
	Force calls at each min: [1, 1714, 12063]
	Total steps: 12725
	Total Biases: 97

Verification against reference:
True minima found: 3/3

Verification against reference (saddles):
True saddles found: 0/2
Missed saddles at positions:
[0.21248658 0.29298833]
[-0.82200156  0.6243128 ]
Starting run 2188
Identified minimum at position [0.6234994  0.02803776] with unbiased energy -108.16672411685238
Identified minimum at position [-0.05039409  0.46679556] with unbiased energy -80.7677989094166
Identified minimum at position [-0.55822362  1.44172585] with unbiased energy -146.69951720995394
Simulation completed.


Energies of found minima:
Minimum 1: Position = [0.6234994  0.02803776], Energy = -108.16672411685238
Minimum 2: Position = [-0.05039409  0.46679556], Energy = -80.7677989094166
Minimum 3: Position = [-0.55822362  1.44172585], Energy = -146.69951720995394

Approximate saddle points between minima:
Saddle 1: Position = [0.24359109 0.29047434], Energy = -72.19523679748814
Saddle 2: Position = [-0.13702189  0.04961644], Energy = -37.408652908002615

Computational statistics:
	Total energy calls: 12617
	Energy calls at each min: [1, 1993, 12617]
	Total force calls: 12617
	Force calls at each min: [1, 1993, 12617]
	Total steps: 13261
	Total Biases: 105

Verification against reference:
True minima found: 3/3

Verification against reference (saddles):
True saddles found: 1/2
Missed saddles at positions:
[-0.82200156  0.6243128 ]
Starting run 2225
Identified minimum at position [0.6234994  0.02803776] with unbiased energy -108.16672411685238
Identified minimum at position [-0.05006573  0.46670702] with unbiased energy -80.76781775418617
Identified minimum at position [-0.55822363  1.44172584] with unbiased energy -146.69951720995402
Simulation completed.


Energies of found minima:
Minimum 1: Position = [0.6234994  0.02803776], Energy = -108.16672411685238
Minimum 2: Position = [-0.05006573  0.46670702], Energy = -80.76781775418617
Minimum 3: Position = [-0.55822363  1.44172584], Energy = -146.69951720995402

Approximate saddle points between minima:
Saddle 1: Position = [0.37525128 0.32724856], Energy = -66.42368068516583
Saddle 2: Position = [-0.50264876  0.29255488], Energy = -38.90990478472732

Computational statistics:
	Total energy calls: 8439
	Energy calls at each min: [1, 2787, 8439]
	Total force calls: 8439
	Force calls at each min: [1, 2787, 8439]
	Total steps: 8892
	Total Biases: 71

Verification against reference:
True minima found: 3/3

Verification against reference (saddles):
True saddles found: 0/2
Missed saddles at positions:
[0.21248658 0.29298833]
[-0.82200156  0.6243128 ]
