Starting run 4921
Identified minimum at position [0.6234994  0.02803776] with unbiased energy -108.16672411685238
Identified minimum at position [-0.05112187  0.4668939 ] with unbiased energy -80.76767474581284
Identified minimum at position [-0.55822365  1.44172583] with unbiased energy -146.6995172099539
Simulation completed.


Energies of found minima:
Minimum 1: Position = [0.6234994  0.02803776], Energy = -108.16672411685238
Minimum 2: Position = [-0.05112187  0.4668939 ], Energy = -80.76767474581284
Minimum 3: Position = [-0.55822365  1.44172583], Energy = -146.6995172099539

Approximate saddle points between minima:
Saddle 1: Position = [0.22393264 0.28179954], Energy = -72.3335026290068
Saddle 2: Position = [-0.72406296  0.68575133], Energy = -38.189299822303596

Computational statistics:
	Total energy calls: 7582
	Energy calls at each min: [1, 1891, 7582]
	Total force calls: 7582
	Force calls at each min: [1, 1891, 7582]
	Total steps: 7990
	Total Biases: 64

Verification against reference:
True minima found: 2/3
Missed minima at positions:
[-0.05001082  0.4666941 ]

Verification against reference (saddles):
True saddles found: 1/2
Missed saddles at positions:
[-0.82200156  0.6243128 ]
Starting run 1683
Identified minimum at position [0.6234994  0.02803776] with unbiased energy -108.16672411685238
Identified minimum at position [-0.05009932  0.46672001] with unbiased energy -80.76781704891137
Identified minimum at position [-0.55822365  1.44172582] with unbiased energy -146.6995172099539
Simulation completed.


Energies of found minima:
Minimum 1: Position = [0.6234994  0.02803776], Energy = -108.16672411685238
Minimum 2: Position = [-0.05009932  0.46672001], Energy = -80.76781704891137
Minimum 3: Position = [-0.55822365  1.44172582], Energy = -146.6995172099539

Approximate saddle points between minima:
Saddle 1: Position = [0.25432729 0.28964106], Energy = -72.15024188805026
Saddle 2: Position = [-0.82747684  0.57524091], Energy = -40.4044253793587

Computational statistics:
	Total energy calls: 10556
	Energy calls at each min: [1, 1863, 10556]
	Total force calls: 10556
	Force calls at each min: [1, 1863, 10556]
	Total steps: 11103
	Total Biases: 88

Verification against reference:
True minima found: 3/3

Verification against reference (saddles):
True saddles found: 2/2
Starting run 364
Identified minimum at position [0.6234994  0.02803776] with unbiased energy -108.16672411685238
Identified minimum at position [-0.05001122  0.46669418] with unbiased energy -80.7678181296403
Identified minimum at position [-0.55822362  1.44172586] with unbiased energy -146.6995172099539
Simulation completed.


Energies of found minima:
Minimum 1: Position = [0.6234994  0.02803776], Energy = -108.16672411685238
Minimum 2: Position = [-0.05001122  0.46669418], Energy = -80.7678181296403
Minimum 3: Position = [-0.55822362  1.44172586], Energy = -146.6995172099539

Approximate saddle points between minima:
Saddle 1: Position = [0.20237202 0.28039724], Energy = -72.20451348102841
Saddle 2: Position = [ 0.00861009 -0.07663425], Energy = -38.30192637420916

Computational statistics:
	Total energy calls: 6498
	Energy calls at each min: [1, 1155, 6498]
	Total force calls: 6498
	Force calls at each min: [1, 1155, 6498]
	Total steps: 6848
	Total Biases: 52

Verification against reference:
True minima found: 3/3

Verification against reference (saddles):
True saddles found: 1/2
Missed saddles at positions:
[-0.82200156  0.6243128 ]
Starting run 718
Identified minimum at position [0.6234994  0.02803776] with unbiased energy -108.16672411685238
Identified minimum at position [-0.05002888  0.46669808] with unbiased energy -80.76781808992773
Identified minimum at position [-0.55822365  1.44172583] with unbiased energy -146.69951720995388
Simulation completed.


Energies of found minima:
Minimum 1: Position = [0.6234994  0.02803776], Energy = -108.16672411685238
Minimum 2: Position = [-0.05002888  0.46669808], Energy = -80.76781808992773
Minimum 3: Position = [-0.55822365  1.44172583], Energy = -146.69951720995388

Approximate saddle points between minima:
Saddle 1: Position = [0.94638485 0.03594669], Energy = -69.35919854905362
Saddle 2: Position = [-0.9112312   0.52084574], Energy = -35.81568904001184

Computational statistics:
	Total energy calls: 4496
	Energy calls at each min: [1, 1412, 4496]
	Total force calls: 4496
	Force calls at each min: [1, 1412, 4496]
	Total steps: 4732
	Total Biases: 37

Verification against reference:
True minima found: 3/3

Verification against reference (saddles):
True saddles found: 0/2
Missed saddles at positions:
[0.21248658 0.29298833]
[-0.82200156  0.6243128 ]
Starting run 556
Identified minimum at position [0.6234994  0.02803776] with unbiased energy -108.16672411685238
Identified minimum at position [-0.05163659  0.46787599] with unbiased energy -80.76676986439337
Identified minimum at position [-0.55822361  1.44172586] with unbiased energy -146.69951720995388
Simulation completed.


Energies of found minima:
Minimum 1: Position = [0.6234994  0.02803776], Energy = -108.16672411685238
Minimum 2: Position = [-0.05163659  0.46787599], Energy = -80.76676986439337
Minimum 3: Position = [-0.55822361  1.44172586], Energy = -146.69951720995388

Approximate saddle points between minima:
Saddle 1: Position = [0.32957999 0.32672595], Energy = -68.81565790447041
Saddle 2: Position = [0.14849076 0.68235781], Energy = -38.505800129901516

Computational statistics:
	Total energy calls: 8462
	Energy calls at each min: [1, 1579, 8462]
	Total force calls: 8462
	Force calls at each min: [1, 1579, 8462]
	Total steps: 8900
	Total Biases: 67

Verification against reference:
True minima found: 2/3
Missed minima at positions:
[-0.05001082  0.4666941 ]

Verification against reference (saddles):
True saddles found: 0/2
Missed saddles at positions:
[0.21248658 0.29298833]
[-0.82200156  0.6243128 ]
Starting run 3693
Identified minimum at position [0.6234994  0.02803776] with unbiased energy -108.16672411685238
Identified minimum at position [-0.0500117  0.4666943] with unbiased energy -80.7678181295637
Identified minimum at position [-0.55822362  1.44172586] with unbiased energy -146.69951720995394
Simulation completed.


Energies of found minima:
Minimum 1: Position = [0.6234994  0.02803776], Energy = -108.16672411685238
Minimum 2: Position = [-0.0500117  0.4666943], Energy = -80.7678181295637
Minimum 3: Position = [-0.55822362  1.44172586], Energy = -146.69951720995394

Approximate saddle points between minima:
Saddle 1: Position = [0.28680558 0.29341422], Energy = -71.65597560872679
Saddle 2: Position = [-0.87828828  0.59930103], Energy = -40.178111323048526

Computational statistics:
	Total energy calls: 3892
	Energy calls at each min: [1, 972, 3892]
	Total force calls: 3892
	Force calls at each min: [1, 972, 3892]
	Total steps: 4098
	Total Biases: 32

Verification against reference:
True minima found: 3/3

Verification against reference (saddles):
True saddles found: 0/2
Missed saddles at positions:
[0.21248658 0.29298833]
[-0.82200156  0.6243128 ]
Starting run 4647
Identified minimum at position [0.6234994  0.02803776] with unbiased energy -108.16672411685238
Identified minimum at position [-0.05001437  0.46669491] with unbiased energy -80.76781812811296
Identified minimum at position [-0.55822364  1.44172584] with unbiased energy -146.69951720995402
Simulation completed.


Energies of found minima:
Minimum 1: Position = [0.6234994  0.02803776], Energy = -108.16672411685238
Minimum 2: Position = [-0.05001437  0.46669491], Energy = -80.76781812811296
Minimum 3: Position = [-0.55822364  1.44172584], Energy = -146.69951720995402

Approximate saddle points between minima:
Saddle 1: Position = [0.19535068 0.27938433], Energy = -72.13466202913781
Saddle 2: Position = [-0.84879424  0.567911  ], Energy = -39.73753003792133

Computational statistics:
	Total energy calls: 5294
	Energy calls at each min: [1, 1142, 5294]
	Total force calls: 5294
	Force calls at each min: [1, 1142, 5294]
	Total steps: 5563
	Total Biases: 45

Verification against reference:
True minima found: 3/3

Verification against reference (saddles):
True saddles found: 1/2
Missed saddles at positions:
[-0.82200156  0.6243128 ]
Starting run 2496
Identified minimum at position [0.6234994  0.02803776] with unbiased energy -108.16672411685238
Approximate Hessian has condition number >1e6 and cannot be reliably trusted; reverting to default behavior. 
Eigenvalues: [6.11445983e-04 3.30440757e+06]
Identified minimum at position [-0.05009392  0.46671512] with unbiased energy -80.7678172446054
Identified minimum at position [-0.55822364  1.44172584] with unbiased energy -146.69951720995397
Simulation completed.


Energies of found minima:
Minimum 1: Position = [0.6234994  0.02803776], Energy = -108.16672411685238
Minimum 2: Position = [-0.05009392  0.46671512], Energy = -80.7678172446054
Minimum 3: Position = [-0.55822364  1.44172584], Energy = -146.69951720995397

Approximate saddle points between minima:
Saddle 1: Position = [0.10987283 0.1654429 ], Energy = -67.94800783963771
Saddle 2: Position = [-0.36102337  0.227165  ], Energy = -37.875659979041345

Computational statistics:
	Total energy calls: 8623
	Energy calls at each min: [1, 1932, 8623]
	Total force calls: 8623
	Force calls at each min: [1, 1932, 8623]
	Total steps: 9081
	Total Biases: 71

Verification against reference:
True minima found: 3/3

Verification against reference (saddles):
True saddles found: 0/2
Missed saddles at positions:
[0.21248658 0.29298833]
[-0.82200156  0.6243128 ]
Starting run 651
Identified minimum at position [0.6234994  0.02803776] with unbiased energy -108.16672411685238
Identified minimum at position [-0.05001851  0.4666976 ] with unbiased energy -80.76781811772821
Identified minimum at position [-0.55822365  1.44172582] with unbiased energy -146.69951720995388
Simulation completed.


Energies of found minima:
Minimum 1: Position = [0.6234994  0.02803776], Energy = -108.16672411685238
Minimum 2: Position = [-0.05001851  0.4666976 ], Energy = -80.76781811772821
Minimum 3: Position = [-0.55822365  1.44172582], Energy = -146.69951720995388

Approximate saddle points between minima:
Saddle 1: Position = [0.13389343 0.26622376], Energy = -70.72016336789878
Saddle 2: Position = [-0.83084512  0.59050137], Energy = -40.4693479865929

Computational statistics:
	Total energy calls: 4187
	Energy calls at each min: [1, 1718, 4187]
	Total force calls: 4187
	Force calls at each min: [1, 1718, 4187]
	Total steps: 4400
	Total Biases: 38

Verification against reference:
True minima found: 3/3

Verification against reference (saddles):
True saddles found: 1/2
Missed saddles at positions:
[0.21248658 0.29298833]
Starting run 570
Identified minimum at position [0.6234994  0.02803776] with unbiased energy -108.16672411685238
Identified minimum at position [-0.05001485  0.46669571] with unbiased energy -80.76781812682216
Identified minimum at position [-0.55822363  1.44172585] with unbiased energy -146.69951720995402
Simulation completed.


Energies of found minima:
Minimum 1: Position = [0.6234994  0.02803776], Energy = -108.16672411685238
Minimum 2: Position = [-0.05001485  0.46669571], Energy = -80.76781812682216
Minimum 3: Position = [-0.55822363  1.44172585], Energy = -146.69951720995402

Approximate saddle points between minima:
Saddle 1: Position = [0.4562679  0.26109624], Energy = -70.2887514217663
Saddle 2: Position = [-0.23938521  0.12779741], Energy = -34.46293259419831

Computational statistics:
	Total energy calls: 11995
	Energy calls at each min: [1, 1952, 11995]
	Total force calls: 11995
	Force calls at each min: [1, 1952, 11995]
	Total steps: 12636
	Total Biases: 96

Verification against reference:
True minima found: 3/3

Verification against reference (saddles):
True saddles found: 0/2
Missed saddles at positions:
[0.21248658 0.29298833]
[-0.82200156  0.6243128 ]
Starting run 4325
Identified minimum at position [0.6234994  0.02803776] with unbiased energy -108.16672411685238
Identified minimum at position [-0.05130244  0.46694022] with unbiased energy -80.76762221440728
Identified minimum at position [-0.55822365  1.44172583] with unbiased energy -146.69951720995394
Simulation completed.


Energies of found minima:
Minimum 1: Position = [0.6234994  0.02803776], Energy = -108.16672411685238
Minimum 2: Position = [-0.05130244  0.46694022], Energy = -80.76762221440728
Minimum 3: Position = [-0.55822365  1.44172583], Energy = -146.69951720995394

Approximate saddle points between minima:
Saddle 1: Position = [0.16665312 0.29634061], Energy = -72.12836603605331
Saddle 2: Position = [-0.82922924  0.59688014], Energy = -40.540069814774085

Computational statistics:
	Total energy calls: 1962
	Energy calls at each min: [1, 785, 1962]
	Total force calls: 1962
	Force calls at each min: [1, 785, 1962]
	Total steps: 2064
	Total Biases: 18

Verification against reference:
True minima found: 2/3
Missed minima at positions:
[-0.05001082  0.4666941 ]

Verification against reference (saddles):
True saddles found: 2/2
Starting run 2136
Identified minimum at position [0.6234994  0.02803776] with unbiased energy -108.16672411685238
Identified minimum at position [-0.05001896  0.46669674] with unbiased energy -80.76781811990918
Identified minimum at position [-0.55822363  1.44172584] with unbiased energy -146.69951720995397
Simulation completed.


Energies of found minima:
Minimum 1: Position = [0.6234994  0.02803776], Energy = -108.16672411685238
Minimum 2: Position = [-0.05001896  0.46669674], Energy = -80.76781811990918
Minimum 3: Position = [-0.55822363  1.44172584], Energy = -146.69951720995397

Approximate saddle points between minima:
Saddle 1: Position = [0.37193008 0.34173197], Energy = -65.59124260582888
Saddle 2: Position = [-0.66907294  0.71909663], Energy = -34.886680466109

Computational statistics:
	Total energy calls: 8287
	Energy calls at each min: [1, 1748, 8287]
	Total force calls: 8287
	Force calls at each min: [1, 1748, 8287]
	Total steps: 8738
	Total Biases: 67

Verification against reference:
True minima found: 3/3

Verification against reference (saddles):
True saddles found: 0/2
Missed saddles at positions:
[0.21248658 0.29298833]
[-0.82200156  0.6243128 ]
Starting run 2450
Identified minimum at position [0.6234994  0.02803776] with unbiased energy -108.16672411685238
Identified minimum at position [-0.0500876   0.46671061] with unbiased energy -80.7678174167613
Identified minimum at position [-0.55822365  1.44172583] with unbiased energy -146.69951720995397
Simulation completed.


Energies of found minima:
Minimum 1: Position = [0.6234994  0.02803776], Energy = -108.16672411685238
Minimum 2: Position = [-0.0500876   0.46671061], Energy = -80.7678174167613
Minimum 3: Position = [-0.55822365  1.44172583], Energy = -146.69951720995397

Approximate saddle points between minima:
Saddle 1: Position = [0.1447151  0.29115059], Energy = -71.74641844519647
Saddle 2: Position = [-0.61384206  0.71076105], Energy = -34.906612522921755

Computational statistics:
	Total energy calls: 11861
	Energy calls at each min: [1, 1484, 11861]
	Total force calls: 11861
	Force calls at each min: [1, 1484, 11861]
	Total steps: 12466
	Total Biases: 98

Verification against reference:
True minima found: 3/3

Verification against reference (saddles):
True saddles found: 0/2
Missed saddles at positions:
[0.21248658 0.29298833]
[-0.82200156  0.6243128 ]
Starting run 4767
Identified minimum at position [0.6234994  0.02803776] with unbiased energy -108.16672411685238
Identified minimum at position [-0.05001379  0.46669476] with unbiased energy -80.76781812858313
Identified minimum at position [-0.55822363  1.44172585] with unbiased energy -146.699517209954
Simulation completed.


Energies of found minima:
Minimum 1: Position = [0.6234994  0.02803776], Energy = -108.16672411685238
Minimum 2: Position = [-0.05001379  0.46669476], Energy = -80.76781812858313
Minimum 3: Position = [-0.55822363  1.44172585], Energy = -146.699517209954

Approximate saddle points between minima:
Saddle 1: Position = [0.29544732 0.314794  ], Energy = -70.62492461211221
Saddle 2: Position = [-0.91859454  0.5796124 ], Energy = -39.144123944143004

Computational statistics:
	Total energy calls: 10537
	Energy calls at each min: [1, 1778, 10537]
	Total force calls: 10537
	Force calls at each min: [1, 1778, 10537]
	Total steps: 11077
	Total Biases: 85

Verification against reference:
True minima found: 3/3

Verification against reference (saddles):
True saddles found: 0/2
Missed saddles at positions:
[0.21248658 0.29298833]
[-0.82200156  0.6243128 ]
Starting run 3411
Identified minimum at position [0.6234994  0.02803776] with unbiased energy -108.16672411685238
Identified minimum at position [-0.05007471  0.4667062 ] with unbiased energy -80.7678176510799
Identified minimum at position [-0.55822365  1.44172583] with unbiased energy -146.69951720995394
Simulation completed.


Energies of found minima:
Minimum 1: Position = [0.6234994  0.02803776], Energy = -108.16672411685238
Minimum 2: Position = [-0.05007471  0.4667062 ], Energy = -80.7678176510799
Minimum 3: Position = [-0.55822365  1.44172583], Energy = -146.69951720995394

Approximate saddle points between minima:
Saddle 1: Position = [0.42497169 0.26574795], Energy = -70.7566257077417
Saddle 2: Position = [-0.78779753  0.63899597], Energy = -40.49464569097591

Computational statistics:
	Total energy calls: 7483
	Energy calls at each min: [1, 1204, 7483]
	Total force calls: 7483
	Force calls at each min: [1, 1204, 7483]
	Total steps: 7884
	Total Biases: 64

Verification against reference:
True minima found: 3/3

Verification against reference (saddles):
True saddles found: 1/2
Missed saddles at positions:
[0.21248658 0.29298833]
Starting run 1766
Identified minimum at position [0.6234994  0.02803776] with unbiased energy -108.16672411685238
Identified minimum at position [-0.05363008  0.4674216 ] with unbiased energy -80.76626076021837
Identified minimum at position [-0.55822362  1.44172586] with unbiased energy -146.69951720995394
Simulation completed.


Energies of found minima:
Minimum 1: Position = [0.6234994  0.02803776], Energy = -108.16672411685238
Minimum 2: Position = [-0.05363008  0.4674216 ], Energy = -80.76626076021837
Minimum 3: Position = [-0.55822362  1.44172586], Energy = -146.69951720995394

Approximate saddle points between minima:
Saddle 1: Position = [0.26335337 0.29137454], Energy = -72.02953338614392
Saddle 2: Position = [-0.43203863  0.24933582], Energy = -36.48846282109504

Computational statistics:
	Total energy calls: 5511
	Energy calls at each min: [1, 1125, 5511]
	Total force calls: 5511
	Force calls at each min: [1, 1125, 5511]
	Total steps: 5806
	Total Biases: 45

Verification against reference:
True minima found: 2/3
Missed minima at positions:
[-0.05001082  0.4666941 ]

Verification against reference (saddles):
True saddles found: 0/2
Missed saddles at positions:
[0.21248658 0.29298833]
[-0.82200156  0.6243128 ]
Starting run 2554
Identified minimum at position [0.6234994  0.02803776] with unbiased energy -108.16672411685238
Identified minimum at position [-0.05001176  0.46669433] with unbiased energy -80.76781812954859
Identified minimum at position [-0.55822363  1.44172584] with unbiased energy -146.699517209954
Simulation completed.


Energies of found minima:
Minimum 1: Position = [0.6234994  0.02803776], Energy = -108.16672411685238
Minimum 2: Position = [-0.05001176  0.46669433], Energy = -80.76781812954859
Minimum 3: Position = [-0.55822363  1.44172584], Energy = -146.699517209954

Approximate saddle points between minima:
Saddle 1: Position = [0.14336929 0.28517964], Energy = -71.52523654204737
Saddle 2: Position = [-0.64348871  0.76289159], Energy = -30.870073504922846

Computational statistics:
	Total energy calls: 7150
	Energy calls at each min: [1, 1478, 7150]
	Total force calls: 7150
	Force calls at each min: [1, 1478, 7150]
	Total steps: 7532
	Total Biases: 57

Verification against reference:
True minima found: 3/3

Verification against reference (saddles):
True saddles found: 0/2
Missed saddles at positions:
[0.21248658 0.29298833]
[-0.82200156  0.6243128 ]
Starting run 3534
Identified minimum at position [0.6234994  0.02803776] with unbiased energy -108.16672411685238
Identified minimum at position [-0.05002716  0.46693389] with unbiased energy -80.76777668725634
Identified minimum at position [-0.55822365  1.44172582] with unbiased energy -146.69951720995388
Simulation completed.


Energies of found minima:
Minimum 1: Position = [0.6234994  0.02803776], Energy = -108.16672411685238
Minimum 2: Position = [-0.05002716  0.46693389], Energy = -80.76777668725634
Minimum 3: Position = [-0.55822365  1.44172582], Energy = -146.69951720995388

Approximate saddle points between minima:
Saddle 1: Position = [0.11165641 0.14088858], Energy = -68.01283058907133
Saddle 2: Position = [-0.58720083  0.28877661], Energy = -32.181785595045426

Computational statistics:
	Total energy calls: 5821
	Energy calls at each min: [1, 847, 5821]
	Total force calls: 5821
	Force calls at each min: [1, 847, 5821]
	Total steps: 6125
	Total Biases: 47

Verification against reference:
True minima found: 3/3

Verification against reference (saddles):
True saddles found: 0/2
Missed saddles at positions:
[0.21248658 0.29298833]
[-0.82200156  0.6243128 ]
Starting run 5053
Identified minimum at position [0.6234994  0.02803776] with unbiased energy -108.16672411685238
Identified minimum at position [-0.05001629  0.46669541] with unbiased energy -80.76781812591994
Identified minimum at position [-0.55822365  1.44172583] with unbiased energy -146.69951720995394
Simulation completed.


Energies of found minima:
Minimum 1: Position = [0.6234994  0.02803776], Energy = -108.16672411685238
Minimum 2: Position = [-0.05001629  0.46669541], Energy = -80.76781812591994
Minimum 3: Position = [-0.55822365  1.44172583], Energy = -146.69951720995394

Approximate saddle points between minima:
Saddle 1: Position = [0.24414745 0.31960866], Energy = -71.83223519580004
Saddle 2: Position = [-0.43286376  0.24118406], Energy = -35.06655736484156

Computational statistics:
	Total energy calls: 8882
	Energy calls at each min: [1, 1331, 8882]
	Total force calls: 8882
	Force calls at each min: [1, 1331, 8882]
	Total steps: 9349
	Total Biases: 73

Verification against reference:
True minima found: 3/3

Verification against reference (saddles):
True saddles found: 1/2
Missed saddles at positions:
[-0.82200156  0.6243128 ]
Starting run 784
Identified minimum at position [0.6234994  0.02803776] with unbiased energy -108.16672411685238
Identified minimum at position [-0.05002833  0.46669823] with unbiased energy -80.76781809146723
Approximate Hessian has condition number >1e6 and cannot be reliably trusted; reverting to default behavior. 
Eigenvalues: [1.40478089e-03 6.95540763e+07]
Identified minimum at position [-0.55822365  1.44172583] with unbiased energy -146.6995172099539
Simulation completed.


Energies of found minima:
Minimum 1: Position = [0.6234994  0.02803776], Energy = -108.16672411685238
Minimum 2: Position = [-0.05002833  0.46669823], Energy = -80.76781809146723
Minimum 3: Position = [-0.55822365  1.44172583], Energy = -146.6995172099539

Approximate saddle points between minima:
Saddle 1: Position = [0.22417259 0.32158109], Energy = -72.21317100091981
Saddle 2: Position = [-0.80071888  0.63703886], Energy = -40.553440096046344

Computational statistics:
	Total energy calls: 12385
	Energy calls at each min: [1, 2409, 12385]
	Total force calls: 12385
	Force calls at each min: [1, 2409, 12385]
	Total steps: 13028
	Total Biases: 100

Verification against reference:
True minima found: 3/3

Verification against reference (saddles):
True saddles found: 2/2
Starting run 1183
Identified minimum at position [0.6234994  0.02803776] with unbiased energy -108.16672411685238
Identified minimum at position [-0.05063362  0.46683796] with unbiased energy -80.76777012898947
Identified minimum at position [-0.55822363  1.44172584] with unbiased energy -146.69951720995402
Simulation completed.


Energies of found minima:
Minimum 1: Position = [0.6234994  0.02803776], Energy = -108.16672411685238
Minimum 2: Position = [-0.05063362  0.46683796], Energy = -80.76777012898947
Minimum 3: Position = [-0.55822363  1.44172584], Energy = -146.69951720995402

Approximate saddle points between minima:
Saddle 1: Position = [0.14671368 0.13179044], Energy = -71.2730406927806
Saddle 2: Position = [-0.79644943  0.65795373], Energy = -40.25532450710023

Computational statistics:
	Total energy calls: 11319
	Energy calls at each min: [1, 1563, 11319]
	Total force calls: 11319
	Force calls at each min: [1, 1563, 11319]
	Total steps: 11890
	Total Biases: 92

Verification against reference:
True minima found: 3/3

Verification against reference (saddles):
True saddles found: 1/2
Missed saddles at positions:
[0.21248658 0.29298833]
Starting run 4692
Identified minimum at position [0.6234994  0.02803776] with unbiased energy -108.16672411685238
Identified minimum at position [-0.55822365  1.44172583] with unbiased energy -146.69951720995397
Approximate Hessian has condition number >1e6 and cannot be reliably trusted; reverting to default behavior. 
Eigenvalues: [1.96208987e-03 3.91470571e+04]
Approximate Hessian has condition number >1e6 and cannot be reliably trusted; reverting to default behavior. 
Eigenvalues: [3.02519556e-03 1.49775076e+06]
Approximate Hessian has condition number >1e6 and cannot be reliably trusted; reverting to default behavior. 
Eigenvalues: [3.39191407e-04 1.22647075e+08]
Approximate Hessian has condition number >1e6 and cannot be reliably trusted; reverting to default behavior. 
Eigenvalues: [2.47487599e-03 2.83090773e+05]
Approximate Hessian has condition number >1e6 and cannot be reliably trusted; reverting to default behavior. 
Eigenvalues: [5.24373691e-04 2.79501980e+03]
Approximate Hessian has condition number >1e6 and cannot be reliably trusted; reverting to default behavior. 
Eigenvalues: [4.19599942e-03 6.33456521e+06]
Approximate Hessian has condition number >1e6 and cannot be reliably trusted; reverting to default behavior. 
Eigenvalues: [9.66353837e-04 2.84702303e+06]
Approximate Hessian has condition number >1e6 and cannot be reliably trusted; reverting to default behavior. 
Eigenvalues: [7.48375343e-04 1.09111468e+05]
Approximate Hessian has condition number >1e6 and cannot be reliably trusted; reverting to default behavior. 
Eigenvalues: [1.11758709e-07 2.11663812e+08]
Approximate Hessian has condition number >1e6 and cannot be reliably trusted; reverting to default behavior. 
Eigenvalues: [1.39698386e-08 9.98253138e+07]
Simulation completed.


Energies of found minima:
Minimum 1: Position = [0.6234994  0.02803776], Energy = -108.16672411685238
Minimum 2: Position = [-0.55822365  1.44172583], Energy = -146.69951720995397

Approximate saddle points between minima:
Saddle 1: Position = [-0.80808146  0.42547771], Energy = -34.25618805407835

Computational statistics:
	Total energy calls: 639418
	Energy calls at each min: [1, 5609]
	Total force calls: 639418
	Force calls at each min: [1, 5609]
	Total steps: 673449
	Total Biases: 5000

Verification against reference:
True minima found: 2/3
Missed minima at positions:
[-0.05001082  0.4666941 ]

Verification against reference (saddles):
True saddles found: 0/2
Missed saddles at positions:
[0.21248658 0.29298833]
[-0.82200156  0.6243128 ]
Starting run 3305
Identified minimum at position [0.6234994  0.02803776] with unbiased energy -108.16672411685238
Identified minimum at position [-0.0500113   0.46669418] with unbiased energy -80.76781812963348
Identified minimum at position [-0.55822363  1.44172585] with unbiased energy -146.699517209954
Simulation completed.


Energies of found minima:
Minimum 1: Position = [0.6234994  0.02803776], Energy = -108.16672411685238
Minimum 2: Position = [-0.0500113   0.46669418], Energy = -80.76781812963348
Minimum 3: Position = [-0.55822363  1.44172585], Energy = -146.699517209954

Approximate saddle points between minima:
Saddle 1: Position = [0.16581971 0.28038933], Energy = -71.76113010194521
Saddle 2: Position = [-0.12204882  0.04776908], Energy = -38.85986743166967

Computational statistics:
	Total energy calls: 8454
	Energy calls at each min: [1, 926, 8454]
	Total force calls: 8454
	Force calls at each min: [1, 926, 8454]
	Total steps: 8919
	Total Biases: 71

Verification against reference:
True minima found: 3/3

Verification against reference (saddles):
True saddles found: 1/2
Missed saddles at positions:
[-0.82200156  0.6243128 ]
Starting run 3455
Identified minimum at position [0.6234994  0.02803776] with unbiased energy -108.16672411685238
Identified minimum at position [-0.05013627  0.46672818] with unbiased energy -80.76781604448513
Identified minimum at position [-0.55822363  1.44172585] with unbiased energy -146.699517209954
Simulation completed.


Energies of found minima:
Minimum 1: Position = [0.6234994  0.02803776], Energy = -108.16672411685238
Minimum 2: Position = [-0.05013627  0.46672818], Energy = -80.76781604448513
Minimum 3: Position = [-0.55822363  1.44172585], Energy = -146.699517209954

Approximate saddle points between minima:
Saddle 1: Position = [0.91107639 0.09389979], Energy = -68.50797065428387
Saddle 2: Position = [-0.84373441  0.62039755], Energy = -40.66652382645472

Computational statistics:
	Total energy calls: 2494
	Energy calls at each min: [1, 1509, 2494]
	Total force calls: 2494
	Force calls at each min: [1, 1509, 2494]
	Total steps: 2628
	Total Biases: 20

Verification against reference:
True minima found: 3/3

Verification against reference (saddles):
True saddles found: 1/2
Missed saddles at positions:
[0.21248658 0.29298833]
Starting run 934
Identified minimum at position [0.6234994  0.02803776] with unbiased energy -108.16672411685238
Identified minimum at position [-0.55822365  1.44172582] with unbiased energy -146.69951720995385
Approximate Hessian has condition number >1e6 and cannot be reliably trusted; reverting to default behavior. 
Eigenvalues: [5.90571668e-04 5.90989969e+06]
Approximate Hessian has condition number >1e6 and cannot be reliably trusted; reverting to default behavior. 
Eigenvalues: [1.65506569e-03 8.03160061e+05]
Simulation completed.


Energies of found minima:
Minimum 1: Position = [0.6234994  0.02803776], Energy = -108.16672411685238
Minimum 2: Position = [-0.55822365  1.44172582], Energy = -146.69951720995385

Approximate saddle points between minima:
Saddle 1: Position = [-0.10608102  0.03010748], Energy = -39.04763618472239

Computational statistics:
	Total energy calls: 648675
	Energy calls at each min: [1, 6496]
	Total force calls: 648675
	Force calls at each min: [1, 6496]
	Total steps: 681596
	Total Biases: 5000

Verification against reference:
True minima found: 2/3
Missed minima at positions:
[-0.05001082  0.4666941 ]

Verification against reference (saddles):
True saddles found: 0/2
Missed saddles at positions:
[0.21248658 0.29298833]
[-0.82200156  0.6243128 ]
Starting run 1618
Identified minimum at position [0.6234994  0.02803776] with unbiased energy -108.16672411685238
Identified minimum at position [-0.05004502  0.46670169] with unbiased energy -80.76781798686861
Approximate Hessian has condition number >1e6 and cannot be reliably trusted; reverting to default behavior. 
Eigenvalues: [1.09464419e-03 1.57354919e+06]
Identified minimum at position [-0.55822365  1.44172583] with unbiased energy -146.69951720995397
Simulation completed.


Energies of found minima:
Minimum 1: Position = [0.6234994  0.02803776], Energy = -108.16672411685238
Minimum 2: Position = [-0.05004502  0.46670169], Energy = -80.76781798686861
Minimum 3: Position = [-0.55822365  1.44172583], Energy = -146.69951720995397

Approximate saddle points between minima:
Saddle 1: Position = [0.27121118 0.31681816], Energy = -71.24294804963142
Saddle 2: Position = [1.03715327 0.07640705], Energy = -33.09078614546419

Computational statistics:
	Total energy calls: 9796
	Energy calls at each min: [1, 1634, 9796]
	Total force calls: 9796
	Force calls at each min: [1, 1634, 9796]
	Total steps: 10328
	Total Biases: 81

Verification against reference:
True minima found: 3/3

Verification against reference (saddles):
True saddles found: 0/2
Missed saddles at positions:
[0.21248658 0.29298833]
[-0.82200156  0.6243128 ]
