Starting run 3643
Identified minimum at position [0.6234994  0.02803776] with unbiased energy -108.16672411685238
Identified minimum at position [-0.05009034  0.46670532] with unbiased energy -80.7678174155194
Identified minimum at position [-0.55822365  1.44172583] with unbiased energy -146.69951720995394
Simulation completed.


Energies of found minima:
Minimum 1: Position = [0.6234994  0.02803776], Energy = -108.16672411685238
Minimum 2: Position = [-0.05009034  0.46670532], Energy = -80.7678174155194
Minimum 3: Position = [-0.55822365  1.44172583], Energy = -146.69951720995394

Approximate saddle points between minima:
Saddle 1: Position = [0.2630198  0.35539709], Energy = -70.96095188346004
Saddle 2: Position = [-0.84711834  0.5400408 ], Energy = -39.02180191890939

Computational statistics:
	Total energy calls: 4271
	Energy calls at each min: [1, 2427, 4271]
	Total force calls: 4271
	Force calls at each min: [1, 2427, 4271]
	Total steps: 4499
	Total Biases: 38

Verification against reference:
True minima found: 3/3

Verification against reference (saddles):
True saddles found: 0/2
Missed saddles at positions:
[0.21248658 0.29298833]
[-0.82200156  0.6243128 ]
Starting run 2692
Identified minimum at position [0.6234994  0.02803776] with unbiased energy -108.16672411685238
Identified minimum at position [-0.05074907  0.46682631] with unbiased energy -80.76775487266755
Identified minimum at position [-0.55822362  1.44172586] with unbiased energy -146.69951720995394
Simulation completed.


Energies of found minima:
Minimum 1: Position = [0.6234994  0.02803776], Energy = -108.16672411685238
Minimum 2: Position = [-0.05074907  0.46682631], Energy = -80.76775487266755
Minimum 3: Position = [-0.55822362  1.44172586], Energy = -146.69951720995394

Approximate saddle points between minima:
Saddle 1: Position = [0.13155493 0.13275077], Energy = -69.85241155665297
Saddle 2: Position = [-0.83756517  0.5989216 ], Energy = -40.44972964803408

Computational statistics:
	Total energy calls: 4705
	Energy calls at each min: [1, 1708, 4705]
	Total force calls: 4705
	Force calls at each min: [1, 1708, 4705]
	Total steps: 4941
	Total Biases: 41

Verification against reference:
True minima found: 3/3

Verification against reference (saddles):
True saddles found: 1/2
Missed saddles at positions:
[0.21248658 0.29298833]
Starting run 2903
Identified minimum at position [0.6234994  0.02803776] with unbiased energy -108.16672411685238
Identified minimum at position [-0.05001435  0.46669487] with unbiased energy -80.76781812814866
Identified minimum at position [-0.55822362  1.44172586] with unbiased energy -146.69951720995383
Simulation completed.


Energies of found minima:
Minimum 1: Position = [0.6234994  0.02803776], Energy = -108.16672411685238
Minimum 2: Position = [-0.05001435  0.46669487], Energy = -80.76781812814866
Minimum 3: Position = [-0.55822362  1.44172586], Energy = -146.69951720995383

Approximate saddle points between minima:
Saddle 1: Position = [0.20544187 0.29768139], Energy = -72.26630249651251
Saddle 2: Position = [-0.84871045  0.61590101], Energy = -40.60972674525731

Computational statistics:
	Total energy calls: 4174
	Energy calls at each min: [1, 965, 4174]
	Total force calls: 4174
	Force calls at each min: [1, 965, 4174]
	Total steps: 4390
	Total Biases: 33

Verification against reference:
True minima found: 3/3

Verification against reference (saddles):
True saddles found: 2/2
Starting run 2413
Identified minimum at position [0.6234994  0.02803776] with unbiased energy -108.16672411685238
Identified minimum at position [-0.05082652  0.46686236] with unbiased energy -80.76773854822756
Identified minimum at position [-0.55822362  1.44172586] with unbiased energy -146.69951720995388
Simulation completed.


Energies of found minima:
Minimum 1: Position = [0.6234994  0.02803776], Energy = -108.16672411685238
Minimum 2: Position = [-0.05082652  0.46686236], Energy = -80.76773854822756
Minimum 3: Position = [-0.55822362  1.44172586], Energy = -146.69951720995388

Approximate saddle points between minima:
Saddle 1: Position = [0.26454225 0.30621636], Energy = -71.62878950240163
Saddle 2: Position = [-0.83412655  0.61677004], Energy = -40.62656925208351

Computational statistics:
	Total energy calls: 1414
	Energy calls at each min: [1, 748, 1414]
	Total force calls: 1414
	Force calls at each min: [1, 748, 1414]
	Total steps: 1488
	Total Biases: 14

Verification against reference:
True minima found: 3/3

Verification against reference (saddles):
True saddles found: 1/2
Missed saddles at positions:
[0.21248658 0.29298833]
Starting run 4072
Identified minimum at position [0.6234994  0.02803776] with unbiased energy -108.16672411685238
Identified minimum at position [-0.05002083  0.46669618] with unbiased energy -80.76781811766448
Identified minimum at position [-0.55822363  1.44172585] with unbiased energy -146.69951720995397
Simulation completed.


Energies of found minima:
Minimum 1: Position = [0.6234994  0.02803776], Energy = -108.16672411685238
Minimum 2: Position = [-0.05002083  0.46669618], Energy = -80.76781811766448
Minimum 3: Position = [-0.55822363  1.44172585], Energy = -146.69951720995397

Approximate saddle points between minima:
Saddle 1: Position = [0.21335486 0.29871071], Energy = -72.2529932930142
Saddle 2: Position = [-0.50540896  0.81632769], Energy = -19.727123050803716

Computational statistics:
	Total energy calls: 9983
	Energy calls at each min: [1, 980, 9983]
	Total force calls: 9983
	Force calls at each min: [1, 980, 9983]
	Total steps: 10528
	Total Biases: 83

Verification against reference:
True minima found: 3/3

Verification against reference (saddles):
True saddles found: 1/2
Missed saddles at positions:
[-0.82200156  0.6243128 ]
Starting run 1916
Identified minimum at position [0.6234994  0.02803776] with unbiased energy -108.16672411685238
Identified minimum at position [-0.05001109  0.46669416] with unbiased energy -80.7678181296505
Identified minimum at position [-0.55822364  1.44172584] with unbiased energy -146.69951720995402
Simulation completed.


Energies of found minima:
Minimum 1: Position = [0.6234994  0.02803776], Energy = -108.16672411685238
Minimum 2: Position = [-0.05001109  0.46669416], Energy = -80.7678181296505
Minimum 3: Position = [-0.55822364  1.44172584], Energy = -146.69951720995402

Approximate saddle points between minima:
Saddle 1: Position = [0.26049616 0.29060959], Energy = -72.07739943412476
Saddle 2: Position = [-0.82540438  0.61081801], Energy = -40.638305337930554

Computational statistics:
	Total energy calls: 5561
	Energy calls at each min: [1, 1103, 5561]
	Total force calls: 5561
	Force calls at each min: [1, 1103, 5561]
	Total steps: 5857
	Total Biases: 45

Verification against reference:
True minima found: 3/3

Verification against reference (saddles):
True saddles found: 2/2
Starting run 1682
Identified minimum at position [0.6234994  0.02803776] with unbiased energy -108.16672411685238
Identified minimum at position [-0.05003867  0.46670182] with unbiased energy -80.7678180258564
Approximate Hessian has condition number >1e6 and cannot be reliably trusted; reverting to default behavior. 
Eigenvalues: [2.16643818e-03 1.14348698e+06]
Identified minimum at position [-0.55822363  1.44172584] with unbiased energy -146.69951720995402
Simulation completed.


Energies of found minima:
Minimum 1: Position = [0.6234994  0.02803776], Energy = -108.16672411685238
Minimum 2: Position = [-0.05003867  0.46670182], Energy = -80.7678180258564
Minimum 3: Position = [-0.55822363  1.44172584], Energy = -146.69951720995402

Approximate saddle points between minima:
Saddle 1: Position = [0.21908321 0.27421178], Energy = -72.3914158921241
Saddle 2: Position = [-0.76487791  0.64763171], Energy = -40.23213275761509

Computational statistics:
	Total energy calls: 12935
	Energy calls at each min: [1, 2168, 12935]
	Total force calls: 12935
	Force calls at each min: [1, 2168, 12935]
	Total steps: 13605
	Total Biases: 103

Verification against reference:
True minima found: 3/3

Verification against reference (saddles):
True saddles found: 1/2
Missed saddles at positions:
[-0.82200156  0.6243128 ]
Starting run 2594
Identified minimum at position [0.6234994  0.02803776] with unbiased energy -108.16672411685238
Identified minimum at position [-0.05003412  0.46669867] with unbiased energy -80.76781806554357
Identified minimum at position [-0.55822365  1.44172582] with unbiased energy -146.69951720995385
Simulation completed.


Energies of found minima:
Minimum 1: Position = [0.6234994  0.02803776], Energy = -108.16672411685238
Minimum 2: Position = [-0.05003412  0.46669867], Energy = -80.76781806554357
Minimum 3: Position = [-0.55822365  1.44172582], Energy = -146.69951720995385

Approximate saddle points between minima:
Saddle 1: Position = [0.14328738 0.2308427 ], Energy = -70.38568819784513
Saddle 2: Position = [-0.8305157   0.59016647], Energy = -40.47244057773874

Computational statistics:
	Total energy calls: 8057
	Energy calls at each min: [1, 1690, 8057]
	Total force calls: 8057
	Force calls at each min: [1, 1690, 8057]
	Total steps: 8482
	Total Biases: 66

Verification against reference:
True minima found: 3/3

Verification against reference (saddles):
True saddles found: 1/2
Missed saddles at positions:
[0.21248658 0.29298833]
Starting run 4825
Identified minimum at position [0.6234994  0.02803776] with unbiased energy -108.16672411685238
Identified minimum at position [-0.05001085  0.46669411] with unbiased energy -80.76781812965893
Identified minimum at position [-0.55822365  1.44172582] with unbiased energy -146.69951720995388
Simulation completed.


Energies of found minima:
Minimum 1: Position = [0.6234994  0.02803776], Energy = -108.16672411685238
Minimum 2: Position = [-0.05001085  0.46669411], Energy = -80.76781812965893
Minimum 3: Position = [-0.55822365  1.44172582], Energy = -146.69951720995388

Approximate saddle points between minima:
Saddle 1: Position = [0.12203295 0.22852458], Energy = -69.3600840895293
Saddle 2: Position = [-0.83605798  0.58622474], Energy = -40.33299115108973

Computational statistics:
	Total energy calls: 5735
	Energy calls at each min: [1, 1831, 5735]
	Total force calls: 5735
	Force calls at each min: [1, 1831, 5735]
	Total steps: 6054
	Total Biases: 51

Verification against reference:
True minima found: 3/3

Verification against reference (saddles):
True saddles found: 1/2
Missed saddles at positions:
[0.21248658 0.29298833]
Starting run 1872
Identified minimum at position [0.6234994  0.02803776] with unbiased energy -108.16672411685238
Identified minimum at position [-0.0500121   0.46669435] with unbiased energy -80.76781812946638
Identified minimum at position [-0.55822362  1.44172586] with unbiased energy -146.69951720995388
Simulation completed.


Energies of found minima:
Minimum 1: Position = [0.6234994  0.02803776], Energy = -108.16672411685238
Minimum 2: Position = [-0.0500121   0.46669435], Energy = -80.76781812946638
Minimum 3: Position = [-0.55822362  1.44172586], Energy = -146.69951720995388

Approximate saddle points between minima:
Saddle 1: Position = [0.13116771 0.09005142], Energy = -69.63436089285563
Saddle 2: Position = [-0.82362222  0.56598584], Energy = -40.41355435590189

Computational statistics:
	Total energy calls: 4631
	Energy calls at each min: [1, 1386, 4631]
	Total force calls: 4631
	Force calls at each min: [1, 1386, 4631]
	Total steps: 4885
	Total Biases: 40

Verification against reference:
True minima found: 3/3

Verification against reference (saddles):
True saddles found: 0/2
Missed saddles at positions:
[0.21248658 0.29298833]
[-0.82200156  0.6243128 ]
Starting run 4248
Identified minimum at position [0.6234994  0.02803776] with unbiased energy -108.16672411685238
Identified minimum at position [-0.05001724  0.46669573] with unbiased energy -80.76781812437612
Identified minimum at position [-0.55822362  1.44172585] with unbiased energy -146.69951720995397
Simulation completed.


Energies of found minima:
Minimum 1: Position = [0.6234994  0.02803776], Energy = -108.16672411685238
Minimum 2: Position = [-0.05001724  0.46669573], Energy = -80.76781812437612
Minimum 3: Position = [-0.55822362  1.44172585], Energy = -146.69951720995397

Approximate saddle points between minima:
Saddle 1: Position = [0.19552726 0.29710912], Energy = -72.2613586221971
Saddle 2: Position = [-0.24303616  0.16674986], Energy = -38.404164335349364

Computational statistics:
	Total energy calls: 14802
	Energy calls at each min: [1, 2512, 14802]
	Total force calls: 14802
	Force calls at each min: [1, 2512, 14802]
	Total steps: 15531
	Total Biases: 112

Verification against reference:
True minima found: 3/3

Verification against reference (saddles):
True saddles found: 1/2
Missed saddles at positions:
[-0.82200156  0.6243128 ]
Starting run 2456
Identified minimum at position [0.6234994  0.02803776] with unbiased energy -108.16672411685238
Identified minimum at position [-0.05006204  0.46670541] with unbiased energy -80.76781780990152
Identified minimum at position [-0.55822365  1.44172582] with unbiased energy -146.69951720995388
Simulation completed.


Energies of found minima:
Minimum 1: Position = [0.6234994  0.02803776], Energy = -108.16672411685238
Minimum 2: Position = [-0.05006204  0.46670541], Energy = -80.76781780990152
Minimum 3: Position = [-0.55822365  1.44172582], Energy = -146.69951720995388

Approximate saddle points between minima:
Saddle 1: Position = [0.13409682 0.16944358], Energy = -69.85384569126708
Saddle 2: Position = [-0.21416111  0.1308454 ], Energy = -37.003640038276004

Computational statistics:
	Total energy calls: 14124
	Energy calls at each min: [1, 2873, 14124]
	Total force calls: 14124
	Force calls at each min: [1, 2873, 14124]
	Total steps: 14865
	Total Biases: 118

Verification against reference:
True minima found: 3/3

Verification against reference (saddles):
True saddles found: 0/2
Missed saddles at positions:
[0.21248658 0.29298833]
[-0.82200156  0.6243128 ]
Starting run 621
Identified minimum at position [0.6234994  0.02803776] with unbiased energy -108.16672411685238
Identified minimum at position [-0.05023281  0.46675325] with unbiased energy -80.76781166195639
Identified minimum at position [-0.55822364  1.44172583] with unbiased energy -146.69951720995397
Simulation completed.


Energies of found minima:
Minimum 1: Position = [0.6234994  0.02803776], Energy = -108.16672411685238
Minimum 2: Position = [-0.05023281  0.46675325], Energy = -80.76781166195639
Minimum 3: Position = [-0.55822364  1.44172583], Energy = -146.69951720995397

Approximate saddle points between minima:
Saddle 1: Position = [0.93459535 0.07863566], Energy = -66.19559871214088
Saddle 2: Position = [-0.81189266  0.60763199], Energy = -40.77488595015367

Computational statistics:
	Total energy calls: 2129
	Energy calls at each min: [1, 1403, 2129]
	Total force calls: 2129
	Force calls at each min: [1, 1403, 2129]
	Total steps: 2242
	Total Biases: 20

Verification against reference:
True minima found: 3/3

Verification against reference (saddles):
True saddles found: 1/2
Missed saddles at positions:
[0.21248658 0.29298833]
Starting run 2116
Identified minimum at position [0.6234994  0.02803776] with unbiased energy -108.16672411685238
Identified minimum at position [-0.05013722  0.466736  ] with unbiased energy -80.7678157365375
Identified minimum at position [-0.55822363  1.44172585] with unbiased energy -146.699517209954
Simulation completed.


Energies of found minima:
Minimum 1: Position = [0.6234994  0.02803776], Energy = -108.16672411685238
Minimum 2: Position = [-0.05013722  0.466736  ], Energy = -80.7678157365375
Minimum 3: Position = [-0.55822363  1.44172585], Energy = -146.699517209954

Approximate saddle points between minima:
Saddle 1: Position = [0.06666199 0.12000885], Energy = -63.396272346705345
Saddle 2: Position = [-0.85881333  0.60228653], Energy = -40.33209533807271

Computational statistics:
	Total energy calls: 2939
	Energy calls at each min: [1, 1539, 2939]
	Total force calls: 2939
	Force calls at each min: [1, 1539, 2939]
	Total steps: 3093
	Total Biases: 27

Verification against reference:
True minima found: 3/3

Verification against reference (saddles):
True saddles found: 1/2
Missed saddles at positions:
[0.21248658 0.29298833]
Starting run 4464
Identified minimum at position [0.6234994  0.02803776] with unbiased energy -108.16672411685238
Identified minimum at position [-0.05003722  0.46669929] with unbiased energy -80.76781804727722
Identified minimum at position [-0.55822362  1.44172586] with unbiased energy -146.6995172099539
Simulation completed.


Energies of found minima:
Minimum 1: Position = [0.6234994  0.02803776], Energy = -108.16672411685238
Minimum 2: Position = [-0.05003722  0.46669929], Energy = -80.76781804727722
Minimum 3: Position = [-0.55822362  1.44172586], Energy = -146.6995172099539

Approximate saddle points between minima:
Saddle 1: Position = [0.3792548  0.37605596], Energy = -62.830261112902676
Saddle 2: Position = [-0.76845211  0.44480443], Energy = -38.79041550111908

Computational statistics:
	Total energy calls: 2184
	Energy calls at each min: [1, 1244, 2184]
	Total force calls: 2184
	Force calls at each min: [1, 1244, 2184]
	Total steps: 2301
	Total Biases: 19

Verification against reference:
True minima found: 3/3

Verification against reference (saddles):
True saddles found: 0/2
Missed saddles at positions:
[0.21248658 0.29298833]
[-0.82200156  0.6243128 ]
Starting run 1796
Identified minimum at position [0.6234994  0.02803776] with unbiased energy -108.16672411685238
Identified minimum at position [-0.05179532  0.46715174] with unbiased energy -80.76740727169974
Identified minimum at position [-0.55822363  1.44172585] with unbiased energy -146.699517209954
Simulation completed.


Energies of found minima:
Minimum 1: Position = [0.6234994  0.02803776], Energy = -108.16672411685238
Minimum 2: Position = [-0.05179532  0.46715174], Energy = -80.76740727169974
Minimum 3: Position = [-0.55822363  1.44172585], Energy = -146.699517209954

Approximate saddle points between minima:
Saddle 1: Position = [0.30291223 0.30016658], Energy = -71.03504555802776
Saddle 2: Position = [0.31428061 0.62308549], Energy = -39.193707894463074

Computational statistics:
	Total energy calls: 10317
	Energy calls at each min: [1, 1615, 10317]
	Total force calls: 10317
	Force calls at each min: [1, 1615, 10317]
	Total steps: 10835
	Total Biases: 83

Verification against reference:
True minima found: 2/3
Missed minima at positions:
[-0.05001082  0.4666941 ]

Verification against reference (saddles):
True saddles found: 0/2
Missed saddles at positions:
[0.21248658 0.29298833]
[-0.82200156  0.6243128 ]
Starting run 3320
Identified minimum at position [0.6234994  0.02803776] with unbiased energy -108.16672411685238
Identified minimum at position [-0.05001081  0.46669411] with unbiased energy -80.76781812965893
Identified minimum at position [-0.55822365  1.44172582] with unbiased energy -146.69951720995383
Simulation completed.


Energies of found minima:
Minimum 1: Position = [0.6234994  0.02803776], Energy = -108.16672411685238
Minimum 2: Position = [-0.05001081  0.46669411], Energy = -80.76781812965893
Minimum 3: Position = [-0.55822365  1.44172582], Energy = -146.69951720995383

Approximate saddle points between minima:
Saddle 1: Position = [0.20585388 0.28466027], Energy = -72.22970417700651
Saddle 2: Position = [-0.08450381 -0.09807569], Energy = -24.495408406596468

Computational statistics:
	Total energy calls: 11112
	Energy calls at each min: [1, 1323, 11112]
	Total force calls: 11112
	Force calls at each min: [1, 1323, 11112]
	Total steps: 11721
	Total Biases: 91

Verification against reference:
True minima found: 3/3

Verification against reference (saddles):
True saddles found: 1/2
Missed saddles at positions:
[-0.82200156  0.6243128 ]
Starting run 3862
Identified minimum at position [0.6234994  0.02803776] with unbiased energy -108.16672411685238
Identified minimum at position [-0.55822364  1.44172583] with unbiased energy -146.69951720995397
Approximate Hessian has condition number >1e6 and cannot be reliably trusted; reverting to default behavior. 
Eigenvalues: [2.52087566e-03 4.38911596e+06]
Approximate Hessian has condition number >1e6 and cannot be reliably trusted; reverting to default behavior. 
Eigenvalues: [4.12132777e-03 2.76020160e+08]
Approximate Hessian has condition number >1e6 and cannot be reliably trusted; reverting to default behavior. 
Eigenvalues: [5.57741539e-04 5.43124690e+03]
Approximate Hessian has condition number >1e6 and cannot be reliably trusted; reverting to default behavior. 
Eigenvalues: [1.53015344e-03 3.21975335e+06]
Approximate Hessian has condition number >1e6 and cannot be reliably trusted; reverting to default behavior. 
Eigenvalues: [1.67577591e-03 7.42505606e+06]
Approximate Hessian has condition number >1e6 and cannot be reliably trusted; reverting to default behavior. 
Eigenvalues: [2.14082647e-03 3.08779627e+05]
Approximate Hessian has condition number >1e6 and cannot be reliably trusted; reverting to default behavior. 
Eigenvalues: [1.9401852e-03 8.0535351e+06]
Approximate Hessian has condition number >1e6 and cannot be reliably trusted; reverting to default behavior. 
Eigenvalues: [1.87232718e-03 1.92311739e+08]
Approximate Hessian has condition number >1e6 and cannot be reliably trusted; reverting to default behavior. 
Eigenvalues: [1.19486451e-03 1.20399817e+09]
Approximate Hessian has condition number >1e6 and cannot be reliably trusted; reverting to default behavior. 
Eigenvalues: [1.45413724e-03 3.60829856e+03]
Simulation completed.


Energies of found minima:
Minimum 1: Position = [0.6234994  0.02803776], Energy = -108.16672411685238
Minimum 2: Position = [-0.55822364  1.44172583], Energy = -146.69951720995397

Approximate saddle points between minima:
Saddle 1: Position = [0.50148124 0.51800362], Energy = -32.77419950827355

Computational statistics:
	Total energy calls: 643717
	Energy calls at each min: [1, 12733]
	Total force calls: 643717
	Force calls at each min: [1, 12733]
	Total steps: 676406
	Total Biases: 5000

Verification against reference:
True minima found: 2/3
Missed minima at positions:
[-0.05001082  0.4666941 ]

Verification against reference (saddles):
True saddles found: 0/2
Missed saddles at positions:
[0.21248658 0.29298833]
[-0.82200156  0.6243128 ]
Starting run 675
Identified minimum at position [0.6234994  0.02803776] with unbiased energy -108.16672411685238
Identified minimum at position [-0.05002041  0.46669654] with unbiased energy -80.7678181178572
Identified minimum at position [-0.55822366  1.44172582] with unbiased energy -146.6995172099538
Simulation completed.


Energies of found minima:
Minimum 1: Position = [0.6234994  0.02803776], Energy = -108.16672411685238
Minimum 2: Position = [-0.05002041  0.46669654], Energy = -80.7678181178572
Minimum 3: Position = [-0.55822366  1.44172582], Energy = -146.6995172099538

Approximate saddle points between minima:
Saddle 1: Position = [0.13225606 0.29290311], Energy = -71.63512992052033
Saddle 2: Position = [-0.85263728  0.54628197], Energy = -39.02729996263648

Computational statistics:
	Total energy calls: 7249
	Energy calls at each min: [1, 1366, 7249]
	Total force calls: 7249
	Force calls at each min: [1, 1366, 7249]
	Total steps: 7623
	Total Biases: 62

Verification against reference:
True minima found: 3/3

Verification against reference (saddles):
True saddles found: 0/2
Missed saddles at positions:
[0.21248658 0.29298833]
[-0.82200156  0.6243128 ]
Starting run 138
Identified minimum at position [0.6234994  0.02803776] with unbiased energy -108.16672411685238
Identified minimum at position [-0.05143752  0.46687956] with unbiased energy -80.7675893168505
Identified minimum at position [-0.55822362  1.44172586] with unbiased energy -146.69951720995388
Simulation completed.


Energies of found minima:
Minimum 1: Position = [0.6234994  0.02803776], Energy = -108.16672411685238
Minimum 2: Position = [-0.05143752  0.46687956], Energy = -80.7675893168505
Minimum 3: Position = [-0.55822362  1.44172586], Energy = -146.69951720995388

Approximate saddle points between minima:
Saddle 1: Position = [0.12202348 0.11645008], Energy = -68.91925591071549
Saddle 2: Position = [0.5337416 0.4937736], Energy = -30.779875244185895

Computational statistics:
	Total energy calls: 17102
	Energy calls at each min: [1, 2195, 17102]
	Total force calls: 17102
	Force calls at each min: [1, 2195, 17102]
	Total steps: 17981
	Total Biases: 137

Verification against reference:
True minima found: 2/3
Missed minima at positions:
[-0.05001082  0.4666941 ]

Verification against reference (saddles):
True saddles found: 0/2
Missed saddles at positions:
[0.21248658 0.29298833]
[-0.82200156  0.6243128 ]
Starting run 2713
Identified minimum at position [0.6234994  0.02803776] with unbiased energy -108.16672411685238
Identified minimum at position [-0.05001096  0.46669415] with unbiased energy -80.76781812965632
Identified minimum at position [-0.55822364  1.44172583] with unbiased energy -146.69951720995397
Simulation completed.


Energies of found minima:
Minimum 1: Position = [0.6234994  0.02803776], Energy = -108.16672411685238
Minimum 2: Position = [-0.05001096  0.46669415], Energy = -80.76781812965632
Minimum 3: Position = [-0.55822364  1.44172583], Energy = -146.69951720995397

Approximate saddle points between minima:
Saddle 1: Position = [0.18020311 0.22410607], Energy = -72.03669673164973
Saddle 2: Position = [-0.11115702 -0.01085183], Energy = -34.28137321450614

Computational statistics:
	Total energy calls: 16076
	Energy calls at each min: [1, 1823, 16076]
	Total force calls: 16076
	Force calls at each min: [1, 1823, 16076]
	Total steps: 16920
	Total Biases: 134

Verification against reference:
True minima found: 3/3

Verification against reference (saddles):
True saddles found: 0/2
Missed saddles at positions:
[0.21248658 0.29298833]
[-0.82200156  0.6243128 ]
Starting run 1051
Identified minimum at position [0.6234994  0.02803776] with unbiased energy -108.16672411685238
Identified minimum at position [-0.05001537  0.46669509] with unbiased energy -80.7678181271537
Approximate Hessian has condition number >1e6 and cannot be reliably trusted; reverting to default behavior. 
Eigenvalues: [1.50034903e-03 8.40509692e+06]
Identified minimum at position [-0.55822361  1.44172586] with unbiased energy -146.69951720995383
Simulation completed.


Energies of found minima:
Minimum 1: Position = [0.6234994  0.02803776], Energy = -108.16672411685238
Minimum 2: Position = [-0.05001537  0.46669509], Energy = -80.7678181271537
Minimum 3: Position = [-0.55822361  1.44172586], Energy = -146.69951720995383

Approximate saddle points between minima:
Saddle 1: Position = [0.19669294 0.2991394 ], Energy = -72.28383488425527
Saddle 2: Position = [-0.03925193 -0.03266784], Energy = -39.75016858513845

Computational statistics:
	Total energy calls: 16070
	Energy calls at each min: [1, 1618, 16070]
	Total force calls: 16070
	Force calls at each min: [1, 1618, 16070]
	Total steps: 16897
	Total Biases: 125

Verification against reference:
True minima found: 3/3

Verification against reference (saddles):
True saddles found: 1/2
Missed saddles at positions:
[-0.82200156  0.6243128 ]
Starting run 2011
Identified minimum at position [0.6234994  0.02803776] with unbiased energy -108.16672411685238
Identified minimum at position [-0.05001119  0.46669419] with unbiased energy -80.76781812964293
Identified minimum at position [-0.55822361  1.44172586] with unbiased energy -146.69951720995383
Simulation completed.


Energies of found minima:
Minimum 1: Position = [0.6234994  0.02803776], Energy = -108.16672411685238
Minimum 2: Position = [-0.05001119  0.46669419], Energy = -80.76781812964293
Minimum 3: Position = [-0.55822361  1.44172586], Energy = -146.69951720995383

Approximate saddle points between minima:
Saddle 1: Position = [0.24343593 0.32094268], Energy = -71.8386652914047
Saddle 2: Position = [-0.78791587  0.65449274], Energy = -40.19191137280788

Computational statistics:
	Total energy calls: 4633
	Energy calls at each min: [1, 1588, 4633]
	Total force calls: 4633
	Force calls at each min: [1, 1588, 4633]
	Total steps: 4886
	Total Biases: 39

Verification against reference:
True minima found: 3/3

Verification against reference (saddles):
True saddles found: 2/2
Starting run 3366
Identified minimum at position [0.6234994  0.02803776] with unbiased energy -108.16672411685238
Identified minimum at position [-0.05003272  0.46670232] with unbiased energy -80.7678180501701
Identified minimum at position [-0.55822362  1.44172586] with unbiased energy -146.6995172099539
Simulation completed.


Energies of found minima:
Minimum 1: Position = [0.6234994  0.02803776], Energy = -108.16672411685238
Minimum 2: Position = [-0.05003272  0.46670232], Energy = -80.7678180501701
Minimum 3: Position = [-0.55822362  1.44172586], Energy = -146.6995172099539

Approximate saddle points between minima:
Saddle 1: Position = [0.15082426 0.27081272], Energy = -71.27077086746627
Saddle 2: Position = [-0.81471503  0.61164012], Energy = -40.726011683675196

Computational statistics:
	Total energy calls: 5288
	Energy calls at each min: [1, 1120, 5288]
	Total force calls: 5288
	Force calls at each min: [1, 1120, 5288]
	Total steps: 5554
	Total Biases: 44

Verification against reference:
True minima found: 3/3

Verification against reference (saddles):
True saddles found: 1/2
Missed saddles at positions:
[0.21248658 0.29298833]
Starting run 4773
Identified minimum at position [0.6234994  0.02803776] with unbiased energy -108.16672411685238
Identified minimum at position [-0.05042626  0.466859  ] with unbiased energy -80.76778797386123
Identified minimum at position [-0.55822362  1.44172585] with unbiased energy -146.69951720995397
Simulation completed.


Energies of found minima:
Minimum 1: Position = [0.6234994  0.02803776], Energy = -108.16672411685238
Minimum 2: Position = [-0.05042626  0.466859  ], Energy = -80.76778797386123
Minimum 3: Position = [-0.55822362  1.44172585], Energy = -146.69951720995397

Approximate saddle points between minima:
Saddle 1: Position = [0.12881035 0.20157956], Energy = -69.43545296326371
Saddle 2: Position = [-0.83330089  0.60320318], Energy = -40.53328347106003

Computational statistics:
	Total energy calls: 4848
	Energy calls at each min: [1, 1569, 4848]
	Total force calls: 4848
	Force calls at each min: [1, 1569, 4848]
	Total steps: 5095
	Total Biases: 41

Verification against reference:
True minima found: 3/3

Verification against reference (saddles):
True saddles found: 1/2
Missed saddles at positions:
[0.21248658 0.29298833]
Starting run 1265
Identified minimum at position [0.6234994  0.02803776] with unbiased energy -108.16672411685238
Identified minimum at position [-0.05079827  0.46679335] with unbiased energy -80.76774850972737
Identified minimum at position [-0.55822365  1.44172583] with unbiased energy -146.69951720995394
Simulation completed.


Energies of found minima:
Minimum 1: Position = [0.6234994  0.02803776], Energy = -108.16672411685238
Minimum 2: Position = [-0.05079827  0.46679335], Energy = -80.76774850972737
Minimum 3: Position = [-0.55822365  1.44172583], Energy = -146.69951720995394

Approximate saddle points between minima:
Saddle 1: Position = [0.49795023 0.30146168], Energy = -61.071573086177764
Saddle 2: Position = [-0.70886693  0.66570365], Energy = -39.30558287643963

Computational statistics:
	Total energy calls: 6222
	Energy calls at each min: [1, 2967, 6222]
	Total force calls: 6222
	Force calls at each min: [1, 2967, 6222]
	Total steps: 6565
	Total Biases: 54

Verification against reference:
True minima found: 3/3

Verification against reference (saddles):
True saddles found: 0/2
Missed saddles at positions:
[0.21248658 0.29298833]
[-0.82200156  0.6243128 ]
