Starting run 3699
Identified minimum at position [0.6234994  0.02803776] with unbiased energy -108.16672411685238
Identified minimum at position [-0.05001121  0.46669419] with unbiased energy -80.767818129641
Identified minimum at position [-0.55822365  1.44172582] with unbiased energy -146.69951720995388
Simulation completed.


Energies of found minima:
Minimum 1: Position = [0.6234994  0.02803776], Energy = -108.16672411685238
Minimum 2: Position = [-0.05001121  0.46669419], Energy = -80.767818129641
Minimum 3: Position = [-0.55822365  1.44172582], Energy = -146.69951720995388

Approximate saddle points between minima:
Saddle 1: Position = [0.1918161  0.28982487], Energy = -72.17412716689505
Saddle 2: Position = [-0.71799058  0.71805748], Energy = -36.49197043110142

Computational statistics:
	Total energy calls: 6440
	Energy calls at each min: [1, 1031, 6440]
	Total force calls: 6440
	Force calls at each min: [1, 1031, 6440]
	Total steps: 6794
	Total Biases: 56

Verification against reference:
True minima found: 3/3

Verification against reference (saddles):
True saddles found: 1/2
Missed saddles at positions:
[-0.82200156  0.6243128 ]
Starting run 1430
Identified minimum at position [0.6234994  0.02803776] with unbiased energy -108.16672411685238
Identified minimum at position [-0.0517672   0.46719719] with unbiased energy -80.76739738046356
Identified minimum at position [-0.55822364  1.44172583] with unbiased energy -146.699517209954
Simulation completed.


Energies of found minima:
Minimum 1: Position = [0.6234994  0.02803776], Energy = -108.16672411685238
Minimum 2: Position = [-0.0517672   0.46719719], Energy = -80.76739738046356
Minimum 3: Position = [-0.55822364  1.44172583], Energy = -146.699517209954

Approximate saddle points between minima:
Saddle 1: Position = [0.34667748 0.32674951], Energy = -67.99896945096933
Saddle 2: Position = [-0.46046321  0.7131966 ], Energy = -35.87826661375922

Computational statistics:
	Total energy calls: 11917
	Energy calls at each min: [1, 1662, 11917]
	Total force calls: 11917
	Force calls at each min: [1, 1662, 11917]
	Total steps: 12513
	Total Biases: 95

Verification against reference:
True minima found: 2/3
Missed minima at positions:
[-0.05001082  0.4666941 ]

Verification against reference (saddles):
True saddles found: 0/2
Missed saddles at positions:
[0.21248658 0.29298833]
[-0.82200156  0.6243128 ]
Starting run 3931
Identified minimum at position [0.6234994  0.02803776] with unbiased energy -108.16672411685238
Identified minimum at position [-0.05001114  0.46669419] with unbiased energy -80.76781812964629
Identified minimum at position [-0.55822364  1.44172583] with unbiased energy -146.699517209954
Simulation completed.


Energies of found minima:
Minimum 1: Position = [0.6234994  0.02803776], Energy = -108.16672411685238
Minimum 2: Position = [-0.05001114  0.46669419], Energy = -80.76781812964629
Minimum 3: Position = [-0.55822364  1.44172583], Energy = -146.699517209954

Approximate saddle points between minima:
Saddle 1: Position = [0.1116389  0.19050802], Energy = -68.24315478556946
Saddle 2: Position = [-0.78362917  0.6621257 ], Energy = -39.991666224453965

Computational statistics:
	Total energy calls: 6071
	Energy calls at each min: [1, 1008, 6071]
	Total force calls: 6071
	Force calls at each min: [1, 1008, 6071]
	Total steps: 6401
	Total Biases: 51

Verification against reference:
True minima found: 3/3

Verification against reference (saddles):
True saddles found: 0/2
Missed saddles at positions:
[0.21248658 0.29298833]
[-0.82200156  0.6243128 ]
Starting run 2722
Identified minimum at position [0.6234994  0.02803776] with unbiased energy -108.16672411685238
Identified minimum at position [-0.05004675  0.46670474] with unbiased energy -80.76781795032632
Identified minimum at position [-0.55822364  1.44172584] with unbiased energy -146.699517209954
Simulation completed.


Energies of found minima:
Minimum 1: Position = [0.6234994  0.02803776], Energy = -108.16672411685238
Minimum 2: Position = [-0.05004675  0.46670474], Energy = -80.76781795032632
Minimum 3: Position = [-0.55822364  1.44172584], Energy = -146.699517209954

Approximate saddle points between minima:
Saddle 1: Position = [0.30088296 0.28626071], Energy = -71.77552275395715
Saddle 2: Position = [-0.83408115  0.61007493], Energy = -40.578029326040806

Computational statistics:
	Total energy calls: 5467
	Energy calls at each min: [1, 1137, 5467]
	Total force calls: 5467
	Force calls at each min: [1, 1137, 5467]
	Total steps: 5748
	Total Biases: 44

Verification against reference:
True minima found: 3/3

Verification against reference (saddles):
True saddles found: 1/2
Missed saddles at positions:
[0.21248658 0.29298833]
Starting run 311
Identified minimum at position [0.6234994  0.02803776] with unbiased energy -108.16672411685238
Identified minimum at position [-0.05001965  0.46669586] with unbiased energy -80.76781812042117
Identified minimum at position [-0.55822362  1.44172586] with unbiased energy -146.6995172099539
Simulation completed.


Energies of found minima:
Minimum 1: Position = [0.6234994  0.02803776], Energy = -108.16672411685238
Minimum 2: Position = [-0.05001965  0.46669586], Energy = -80.76781812042117
Minimum 3: Position = [-0.55822362  1.44172586], Energy = -146.6995172099539

Approximate saddle points between minima:
Saddle 1: Position = [0.2379848  0.29387808], Energy = -72.17099947791245
Saddle 2: Position = [-0.41526225  0.71185443], Energy = -37.014561453947934

Computational statistics:
	Total energy calls: 8310
	Energy calls at each min: [1, 1339, 8310]
	Total force calls: 8310
	Force calls at each min: [1, 1339, 8310]
	Total steps: 8743
	Total Biases: 67

Verification against reference:
True minima found: 3/3

Verification against reference (saddles):
True saddles found: 1/2
Missed saddles at positions:
[-0.82200156  0.6243128 ]
Starting run 2821
Identified minimum at position [0.6234994  0.02803776] with unbiased energy -108.16672411685238
Identified minimum at position [-0.05013076  0.46671251] with unbiased energy -80.76781649366679
Identified minimum at position [-0.55822361  1.44172586] with unbiased energy -146.69951720995383
Simulation completed.


Energies of found minima:
Minimum 1: Position = [0.6234994  0.02803776], Energy = -108.16672411685238
Minimum 2: Position = [-0.05013076  0.46671251], Energy = -80.76781649366679
Minimum 3: Position = [-0.55822361  1.44172586], Energy = -146.69951720995383

Approximate saddle points between minima:
Saddle 1: Position = [0.08836792 0.24284762], Energy = -68.20607510850348
Saddle 2: Position = [-0.75153743  0.66495325], Energy = -39.513164288855435

Computational statistics:
	Total energy calls: 8399
	Energy calls at each min: [1, 1706, 8399]
	Total force calls: 8399
	Force calls at each min: [1, 1706, 8399]
	Total steps: 8819
	Total Biases: 69

Verification against reference:
True minima found: 3/3

Verification against reference (saddles):
True saddles found: 0/2
Missed saddles at positions:
[0.21248658 0.29298833]
[-0.82200156  0.6243128 ]
Starting run 412
Identified minimum at position [0.6234994  0.02803776] with unbiased energy -108.16672411685238
Identified minimum at position [-0.05016008  0.46673868] with unbiased energy -80.76781501834932
Identified minimum at position [-0.55822364  1.44172584] with unbiased energy -146.69951720995402
Simulation completed.


Energies of found minima:
Minimum 1: Position = [0.6234994  0.02803776], Energy = -108.16672411685238
Minimum 2: Position = [-0.05016008  0.46673868], Energy = -80.76781501834932
Minimum 3: Position = [-0.55822364  1.44172584], Energy = -146.69951720995402

Approximate saddle points between minima:
Saddle 1: Position = [0.16968838 0.27558193], Energy = -71.74078452952381
Saddle 2: Position = [-0.8104557   0.62776162], Energy = -40.65594989581284

Computational statistics:
	Total energy calls: 9987
	Energy calls at each min: [1, 2013, 9987]
	Total force calls: 9987
	Force calls at each min: [1, 2013, 9987]
	Total steps: 10500
	Total Biases: 79

Verification against reference:
True minima found: 3/3

Verification against reference (saddles):
True saddles found: 2/2
Starting run 2231
Identified minimum at position [0.6234994  0.02803776] with unbiased energy -108.16672411685238
Identified minimum at position [-0.05143598  0.46699129] with unbiased energy -80.76757447962441
Identified minimum at position [-0.55822362  1.44172586] with unbiased energy -146.6995172099539
Simulation completed.


Energies of found minima:
Minimum 1: Position = [0.6234994  0.02803776], Energy = -108.16672411685238
Minimum 2: Position = [-0.05143598  0.46699129], Energy = -80.76757447962441
Minimum 3: Position = [-0.55822362  1.44172586], Energy = -146.6995172099539

Approximate saddle points between minima:
Saddle 1: Position = [0.20822764 0.27690475], Energy = -72.267033032942
Saddle 2: Position = [-0.82534976  0.60211739], Energy = -40.61573940507665

Computational statistics:
	Total energy calls: 6555
	Energy calls at each min: [1, 1999, 6555]
	Total force calls: 6555
	Force calls at each min: [1, 1999, 6555]
	Total steps: 6895
	Total Biases: 53

Verification against reference:
True minima found: 2/3
Missed minima at positions:
[-0.05001082  0.4666941 ]

Verification against reference (saddles):
True saddles found: 2/2
Starting run 947
Identified minimum at position [0.6234994  0.02803776] with unbiased energy -108.16672411685238
Identified minimum at position [-0.05003524  0.46669857] with unbiased energy -80.76781806020009
Identified minimum at position [-0.55822363  1.44172584] with unbiased energy -146.69951720995402
Simulation completed.


Energies of found minima:
Minimum 1: Position = [0.6234994  0.02803776], Energy = -108.16672411685238
Minimum 2: Position = [-0.05003524  0.46669857], Energy = -80.76781806020009
Minimum 3: Position = [-0.55822363  1.44172584], Energy = -146.69951720995402

Approximate saddle points between minima:
Saddle 1: Position = [0.25363865 0.33049997], Energy = -71.51226761696554
Saddle 2: Position = [-0.74980793  0.71874685], Energy = -37.84471504531998

Computational statistics:
	Total energy calls: 8065
	Energy calls at each min: [1, 2000, 8065]
	Total force calls: 8065
	Force calls at each min: [1, 2000, 8065]
	Total steps: 8489
	Total Biases: 66

Verification against reference:
True minima found: 3/3

Verification against reference (saddles):
True saddles found: 0/2
Missed saddles at positions:
[0.21248658 0.29298833]
[-0.82200156  0.6243128 ]
Starting run 465
Identified minimum at position [0.6234994  0.02803776] with unbiased energy -108.16672411685238
Identified minimum at position [-0.05126572  0.4670284 ] with unbiased energy -80.76761137632947
Identified minimum at position [-0.55822365  1.44172583] with unbiased energy -146.6995172099539
Simulation completed.


Energies of found minima:
Minimum 1: Position = [0.6234994  0.02803776], Energy = -108.16672411685238
Minimum 2: Position = [-0.05126572  0.4670284 ], Energy = -80.76761137632947
Minimum 3: Position = [-0.55822365  1.44172583], Energy = -146.6995172099539

Approximate saddle points between minima:
Saddle 1: Position = [0.1153523  0.15573143], Energy = -68.37196704631143
Saddle 2: Position = [-0.82138023  0.64805052], Energy = -40.68237332316052

Computational statistics:
	Total energy calls: 5950
	Energy calls at each min: [1, 2501, 5950]
	Total force calls: 5950
	Force calls at each min: [1, 2501, 5950]
	Total steps: 6275
	Total Biases: 52

Verification against reference:
True minima found: 2/3
Missed minima at positions:
[-0.05001082  0.4666941 ]

Verification against reference (saddles):
True saddles found: 1/2
Missed saddles at positions:
[0.21248658 0.29298833]
Starting run 332
Identified minimum at position [0.6234994  0.02803776] with unbiased energy -108.16672411685238
Identified minimum at position [-0.0506011   0.46688122] with unbiased energy -80.76776755065447
Identified minimum at position [-0.55822362  1.44172586] with unbiased energy -146.69951720995394
Simulation completed.


Energies of found minima:
Minimum 1: Position = [0.6234994  0.02803776], Energy = -108.16672411685238
Minimum 2: Position = [-0.0506011   0.46688122], Energy = -80.76776755065447
Minimum 3: Position = [-0.55822362  1.44172586], Energy = -146.69951720995394

Approximate saddle points between minima:
Saddle 1: Position = [0.12139626 0.14282463], Energy = -68.89744193533247
Saddle 2: Position = [0.28611641 0.71831678], Energy = -17.284394799471414

Computational statistics:
	Total energy calls: 10316
	Energy calls at each min: [1, 1335, 10316]
	Total force calls: 10316
	Force calls at each min: [1, 1335, 10316]
	Total steps: 10864
	Total Biases: 83

Verification against reference:
True minima found: 3/3

Verification against reference (saddles):
True saddles found: 0/2
Missed saddles at positions:
[0.21248658 0.29298833]
[-0.82200156  0.6243128 ]
Starting run 4234
Identified minimum at position [0.6234994  0.02803776] with unbiased energy -108.16672411685238
Identified minimum at position [-0.05023127  0.46674965] with unbiased energy -80.76781191131703
Identified minimum at position [-0.55822363  1.44172585] with unbiased energy -146.699517209954
Simulation completed.


Energies of found minima:
Minimum 1: Position = [0.6234994  0.02803776], Energy = -108.16672411685238
Minimum 2: Position = [-0.05023127  0.46674965], Energy = -80.76781191131703
Minimum 3: Position = [-0.55822363  1.44172585], Energy = -146.699517209954

Approximate saddle points between minima:
Saddle 1: Position = [0.18279127 0.26301934], Energy = -71.88386151161521
Saddle 2: Position = [-0.83516722  0.54955673], Energy = -39.73323987909228

Computational statistics:
	Total energy calls: 11918
	Energy calls at each min: [1, 2011, 11918]
	Total force calls: 11918
	Force calls at each min: [1, 2011, 11918]
	Total steps: 12528
	Total Biases: 95

Verification against reference:
True minima found: 3/3

Verification against reference (saddles):
True saddles found: 1/2
Missed saddles at positions:
[-0.82200156  0.6243128 ]
Starting run 2330
Identified minimum at position [0.6234994  0.02803776] with unbiased energy -108.16672411685238
Identified minimum at position [-0.0500121   0.46669463] with unbiased energy -80.76781812936659
Identified minimum at position [-0.55822366  1.44172582] with unbiased energy -146.69951720995383
Simulation completed.


Energies of found minima:
Minimum 1: Position = [0.6234994  0.02803776], Energy = -108.16672411685238
Minimum 2: Position = [-0.0500121   0.46669463], Energy = -80.76781812936659
Minimum 3: Position = [-0.55822366  1.44172582], Energy = -146.69951720995383

Approximate saddle points between minima:
Saddle 1: Position = [0.24920099 0.3228991 ], Energy = -71.69391788852568
Saddle 2: Position = [-0.06380966 -0.06207172], Energy = -32.68632692809714

Computational statistics:
	Total energy calls: 18242
	Energy calls at each min: [1, 2181, 18242]
	Total force calls: 18242
	Force calls at each min: [1, 2181, 18242]
	Total steps: 19190
	Total Biases: 148

Verification against reference:
True minima found: 3/3

Verification against reference (saddles):
True saddles found: 1/2
Missed saddles at positions:
[-0.82200156  0.6243128 ]
Starting run 1432
Identified minimum at position [0.6234994  0.02803776] with unbiased energy -108.16672411685238
Identified minimum at position [-0.05001111  0.4666942 ] with unbiased energy -80.76781812964651
Approximate Hessian has condition number >1e6 and cannot be reliably trusted; reverting to default behavior. 
Eigenvalues: [3.42646008e-03 5.01984043e+06]
Identified minimum at position [-0.55822363  1.44172585] with unbiased energy -146.699517209954
Simulation completed.


Energies of found minima:
Minimum 1: Position = [0.6234994  0.02803776], Energy = -108.16672411685238
Minimum 2: Position = [-0.05001111  0.4666942 ], Energy = -80.76781812964651
Minimum 3: Position = [-0.55822363  1.44172585], Energy = -146.699517209954

Approximate saddle points between minima:
Saddle 1: Position = [0.29044293 0.28442576], Energy = -72.00853278428126
Saddle 2: Position = [-0.09607338  0.00788158], Energy = -38.00760323405525

Computational statistics:
	Total energy calls: 17249
	Energy calls at each min: [1, 2429, 17249]
	Total force calls: 17249
	Force calls at each min: [1, 2429, 17249]
	Total steps: 18154
	Total Biases: 139

Verification against reference:
True minima found: 3/3

Verification against reference (saddles):
True saddles found: 0/2
Missed saddles at positions:
[0.21248658 0.29298833]
[-0.82200156  0.6243128 ]
Starting run 2317
Identified minimum at position [0.6234994  0.02803776] with unbiased energy -108.16672411685238
Identified minimum at position [-0.0502826   0.46680394] with unbiased energy -80.76780499451306
Identified minimum at position [-0.55822365  1.44172583] with unbiased energy -146.6995172099539
Simulation completed.


Energies of found minima:
Minimum 1: Position = [0.6234994  0.02803776], Energy = -108.16672411685238
Minimum 2: Position = [-0.0502826   0.46680394], Energy = -80.76780499451306
Minimum 3: Position = [-0.55822365  1.44172583], Energy = -146.6995172099539

Approximate saddle points between minima:
Saddle 1: Position = [0.230855   0.30959029], Energy = -72.10636486944381
Saddle 2: Position = [-0.83398417  0.60639202], Energy = -40.55117968135973

Computational statistics:
	Total energy calls: 7071
	Energy calls at each min: [1, 1506, 7071]
	Total force calls: 7071
	Force calls at each min: [1, 1506, 7071]
	Total steps: 7433
	Total Biases: 60

Verification against reference:
True minima found: 3/3

Verification against reference (saddles):
True saddles found: 2/2
Starting run 3847
Identified minimum at position [0.6234994  0.02803776] with unbiased energy -108.16672411685238
Identified minimum at position [-0.05039295  0.46678295] with unbiased energy -80.76780001898751
Identified minimum at position [-0.55822365  1.44172583] with unbiased energy -146.69951720995397
Simulation completed.


Energies of found minima:
Minimum 1: Position = [0.6234994  0.02803776], Energy = -108.16672411685238
Minimum 2: Position = [-0.05039295  0.46678295], Energy = -80.76780001898751
Minimum 3: Position = [-0.55822365  1.44172583], Energy = -146.69951720995397

Approximate saddle points between minima:
Saddle 1: Position = [0.18221018 0.2612764 ], Energy = -71.86712194012168
Saddle 2: Position = [-0.87231595  0.60098612], Energy = -40.246875154535964

Computational statistics:
	Total energy calls: 7446
	Energy calls at each min: [1, 1419, 7446]
	Total force calls: 7446
	Force calls at each min: [1, 1419, 7446]
	Total steps: 7816
	Total Biases: 64

Verification against reference:
True minima found: 3/3

Verification against reference (saddles):
True saddles found: 1/2
Missed saddles at positions:
[-0.82200156  0.6243128 ]
Starting run 183
Identified minimum at position [0.6234994  0.02803776] with unbiased energy -108.16672411685238
Identified minimum at position [-0.05012296  0.46671328] with unbiased energy -80.76781668081807
Identified minimum at position [-0.55822366  1.44172582] with unbiased energy -146.69951720995383
Simulation completed.


Energies of found minima:
Minimum 1: Position = [0.6234994  0.02803776], Energy = -108.16672411685238
Minimum 2: Position = [-0.05012296  0.46671328], Energy = -80.76781668081807
Minimum 3: Position = [-0.55822366  1.44172582], Energy = -146.69951720995383

Approximate saddle points between minima:
Saddle 1: Position = [0.29440841 0.30927452], Energy = -70.86078357117947
Saddle 2: Position = [0.62732223 0.39099775], Energy = -29.15008436571317

Computational statistics:
	Total energy calls: 9988
	Energy calls at each min: [1, 852, 9988]
	Total force calls: 9988
	Force calls at each min: [1, 852, 9988]
	Total steps: 10506
	Total Biases: 83

Verification against reference:
True minima found: 3/3

Verification against reference (saddles):
True saddles found: 0/2
Missed saddles at positions:
[0.21248658 0.29298833]
[-0.82200156  0.6243128 ]
Starting run 4355
Identified minimum at position [0.6234994  0.02803776] with unbiased energy -108.16672411685238
Identified minimum at position [-0.05058024  0.46682078] with unbiased energy -80.76777850147991
Identified minimum at position [-0.55822365  1.44172582] with unbiased energy -146.69951720995385
Simulation completed.


Energies of found minima:
Minimum 1: Position = [0.6234994  0.02803776], Energy = -108.16672411685238
Minimum 2: Position = [-0.05058024  0.46682078], Energy = -80.76777850147991
Minimum 3: Position = [-0.55822365  1.44172582], Energy = -146.69951720995385

Approximate saddle points between minima:
Saddle 1: Position = [0.26262639 0.31165879], Energy = -71.55067130765423
Saddle 2: Position = [-0.81995549  0.64999337], Energy = -40.664991377486494

Computational statistics:
	Total energy calls: 9510
	Energy calls at each min: [1, 1953, 9510]
	Total force calls: 9510
	Force calls at each min: [1, 1953, 9510]
	Total steps: 9995
	Total Biases: 83

Verification against reference:
True minima found: 3/3

Verification against reference (saddles):
True saddles found: 1/2
Missed saddles at positions:
[0.21248658 0.29298833]
Starting run 512
Identified minimum at position [0.6234994  0.02803776] with unbiased energy -108.16672411685238
Identified minimum at position [-0.05002888  0.46669855] with unbiased energy -80.76781808833738
Identified minimum at position [-0.55822362  1.44172586] with unbiased energy -146.6995172099539
Simulation completed.


Energies of found minima:
Minimum 1: Position = [0.6234994  0.02803776], Energy = -108.16672411685238
Minimum 2: Position = [-0.05002888  0.46669855], Energy = -80.76781808833738
Minimum 3: Position = [-0.55822362  1.44172586], Energy = -146.6995172099539

Approximate saddle points between minima:
Saddle 1: Position = [0.15738181 0.26242006], Energy = -71.26871804404897
Saddle 2: Position = [-0.88625198  0.5829665 ], Energy = -39.54519863546831

Computational statistics:
	Total energy calls: 10423
	Energy calls at each min: [1, 1613, 10423]
	Total force calls: 10423
	Force calls at each min: [1, 1613, 10423]
	Total steps: 10963
	Total Biases: 87

Verification against reference:
True minima found: 3/3

Verification against reference (saddles):
True saddles found: 0/2
Missed saddles at positions:
[0.21248658 0.29298833]
[-0.82200156  0.6243128 ]
Starting run 4409
Identified minimum at position [0.6234994  0.02803776] with unbiased energy -108.16672411685238
Identified minimum at position [-0.0535452   0.46734607] with unbiased energy -80.76636012375212
Identified minimum at position [-0.55822365  1.44172582] with unbiased energy -146.69951720995385
Simulation completed.


Energies of found minima:
Minimum 1: Position = [0.6234994  0.02803776], Energy = -108.16672411685238
Minimum 2: Position = [-0.0535452   0.46734607], Energy = -80.76636012375212
Minimum 3: Position = [-0.55822365  1.44172582], Energy = -146.69951720995385

Approximate saddle points between minima:
Saddle 1: Position = [0.38959379 0.30287964], Energy = -67.76683493512547
Saddle 2: Position = [-0.83461461  0.56072822], Energy = -39.98853585546507

Computational statistics:
	Total energy calls: 9717
	Energy calls at each min: [1, 2819, 9717]
	Total force calls: 9717
	Force calls at each min: [1, 2819, 9717]
	Total steps: 10241
	Total Biases: 81

Verification against reference:
True minima found: 2/3
Missed minima at positions:
[-0.05001082  0.4666941 ]

Verification against reference (saddles):
True saddles found: 0/2
Missed saddles at positions:
[0.21248658 0.29298833]
[-0.82200156  0.6243128 ]
Starting run 239
Identified minimum at position [0.6234994  0.02803776] with unbiased energy -108.16672411685238
Identified minimum at position [-0.0518898   0.46704648] with unbiased energy -80.76740481646175
Identified minimum at position [-0.55822365  1.44172582] with unbiased energy -146.69951720995388
Simulation completed.


Energies of found minima:
Minimum 1: Position = [0.6234994  0.02803776], Energy = -108.16672411685238
Minimum 2: Position = [-0.0518898   0.46704648], Energy = -80.76740481646175
Minimum 3: Position = [-0.55822365  1.44172582], Energy = -146.69951720995388

Approximate saddle points between minima:
Saddle 1: Position = [0.4361406  0.34086327], Energy = -60.90594267744612
Saddle 2: Position = [-0.84339343  0.57179732], Energy = -39.95287408998387

Computational statistics:
	Total energy calls: 3311
	Energy calls at each min: [1, 2183, 3311]
	Total force calls: 3311
	Force calls at each min: [1, 2183, 3311]
	Total steps: 3487
	Total Biases: 29

Verification against reference:
True minima found: 2/3
Missed minima at positions:
[-0.05001082  0.4666941 ]

Verification against reference (saddles):
True saddles found: 0/2
Missed saddles at positions:
[0.21248658 0.29298833]
[-0.82200156  0.6243128 ]
Starting run 2128
Identified minimum at position [0.6234994  0.02803776] with unbiased energy -108.16672411685238
Identified minimum at position [-0.05002162  0.46669646] with unbiased energy -80.76781811549867
Approximate Hessian has condition number >1e6 and cannot be reliably trusted; reverting to default behavior. 
Eigenvalues: [2.45746307e-03 2.61499797e+05]
Identified minimum at position [-0.55822365  1.44172583] with unbiased energy -146.6995172099539
Simulation completed.


Energies of found minima:
Minimum 1: Position = [0.6234994  0.02803776], Energy = -108.16672411685238
Minimum 2: Position = [-0.05002162  0.46669646], Energy = -80.76781811549867
Minimum 3: Position = [-0.55822365  1.44172583], Energy = -146.6995172099539

Approximate saddle points between minima:
Saddle 1: Position = [0.12995978 0.1583142 ], Energy = -69.58767065853675
Saddle 2: Position = [0.41165379 0.56238184], Energy = -39.40705525799524

Computational statistics:
	Total energy calls: 9958
	Energy calls at each min: [1, 1698, 9958]
	Total force calls: 9958
	Force calls at each min: [1, 1698, 9958]
	Total steps: 10491
	Total Biases: 82

Verification against reference:
True minima found: 3/3

Verification against reference (saddles):
True saddles found: 0/2
Missed saddles at positions:
[0.21248658 0.29298833]
[-0.82200156  0.6243128 ]
Starting run 3639
Identified minimum at position [0.6234994  0.02803776] with unbiased energy -108.16672411685238
Identified minimum at position [-0.05025353  0.46673416] with unbiased energy -80.76781137526767
Identified minimum at position [-0.55822362  1.44172586] with unbiased energy -146.6995172099539
Simulation completed.


Energies of found minima:
Minimum 1: Position = [0.6234994  0.02803776], Energy = -108.16672411685238
Minimum 2: Position = [-0.05025353  0.46673416], Energy = -80.76781137526767
Minimum 3: Position = [-0.55822362  1.44172586], Energy = -146.6995172099539

Approximate saddle points between minima:
Saddle 1: Position = [0.34691262 0.30039942], Energy = -69.73606184599055
Saddle 2: Position = [-0.81038371  0.64445279], Energy = -40.5497216289923

Computational statistics:
	Total energy calls: 3796
	Energy calls at each min: [1, 1200, 3796]
	Total force calls: 3796
	Force calls at each min: [1, 1200, 3796]
	Total steps: 3992
	Total Biases: 32

Verification against reference:
True minima found: 3/3

Verification against reference (saddles):
True saddles found: 1/2
Missed saddles at positions:
[0.21248658 0.29298833]
Starting run 1222
Identified minimum at position [0.6234994  0.02803776] with unbiased energy -108.16672411685238
Identified minimum at position [-0.0500294   0.46670076] with unbiased energy -80.7678180747158
Identified minimum at position [-0.55822362  1.44172586] with unbiased energy -146.69951720995394
Simulation completed.


Energies of found minima:
Minimum 1: Position = [0.6234994  0.02803776], Energy = -108.16672411685238
Minimum 2: Position = [-0.0500294   0.46670076], Energy = -80.7678180747158
Minimum 3: Position = [-0.55822362  1.44172586], Energy = -146.69951720995394

Approximate saddle points between minima:
Saddle 1: Position = [0.29707449 0.32382579], Energy = -70.25461046441276
Saddle 2: Position = [-0.17564404  0.05229067], Energy = -33.594481585479414

Computational statistics:
	Total energy calls: 5749
	Energy calls at each min: [1, 785, 5749]
	Total force calls: 5749
	Force calls at each min: [1, 785, 5749]
	Total steps: 6043
	Total Biases: 48

Verification against reference:
True minima found: 3/3

Verification against reference (saddles):
True saddles found: 0/2
Missed saddles at positions:
[0.21248658 0.29298833]
[-0.82200156  0.6243128 ]
Starting run 4108
Identified minimum at position [0.6234994  0.02803776] with unbiased energy -108.16672411685238
Identified minimum at position [-0.05002012  0.46669546] with unbiased energy -80.76781811988164
Identified minimum at position [-0.55822363  1.44172585] with unbiased energy -146.69951720995397
Simulation completed.


Energies of found minima:
Minimum 1: Position = [0.6234994  0.02803776], Energy = -108.16672411685238
Minimum 2: Position = [-0.05002012  0.46669546], Energy = -80.76781811988164
Minimum 3: Position = [-0.55822363  1.44172585], Energy = -146.69951720995397

Approximate saddle points between minima:
Saddle 1: Position = [0.1686208  0.26438426], Energy = -71.57328015097276
Saddle 2: Position = [-0.03167915 -0.04550154], Energy = -38.81557956713843

Computational statistics:
	Total energy calls: 12991
	Energy calls at each min: [1, 2783, 12991]
	Total force calls: 12991
	Force calls at each min: [1, 2783, 12991]
	Total steps: 13649
	Total Biases: 101

Verification against reference:
True minima found: 3/3

Verification against reference (saddles):
True saddles found: 0/2
Missed saddles at positions:
[0.21248658 0.29298833]
[-0.82200156  0.6243128 ]
Starting run 2173
Identified minimum at position [0.6234994  0.02803776] with unbiased energy -108.16672411685238
Identified minimum at position [-0.05001641  0.46669733] with unbiased energy -80.76781812106162
Identified minimum at position [-0.55822365  1.44172583] with unbiased energy -146.6995172099539
Simulation completed.


Energies of found minima:
Minimum 1: Position = [0.6234994  0.02803776], Energy = -108.16672411685238
Minimum 2: Position = [-0.05001641  0.46669733], Energy = -80.76781812106162
Minimum 3: Position = [-0.55822365  1.44172583], Energy = -146.6995172099539

Approximate saddle points between minima:
Saddle 1: Position = [0.22556669 0.30225882], Energy = -72.18406126648061
Saddle 2: Position = [-0.1202444   0.72027629], Energy = -37.5416216833972

Computational statistics:
	Total energy calls: 6194
	Energy calls at each min: [1, 1223, 6194]
	Total force calls: 6194
	Force calls at each min: [1, 1223, 6194]
	Total steps: 6527
	Total Biases: 49

Verification against reference:
True minima found: 3/3

Verification against reference (saddles):
True saddles found: 1/2
Missed saddles at positions:
[-0.82200156  0.6243128 ]
