Starting run 2183
Identified minimum at position [0.6234994  0.02803776] with unbiased energy -108.16672411685238
Identified minimum at position [-0.05068065  0.46681497] with unbiased energy -80.76776598656785
Identified minimum at position [-0.55822365  1.44172583] with unbiased energy -146.6995172099539
Simulation completed.


Energies of found minima:
Minimum 1: Position = [0.6234994  0.02803776], Energy = -108.16672411685238
Minimum 2: Position = [-0.05068065  0.46681497], Energy = -80.76776598656785
Minimum 3: Position = [-0.55822365  1.44172583], Energy = -146.6995172099539

Approximate saddle points between minima:
Saddle 1: Position = [0.09539542 0.16012405], Energy = -66.71727422678524
Saddle 2: Position = [-0.76256001  0.67656526], Energy = -39.26771048463718

Computational statistics:
	Total energy calls: 9013
	Energy calls at each min: [1, 1942, 9013]
	Total force calls: 9013
	Force calls at each min: [1, 1942, 9013]
	Total steps: 9454
	Total Biases: 74

Verification against reference:
True minima found: 3/3

Verification against reference (saddles):
True saddles found: 0/2
Missed saddles at positions:
[0.21248658 0.29298833]
[-0.82200156  0.6243128 ]
Starting run 1813
Identified minimum at position [0.6234994  0.02803776] with unbiased energy -108.16672411685238
Identified minimum at position [-0.05001601  0.466696  ] with unbiased energy -80.76781812529731
Identified minimum at position [-0.55822365  1.44172583] with unbiased energy -146.6995172099539
Simulation completed.


Energies of found minima:
Minimum 1: Position = [0.6234994  0.02803776], Energy = -108.16672411685238
Minimum 2: Position = [-0.05001601  0.466696  ], Energy = -80.76781812529731
Minimum 3: Position = [-0.55822365  1.44172583], Energy = -146.6995172099539

Approximate saddle points between minima:
Saddle 1: Position = [0.1912704 0.2533959], Energy = -72.10574326143993
Saddle 2: Position = [0.9302346  0.18390015], Energy = -31.30427548986583

Computational statistics:
	Total energy calls: 15742
	Energy calls at each min: [1, 1832, 15742]
	Total force calls: 15742
	Force calls at each min: [1, 1832, 15742]
	Total steps: 16550
	Total Biases: 130

Verification against reference:
True minima found: 3/3

Verification against reference (saddles):
True saddles found: 1/2
Missed saddles at positions:
[-0.82200156  0.6243128 ]
Starting run 1934
Identified minimum at position [0.6234994  0.02803776] with unbiased energy -108.16672411685238
Identified minimum at position [-0.05030924  0.46673966] with unbiased energy -80.76780800788302
Identified minimum at position [-0.55822365  1.44172583] with unbiased energy -146.6995172099539
Simulation completed.


Energies of found minima:
Minimum 1: Position = [0.6234994  0.02803776], Energy = -108.16672411685238
Minimum 2: Position = [-0.05030924  0.46673966], Energy = -80.76780800788302
Minimum 3: Position = [-0.55822365  1.44172583], Energy = -146.6995172099539

Approximate saddle points between minima:
Saddle 1: Position = [0.11928573 0.24723407], Energy = -69.67618652661815
Saddle 2: Position = [-0.81364149  0.63003667], Energy = -40.644071518111744

Computational statistics:
	Total energy calls: 8958
	Energy calls at each min: [1, 1489, 8958]
	Total force calls: 8958
	Force calls at each min: [1, 1489, 8958]
	Total steps: 9407
	Total Biases: 74

Verification against reference:
True minima found: 3/3

Verification against reference (saddles):
True saddles found: 1/2
Missed saddles at positions:
[0.21248658 0.29298833]
Starting run 4075
Identified minimum at position [0.6234994  0.02803776] with unbiased energy -108.16672411685238
Identified minimum at position [-0.05001082  0.46669411] with unbiased energy -80.767818129659
Identified minimum at position [-0.55822365  1.44172583] with unbiased energy -146.69951720995394
Simulation completed.


Energies of found minima:
Minimum 1: Position = [0.6234994  0.02803776], Energy = -108.16672411685238
Minimum 2: Position = [-0.05001082  0.46669411], Energy = -80.767818129659
Minimum 3: Position = [-0.55822365  1.44172583], Energy = -146.69951720995394

Approximate saddle points between minima:
Saddle 1: Position = [0.2956743  0.30366514], Energy = -71.0523841761993
Saddle 2: Position = [-0.43669931  0.25550383], Energy = -37.20417655732556

Computational statistics:
	Total energy calls: 8017
	Energy calls at each min: [1, 1376, 8017]
	Total force calls: 8017
	Force calls at each min: [1, 1376, 8017]
	Total steps: 8447
	Total Biases: 68

Verification against reference:
True minima found: 3/3

Verification against reference (saddles):
True saddles found: 0/2
Missed saddles at positions:
[0.21248658 0.29298833]
[-0.82200156  0.6243128 ]
Starting run 4225
Identified minimum at position [0.6234994  0.02803776] with unbiased energy -108.16672411685238
Identified minimum at position [-0.05015748  0.46673161] with unbiased energy -80.76781535959577
Identified minimum at position [-0.55822362  1.44172586] with unbiased energy -146.69951720995397
Simulation completed.


Energies of found minima:
Minimum 1: Position = [0.6234994  0.02803776], Energy = -108.16672411685238
Minimum 2: Position = [-0.05015748  0.46673161], Energy = -80.76781535959577
Minimum 3: Position = [-0.55822362  1.44172586], Energy = -146.69951720995397

Approximate saddle points between minima:
Saddle 1: Position = [0.09677058 0.18036867], Energy = -67.0636414954256
Saddle 2: Position = [0.50102004 0.46785019], Energy = -39.645013659294854

Computational statistics:
	Total energy calls: 11450
	Energy calls at each min: [1, 2239, 11450]
	Total force calls: 11450
	Force calls at each min: [1, 2239, 11450]
	Total steps: 12037
	Total Biases: 98

Verification against reference:
True minima found: 3/3

Verification against reference (saddles):
True saddles found: 0/2
Missed saddles at positions:
[0.21248658 0.29298833]
[-0.82200156  0.6243128 ]
Starting run 1252
Identified minimum at position [0.6234994  0.02803776] with unbiased energy -108.16672411685238
Identified minimum at position [-0.05002736  0.46669964] with unbiased energy -80.76781808841018
Identified minimum at position [-0.55822365  1.44172583] with unbiased energy -146.69951720995397
Simulation completed.


Energies of found minima:
Minimum 1: Position = [0.6234994  0.02803776], Energy = -108.16672411685238
Minimum 2: Position = [-0.05002736  0.46669964], Energy = -80.76781808841018
Minimum 3: Position = [-0.55822365  1.44172583], Energy = -146.69951720995397

Approximate saddle points between minima:
Saddle 1: Position = [0.15030192 0.17213414], Energy = -71.05245974547584
Saddle 2: Position = [-0.77032361  0.64523485], Energy = -40.31600057065323

Computational statistics:
	Total energy calls: 5641
	Energy calls at each min: [1, 949, 5641]
	Total force calls: 5641
	Force calls at each min: [1, 949, 5641]
	Total steps: 5939
	Total Biases: 48

Verification against reference:
True minima found: 3/3

Verification against reference (saddles):
True saddles found: 0/2
Missed saddles at positions:
[0.21248658 0.29298833]
[-0.82200156  0.6243128 ]
Starting run 1778
Identified minimum at position [0.6234994  0.02803776] with unbiased energy -108.16672411685238
Identified minimum at position [-0.05001089  0.46669412] with unbiased energy -80.76781812965841
Identified minimum at position [-0.55822364  1.44172583] with unbiased energy -146.699517209954
Simulation completed.


Energies of found minima:
Minimum 1: Position = [0.6234994  0.02803776], Energy = -108.16672411685238
Minimum 2: Position = [-0.05001089  0.46669412], Energy = -80.76781812965841
Minimum 3: Position = [-0.55822364  1.44172583], Energy = -146.699517209954

Approximate saddle points between minima:
Saddle 1: Position = [0.2129425  0.29322138], Energy = -72.24887355451276
Saddle 2: Position = [-0.90419476  0.5317572 ], Energy = -36.715563176834706

Computational statistics:
	Total energy calls: 4098
	Energy calls at each min: [1, 1226, 4098]
	Total force calls: 4098
	Force calls at each min: [1, 1226, 4098]
	Total steps: 4321
	Total Biases: 34

Verification against reference:
True minima found: 3/3

Verification against reference (saddles):
True saddles found: 1/2
Missed saddles at positions:
[-0.82200156  0.6243128 ]
Starting run 1457
Identified minimum at position [0.6234994  0.02803776] with unbiased energy -108.16672411685238
Identified minimum at position [-0.05006169  0.46670606] with unbiased energy -80.76781780761807
Identified minimum at position [-0.55822362  1.44172586] with unbiased energy -146.6995172099539
Simulation completed.


Energies of found minima:
Minimum 1: Position = [0.6234994  0.02803776], Energy = -108.16672411685238
Minimum 2: Position = [-0.05006169  0.46670606], Energy = -80.76781780761807
Minimum 3: Position = [-0.55822362  1.44172586], Energy = -146.6995172099539

Approximate saddle points between minima:
Saddle 1: Position = [0.14119467 0.29115392], Energy = -71.69760341220055
Saddle 2: Position = [0.44111566 0.53797464], Energy = -39.25242376241092

Computational statistics:
	Total energy calls: 11509
	Energy calls at each min: [1, 1748, 11509]
	Total force calls: 11509
	Force calls at each min: [1, 1748, 11509]
	Total steps: 12127
	Total Biases: 96

Verification against reference:
True minima found: 3/3

Verification against reference (saddles):
True saddles found: 0/2
Missed saddles at positions:
[0.21248658 0.29298833]
[-0.82200156  0.6243128 ]
Starting run 3922
Identified minimum at position [0.6234994  0.02803776] with unbiased energy -108.16672411685238
Identified minimum at position [-0.05003811  0.46670101] with unbiased energy -80.76781803420172
Identified minimum at position [-0.55822362  1.44172585] with unbiased energy -146.69951720995394
Simulation completed.


Energies of found minima:
Minimum 1: Position = [0.6234994  0.02803776], Energy = -108.16672411685238
Minimum 2: Position = [-0.05003811  0.46670101], Energy = -80.76781803420172
Minimum 3: Position = [-0.55822362  1.44172585], Energy = -146.69951720995394

Approximate saddle points between minima:
Saddle 1: Position = [0.14606307 0.01460836], Energy = -67.83490935132879
Saddle 2: Position = [-0.25209109  0.75873767], Energy = -27.86238360323486

Computational statistics:
	Total energy calls: 9558
	Energy calls at each min: [1, 1162, 9558]
	Total force calls: 9558
	Force calls at each min: [1, 1162, 9558]
	Total steps: 10072
	Total Biases: 79

Verification against reference:
True minima found: 3/3

Verification against reference (saddles):
True saddles found: 0/2
Missed saddles at positions:
[0.21248658 0.29298833]
[-0.82200156  0.6243128 ]
Starting run 660
Identified minimum at position [0.6234994  0.02803776] with unbiased energy -108.16672411685238
Identified minimum at position [-0.05035296  0.46681877] with unbiased energy -80.76779921995069
Approximate Hessian has condition number >1e6 and cannot be reliably trusted; reverting to default behavior. 
Eigenvalues: [9.22232866e-04 2.87514299e+08]
Approximate Hessian has condition number >1e6 and cannot be reliably trusted; reverting to default behavior. 
Eigenvalues: [3.40953790e-03 6.37342675e+06]
Identified minimum at position [-0.55822362  1.44172586] with unbiased energy -146.69951720995385
Simulation completed.


Energies of found minima:
Minimum 1: Position = [0.6234994  0.02803776], Energy = -108.16672411685238
Minimum 2: Position = [-0.05035296  0.46681877], Energy = -80.76779921995069
Minimum 3: Position = [-0.55822362  1.44172586], Energy = -146.69951720995385

Approximate saddle points between minima:
Saddle 1: Position = [0.17003356 0.27728563], Energy = -71.77309730442462
Saddle 2: Position = [-0.40997566  0.1940343 ], Energy = -29.274242986038445

Computational statistics:
	Total energy calls: 14852
	Energy calls at each min: [1, 2331, 14852]
	Total force calls: 14852
	Force calls at each min: [1, 2331, 14852]
	Total steps: 15599
	Total Biases: 118

Verification against reference:
True minima found: 3/3

Verification against reference (saddles):
True saddles found: 1/2
Missed saddles at positions:
[-0.82200156  0.6243128 ]
Starting run 3551
Identified minimum at position [0.6234994  0.02803776] with unbiased energy -108.16672411685238
Identified minimum at position [-0.55822365  1.44172582] with unbiased energy -146.69951720995388
Approximate Hessian has condition number >1e6 and cannot be reliably trusted; reverting to default behavior. 
Eigenvalues: [8.72455154e-04 1.84909546e+05]
Approximate Hessian has condition number >1e6 and cannot be reliably trusted; reverting to default behavior. 
Eigenvalues: [1.20170969e-03 3.30731135e+06]
Approximate Hessian has condition number >1e6 and cannot be reliably trusted; reverting to default behavior. 
Eigenvalues: [1.79710728e-03 3.13998401e+06]
Approximate Hessian has condition number >1e6 and cannot be reliably trusted; reverting to default behavior. 
Eigenvalues: [1.31238718e-03 1.87835659e+07]
Approximate Hessian has condition number >1e6 and cannot be reliably trusted; reverting to default behavior. 
Eigenvalues: [2.73719023e-04 4.33197090e+06]
Approximate Hessian has condition number >1e6 and cannot be reliably trusted; reverting to default behavior. 
Eigenvalues: [4.11868095e-04 1.21609088e+08]
Simulation completed.


Energies of found minima:
Minimum 1: Position = [0.6234994  0.02803776], Energy = -108.16672411685238
Minimum 2: Position = [-0.55822365  1.44172582], Energy = -146.69951720995388

Approximate saddle points between minima:
Saddle 1: Position = [-0.55666015  0.71374568], Energy = -34.5564992673117

Computational statistics:
	Total energy calls: 646128
	Energy calls at each min: [1, 5991]
	Total force calls: 646128
	Force calls at each min: [1, 5991]
	Total steps: 680525
	Total Biases: 5000

Verification against reference:
True minima found: 2/3
Missed minima at positions:
[-0.05001082  0.4666941 ]

Verification against reference (saddles):
True saddles found: 0/2
Missed saddles at positions:
[0.21248658 0.29298833]
[-0.82200156  0.6243128 ]
Starting run 1500
Identified minimum at position [0.6234994  0.02803776] with unbiased energy -108.16672411685238
Identified minimum at position [-0.05003504  0.4667003 ] with unbiased energy -80.76781805410228
Identified minimum at position [-0.55822362  1.44172585] with unbiased energy -146.69951720995397
Simulation completed.


Energies of found minima:
Minimum 1: Position = [0.6234994  0.02803776], Energy = -108.16672411685238
Minimum 2: Position = [-0.05003504  0.4667003 ], Energy = -80.76781805410228
Minimum 3: Position = [-0.55822362  1.44172585], Energy = -146.69951720995397

Approximate saddle points between minima:
Saddle 1: Position = [0.2099653  0.27956009], Energy = -72.26952249411185
Saddle 2: Position = [-0.81801898  0.49394932], Energy = -38.58904292841941

Computational statistics:
	Total energy calls: 5096
	Energy calls at each min: [1, 1493, 5096]
	Total force calls: 5096
	Force calls at each min: [1, 1493, 5096]
	Total steps: 5367
	Total Biases: 42

Verification against reference:
True minima found: 3/3

Verification against reference (saddles):
True saddles found: 1/2
Missed saddles at positions:
[-0.82200156  0.6243128 ]
Starting run 1891
Identified minimum at position [0.6234994  0.02803776] with unbiased energy -108.16672411685238
Identified minimum at position [-0.05025593  0.46675352] with unbiased energy -80.76781056279918
Identified minimum at position [-0.55822363  1.44172584] with unbiased energy -146.699517209954
Simulation completed.


Energies of found minima:
Minimum 1: Position = [0.6234994  0.02803776], Energy = -108.16672411685238
Minimum 2: Position = [-0.05025593  0.46675352], Energy = -80.76781056279918
Minimum 3: Position = [-0.55822363  1.44172584], Energy = -146.699517209954

Approximate saddle points between minima:
Saddle 1: Position = [0.1973327  0.28736235], Energy = -72.18726459410586
Saddle 2: Position = [-0.83089421  0.5803064 ], Energy = -40.373839603979036

Computational statistics:
	Total energy calls: 2999
	Energy calls at each min: [1, 905, 2999]
	Total force calls: 2999
	Force calls at each min: [1, 905, 2999]
	Total steps: 3158
	Total Biases: 26

Verification against reference:
True minima found: 3/3

Verification against reference (saddles):
True saddles found: 2/2
Starting run 4594
Identified minimum at position [0.6234994  0.02803776] with unbiased energy -108.16672411685238
Identified minimum at position [-0.05001084  0.46669411] with unbiased energy -80.76781812965902
Identified minimum at position [-0.55822363  1.44172585] with unbiased energy -146.69951720995402
Simulation completed.


Energies of found minima:
Minimum 1: Position = [0.6234994  0.02803776], Energy = -108.16672411685238
Minimum 2: Position = [-0.05001084  0.46669411], Energy = -80.76781812965902
Minimum 3: Position = [-0.55822363  1.44172585], Energy = -146.69951720995402

Approximate saddle points between minima:
Saddle 1: Position = [0.13753068 0.17943584], Energy = -70.04659595986072
Saddle 2: Position = [-0.89356426  0.51600512], Energy = -36.13060490328364

Computational statistics:
	Total energy calls: 4538
	Energy calls at each min: [1, 1363, 4538]
	Total force calls: 4538
	Force calls at each min: [1, 1363, 4538]
	Total steps: 4788
	Total Biases: 39

Verification against reference:
True minima found: 3/3

Verification against reference (saddles):
True saddles found: 0/2
Missed saddles at positions:
[0.21248658 0.29298833]
[-0.82200156  0.6243128 ]
Starting run 2285
Identified minimum at position [0.6234994  0.02803776] with unbiased energy -108.16672411685238
Identified minimum at position [-0.0500143   0.46669502] with unbiased energy -80.76781812807944
Identified minimum at position [-0.55822365  1.44172583] with unbiased energy -146.69951720995397
Simulation completed.


Energies of found minima:
Minimum 1: Position = [0.6234994  0.02803776], Energy = -108.16672411685238
Minimum 2: Position = [-0.0500143   0.46669502], Energy = -80.76781812807944
Minimum 3: Position = [-0.55822365  1.44172583], Energy = -146.69951720995397

Approximate saddle points between minima:
Saddle 1: Position = [0.1467574  0.28139347], Energy = -71.466189256068
Saddle 2: Position = [-0.49475691  0.69668186], Energy = -38.33909972496415

Computational statistics:
	Total energy calls: 4031
	Energy calls at each min: [1, 1077, 4031]
	Total force calls: 4031
	Force calls at each min: [1, 1077, 4031]
	Total steps: 4243
	Total Biases: 36

Verification against reference:
True minima found: 3/3

Verification against reference (saddles):
True saddles found: 0/2
Missed saddles at positions:
[0.21248658 0.29298833]
[-0.82200156  0.6243128 ]
Starting run 403
Identified minimum at position [0.6234994  0.02803776] with unbiased energy -108.16672411685238
Identified minimum at position [-0.05042516  0.46679506] with unbiased energy -80.76779646149163
Identified minimum at position [-0.55822363  1.44172584] with unbiased energy -146.699517209954
Simulation completed.


Energies of found minima:
Minimum 1: Position = [0.6234994  0.02803776], Energy = -108.16672411685238
Minimum 2: Position = [-0.05042516  0.46679506], Energy = -80.76779646149163
Minimum 3: Position = [-0.55822363  1.44172584], Energy = -146.699517209954

Approximate saddle points between minima:
Saddle 1: Position = [0.23490727 0.28383628], Energy = -72.32957840354482
Saddle 2: Position = [-0.85234615  0.61107281], Energy = -40.5272993774528

Computational statistics:
	Total energy calls: 10252
	Energy calls at each min: [1, 2325, 10252]
	Total force calls: 10252
	Force calls at each min: [1, 2325, 10252]
	Total steps: 10779
	Total Biases: 86

Verification against reference:
True minima found: 3/3

Verification against reference (saddles):
True saddles found: 2/2
Starting run 329
Identified minimum at position [0.6234994  0.02803776] with unbiased energy -108.16672411685238
Identified minimum at position [-0.05012442  0.46671828] with unbiased energy -80.76781657342897
Approximate Hessian has condition number >1e6 and cannot be reliably trusted; reverting to default behavior. 
Eigenvalues: [6.63636078e-04 1.99831615e+06]
Identified minimum at position [-0.55822364  1.44172584] with unbiased energy -146.69951720995402
Simulation completed.


Energies of found minima:
Minimum 1: Position = [0.6234994  0.02803776], Energy = -108.16672411685238
Minimum 2: Position = [-0.05012442  0.46671828], Energy = -80.76781657342897
Minimum 3: Position = [-0.55822364  1.44172584], Energy = -146.69951720995402

Approximate saddle points between minima:
Saddle 1: Position = [0.30056193 0.29483387], Energy = -71.34312479539847
Saddle 2: Position = [-0.50960981  0.27634747], Energy = -35.62662842688724

Computational statistics:
	Total energy calls: 8964
	Energy calls at each min: [1, 1119, 8964]
	Total force calls: 8964
	Force calls at each min: [1, 1119, 8964]
	Total steps: 9442
	Total Biases: 69

Verification against reference:
True minima found: 3/3

Verification against reference (saddles):
True saddles found: 0/2
Missed saddles at positions:
[0.21248658 0.29298833]
[-0.82200156  0.6243128 ]
Starting run 3767
Identified minimum at position [0.6234994  0.02803776] with unbiased energy -108.16672411685238
Identified minimum at position [-0.0512377   0.46696049] with unbiased energy -80.76763549817115
Identified minimum at position [-0.55822363  1.44172584] with unbiased energy -146.699517209954
Simulation completed.


Energies of found minima:
Minimum 1: Position = [0.6234994  0.02803776], Energy = -108.16672411685238
Minimum 2: Position = [-0.0512377   0.46696049], Energy = -80.76763549817115
Minimum 3: Position = [-0.55822363  1.44172584], Energy = -146.699517209954

Approximate saddle points between minima:
Saddle 1: Position = [0.19049788 0.29480897], Energy = -72.22346319326948
Saddle 2: Position = [-0.78691291  0.64461038], Energy = -40.376450391197025

Computational statistics:
	Total energy calls: 7380
	Energy calls at each min: [1, 1187, 7380]
	Total force calls: 7380
	Force calls at each min: [1, 1187, 7380]
	Total steps: 7766
	Total Biases: 61

Verification against reference:
True minima found: 2/3
Missed minima at positions:
[-0.05001082  0.4666941 ]

Verification against reference (saddles):
True saddles found: 2/2
Starting run 438
Identified minimum at position [0.6234994  0.02803776] with unbiased energy -108.16672411685238
Identified minimum at position [-0.55822365  1.44172582] with unbiased energy -146.69951720995388
Approximate Hessian has condition number >1e6 and cannot be reliably trusted; reverting to default behavior. 
Eigenvalues: [1.56358036e-03 3.48190401e+06]
Approximate Hessian has condition number >1e6 and cannot be reliably trusted; reverting to default behavior. 
Eigenvalues: [6.05975947e-06 1.67075967e+06]
Approximate Hessian has condition number >1e6 and cannot be reliably trusted; reverting to default behavior. 
Eigenvalues: [1.82551472e-03 6.71824244e+06]
Approximate Hessian has condition number >1e6 and cannot be reliably trusted; reverting to default behavior. 
Eigenvalues: [3.27006063e-03 1.11745533e+04]
Approximate Hessian has condition number >1e6 and cannot be reliably trusted; reverting to default behavior. 
Eigenvalues: [2.00588453e-03 1.38081674e+05]
Approximate Hessian has condition number >1e6 and cannot be reliably trusted; reverting to default behavior. 
Eigenvalues: [8.76005506e-04 9.34270879e+06]
Approximate Hessian has condition number >1e6 and cannot be reliably trusted; reverting to default behavior. 
Eigenvalues: [1.37998858e-03 1.25341014e+04]
Simulation completed.


Energies of found minima:
Minimum 1: Position = [0.6234994  0.02803776], Energy = -108.16672411685238
Minimum 2: Position = [-0.55822365  1.44172582], Energy = -146.69951720995388

Approximate saddle points between minima:
Saddle 1: Position = [-0.83688637  0.58566857], Energy = -40.31086326116016

Computational statistics:
	Total energy calls: 644233
	Energy calls at each min: [1, 7171]
	Total force calls: 644233
	Force calls at each min: [1, 7171]
	Total steps: 677738
	Total Biases: 5000

Verification against reference:
True minima found: 2/3
Missed minima at positions:
[-0.05001082  0.4666941 ]

Verification against reference (saddles):
True saddles found: 1/2
Missed saddles at positions:
[0.21248658 0.29298833]
Starting run 2506
Identified minimum at position [0.6234994  0.02803776] with unbiased energy -108.16672411685238
Identified minimum at position [-0.05046408  0.46683698] with unbiased energy -80.76778842327236
Identified minimum at position [-0.55822362  1.44172586] with unbiased energy -146.6995172099539
Simulation completed.


Energies of found minima:
Minimum 1: Position = [0.6234994  0.02803776], Energy = -108.16672411685238
Minimum 2: Position = [-0.05046408  0.46683698], Energy = -80.76778842327236
Minimum 3: Position = [-0.55822362  1.44172586], Energy = -146.6995172099539

Approximate saddle points between minima:
Saddle 1: Position = [0.37654563 0.31789999], Energy = -67.08505711264728
Saddle 2: Position = [-0.58247486  0.22136045], Energy = -21.48187953337628

Computational statistics:
	Total energy calls: 8379
	Energy calls at each min: [1, 1232, 8379]
	Total force calls: 8379
	Force calls at each min: [1, 1232, 8379]
	Total steps: 8821
	Total Biases: 67

Verification against reference:
True minima found: 3/3

Verification against reference (saddles):
True saddles found: 0/2
Missed saddles at positions:
[0.21248658 0.29298833]
[-0.82200156  0.6243128 ]
Starting run 1883
Identified minimum at position [0.6234994  0.02803776] with unbiased energy -108.16672411685238
Identified minimum at position [-0.05001115  0.46669416] with unbiased energy -80.76781812964693
Identified minimum at position [-0.55822362  1.44172586] with unbiased energy -146.69951720995388
Simulation completed.


Energies of found minima:
Minimum 1: Position = [0.6234994  0.02803776], Energy = -108.16672411685238
Minimum 2: Position = [-0.05001115  0.46669416], Energy = -80.76781812964693
Minimum 3: Position = [-0.55822362  1.44172586], Energy = -146.69951720995388

Approximate saddle points between minima:
Saddle 1: Position = [0.07139966 0.17282306], Energy = -64.9686571329962
Saddle 2: Position = [-0.88034035  0.5987021 ], Energy = -40.15284062425107

Computational statistics:
	Total energy calls: 5794
	Energy calls at each min: [1, 1928, 5794]
	Total force calls: 5794
	Force calls at each min: [1, 1928, 5794]
	Total steps: 6110
	Total Biases: 49

Verification against reference:
True minima found: 3/3

Verification against reference (saddles):
True saddles found: 0/2
Missed saddles at positions:
[0.21248658 0.29298833]
[-0.82200156  0.6243128 ]
Starting run 2487
Identified minimum at position [0.6234994  0.02803776] with unbiased energy -108.16672411685238
Identified minimum at position [-0.55822366  1.44172582] with unbiased energy -146.69951720995383
Approximate Hessian has condition number >1e6 and cannot be reliably trusted; reverting to default behavior. 
Eigenvalues: [4.75269953e-04 2.47800654e+05]
Approximate Hessian has condition number >1e6 and cannot be reliably trusted; reverting to default behavior. 
Eigenvalues: [3.07898136e-03 1.16879979e+07]
Approximate Hessian has condition number >1e6 and cannot be reliably trusted; reverting to default behavior. 
Eigenvalues: [2.04987521e-03 1.45919224e+06]
Approximate Hessian has condition number >1e6 and cannot be reliably trusted; reverting to default behavior. 
Eigenvalues: [8.84458423e-04 2.27827601e+07]
Approximate Hessian has condition number >1e6 and cannot be reliably trusted; reverting to default behavior. 
Eigenvalues: [9.25457169e-03 1.77069901e+06]
Simulation completed.


Energies of found minima:
Minimum 1: Position = [0.6234994  0.02803776], Energy = -108.16672411685238
Minimum 2: Position = [-0.55822366  1.44172582], Energy = -146.69951720995383

Approximate saddle points between minima:
Saddle 1: Position = [-0.05328328 -0.08533455], Energy = -29.973142127574818

Computational statistics:
	Total energy calls: 644011
	Energy calls at each min: [1, 11037]
	Total force calls: 644011
	Force calls at each min: [1, 11037]
	Total steps: 677465
	Total Biases: 5000

Verification against reference:
True minima found: 2/3
Missed minima at positions:
[-0.05001082  0.4666941 ]

Verification against reference (saddles):
True saddles found: 0/2
Missed saddles at positions:
[0.21248658 0.29298833]
[-0.82200156  0.6243128 ]
Starting run 4090
Identified minimum at position [0.6234994  0.02803776] with unbiased energy -108.16672411685238
Identified minimum at position [-0.0500108  0.4666941] with unbiased energy -80.76781812965895
Identified minimum at position [-0.55822365  1.44172583] with unbiased energy -146.69951720995397
Simulation completed.


Energies of found minima:
Minimum 1: Position = [0.6234994  0.02803776], Energy = -108.16672411685238
Minimum 2: Position = [-0.0500108  0.4666941], Energy = -80.76781812965895
Minimum 3: Position = [-0.55822365  1.44172583], Energy = -146.69951720995397

Approximate saddle points between minima:
Saddle 1: Position = [0.97327031 0.04167851], Energy = -61.117522702471376
Saddle 2: Position = [ 0.25587479 -0.20077635], Energy = -27.282223114090783

Computational statistics:
	Total energy calls: 8626
	Energy calls at each min: [1, 2238, 8626]
	Total force calls: 8626
	Force calls at each min: [1, 2238, 8626]
	Total steps: 9096
	Total Biases: 71

Verification against reference:
True minima found: 3/3

Verification against reference (saddles):
True saddles found: 0/2
Missed saddles at positions:
[0.21248658 0.29298833]
[-0.82200156  0.6243128 ]
Starting run 1574
Identified minimum at position [0.6234994  0.02803776] with unbiased energy -108.16672411685238
Identified minimum at position [-0.0502003   0.46673306] with unbiased energy -80.76781383954234
Identified minimum at position [-0.55822361  1.44172587] with unbiased energy -146.69951720995365
Simulation completed.


Energies of found minima:
Minimum 1: Position = [0.6234994  0.02803776], Energy = -108.16672411685238
Minimum 2: Position = [-0.0502003   0.46673306], Energy = -80.76781383954234
Minimum 3: Position = [-0.55822361  1.44172587], Energy = -146.69951720995365

Approximate saddle points between minima:
Saddle 1: Position = [0.1945928  0.28726972], Energy = -72.16952259447386
Saddle 2: Position = [-0.16357627  0.06108049], Energy = -35.61258988572847

Computational statistics:
	Total energy calls: 6535
	Energy calls at each min: [1, 1177, 6535]
	Total force calls: 6535
	Force calls at each min: [1, 1177, 6535]
	Total steps: 6870
	Total Biases: 54

Verification against reference:
True minima found: 3/3

Verification against reference (saddles):
True saddles found: 1/2
Missed saddles at positions:
[-0.82200156  0.6243128 ]
Starting run 2082
Identified minimum at position [0.6234994  0.02803776] with unbiased energy -108.16672411685238
Identified minimum at position [-0.05002237  0.46669721] with unbiased energy -80.76781811210253
Identified minimum at position [-0.55822363  1.44172585] with unbiased energy -146.699517209954
Simulation completed.


Energies of found minima:
Minimum 1: Position = [0.6234994  0.02803776], Energy = -108.16672411685238
Minimum 2: Position = [-0.05002237  0.46669721], Energy = -80.76781811210253
Minimum 3: Position = [-0.55822363  1.44172585], Energy = -146.699517209954

Approximate saddle points between minima:
Saddle 1: Position = [0.22885842 0.30490047], Energy = -72.14581717913723
Saddle 2: Position = [-0.63973999  0.70670814], Energy = -35.518258931741045

Computational statistics:
	Total energy calls: 8225
	Energy calls at each min: [1, 1464, 8225]
	Total force calls: 8225
	Force calls at each min: [1, 1464, 8225]
	Total steps: 8653
	Total Biases: 67

Verification against reference:
True minima found: 3/3

Verification against reference (saddles):
True saddles found: 1/2
Missed saddles at positions:
[-0.82200156  0.6243128 ]
Starting run 2784
Identified minimum at position [0.6234994  0.02803776] with unbiased energy -108.16672411685238
Identified minimum at position [-0.05001138  0.46669421] with unbiased energy -80.76781812962295
Identified minimum at position [-0.55822364  1.44172584] with unbiased energy -146.699517209954
Simulation completed.


Energies of found minima:
Minimum 1: Position = [0.6234994  0.02803776], Energy = -108.16672411685238
Minimum 2: Position = [-0.05001138  0.46669421], Energy = -80.76781812962295
Minimum 3: Position = [-0.55822364  1.44172584], Energy = -146.699517209954

Approximate saddle points between minima:
Saddle 1: Position = [0.22144566 0.29753512], Energy = -72.22321755158183
Saddle 2: Position = [-0.62395045  0.29469438], Energy = -30.510089591707008

Computational statistics:
	Total energy calls: 6333
	Energy calls at each min: [1, 887, 6333]
	Total force calls: 6333
	Force calls at each min: [1, 887, 6333]
	Total steps: 6676
	Total Biases: 52

Verification against reference:
True minima found: 3/3

Verification against reference (saddles):
True saddles found: 1/2
Missed saddles at positions:
[-0.82200156  0.6243128 ]
