Starting run 2942
Identified minimum at position [0.6234994  0.02803776] with unbiased energy -108.1667241168524
Identified minimum at position [-0.05001971  0.46669767] with unbiased energy -80.76781811574186
Identified minimum at position [-0.55822365  1.44172582] with unbiased energy -146.69951720995388
Simulation completed.


Energies of found minima:
Minimum 1: Position = [0.6234994  0.02803776], Energy = -108.1667241168524
Minimum 2: Position = [-0.05001971  0.46669767], Energy = -80.76781811574186
Minimum 3: Position = [-0.55822365  1.44172582], Energy = -146.69951720995388

Approximate saddle points between minima:
Saddle 1: Position = [0.0964907  0.16336713], Energy = -66.84217287505075
Saddle 2: Position = [0.45871082 0.51830178], Energy = -39.58428402780218

Computational statistics:
	Total energy calls: 6847
	Energy calls at each min: [1, 1540, 6847]
	Total force calls: 6847
	Force calls at each min: [1, 1540, 6847]
	Total steps: 7205
	Total Biases: 53

Verification against reference:
True minima found: 3/3

Verification against reference (saddles):
True saddles found: 0/2
Missed saddles at positions:
[0.21248658 0.29298833]
[-0.82200156  0.6243128 ]
Starting run 53
Identified minimum at position [0.6234994  0.02803776] with unbiased energy -108.1667241168524
Identified minimum at position [-0.05008865  0.46671308] with unbiased energy -80.76781736510162
Approximate Hessian has condition number >1e6 and cannot be reliably trusted; reverting to default behavior. 
Eigenvalues: [2.49013468e-03 9.04605377e+05]
Identified minimum at position [-0.55822364  1.44172584] with unbiased energy -146.699517209954
Simulation completed.


Energies of found minima:
Minimum 1: Position = [0.6234994  0.02803776], Energy = -108.1667241168524
Minimum 2: Position = [-0.05008865  0.46671308], Energy = -80.76781736510162
Minimum 3: Position = [-0.55822364  1.44172584], Energy = -146.699517209954

Approximate saddle points between minima:
Saddle 1: Position = [0.21225395 0.27306502], Energy = -72.33511378381797
Saddle 2: Position = [0.18704487 0.67576158], Energy = -37.607281191720816

Computational statistics:
	Total energy calls: 11029
	Energy calls at each min: [1, 1782, 11029]
	Total force calls: 11029
	Force calls at each min: [1, 1782, 11029]
	Total steps: 11602
	Total Biases: 90

Verification against reference:
True minima found: 3/3

Verification against reference (saddles):
True saddles found: 1/2
Missed saddles at positions:
[-0.82200156  0.6243128 ]
Starting run 4567
Identified minimum at position [0.6234994  0.02803776] with unbiased energy -108.1667241168524
Identified minimum at position [-0.05001389  0.46669474] with unbiased energy -80.76781812852957
Identified minimum at position [-0.55822362  1.44172585] with unbiased energy -146.69951720995397
Simulation completed.


Energies of found minima:
Minimum 1: Position = [0.6234994  0.02803776], Energy = -108.1667241168524
Minimum 2: Position = [-0.05001389  0.46669474], Energy = -80.76781812852957
Minimum 3: Position = [-0.55822362  1.44172585], Energy = -146.69951720995397

Approximate saddle points between minima:
Saddle 1: Position = [0.24120404 0.35456775], Energy = -71.84683322362284
Saddle 2: Position = [-0.0690715  -0.11829297], Energy = -22.269647547533452

Computational statistics:
	Total energy calls: 11260
	Energy calls at each min: [1, 796, 11260]
	Total force calls: 11260
	Force calls at each min: [1, 796, 11260]
	Total steps: 11851
	Total Biases: 90

Verification against reference:
True minima found: 3/3

Verification against reference (saddles):
True saddles found: 0/2
Missed saddles at positions:
[0.21248658 0.29298833]
[-0.82200156  0.6243128 ]
Starting run 4556
Identified minimum at position [0.6234994  0.02803776] with unbiased energy -108.1667241168524
Identified minimum at position [-0.05094949  0.46690531] with unbiased energy -80.76771003996959
Identified minimum at position [-0.55822362  1.44172586] with unbiased energy -146.6995172099539
Simulation completed.


Energies of found minima:
Minimum 1: Position = [0.6234994  0.02803776], Energy = -108.1667241168524
Minimum 2: Position = [-0.05094949  0.46690531], Energy = -80.76771003996959
Minimum 3: Position = [-0.55822362  1.44172586], Energy = -146.6995172099539

Approximate saddle points between minima:
Saddle 1: Position = [0.11637499 0.18603945], Energy = -68.53969481010387
Saddle 2: Position = [-0.34131321  0.18356482], Energy = -32.85394052679954

Computational statistics:
	Total energy calls: 8251
	Energy calls at each min: [1, 754, 8251]
	Total force calls: 8251
	Force calls at each min: [1, 754, 8251]
	Total steps: 8686
	Total Biases: 67

Verification against reference:
True minima found: 3/3

Verification against reference (saddles):
True saddles found: 0/2
Missed saddles at positions:
[0.21248658 0.29298833]
[-0.82200156  0.6243128 ]
Starting run 3860
Identified minimum at position [0.6234994  0.02803776] with unbiased energy -108.1667241168524
Identified minimum at position [-0.05004525  0.46671508] with unbiased energy -80.76781777580699
Identified minimum at position [-0.55822365  1.44172582] with unbiased energy -146.69951720995385
Simulation completed.


Energies of found minima:
Minimum 1: Position = [0.6234994  0.02803776], Energy = -108.1667241168524
Minimum 2: Position = [-0.05004525  0.46671508], Energy = -80.76781777580699
Minimum 3: Position = [-0.55822365  1.44172582], Energy = -146.69951720995385

Approximate saddle points between minima:
Saddle 1: Position = [0.18216014 0.28172061], Energy = -72.00387187122462
Saddle 2: Position = [-0.59994037  0.32079591], Energy = -36.515120327841835

Computational statistics:
	Total energy calls: 12691
	Energy calls at each min: [1, 1771, 12691]
	Total force calls: 12691
	Force calls at each min: [1, 1771, 12691]
	Total steps: 13343
	Total Biases: 101

Verification against reference:
True minima found: 3/3

Verification against reference (saddles):
True saddles found: 1/2
Missed saddles at positions:
[-0.82200156  0.6243128 ]
Starting run 1315
Identified minimum at position [0.6234994  0.02803776] with unbiased energy -108.1667241168524
Identified minimum at position [-0.05006365  0.4667217 ] with unbiased energy -80.76781746027183
Identified minimum at position [-0.55822363  1.44172585] with unbiased energy -146.69951720995402
Simulation completed.


Energies of found minima:
Minimum 1: Position = [0.6234994  0.02803776], Energy = -108.1667241168524
Minimum 2: Position = [-0.05006365  0.4667217 ], Energy = -80.76781746027183
Minimum 3: Position = [-0.55822363  1.44172585], Energy = -146.69951720995402

Approximate saddle points between minima:
Saddle 1: Position = [0.24404781 0.29072008], Energy = -72.18841772965364
Saddle 2: Position = [-0.85289421  0.59120972], Energy = -40.152140721330795

Computational statistics:
	Total energy calls: 7922
	Energy calls at each min: [1, 1838, 7922]
	Total force calls: 7922
	Force calls at each min: [1, 1838, 7922]
	Total steps: 8326
	Total Biases: 69

Verification against reference:
True minima found: 3/3

Verification against reference (saddles):
True saddles found: 2/2
Starting run 1933
Identified minimum at position [0.6234994  0.02803776] with unbiased energy -108.1667241168524
Identified minimum at position [-0.05188081  0.4671397 ] with unbiased energy -80.76738033206696
Identified minimum at position [-0.55822362  1.44172586] with unbiased energy -146.6995172099539
Simulation completed.


Energies of found minima:
Minimum 1: Position = [0.6234994  0.02803776], Energy = -108.1667241168524
Minimum 2: Position = [-0.05188081  0.4671397 ], Energy = -80.76738033206696
Minimum 3: Position = [-0.55822362  1.44172586], Energy = -146.6995172099539

Approximate saddle points between minima:
Saddle 1: Position = [0.23379244 0.32594681], Energy = -72.03339057902825
Saddle 2: Position = [-0.86695158  0.5725538 ], Energy = -39.46241279724142

Computational statistics:
	Total energy calls: 7221
	Energy calls at each min: [1, 1771, 7221]
	Total force calls: 7221
	Force calls at each min: [1, 1771, 7221]
	Total steps: 7586
	Total Biases: 61

Verification against reference:
True minima found: 2/3
Missed minima at positions:
[-0.05001082  0.4666941 ]

Verification against reference (saddles):
True saddles found: 1/2
Missed saddles at positions:
[-0.82200156  0.6243128 ]
Starting run 421
Identified minimum at position [0.6234994  0.02803776] with unbiased energy -108.1667241168524
Identified minimum at position [-0.05022245  0.46674179] with unbiased energy -80.76781263411353
Identified minimum at position [-0.55822365  1.44172582] with unbiased energy -146.6995172099539
Simulation completed.


Energies of found minima:
Minimum 1: Position = [0.6234994  0.02803776], Energy = -108.1667241168524
Minimum 2: Position = [-0.05022245  0.46674179], Energy = -80.76781263411353
Minimum 3: Position = [-0.55822365  1.44172582], Energy = -146.6995172099539

Approximate saddle points between minima:
Saddle 1: Position = [0.09132646 0.196569  ], Energy = -66.95162884122607
Saddle 2: Position = [-0.83016933  0.61979908], Energy = -40.65023199589577

Computational statistics:
	Total energy calls: 6190
	Energy calls at each min: [1, 1722, 6190]
	Total force calls: 6190
	Force calls at each min: [1, 1722, 6190]
	Total steps: 6504
	Total Biases: 55

Verification against reference:
True minima found: 3/3

Verification against reference (saddles):
True saddles found: 1/2
Missed saddles at positions:
[0.21248658 0.29298833]
Starting run 664
Identified minimum at position [0.6234994  0.02803776] with unbiased energy -108.1667241168524
Identified minimum at position [-0.05001088  0.46669411] with unbiased energy -80.76781812965874
Identified minimum at position [-0.55822365  1.44172583] with unbiased energy -146.6995172099539
Simulation completed.


Energies of found minima:
Minimum 1: Position = [0.6234994  0.02803776], Energy = -108.1667241168524
Minimum 2: Position = [-0.05001088  0.46669411], Energy = -80.76781812965874
Minimum 3: Position = [-0.55822365  1.44172583], Energy = -146.6995172099539

Approximate saddle points between minima:
Saddle 1: Position = [0.12640166 0.19685055], Energy = -69.26512581011357
Saddle 2: Position = [-0.2844424   0.17943183], Energy = -36.66710017694636

Computational statistics:
	Total energy calls: 12779
	Energy calls at each min: [1, 2328, 12779]
	Total force calls: 12779
	Force calls at each min: [1, 2328, 12779]
	Total steps: 13451
	Total Biases: 105

Verification against reference:
True minima found: 3/3

Verification against reference (saddles):
True saddles found: 0/2
Missed saddles at positions:
[0.21248658 0.29298833]
[-0.82200156  0.6243128 ]
Starting run 3452
Identified minimum at position [0.6234994  0.02803776] with unbiased energy -108.1667241168524
Identified minimum at position [-0.05001116  0.46669417] with unbiased energy -80.76781812964542
Identified minimum at position [-0.55822364  1.44172584] with unbiased energy -146.69951720995402
Simulation completed.


Energies of found minima:
Minimum 1: Position = [0.6234994  0.02803776], Energy = -108.1667241168524
Minimum 2: Position = [-0.05001116  0.46669417], Energy = -80.76781812964542
Minimum 3: Position = [-0.55822364  1.44172584], Energy = -146.69951720995402

Approximate saddle points between minima:
Saddle 1: Position = [0.20422039 0.29259509], Energy = -72.2404621352533
Saddle 2: Position = [0.31063088 0.65520806], Energy = -31.69233335452352

Computational statistics:
	Total energy calls: 7426
	Energy calls at each min: [1, 431, 7426]
	Total force calls: 7426
	Force calls at each min: [1, 431, 7426]
	Total steps: 7824
	Total Biases: 60

Verification against reference:
True minima found: 3/3

Verification against reference (saddles):
True saddles found: 1/2
Missed saddles at positions:
[-0.82200156  0.6243128 ]
Starting run 2684
Identified minimum at position [0.6234994  0.02803776] with unbiased energy -108.1667241168524
Identified minimum at position [-0.05001108  0.46669416] with unbiased energy -80.76781812965116
Identified minimum at position [-0.55822363  1.44172584] with unbiased energy -146.699517209954
Simulation completed.


Energies of found minima:
Minimum 1: Position = [0.6234994  0.02803776], Energy = -108.1667241168524
Minimum 2: Position = [-0.05001108  0.46669416], Energy = -80.76781812965116
Minimum 3: Position = [-0.55822363  1.44172584], Energy = -146.699517209954

Approximate saddle points between minima:
Saddle 1: Position = [0.25981284 0.29155593], Energy = -72.05758446035173
Saddle 2: Position = [-0.83768509  0.58735668], Energy = -40.31722982594542

Computational statistics:
	Total energy calls: 5228
	Energy calls at each min: [1, 912, 5228]
	Total force calls: 5228
	Force calls at each min: [1, 912, 5228]
	Total steps: 5503
	Total Biases: 42

Verification against reference:
True minima found: 3/3

Verification against reference (saddles):
True saddles found: 2/2
Starting run 2263
Identified minimum at position [0.6234994  0.02803776] with unbiased energy -108.1667241168524
Identified minimum at position [-0.55822362  1.44172586] with unbiased energy -146.69951720995388
Approximate Hessian has condition number >1e6 and cannot be reliably trusted; reverting to default behavior. 
Eigenvalues: [2.71026039e-03 1.81882828e+06]
Approximate Hessian has condition number >1e6 and cannot be reliably trusted; reverting to default behavior. 
Eigenvalues: [4.34436020e-04 1.65139657e+07]
Approximate Hessian has condition number >1e6 and cannot be reliably trusted; reverting to default behavior. 
Eigenvalues: [1.35821756e-03 3.33209938e+07]
Approximate Hessian has condition number >1e6 and cannot be reliably trusted; reverting to default behavior. 
Eigenvalues: [4.64978628e-04 2.39631737e+07]
Approximate Hessian has condition number >1e6 and cannot be reliably trusted; reverting to default behavior. 
Eigenvalues: [5.96048986e-03 7.69091495e+06]
Approximate Hessian has condition number >1e6 and cannot be reliably trusted; reverting to default behavior. 
Eigenvalues: [1.59419142e-06 3.19939593e+06]
Approximate Hessian has condition number >1e6 and cannot be reliably trusted; reverting to default behavior. 
Eigenvalues: [2.34888867e-04 8.17270354e+06]
Approximate Hessian has condition number >1e6 and cannot be reliably trusted; reverting to default behavior. 
Eigenvalues: [2.54082519e-03 3.86720456e+03]
Approximate Hessian has condition number >1e6 and cannot be reliably trusted; reverting to default behavior. 
Eigenvalues: [3.85734893e-06 1.32156141e+08]
Simulation completed.


Energies of found minima:
Minimum 1: Position = [0.6234994  0.02803776], Energy = -108.1667241168524
Minimum 2: Position = [-0.55822362  1.44172586], Energy = -146.69951720995388

Approximate saddle points between minima:
Saddle 1: Position = [-0.83454364  0.60822754], Energy = -40.561146787875714

Computational statistics:
	Total energy calls: 643307
	Energy calls at each min: [1, 2729]
	Total force calls: 643307
	Force calls at each min: [1, 2729]
	Total steps: 677222
	Total Biases: 5000

Verification against reference:
True minima found: 2/3
Missed minima at positions:
[-0.05001082  0.4666941 ]

Verification against reference (saddles):
True saddles found: 1/2
Missed saddles at positions:
[0.21248658 0.29298833]
Starting run 2250
Identified minimum at position [0.6234994  0.02803776] with unbiased energy -108.1667241168524
Identified minimum at position [-0.05209921  0.46720588] with unbiased energy -80.76726608077817
Identified minimum at position [-0.55822363  1.44172585] with unbiased energy -146.699517209954
Simulation completed.


Energies of found minima:
Minimum 1: Position = [0.6234994  0.02803776], Energy = -108.1667241168524
Minimum 2: Position = [-0.05209921  0.46720588], Energy = -80.76726608077817
Minimum 3: Position = [-0.55822363  1.44172585], Energy = -146.699517209954

Approximate saddle points between minima:
Saddle 1: Position = [0.36834397 0.30605259], Energy = -68.45331113585866
Saddle 2: Position = [-0.91639552  0.50299107], Energy = -34.387370093590846

Computational statistics:
	Total energy calls: 8229
	Energy calls at each min: [1, 2228, 8229]
	Total force calls: 8229
	Force calls at each min: [1, 2228, 8229]
	Total steps: 8666
	Total Biases: 67

Verification against reference:
True minima found: 2/3
Missed minima at positions:
[-0.05001082  0.4666941 ]

Verification against reference (saddles):
True saddles found: 0/2
Missed saddles at positions:
[0.21248658 0.29298833]
[-0.82200156  0.6243128 ]
Starting run 4759
Identified minimum at position [0.6234994  0.02803776] with unbiased energy -108.1667241168524
Identified minimum at position [-0.05070805  0.46682942] with unbiased energy -80.76776082291003
Identified minimum at position [-0.55822365  1.44172583] with unbiased energy -146.69951720995388
Simulation completed.


Energies of found minima:
Minimum 1: Position = [0.6234994  0.02803776], Energy = -108.1667241168524
Minimum 2: Position = [-0.05070805  0.46682942], Energy = -80.76776082291003
Minimum 3: Position = [-0.55822365  1.44172583], Energy = -146.69951720995388

Approximate saddle points between minima:
Saddle 1: Position = [0.13918636 0.27123753], Energy = -71.00616595052071
Saddle 2: Position = [-0.81414551  0.66252692], Energy = -40.57546604450888

Computational statistics:
	Total energy calls: 8076
	Energy calls at each min: [1, 1564, 8076]
	Total force calls: 8076
	Force calls at each min: [1, 1564, 8076]
	Total steps: 8489
	Total Biases: 69

Verification against reference:
True minima found: 3/3

Verification against reference (saddles):
True saddles found: 1/2
Missed saddles at positions:
[0.21248658 0.29298833]
Starting run 3572
Identified minimum at position [0.6234994  0.02803776] with unbiased energy -108.1667241168524
Identified minimum at position [-0.05001192  0.46669436] with unbiased energy -80.76781812950927
Identified minimum at position [-0.55822364  1.44172584] with unbiased energy -146.699517209954
Simulation completed.


Energies of found minima:
Minimum 1: Position = [0.6234994  0.02803776], Energy = -108.1667241168524
Minimum 2: Position = [-0.05001192  0.46669436], Energy = -80.76781812950927
Minimum 3: Position = [-0.55822364  1.44172584], Energy = -146.699517209954

Approximate saddle points between minima:
Saddle 1: Position = [0.20768542 0.28744476], Energy = -72.23886905986632
Saddle 2: Position = [-0.73398897  0.69958519], Energy = -37.77104837752313

Computational statistics:
	Total energy calls: 3935
	Energy calls at each min: [1, 704, 3935]
	Total force calls: 3935
	Force calls at each min: [1, 704, 3935]
	Total steps: 4145
	Total Biases: 31

Verification against reference:
True minima found: 3/3

Verification against reference (saddles):
True saddles found: 1/2
Missed saddles at positions:
[-0.82200156  0.6243128 ]
Starting run 3718
Identified minimum at position [0.6234994  0.02803776] with unbiased energy -108.1667241168524
Identified minimum at position [-0.55822358  1.4417259 ] with unbiased energy -146.69951720995257
Approximate Hessian has condition number >1e6 and cannot be reliably trusted; reverting to default behavior. 
Eigenvalues: [6.22041594e-03 9.34662956e+04]
Approximate Hessian has condition number >1e6 and cannot be reliably trusted; reverting to default behavior. 
Eigenvalues: [1.44468973e-03 6.64786690e+05]
Approximate Hessian has condition number >1e6 and cannot be reliably trusted; reverting to default behavior. 
Eigenvalues: [2.20554136e-03 1.04598021e+09]
Approximate Hessian has condition number >1e6 and cannot be reliably trusted; reverting to default behavior. 
Eigenvalues: [1.58868158e-02 6.66234376e+05]
Approximate Hessian has condition number >1e6 and cannot be reliably trusted; reverting to default behavior. 
Eigenvalues: [2.25587721e-03 3.43255098e+03]
Approximate Hessian has condition number >1e6 and cannot be reliably trusted; reverting to default behavior. 
Eigenvalues: [6.06979999e-04 7.11099879e+04]
Approximate Hessian has condition number >1e6 and cannot be reliably trusted; reverting to default behavior. 
Eigenvalues: [1.92981071e-03 1.35617676e+04]
Approximate Hessian has condition number >1e6 and cannot be reliably trusted; reverting to default behavior. 
Eigenvalues: [3.33433266e-03 2.77205679e+07]
Approximate Hessian has condition number >1e6 and cannot be reliably trusted; reverting to default behavior. 
Eigenvalues: [2.65613198e-04 4.21024047e+08]
Approximate Hessian has condition number >1e6 and cannot be reliably trusted; reverting to default behavior. 
Eigenvalues: [5.71772922e-04 1.37800844e+07]
Approximate Hessian has condition number >1e6 and cannot be reliably trusted; reverting to default behavior. 
Eigenvalues: [6.29082135e-03 5.92461152e+05]
Simulation completed.


Energies of found minima:
Minimum 1: Position = [0.6234994  0.02803776], Energy = -108.1667241168524
Minimum 2: Position = [-0.55822358  1.4417259 ], Energy = -146.69951720995257

Approximate saddle points between minima:
Saddle 1: Position = [-0.83083095  0.60349157], Energy = -40.5601614675129

Computational statistics:
	Total energy calls: 648517
	Energy calls at each min: [1, 5046]
	Total force calls: 648517
	Force calls at each min: [1, 5046]
	Total steps: 680707
	Total Biases: 5000

Verification against reference:
True minima found: 2/3
Missed minima at positions:
[-0.05001082  0.4666941 ]

Verification against reference (saddles):
True saddles found: 1/2
Missed saddles at positions:
[0.21248658 0.29298833]
Starting run 2666
Identified minimum at position [0.6234994  0.02803776] with unbiased energy -108.1667241168524
Identified minimum at position [-0.05001096  0.46669414] with unbiased energy -80.76781812965666
Identified minimum at position [-0.55822365  1.44172583] with unbiased energy -146.69951720995397
Simulation completed.


Energies of found minima:
Minimum 1: Position = [0.6234994  0.02803776], Energy = -108.1667241168524
Minimum 2: Position = [-0.05001096  0.46669414], Energy = -80.76781812965666
Minimum 3: Position = [-0.55822365  1.44172583], Energy = -146.69951720995397

Approximate saddle points between minima:
Saddle 1: Position = [0.16023173 0.25296779], Energy = -71.22892326366036
Saddle 2: Position = [0.6049385  0.55869256], Energy = -6.3468424582376315

Computational statistics:
	Total energy calls: 12170
	Energy calls at each min: [1, 831, 12170]
	Total force calls: 12170
	Force calls at each min: [1, 831, 12170]
	Total steps: 12824
	Total Biases: 97

Verification against reference:
True minima found: 3/3

Verification against reference (saddles):
True saddles found: 0/2
Missed saddles at positions:
[0.21248658 0.29298833]
[-0.82200156  0.6243128 ]
Starting run 291
Identified minimum at position [0.6234994  0.02803776] with unbiased energy -108.1667241168524
Identified minimum at position [-0.05018352  0.46674173] with unbiased energy -80.76781414735557
Identified minimum at position [-0.55822361  1.44172586] with unbiased energy -146.69951720995383
Simulation completed.


Energies of found minima:
Minimum 1: Position = [0.6234994  0.02803776], Energy = -108.1667241168524
Minimum 2: Position = [-0.05018352  0.46674173], Energy = -80.76781414735557
Minimum 3: Position = [-0.55822361  1.44172586], Energy = -146.69951720995383

Approximate saddle points between minima:
Saddle 1: Position = [0.12465545 0.26878011], Energy = -70.54536560988643
Saddle 2: Position = [-0.85086445  0.56258228], Energy = -39.553868094333545

Computational statistics:
	Total energy calls: 6007
	Energy calls at each min: [1, 1279, 6007]
	Total force calls: 6007
	Force calls at each min: [1, 1279, 6007]
	Total steps: 6315
	Total Biases: 52

Verification against reference:
True minima found: 3/3

Verification against reference (saddles):
True saddles found: 0/2
Missed saddles at positions:
[0.21248658 0.29298833]
[-0.82200156  0.6243128 ]
Starting run 1842
Identified minimum at position [0.6234994  0.02803776] with unbiased energy -108.1667241168524
Identified minimum at position [-0.05200554  0.46699501] with unbiased energy -80.76736637185063
Identified minimum at position [-0.55822362  1.44172586] with unbiased energy -146.6995172099539
Simulation completed.


Energies of found minima:
Minimum 1: Position = [0.6234994  0.02803776], Energy = -108.1667241168524
Minimum 2: Position = [-0.05200554  0.46699501], Energy = -80.76736637185063
Minimum 3: Position = [-0.55822362  1.44172586], Energy = -146.6995172099539

Approximate saddle points between minima:
Saddle 1: Position = [0.04121194 0.19944427], Energy = -63.60736977204819
Saddle 2: Position = [-0.28662805  0.15233238], Energy = -33.152299175223504

Computational statistics:
	Total energy calls: 12237
	Energy calls at each min: [1, 2623, 12237]
	Total force calls: 12237
	Force calls at each min: [1, 2623, 12237]
	Total steps: 12886
	Total Biases: 95

Verification against reference:
True minima found: 2/3
Missed minima at positions:
[-0.05001082  0.4666941 ]

Verification against reference (saddles):
True saddles found: 0/2
Missed saddles at positions:
[0.21248658 0.29298833]
[-0.82200156  0.6243128 ]
Starting run 1178
Identified minimum at position [0.6234994  0.02803776] with unbiased energy -108.1667241168524
Identified minimum at position [-0.05001426  0.46669503] with unbiased energy -80.76781812809865
Identified minimum at position [-0.55822364  1.44172583] with unbiased energy -146.69951720995397
Simulation completed.


Energies of found minima:
Minimum 1: Position = [0.6234994  0.02803776], Energy = -108.1667241168524
Minimum 2: Position = [-0.05001426  0.46669503], Energy = -80.76781812809865
Minimum 3: Position = [-0.55822364  1.44172583], Energy = -146.69951720995397

Approximate saddle points between minima:
Saddle 1: Position = [ 0.875966   -0.07277174], Energy = -70.6593734008305
Saddle 2: Position = [-0.80631578  0.46326768], Energy = -37.501314214749286

Computational statistics:
	Total energy calls: 12695
	Energy calls at each min: [1, 2268, 12695]
	Total force calls: 12695
	Force calls at each min: [1, 2268, 12695]
	Total steps: 13363
	Total Biases: 101

Verification against reference:
True minima found: 3/3

Verification against reference (saddles):
True saddles found: 0/2
Missed saddles at positions:
[0.21248658 0.29298833]
[-0.82200156  0.6243128 ]
Starting run 4186
Identified minimum at position [0.6234994  0.02803776] with unbiased energy -108.1667241168524
Identified minimum at position [-0.05003928  0.46670223] with unbiased energy -80.76781801947918
Identified minimum at position [-0.55822365  1.44172583] with unbiased energy -146.69951720995397
Simulation completed.


Energies of found minima:
Minimum 1: Position = [0.6234994  0.02803776], Energy = -108.1667241168524
Minimum 2: Position = [-0.05003928  0.46670223], Energy = -80.76781801947918
Minimum 3: Position = [-0.55822365  1.44172583], Energy = -146.69951720995397

Approximate saddle points between minima:
Saddle 1: Position = [0.19936375 0.30436987], Energy = -72.33733082700974
Saddle 2: Position = [-0.78958053  0.6395156 ], Energy = -40.486901652000654

Computational statistics:
	Total energy calls: 7358
	Energy calls at each min: [1, 1358, 7358]
	Total force calls: 7358
	Force calls at each min: [1, 1358, 7358]
	Total steps: 7751
	Total Biases: 60

Verification against reference:
True minima found: 3/3

Verification against reference (saddles):
True saddles found: 2/2
Starting run 3795
Identified minimum at position [0.6234994  0.02803776] with unbiased energy -108.1667241168524
Identified minimum at position [-0.05002245  0.46669623] with unbiased energy -80.76781811392999
Identified minimum at position [-0.55822363  1.44172585] with unbiased energy -146.699517209954
Simulation completed.


Energies of found minima:
Minimum 1: Position = [0.6234994  0.02803776], Energy = -108.1667241168524
Minimum 2: Position = [-0.05002245  0.46669623], Energy = -80.76781811392999
Minimum 3: Position = [-0.55822363  1.44172585], Energy = -146.699517209954

Approximate saddle points between minima:
Saddle 1: Position = [0.27835836 0.33699456], Energy = -70.59517585114992
Saddle 2: Position = [-0.82759112  0.53082891], Energy = -39.544206914299494

Computational statistics:
	Total energy calls: 2885
	Energy calls at each min: [1, 1708, 2885]
	Total force calls: 2885
	Force calls at each min: [1, 1708, 2885]
	Total steps: 3041
	Total Biases: 27

Verification against reference:
True minima found: 3/3

Verification against reference (saddles):
True saddles found: 0/2
Missed saddles at positions:
[0.21248658 0.29298833]
[-0.82200156  0.6243128 ]
Starting run 762
Identified minimum at position [0.6234994  0.02803776] with unbiased energy -108.1667241168524
Identified minimum at position [-0.05001147  0.46669431] with unbiased energy -80.76781812959854
Identified minimum at position [-0.55822365  1.44172583] with unbiased energy -146.69951720995397
Simulation completed.


Energies of found minima:
Minimum 1: Position = [0.6234994  0.02803776], Energy = -108.1667241168524
Minimum 2: Position = [-0.05001147  0.46669431], Energy = -80.76781812959854
Minimum 3: Position = [-0.55822365  1.44172583], Energy = -146.69951720995397

Approximate saddle points between minima:
Saddle 1: Position = [0.08288457 0.02992195], Energy = -61.3063100623462
Saddle 2: Position = [-0.86710202  0.51777055], Energy = -37.287388746356086

Computational statistics:
	Total energy calls: 3420
	Energy calls at each min: [1, 1344, 3420]
	Total force calls: 3420
	Force calls at each min: [1, 1344, 3420]
	Total steps: 3604
	Total Biases: 29

Verification against reference:
True minima found: 3/3

Verification against reference (saddles):
True saddles found: 0/2
Missed saddles at positions:
[0.21248658 0.29298833]
[-0.82200156  0.6243128 ]
Starting run 3027
Identified minimum at position [0.6234994  0.02803776] with unbiased energy -108.1667241168524
Identified minimum at position [-0.05006838  0.46670498] with unbiased energy -80.76781774136603
Identified minimum at position [-0.55822365  1.44172582] with unbiased energy -146.69951720995385
Simulation completed.


Energies of found minima:
Minimum 1: Position = [0.6234994  0.02803776], Energy = -108.1667241168524
Minimum 2: Position = [-0.05006838  0.46670498], Energy = -80.76781774136603
Minimum 3: Position = [-0.55822365  1.44172582], Energy = -146.69951720995385

Approximate saddle points between minima:
Saddle 1: Position = [0.05023203 0.16284101], Energy = -62.96338032671878
Saddle 2: Position = [-0.86558319  0.59134   ], Energy = -40.01735133597232

Computational statistics:
	Total energy calls: 5937
	Energy calls at each min: [1, 1738, 5937]
	Total force calls: 5937
	Force calls at each min: [1, 1738, 5937]
	Total steps: 6256
	Total Biases: 49

Verification against reference:
True minima found: 3/3

Verification against reference (saddles):
True saddles found: 0/2
Missed saddles at positions:
[0.21248658 0.29298833]
[-0.82200156  0.6243128 ]
Starting run 2085
Identified minimum at position [0.6234994  0.02803776] with unbiased energy -108.1667241168524
Identified minimum at position [-0.05115178  0.46689967] with unbiased energy -80.7676668732901
Identified minimum at position [-0.55822362  1.44172586] with unbiased energy -146.69951720995385
Simulation completed.


Energies of found minima:
Minimum 1: Position = [0.6234994  0.02803776], Energy = -108.1667241168524
Minimum 2: Position = [-0.05115178  0.46689967], Energy = -80.7676668732901
Minimum 3: Position = [-0.55822362  1.44172586], Energy = -146.69951720995385

Approximate saddle points between minima:
Saddle 1: Position = [0.11060633 0.15792457], Energy = -67.97758542009312
Saddle 2: Position = [-0.8334753   0.59771895], Energy = -40.48818434994902

Computational statistics:
	Total energy calls: 3606
	Energy calls at each min: [1, 1909, 3606]
	Total force calls: 3606
	Force calls at each min: [1, 1909, 3606]
	Total steps: 3792
	Total Biases: 30

Verification against reference:
True minima found: 2/3
Missed minima at positions:
[-0.05001082  0.4666941 ]

Verification against reference (saddles):
True saddles found: 1/2
Missed saddles at positions:
[0.21248658 0.29298833]
Starting run 2669
Identified minimum at position [0.6234994  0.02803776] with unbiased energy -108.1667241168524
Identified minimum at position [-0.05001377  0.46669479] with unbiased energy -80.76781812857979
Identified minimum at position [-0.55822365  1.44172583] with unbiased energy -146.69951720995394
Simulation completed.


Energies of found minima:
Minimum 1: Position = [0.6234994  0.02803776], Energy = -108.1667241168524
Minimum 2: Position = [-0.05001377  0.46669479], Energy = -80.76781812857979
Minimum 3: Position = [-0.55822365  1.44172583], Energy = -146.69951720995394

Approximate saddle points between minima:
Saddle 1: Position = [0.33625153 0.33971158], Energy = -67.83647986291507
Saddle 2: Position = [-0.80476816  0.62529527], Energy = -40.68885696173229

Computational statistics:
	Total energy calls: 2092
	Energy calls at each min: [1, 1290, 2092]
	Total force calls: 2092
	Force calls at each min: [1, 1290, 2092]
	Total steps: 2204
	Total Biases: 20

Verification against reference:
True minima found: 3/3

Verification against reference (saddles):
True saddles found: 1/2
Missed saddles at positions:
[0.21248658 0.29298833]
