Starting run 1218
Identified minimum at position [0.6234994  0.02803776] with unbiased energy -108.16672411685238
Identified minimum at position [-0.05064954  0.46684347] with unbiased energy -80.76776742375122
Identified minimum at position [-0.55822363  1.44172585] with unbiased energy -146.69951720995397
Simulation completed.


Energies of found minima:
Minimum 1: Position = [0.6234994  0.02803776], Energy = -108.16672411685238
Minimum 2: Position = [-0.05064954  0.46684347], Energy = -80.76776742375122
Minimum 3: Position = [-0.55822363  1.44172585], Energy = -146.69951720995397

Approximate saddle points between minima:
Saddle 1: Position = [0.07370306 0.17796929], Energy = -65.26841710905748
Saddle 2: Position = [0.44496067 0.60842079], Energy = -25.280008682727875

Computational statistics:
	Total energy calls: 10338
	Energy calls at each min: [1, 1426, 10338]
	Total force calls: 10338
	Force calls at each min: [1, 1426, 10338]
	Total steps: 10885
	Total Biases: 87

Verification against reference:
True minima found: 3/3

Verification against reference (saddles):
True saddles found: 0/2
Missed saddles at positions:
[0.21248658 0.29298833]
[-0.82200156  0.6243128 ]
Starting run 1146
Identified minimum at position [0.6234994  0.02803776] with unbiased energy -108.16672411685238
Identified minimum at position [-0.05001102  0.46669415] with unbiased energy -80.76781812965436
Identified minimum at position [-0.55822362  1.44172586] with unbiased energy -146.6995172099539
Simulation completed.


Energies of found minima:
Minimum 1: Position = [0.6234994  0.02803776], Energy = -108.16672411685238
Minimum 2: Position = [-0.05001102  0.46669415], Energy = -80.76781812965436
Minimum 3: Position = [-0.55822362  1.44172586], Energy = -146.6995172099539

Approximate saddle points between minima:
Saddle 1: Position = [0.19038864 0.2747678 ], Energy = -72.05693657521849
Saddle 2: Position = [-0.93993789  0.5015918 ], Energy = -33.432809369399784

Computational statistics:
	Total energy calls: 4012
	Energy calls at each min: [1, 621, 4012]
	Total force calls: 4012
	Force calls at each min: [1, 621, 4012]
	Total steps: 4227
	Total Biases: 33

Verification against reference:
True minima found: 3/3

Verification against reference (saddles):
True saddles found: 1/2
Missed saddles at positions:
[-0.82200156  0.6243128 ]
Starting run 2233
Identified minimum at position [0.6234994  0.02803776] with unbiased energy -108.16672411685238
Identified minimum at position [-0.05001377  0.46669497] with unbiased energy -80.7678181284624
Identified minimum at position [-0.55822364  1.44172584] with unbiased energy -146.699517209954
Simulation completed.


Energies of found minima:
Minimum 1: Position = [0.6234994  0.02803776], Energy = -108.16672411685238
Minimum 2: Position = [-0.05001377  0.46669497], Energy = -80.7678181284624
Minimum 3: Position = [-0.55822364  1.44172584], Energy = -146.699517209954

Approximate saddle points between minima:
Saddle 1: Position = [0.19379671 0.2972881 ], Energy = -72.2611550295994
Saddle 2: Position = [-0.40747878  0.72401878], Energy = -34.543728915417184

Computational statistics:
	Total energy calls: 11428
	Energy calls at each min: [1, 1099, 11428]
	Total force calls: 11428
	Force calls at each min: [1, 1099, 11428]
	Total steps: 12049
	Total Biases: 95

Verification against reference:
True minima found: 3/3

Verification against reference (saddles):
True saddles found: 1/2
Missed saddles at positions:
[-0.82200156  0.6243128 ]
Starting run 2649
Identified minimum at position [0.6234994  0.02803776] with unbiased energy -108.16672411685238
Identified minimum at position [-0.05001087  0.46669411] with unbiased energy -80.76781812965875
Identified minimum at position [-0.55822363  1.44172585] with unbiased energy -146.69951720995402
Simulation completed.


Energies of found minima:
Minimum 1: Position = [0.6234994  0.02803776], Energy = -108.16672411685238
Minimum 2: Position = [-0.05001087  0.46669411], Energy = -80.76781812965875
Minimum 3: Position = [-0.55822363  1.44172585], Energy = -146.69951720995402

Approximate saddle points between minima:
Saddle 1: Position = [0.09439927 0.12191574], Energy = -66.2082711731968
Saddle 2: Position = [-0.91004848  0.59290478], Energy = -39.87042292765683

Computational statistics:
	Total energy calls: 3413
	Energy calls at each min: [1, 1784, 3413]
	Total force calls: 3413
	Force calls at each min: [1, 1784, 3413]
	Total steps: 3597
	Total Biases: 30

Verification against reference:
True minima found: 3/3

Verification against reference (saddles):
True saddles found: 0/2
Missed saddles at positions:
[0.21248658 0.29298833]
[-0.82200156  0.6243128 ]
Starting run 2656
Identified minimum at position [0.6234994  0.02803776] with unbiased energy -108.16672411685238
Identified minimum at position [-0.05001083  0.46669411] with unbiased energy -80.76781812965898
Identified minimum at position [-0.55822365  1.44172582] with unbiased energy -146.69951720995388
Simulation completed.


Energies of found minima:
Minimum 1: Position = [0.6234994  0.02803776], Energy = -108.16672411685238
Minimum 2: Position = [-0.05001083  0.46669411], Energy = -80.76781812965898
Minimum 3: Position = [-0.55822365  1.44172582], Energy = -146.69951720995388

Approximate saddle points between minima:
Saddle 1: Position = [0.14360161 0.19705596], Energy = -70.3538298651915
Saddle 2: Position = [-0.73233803  0.38806476], Energy = -35.89260308741578

Computational statistics:
	Total energy calls: 4690
	Energy calls at each min: [1, 1275, 4690]
	Total force calls: 4690
	Force calls at each min: [1, 1275, 4690]
	Total steps: 4941
	Total Biases: 39

Verification against reference:
True minima found: 3/3

Verification against reference (saddles):
True saddles found: 0/2
Missed saddles at positions:
[0.21248658 0.29298833]
[-0.82200156  0.6243128 ]
Starting run 3932
Identified minimum at position [0.6234994  0.02803776] with unbiased energy -108.16672411685238
Identified minimum at position [-0.05001624  0.46669575] with unbiased energy -80.7678181255202
Identified minimum at position [-0.55822364  1.44172583] with unbiased energy -146.699517209954
Simulation completed.


Energies of found minima:
Minimum 1: Position = [0.6234994  0.02803776], Energy = -108.16672411685238
Minimum 2: Position = [-0.05001624  0.46669575], Energy = -80.7678181255202
Minimum 3: Position = [-0.55822364  1.44172583], Energy = -146.699517209954

Approximate saddle points between minima:
Saddle 1: Position = [ 0.93247438 -0.01377615], Energy = -71.88704451444536
Saddle 2: Position = [-0.18658622  0.02111467], Energy = -29.54664831946916

Computational statistics:
	Total energy calls: 7175
	Energy calls at each min: [1, 1638, 7175]
	Total force calls: 7175
	Force calls at each min: [1, 1638, 7175]
	Total steps: 7557
	Total Biases: 58

Verification against reference:
True minima found: 3/3

Verification against reference (saddles):
True saddles found: 0/2
Missed saddles at positions:
[0.21248658 0.29298833]
[-0.82200156  0.6243128 ]
Starting run 635
Identified minimum at position [0.6234994  0.02803776] with unbiased energy -108.16672411685238
Identified minimum at position [-0.05055738  0.46681612] with unbiased energy -80.76778157986809
Identified minimum at position [-0.55822365  1.44172583] with unbiased energy -146.69951720995397
Simulation completed.


Energies of found minima:
Minimum 1: Position = [0.6234994  0.02803776], Energy = -108.16672411685238
Minimum 2: Position = [-0.05055738  0.46681612], Energy = -80.76778157986809
Minimum 3: Position = [-0.55822365  1.44172583], Energy = -146.69951720995397

Approximate saddle points between minima:
Saddle 1: Position = [0.34963596 0.39730833], Energy = -64.16978526532814
Saddle 2: Position = [-0.68355098  0.68250006], Energy = -38.013888537459486

Computational statistics:
	Total energy calls: 4359
	Energy calls at each min: [1, 2391, 4359]
	Total force calls: 4359
	Force calls at each min: [1, 2391, 4359]
	Total steps: 4591
	Total Biases: 36

Verification against reference:
True minima found: 3/3

Verification against reference (saddles):
True saddles found: 0/2
Missed saddles at positions:
[0.21248658 0.29298833]
[-0.82200156  0.6243128 ]
Starting run 4579
Identified minimum at position [0.6234994  0.02803776] with unbiased energy -108.16672411685238
Identified minimum at position [-0.05015279  0.46672755] with unbiased energy -80.76781561820371
Identified minimum at position [-0.55822365  1.44172582] with unbiased energy -146.69951720995385
Simulation completed.


Energies of found minima:
Minimum 1: Position = [0.6234994  0.02803776], Energy = -108.16672411685238
Minimum 2: Position = [-0.05015279  0.46672755], Energy = -80.76781561820371
Minimum 3: Position = [-0.55822365  1.44172582], Energy = -146.69951720995385

Approximate saddle points between minima:
Saddle 1: Position = [0.11578099 0.18507415], Energy = -68.4923158595546
Saddle 2: Position = [-0.8352196  0.584129 ], Energy = -40.32438778501228

Computational statistics:
	Total energy calls: 2424
	Energy calls at each min: [1, 1226, 2424]
	Total force calls: 2424
	Force calls at each min: [1, 1226, 2424]
	Total steps: 2554
	Total Biases: 22

Verification against reference:
True minima found: 3/3

Verification against reference (saddles):
True saddles found: 1/2
Missed saddles at positions:
[0.21248658 0.29298833]
Starting run 862
Identified minimum at position [0.6234994  0.02803776] with unbiased energy -108.16672411685238
Identified minimum at position [-0.55822365  1.44172583] with unbiased energy -146.6995172099539
Approximate Hessian has condition number >1e6 and cannot be reliably trusted; reverting to default behavior. 
Eigenvalues: [1.94898791e-03 4.57788577e+05]
Approximate Hessian has condition number >1e6 and cannot be reliably trusted; reverting to default behavior. 
Eigenvalues: [1.95103823e-03 8.76018509e+05]
Approximate Hessian has condition number >1e6 and cannot be reliably trusted; reverting to default behavior. 
Eigenvalues: [8.23203503e-04 1.19844338e+06]
Approximate Hessian has condition number >1e6 and cannot be reliably trusted; reverting to default behavior. 
Eigenvalues: [1.14110796e-03 8.05496902e+03]
Approximate Hessian has condition number >1e6 and cannot be reliably trusted; reverting to default behavior. 
Eigenvalues: [2.09260173e-03 3.15333143e+06]
Simulation completed.


Energies of found minima:
Minimum 1: Position = [0.6234994  0.02803776], Energy = -108.16672411685238
Minimum 2: Position = [-0.55822365  1.44172583], Energy = -146.6995172099539

Approximate saddle points between minima:
Saddle 1: Position = [-0.71385736  0.69404588], Energy = -37.55142985883566

Computational statistics:
	Total energy calls: 642970
	Energy calls at each min: [1, 3784]
	Total force calls: 642970
	Force calls at each min: [1, 3784]
	Total steps: 677169
	Total Biases: 5000

Verification against reference:
True minima found: 2/3
Missed minima at positions:
[-0.05001082  0.4666941 ]

Verification against reference (saddles):
True saddles found: 0/2
Missed saddles at positions:
[0.21248658 0.29298833]
[-0.82200156  0.6243128 ]
Starting run 3775
Identified minimum at position [0.6234994  0.02803776] with unbiased energy -108.16672411685238
Identified minimum at position [-0.55822364  1.44172583] with unbiased energy -146.699517209954
Approximate Hessian has condition number >1e6 and cannot be reliably trusted; reverting to default behavior. 
Eigenvalues: [7.67393423e-04 2.26498990e+05]
Approximate Hessian has condition number >1e6 and cannot be reliably trusted; reverting to default behavior. 
Eigenvalues: [8.67171961e-04 1.20381612e+06]
Approximate Hessian has condition number >1e6 and cannot be reliably trusted; reverting to default behavior. 
Eigenvalues: [1.21296197e-03 2.28203997e+07]
Approximate Hessian has condition number >1e6 and cannot be reliably trusted; reverting to default behavior. 
Eigenvalues: [5.00679016e-06 6.80222464e+08]
Approximate Hessian has condition number >1e6 and cannot be reliably trusted; reverting to default behavior. 
Eigenvalues: [4.59331566e-03 4.67562740e+06]
Approximate Hessian has condition number >1e6 and cannot be reliably trusted; reverting to default behavior. 
Eigenvalues: [6.12914562e-04 1.57045852e+09]
Approximate Hessian has condition number >1e6 and cannot be reliably trusted; reverting to default behavior. 
Eigenvalues: [2.76751211e-03 5.70727268e+08]
Approximate Hessian has condition number >1e6 and cannot be reliably trusted; reverting to default behavior. 
Eigenvalues: [9.15969700e-04 5.49949284e+05]
Approximate Hessian has condition number >1e6 and cannot be reliably trusted; reverting to default behavior. 
Eigenvalues: [1.06538647e-03 1.74526958e+04]
Approximate Hessian has condition number >1e6 and cannot be reliably trusted; reverting to default behavior. 
Eigenvalues: [4.02822637e-03 7.01277164e+06]
Approximate Hessian has condition number >1e6 and cannot be reliably trusted; reverting to default behavior. 
Eigenvalues: [1.28856809e-03 2.81162056e+06]
Approximate Hessian has condition number >1e6 and cannot be reliably trusted; reverting to default behavior. 
Eigenvalues: [1.65681355e-04 1.99578990e+07]
Simulation completed.


Energies of found minima:
Minimum 1: Position = [0.6234994  0.02803776], Energy = -108.16672411685238
Minimum 2: Position = [-0.55822364  1.44172583], Energy = -146.699517209954

Approximate saddle points between minima:
Saddle 1: Position = [-0.76771931  0.6775682 ], Energy = -39.34917094435597

Computational statistics:
	Total energy calls: 649109
	Energy calls at each min: [1, 8572]
	Total force calls: 649109
	Force calls at each min: [1, 8572]
	Total steps: 683012
	Total Biases: 5000

Verification against reference:
True minima found: 2/3
Missed minima at positions:
[-0.05001082  0.4666941 ]

Verification against reference (saddles):
True saddles found: 0/2
Missed saddles at positions:
[0.21248658 0.29298833]
[-0.82200156  0.6243128 ]
Starting run 1105
Identified minimum at position [0.6234994  0.02803776] with unbiased energy -108.16672411685238
Approximate Hessian has condition number >1e6 and cannot be reliably trusted; reverting to default behavior. 
Eigenvalues: [5.35506842e-04 7.15434239e+05]
Identified minimum at position [-0.0513376   0.46696215] with unbiased energy -80.7676086625003
Identified minimum at position [-0.55822364  1.44172584] with unbiased energy -146.69951720995397
Simulation completed.


Energies of found minima:
Minimum 1: Position = [0.6234994  0.02803776], Energy = -108.16672411685238
Minimum 2: Position = [-0.0513376   0.46696215], Energy = -80.7676086625003
Minimum 3: Position = [-0.55822364  1.44172584], Energy = -146.69951720995397

Approximate saddle points between minima:
Saddle 1: Position = [ 0.95682093 -0.01682939], Energy = -65.05368530479342
Saddle 2: Position = [-0.82280806  0.5492941 ], Energy = -40.19174725507513

Computational statistics:
	Total energy calls: 5797
	Energy calls at each min: [1, 2428, 5797]
	Total force calls: 5797
	Force calls at each min: [1, 2428, 5797]
	Total steps: 6112
	Total Biases: 50

Verification against reference:
True minima found: 2/3
Missed minima at positions:
[-0.05001082  0.4666941 ]

Verification against reference (saddles):
True saddles found: 0/2
Missed saddles at positions:
[0.21248658 0.29298833]
[-0.82200156  0.6243128 ]
Starting run 367
Identified minimum at position [0.6234994  0.02803776] with unbiased energy -108.16672411685238
Identified minimum at position [-0.05027794  0.46678967] with unbiased energy -80.76780678123461
Identified minimum at position [-0.55822362  1.44172586] with unbiased energy -146.69951720995394
Simulation completed.


Energies of found minima:
Minimum 1: Position = [0.6234994  0.02803776], Energy = -108.16672411685238
Minimum 2: Position = [-0.05027794  0.46678967], Energy = -80.76780678123461
Minimum 3: Position = [-0.55822362  1.44172586], Energy = -146.69951720995394

Approximate saddle points between minima:
Saddle 1: Position = [0.21673451 0.28351063], Energy = -72.28868109656052
Saddle 2: Position = [-0.83852355  0.59997529], Energy = -40.450378709087715

Computational statistics:
	Total energy calls: 5775
	Energy calls at each min: [1, 454, 5775]
	Total force calls: 5775
	Force calls at each min: [1, 454, 5775]
	Total steps: 6082
	Total Biases: 46

Verification against reference:
True minima found: 3/3

Verification against reference (saddles):
True saddles found: 2/2
Starting run 1497
Identified minimum at position [0.6234994  0.02803776] with unbiased energy -108.16672411685238
Identified minimum at position [-0.05001143  0.46669423] with unbiased energy -80.76781812961548
Identified minimum at position [-0.55822365  1.44172583] with unbiased energy -146.6995172099539
Simulation completed.


Energies of found minima:
Minimum 1: Position = [0.6234994  0.02803776], Energy = -108.16672411685238
Minimum 2: Position = [-0.05001143  0.46669423], Energy = -80.76781812961548
Minimum 3: Position = [-0.55822365  1.44172583], Energy = -146.6995172099539

Approximate saddle points between minima:
Saddle 1: Position = [0.34364426 0.27505916], Energy = -71.83448395149047
Saddle 2: Position = [-0.39676816  0.79800769], Energy = -19.595993694745104

Computational statistics:
	Total energy calls: 9140
	Energy calls at each min: [1, 1362, 9140]
	Total force calls: 9140
	Force calls at each min: [1, 1362, 9140]
	Total steps: 9639
	Total Biases: 75

Verification against reference:
True minima found: 3/3

Verification against reference (saddles):
True saddles found: 0/2
Missed saddles at positions:
[0.21248658 0.29298833]
[-0.82200156  0.6243128 ]
Starting run 2346
Identified minimum at position [0.6234994  0.02803776] with unbiased energy -108.16672411685238
Identified minimum at position [-0.05003066  0.46669878] with unbiased energy -80.76781808062212
Identified minimum at position [-0.55822361  1.44172586] with unbiased energy -146.69951720995383
Simulation completed.


Energies of found minima:
Minimum 1: Position = [0.6234994  0.02803776], Energy = -108.16672411685238
Minimum 2: Position = [-0.05003066  0.46669878], Energy = -80.76781808062212
Minimum 3: Position = [-0.55822361  1.44172586], Energy = -146.69951720995383

Approximate saddle points between minima:
Saddle 1: Position = [0.20314842 0.28782109], Energy = -72.22002485609676
Saddle 2: Position = [-0.799401   0.6299251], Energy = -40.64655244131569

Computational statistics:
	Total energy calls: 6118
	Energy calls at each min: [1, 1682, 6118]
	Total force calls: 6118
	Force calls at each min: [1, 1682, 6118]
	Total steps: 6442
	Total Biases: 50

Verification against reference:
True minima found: 3/3

Verification against reference (saddles):
True saddles found: 2/2
Starting run 3828
Identified minimum at position [0.6234994  0.02803776] with unbiased energy -108.16672411685238
Identified minimum at position [-0.05001125  0.46669419] with unbiased energy -80.76781812963708
Identified minimum at position [-0.55822362  1.44172586] with unbiased energy -146.6995172099539
Simulation completed.


Energies of found minima:
Minimum 1: Position = [0.6234994  0.02803776], Energy = -108.16672411685238
Minimum 2: Position = [-0.05001125  0.46669419], Energy = -80.76781812963708
Minimum 3: Position = [-0.55822362  1.44172586], Energy = -146.6995172099539

Approximate saddle points between minima:
Saddle 1: Position = [0.18530176 0.26538999], Energy = -71.94179920340494
Saddle 2: Position = [-0.48802539  0.77281216], Energy = -25.03339948196768

Computational statistics:
	Total energy calls: 8047
	Energy calls at each min: [1, 1236, 8047]
	Total force calls: 8047
	Force calls at each min: [1, 1236, 8047]
	Total steps: 8475
	Total Biases: 66

Verification against reference:
True minima found: 3/3

Verification against reference (saddles):
True saddles found: 1/2
Missed saddles at positions:
[-0.82200156  0.6243128 ]
Starting run 263
Identified minimum at position [0.6234994  0.02803776] with unbiased energy -108.16672411685238
Identified minimum at position [-0.55822362  1.44172586] with unbiased energy -146.6995172099539
Approximate Hessian has condition number >1e6 and cannot be reliably trusted; reverting to default behavior. 
Eigenvalues: [1.66376616e-03 1.47202853e+06]
Approximate Hessian has condition number >1e6 and cannot be reliably trusted; reverting to default behavior. 
Eigenvalues: [2.19880667e-03 6.62790112e+06]
Approximate Hessian has condition number >1e6 and cannot be reliably trusted; reverting to default behavior. 
Eigenvalues: [1.31642446e-06 5.96366511e+06]
Approximate Hessian has condition number >1e6 and cannot be reliably trusted; reverting to default behavior. 
Eigenvalues: [2.23509036e-03 5.11988485e+07]
Approximate Hessian has condition number >1e6 and cannot be reliably trusted; reverting to default behavior. 
Eigenvalues: [4.76574618e-03 3.39142051e+07]
Simulation completed.


Energies of found minima:
Minimum 1: Position = [0.6234994  0.02803776], Energy = -108.16672411685238
Minimum 2: Position = [-0.55822362  1.44172586], Energy = -146.6995172099539

Approximate saddle points between minima:
Saddle 1: Position = [-0.81469843  0.59564645], Energy = -40.77422625950729

Computational statistics:
	Total energy calls: 642168
	Energy calls at each min: [1, 7172]
	Total force calls: 642168
	Force calls at each min: [1, 7172]
	Total steps: 673980
	Total Biases: 5000

Verification against reference:
True minima found: 2/3
Missed minima at positions:
[-0.05001082  0.4666941 ]

Verification against reference (saddles):
True saddles found: 1/2
Missed saddles at positions:
[0.21248658 0.29298833]
Starting run 1060
Identified minimum at position [0.6234994  0.02803776] with unbiased energy -108.16672411685238
Identified minimum at position [-0.05011932  0.46671872] with unbiased energy -80.76781668189184
Identified minimum at position [-0.55822363  1.44172585] with unbiased energy -146.69951720995402
Simulation completed.


Energies of found minima:
Minimum 1: Position = [0.6234994  0.02803776], Energy = -108.16672411685238
Minimum 2: Position = [-0.05011932  0.46671872], Energy = -80.76781668189184
Minimum 3: Position = [-0.55822363  1.44172585], Energy = -146.69951720995402

Approximate saddle points between minima:
Saddle 1: Position = [0.13296655 0.20757595], Energy = -69.70929758923957
Saddle 2: Position = [-0.8277079   0.56777314], Energy = -40.311193248421525

Computational statistics:
	Total energy calls: 6060
	Energy calls at each min: [1, 1302, 6060]
	Total force calls: 6060
	Force calls at each min: [1, 1302, 6060]
	Total steps: 6370
	Total Biases: 48

Verification against reference:
True minima found: 3/3

Verification against reference (saddles):
True saddles found: 0/2
Missed saddles at positions:
[0.21248658 0.29298833]
[-0.82200156  0.6243128 ]
Starting run 3533
Identified minimum at position [0.6234994  0.02803776] with unbiased energy -108.16672411685238
Identified minimum at position [-0.05108087  0.46695827] with unbiased energy -80.76767281586766
Identified minimum at position [-0.55822365  1.44172583] with unbiased energy -146.69951720995394
Simulation completed.


Energies of found minima:
Minimum 1: Position = [0.6234994  0.02803776], Energy = -108.16672411685238
Minimum 2: Position = [-0.05108087  0.46695827], Energy = -80.76767281586766
Minimum 3: Position = [-0.55822365  1.44172583], Energy = -146.69951720995394

Approximate saddle points between minima:
Saddle 1: Position = [0.20605403 0.27549123], Energy = -72.25142271114683
Saddle 2: Position = [ 1.01657519 -0.05440825], Energy = -38.62103289283803

Computational statistics:
	Total energy calls: 6232
	Energy calls at each min: [1, 1362, 6232]
	Total force calls: 6232
	Force calls at each min: [1, 1362, 6232]
	Total steps: 6564
	Total Biases: 52

Verification against reference:
True minima found: 2/3
Missed minima at positions:
[-0.05001082  0.4666941 ]

Verification against reference (saddles):
True saddles found: 1/2
Missed saddles at positions:
[-0.82200156  0.6243128 ]
Starting run 3557
Identified minimum at position [0.6234994  0.02803776] with unbiased energy -108.16672411685238
Identified minimum at position [-0.05002215  0.46669744] with unbiased energy -80.76781811191135
Identified minimum at position [-0.55822363  1.44172584] with unbiased energy -146.699517209954
Simulation completed.


Energies of found minima:
Minimum 1: Position = [0.6234994  0.02803776], Energy = -108.16672411685238
Minimum 2: Position = [-0.05002215  0.46669744], Energy = -80.76781811191135
Minimum 3: Position = [-0.55822363  1.44172584], Energy = -146.699517209954

Approximate saddle points between minima:
Saddle 1: Position = [0.08682569 0.1662805 ], Energy = -66.087050333683
Saddle 2: Position = [-0.08265526 -0.01673725], Energy = -36.79137762607688

Computational statistics:
	Total energy calls: 6462
	Energy calls at each min: [1, 1092, 6462]
	Total force calls: 6462
	Force calls at each min: [1, 1092, 6462]
	Total steps: 6802
	Total Biases: 53

Verification against reference:
True minima found: 3/3

Verification against reference (saddles):
True saddles found: 0/2
Missed saddles at positions:
[0.21248658 0.29298833]
[-0.82200156  0.6243128 ]
Starting run 4848
Identified minimum at position [0.6234994  0.02803776] with unbiased energy -108.16672411685238
Identified minimum at position [-0.0500618   0.46670346] with unbiased energy -80.76781782674523
Identified minimum at position [-0.55822365  1.44172583] with unbiased energy -146.6995172099539
Simulation completed.


Energies of found minima:
Minimum 1: Position = [0.6234994  0.02803776], Energy = -108.16672411685238
Minimum 2: Position = [-0.0500618   0.46670346], Energy = -80.76781782674523
Minimum 3: Position = [-0.55822365  1.44172583], Energy = -146.6995172099539

Approximate saddle points between minima:
Saddle 1: Position = [0.28575478 0.31793026], Energy = -70.81170803411831
Saddle 2: Position = [-0.16488443 -0.00741616], Energy = -28.853179636068365

Computational statistics:
	Total energy calls: 9179
	Energy calls at each min: [1, 1219, 9179]
	Total force calls: 9179
	Force calls at each min: [1, 1219, 9179]
	Total steps: 9682
	Total Biases: 74

Verification against reference:
True minima found: 3/3

Verification against reference (saddles):
True saddles found: 0/2
Missed saddles at positions:
[0.21248658 0.29298833]
[-0.82200156  0.6243128 ]
Starting run 955
Identified minimum at position [0.6234994  0.02803776] with unbiased energy -108.16672411685238
Identified minimum at position [-0.05163377  0.46696314] with unbiased energy -80.76751592524464
Identified minimum at position [-0.55822364  1.44172584] with unbiased energy -146.69951720995402
Simulation completed.


Energies of found minima:
Minimum 1: Position = [0.6234994  0.02803776], Energy = -108.16672411685238
Minimum 2: Position = [-0.05163377  0.46696314], Energy = -80.76751592524464
Minimum 3: Position = [-0.55822364  1.44172584], Energy = -146.69951720995402

Approximate saddle points between minima:
Saddle 1: Position = [0.25796884 0.31043211], Energy = -71.66660560777791
Saddle 2: Position = [-0.73643635  0.7153289 ], Energy = -37.32183982028312

Computational statistics:
	Total energy calls: 3489
	Energy calls at each min: [1, 1598, 3489]
	Total force calls: 3489
	Force calls at each min: [1, 1598, 3489]
	Total steps: 3672
	Total Biases: 31

Verification against reference:
True minima found: 2/3
Missed minima at positions:
[-0.05001082  0.4666941 ]

Verification against reference (saddles):
True saddles found: 1/2
Missed saddles at positions:
[-0.82200156  0.6243128 ]
Starting run 213
Identified minimum at position [0.6234994  0.02803776] with unbiased energy -108.16672411685238
Identified minimum at position [-0.05003974  0.46669676] with unbiased energy -80.76781803596043
Identified minimum at position [-0.55822362  1.44172585] with unbiased energy -146.69951720995394
Simulation completed.


Energies of found minima:
Minimum 1: Position = [0.6234994  0.02803776], Energy = -108.16672411685238
Minimum 2: Position = [-0.05003974  0.46669676], Energy = -80.76781803596043
Minimum 3: Position = [-0.55822362  1.44172585], Energy = -146.69951720995394

Approximate saddle points between minima:
Saddle 1: Position = [ 0.97721485 -0.00954614], Energy = -59.933392474569615
Saddle 2: Position = [-0.84850195  0.6192129 ], Energy = -40.66195807694544

Computational statistics:
	Total energy calls: 5050
	Energy calls at each min: [1, 1870, 5050]
	Total force calls: 5050
	Force calls at each min: [1, 1870, 5050]
	Total steps: 5322
	Total Biases: 45

Verification against reference:
True minima found: 3/3

Verification against reference (saddles):
True saddles found: 1/2
Missed saddles at positions:
[0.21248658 0.29298833]
Starting run 2278
Identified minimum at position [0.6234994  0.02803776] with unbiased energy -108.16672411685238
Identified minimum at position [-0.05248689  0.46716984] with unbiased energy -80.76709677960298
Identified minimum at position [-0.55822363  1.44172585] with unbiased energy -146.699517209954
Simulation completed.


Energies of found minima:
Minimum 1: Position = [0.6234994  0.02803776], Energy = -108.16672411685238
Minimum 2: Position = [-0.05248689  0.46716984], Energy = -80.76709677960298
Minimum 3: Position = [-0.55822363  1.44172585], Energy = -146.699517209954

Approximate saddle points between minima:
Saddle 1: Position = [0.3361323  0.32563594], Energy = -68.57146479567984
Saddle 2: Position = [-0.8556061   0.58980746], Energy = -40.08969122501926

Computational statistics:
	Total energy calls: 3916
	Energy calls at each min: [1, 1040, 3916]
	Total force calls: 3916
	Force calls at each min: [1, 1040, 3916]
	Total steps: 4124
	Total Biases: 33

Verification against reference:
True minima found: 2/3
Missed minima at positions:
[-0.05001082  0.4666941 ]

Verification against reference (saddles):
True saddles found: 1/2
Missed saddles at positions:
[0.21248658 0.29298833]
Starting run 4081
Identified minimum at position [0.6234994  0.02803776] with unbiased energy -108.16672411685238
Identified minimum at position [-0.05003191  0.46669844] with unbiased energy -80.76781807654476
Identified minimum at position [-0.55822365  1.44172583] with unbiased energy -146.69951720995394
Simulation completed.


Energies of found minima:
Minimum 1: Position = [0.6234994  0.02803776], Energy = -108.16672411685238
Minimum 2: Position = [-0.05003191  0.46669844], Energy = -80.76781807654476
Minimum 3: Position = [-0.55822365  1.44172583], Energy = -146.69951720995394

Approximate saddle points between minima:
Saddle 1: Position = [0.03496786 0.12678294], Energy = -60.43158183769387
Saddle 2: Position = [-0.71727901  0.67465038], Energy = -38.74674384683924

Computational statistics:
	Total energy calls: 2984
	Energy calls at each min: [1, 1606, 2984]
	Total force calls: 2984
	Force calls at each min: [1, 1606, 2984]
	Total steps: 3148
	Total Biases: 26

Verification against reference:
True minima found: 3/3

Verification against reference (saddles):
True saddles found: 0/2
Missed saddles at positions:
[0.21248658 0.29298833]
[-0.82200156  0.6243128 ]
Starting run 2316
Identified minimum at position [0.6234994  0.02803776] with unbiased energy -108.16672411685238
Identified minimum at position [-0.05019388  0.46674121] with unbiased energy -80.76781380211122
Identified minimum at position [-0.55822364  1.44172583] with unbiased energy -146.69951720995397
Simulation completed.


Energies of found minima:
Minimum 1: Position = [0.6234994  0.02803776], Energy = -108.16672411685238
Minimum 2: Position = [-0.05019388  0.46674121], Energy = -80.76781380211122
Minimum 3: Position = [-0.55822364  1.44172583], Energy = -146.69951720995397

Approximate saddle points between minima:
Saddle 1: Position = [0.37449503 0.26884632], Energy = -71.80447683951265
Saddle 2: Position = [-0.82619805  0.61562102], Energy = -40.645160459753185

Computational statistics:
	Total energy calls: 6887
	Energy calls at each min: [1, 2380, 6887]
	Total force calls: 6887
	Force calls at each min: [1, 2380, 6887]
	Total steps: 7240
	Total Biases: 58

Verification against reference:
True minima found: 3/3

Verification against reference (saddles):
True saddles found: 1/2
Missed saddles at positions:
[0.21248658 0.29298833]
Starting run 105
Identified minimum at position [0.6234994  0.02803776] with unbiased energy -108.16672411685238
Identified minimum at position [-0.05001813  0.46669562] with unbiased energy -80.76781812326516
Identified minimum at position [-0.55822365  1.44172583] with unbiased energy -146.6995172099539
Simulation completed.


Energies of found minima:
Minimum 1: Position = [0.6234994  0.02803776], Energy = -108.16672411685238
Minimum 2: Position = [-0.05001813  0.46669562], Energy = -80.76781812326516
Minimum 3: Position = [-0.55822365  1.44172583], Energy = -146.6995172099539

Approximate saddle points between minima:
Saddle 1: Position = [0.98254451 0.04638041], Energy = -57.726141151650836
Saddle 2: Position = [-0.84980178  0.49144573], Energy = -36.67343636673343

Computational statistics:
	Total energy calls: 6047
	Energy calls at each min: [1, 1411, 6047]
	Total force calls: 6047
	Force calls at each min: [1, 1411, 6047]
	Total steps: 6375
	Total Biases: 53

Verification against reference:
True minima found: 3/3

Verification against reference (saddles):
True saddles found: 0/2
Missed saddles at positions:
[0.21248658 0.29298833]
[-0.82200156  0.6243128 ]
