Starting run 3381
Identified minimum at position [0.6234994  0.02803776] with unbiased energy -108.16672411685238
Identified minimum at position [-0.05007333  0.46670936] with unbiased energy -80.76781763626268
Identified minimum at position [-0.55822365  1.44172583] with unbiased energy -146.6995172099539
Simulation completed.


Energies of found minima:
Minimum 1: Position = [0.6234994  0.02803776], Energy = -108.16672411685238
Minimum 2: Position = [-0.05007333  0.46670936], Energy = -80.76781763626268
Minimum 3: Position = [-0.55822365  1.44172583], Energy = -146.6995172099539

Approximate saddle points between minima:
Saddle 1: Position = [0.08640793 0.11223832], Energy = -65.24199389128914
Saddle 2: Position = [-0.81874914  0.63366204], Energy = -40.64960483518158

Computational statistics:
	Total energy calls: 7876
	Energy calls at each min: [1, 2317, 7876]
	Total force calls: 7876
	Force calls at each min: [1, 2317, 7876]
	Total steps: 8291
	Total Biases: 65

Verification against reference:
True minima found: 3/3

Verification against reference (saddles):
True saddles found: 1/2
Missed saddles at positions:
[0.21248658 0.29298833]
Starting run 1370
Identified minimum at position [0.6234994  0.02803776] with unbiased energy -108.16672411685238
Identified minimum at position [-0.0500112  0.4666942] with unbiased energy -80.76781812964069
Identified minimum at position [-0.55822364  1.44172584] with unbiased energy -146.69951720995402
Simulation completed.


Energies of found minima:
Minimum 1: Position = [0.6234994  0.02803776], Energy = -108.16672411685238
Minimum 2: Position = [-0.0500112  0.4666942], Energy = -80.76781812964069
Minimum 3: Position = [-0.55822364  1.44172584], Energy = -146.69951720995402

Approximate saddle points between minima:
Saddle 1: Position = [0.19578241 0.27962022], Energy = -72.13997048484319
Saddle 2: Position = [-0.84187859  0.57007731], Energy = -39.95772402630826

Computational statistics:
	Total energy calls: 6053
	Energy calls at each min: [1, 1244, 6053]
	Total force calls: 6053
	Force calls at each min: [1, 1244, 6053]
	Total steps: 6381
	Total Biases: 50

Verification against reference:
True minima found: 3/3

Verification against reference (saddles):
True saddles found: 1/2
Missed saddles at positions:
[-0.82200156  0.6243128 ]
Starting run 131
Identified minimum at position [0.6234994  0.02803776] with unbiased energy -108.16672411685238
Identified minimum at position [-0.05047362  0.46682232] with unbiased energy -80.76778945939833
Identified minimum at position [-0.55822362  1.44172585] with unbiased energy -146.69951720995394
Simulation completed.


Energies of found minima:
Minimum 1: Position = [0.6234994  0.02803776], Energy = -108.16672411685238
Minimum 2: Position = [-0.05047362  0.46682232], Energy = -80.76778945939833
Minimum 3: Position = [-0.55822362  1.44172585], Energy = -146.69951720995394

Approximate saddle points between minima:
Saddle 1: Position = [0.31406886 0.36388544], Energy = -68.13437733482209
Saddle 2: Position = [-0.85650116  0.59219005], Energy = -40.13065907148463

Computational statistics:
	Total energy calls: 10764
	Energy calls at each min: [1, 1679, 10764]
	Total force calls: 10764
	Force calls at each min: [1, 1679, 10764]
	Total steps: 11320
	Total Biases: 87

Verification against reference:
True minima found: 3/3

Verification against reference (saddles):
True saddles found: 1/2
Missed saddles at positions:
[0.21248658 0.29298833]
Starting run 4514
Identified minimum at position [0.6234994  0.02803776] with unbiased energy -108.16672411685238
Identified minimum at position [-0.05030778  0.46676761] with unbiased energy -80.7678069289423
Identified minimum at position [-0.55822362  1.44172586] with unbiased energy -146.69951720995385
Simulation completed.


Energies of found minima:
Minimum 1: Position = [0.6234994  0.02803776], Energy = -108.16672411685238
Minimum 2: Position = [-0.05030778  0.46676761], Energy = -80.7678069289423
Minimum 3: Position = [-0.55822362  1.44172586], Energy = -146.69951720995385

Approximate saddle points between minima:
Saddle 1: Position = [0.18215655 0.27463881], Energy = -71.93424826801187
Saddle 2: Position = [-0.84097371  0.57848157], Energy = -40.12645039676289

Computational statistics:
	Total energy calls: 10234
	Energy calls at each min: [1, 1269, 10234]
	Total force calls: 10234
	Force calls at each min: [1, 1269, 10234]
	Total steps: 10770
	Total Biases: 85

Verification against reference:
True minima found: 3/3

Verification against reference (saddles):
True saddles found: 2/2
Starting run 3039
Identified minimum at position [0.6234994  0.02803776] with unbiased energy -108.16672411685238
Identified minimum at position [-0.05069443  0.46713271] with unbiased energy -80.76766696394496
Identified minimum at position [-0.55822364  1.44172584] with unbiased energy -146.699517209954
Simulation completed.


Energies of found minima:
Minimum 1: Position = [0.6234994  0.02803776], Energy = -108.16672411685238
Minimum 2: Position = [-0.05069443  0.46713271], Energy = -80.76766696394496
Minimum 3: Position = [-0.55822364  1.44172584], Energy = -146.699517209954

Approximate saddle points between minima:
Saddle 1: Position = [0.43419651 0.27152655], Energy = -69.5766486775422
Saddle 2: Position = [-0.82567757  0.59641305], Energy = -40.59046676975041

Computational statistics:
	Total energy calls: 4173
	Energy calls at each min: [1, 1991, 4173]
	Total force calls: 4173
	Force calls at each min: [1, 1991, 4173]
	Total steps: 4392
	Total Biases: 34

Verification against reference:
True minima found: 3/3

Verification against reference (saddles):
True saddles found: 1/2
Missed saddles at positions:
[0.21248658 0.29298833]
Starting run 1019
Identified minimum at position [0.6234994  0.02803776] with unbiased energy -108.16672411685238
Identified minimum at position [-0.05015909  0.46672378] with unbiased energy -80.76781552004543
Identified minimum at position [-0.55822365  1.44172582] with unbiased energy -146.69951720995388
Simulation completed.


Energies of found minima:
Minimum 1: Position = [0.6234994  0.02803776], Energy = -108.16672411685238
Minimum 2: Position = [-0.05015909  0.46672378], Energy = -80.76781552004543
Minimum 3: Position = [-0.55822365  1.44172582], Energy = -146.69951720995388

Approximate saddle points between minima:
Saddle 1: Position = [0.27716067 0.3987274 ], Energy = -69.59559408017299
Saddle 2: Position = [-0.77464307  0.68374144], Energy = -39.391227307366826

Computational statistics:
	Total energy calls: 4178
	Energy calls at each min: [1, 1481, 4178]
	Total force calls: 4178
	Force calls at each min: [1, 1481, 4178]
	Total steps: 4408
	Total Biases: 35

Verification against reference:
True minima found: 3/3

Verification against reference (saddles):
True saddles found: 0/2
Missed saddles at positions:
[0.21248658 0.29298833]
[-0.82200156  0.6243128 ]
Starting run 4403
Identified minimum at position [0.6234994  0.02803776] with unbiased energy -108.16672411685238
Identified minimum at position [-0.05009628  0.46672538] with unbiased energy -80.76781694550687
Identified minimum at position [-0.55822365  1.44172582] with unbiased energy -146.69951720995385
Simulation completed.


Energies of found minima:
Minimum 1: Position = [0.6234994  0.02803776], Energy = -108.16672411685238
Minimum 2: Position = [-0.05009628  0.46672538], Energy = -80.76781694550687
Minimum 3: Position = [-0.55822365  1.44172582], Energy = -146.69951720995385

Approximate saddle points between minima:
Saddle 1: Position = [0.37805761 0.29824092], Energy = -68.72475035422494
Saddle 2: Position = [-0.80847413  0.44934019], Energy = -36.320826340941174

Computational statistics:
	Total energy calls: 9278
	Energy calls at each min: [1, 1495, 9278]
	Total force calls: 9278
	Force calls at each min: [1, 1495, 9278]
	Total steps: 9770
	Total Biases: 78

Verification against reference:
True minima found: 3/3

Verification against reference (saddles):
True saddles found: 0/2
Missed saddles at positions:
[0.21248658 0.29298833]
[-0.82200156  0.6243128 ]
Starting run 2958
Identified minimum at position [0.6234994  0.02803776] with unbiased energy -108.16672411685238
Identified minimum at position [-0.0502486   0.46677698] with unbiased energy -80.76780932789661
Identified minimum at position [-0.55822364  1.44172583] with unbiased energy -146.699517209954
Simulation completed.


Energies of found minima:
Minimum 1: Position = [0.6234994  0.02803776], Energy = -108.16672411685238
Minimum 2: Position = [-0.0502486   0.46677698], Energy = -80.76780932789661
Minimum 3: Position = [-0.55822364  1.44172583], Energy = -146.699517209954

Approximate saddle points between minima:
Saddle 1: Position = [0.27077088 0.29920058], Energy = -71.70627484662403
Saddle 2: Position = [ 0.01560163 -0.08319506], Energy = -37.864989707523854

Computational statistics:
	Total energy calls: 10125
	Energy calls at each min: [1, 1290, 10125]
	Total force calls: 10125
	Force calls at each min: [1, 1290, 10125]
	Total steps: 10635
	Total Biases: 84

Verification against reference:
True minima found: 3/3

Verification against reference (saddles):
True saddles found: 0/2
Missed saddles at positions:
[0.21248658 0.29298833]
[-0.82200156  0.6243128 ]
Starting run 4333
Identified minimum at position [0.6234994  0.02803776] with unbiased energy -108.16672411685238
Identified minimum at position [-0.05111313  0.46694351] with unbiased energy -80.76766878874001
Identified minimum at position [-0.55822364  1.44172583] with unbiased energy -146.69951720995397
Simulation completed.


Energies of found minima:
Minimum 1: Position = [0.6234994  0.02803776], Energy = -108.16672411685238
Minimum 2: Position = [-0.05111313  0.46694351], Energy = -80.76766878874001
Minimum 3: Position = [-0.55822364  1.44172583], Energy = -146.69951720995397

Approximate saddle points between minima:
Saddle 1: Position = [0.1476259  0.27656408], Energy = -71.34584364978818
Saddle 2: Position = [0.67298526 0.3867902 ], Energy = -21.378018918205782

Computational statistics:
	Total energy calls: 9014
	Energy calls at each min: [1, 1090, 9014]
	Total force calls: 9014
	Force calls at each min: [1, 1090, 9014]
	Total steps: 9497
	Total Biases: 75

Verification against reference:
True minima found: 2/3
Missed minima at positions:
[-0.05001082  0.4666941 ]

Verification against reference (saddles):
True saddles found: 0/2
Missed saddles at positions:
[0.21248658 0.29298833]
[-0.82200156  0.6243128 ]
Starting run 2955
Identified minimum at position [0.6234994  0.02803776] with unbiased energy -108.16672411685238
Identified minimum at position [-0.05016344  0.46674525] with unbiased energy -80.76781461221742
Identified minimum at position [-0.55822365  1.44172583] with unbiased energy -146.69951720995394
Simulation completed.


Energies of found minima:
Minimum 1: Position = [0.6234994  0.02803776], Energy = -108.16672411685238
Minimum 2: Position = [-0.05016344  0.46674525], Energy = -80.76781461221742
Minimum 3: Position = [-0.55822365  1.44172583], Energy = -146.69951720995394

Approximate saddle points between minima:
Saddle 1: Position = [0.14538897 0.27855436], Energy = -71.35686331406788
Saddle 2: Position = [-0.75547745  0.66592914], Energy = -39.51446715274817

Computational statistics:
	Total energy calls: 6388
	Energy calls at each min: [1, 2407, 6388]
	Total force calls: 6388
	Force calls at each min: [1, 2407, 6388]
	Total steps: 6713
	Total Biases: 53

Verification against reference:
True minima found: 3/3

Verification against reference (saddles):
True saddles found: 0/2
Missed saddles at positions:
[0.21248658 0.29298833]
[-0.82200156  0.6243128 ]
Starting run 3174
Identified minimum at position [0.6234994  0.02803776] with unbiased energy -108.16672411685238
Identified minimum at position [-0.05396345  0.46759592] with unbiased energy -80.76589113938275
Identified minimum at position [-0.55822365  1.44172582] with unbiased energy -146.69951720995383
Simulation completed.


Energies of found minima:
Minimum 1: Position = [0.6234994  0.02803776], Energy = -108.16672411685238
Minimum 2: Position = [-0.05396345  0.46759592], Energy = -80.76589113938275
Minimum 3: Position = [-0.55822365  1.44172582], Energy = -146.69951720995383

Approximate saddle points between minima:
Saddle 1: Position = [0.29376101 0.34250671], Energy = -69.83147259005675
Saddle 2: Position = [-0.52921586  0.26468121], Energy = -32.24736151634093

Computational statistics:
	Total energy calls: 6690
	Energy calls at each min: [1, 521, 6690]
	Total force calls: 6690
	Force calls at each min: [1, 521, 6690]
	Total steps: 7049
	Total Biases: 53

Verification against reference:
True minima found: 2/3
Missed minima at positions:
[-0.05001082  0.4666941 ]

Verification against reference (saddles):
True saddles found: 0/2
Missed saddles at positions:
[0.21248658 0.29298833]
[-0.82200156  0.6243128 ]
Starting run 2663
Identified minimum at position [0.6234994  0.02803776] with unbiased energy -108.16672411685238
Identified minimum at position [-0.05026373  0.46680347] with unbiased energy -80.76780592391317
Identified minimum at position [-0.55822363  1.44172585] with unbiased energy -146.69951720995402
Simulation completed.


Energies of found minima:
Minimum 1: Position = [0.6234994  0.02803776], Energy = -108.16672411685238
Minimum 2: Position = [-0.05026373  0.46680347], Energy = -80.76780592391317
Minimum 3: Position = [-0.55822363  1.44172585], Energy = -146.69951720995402

Approximate saddle points between minima:
Saddle 1: Position = [0.21886489 0.29971857], Energy = -72.23114312549455
Saddle 2: Position = [-0.89719747  0.55895114], Energy = -38.3444871343133

Computational statistics:
	Total energy calls: 3068
	Energy calls at each min: [1, 633, 3068]
	Total force calls: 3068
	Force calls at each min: [1, 633, 3068]
	Total steps: 3230
	Total Biases: 27

Verification against reference:
True minima found: 3/3

Verification against reference (saddles):
True saddles found: 1/2
Missed saddles at positions:
[-0.82200156  0.6243128 ]
Starting run 2427
Identified minimum at position [0.6234994  0.02803776] with unbiased energy -108.16672411685238
Identified minimum at position [-0.05001084  0.46669411] with unbiased energy -80.76781812965896
Identified minimum at position [-0.55822363  1.44172585] with unbiased energy -146.699517209954
Simulation completed.


Energies of found minima:
Minimum 1: Position = [0.6234994  0.02803776], Energy = -108.16672411685238
Minimum 2: Position = [-0.05001084  0.46669411], Energy = -80.76781812965896
Minimum 3: Position = [-0.55822363  1.44172585], Energy = -146.699517209954

Approximate saddle points between minima:
Saddle 1: Position = [ 0.9875968  -0.01343248], Energy = -56.284102872654415
Saddle 2: Position = [ 0.08197982 -0.13810794], Energy = -32.584208541803555

Computational statistics:
	Total energy calls: 8646
	Energy calls at each min: [1, 1681, 8646]
	Total force calls: 8646
	Force calls at each min: [1, 1681, 8646]
	Total steps: 9118
	Total Biases: 72

Verification against reference:
True minima found: 3/3

Verification against reference (saddles):
True saddles found: 0/2
Missed saddles at positions:
[0.21248658 0.29298833]
[-0.82200156  0.6243128 ]
Starting run 2769
Identified minimum at position [0.6234994  0.02803776] with unbiased energy -108.16672411685238
Identified minimum at position [-0.05004483  0.46670151] with unbiased energy -80.76781798921398
Identified minimum at position [-0.55822362  1.44172586] with unbiased energy -146.6995172099539
Simulation completed.


Energies of found minima:
Minimum 1: Position = [0.6234994  0.02803776], Energy = -108.16672411685238
Minimum 2: Position = [-0.05004483  0.46670151], Energy = -80.76781798921398
Minimum 3: Position = [-0.55822362  1.44172586], Energy = -146.6995172099539

Approximate saddle points between minima:
Saddle 1: Position = [0.23967124 0.29843928], Energy = -72.09958987040628
Saddle 2: Position = [-0.84083617  0.58869462], Energy = -40.28144621464617

Computational statistics:
	Total energy calls: 8847
	Energy calls at each min: [1, 1563, 8847]
	Total force calls: 8847
	Force calls at each min: [1, 1563, 8847]
	Total steps: 9328
	Total Biases: 73

Verification against reference:
True minima found: 3/3

Verification against reference (saddles):
True saddles found: 2/2
Starting run 2510
Identified minimum at position [0.6234994  0.02803776] with unbiased energy -108.16672411685238
Identified minimum at position [-0.55822364  1.44172584] with unbiased energy -146.699517209954
Approximate Hessian has condition number >1e6 and cannot be reliably trusted; reverting to default behavior. 
Eigenvalues: [8.66343617e-04 6.42847753e+08]
Approximate Hessian has condition number >1e6 and cannot be reliably trusted; reverting to default behavior. 
Eigenvalues: [1.57226660e-03 1.88624408e+06]
Approximate Hessian has condition number >1e6 and cannot be reliably trusted; reverting to default behavior. 
Eigenvalues: [1.17772618e-03 6.77618162e+05]
Approximate Hessian has condition number >1e6 and cannot be reliably trusted; reverting to default behavior. 
Eigenvalues: [5.49519807e-03 9.24334624e+06]
Approximate Hessian has condition number >1e6 and cannot be reliably trusted; reverting to default behavior. 
Eigenvalues: [2.77839194e-04 1.33020174e+06]
Approximate Hessian has condition number >1e6 and cannot be reliably trusted; reverting to default behavior. 
Eigenvalues: [9.45232998e-04 3.06364477e+05]
Approximate Hessian has condition number >1e6 and cannot be reliably trusted; reverting to default behavior. 
Eigenvalues: [8.47157818e-04 7.80289953e+05]
Approximate Hessian has condition number >1e6 and cannot be reliably trusted; reverting to default behavior. 
Eigenvalues: [2.57187092e-03 7.51267462e+06]
Approximate Hessian has condition number >1e6 and cannot be reliably trusted; reverting to default behavior. 
Eigenvalues: [2.07488231e-03 1.65307063e+06]
Approximate Hessian has condition number >1e6 and cannot be reliably trusted; reverting to default behavior. 
Eigenvalues: [3.73912649e-03 2.33578061e+07]
Simulation completed.


Energies of found minima:
Minimum 1: Position = [0.6234994  0.02803776], Energy = -108.16672411685238
Minimum 2: Position = [-0.55822364  1.44172584], Energy = -146.699517209954

Approximate saddle points between minima:
Saddle 1: Position = [0.65477967 0.34546771], Energy = -33.24615221888355

Computational statistics:
	Total energy calls: 644987
	Energy calls at each min: [1, 6830]
	Total force calls: 644987
	Force calls at each min: [1, 6830]
	Total steps: 678739
	Total Biases: 5000

Verification against reference:
True minima found: 2/3
Missed minima at positions:
[-0.05001082  0.4666941 ]

Verification against reference (saddles):
True saddles found: 0/2
Missed saddles at positions:
[0.21248658 0.29298833]
[-0.82200156  0.6243128 ]
Starting run 3743
Identified minimum at position [0.6234994  0.02803776] with unbiased energy -108.16672411685238
Identified minimum at position [-0.05001996  0.46669597] with unbiased energy -80.76781811970339
Identified minimum at position [-0.55822365  1.44172583] with unbiased energy -146.69951720995397
Simulation completed.


Energies of found minima:
Minimum 1: Position = [0.6234994  0.02803776], Energy = -108.16672411685238
Minimum 2: Position = [-0.05001996  0.46669597], Energy = -80.76781811970339
Minimum 3: Position = [-0.55822365  1.44172583], Energy = -146.69951720995397

Approximate saddle points between minima:
Saddle 1: Position = [0.21647256 0.28456491], Energy = -72.28107200961657
Saddle 2: Position = [-0.82374781  0.61466438], Energy = -40.655312613842725

Computational statistics:
	Total energy calls: 10978
	Energy calls at each min: [1, 1545, 10978]
	Total force calls: 10978
	Force calls at each min: [1, 1545, 10978]
	Total steps: 11536
	Total Biases: 88

Verification against reference:
True minima found: 3/3

Verification against reference (saddles):
True saddles found: 2/2
Starting run 3354
Identified minimum at position [0.6234994  0.02803776] with unbiased energy -108.16672411685238
Identified minimum at position [-0.05210631  0.4671477 ] with unbiased energy -80.7672857359893
Identified minimum at position [-0.55822365  1.44172583] with unbiased energy -146.6995172099539
Simulation completed.


Energies of found minima:
Minimum 1: Position = [0.6234994  0.02803776], Energy = -108.16672411685238
Minimum 2: Position = [-0.05210631  0.4671477 ], Energy = -80.7672857359893
Minimum 3: Position = [-0.55822365  1.44172583], Energy = -146.6995172099539

Approximate saddle points between minima:
Saddle 1: Position = [0.11689888 0.19528163], Energy = -68.63779549545818
Saddle 2: Position = [-0.74088416  0.68744305], Energy = -38.43269048721269

Computational statistics:
	Total energy calls: 13618
	Energy calls at each min: [1, 1972, 13618]
	Total force calls: 13618
	Force calls at each min: [1, 1972, 13618]
	Total steps: 14325
	Total Biases: 110

Verification against reference:
True minima found: 2/3
Missed minima at positions:
[-0.05001082  0.4666941 ]

Verification against reference (saddles):
True saddles found: 0/2
Missed saddles at positions:
[0.21248658 0.29298833]
[-0.82200156  0.6243128 ]
Starting run 2048
Identified minimum at position [0.6234994  0.02803776] with unbiased energy -108.16672411685238
Identified minimum at position [-0.05001164  0.46669428] with unbiased energy -80.76781812957796
Identified minimum at position [-0.55822362  1.44172586] with unbiased energy -146.6995172099539
Simulation completed.


Energies of found minima:
Minimum 1: Position = [0.6234994  0.02803776], Energy = -108.16672411685238
Minimum 2: Position = [-0.05001164  0.46669428], Energy = -80.76781812957796
Minimum 3: Position = [-0.55822362  1.44172586], Energy = -146.6995172099539

Approximate saddle points between minima:
Saddle 1: Position = [0.20668265 0.29407301], Energy = -72.24923209794625
Saddle 2: Position = [-0.83626446  0.53178237], Energy = -39.1911023008242

Computational statistics:
	Total energy calls: 8278
	Energy calls at each min: [1, 1691, 8278]
	Total force calls: 8278
	Force calls at each min: [1, 1691, 8278]
	Total steps: 8702
	Total Biases: 70

Verification against reference:
True minima found: 3/3

Verification against reference (saddles):
True saddles found: 1/2
Missed saddles at positions:
[-0.82200156  0.6243128 ]
Starting run 453
Identified minimum at position [0.6234994  0.02803776] with unbiased energy -108.16672411685238
Identified minimum at position [-0.05076359  0.46687812] with unbiased energy -80.76774650732848
Identified minimum at position [-0.55822365  1.44172582] with unbiased energy -146.69951720995388
Simulation completed.


Energies of found minima:
Minimum 1: Position = [0.6234994  0.02803776], Energy = -108.16672411685238
Minimum 2: Position = [-0.05076359  0.46687812], Energy = -80.76774650732848
Minimum 3: Position = [-0.55822365  1.44172582], Energy = -146.69951720995388

Approximate saddle points between minima:
Saddle 1: Position = [0.21833855 0.30127589], Energy = -72.23359435209487
Saddle 2: Position = [-0.87109891  0.53077748], Energy = -37.76162181341928

Computational statistics:
	Total energy calls: 7247
	Energy calls at each min: [1, 757, 7247]
	Total force calls: 7247
	Force calls at each min: [1, 757, 7247]
	Total steps: 7628
	Total Biases: 62

Verification against reference:
True minima found: 3/3

Verification against reference (saddles):
True saddles found: 1/2
Missed saddles at positions:
[-0.82200156  0.6243128 ]
Starting run 89
Identified minimum at position [0.6234994  0.02803776] with unbiased energy -108.16672411685238
Identified minimum at position [-0.05101246  0.46685305] with unbiased energy -80.76770363261384
Identified minimum at position [-0.55822364  1.44172583] with unbiased energy -146.699517209954
Simulation completed.


Energies of found minima:
Minimum 1: Position = [0.6234994  0.02803776], Energy = -108.16672411685238
Minimum 2: Position = [-0.05101246  0.46685305], Energy = -80.76770363261384
Minimum 3: Position = [-0.55822364  1.44172583], Energy = -146.699517209954

Approximate saddle points between minima:
Saddle 1: Position = [0.08032649 0.22537684], Energy = -67.11235665299249
Saddle 2: Position = [-0.78699048  0.68771405], Energy = -39.72910619637272

Computational statistics:
	Total energy calls: 5326
	Energy calls at each min: [1, 2359, 5326]
	Total force calls: 5326
	Force calls at each min: [1, 2359, 5326]
	Total steps: 5617
	Total Biases: 45

Verification against reference:
True minima found: 2/3
Missed minima at positions:
[-0.05001082  0.4666941 ]

Verification against reference (saddles):
True saddles found: 0/2
Missed saddles at positions:
[0.21248658 0.29298833]
[-0.82200156  0.6243128 ]
Starting run 4191
Identified minimum at position [0.6234994  0.02803776] with unbiased energy -108.16672411685238
Identified minimum at position [-0.55822365  1.44172582] with unbiased energy -146.6995172099539
Approximate Hessian has condition number >1e6 and cannot be reliably trusted; reverting to default behavior. 
Eigenvalues: [1.22092267e-03 1.70937400e+04]
Approximate Hessian has condition number >1e6 and cannot be reliably trusted; reverting to default behavior. 
Eigenvalues: [2.40467952e-03 3.05463234e+03]
Approximate Hessian has condition number >1e6 and cannot be reliably trusted; reverting to default behavior. 
Eigenvalues: [2.34850173e-04 1.17975212e+06]
Approximate Hessian has condition number >1e6 and cannot be reliably trusted; reverting to default behavior. 
Eigenvalues: [1.53954246e-03 2.26616174e+06]
Approximate Hessian has condition number >1e6 and cannot be reliably trusted; reverting to default behavior. 
Eigenvalues: [2.92924233e-04 9.31715385e+06]
Simulation completed.


Energies of found minima:
Minimum 1: Position = [0.6234994  0.02803776], Energy = -108.16672411685238
Minimum 2: Position = [-0.55822365  1.44172582], Energy = -146.6995172099539

Approximate saddle points between minima:
Saddle 1: Position = [0.6133887  0.52400493], Energy = -10.726603701694529

Computational statistics:
	Total energy calls: 641240
	Energy calls at each min: [1, 14334]
	Total force calls: 641240
	Force calls at each min: [1, 14334]
	Total steps: 675433
	Total Biases: 5000

Verification against reference:
True minima found: 2/3
Missed minima at positions:
[-0.05001082  0.4666941 ]

Verification against reference (saddles):
True saddles found: 0/2
Missed saddles at positions:
[0.21248658 0.29298833]
[-0.82200156  0.6243128 ]
Starting run 2351
Identified minimum at position [0.6234994  0.02803776] with unbiased energy -108.16672411685238
Identified minimum at position [-0.05010615  0.46671365] with unbiased energy -80.7678170446403
Identified minimum at position [-0.55822365  1.44172582] with unbiased energy -146.6995172099538
Simulation completed.


Energies of found minima:
Minimum 1: Position = [0.6234994  0.02803776], Energy = -108.16672411685238
Minimum 2: Position = [-0.05010615  0.46671365], Energy = -80.7678170446403
Minimum 3: Position = [-0.55822365  1.44172582], Energy = -146.6995172099538

Approximate saddle points between minima:
Saddle 1: Position = [0.16351056 0.28449081], Energy = -71.81319526458248
Saddle 2: Position = [-0.8105221   0.65644392], Energy = -40.50353756469944

Computational statistics:
	Total energy calls: 6694
	Energy calls at each min: [1, 1154, 6694]
	Total force calls: 6694
	Force calls at each min: [1, 1154, 6694]
	Total steps: 7041
	Total Biases: 55

Verification against reference:
True minima found: 3/3

Verification against reference (saddles):
True saddles found: 2/2
Starting run 101
Identified minimum at position [0.6234994  0.02803776] with unbiased energy -108.16672411685238
Identified minimum at position [-0.05009348  0.46673448] with unbiased energy -80.76781662663831
Identified minimum at position [-0.55822362  1.44172586] with unbiased energy -146.69951720995394
Simulation completed.


Energies of found minima:
Minimum 1: Position = [0.6234994  0.02803776], Energy = -108.16672411685238
Minimum 2: Position = [-0.05009348  0.46673448], Energy = -80.76781662663831
Minimum 3: Position = [-0.55822362  1.44172586], Energy = -146.69951720995394

Approximate saddle points between minima:
Saddle 1: Position = [0.28449387 0.30328471], Energy = -71.32006005607157
Saddle 2: Position = [0.0396266 0.7012231], Energy = -38.9446846120173

Computational statistics:
	Total energy calls: 4197
	Energy calls at each min: [1, 535, 4197]
	Total force calls: 4197
	Force calls at each min: [1, 535, 4197]
	Total steps: 4416
	Total Biases: 36

Verification against reference:
True minima found: 3/3

Verification against reference (saddles):
True saddles found: 0/2
Missed saddles at positions:
[0.21248658 0.29298833]
[-0.82200156  0.6243128 ]
Starting run 3489
Identified minimum at position [0.6234994  0.02803776] with unbiased energy -108.16672411685238
Identified minimum at position [-0.05176878  0.46710117] with unbiased energy -80.76743523182506
Identified minimum at position [-0.55822362  1.44172586] with unbiased energy -146.6995172099539
Simulation completed.


Energies of found minima:
Minimum 1: Position = [0.6234994  0.02803776], Energy = -108.16672411685238
Minimum 2: Position = [-0.05176878  0.46710117], Energy = -80.76743523182506
Minimum 3: Position = [-0.55822362  1.44172586], Energy = -146.6995172099539

Approximate saddle points between minima:
Saddle 1: Position = [0.22780448 0.29346312], Energy = -72.22146740495023
Saddle 2: Position = [-0.75836315  0.66582541], Energy = -39.550441814360724

Computational statistics:
	Total energy calls: 8613
	Energy calls at each min: [1, 1984, 8613]
	Total force calls: 8613
	Force calls at each min: [1, 1984, 8613]
	Total steps: 9067
	Total Biases: 73

Verification against reference:
True minima found: 2/3
Missed minima at positions:
[-0.05001082  0.4666941 ]

Verification against reference (saddles):
True saddles found: 1/2
Missed saddles at positions:
[-0.82200156  0.6243128 ]
Starting run 929
Identified minimum at position [0.6234994  0.02803776] with unbiased energy -108.16672411685238
Identified minimum at position [-0.0500158   0.46669538] with unbiased energy -80.76781812646837
Identified minimum at position [-0.55822362  1.44172586] with unbiased energy -146.6995172099539
Simulation completed.


Energies of found minima:
Minimum 1: Position = [0.6234994  0.02803776], Energy = -108.16672411685238
Minimum 2: Position = [-0.0500158   0.46669538], Energy = -80.76781812646837
Minimum 3: Position = [-0.55822362  1.44172586], Energy = -146.6995172099539

Approximate saddle points between minima:
Saddle 1: Position = [0.29550897 0.29950185], Energy = -71.23324237173303
Saddle 2: Position = [-0.827627    0.60740239], Energy = -40.61001466504456

Computational statistics:
	Total energy calls: 6728
	Energy calls at each min: [1, 1672, 6728]
	Total force calls: 6728
	Force calls at each min: [1, 1672, 6728]
	Total steps: 7086
	Total Biases: 59

Verification against reference:
True minima found: 3/3

Verification against reference (saddles):
True saddles found: 1/2
Missed saddles at positions:
[0.21248658 0.29298833]
Starting run 2694
Identified minimum at position [0.6234994  0.02803776] with unbiased energy -108.16672411685238
Identified minimum at position [-0.05119545  0.46721185] with unbiased energy -80.76754693500521
Approximate Hessian has condition number >1e6 and cannot be reliably trusted; reverting to default behavior. 
Eigenvalues: [1.65674766e-03 2.35155133e+07]
Identified minimum at position [-0.55822365  1.44172583] with unbiased energy -146.6995172099539
Simulation completed.


Energies of found minima:
Minimum 1: Position = [0.6234994  0.02803776], Energy = -108.16672411685238
Minimum 2: Position = [-0.05119545  0.46721185], Energy = -80.76754693500521
Minimum 3: Position = [-0.55822365  1.44172583], Energy = -146.6995172099539

Approximate saddle points between minima:
Saddle 1: Position = [0.29009672 0.33148597], Energy = -70.27806250051636
Saddle 2: Position = [-0.84232114  0.62359781], Energy = -40.70259218755979

Computational statistics:
	Total energy calls: 8667
	Energy calls at each min: [1, 1450, 8667]
	Total force calls: 8667
	Force calls at each min: [1, 1450, 8667]
	Total steps: 9103
	Total Biases: 70

Verification against reference:
True minima found: 2/3
Missed minima at positions:
[-0.05001082  0.4666941 ]

Verification against reference (saddles):
True saddles found: 1/2
Missed saddles at positions:
[0.21248658 0.29298833]
