Starting run 4819
Identified minimum at position [0.6234994  0.02803776] with unbiased energy -108.16672411685238
Identified minimum at position [-0.05024208  0.46674201] with unbiased energy -80.76781172658457
Identified minimum at position [-0.55822364  1.44172583] with unbiased energy -146.69951720995397
Simulation completed.


Energies of found minima:
Minimum 1: Position = [0.6234994  0.02803776], Energy = -108.16672411685238
Minimum 2: Position = [-0.05024208  0.46674201], Energy = -80.76781172658457
Minimum 3: Position = [-0.55822364  1.44172583], Energy = -146.69951720995397

Approximate saddle points between minima:
Saddle 1: Position = [0.07492575 0.16381648], Energy = -65.06286040468747
Saddle 2: Position = [-0.78295677  0.653602  ], Energy = -40.15829392903512

Computational statistics:
	Total energy calls: 7577
	Energy calls at each min: [1, 2015, 7577]
	Total force calls: 7577
	Force calls at each min: [1, 2015, 7577]
	Total steps: 7981
	Total Biases: 65

Verification against reference:
True minima found: 3/3

Verification against reference (saddles):
True saddles found: 1/2
Missed saddles at positions:
[0.21248658 0.29298833]
Starting run 2591
Identified minimum at position [0.6234994  0.02803776] with unbiased energy -108.16672411685238
Identified minimum at position [-0.05001612  0.4666952 ] with unbiased energy -80.76781812630091
Identified minimum at position [-0.55822362  1.44172586] with unbiased energy -146.6995172099539
Simulation completed.


Energies of found minima:
Minimum 1: Position = [0.6234994  0.02803776], Energy = -108.16672411685238
Minimum 2: Position = [-0.05001612  0.4666952 ], Energy = -80.76781812630091
Minimum 3: Position = [-0.55822362  1.44172586], Energy = -146.6995172099539

Approximate saddle points between minima:
Saddle 1: Position = [0.15363033 0.26757196], Energy = -71.2668006139483
Saddle 2: Position = [-0.75575879  0.65630979], Energy = -39.88666642242478

Computational statistics:
	Total energy calls: 12748
	Energy calls at each min: [1, 1820, 12748]
	Total force calls: 12748
	Force calls at each min: [1, 1820, 12748]
	Total steps: 13409
	Total Biases: 104

Verification against reference:
True minima found: 3/3

Verification against reference (saddles):
True saddles found: 0/2
Missed saddles at positions:
[0.21248658 0.29298833]
[-0.82200156  0.6243128 ]
Starting run 1509
Identified minimum at position [0.6234994  0.02803776] with unbiased energy -108.16672411685238
Identified minimum at position [-0.05132917  0.46697433] with unbiased energy -80.7676085405837
Identified minimum at position [-0.55822362  1.44172586] with unbiased energy -146.6995172099539
Simulation completed.


Energies of found minima:
Minimum 1: Position = [0.6234994  0.02803776], Energy = -108.16672411685238
Minimum 2: Position = [-0.05132917  0.46697433], Energy = -80.7676085405837
Minimum 3: Position = [-0.55822362  1.44172586], Energy = -146.6995172099539

Approximate saddle points between minima:
Saddle 1: Position = [0.09162292 0.26519486], Energy = -69.35948880333396
Saddle 2: Position = [-0.86376834  0.58762163], Energy = -39.938449704997225

Computational statistics:
	Total energy calls: 3086
	Energy calls at each min: [1, 871, 3086]
	Total force calls: 3086
	Force calls at each min: [1, 871, 3086]
	Total steps: 3250
	Total Biases: 27

Verification against reference:
True minima found: 2/3
Missed minima at positions:
[-0.05001082  0.4666941 ]

Verification against reference (saddles):
True saddles found: 0/2
Missed saddles at positions:
[0.21248658 0.29298833]
[-0.82200156  0.6243128 ]
Starting run 3674
Identified minimum at position [0.6234994  0.02803776] with unbiased energy -108.16672411685238
Identified minimum at position [-0.05001496  0.46669546] with unbiased energy -80.76781812712048
Identified minimum at position [-0.55822364  1.44172583] with unbiased energy -146.69951720995397
Simulation completed.


Energies of found minima:
Minimum 1: Position = [0.6234994  0.02803776], Energy = -108.16672411685238
Minimum 2: Position = [-0.05001496  0.46669546], Energy = -80.76781812712048
Minimum 3: Position = [-0.55822364  1.44172583], Energy = -146.69951720995397

Approximate saddle points between minima:
Saddle 1: Position = [0.42111905 0.33324405], Energy = -62.86247708495819
Saddle 2: Position = [-0.82123046  0.50577182], Energy = -38.9557775273664

Computational statistics:
	Total energy calls: 5849
	Energy calls at each min: [1, 1266, 5849]
	Total force calls: 5849
	Force calls at each min: [1, 1266, 5849]
	Total steps: 6161
	Total Biases: 48

Verification against reference:
True minima found: 3/3

Verification against reference (saddles):
True saddles found: 0/2
Missed saddles at positions:
[0.21248658 0.29298833]
[-0.82200156  0.6243128 ]
Starting run 4622
Identified minimum at position [0.6234994  0.02803776] with unbiased energy -108.16672411685238
Identified minimum at position [-0.05017947  0.46673179] with unbiased energy -80.7678146492358
Identified minimum at position [-0.55822361  1.44172587] with unbiased energy -146.69951720995368
Simulation completed.


Energies of found minima:
Minimum 1: Position = [0.6234994  0.02803776], Energy = -108.16672411685238
Minimum 2: Position = [-0.05017947  0.46673179], Energy = -80.7678146492358
Minimum 3: Position = [-0.55822361  1.44172587], Energy = -146.69951720995368

Approximate saddle points between minima:
Saddle 1: Position = [0.2429364  0.35798547], Energy = -71.78241950776581
Saddle 2: Position = [0.50275721 0.46696898], Energy = -39.47919304474581

Computational statistics:
	Total energy calls: 12093
	Energy calls at each min: [1, 1592, 12093]
	Total force calls: 12093
	Force calls at each min: [1, 1592, 12093]
	Total steps: 12704
	Total Biases: 100

Verification against reference:
True minima found: 3/3

Verification against reference (saddles):
True saddles found: 0/2
Missed saddles at positions:
[0.21248658 0.29298833]
[-0.82200156  0.6243128 ]
Starting run 4308
Identified minimum at position [0.6234994  0.02803776] with unbiased energy -108.16672411685238
Identified minimum at position [-0.05049829  0.46682479] with unbiased energy -80.76778684483592
Identified minimum at position [-0.55822365  1.44172582] with unbiased energy -146.69951720995385
Simulation completed.


Energies of found minima:
Minimum 1: Position = [0.6234994  0.02803776], Energy = -108.16672411685238
Minimum 2: Position = [-0.05049829  0.46682479], Energy = -80.76778684483592
Minimum 3: Position = [-0.55822365  1.44172582], Energy = -146.69951720995385

Approximate saddle points between minima:
Saddle 1: Position = [0.11719285 0.17671529], Energy = -68.559427784062
Saddle 2: Position = [0.20677437 0.68237863], Energy = -34.26678542734027

Computational statistics:
	Total energy calls: 8529
	Energy calls at each min: [1, 882, 8529]
	Total force calls: 8529
	Force calls at each min: [1, 882, 8529]
	Total steps: 8984
	Total Biases: 69

Verification against reference:
True minima found: 3/3

Verification against reference (saddles):
True saddles found: 0/2
Missed saddles at positions:
[0.21248658 0.29298833]
[-0.82200156  0.6243128 ]
Starting run 1899
Identified minimum at position [0.6234994  0.02803776] with unbiased energy -108.16672411685238
Identified minimum at position [-0.05002082  0.46669631] with unbiased energy -80.76781811747874
Identified minimum at position [-0.55822365  1.44172582] with unbiased energy -146.6995172099539
Simulation completed.


Energies of found minima:
Minimum 1: Position = [0.6234994  0.02803776], Energy = -108.16672411685238
Minimum 2: Position = [-0.05002082  0.46669631], Energy = -80.76781811747874
Minimum 3: Position = [-0.55822365  1.44172582], Energy = -146.6995172099539

Approximate saddle points between minima:
Saddle 1: Position = [0.20318902 0.28226109], Energy = -72.21145845246954
Saddle 2: Position = [0.70578357 0.33018339], Energy = -27.887991970152214

Computational statistics:
	Total energy calls: 7648
	Energy calls at each min: [1, 805, 7648]
	Total force calls: 7648
	Force calls at each min: [1, 805, 7648]
	Total steps: 8063
	Total Biases: 65

Verification against reference:
True minima found: 3/3

Verification against reference (saddles):
True saddles found: 1/2
Missed saddles at positions:
[-0.82200156  0.6243128 ]
Starting run 2198
Identified minimum at position [0.6234994  0.02803776] with unbiased energy -108.16672411685238
Identified minimum at position [-0.05105632  0.46700126] with unbiased energy -80.76766690305402
Identified minimum at position [-0.55822362  1.44172586] with unbiased energy -146.6995172099539
Simulation completed.


Energies of found minima:
Minimum 1: Position = [0.6234994  0.02803776], Energy = -108.16672411685238
Minimum 2: Position = [-0.05105632  0.46700126], Energy = -80.76766690305402
Minimum 3: Position = [-0.55822362  1.44172586], Energy = -146.6995172099539

Approximate saddle points between minima:
Saddle 1: Position = [0.13910547 0.15701281], Energy = -70.3509701084416
Saddle 2: Position = [-0.87497354  0.58916904], Energy = -39.8682137989825

Computational statistics:
	Total energy calls: 8659
	Energy calls at each min: [1, 1417, 8659]
	Total force calls: 8659
	Force calls at each min: [1, 1417, 8659]
	Total steps: 9094
	Total Biases: 68

Verification against reference:
True minima found: 2/3
Missed minima at positions:
[-0.05001082  0.4666941 ]

Verification against reference (saddles):
True saddles found: 0/2
Missed saddles at positions:
[0.21248658 0.29298833]
[-0.82200156  0.6243128 ]
Starting run 122
Identified minimum at position [0.6234994  0.02803776] with unbiased energy -108.16672411685238
Identified minimum at position [-0.05001051  0.46669607] with unbiased energy -80.76781812673465
Identified minimum at position [-0.55822364  1.44172583] with unbiased energy -146.699517209954
Simulation completed.


Energies of found minima:
Minimum 1: Position = [0.6234994  0.02803776], Energy = -108.16672411685238
Minimum 2: Position = [-0.05001051  0.46669607], Energy = -80.76781812673465
Minimum 3: Position = [-0.55822364  1.44172583], Energy = -146.699517209954

Approximate saddle points between minima:
Saddle 1: Position = [ 0.23014259 -0.06229653], Energy = -66.85770468991588
Saddle 2: Position = [-0.66781203  0.69025512], Energy = -37.28563089945668

Computational statistics:
	Total energy calls: 8287
	Energy calls at each min: [1, 2215, 8287]
	Total force calls: 8287
	Force calls at each min: [1, 2215, 8287]
	Total steps: 8737
	Total Biases: 68

Verification against reference:
True minima found: 3/3

Verification against reference (saddles):
True saddles found: 0/2
Missed saddles at positions:
[0.21248658 0.29298833]
[-0.82200156  0.6243128 ]
Starting run 1215
Identified minimum at position [0.6234994  0.02803776] with unbiased energy -108.16672411685238
Identified minimum at position [-0.05003705  0.46670119] with unbiased energy -80.76781803874265
Approximate Hessian has condition number >1e6 and cannot be reliably trusted; reverting to default behavior. 
Eigenvalues: [7.95546137e-04 9.21161471e+06]
Identified minimum at position [-0.55822351  1.441726  ] with unbiased energy -146.6995172099452
Simulation completed.


Energies of found minima:
Minimum 1: Position = [0.6234994  0.02803776], Energy = -108.16672411685238
Minimum 2: Position = [-0.05003705  0.46670119], Energy = -80.76781803874265
Minimum 3: Position = [-0.55822351  1.441726  ], Energy = -146.6995172099452

Approximate saddle points between minima:
Saddle 1: Position = [0.22837383 0.30680406], Energy = -72.14413946832337
Saddle 2: Position = [-0.78996006  0.64620579], Energy = -40.361812986882114

Computational statistics:
	Total energy calls: 6664
	Energy calls at each min: [1, 529, 6664]
	Total force calls: 6664
	Force calls at each min: [1, 529, 6664]
	Total steps: 7007
	Total Biases: 50

Verification against reference:
True minima found: 3/3

Verification against reference (saddles):
True saddles found: 2/2
Starting run 4285
Identified minimum at position [0.6234994  0.02803776] with unbiased energy -108.16672411685238
Identified minimum at position [-0.05002983  0.46670601] with unbiased energy -80.7678180172575
Identified minimum at position [-0.55822365  1.44172583] with unbiased energy -146.6995172099539
Simulation completed.


Energies of found minima:
Minimum 1: Position = [0.6234994  0.02803776], Energy = -108.16672411685238
Minimum 2: Position = [-0.05002983  0.46670601], Energy = -80.7678180172575
Minimum 3: Position = [-0.55822365  1.44172583], Energy = -146.6995172099539

Approximate saddle points between minima:
Saddle 1: Position = [0.26754241 0.36561247], Energy = -70.6494148511994
Saddle 2: Position = [-0.74207932  0.68340019], Energy = -38.62222278670604

Computational statistics:
	Total energy calls: 9637
	Energy calls at each min: [1, 1443, 9637]
	Total force calls: 9637
	Force calls at each min: [1, 1443, 9637]
	Total steps: 10150
	Total Biases: 78

Verification against reference:
True minima found: 3/3

Verification against reference (saddles):
True saddles found: 0/2
Missed saddles at positions:
[0.21248658 0.29298833]
[-0.82200156  0.6243128 ]
Starting run 4885
Identified minimum at position [0.6234994  0.02803776] with unbiased energy -108.16672411685238
Identified minimum at position [-0.05002893  0.46669943] with unbiased energy -80.76781808432295
Identified minimum at position [-0.55822365  1.44172583] with unbiased energy -146.6995172099539
Simulation completed.


Energies of found minima:
Minimum 1: Position = [0.6234994  0.02803776], Energy = -108.16672411685238
Minimum 2: Position = [-0.05002893  0.46669943], Energy = -80.76781808432295
Minimum 3: Position = [-0.55822365  1.44172583], Energy = -146.6995172099539

Approximate saddle points between minima:
Saddle 1: Position = [0.24671867 0.3064327 ], Energy = -71.91663429866756
Saddle 2: Position = [1.05960819 0.01575071], Energy = -31.325699328041168

Computational statistics:
	Total energy calls: 17504
	Energy calls at each min: [1, 1962, 17504]
	Total force calls: 17504
	Force calls at each min: [1, 1962, 17504]
	Total steps: 18399
	Total Biases: 138

Verification against reference:
True minima found: 3/3

Verification against reference (saddles):
True saddles found: 1/2
Missed saddles at positions:
[-0.82200156  0.6243128 ]
Starting run 4552
Identified minimum at position [0.6234994  0.02803776] with unbiased energy -108.16672411685238
Identified minimum at position [-0.05013797  0.46672539] with unbiased energy -80.76781608137834
Identified minimum at position [-0.55822362  1.44172585] with unbiased energy -146.69951720995397
Simulation completed.


Energies of found minima:
Minimum 1: Position = [0.6234994  0.02803776], Energy = -108.16672411685238
Minimum 2: Position = [-0.05013797  0.46672539], Energy = -80.76781608137834
Minimum 3: Position = [-0.55822362  1.44172585], Energy = -146.69951720995397

Approximate saddle points between minima:
Saddle 1: Position = [0.37163042 0.29409007], Energy = -69.36294934975592
Saddle 2: Position = [-0.78515234  0.65041983], Energy = -40.24507023531268

Computational statistics:
	Total energy calls: 5867
	Energy calls at each min: [1, 1775, 5867]
	Total force calls: 5867
	Force calls at each min: [1, 1775, 5867]
	Total steps: 6184
	Total Biases: 49

Verification against reference:
True minima found: 3/3

Verification against reference (saddles):
True saddles found: 1/2
Missed saddles at positions:
[0.21248658 0.29298833]
Starting run 1706
Identified minimum at position [0.6234994  0.02803776] with unbiased energy -108.16672411685238
Identified minimum at position [-0.05076442  0.46687916] with unbiased energy -80.76774621839131
Identified minimum at position [-0.55822362  1.44172586] with unbiased energy -146.69951720995385
Simulation completed.


Energies of found minima:
Minimum 1: Position = [0.6234994  0.02803776], Energy = -108.16672411685238
Minimum 2: Position = [-0.05076442  0.46687916], Energy = -80.76774621839131
Minimum 3: Position = [-0.55822362  1.44172586], Energy = -146.69951720995385

Approximate saddle points between minima:
Saddle 1: Position = [0.15208238 0.23546086], Energy = -70.79777656714538
Saddle 2: Position = [-0.81850012  0.46272352], Energy = -36.664402596927815

Computational statistics:
	Total energy calls: 4425
	Energy calls at each min: [1, 1025, 4425]
	Total force calls: 4425
	Force calls at each min: [1, 1025, 4425]
	Total steps: 4662
	Total Biases: 39

Verification against reference:
True minima found: 3/3

Verification against reference (saddles):
True saddles found: 0/2
Missed saddles at positions:
[0.21248658 0.29298833]
[-0.82200156  0.6243128 ]
Starting run 1114
Identified minimum at position [0.6234994  0.02803776] with unbiased energy -108.16672411685238
Identified minimum at position [-0.05001122  0.46669427] with unbiased energy -80.76781812962987
Identified minimum at position [-0.55822363  1.44172585] with unbiased energy -146.699517209954
Simulation completed.


Energies of found minima:
Minimum 1: Position = [0.6234994  0.02803776], Energy = -108.16672411685238
Minimum 2: Position = [-0.05001122  0.46669427], Energy = -80.76781812962987
Minimum 3: Position = [-0.55822363  1.44172585], Energy = -146.699517209954

Approximate saddle points between minima:
Saddle 1: Position = [0.26937803 0.32639138], Energy = -71.10176242250844
Saddle 2: Position = [-0.43903696  0.74405218], Energy = -30.03569743325532

Computational statistics:
	Total energy calls: 12055
	Energy calls at each min: [1, 562, 12055]
	Total force calls: 12055
	Force calls at each min: [1, 562, 12055]
	Total steps: 12706
	Total Biases: 95

Verification against reference:
True minima found: 3/3

Verification against reference (saddles):
True saddles found: 0/2
Missed saddles at positions:
[0.21248658 0.29298833]
[-0.82200156  0.6243128 ]
Starting run 1033
Identified minimum at position [0.6234994  0.02803776] with unbiased energy -108.16672411685238
Identified minimum at position [-0.05003144  0.46669793] with unbiased energy -80.76781808002126
Identified minimum at position [-0.55822365  1.44172582] with unbiased energy -146.69951720995388
Simulation completed.


Energies of found minima:
Minimum 1: Position = [0.6234994  0.02803776], Energy = -108.16672411685238
Minimum 2: Position = [-0.05003144  0.46669793], Energy = -80.76781808002126
Minimum 3: Position = [-0.55822365  1.44172582], Energy = -146.69951720995388

Approximate saddle points between minima:
Saddle 1: Position = [0.29034707 0.29715289], Energy = -71.43828426410468
Saddle 2: Position = [-0.88279019  0.55863292], Energy = -38.630736922708685

Computational statistics:
	Total energy calls: 10665
	Energy calls at each min: [1, 2535, 10665]
	Total force calls: 10665
	Force calls at each min: [1, 2535, 10665]
	Total steps: 11217
	Total Biases: 91

Verification against reference:
True minima found: 3/3

Verification against reference (saddles):
True saddles found: 0/2
Missed saddles at positions:
[0.21248658 0.29298833]
[-0.82200156  0.6243128 ]
Starting run 3129
Identified minimum at position [0.6234994  0.02803776] with unbiased energy -108.16672411685238
Identified minimum at position [-0.05005506  0.4667109 ] with unbiased energy -80.76781780188551
Identified minimum at position [-0.55822362  1.44172585] with unbiased energy -146.69951720995394
Simulation completed.


Energies of found minima:
Minimum 1: Position = [0.6234994  0.02803776], Energy = -108.16672411685238
Minimum 2: Position = [-0.05005506  0.4667109 ], Energy = -80.76781780188551
Minimum 3: Position = [-0.55822362  1.44172585], Energy = -146.69951720995394

Approximate saddle points between minima:
Saddle 1: Position = [0.11282657 0.05331431], Energy = -66.38646055934286
Saddle 2: Position = [-0.11039219  0.01192319], Energy = -36.81575783623448

Computational statistics:
	Total energy calls: 10727
	Energy calls at each min: [1, 3272, 10727]
	Total force calls: 10727
	Force calls at each min: [1, 3272, 10727]
	Total steps: 11302
	Total Biases: 90

Verification against reference:
True minima found: 3/3

Verification against reference (saddles):
True saddles found: 0/2
Missed saddles at positions:
[0.21248658 0.29298833]
[-0.82200156  0.6243128 ]
Starting run 17
Identified minimum at position [0.6234994  0.02803776] with unbiased energy -108.16672411685238
Identified minimum at position [-0.05001163  0.46669433] with unbiased energy -80.76781812957068
Approximate Hessian has condition number >1e6 and cannot be reliably trusted; reverting to default behavior. 
Eigenvalues: [2.42296941e-03 7.35719064e+05]
Identified minimum at position [-0.55822365  1.44172583] with unbiased energy -146.69951720995397
Simulation completed.


Energies of found minima:
Minimum 1: Position = [0.6234994  0.02803776], Energy = -108.16672411685238
Minimum 2: Position = [-0.05001163  0.46669433], Energy = -80.76781812957068
Minimum 3: Position = [-0.55822365  1.44172583], Energy = -146.69951720995397

Approximate saddle points between minima:
Saddle 1: Position = [0.91097797 0.08685288], Energy = -70.28174908048354
Saddle 2: Position = [-0.74915152  0.65964227], Energy = -39.71832673896769

Computational statistics:
	Total energy calls: 12732
	Energy calls at each min: [1, 2446, 12732]
	Total force calls: 12732
	Force calls at each min: [1, 2446, 12732]
	Total steps: 13405
	Total Biases: 106

Verification against reference:
True minima found: 3/3

Verification against reference (saddles):
True saddles found: 0/2
Missed saddles at positions:
[0.21248658 0.29298833]
[-0.82200156  0.6243128 ]
Starting run 4927
Identified minimum at position [0.6234994  0.02803776] with unbiased energy -108.16672411685238
Identified minimum at position [-0.05007165  0.46670605] with unbiased energy -80.76781769238606
Identified minimum at position [-0.55822362  1.44172586] with unbiased energy -146.69951720995388
Simulation completed.


Energies of found minima:
Minimum 1: Position = [0.6234994  0.02803776], Energy = -108.16672411685238
Minimum 2: Position = [-0.05007165  0.46670605], Energy = -80.76781769238606
Minimum 3: Position = [-0.55822362  1.44172586], Energy = -146.69951720995388

Approximate saddle points between minima:
Saddle 1: Position = [0.27021566 0.30049796], Energy = -71.67751191990507
Saddle 2: Position = [-0.66492786  0.69139238], Energy = -37.16937632526192

Computational statistics:
	Total energy calls: 9579
	Energy calls at each min: [1, 1868, 9579]
	Total force calls: 9579
	Force calls at each min: [1, 1868, 9579]
	Total steps: 10077
	Total Biases: 76

Verification against reference:
True minima found: 3/3

Verification against reference (saddles):
True saddles found: 0/2
Missed saddles at positions:
[0.21248658 0.29298833]
[-0.82200156  0.6243128 ]
Starting run 2604
Identified minimum at position [0.6234994  0.02803776] with unbiased energy -108.16672411685238
Identified minimum at position [-0.05006342  0.46670927] with unbiased energy -80.76781775122056
Identified minimum at position [-0.55822365  1.44172583] with unbiased energy -146.6995172099539
Simulation completed.


Energies of found minima:
Minimum 1: Position = [0.6234994  0.02803776], Energy = -108.16672411685238
Minimum 2: Position = [-0.05006342  0.46670927], Energy = -80.76781775122056
Minimum 3: Position = [-0.55822365  1.44172583], Energy = -146.6995172099539

Approximate saddle points between minima:
Saddle 1: Position = [0.20646474 0.28213039], Energy = -72.23559503165637
Saddle 2: Position = [-0.16617192  0.11375976], Energy = -39.84278837667004

Computational statistics:
	Total energy calls: 6762
	Energy calls at each min: [1, 1404, 6762]
	Total force calls: 6762
	Force calls at each min: [1, 1404, 6762]
	Total steps: 7110
	Total Biases: 56

Verification against reference:
True minima found: 3/3

Verification against reference (saddles):
True saddles found: 1/2
Missed saddles at positions:
[-0.82200156  0.6243128 ]
Starting run 2928
Identified minimum at position [0.6234994  0.02803776] with unbiased energy -108.16672411685238
Identified minimum at position [-0.05006841  0.46670625] with unbiased energy -80.76781773068804
Identified minimum at position [-0.55822365  1.44172582] with unbiased energy -146.6995172099539
Simulation completed.


Energies of found minima:
Minimum 1: Position = [0.6234994  0.02803776], Energy = -108.16672411685238
Minimum 2: Position = [-0.05006841  0.46670625], Energy = -80.76781773068804
Minimum 3: Position = [-0.55822365  1.44172582], Energy = -146.6995172099539

Approximate saddle points between minima:
Saddle 1: Position = [0.45304694 0.26801617], Energy = -69.30309125212523
Saddle 2: Position = [-0.1645507   0.72157399], Energy = -37.491025134129764

Computational statistics:
	Total energy calls: 6881
	Energy calls at each min: [1, 1476, 6881]
	Total force calls: 6881
	Force calls at each min: [1, 1476, 6881]
	Total steps: 7257
	Total Biases: 55

Verification against reference:
True minima found: 3/3

Verification against reference (saddles):
True saddles found: 0/2
Missed saddles at positions:
[0.21248658 0.29298833]
[-0.82200156  0.6243128 ]
Starting run 3377
Identified minimum at position [0.6234994  0.02803776] with unbiased energy -108.16672411685238
Identified minimum at position [-0.05177128  0.46708625] with unbiased energy -80.76743908113176
Identified minimum at position [-0.55822366  1.44172582] with unbiased energy -146.69951720995383
Simulation completed.


Energies of found minima:
Minimum 1: Position = [0.6234994  0.02803776], Energy = -108.16672411685238
Minimum 2: Position = [-0.05177128  0.46708625], Energy = -80.76743908113176
Minimum 3: Position = [-0.55822366  1.44172582], Energy = -146.69951720995383

Approximate saddle points between minima:
Saddle 1: Position = [0.13621855 0.07107655], Energy = -69.7988498275123
Saddle 2: Position = [-0.78851839  0.6732533 ], Energy = -39.91290282444668

Computational statistics:
	Total energy calls: 8183
	Energy calls at each min: [1, 2092, 8183]
	Total force calls: 8183
	Force calls at each min: [1, 2092, 8183]
	Total steps: 8621
	Total Biases: 69

Verification against reference:
True minima found: 2/3
Missed minima at positions:
[-0.05001082  0.4666941 ]

Verification against reference (saddles):
True saddles found: 0/2
Missed saddles at positions:
[0.21248658 0.29298833]
[-0.82200156  0.6243128 ]
Starting run 3614
Identified minimum at position [0.6234994  0.02803776] with unbiased energy -108.16672411685238
Identified minimum at position [-0.05068132  0.46698608] with unbiased energy -80.76773164403903
Approximate Hessian has condition number >1e6 and cannot be reliably trusted; reverting to default behavior. 
Eigenvalues: [1.18585047e-03 1.24666164e+07]
Identified minimum at position [-0.55822362  1.44172586] with unbiased energy -146.69951720995385
Simulation completed.


Energies of found minima:
Minimum 1: Position = [0.6234994  0.02803776], Energy = -108.16672411685238
Minimum 2: Position = [-0.05068132  0.46698608], Energy = -80.76773164403903
Minimum 3: Position = [-0.55822362  1.44172586], Energy = -146.69951720995385

Approximate saddle points between minima:
Saddle 1: Position = [0.22122778 0.31101498], Energy = -72.22166847198437
Saddle 2: Position = [-0.74015536  0.66201317], Energy = -39.56817947101313

Computational statistics:
	Total energy calls: 11348
	Energy calls at each min: [1, 2005, 11348]
	Total force calls: 11348
	Force calls at each min: [1, 2005, 11348]
	Total steps: 11927
	Total Biases: 89

Verification against reference:
True minima found: 3/3

Verification against reference (saddles):
True saddles found: 1/2
Missed saddles at positions:
[-0.82200156  0.6243128 ]
Starting run 1871
Identified minimum at position [0.6234994  0.02803776] with unbiased energy -108.16672411685238
Identified minimum at position [-0.05001941  0.4666958 ] with unbiased energy -80.76781812093286
Identified minimum at position [-0.55822364  1.44172584] with unbiased energy -146.699517209954
Simulation completed.


Energies of found minima:
Minimum 1: Position = [0.6234994  0.02803776], Energy = -108.16672411685238
Minimum 2: Position = [-0.05001941  0.4666958 ], Energy = -80.76781812093286
Minimum 3: Position = [-0.55822364  1.44172584], Energy = -146.699517209954

Approximate saddle points between minima:
Saddle 1: Position = [0.27075438 0.30195342], Energy = -71.6270743060235
Saddle 2: Position = [-0.68804528  0.76800296], Energy = -33.30202753909173

Computational statistics:
	Total energy calls: 3594
	Energy calls at each min: [1, 1432, 3594]
	Total force calls: 3594
	Force calls at each min: [1, 1432, 3594]
	Total steps: 3781
	Total Biases: 30

Verification against reference:
True minima found: 3/3

Verification against reference (saddles):
True saddles found: 0/2
Missed saddles at positions:
[0.21248658 0.29298833]
[-0.82200156  0.6243128 ]
Starting run 5060
Identified minimum at position [0.6234994  0.02803776] with unbiased energy -108.16672411685238
Identified minimum at position [-0.05196554  0.46713992] with unbiased energy -80.76734715732218
Identified minimum at position [-0.55822365  1.44172583] with unbiased energy -146.6995172099539
Simulation completed.


Energies of found minima:
Minimum 1: Position = [0.6234994  0.02803776], Energy = -108.16672411685238
Minimum 2: Position = [-0.05196554  0.46713992], Energy = -80.76734715732218
Minimum 3: Position = [-0.55822365  1.44172583], Energy = -146.6995172099539

Approximate saddle points between minima:
Saddle 1: Position = [0.0692961  0.20002865], Energy = -65.55694810688024
Saddle 2: Position = [0.60578366 0.41090575], Energy = -29.72185187735589

Computational statistics:
	Total energy calls: 8147
	Energy calls at each min: [1, 1636, 8147]
	Total force calls: 8147
	Force calls at each min: [1, 1636, 8147]
	Total steps: 8572
	Total Biases: 67

Verification against reference:
True minima found: 2/3
Missed minima at positions:
[-0.05001082  0.4666941 ]

Verification against reference (saddles):
True saddles found: 0/2
Missed saddles at positions:
[0.21248658 0.29298833]
[-0.82200156  0.6243128 ]
Starting run 2606
Identified minimum at position [0.6234994  0.02803776] with unbiased energy -108.16672411685238
Identified minimum at position [-0.05005062  0.466702  ] with unbiased energy -80.76781794204679
Identified minimum at position [-0.55822363  1.44172585] with unbiased energy -146.69951720995397
Simulation completed.


Energies of found minima:
Minimum 1: Position = [0.6234994  0.02803776], Energy = -108.16672411685238
Minimum 2: Position = [-0.05005062  0.466702  ], Energy = -80.76781794204679
Minimum 3: Position = [-0.55822363  1.44172585], Energy = -146.69951720995397

Approximate saddle points between minima:
Saddle 1: Position = [0.32218703 0.28470298], Energy = -71.50387874087399
Saddle 2: Position = [0.49192455 0.48324056], Energy = -39.15881035921024

Computational statistics:
	Total energy calls: 8804
	Energy calls at each min: [1, 1123, 8804]
	Total force calls: 8804
	Force calls at each min: [1, 1123, 8804]
	Total steps: 9255
	Total Biases: 72

Verification against reference:
True minima found: 3/3

Verification against reference (saddles):
True saddles found: 0/2
Missed saddles at positions:
[0.21248658 0.29298833]
[-0.82200156  0.6243128 ]
