Starting run 4441
Identified minimum at position [0.6234994  0.02803776] with unbiased energy -108.1667241168524
Identified minimum at position [-0.05001089  0.46669412] with unbiased energy -80.76781812965845
Identified minimum at position [-0.55822362  1.44172585] with unbiased energy -146.69951720995394
Simulation completed.


Energies of found minima:
Minimum 1: Position = [0.6234994  0.02803776], Energy = -108.1667241168524
Minimum 2: Position = [-0.05001089  0.46669412], Energy = -80.76781812965845
Minimum 3: Position = [-0.55822362  1.44172585], Energy = -146.69951720995394

Approximate saddle points between minima:
Saddle 1: Position = [0.1057089 0.1807392], Energy = -67.73103630496534
Saddle 2: Position = [-0.650519    0.67095284], Energy = -39.237129806131875

Computational statistics:
	Total energy calls: 7340
	Energy calls at each min: [1, 1516, 7340]
	Total force calls: 7340
	Force calls at each min: [1, 1516, 7340]
	Total steps: 7738
	Total Biases: 63

Verification against reference:
True minima found: 3/3

Verification against reference (saddles):
True saddles found: 0/2
Missed saddles at positions:
[0.21248658 0.29298833]
[-0.82200156  0.6243128 ]
Starting run 1039
Identified minimum at position [0.6234994  0.02803776] with unbiased energy -108.1667241168524
Identified minimum at position [-0.05095459  0.46710238] with unbiased energy -80.76764796626094
Identified minimum at position [-0.55822365  1.44172583] with unbiased energy -146.69951720995394
Simulation completed.


Energies of found minima:
Minimum 1: Position = [0.6234994  0.02803776], Energy = -108.1667241168524
Minimum 2: Position = [-0.05095459  0.46710238], Energy = -80.76764796626094
Minimum 3: Position = [-0.55822365  1.44172583], Energy = -146.69951720995394

Approximate saddle points between minima:
Saddle 1: Position = [0.2621531  0.35037644], Energy = -71.04328360683816
Saddle 2: Position = [-0.19008892  0.08858614], Energy = -35.33977956288969

Computational statistics:
	Total energy calls: 10158
	Energy calls at each min: [1, 1514, 10158]
	Total force calls: 10158
	Force calls at each min: [1, 1514, 10158]
	Total steps: 10672
	Total Biases: 86

Verification against reference:
True minima found: 2/3
Missed minima at positions:
[-0.05001082  0.4666941 ]

Verification against reference (saddles):
True saddles found: 0/2
Missed saddles at positions:
[0.21248658 0.29298833]
[-0.82200156  0.6243128 ]
Starting run 521
Identified minimum at position [0.6234994  0.02803776] with unbiased energy -108.1667241168524
Identified minimum at position [-0.05018309  0.46674112] with unbiased energy -80.76781418815487
Identified minimum at position [-0.55822364  1.44172584] with unbiased energy -146.69951720995397
Simulation completed.


Energies of found minima:
Minimum 1: Position = [0.6234994  0.02803776], Energy = -108.1667241168524
Minimum 2: Position = [-0.05018309  0.46674112], Energy = -80.76781418815487
Minimum 3: Position = [-0.55822364  1.44172584], Energy = -146.69951720995397

Approximate saddle points between minima:
Saddle 1: Position = [0.16224363 0.27735283], Energy = -71.64240165662207
Saddle 2: Position = [-0.83663526  0.6074604 ], Energy = -40.54062619415559

Computational statistics:
	Total energy calls: 10299
	Energy calls at each min: [1, 1931, 10299]
	Total force calls: 10299
	Force calls at each min: [1, 1931, 10299]
	Total steps: 10833
	Total Biases: 90

Verification against reference:
True minima found: 3/3

Verification against reference (saddles):
True saddles found: 1/2
Missed saddles at positions:
[0.21248658 0.29298833]
Starting run 3281
Identified minimum at position [0.6234994  0.02803776] with unbiased energy -108.1667241168524
Identified minimum at position [-0.05001078  0.4666941 ] with unbiased energy -80.76781812965885
Identified minimum at position [-0.55822364  1.44172584] with unbiased energy -146.69951720995402
Simulation completed.


Energies of found minima:
Minimum 1: Position = [0.6234994  0.02803776], Energy = -108.1667241168524
Minimum 2: Position = [-0.05001078  0.4666941 ], Energy = -80.76781812965885
Minimum 3: Position = [-0.55822364  1.44172584], Energy = -146.69951720995402

Approximate saddle points between minima:
Saddle 1: Position = [0.17740802 0.29584854], Energy = -72.1836751522722
Saddle 2: Position = [-0.89655193  0.60411046], Energy = -40.37082105065994

Computational statistics:
	Total energy calls: 4177
	Energy calls at each min: [1, 1615, 4177]
	Total force calls: 4177
	Force calls at each min: [1, 1615, 4177]
	Total steps: 4403
	Total Biases: 36

Verification against reference:
True minima found: 3/3

Verification against reference (saddles):
True saddles found: 1/2
Missed saddles at positions:
[-0.82200156  0.6243128 ]
Starting run 3177
Identified minimum at position [0.6234994  0.02803776] with unbiased energy -108.1667241168524
Identified minimum at position [-0.05008051  0.4667067 ] with unbiased energy -80.76781756515405
Identified minimum at position [-0.55822365  1.44172582] with unbiased energy -146.69951720995383
Simulation completed.


Energies of found minima:
Minimum 1: Position = [0.6234994  0.02803776], Energy = -108.1667241168524
Minimum 2: Position = [-0.05008051  0.4667067 ], Energy = -80.76781756515405
Minimum 3: Position = [-0.55822365  1.44172582], Energy = -146.69951720995383

Approximate saddle points between minima:
Saddle 1: Position = [0.26108639 0.39356406], Energy = -70.68942331033676
Saddle 2: Position = [-0.78160166  0.67427789], Energy = -39.733361320786074

Computational statistics:
	Total energy calls: 4824
	Energy calls at each min: [1, 1179, 4824]
	Total force calls: 4824
	Force calls at each min: [1, 1179, 4824]
	Total steps: 5085
	Total Biases: 41

Verification against reference:
True minima found: 3/3

Verification against reference (saddles):
True saddles found: 0/2
Missed saddles at positions:
[0.21248658 0.29298833]
[-0.82200156  0.6243128 ]
Starting run 4936
Identified minimum at position [0.6234994  0.02803776] with unbiased energy -108.1667241168524
Identified minimum at position [-0.0500109   0.46669412] with unbiased energy -80.7678181296583
Identified minimum at position [-0.55822362  1.44172586] with unbiased energy -146.6995172099539
Simulation completed.


Energies of found minima:
Minimum 1: Position = [0.6234994  0.02803776], Energy = -108.1667241168524
Minimum 2: Position = [-0.0500109   0.46669412], Energy = -80.7678181296583
Minimum 3: Position = [-0.55822362  1.44172586], Energy = -146.6995172099539

Approximate saddle points between minima:
Saddle 1: Position = [0.12590868 0.18788763], Energy = -69.20930576844896
Saddle 2: Position = [-0.60819685  0.34275102], Energy = -39.33846419548571

Computational statistics:
	Total energy calls: 7026
	Energy calls at each min: [1, 1090, 7026]
	Total force calls: 7026
	Force calls at each min: [1, 1090, 7026]
	Total steps: 7406
	Total Biases: 59

Verification against reference:
True minima found: 3/3

Verification against reference (saddles):
True saddles found: 0/2
Missed saddles at positions:
[0.21248658 0.29298833]
[-0.82200156  0.6243128 ]
Starting run 1339
Identified minimum at position [0.6234994  0.02803776] with unbiased energy -108.1667241168524
Identified minimum at position [-0.05001215  0.46669448] with unbiased energy -80.76781812942214
Approximate Hessian has condition number >1e6 and cannot be reliably trusted; reverting to default behavior. 
Eigenvalues: [5.60362947e-03 3.92426499e+05]
Identified minimum at position [-0.55822365  1.44172583] with unbiased energy -146.69951720995388
Simulation completed.


Energies of found minima:
Minimum 1: Position = [0.6234994  0.02803776], Energy = -108.1667241168524
Minimum 2: Position = [-0.05001215  0.46669448], Energy = -80.76781812942214
Minimum 3: Position = [-0.55822365  1.44172583], Energy = -146.69951720995388

Approximate saddle points between minima:
Saddle 1: Position = [0.22440273 0.30351991], Energy = -72.18984740929815
Saddle 2: Position = [-0.86033377  0.55756144], Energy = -39.15111455297806

Computational statistics:
	Total energy calls: 7717
	Energy calls at each min: [1, 1559, 7717]
	Total force calls: 7717
	Force calls at each min: [1, 1559, 7717]
	Total steps: 8125
	Total Biases: 63

Verification against reference:
True minima found: 3/3

Verification against reference (saddles):
True saddles found: 1/2
Missed saddles at positions:
[-0.82200156  0.6243128 ]
Starting run 659
Identified minimum at position [0.6234994  0.02803776] with unbiased energy -108.1667241168524
Identified minimum at position [-0.05005129  0.46670727] with unbiased energy -80.767817887657
Approximate Hessian has condition number >1e6 and cannot be reliably trusted; reverting to default behavior. 
Eigenvalues: [2.56680284e-02 5.75052045e+06]
Identified minimum at position [-0.55822365  1.44172582] with unbiased energy -146.69951720995388
Simulation completed.


Energies of found minima:
Minimum 1: Position = [0.6234994  0.02803776], Energy = -108.1667241168524
Minimum 2: Position = [-0.05005129  0.46670727], Energy = -80.767817887657
Minimum 3: Position = [-0.55822365  1.44172582], Energy = -146.69951720995388

Approximate saddle points between minima:
Saddle 1: Position = [0.25147146 0.3135597 ], Energy = -71.74414585740057
Saddle 2: Position = [-0.82013331  0.6527812 ], Energy = -40.675035084147

Computational statistics:
	Total energy calls: 12094
	Energy calls at each min: [1, 2823, 12094]
	Total force calls: 12094
	Force calls at each min: [1, 2823, 12094]
	Total steps: 12715
	Total Biases: 101

Verification against reference:
True minima found: 3/3

Verification against reference (saddles):
True saddles found: 2/2
Starting run 2468
Identified minimum at position [0.6234994  0.02803776] with unbiased energy -108.1667241168524
Identified minimum at position [-0.05007262  0.46670933] with unbiased energy -80.76781764561451
Identified minimum at position [-0.55822364  1.44172584] with unbiased energy -146.699517209954
Simulation completed.


Energies of found minima:
Minimum 1: Position = [0.6234994  0.02803776], Energy = -108.1667241168524
Minimum 2: Position = [-0.05007262  0.46670933], Energy = -80.76781764561451
Minimum 3: Position = [-0.55822364  1.44172584], Energy = -146.699517209954

Approximate saddle points between minima:
Saddle 1: Position = [0.12865527 0.07756577], Energy = -69.10932613833346
Saddle 2: Position = [0.54899067 0.43244799], Energy = -36.34898699981368

Computational statistics:
	Total energy calls: 9266
	Energy calls at each min: [1, 1847, 9266]
	Total force calls: 9266
	Force calls at each min: [1, 1847, 9266]
	Total steps: 9736
	Total Biases: 75

Verification against reference:
True minima found: 3/3

Verification against reference (saddles):
True saddles found: 0/2
Missed saddles at positions:
[0.21248658 0.29298833]
[-0.82200156  0.6243128 ]
Starting run 5096
Identified minimum at position [0.6234994  0.02803776] with unbiased energy -108.1667241168524
Identified minimum at position [-0.0500109   0.46669412] with unbiased energy -80.76781812965837
Identified minimum at position [-0.55822364  1.44172584] with unbiased energy -146.69951720995397
Simulation completed.


Energies of found minima:
Minimum 1: Position = [0.6234994  0.02803776], Energy = -108.1667241168524
Minimum 2: Position = [-0.0500109   0.46669412], Energy = -80.76781812965837
Minimum 3: Position = [-0.55822364  1.44172584], Energy = -146.69951720995397

Approximate saddle points between minima:
Saddle 1: Position = [0.42142317 0.27086172], Energy = -70.16810188747772
Saddle 2: Position = [-0.18451945  0.04997073], Energy = -32.475617657966765

Computational statistics:
	Total energy calls: 8295
	Energy calls at each min: [1, 1626, 8295]
	Total force calls: 8295
	Force calls at each min: [1, 1626, 8295]
	Total steps: 8751
	Total Biases: 68

Verification against reference:
True minima found: 3/3

Verification against reference (saddles):
True saddles found: 0/2
Missed saddles at positions:
[0.21248658 0.29298833]
[-0.82200156  0.6243128 ]
Starting run 3951
Identified minimum at position [0.6234994  0.02803776] with unbiased energy -108.1667241168524
Identified minimum at position [-0.05229514  0.4672421 ] with unbiased energy -80.76716308569515
Identified minimum at position [-0.55822365  1.44172583] with unbiased energy -146.699517209954
Simulation completed.


Energies of found minima:
Minimum 1: Position = [0.6234994  0.02803776], Energy = -108.1667241168524
Minimum 2: Position = [-0.05229514  0.4672421 ], Energy = -80.76716308569515
Minimum 3: Position = [-0.55822365  1.44172583], Energy = -146.699517209954

Approximate saddle points between minima:
Saddle 1: Position = [0.34210283 0.36948212], Energy = -66.0725683589729
Saddle 2: Position = [-0.01690455 -0.11459267], Energy = -28.167232989730678

Computational statistics:
	Total energy calls: 7001
	Energy calls at each min: [1, 822, 7001]
	Total force calls: 7001
	Force calls at each min: [1, 822, 7001]
	Total steps: 7371
	Total Biases: 58

Verification against reference:
True minima found: 2/3
Missed minima at positions:
[-0.05001082  0.4666941 ]

Verification against reference (saddles):
True saddles found: 0/2
Missed saddles at positions:
[0.21248658 0.29298833]
[-0.82200156  0.6243128 ]
Starting run 4220
Identified minimum at position [0.6234994  0.02803776] with unbiased energy -108.1667241168524
Identified minimum at position [-0.05002247  0.46669607] with unbiased energy -80.76781811407388
Approximate Hessian has condition number >1e6 and cannot be reliably trusted; reverting to default behavior. 
Eigenvalues: [1.52584291e-03 2.46347360e+05]
Identified minimum at position [-0.55822365  1.44172583] with unbiased energy -146.6995172099539
Simulation completed.


Energies of found minima:
Minimum 1: Position = [0.6234994  0.02803776], Energy = -108.1667241168524
Minimum 2: Position = [-0.05002247  0.46669607], Energy = -80.76781811407388
Minimum 3: Position = [-0.55822365  1.44172583], Energy = -146.6995172099539

Approximate saddle points between minima:
Saddle 1: Position = [0.18306324 0.29183142], Energy = -72.14654106738382
Saddle 2: Position = [-0.20202732  0.00529312], Energy = -26.36571604027437

Computational statistics:
	Total energy calls: 6349
	Energy calls at each min: [1, 1325, 6349]
	Total force calls: 6349
	Force calls at each min: [1, 1325, 6349]
	Total steps: 6683
	Total Biases: 50

Verification against reference:
True minima found: 3/3

Verification against reference (saddles):
True saddles found: 1/2
Missed saddles at positions:
[-0.82200156  0.6243128 ]
Starting run 439
Identified minimum at position [0.6234994  0.02803776] with unbiased energy -108.1667241168524
Identified minimum at position [-0.0503901   0.46676645] with unbiased energy -80.7678012348898
Identified minimum at position [-0.55822362  1.44172585] with unbiased energy -146.69951720995397
Simulation completed.


Energies of found minima:
Minimum 1: Position = [0.6234994  0.02803776], Energy = -108.1667241168524
Minimum 2: Position = [-0.0503901   0.46676645], Energy = -80.7678012348898
Minimum 3: Position = [-0.55822362  1.44172585], Energy = -146.69951720995397

Approximate saddle points between minima:
Saddle 1: Position = [0.32164405 0.32907912], Energy = -69.06087156951048
Saddle 2: Position = [-0.44389538  0.22079679], Energy = -30.965357305282925

Computational statistics:
	Total energy calls: 8397
	Energy calls at each min: [1, 1556, 8397]
	Total force calls: 8397
	Force calls at each min: [1, 1556, 8397]
	Total steps: 8826
	Total Biases: 70

Verification against reference:
True minima found: 3/3

Verification against reference (saddles):
True saddles found: 0/2
Missed saddles at positions:
[0.21248658 0.29298833]
[-0.82200156  0.6243128 ]
Starting run 1929
Identified minimum at position [0.6234994  0.02803776] with unbiased energy -108.1667241168524
Identified minimum at position [-0.05002952  0.46669789] with unbiased energy -80.76781808806743
Identified minimum at position [-0.55822362  1.44172586] with unbiased energy -146.69951720995385
Simulation completed.


Energies of found minima:
Minimum 1: Position = [0.6234994  0.02803776], Energy = -108.1667241168524
Minimum 2: Position = [-0.05002952  0.46669789], Energy = -80.76781808806743
Minimum 3: Position = [-0.55822362  1.44172586], Energy = -146.69951720995385

Approximate saddle points between minima:
Saddle 1: Position = [0.31449973 0.3134147 ], Energy = -70.06915127797541
Saddle 2: Position = [-0.77080348  0.63645546], Energy = -40.59085661700864

Computational statistics:
	Total energy calls: 10065
	Energy calls at each min: [1, 1814, 10065]
	Total force calls: 10065
	Force calls at each min: [1, 1814, 10065]
	Total steps: 10589
	Total Biases: 87

Verification against reference:
True minima found: 3/3

Verification against reference (saddles):
True saddles found: 0/2
Missed saddles at positions:
[0.21248658 0.29298833]
[-0.82200156  0.6243128 ]
Starting run 4842
Identified minimum at position [0.6234994  0.02803776] with unbiased energy -108.1667241168524
Identified minimum at position [-0.0500205   0.46669625] with unbiased energy -80.7678181182239
Identified minimum at position [-0.55822365  1.44172583] with unbiased energy -146.699517209954
Simulation completed.


Energies of found minima:
Minimum 1: Position = [0.6234994  0.02803776], Energy = -108.1667241168524
Minimum 2: Position = [-0.0500205   0.46669625], Energy = -80.7678181182239
Minimum 3: Position = [-0.55822365  1.44172583], Energy = -146.699517209954

Approximate saddle points between minima:
Saddle 1: Position = [0.22559783 0.33433206], Energy = -72.25060424359789
Saddle 2: Position = [-0.50349881  0.21510632], Energy = -25.888411897788803

Computational statistics:
	Total energy calls: 5788
	Energy calls at each min: [1, 430, 5788]
	Total force calls: 5788
	Force calls at each min: [1, 430, 5788]
	Total steps: 6101
	Total Biases: 49

Verification against reference:
True minima found: 3/3

Verification against reference (saddles):
True saddles found: 1/2
Missed saddles at positions:
[-0.82200156  0.6243128 ]
Starting run 1737
Identified minimum at position [0.6234994  0.02803776] with unbiased energy -108.1667241168524
Identified minimum at position [-0.05001187  0.46669436] with unbiased energy -80.7678181295211
Identified minimum at position [-0.55822362  1.44172586] with unbiased energy -146.6995172099539
Simulation completed.


Energies of found minima:
Minimum 1: Position = [0.6234994  0.02803776], Energy = -108.1667241168524
Minimum 2: Position = [-0.05001187  0.46669436], Energy = -80.7678181295211
Minimum 3: Position = [-0.55822362  1.44172586], Energy = -146.6995172099539

Approximate saddle points between minima:
Saddle 1: Position = [0.20983884 0.28019524], Energy = -72.2657356680916
Saddle 2: Position = [-0.77107086  0.649202  ], Energy = -40.19547402535197

Computational statistics:
	Total energy calls: 6046
	Energy calls at each min: [1, 2216, 6046]
	Total force calls: 6046
	Force calls at each min: [1, 2216, 6046]
	Total steps: 6368
	Total Biases: 51

Verification against reference:
True minima found: 3/3

Verification against reference (saddles):
True saddles found: 1/2
Missed saddles at positions:
[-0.82200156  0.6243128 ]
Starting run 4700
Identified minimum at position [0.6234994  0.02803776] with unbiased energy -108.1667241168524
Identified minimum at position [-0.05008509  0.46670968] with unbiased energy -80.76781746717029
Identified minimum at position [-0.55822362  1.44172586] with unbiased energy -146.69951720995397
Simulation completed.


Energies of found minima:
Minimum 1: Position = [0.6234994  0.02803776], Energy = -108.1667241168524
Minimum 2: Position = [-0.05008509  0.46670968], Energy = -80.76781746717029
Minimum 3: Position = [-0.55822362  1.44172586], Energy = -146.69951720995397

Approximate saddle points between minima:
Saddle 1: Position = [0.12832844 0.27993173], Energy = -71.04769220760933
Saddle 2: Position = [-0.78648712  0.44785302], Energy = -37.73114735778255

Computational statistics:
	Total energy calls: 7684
	Energy calls at each min: [1, 1343, 7684]
	Total force calls: 7684
	Force calls at each min: [1, 1343, 7684]
	Total steps: 8094
	Total Biases: 55

Verification against reference:
True minima found: 3/3

Verification against reference (saddles):
True saddles found: 0/2
Missed saddles at positions:
[0.21248658 0.29298833]
[-0.82200156  0.6243128 ]
Starting run 4624
Identified minimum at position [0.6234994  0.02803776] with unbiased energy -108.1667241168524
Identified minimum at position [-0.05007343  0.4667088 ] with unbiased energy -80.7678176419713
Identified minimum at position [-0.55822365  1.44172583] with unbiased energy -146.69951720995397
Simulation completed.


Energies of found minima:
Minimum 1: Position = [0.6234994  0.02803776], Energy = -108.1667241168524
Minimum 2: Position = [-0.05007343  0.4667088 ], Energy = -80.7678176419713
Minimum 3: Position = [-0.55822365  1.44172583], Energy = -146.69951720995397

Approximate saddle points between minima:
Saddle 1: Position = [0.46131204 0.29413463], Energy = -64.85214995983762
Saddle 2: Position = [-0.75670685  0.64462097], Energy = -40.352268352494775

Computational statistics:
	Total energy calls: 11517
	Energy calls at each min: [1, 3390, 11517]
	Total force calls: 11517
	Force calls at each min: [1, 3390, 11517]
	Total steps: 12127
	Total Biases: 97

Verification against reference:
True minima found: 3/3

Verification against reference (saddles):
True saddles found: 0/2
Missed saddles at positions:
[0.21248658 0.29298833]
[-0.82200156  0.6243128 ]
Starting run 3845
Identified minimum at position [0.6234994  0.02803776] with unbiased energy -108.1667241168524
Identified minimum at position [-0.05051916  0.46683837] with unbiased energy -80.76778308681554
Identified minimum at position [-0.55822365  1.44172582] with unbiased energy -146.69951720995385
Simulation completed.


Energies of found minima:
Minimum 1: Position = [0.6234994  0.02803776], Energy = -108.1667241168524
Minimum 2: Position = [-0.05051916  0.46683837], Energy = -80.76778308681554
Minimum 3: Position = [-0.55822365  1.44172582], Energy = -146.69951720995385

Approximate saddle points between minima:
Saddle 1: Position = [0.27947597 0.3200413 ], Energy = -70.9385611490667
Saddle 2: Position = [-0.82364246  0.5945221 ], Energy = -40.616113885192405

Computational statistics:
	Total energy calls: 2599
	Energy calls at each min: [1, 1799, 2599]
	Total force calls: 2599
	Force calls at each min: [1, 1799, 2599]
	Total steps: 2727
	Total Biases: 25

Verification against reference:
True minima found: 3/3

Verification against reference (saddles):
True saddles found: 1/2
Missed saddles at positions:
[0.21248658 0.29298833]
Starting run 4315
Identified minimum at position [0.6234994  0.02803776] with unbiased energy -108.1667241168524
Identified minimum at position [-0.05004673  0.46670196] with unbiased energy -80.7678179729032
Identified minimum at position [-0.55822365  1.44172583] with unbiased energy -146.69951720995397
Simulation completed.


Energies of found minima:
Minimum 1: Position = [0.6234994  0.02803776], Energy = -108.1667241168524
Minimum 2: Position = [-0.05004673  0.46670196], Energy = -80.7678179729032
Minimum 3: Position = [-0.55822365  1.44172583], Energy = -146.69951720995397

Approximate saddle points between minima:
Saddle 1: Position = [0.1311322  0.22270198], Energy = -69.72523466528605
Saddle 2: Position = [-0.8323463   0.62174521], Energy = -40.6609021455737

Computational statistics:
	Total energy calls: 7604
	Energy calls at each min: [1, 1559, 7604]
	Total force calls: 7604
	Force calls at each min: [1, 1559, 7604]
	Total steps: 8014
	Total Biases: 63

Verification against reference:
True minima found: 3/3

Verification against reference (saddles):
True saddles found: 1/2
Missed saddles at positions:
[0.21248658 0.29298833]
Starting run 4227
Identified minimum at position [0.6234994  0.02803776] with unbiased energy -108.1667241168524
Identified minimum at position [-0.05034246  0.46678692] with unbiased energy -80.76780332861209
Identified minimum at position [-0.55822364  1.44172584] with unbiased energy -146.69951720995402
Simulation completed.


Energies of found minima:
Minimum 1: Position = [0.6234994  0.02803776], Energy = -108.1667241168524
Minimum 2: Position = [-0.05034246  0.46678692], Energy = -80.76780332861209
Minimum 3: Position = [-0.55822364  1.44172584], Energy = -146.69951720995402

Approximate saddle points between minima:
Saddle 1: Position = [0.23430462 0.28413927], Energy = -72.32433690589761
Saddle 2: Position = [-0.83430516  0.62050782], Energy = -40.653706108429276

Computational statistics:
	Total energy calls: 8713
	Energy calls at each min: [1, 1949, 8713]
	Total force calls: 8713
	Force calls at each min: [1, 1949, 8713]
	Total steps: 9159
	Total Biases: 74

Verification against reference:
True minima found: 3/3

Verification against reference (saddles):
True saddles found: 2/2
Starting run 1971
Identified minimum at position [0.6234994  0.02803776] with unbiased energy -108.1667241168524
Identified minimum at position [-0.05188983  0.46703297] with unbiased energy -80.76740779420572
Identified minimum at position [-0.55822362  1.44172586] with unbiased energy -146.69951720995388
Simulation completed.


Energies of found minima:
Minimum 1: Position = [0.6234994  0.02803776], Energy = -108.1667241168524
Minimum 2: Position = [-0.05188983  0.46703297], Energy = -80.76740779420572
Minimum 3: Position = [-0.55822362  1.44172586], Energy = -146.69951720995388

Approximate saddle points between minima:
Saddle 1: Position = [0.23748891 0.32651934], Energy = -71.95014089251104
Saddle 2: Position = [-0.79915989  0.64013879], Energy = -40.5076542838305

Computational statistics:
	Total energy calls: 6728
	Energy calls at each min: [1, 1394, 6728]
	Total force calls: 6728
	Force calls at each min: [1, 1394, 6728]
	Total steps: 7088
	Total Biases: 57

Verification against reference:
True minima found: 2/3
Missed minima at positions:
[-0.05001082  0.4666941 ]

Verification against reference (saddles):
True saddles found: 2/2
Starting run 384
Identified minimum at position [0.6234994  0.02803776] with unbiased energy -108.1667241168524
Identified minimum at position [-0.05047534  0.46681049] with unbiased energy -80.76779058277553
Identified minimum at position [-0.55822365  1.44172582] with unbiased energy -146.69951720995388
Simulation completed.


Energies of found minima:
Minimum 1: Position = [0.6234994  0.02803776], Energy = -108.1667241168524
Minimum 2: Position = [-0.05047534  0.46681049], Energy = -80.76779058277553
Minimum 3: Position = [-0.55822365  1.44172582], Energy = -146.69951720995388

Approximate saddle points between minima:
Saddle 1: Position = [0.27646354 0.34835855], Energy = -70.46794819419793
Saddle 2: Position = [-0.87768304  0.5848907 ], Energy = -39.70132729751925

Computational statistics:
	Total energy calls: 11796
	Energy calls at each min: [1, 2290, 11796]
	Total force calls: 11796
	Force calls at each min: [1, 2290, 11796]
	Total steps: 12399
	Total Biases: 100

Verification against reference:
True minima found: 3/3

Verification against reference (saddles):
True saddles found: 0/2
Missed saddles at positions:
[0.21248658 0.29298833]
[-0.82200156  0.6243128 ]
Starting run 1247
Identified minimum at position [0.6234994  0.02803776] with unbiased energy -108.1667241168524
Identified minimum at position [-0.55822366  1.44172582] with unbiased energy -146.69951720995383
Approximate Hessian has condition number >1e6 and cannot be reliably trusted; reverting to default behavior. 
Eigenvalues: [1.70395244e-03 8.14571606e+03]
Approximate Hessian has condition number >1e6 and cannot be reliably trusted; reverting to default behavior. 
Eigenvalues: [1.5788828e-08 4.0999454e+07]
Simulation completed.


Energies of found minima:
Minimum 1: Position = [0.6234994  0.02803776], Energy = -108.1667241168524
Minimum 2: Position = [-0.55822366  1.44172582], Energy = -146.69951720995383

Approximate saddle points between minima:
Saddle 1: Position = [-0.60752939  0.73569725], Energy = -31.986691690248488

Computational statistics:
	Total energy calls: 641818
	Energy calls at each min: [1, 5896]
	Total force calls: 641818
	Force calls at each min: [1, 5896]
	Total steps: 676001
	Total Biases: 5000

Verification against reference:
True minima found: 2/3
Missed minima at positions:
[-0.05001082  0.4666941 ]

Verification against reference (saddles):
True saddles found: 0/2
Missed saddles at positions:
[0.21248658 0.29298833]
[-0.82200156  0.6243128 ]
Starting run 4353
Identified minimum at position [0.6234994  0.02803776] with unbiased energy -108.1667241168524
Identified minimum at position [-0.05001312  0.46669463] with unbiased energy -80.76781812900609
Identified minimum at position [-0.55822362  1.44172585] with unbiased energy -146.69951720995397
Simulation completed.


Energies of found minima:
Minimum 1: Position = [0.6234994  0.02803776], Energy = -108.1667241168524
Minimum 2: Position = [-0.05001312  0.46669463], Energy = -80.76781812900609
Minimum 3: Position = [-0.55822362  1.44172585], Energy = -146.69951720995397

Approximate saddle points between minima:
Saddle 1: Position = [0.19604586 0.29461197], Energy = -72.2371184628507
Saddle 2: Position = [-0.8600419   0.54289806], Energy = -38.65791939193085

Computational statistics:
	Total energy calls: 8269
	Energy calls at each min: [1, 1867, 8269]
	Total force calls: 8269
	Force calls at each min: [1, 1867, 8269]
	Total steps: 8695
	Total Biases: 72

Verification against reference:
True minima found: 3/3

Verification against reference (saddles):
True saddles found: 1/2
Missed saddles at positions:
[-0.82200156  0.6243128 ]
Starting run 4574
Identified minimum at position [0.6234994  0.02803776] with unbiased energy -108.1667241168524
Identified minimum at position [-0.05005532  0.46671108] with unbiased energy -80.76781779649718
Identified minimum at position [-0.55822365  1.44172583] with unbiased energy -146.69951720995397
Simulation completed.


Energies of found minima:
Minimum 1: Position = [0.6234994  0.02803776], Energy = -108.1667241168524
Minimum 2: Position = [-0.05005532  0.46671108], Energy = -80.76781779649718
Minimum 3: Position = [-0.55822365  1.44172583], Energy = -146.69951720995397

Approximate saddle points between minima:
Saddle 1: Position = [0.25578638 0.31530474], Energy = -71.63256836469256
Saddle 2: Position = [-0.76957049  0.41087298], Energy = -35.603173997370305

Computational statistics:
	Total energy calls: 6779
	Energy calls at each min: [1, 777, 6779]
	Total force calls: 6779
	Force calls at each min: [1, 777, 6779]
	Total steps: 7130
	Total Biases: 54

Verification against reference:
True minima found: 3/3

Verification against reference (saddles):
True saddles found: 1/2
Missed saddles at positions:
[-0.82200156  0.6243128 ]
