Starting run 593
Identified minimum at position [0.6234994  0.02803776] with unbiased energy -108.16672411685238
Identified minimum at position [-0.0500251   0.46669652] with unbiased energy -80.7678181062293
Identified minimum at position [-0.55822365  1.44172583] with unbiased energy -146.6995172099539
Simulation completed.


Energies of found minima:
Minimum 1: Position = [0.6234994  0.02803776], Energy = -108.16672411685238
Minimum 2: Position = [-0.0500251   0.46669652], Energy = -80.7678181062293
Minimum 3: Position = [-0.55822365  1.44172583], Energy = -146.6995172099539

Approximate saddle points between minima:
Saddle 1: Position = [0.26216305 0.3195837 ], Energy = -71.41868730380699
Saddle 2: Position = [0.59564996 0.38906956], Energy = -34.88734448884138

Computational statistics:
	Total energy calls: 10000
	Energy calls at each min: [1, 1517, 10000]
	Total force calls: 10000
	Force calls at each min: [1, 1517, 10000]
	Total steps: 10542
	Total Biases: 84

Verification against reference:
True minima found: 3/3

Verification against reference (saddles):
True saddles found: 0/2
Missed saddles at positions:
[0.21248658 0.29298833]
[-0.82200156  0.6243128 ]
Starting run 5081
Identified minimum at position [0.6234994  0.02803776] with unbiased energy -108.16672411685238
Identified minimum at position [-0.05002112  0.46669631] with unbiased energy -80.76781811683949
Identified minimum at position [-0.55822365  1.44172582] with unbiased energy -146.69951720995388
Simulation completed.


Energies of found minima:
Minimum 1: Position = [0.6234994  0.02803776], Energy = -108.16672411685238
Minimum 2: Position = [-0.05002112  0.46669631], Energy = -80.76781811683949
Minimum 3: Position = [-0.55822365  1.44172582], Energy = -146.69951720995388

Approximate saddle points between minima:
Saddle 1: Position = [0.23298887 0.30384037], Energy = -72.11041830672318
Saddle 2: Position = [-0.82534071  0.5632903 ], Energy = -40.32494255475018

Computational statistics:
	Total energy calls: 8012
	Energy calls at each min: [1, 1476, 8012]
	Total force calls: 8012
	Force calls at each min: [1, 1476, 8012]
	Total steps: 8450
	Total Biases: 69

Verification against reference:
True minima found: 3/3

Verification against reference (saddles):
True saddles found: 1/2
Missed saddles at positions:
[-0.82200156  0.6243128 ]
Starting run 585
Identified minimum at position [0.6234994  0.02803776] with unbiased energy -108.16672411685238
Identified minimum at position [-0.05002808  0.46669836] with unbiased energy -80.76781809186446
Identified minimum at position [-0.55822365  1.44172583] with unbiased energy -146.69951720995394
Simulation completed.


Energies of found minima:
Minimum 1: Position = [0.6234994  0.02803776], Energy = -108.16672411685238
Minimum 2: Position = [-0.05002808  0.46669836], Energy = -80.76781809186446
Minimum 3: Position = [-0.55822365  1.44172583], Energy = -146.69951720995394

Approximate saddle points between minima:
Saddle 1: Position = [0.21245439 0.29538939], Energy = -72.25019217722064
Saddle 2: Position = [-0.69010487  0.67392218], Energy = -38.71471400609788

Computational statistics:
	Total energy calls: 5380
	Energy calls at each min: [1, 1847, 5380]
	Total force calls: 5380
	Force calls at each min: [1, 1847, 5380]
	Total steps: 5668
	Total Biases: 45

Verification against reference:
True minima found: 3/3

Verification against reference (saddles):
True saddles found: 1/2
Missed saddles at positions:
[-0.82200156  0.6243128 ]
Starting run 2804
Identified minimum at position [0.6234994  0.02803776] with unbiased energy -108.16672411685238
Identified minimum at position [-0.05001142  0.46669426] with unbiased energy -80.76781812961329
Identified minimum at position [-0.55822365  1.44172583] with unbiased energy -146.69951720995394
Simulation completed.


Energies of found minima:
Minimum 1: Position = [0.6234994  0.02803776], Energy = -108.16672411685238
Minimum 2: Position = [-0.05001142  0.46669426], Energy = -80.76781812961329
Minimum 3: Position = [-0.55822365  1.44172583], Energy = -146.69951720995394

Approximate saddle points between minima:
Saddle 1: Position = [0.22181713 0.31741377], Energy = -72.23435697361896
Saddle 2: Position = [-0.39981725  0.77603836], Energy = -23.782220062077965

Computational statistics:
	Total energy calls: 8421
	Energy calls at each min: [1, 461, 8421]
	Total force calls: 8421
	Force calls at each min: [1, 461, 8421]
	Total steps: 8867
	Total Biases: 68

Verification against reference:
True minima found: 3/3

Verification against reference (saddles):
True saddles found: 1/2
Missed saddles at positions:
[-0.82200156  0.6243128 ]
Starting run 1789
Identified minimum at position [0.6234994  0.02803776] with unbiased energy -108.16672411685238
Identified minimum at position [-0.05001123  0.46669425] with unbiased energy -80.76781812963316
Identified minimum at position [-0.55822365  1.44172583] with unbiased energy -146.69951720995394
Simulation completed.


Energies of found minima:
Minimum 1: Position = [0.6234994  0.02803776], Energy = -108.16672411685238
Minimum 2: Position = [-0.05001123  0.46669425], Energy = -80.76781812963316
Minimum 3: Position = [-0.55822365  1.44172583], Energy = -146.69951720995394

Approximate saddle points between minima:
Saddle 1: Position = [0.13909272 0.05082804], Energy = -69.38998644441207
Saddle 2: Position = [-0.83253618  0.6157167 ], Energy = -40.62312729617797

Computational statistics:
	Total energy calls: 3267
	Energy calls at each min: [1, 962, 3267]
	Total force calls: 3267
	Force calls at each min: [1, 962, 3267]
	Total steps: 3439
	Total Biases: 27

Verification against reference:
True minima found: 3/3

Verification against reference (saddles):
True saddles found: 1/2
Missed saddles at positions:
[0.21248658 0.29298833]
Starting run 1122
Identified minimum at position [0.6234994  0.02803776] with unbiased energy -108.16672411685238
Identified minimum at position [-0.05094277  0.46692487] with unbiased energy -80.76770777174724
Identified minimum at position [-0.55822365  1.44172583] with unbiased energy -146.69951720995394
Simulation completed.


Energies of found minima:
Minimum 1: Position = [0.6234994  0.02803776], Energy = -108.16672411685238
Minimum 2: Position = [-0.05094277  0.46692487], Energy = -80.76770777174724
Minimum 3: Position = [-0.55822365  1.44172583], Energy = -146.69951720995394

Approximate saddle points between minima:
Saddle 1: Position = [0.12701835 0.13664015], Energy = -69.41947365691686
Saddle 2: Position = [-0.07935514 -0.12928305], Energy = -19.15063387033173

Computational statistics:
	Total energy calls: 7935
	Energy calls at each min: [1, 1315, 7935]
	Total force calls: 7935
	Force calls at each min: [1, 1315, 7935]
	Total steps: 8356
	Total Biases: 66

Verification against reference:
True minima found: 3/3

Verification against reference (saddles):
True saddles found: 0/2
Missed saddles at positions:
[0.21248658 0.29298833]
[-0.82200156  0.6243128 ]
Starting run 1208
Identified minimum at position [0.6234994  0.02803776] with unbiased energy -108.16672411685238
Identified minimum at position [-0.05001888  0.46669903] with unbiased energy -80.76781811016389
Identified minimum at position [-0.55822362  1.44172585] with unbiased energy -146.69951720995397
Simulation completed.


Energies of found minima:
Minimum 1: Position = [0.6234994  0.02803776], Energy = -108.16672411685238
Minimum 2: Position = [-0.05001888  0.46669903], Energy = -80.76781811016389
Minimum 3: Position = [-0.55822362  1.44172585], Energy = -146.69951720995397

Approximate saddle points between minima:
Saddle 1: Position = [0.14374738 0.03856511], Energy = -69.30424237807662
Saddle 2: Position = [-0.61814185  0.71111833], Energy = -34.88693634035883

Computational statistics:
	Total energy calls: 11752
	Energy calls at each min: [1, 1402, 11752]
	Total force calls: 11752
	Force calls at each min: [1, 1402, 11752]
	Total steps: 12381
	Total Biases: 96

Verification against reference:
True minima found: 3/3

Verification against reference (saddles):
True saddles found: 0/2
Missed saddles at positions:
[0.21248658 0.29298833]
[-0.82200156  0.6243128 ]
Starting run 3291
Identified minimum at position [0.6234994  0.02803776] with unbiased energy -108.16672411685238
Identified minimum at position [-0.05001145  0.46669419] with unbiased energy -80.76781812961484
Identified minimum at position [-0.55822365  1.44172583] with unbiased energy -146.69951720995394
Simulation completed.


Energies of found minima:
Minimum 1: Position = [0.6234994  0.02803776], Energy = -108.16672411685238
Minimum 2: Position = [-0.05001145  0.46669419], Energy = -80.76781812961484
Minimum 3: Position = [-0.55822365  1.44172583], Energy = -146.69951720995394

Approximate saddle points between minima:
Saddle 1: Position = [0.12129426 0.13922099], Energy = -68.89039855423296
Saddle 2: Position = [-0.79496407  0.63633475], Energy = -40.551727236260916

Computational statistics:
	Total energy calls: 6440
	Energy calls at each min: [1, 1424, 6440]
	Total force calls: 6440
	Force calls at each min: [1, 1424, 6440]
	Total steps: 6789
	Total Biases: 54

Verification against reference:
True minima found: 3/3

Verification against reference (saddles):
True saddles found: 1/2
Missed saddles at positions:
[0.21248658 0.29298833]
Starting run 4465
Identified minimum at position [0.6234994  0.02803776] with unbiased energy -108.16672411685238
Identified minimum at position [-0.0500283   0.46669809] with unbiased energy -80.76781809203013
Identified minimum at position [-0.55822362  1.44172586] with unbiased energy -146.69951720995388
Simulation completed.


Energies of found minima:
Minimum 1: Position = [0.6234994  0.02803776], Energy = -108.16672411685238
Minimum 2: Position = [-0.0500283   0.46669809], Energy = -80.76781809203013
Minimum 3: Position = [-0.55822362  1.44172586], Energy = -146.69951720995388

Approximate saddle points between minima:
Saddle 1: Position = [0.96491064 0.0784142 ], Energy = -57.68309382949121
Saddle 2: Position = [-0.75958028  0.6986458 ], Energy = -38.62263739752044

Computational statistics:
	Total energy calls: 3824
	Energy calls at each min: [1, 2358, 3824]
	Total force calls: 3824
	Force calls at each min: [1, 2358, 3824]
	Total steps: 4031
	Total Biases: 33

Verification against reference:
True minima found: 3/3

Verification against reference (saddles):
True saddles found: 0/2
Missed saddles at positions:
[0.21248658 0.29298833]
[-0.82200156  0.6243128 ]
Starting run 4195
Identified minimum at position [0.6234994  0.02803776] with unbiased energy -108.16672411685238
Identified minimum at position [-0.05001569  0.466695  ] with unbiased energy -80.76781812690146
Identified minimum at position [-0.55822362  1.44172586] with unbiased energy -146.6995172099539
Simulation completed.


Energies of found minima:
Minimum 1: Position = [0.6234994  0.02803776], Energy = -108.16672411685238
Minimum 2: Position = [-0.05001569  0.466695  ], Energy = -80.76781812690146
Minimum 3: Position = [-0.55822362  1.44172586], Energy = -146.6995172099539

Approximate saddle points between minima:
Saddle 1: Position = [0.48292421 0.25912765], Energy = -69.4375103414784
Saddle 2: Position = [1.0683548  0.02277653], Energy = -27.419269563668905

Computational statistics:
	Total energy calls: 6015
	Energy calls at each min: [1, 1545, 6015]
	Total force calls: 6015
	Force calls at each min: [1, 1545, 6015]
	Total steps: 6340
	Total Biases: 52

Verification against reference:
True minima found: 3/3

Verification against reference (saddles):
True saddles found: 0/2
Missed saddles at positions:
[0.21248658 0.29298833]
[-0.82200156  0.6243128 ]
Starting run 1396
Identified minimum at position [0.6234994  0.02803776] with unbiased energy -108.16672411685238
Identified minimum at position [-0.05001353  0.46669481] with unbiased energy -80.76781812870742
Identified minimum at position [-0.55822366  1.44172582] with unbiased energy -146.69951720995383
Simulation completed.


Energies of found minima:
Minimum 1: Position = [0.6234994  0.02803776], Energy = -108.16672411685238
Minimum 2: Position = [-0.05001353  0.46669481], Energy = -80.76781812870742
Minimum 3: Position = [-0.55822366  1.44172582], Energy = -146.69951720995383

Approximate saddle points between minima:
Saddle 1: Position = [0.19307341 0.25432278], Energy = -72.14458690575711
Saddle 2: Position = [-0.91757041  0.55898879], Energy = -37.991941160504325

Computational statistics:
	Total energy calls: 5297
	Energy calls at each min: [1, 1035, 5297]
	Total force calls: 5297
	Force calls at each min: [1, 1035, 5297]
	Total steps: 5581
	Total Biases: 42

Verification against reference:
True minima found: 3/3

Verification against reference (saddles):
True saddles found: 1/2
Missed saddles at positions:
[-0.82200156  0.6243128 ]
Starting run 4652
Identified minimum at position [0.6234994  0.02803776] with unbiased energy -108.16672411685238
Identified minimum at position [-0.05008367  0.46670746] with unbiased energy -80.76781751113839
Identified minimum at position [-0.55822362  1.44172586] with unbiased energy -146.69951720995388
Simulation completed.


Energies of found minima:
Minimum 1: Position = [0.6234994  0.02803776], Energy = -108.16672411685238
Minimum 2: Position = [-0.05008367  0.46670746], Energy = -80.76781751113839
Minimum 3: Position = [-0.55822362  1.44172586], Energy = -146.69951720995388

Approximate saddle points between minima:
Saddle 1: Position = [0.3260896  0.30816491], Energy = -69.94830228660832
Saddle 2: Position = [-0.79386224  0.39209376], Energy = -31.74483426582765

Computational statistics:
	Total energy calls: 9727
	Energy calls at each min: [1, 1551, 9727]
	Total force calls: 9727
	Force calls at each min: [1, 1551, 9727]
	Total steps: 10177
	Total Biases: 72

Verification against reference:
True minima found: 3/3

Verification against reference (saddles):
True saddles found: 0/2
Missed saddles at positions:
[0.21248658 0.29298833]
[-0.82200156  0.6243128 ]
Starting run 2001
Identified minimum at position [0.6234994  0.02803776] with unbiased energy -108.16672411685238
Identified minimum at position [-0.05001111  0.46669418] with unbiased energy -80.76781812964823
Identified minimum at position [-0.55822365  1.44172583] with unbiased energy -146.69951720995394
Simulation completed.


Energies of found minima:
Minimum 1: Position = [0.6234994  0.02803776], Energy = -108.16672411685238
Minimum 2: Position = [-0.05001111  0.46669418], Energy = -80.76781812964823
Minimum 3: Position = [-0.55822365  1.44172583], Energy = -146.69951720995394

Approximate saddle points between minima:
Saddle 1: Position = [0.1950673  0.29558749], Energy = -72.24461494746083
Saddle 2: Position = [-0.47064676  0.27736545], Energy = -38.56694119244874

Computational statistics:
	Total energy calls: 5965
	Energy calls at each min: [1, 1388, 5965]
	Total force calls: 5965
	Force calls at each min: [1, 1388, 5965]
	Total steps: 6284
	Total Biases: 49

Verification against reference:
True minima found: 3/3

Verification against reference (saddles):
True saddles found: 1/2
Missed saddles at positions:
[-0.82200156  0.6243128 ]
Starting run 422
Identified minimum at position [0.6234994  0.02803776] with unbiased energy -108.16672411685238
Identified minimum at position [-0.0504304   0.46678512] with unbiased energy -80.76779677974501
Identified minimum at position [-0.55822362  1.44172586] with unbiased energy -146.69951720995388
Simulation completed.


Energies of found minima:
Minimum 1: Position = [0.6234994  0.02803776], Energy = -108.16672411685238
Minimum 2: Position = [-0.0504304   0.46678512], Energy = -80.76779677974501
Minimum 3: Position = [-0.55822362  1.44172586], Energy = -146.69951720995388

Approximate saddle points between minima:
Saddle 1: Position = [0.32835693 0.31277886], Energy = -69.6071039019678
Saddle 2: Position = [-0.00657256 -0.08214248], Energy = -35.60448804461263

Computational statistics:
	Total energy calls: 7604
	Energy calls at each min: [1, 1186, 7604]
	Total force calls: 7604
	Force calls at each min: [1, 1186, 7604]
	Total steps: 7993
	Total Biases: 61

Verification against reference:
True minima found: 3/3

Verification against reference (saddles):
True saddles found: 0/2
Missed saddles at positions:
[0.21248658 0.29298833]
[-0.82200156  0.6243128 ]
Starting run 2288
Identified minimum at position [0.6234994  0.02803776] with unbiased energy -108.16672411685238
Identified minimum at position [-0.05001263  0.46669443] with unbiased energy -80.76781812927753
Identified minimum at position [-0.55822362  1.44172586] with unbiased energy -146.69951720995388
Simulation completed.


Energies of found minima:
Minimum 1: Position = [0.6234994  0.02803776], Energy = -108.16672411685238
Minimum 2: Position = [-0.05001263  0.46669443], Energy = -80.76781812927753
Minimum 3: Position = [-0.55822362  1.44172586], Energy = -146.69951720995388

Approximate saddle points between minima:
Saddle 1: Position = [0.52419015 0.24932993], Energy = -69.22748234079077
Saddle 2: Position = [0.63659543 0.4085851 ], Energy = -24.446377018832976

Computational statistics:
	Total energy calls: 10097
	Energy calls at each min: [1, 1958, 10097]
	Total force calls: 10097
	Force calls at each min: [1, 1958, 10097]
	Total steps: 10659
	Total Biases: 85

Verification against reference:
True minima found: 3/3

Verification against reference (saddles):
True saddles found: 0/2
Missed saddles at positions:
[0.21248658 0.29298833]
[-0.82200156  0.6243128 ]
Starting run 3323
Identified minimum at position [0.6234994  0.02803776] with unbiased energy -108.16672411685238
Identified minimum at position [-0.55822365  1.44172583] with unbiased energy -146.69951720995394
Approximate Hessian has condition number >1e6 and cannot be reliably trusted; reverting to default behavior. 
Eigenvalues: [7.73136984e-04 4.30307687e+05]
BFGS Hessian has eigenvalue(s) <= 0 and cannot be reliably trusted; reverting to default behavior. 
Eigenvalues: [-2.38418579e-07  5.13878329e+09]
Approximate Hessian has condition number >1e6 and cannot be reliably trusted; reverting to default behavior. 
Eigenvalues: [1.50681977e-03 3.25902907e+05]
Approximate Hessian has condition number >1e6 and cannot be reliably trusted; reverting to default behavior. 
Eigenvalues: [8.25861753e-04 4.44163559e+05]
Approximate Hessian has condition number >1e6 and cannot be reliably trusted; reverting to default behavior. 
Eigenvalues: [9.86208066e-04 5.46805803e+05]
Approximate Hessian has condition number >1e6 and cannot be reliably trusted; reverting to default behavior. 
Eigenvalues: [5.07716838e-04 1.67140627e+05]
Simulation completed.


Energies of found minima:
Minimum 1: Position = [0.6234994  0.02803776], Energy = -108.16672411685238
Minimum 2: Position = [-0.55822365  1.44172583], Energy = -146.69951720995394

Approximate saddle points between minima:
Saddle 1: Position = [-0.75340756  0.68780215], Energy = -38.71872378323005

Computational statistics:
	Total energy calls: 628264
	Energy calls at each min: [1, 2930]
	Total force calls: 628264
	Force calls at each min: [1, 2930]
	Total steps: 662618
	Total Biases: 5000

Verification against reference:
True minima found: 2/3
Missed minima at positions:
[-0.05001082  0.4666941 ]

Verification against reference (saddles):
True saddles found: 0/2
Missed saddles at positions:
[0.21248658 0.29298833]
[-0.82200156  0.6243128 ]
Starting run 1363
Identified minimum at position [0.6234994  0.02803776] with unbiased energy -108.16672411685238
Identified minimum at position [-0.05011568  0.46671527] with unbiased energy -80.76781682196969
Identified minimum at position [-0.55822365  1.44172583] with unbiased energy -146.6995172099539
Simulation completed.


Energies of found minima:
Minimum 1: Position = [0.6234994  0.02803776], Energy = -108.16672411685238
Minimum 2: Position = [-0.05011568  0.46671527], Energy = -80.76781682196969
Minimum 3: Position = [-0.55822365  1.44172583], Energy = -146.6995172099539

Approximate saddle points between minima:
Saddle 1: Position = [0.23475273 0.30015695], Energy = -72.12293165114306
Saddle 2: Position = [-0.79605809  0.47473779], Energy = -38.91416164154607

Computational statistics:
	Total energy calls: 2991
	Energy calls at each min: [1, 1617, 2991]
	Total force calls: 2991
	Force calls at each min: [1, 1617, 2991]
	Total steps: 3152
	Total Biases: 27

Verification against reference:
True minima found: 3/3

Verification against reference (saddles):
True saddles found: 1/2
Missed saddles at positions:
[-0.82200156  0.6243128 ]
Starting run 3235
Identified minimum at position [0.6234994  0.02803776] with unbiased energy -108.16672411685238
Identified minimum at position [-0.0500252   0.46669733] with unbiased energy -80.76781810431899
Identified minimum at position [-0.55822365  1.44172583] with unbiased energy -146.69951720995397
Simulation completed.


Energies of found minima:
Minimum 1: Position = [0.6234994  0.02803776], Energy = -108.16672411685238
Minimum 2: Position = [-0.0500252   0.46669733], Energy = -80.76781810431899
Minimum 3: Position = [-0.55822365  1.44172583], Energy = -146.69951720995397

Approximate saddle points between minima:
Saddle 1: Position = [0.13379448 0.09538776], Energy = -69.98767722192851
Saddle 2: Position = [-0.82549257  0.64447746], Energy = -40.728185665380636

Computational statistics:
	Total energy calls: 7665
	Energy calls at each min: [1, 1332, 7665]
	Total force calls: 7665
	Force calls at each min: [1, 1332, 7665]
	Total steps: 8061
	Total Biases: 65

Verification against reference:
True minima found: 3/3

Verification against reference (saddles):
True saddles found: 1/2
Missed saddles at positions:
[0.21248658 0.29298833]
Starting run 3584
Identified minimum at position [0.6234994  0.02803776] with unbiased energy -108.16672411685238
Identified minimum at position [-0.05011917  0.46671839] with unbiased energy -80.76781669163717
Identified minimum at position [-0.55822365  1.44172583] with unbiased energy -146.6995172099539
Simulation completed.


Energies of found minima:
Minimum 1: Position = [0.6234994  0.02803776], Energy = -108.16672411685238
Minimum 2: Position = [-0.05011917  0.46671839], Energy = -80.76781669163717
Minimum 3: Position = [-0.55822365  1.44172583], Energy = -146.6995172099539

Approximate saddle points between minima:
Saddle 1: Position = [0.12584281 0.13287277], Energy = -69.31700454360306
Saddle 2: Position = [-0.83222923  0.58890843], Energy = -40.431071917551684

Computational statistics:
	Total energy calls: 10167
	Energy calls at each min: [1, 2442, 10167]
	Total force calls: 10167
	Force calls at each min: [1, 2442, 10167]
	Total steps: 10696
	Total Biases: 83

Verification against reference:
True minima found: 3/3

Verification against reference (saddles):
True saddles found: 1/2
Missed saddles at positions:
[0.21248658 0.29298833]
Starting run 415
Identified minimum at position [0.6234994  0.02803776] with unbiased energy -108.16672411685238
Identified minimum at position [-0.05004084  0.46670653] with unbiased energy -80.76781796555306
Identified minimum at position [-0.55822365  1.44172583] with unbiased energy -146.69951720995394
Simulation completed.


Energies of found minima:
Minimum 1: Position = [0.6234994  0.02803776], Energy = -108.16672411685238
Minimum 2: Position = [-0.05004084  0.46670653], Energy = -80.76781796555306
Minimum 3: Position = [-0.55822365  1.44172583], Energy = -146.69951720995394

Approximate saddle points between minima:
Saddle 1: Position = [0.1593366  0.26773108], Energy = -71.40441387752752
Saddle 2: Position = [-0.80281252  0.63772659], Energy = -40.55250887090652

Computational statistics:
	Total energy calls: 10289
	Energy calls at each min: [1, 1788, 10289]
	Total force calls: 10289
	Force calls at each min: [1, 1788, 10289]
	Total steps: 10809
	Total Biases: 83

Verification against reference:
True minima found: 3/3

Verification against reference (saddles):
True saddles found: 1/2
Missed saddles at positions:
[0.21248658 0.29298833]
Starting run 2027
Identified minimum at position [0.6234994  0.02803776] with unbiased energy -108.16672411685238
Identified minimum at position [-0.0504358   0.46677392] with unbiased energy -80.76779698423107
Identified minimum at position [-0.55822362  1.44172586] with unbiased energy -146.69951720995385
Simulation completed.


Energies of found minima:
Minimum 1: Position = [0.6234994  0.02803776], Energy = -108.16672411685238
Minimum 2: Position = [-0.0504358   0.46677392], Energy = -80.76779698423107
Minimum 3: Position = [-0.55822362  1.44172586], Energy = -146.69951720995385

Approximate saddle points between minima:
Saddle 1: Position = [0.31621144 0.36510878], Energy = -67.96262832064231
Saddle 2: Position = [-0.21354742  0.08501336], Energy = -32.750231661466685

Computational statistics:
	Total energy calls: 7128
	Energy calls at each min: [1, 1427, 7128]
	Total force calls: 7128
	Force calls at each min: [1, 1427, 7128]
	Total steps: 7509
	Total Biases: 54

Verification against reference:
True minima found: 3/3

Verification against reference (saddles):
True saddles found: 0/2
Missed saddles at positions:
[0.21248658 0.29298833]
[-0.82200156  0.6243128 ]
Starting run 5017
Identified minimum at position [0.6234994  0.02803776] with unbiased energy -108.16672411685238
Identified minimum at position [-0.05005661  0.46670143] with unbiased energy -80.76781789021307
Identified minimum at position [-0.55822363  1.44172584] with unbiased energy -146.69951720995397
Simulation completed.


Energies of found minima:
Minimum 1: Position = [0.6234994  0.02803776], Energy = -108.16672411685238
Minimum 2: Position = [-0.05005661  0.46670143], Energy = -80.76781789021307
Minimum 3: Position = [-0.55822363  1.44172584], Energy = -146.69951720995397

Approximate saddle points between minima:
Saddle 1: Position = [0.27131712 0.31714259], Energy = -71.23299374182932
Saddle 2: Position = [-0.86120676  0.60553476], Energy = -40.39667044200141

Computational statistics:
	Total energy calls: 17082
	Energy calls at each min: [1, 2804, 17082]
	Total force calls: 17082
	Force calls at each min: [1, 2804, 17082]
	Total steps: 17983
	Total Biases: 141

Verification against reference:
True minima found: 3/3

Verification against reference (saddles):
True saddles found: 1/2
Missed saddles at positions:
[0.21248658 0.29298833]
Starting run 759
Identified minimum at position [0.6234994  0.02803776] with unbiased energy -108.16672411685238
Identified minimum at position [-0.05004322  0.46673983] with unbiased energy -80.76781670170057
Identified minimum at position [-0.55822362  1.44172585] with unbiased energy -146.69951720995397
Simulation completed.


Energies of found minima:
Minimum 1: Position = [0.6234994  0.02803776], Energy = -108.16672411685238
Minimum 2: Position = [-0.05004322  0.46673983], Energy = -80.76781670170057
Minimum 3: Position = [-0.55822362  1.44172585], Energy = -146.69951720995397

Approximate saddle points between minima:
Saddle 1: Position = [0.25138844 0.32902394], Energy = -71.58775595869939
Saddle 2: Position = [-0.90495531  0.41641143], Energy = -27.06172919461321

Computational statistics:
	Total energy calls: 8114
	Energy calls at each min: [1, 997, 8114]
	Total force calls: 8114
	Force calls at each min: [1, 997, 8114]
	Total steps: 8548
	Total Biases: 64

Verification against reference:
True minima found: 3/3

Verification against reference (saddles):
True saddles found: 0/2
Missed saddles at positions:
[0.21248658 0.29298833]
[-0.82200156  0.6243128 ]
Starting run 4432
Identified minimum at position [0.6234994  0.02803776] with unbiased energy -108.16672411685238
Identified minimum at position [-0.05001125  0.4666942 ] with unbiased energy -80.76781812963642
Identified minimum at position [-0.55822365  1.44172583] with unbiased energy -146.69951720995388
Simulation completed.


Energies of found minima:
Minimum 1: Position = [0.6234994  0.02803776], Energy = -108.16672411685238
Minimum 2: Position = [-0.05001125  0.4666942 ], Energy = -80.76781812963642
Minimum 3: Position = [-0.55822365  1.44172583], Energy = -146.69951720995388

Approximate saddle points between minima:
Saddle 1: Position = [0.15809352 0.22885016], Energy = -71.03506055889896
Saddle 2: Position = [-0.15978504  0.04723833], Energy = -34.79010777046284

Computational statistics:
	Total energy calls: 9757
	Energy calls at each min: [1, 1407, 9757]
	Total force calls: 9757
	Force calls at each min: [1, 1407, 9757]
	Total steps: 10288
	Total Biases: 81

Verification against reference:
True minima found: 3/3

Verification against reference (saddles):
True saddles found: 0/2
Missed saddles at positions:
[0.21248658 0.29298833]
[-0.82200156  0.6243128 ]
Starting run 4134
Identified minimum at position [0.6234994  0.02803776] with unbiased energy -108.16672411685238
Identified minimum at position [-0.05001373  0.46669468] with unbiased energy -80.76781812865971
Identified minimum at position [-0.55822362  1.44172585] with unbiased energy -146.69951720995394
Simulation completed.


Energies of found minima:
Minimum 1: Position = [0.6234994  0.02803776], Energy = -108.16672411685238
Minimum 2: Position = [-0.05001373  0.46669468], Energy = -80.76781812865971
Minimum 3: Position = [-0.55822362  1.44172585], Energy = -146.69951720995394

Approximate saddle points between minima:
Saddle 1: Position = [0.20230212 0.30559208], Energy = -72.33878554975522
Saddle 2: Position = [-0.47870284  0.73875459], Energy = -30.807308306950365

Computational statistics:
	Total energy calls: 9365
	Energy calls at each min: [1, 1035, 9365]
	Total force calls: 9365
	Force calls at each min: [1, 1035, 9365]
	Total steps: 9839
	Total Biases: 73

Verification against reference:
True minima found: 3/3

Verification against reference (saddles):
True saddles found: 1/2
Missed saddles at positions:
[-0.82200156  0.6243128 ]
Starting run 668
Identified minimum at position [0.6234994  0.02803776] with unbiased energy -108.16672411685238
Identified minimum at position [-0.05001478  0.46669499] with unbiased energy -80.76781812773793
Identified minimum at position [-0.55822365  1.44172583] with unbiased energy -146.6995172099539
Simulation completed.


Energies of found minima:
Minimum 1: Position = [0.6234994  0.02803776], Energy = -108.16672411685238
Minimum 2: Position = [-0.05001478  0.46669499], Energy = -80.76781812773793
Minimum 3: Position = [-0.55822365  1.44172583], Energy = -146.6995172099539

Approximate saddle points between minima:
Saddle 1: Position = [0.21005889 0.3019749 ], Energy = -72.27656823161401
Saddle 2: Position = [-0.63564021  0.70768255], Energy = -35.38399200336662

Computational statistics:
	Total energy calls: 12901
	Energy calls at each min: [1, 2447, 12901]
	Total force calls: 12901
	Force calls at each min: [1, 2447, 12901]
	Total steps: 13563
	Total Biases: 101

Verification against reference:
True minima found: 3/3

Verification against reference (saddles):
True saddles found: 1/2
Missed saddles at positions:
[-0.82200156  0.6243128 ]
