Starting run 514
Identified minimum at position [0.6234994  0.02803776] with unbiased energy -108.1667241168524
Identified minimum at position [-0.05062771  0.4668757 ] with unbiased energy -80.76776542946808
Identified minimum at position [-0.55822366  1.44172582] with unbiased energy -146.6995172099538
Simulation completed.


Energies of found minima:
Minimum 1: Position = [0.6234994  0.02803776], Energy = -108.1667241168524
Minimum 2: Position = [-0.05062771  0.4668757 ], Energy = -80.76776542946808
Minimum 3: Position = [-0.55822366  1.44172582], Energy = -146.6995172099538

Approximate saddle points between minima:
Saddle 1: Position = [0.21529326 0.29817743], Energy = -72.24592048319614
Saddle 2: Position = [-0.08292223 -0.01340277], Energy = -37.15583393035405

Computational statistics:
	Total energy calls: 14277
	Energy calls at each min: [1, 3058, 14277]
	Total force calls: 14277
	Force calls at each min: [1, 3058, 14277]
	Total steps: 15000
	Total Biases: 111

Verification against reference:
True minima found: 3/3

Verification against reference (saddles):
True saddles found: 1/2
Missed saddles at positions:
[-0.82200156  0.6243128 ]
Starting run 551
Identified minimum at position [0.6234994  0.02803776] with unbiased energy -108.1667241168524
Identified minimum at position [-0.05026945  0.46728567] with unbiased energy -80.76757750354486
Identified minimum at position [-0.55822362  1.44172585] with unbiased energy -146.69951720995397
Simulation completed.


Energies of found minima:
Minimum 1: Position = [0.6234994  0.02803776], Energy = -108.1667241168524
Minimum 2: Position = [-0.05026945  0.46728567], Energy = -80.76757750354486
Minimum 3: Position = [-0.55822362  1.44172585], Energy = -146.69951720995397

Approximate saddle points between minima:
Saddle 1: Position = [0.1443158  0.18188377], Energy = -70.50883316819046
Saddle 2: Position = [-0.82084428  0.64611258], Energy = -40.67040463075094

Computational statistics:
	Total energy calls: 4617
	Energy calls at each min: [1, 1606, 4617]
	Total force calls: 4617
	Force calls at each min: [1, 1606, 4617]
	Total steps: 4854
	Total Biases: 42

Verification against reference:
True minima found: 3/3

Verification against reference (saddles):
True saddles found: 1/2
Missed saddles at positions:
[0.21248658 0.29298833]
Starting run 886
Identified minimum at position [0.6234994  0.02803776] with unbiased energy -108.1667241168524
Identified minimum at position [-0.05001431  0.46669492] with unbiased energy -80.76781812814599
Identified minimum at position [-0.55822361  1.44172586] with unbiased energy -146.69951720995383
Simulation completed.


Energies of found minima:
Minimum 1: Position = [0.6234994  0.02803776], Energy = -108.1667241168524
Minimum 2: Position = [-0.05001431  0.46669492], Energy = -80.76781812814599
Minimum 3: Position = [-0.55822361  1.44172586], Energy = -146.69951720995383

Approximate saddle points between minima:
Saddle 1: Position = [ 0.94661133 -0.06512368], Energy = -57.09361537661445
Saddle 2: Position = [-0.11863195 -0.07718705], Energy = -24.507926221103638

Computational statistics:
	Total energy calls: 6146
	Energy calls at each min: [1, 1360, 6146]
	Total force calls: 6146
	Force calls at each min: [1, 1360, 6146]
	Total steps: 6471
	Total Biases: 50

Verification against reference:
True minima found: 3/3

Verification against reference (saddles):
True saddles found: 0/2
Missed saddles at positions:
[0.21248658 0.29298833]
[-0.82200156  0.6243128 ]
Starting run 4553
Identified minimum at position [0.6234994  0.02803776] with unbiased energy -108.1667241168524
Identified minimum at position [-0.05001143  0.46669451] with unbiased energy -80.76781812953428
Identified minimum at position [-0.55822363  1.44172585] with unbiased energy -146.69951720995397
Simulation completed.


Energies of found minima:
Minimum 1: Position = [0.6234994  0.02803776], Energy = -108.1667241168524
Minimum 2: Position = [-0.05001143  0.46669451], Energy = -80.76781812953428
Minimum 3: Position = [-0.55822363  1.44172585], Energy = -146.69951720995397

Approximate saddle points between minima:
Saddle 1: Position = [0.09598058 0.19245917], Energy = -67.19110892940971
Saddle 2: Position = [-0.81922764  0.53583767], Energy = -40.05623077933315

Computational statistics:
	Total energy calls: 6571
	Energy calls at each min: [1, 1868, 6571]
	Total force calls: 6571
	Force calls at each min: [1, 1868, 6571]
	Total steps: 6927
	Total Biases: 58

Verification against reference:
True minima found: 3/3

Verification against reference (saddles):
True saddles found: 0/2
Missed saddles at positions:
[0.21248658 0.29298833]
[-0.82200156  0.6243128 ]
Starting run 4507
Identified minimum at position [0.6234994  0.02803776] with unbiased energy -108.1667241168524
Identified minimum at position [-0.05002005  0.46669568] with unbiased energy -80.76781811984748
Identified minimum at position [-0.55822364  1.44172583] with unbiased energy -146.69951720995397
Simulation completed.


Energies of found minima:
Minimum 1: Position = [0.6234994  0.02803776], Energy = -108.1667241168524
Minimum 2: Position = [-0.05002005  0.46669568], Energy = -80.76781811984748
Minimum 3: Position = [-0.55822364  1.44172583], Energy = -146.69951720995397

Approximate saddle points between minima:
Saddle 1: Position = [0.27793341 0.32198072], Energy = -70.93621356977835
Saddle 2: Position = [-0.85572024  0.54615217], Energy = -38.91889333464164

Computational statistics:
	Total energy calls: 15402
	Energy calls at each min: [1, 1995, 15402]
	Total force calls: 15402
	Force calls at each min: [1, 1995, 15402]
	Total steps: 16208
	Total Biases: 126

Verification against reference:
True minima found: 3/3

Verification against reference (saddles):
True saddles found: 0/2
Missed saddles at positions:
[0.21248658 0.29298833]
[-0.82200156  0.6243128 ]
Starting run 5094
Identified minimum at position [0.6234994  0.02803776] with unbiased energy -108.1667241168524
Identified minimum at position [-0.0518581   0.46713923] with unbiased energy -80.7673890821977
Identified minimum at position [-0.55822362  1.44172585] with unbiased energy -146.69951720995394
Simulation completed.


Energies of found minima:
Minimum 1: Position = [0.6234994  0.02803776], Energy = -108.1667241168524
Minimum 2: Position = [-0.0518581   0.46713923], Energy = -80.7673890821977
Minimum 3: Position = [-0.55822362  1.44172585], Energy = -146.69951720995394

Approximate saddle points between minima:
Saddle 1: Position = [0.20058836 0.26343706], Energy = -72.24081692061515
Saddle 2: Position = [-0.01553889  0.76432767], Energy = -23.200940151697036

Computational statistics:
	Total energy calls: 6214
	Energy calls at each min: [1, 409, 6214]
	Total force calls: 6214
	Force calls at each min: [1, 409, 6214]
	Total steps: 6539
	Total Biases: 50

Verification against reference:
True minima found: 2/3
Missed minima at positions:
[-0.05001082  0.4666941 ]

Verification against reference (saddles):
True saddles found: 1/2
Missed saddles at positions:
[-0.82200156  0.6243128 ]
Starting run 3660
Identified minimum at position [0.6234994  0.02803776] with unbiased energy -108.1667241168524
Identified minimum at position [-0.55822365  1.44172583] with unbiased energy -146.69951720995394
Approximate Hessian has condition number >1e6 and cannot be reliably trusted; reverting to default behavior. 
Eigenvalues: [3.26532281e-03 7.81714413e+05]
Approximate Hessian has condition number >1e6 and cannot be reliably trusted; reverting to default behavior. 
Eigenvalues: [1.40173915e-03 1.07408425e+07]
Approximate Hessian has condition number >1e6 and cannot be reliably trusted; reverting to default behavior. 
Eigenvalues: [2.00032104e-03 8.37184531e+03]
Approximate Hessian has condition number >1e6 and cannot be reliably trusted; reverting to default behavior. 
Eigenvalues: [3.44546884e-03 2.74479652e+08]
Approximate Hessian has condition number >1e6 and cannot be reliably trusted; reverting to default behavior. 
Eigenvalues: [5.97165897e-04 2.09936771e+06]
Approximate Hessian has condition number >1e6 and cannot be reliably trusted; reverting to default behavior. 
Eigenvalues: [8.81043263e-04 1.67702554e+07]
Approximate Hessian has condition number >1e6 and cannot be reliably trusted; reverting to default behavior. 
Eigenvalues: [5.92733733e-04 1.07814226e+07]
Approximate Hessian has condition number >1e6 and cannot be reliably trusted; reverting to default behavior. 
Eigenvalues: [8.39139315e-04 1.12761827e+04]
Simulation completed.


Energies of found minima:
Minimum 1: Position = [0.6234994  0.02803776], Energy = -108.1667241168524
Minimum 2: Position = [-0.55822365  1.44172583], Energy = -146.69951720995394

Approximate saddle points between minima:
Saddle 1: Position = [-0.72825203  0.64754904], Energy = -40.365384713468494

Computational statistics:
	Total energy calls: 636850
	Energy calls at each min: [1, 5805]
	Total force calls: 636850
	Force calls at each min: [1, 5805]
	Total steps: 670429
	Total Biases: 5000

Verification against reference:
True minima found: 2/3
Missed minima at positions:
[-0.05001082  0.4666941 ]

Verification against reference (saddles):
True saddles found: 0/2
Missed saddles at positions:
[0.21248658 0.29298833]
[-0.82200156  0.6243128 ]
Starting run 3765
Identified minimum at position [0.6234994  0.02803776] with unbiased energy -108.1667241168524
Identified minimum at position [-0.05011013  0.46672008] with unbiased energy -80.76781684662033
Identified minimum at position [-0.55822362  1.44172586] with unbiased energy -146.69951720995394
Simulation completed.


Energies of found minima:
Minimum 1: Position = [0.6234994  0.02803776], Energy = -108.1667241168524
Minimum 2: Position = [-0.05011013  0.46672008], Energy = -80.76781684662033
Minimum 3: Position = [-0.55822362  1.44172586], Energy = -146.69951720995394

Approximate saddle points between minima:
Saddle 1: Position = [0.2230898  0.29738922], Energy = -72.21648967589337
Saddle 2: Position = [-0.82634477  0.61521195], Energy = -40.64346480426087

Computational statistics:
	Total energy calls: 8023
	Energy calls at each min: [1, 1408, 8023]
	Total force calls: 8023
	Force calls at each min: [1, 1408, 8023]
	Total steps: 8438
	Total Biases: 66

Verification against reference:
True minima found: 3/3

Verification against reference (saddles):
True saddles found: 2/2
Starting run 45
Identified minimum at position [0.6234994  0.02803776] with unbiased energy -108.1667241168524
Identified minimum at position [-0.05044987  0.46679866] with unbiased energy -80.76779401185789
Identified minimum at position [-0.55822362  1.44172585] with unbiased energy -146.69951720995394
Simulation completed.


Energies of found minima:
Minimum 1: Position = [0.6234994  0.02803776], Energy = -108.1667241168524
Minimum 2: Position = [-0.05044987  0.46679866], Energy = -80.76779401185789
Minimum 3: Position = [-0.55822362  1.44172585], Energy = -146.69951720995394

Approximate saddle points between minima:
Saddle 1: Position = [0.17537674 0.24430781], Energy = -71.68082245972838
Saddle 2: Position = [-0.85017938  0.60832399], Energy = -40.48430123946679

Computational statistics:
	Total energy calls: 5122
	Energy calls at each min: [1, 2049, 5122]
	Total force calls: 5122
	Force calls at each min: [1, 2049, 5122]
	Total steps: 5392
	Total Biases: 44

Verification against reference:
True minima found: 3/3

Verification against reference (saddles):
True saddles found: 1/2
Missed saddles at positions:
[0.21248658 0.29298833]
Starting run 4161
Identified minimum at position [0.6234994  0.02803776] with unbiased energy -108.1667241168524
Identified minimum at position [-0.05001185  0.46669433] with unbiased energy -80.76781812953135
Identified minimum at position [-0.55822364  1.44172583] with unbiased energy -146.699517209954
Simulation completed.


Energies of found minima:
Minimum 1: Position = [0.6234994  0.02803776], Energy = -108.1667241168524
Minimum 2: Position = [-0.05001185  0.46669433], Energy = -80.76781812953135
Minimum 3: Position = [-0.55822364  1.44172583], Energy = -146.699517209954

Approximate saddle points between minima:
Saddle 1: Position = [0.19268462 0.29098766], Energy = -72.19007052801874
Saddle 2: Position = [-0.8018815   0.49220378], Energy = -39.469151292980015

Computational statistics:
	Total energy calls: 6184
	Energy calls at each min: [1, 1114, 6184]
	Total force calls: 6184
	Force calls at each min: [1, 1114, 6184]
	Total steps: 6516
	Total Biases: 52

Verification against reference:
True minima found: 3/3

Verification against reference (saddles):
True saddles found: 1/2
Missed saddles at positions:
[-0.82200156  0.6243128 ]
Starting run 2060
Identified minimum at position [0.6234994  0.02803776] with unbiased energy -108.1667241168524
Identified minimum at position [-0.05003678  0.46670064] with unbiased energy -80.7678180434897
Identified minimum at position [-0.55822363  1.44172585] with unbiased energy -146.699517209954
Simulation completed.


Energies of found minima:
Minimum 1: Position = [0.6234994  0.02803776], Energy = -108.1667241168524
Minimum 2: Position = [-0.05003678  0.46670064], Energy = -80.7678180434897
Minimum 3: Position = [-0.55822363  1.44172585], Energy = -146.699517209954

Approximate saddle points between minima:
Saddle 1: Position = [0.12300751 0.19219085], Energy = -69.02445489600872
Saddle 2: Position = [-0.86629339  0.59974896], Energy = -40.234899810558574

Computational statistics:
	Total energy calls: 8302
	Energy calls at each min: [1, 1848, 8302]
	Total force calls: 8302
	Force calls at each min: [1, 1848, 8302]
	Total steps: 8722
	Total Biases: 68

Verification against reference:
True minima found: 3/3

Verification against reference (saddles):
True saddles found: 0/2
Missed saddles at positions:
[0.21248658 0.29298833]
[-0.82200156  0.6243128 ]
Starting run 3286
Identified minimum at position [0.6234994  0.02803776] with unbiased energy -108.1667241168524
Identified minimum at position [-0.05030418  0.46675908] with unbiased energy -80.767807626927
Identified minimum at position [-0.55822365  1.44172582] with unbiased energy -146.6995172099539
Simulation completed.


Energies of found minima:
Minimum 1: Position = [0.6234994  0.02803776], Energy = -108.1667241168524
Minimum 2: Position = [-0.05030418  0.46675908], Energy = -80.767807626927
Minimum 3: Position = [-0.55822365  1.44172582], Energy = -146.6995172099539

Approximate saddle points between minima:
Saddle 1: Position = [0.21911124 0.32288978], Energy = -72.30783490884296
Saddle 2: Position = [-0.85507405  0.46413509], Energy = -34.50451338311448

Computational statistics:
	Total energy calls: 7106
	Energy calls at each min: [1, 1411, 7106]
	Total force calls: 7106
	Force calls at each min: [1, 1411, 7106]
	Total steps: 7480
	Total Biases: 56

Verification against reference:
True minima found: 3/3

Verification against reference (saddles):
True saddles found: 1/2
Missed saddles at positions:
[-0.82200156  0.6243128 ]
Starting run 1187
Identified minimum at position [0.6234994  0.02803776] with unbiased energy -108.1667241168524
Identified minimum at position [-0.05003411  0.46670142] with unbiased energy -80.7678180514576
Identified minimum at position [-0.55822366  1.44172582] with unbiased energy -146.6995172099538
Simulation completed.


Energies of found minima:
Minimum 1: Position = [0.6234994  0.02803776], Energy = -108.1667241168524
Minimum 2: Position = [-0.05003411  0.46670142], Energy = -80.7678180514576
Minimum 3: Position = [-0.55822366  1.44172582], Energy = -146.6995172099538

Approximate saddle points between minima:
Saddle 1: Position = [0.14359443 0.11421883], Energy = -71.08142769733064
Saddle 2: Position = [0.52089225 0.43802476], Energy = -40.132705612501425

Computational statistics:
	Total energy calls: 8753
	Energy calls at each min: [1, 1428, 8753]
	Total force calls: 8753
	Force calls at each min: [1, 1428, 8753]
	Total steps: 9212
	Total Biases: 74

Verification against reference:
True minima found: 3/3

Verification against reference (saddles):
True saddles found: 0/2
Missed saddles at positions:
[0.21248658 0.29298833]
[-0.82200156  0.6243128 ]
Starting run 3478
Identified minimum at position [0.6234994  0.02803776] with unbiased energy -108.1667241168524
Identified minimum at position [-0.05011273  0.46671482] with unbiased energy -80.76781689229244
Identified minimum at position [-0.55822365  1.44172583] with unbiased energy -146.69951720995394
Simulation completed.


Energies of found minima:
Minimum 1: Position = [0.6234994  0.02803776], Energy = -108.1667241168524
Minimum 2: Position = [-0.05011273  0.46671482], Energy = -80.76781689229244
Minimum 3: Position = [-0.55822365  1.44172583], Energy = -146.69951720995394

Approximate saddle points between minima:
Saddle 1: Position = [0.13747614 0.24805562], Energy = -70.38908851866624
Saddle 2: Position = [-0.76996182  0.68137765], Energy = -39.31242883494098

Computational statistics:
	Total energy calls: 10327
	Energy calls at each min: [1, 2175, 10327]
	Total force calls: 10327
	Force calls at each min: [1, 2175, 10327]
	Total steps: 10858
	Total Biases: 83

Verification against reference:
True minima found: 3/3

Verification against reference (saddles):
True saddles found: 0/2
Missed saddles at positions:
[0.21248658 0.29298833]
[-0.82200156  0.6243128 ]
Starting run 2549
Identified minimum at position [0.6234994  0.02803776] with unbiased energy -108.1667241168524
Identified minimum at position [-0.05002373  0.46669767] with unbiased energy -80.76781810741943
Identified minimum at position [-0.55822365  1.44172583] with unbiased energy -146.69951720995394
Simulation completed.


Energies of found minima:
Minimum 1: Position = [0.6234994  0.02803776], Energy = -108.1667241168524
Minimum 2: Position = [-0.05002373  0.46669767], Energy = -80.76781810741943
Minimum 3: Position = [-0.55822365  1.44172583], Energy = -146.69951720995394

Approximate saddle points between minima:
Saddle 1: Position = [0.225178   0.31502778], Energy = -72.17859814329356
Saddle 2: Position = [-0.82168067  0.62592404], Energy = -40.664584001874644

Computational statistics:
	Total energy calls: 3365
	Energy calls at each min: [1, 1232, 3365]
	Total force calls: 3365
	Force calls at each min: [1, 1232, 3365]
	Total steps: 3545
	Total Biases: 29

Verification against reference:
True minima found: 3/3

Verification against reference (saddles):
True saddles found: 2/2
Starting run 4264
Identified minimum at position [0.6234994  0.02803776] with unbiased energy -108.1667241168524
Identified minimum at position [-0.0500135   0.46669552] with unbiased energy -80.76781812790779
Identified minimum at position [-0.55822362  1.44172586] with unbiased energy -146.6995172099539
Simulation completed.


Energies of found minima:
Minimum 1: Position = [0.6234994  0.02803776], Energy = -108.1667241168524
Minimum 2: Position = [-0.0500135   0.46669552], Energy = -80.76781812790779
Minimum 3: Position = [-0.55822362  1.44172586], Energy = -146.6995172099539

Approximate saddle points between minima:
Saddle 1: Position = [0.15842054 0.29817328], Energy = -72.1185997948372
Saddle 2: Position = [-0.63987101  0.7020856 ], Energy = -35.99830533888075

Computational statistics:
	Total energy calls: 7450
	Energy calls at each min: [1, 1769, 7450]
	Total force calls: 7450
	Force calls at each min: [1, 1769, 7450]
	Total steps: 7841
	Total Biases: 63

Verification against reference:
True minima found: 3/3

Verification against reference (saddles):
True saddles found: 0/2
Missed saddles at positions:
[0.21248658 0.29298833]
[-0.82200156  0.6243128 ]
Starting run 2968
Identified minimum at position [0.6234994  0.02803776] with unbiased energy -108.1667241168524
Identified minimum at position [-0.05002858  0.46669755] with unbiased energy -80.76781809251636
Approximate Hessian has condition number >1e6 and cannot be reliably trusted; reverting to default behavior. 
Eigenvalues: [5.31999831e-03 5.78272287e+06]
Identified minimum at position [-0.55822365  1.44172583] with unbiased energy -146.69951720995394
Simulation completed.


Energies of found minima:
Minimum 1: Position = [0.6234994  0.02803776], Energy = -108.1667241168524
Minimum 2: Position = [-0.05002858  0.46669755], Energy = -80.76781809251636
Minimum 3: Position = [-0.55822365  1.44172583], Energy = -146.69951720995394

Approximate saddle points between minima:
Saddle 1: Position = [0.25581087 0.31755001], Energy = -71.60028381932841
Saddle 2: Position = [-0.56850717  0.27244984], Energy = -30.78092882408405

Computational statistics:
	Total energy calls: 21705
	Energy calls at each min: [1, 1945, 21705]
	Total force calls: 21705
	Force calls at each min: [1, 1945, 21705]
	Total steps: 22854
	Total Biases: 175

Verification against reference:
True minima found: 3/3

Verification against reference (saddles):
True saddles found: 1/2
Missed saddles at positions:
[-0.82200156  0.6243128 ]
Starting run 4034
Identified minimum at position [0.6234994  0.02803776] with unbiased energy -108.1667241168524
Identified minimum at position [-0.05001092  0.46669412] with unbiased energy -80.767818129658
Identified minimum at position [-0.55822365  1.44172583] with unbiased energy -146.69951720995397
Simulation completed.


Energies of found minima:
Minimum 1: Position = [0.6234994  0.02803776], Energy = -108.1667241168524
Minimum 2: Position = [-0.05001092  0.46669412], Energy = -80.767818129658
Minimum 3: Position = [-0.55822365  1.44172583], Energy = -146.69951720995397

Approximate saddle points between minima:
Saddle 1: Position = [0.18873121 0.26877464], Energy = -72.01333030315755
Saddle 2: Position = [-0.37232446  0.15012949], Energy = -26.084230708159524

Computational statistics:
	Total energy calls: 7675
	Energy calls at each min: [1, 919, 7675]
	Total force calls: 7675
	Force calls at each min: [1, 919, 7675]
	Total steps: 8083
	Total Biases: 64

Verification against reference:
True minima found: 3/3

Verification against reference (saddles):
True saddles found: 1/2
Missed saddles at positions:
[-0.82200156  0.6243128 ]
Starting run 1623
Identified minimum at position [0.6234994  0.02803776] with unbiased energy -108.1667241168524
Identified minimum at position [-0.05001389  0.46669473] with unbiased energy -80.76781812854065
Identified minimum at position [-0.55822362  1.44172585] with unbiased energy -146.699517209954
Simulation completed.


Energies of found minima:
Minimum 1: Position = [0.6234994  0.02803776], Energy = -108.1667241168524
Minimum 2: Position = [-0.05001389  0.46669473], Energy = -80.76781812854065
Minimum 3: Position = [-0.55822362  1.44172585], Energy = -146.699517209954

Approximate saddle points between minima:
Saddle 1: Position = [0.21517425 0.30553617], Energy = -72.26206503586386
Saddle 2: Position = [-0.47316251  0.76079617], Energy = -26.88377540346426

Computational statistics:
	Total energy calls: 8827
	Energy calls at each min: [1, 881, 8827]
	Total force calls: 8827
	Force calls at each min: [1, 881, 8827]
	Total steps: 9289
	Total Biases: 71

Verification against reference:
True minima found: 3/3

Verification against reference (saddles):
True saddles found: 1/2
Missed saddles at positions:
[-0.82200156  0.6243128 ]
Starting run 3149
Identified minimum at position [0.6234994  0.02803776] with unbiased energy -108.1667241168524
Identified minimum at position [-0.05001887  0.46669633] with unbiased energy -80.76781812101314
Identified minimum at position [-0.55822364  1.44172583] with unbiased energy -146.69951720995397
Simulation completed.


Energies of found minima:
Minimum 1: Position = [0.6234994  0.02803776], Energy = -108.1667241168524
Minimum 2: Position = [-0.05001887  0.46669633], Energy = -80.76781812101314
Minimum 3: Position = [-0.55822364  1.44172583], Energy = -146.69951720995397

Approximate saddle points between minima:
Saddle 1: Position = [0.20298984 0.27316847], Energy = -72.22500356306503
Saddle 2: Position = [-0.54579074  0.21349695], Energy = -22.733632918635873

Computational statistics:
	Total energy calls: 7362
	Energy calls at each min: [1, 773, 7362]
	Total force calls: 7362
	Force calls at each min: [1, 773, 7362]
	Total steps: 7751
	Total Biases: 61

Verification against reference:
True minima found: 3/3

Verification against reference (saddles):
True saddles found: 1/2
Missed saddles at positions:
[-0.82200156  0.6243128 ]
Starting run 3852
Identified minimum at position [0.6234994  0.02803776] with unbiased energy -108.1667241168524
Identified minimum at position [-0.05001122  0.46669419] with unbiased energy -80.76781812964006
Identified minimum at position [-0.55822364  1.44172584] with unbiased energy -146.699517209954
Simulation completed.


Energies of found minima:
Minimum 1: Position = [0.6234994  0.02803776], Energy = -108.1667241168524
Minimum 2: Position = [-0.05001122  0.46669419], Energy = -80.76781812964006
Minimum 3: Position = [-0.55822364  1.44172584], Energy = -146.699517209954

Approximate saddle points between minima:
Saddle 1: Position = [0.22103189 0.28684923], Energy = -72.27838977448761
Saddle 2: Position = [-0.17874522  0.00517605], Energy = -28.74868499961098

Computational statistics:
	Total energy calls: 15043
	Energy calls at each min: [1, 1268, 15043]
	Total force calls: 15043
	Force calls at each min: [1, 1268, 15043]
	Total steps: 15797
	Total Biases: 117

Verification against reference:
True minima found: 3/3

Verification against reference (saddles):
True saddles found: 1/2
Missed saddles at positions:
[-0.82200156  0.6243128 ]
Starting run 746
Identified minimum at position [0.6234994  0.02803776] with unbiased energy -108.1667241168524
Identified minimum at position [-0.05027657  0.46675168] with unbiased energy -80.76780956833628
Identified minimum at position [-0.55822362  1.44172586] with unbiased energy -146.6995172099539
Simulation completed.


Energies of found minima:
Minimum 1: Position = [0.6234994  0.02803776], Energy = -108.1667241168524
Minimum 2: Position = [-0.05027657  0.46675168], Energy = -80.76780956833628
Minimum 3: Position = [-0.55822362  1.44172586], Energy = -146.6995172099539

Approximate saddle points between minima:
Saddle 1: Position = [0.450693   0.31113861], Energy = -63.22065120703798
Saddle 2: Position = [-0.66934079  0.29724229], Energy = -27.653800359257982

Computational statistics:
	Total energy calls: 5091
	Energy calls at each min: [1, 1302, 5091]
	Total force calls: 5091
	Force calls at each min: [1, 1302, 5091]
	Total steps: 5365
	Total Biases: 41

Verification against reference:
True minima found: 3/3

Verification against reference (saddles):
True saddles found: 0/2
Missed saddles at positions:
[0.21248658 0.29298833]
[-0.82200156  0.6243128 ]
Starting run 3558
Identified minimum at position [0.6234994  0.02803776] with unbiased energy -108.1667241168524
Identified minimum at position [-0.05048351  0.46682565] with unbiased energy -80.76778814959707
Identified minimum at position [-0.55822365  1.44172583] with unbiased energy -146.69951720995388
Simulation completed.


Energies of found minima:
Minimum 1: Position = [0.6234994  0.02803776], Energy = -108.1667241168524
Minimum 2: Position = [-0.05048351  0.46682565], Energy = -80.76778814959707
Minimum 3: Position = [-0.55822365  1.44172583], Energy = -146.69951720995388

Approximate saddle points between minima:
Saddle 1: Position = [0.19748368 0.28897201], Energy = -72.19784295505933
Saddle 2: Position = [-0.63099207  0.76087968], Energy = -30.41558797453812

Computational statistics:
	Total energy calls: 5042
	Energy calls at each min: [1, 868, 5042]
	Total force calls: 5042
	Force calls at each min: [1, 868, 5042]
	Total steps: 5308
	Total Biases: 41

Verification against reference:
True minima found: 3/3

Verification against reference (saddles):
True saddles found: 1/2
Missed saddles at positions:
[-0.82200156  0.6243128 ]
Starting run 2679
Identified minimum at position [0.6234994  0.02803776] with unbiased energy -108.1667241168524
Identified minimum at position [-0.05001616  0.46669561] with unbiased energy -80.76781812581534
Identified minimum at position [-0.55822364  1.44172583] with unbiased energy -146.69951720995397
Simulation completed.


Energies of found minima:
Minimum 1: Position = [0.6234994  0.02803776], Energy = -108.1667241168524
Minimum 2: Position = [-0.05001616  0.46669561], Energy = -80.76781812581534
Minimum 3: Position = [-0.55822364  1.44172583], Energy = -146.69951720995397

Approximate saddle points between minima:
Saddle 1: Position = [0.24856705 0.31480372], Energy = -71.78566547595616
Saddle 2: Position = [-0.81690682  0.60979175], Energy = -40.71119010450587

Computational statistics:
	Total energy calls: 1993
	Energy calls at each min: [1, 1152, 1993]
	Total force calls: 1993
	Force calls at each min: [1, 1152, 1993]
	Total steps: 2097
	Total Biases: 17

Verification against reference:
True minima found: 3/3

Verification against reference (saddles):
True saddles found: 2/2
Starting run 1317
Identified minimum at position [0.6234994  0.02803776] with unbiased energy -108.1667241168524
Identified minimum at position [-0.05046257  0.46681169] with unbiased energy -80.7677916357076
Identified minimum at position [-0.55822354  1.44172596] with unbiased energy -146.69951720994905
Simulation completed.


Energies of found minima:
Minimum 1: Position = [0.6234994  0.02803776], Energy = -108.1667241168524
Minimum 2: Position = [-0.05046257  0.46681169], Energy = -80.7677916357076
Minimum 3: Position = [-0.55822354  1.44172596], Energy = -146.69951720994905

Approximate saddle points between minima:
Saddle 1: Position = [0.21368157 0.30405545], Energy = -72.26665093752936
Saddle 2: Position = [-0.48417835  0.2866818 ], Energy = -39.217278091588234

Computational statistics:
	Total energy calls: 9057
	Energy calls at each min: [1, 1221, 9057]
	Total force calls: 9057
	Force calls at each min: [1, 1221, 9057]
	Total steps: 9535
	Total Biases: 77

Verification against reference:
True minima found: 3/3

Verification against reference (saddles):
True saddles found: 1/2
Missed saddles at positions:
[-0.82200156  0.6243128 ]
Starting run 1379
Identified minimum at position [0.6234994  0.02803776] with unbiased energy -108.1667241168524
Identified minimum at position [-0.05002731  0.46669853] with unbiased energy -80.76781809384282
Identified minimum at position [-0.55822363  1.44172585] with unbiased energy -146.69951720995402
Simulation completed.


Energies of found minima:
Minimum 1: Position = [0.6234994  0.02803776], Energy = -108.1667241168524
Minimum 2: Position = [-0.05002731  0.46669853], Energy = -80.76781809384282
Minimum 3: Position = [-0.55822363  1.44172585], Energy = -146.69951720995402

Approximate saddle points between minima:
Saddle 1: Position = [0.28147499 0.33393085], Energy = -70.54198541429486
Saddle 2: Position = [-0.12990303  0.70959167], Energy = -40.55270884841869

Computational statistics:
	Total energy calls: 5662
	Energy calls at each min: [1, 1093, 5662]
	Total force calls: 5662
	Force calls at each min: [1, 1093, 5662]
	Total steps: 5968
	Total Biases: 49

Verification against reference:
True minima found: 3/3

Verification against reference (saddles):
True saddles found: 0/2
Missed saddles at positions:
[0.21248658 0.29298833]
[-0.82200156  0.6243128 ]
