Starting run 613
Identified minimum at position [0.6234994  0.02803776] with unbiased energy -108.1667241168524
Identified minimum at position [-0.05007113  0.46670867] with unbiased energy -80.76781767223835
Identified minimum at position [-0.55822362  1.44172586] with unbiased energy -146.69951720995388
Simulation completed.


Energies of found minima:
Minimum 1: Position = [0.6234994  0.02803776], Energy = -108.1667241168524
Minimum 2: Position = [-0.05007113  0.46670867], Energy = -80.76781767223835
Minimum 3: Position = [-0.55822362  1.44172586], Energy = -146.69951720995388

Approximate saddle points between minima:
Saddle 1: Position = [0.22255414 0.2925468 ], Energy = -72.24125033920494
Saddle 2: Position = [-0.86675459  0.59252456], Energy = -40.03866230829043

Computational statistics:
	Total energy calls: 2015
	Energy calls at each min: [1, 993, 2015]
	Total force calls: 2015
	Force calls at each min: [1, 993, 2015]
	Total steps: 2120
	Total Biases: 19

Verification against reference:
True minima found: 3/3

Verification against reference (saddles):
True saddles found: 1/2
Missed saddles at positions:
[-0.82200156  0.6243128 ]
Starting run 4978
Identified minimum at position [0.6234994  0.02803776] with unbiased energy -108.1667241168524
Identified minimum at position [-0.05001305  0.46669461] with unbiased energy -80.76781812905061
Identified minimum at position [-0.55822365  1.44172582] with unbiased energy -146.69951720995388
Simulation completed.


Energies of found minima:
Minimum 1: Position = [0.6234994  0.02803776], Energy = -108.1667241168524
Minimum 2: Position = [-0.05001305  0.46669461], Energy = -80.76781812905061
Minimum 3: Position = [-0.55822365  1.44172582], Energy = -146.69951720995388

Approximate saddle points between minima:
Saddle 1: Position = [0.36340243 0.33064844], Energy = -66.85927324069071
Saddle 2: Position = [-0.69380656  0.31441009], Energy = -28.56800880459717

Computational statistics:
	Total energy calls: 9193
	Energy calls at each min: [1, 838, 9193]
	Total force calls: 9193
	Force calls at each min: [1, 838, 9193]
	Total steps: 9693
	Total Biases: 72

Verification against reference:
True minima found: 3/3

Verification against reference (saddles):
True saddles found: 0/2
Missed saddles at positions:
[0.21248658 0.29298833]
[-0.82200156  0.6243128 ]
Starting run 1207
Identified minimum at position [0.6234994  0.02803776] with unbiased energy -108.1667241168524
Identified minimum at position [-0.05009055  0.46670854] with unbiased energy -80.76781739044229
Identified minimum at position [-0.55822364  1.44172584] with unbiased energy -146.69951720995397
Simulation completed.


Energies of found minima:
Minimum 1: Position = [0.6234994  0.02803776], Energy = -108.1667241168524
Minimum 2: Position = [-0.05009055  0.46670854], Energy = -80.76781739044229
Minimum 3: Position = [-0.55822364  1.44172584], Energy = -146.69951720995397

Approximate saddle points between minima:
Saddle 1: Position = [0.30299833 0.33982659], Energy = -69.49184091728995
Saddle 2: Position = [0.49957124 0.46918729], Energy = -39.709093282849075

Computational statistics:
	Total energy calls: 8256
	Energy calls at each min: [1, 1330, 8256]
	Total force calls: 8256
	Force calls at each min: [1, 1330, 8256]
	Total steps: 8679
	Total Biases: 68

Verification against reference:
True minima found: 3/3

Verification against reference (saddles):
True saddles found: 0/2
Missed saddles at positions:
[0.21248658 0.29298833]
[-0.82200156  0.6243128 ]
Starting run 3696
Identified minimum at position [0.6234994  0.02803776] with unbiased energy -108.1667241168524
Identified minimum at position [-0.05001197  0.46669444] with unbiased energy -80.76781812947848
Identified minimum at position [-0.55822364  1.44172585] with unbiased energy -146.699517209954
Simulation completed.


Energies of found minima:
Minimum 1: Position = [0.6234994  0.02803776], Energy = -108.1667241168524
Minimum 2: Position = [-0.05001197  0.46669444], Energy = -80.76781812947848
Minimum 3: Position = [-0.55822364  1.44172585], Energy = -146.699517209954

Approximate saddle points between minima:
Saddle 1: Position = [0.67526578 0.21600059], Energy = -66.3703160783568
Saddle 2: Position = [-0.94431657  0.56518901], Energy = -38.07068823396719

Computational statistics:
	Total energy calls: 4491
	Energy calls at each min: [1, 2300, 4491]
	Total force calls: 4491
	Force calls at each min: [1, 2300, 4491]
	Total steps: 4734
	Total Biases: 39

Verification against reference:
True minima found: 3/3

Verification against reference (saddles):
True saddles found: 0/2
Missed saddles at positions:
[0.21248658 0.29298833]
[-0.82200156  0.6243128 ]
Starting run 2046
Identified minimum at position [0.6234994  0.02803776] with unbiased energy -108.1667241168524
Identified minimum at position [-0.05019742  0.46679276] with unbiased energy -80.76780963993554
Identified minimum at position [-0.55822364  1.44172584] with unbiased energy -146.69951720995397
Simulation completed.


Energies of found minima:
Minimum 1: Position = [0.6234994  0.02803776], Energy = -108.1667241168524
Minimum 2: Position = [-0.05019742  0.46679276], Energy = -80.76780963993554
Minimum 3: Position = [-0.55822364  1.44172584], Energy = -146.69951720995397

Approximate saddle points between minima:
Saddle 1: Position = [0.07549227 0.11352081], Energy = -64.14495685670268
Saddle 2: Position = [-0.22118881 -0.02834951], Energy = -20.759662552659815

Computational statistics:
	Total energy calls: 6672
	Energy calls at each min: [1, 1625, 6672]
	Total force calls: 6672
	Force calls at each min: [1, 1625, 6672]
	Total steps: 7021
	Total Biases: 51

Verification against reference:
True minima found: 3/3

Verification against reference (saddles):
True saddles found: 0/2
Missed saddles at positions:
[0.21248658 0.29298833]
[-0.82200156  0.6243128 ]
Starting run 4216
Identified minimum at position [0.6234994  0.02803776] with unbiased energy -108.1667241168524
Identified minimum at position [-0.05001085  0.4666941 ] with unbiased energy -80.76781812965895
Identified minimum at position [-0.55822364  1.44172584] with unbiased energy -146.699517209954
Simulation completed.


Energies of found minima:
Minimum 1: Position = [0.6234994  0.02803776], Energy = -108.1667241168524
Minimum 2: Position = [-0.05001085  0.4666941 ], Energy = -80.76781812965895
Minimum 3: Position = [-0.55822364  1.44172584], Energy = -146.699517209954

Approximate saddle points between minima:
Saddle 1: Position = [0.41160831 0.292458  ], Energy = -67.83527930781736
Saddle 2: Position = [-0.12631558 -0.06163526], Energy = -26.056676514284838

Computational statistics:
	Total energy calls: 5751
	Energy calls at each min: [1, 2167, 5751]
	Total force calls: 5751
	Force calls at each min: [1, 2167, 5751]
	Total steps: 6070
	Total Biases: 49

Verification against reference:
True minima found: 3/3

Verification against reference (saddles):
True saddles found: 0/2
Missed saddles at positions:
[0.21248658 0.29298833]
[-0.82200156  0.6243128 ]
Starting run 2878
Identified minimum at position [0.6234994  0.02803776] with unbiased energy -108.1667241168524
Identified minimum at position [-0.05011443  0.46671737] with unbiased energy -80.7678168138951
Identified minimum at position [-0.55822364  1.44172584] with unbiased energy -146.699517209954
Simulation completed.


Energies of found minima:
Minimum 1: Position = [0.6234994  0.02803776], Energy = -108.1667241168524
Minimum 2: Position = [-0.05011443  0.46671737], Energy = -80.7678168138951
Minimum 3: Position = [-0.55822364  1.44172584], Energy = -146.699517209954

Approximate saddle points between minima:
Saddle 1: Position = [0.17334804 0.27468491], Energy = -71.79091198248284
Saddle 2: Position = [-0.84698187  0.51034013], Energy = -37.83468080525179

Computational statistics:
	Total energy calls: 8113
	Energy calls at each min: [1, 1344, 8113]
	Total force calls: 8113
	Force calls at each min: [1, 1344, 8113]
	Total steps: 8536
	Total Biases: 64

Verification against reference:
True minima found: 3/3

Verification against reference (saddles):
True saddles found: 1/2
Missed saddles at positions:
[-0.82200156  0.6243128 ]
Starting run 2898
Identified minimum at position [0.6234994  0.02803776] with unbiased energy -108.1667241168524
Identified minimum at position [-0.05001172  0.46669436] with unbiased energy -80.76781812955018
Approximate Hessian has condition number >1e6 and cannot be reliably trusted; reverting to default behavior. 
Eigenvalues: [7.65663732e-04 3.70381900e+06]
Identified minimum at position [-0.55822365  1.44172583] with unbiased energy -146.69951720995397
Simulation completed.


Energies of found minima:
Minimum 1: Position = [0.6234994  0.02803776], Energy = -108.1667241168524
Minimum 2: Position = [-0.05001172  0.46669436], Energy = -80.76781812955018
Minimum 3: Position = [-0.55822365  1.44172583], Energy = -146.69951720995397

Approximate saddle points between minima:
Saddle 1: Position = [0.15668046 0.26826912], Energy = -71.35256318003411
Saddle 2: Position = [-0.69993892  0.66887246], Energy = -39.09181792278518

Computational statistics:
	Total energy calls: 9048
	Energy calls at each min: [1, 1742, 9048]
	Total force calls: 9048
	Force calls at each min: [1, 1742, 9048]
	Total steps: 9535
	Total Biases: 73

Verification against reference:
True minima found: 3/3

Verification against reference (saddles):
True saddles found: 0/2
Missed saddles at positions:
[0.21248658 0.29298833]
[-0.82200156  0.6243128 ]
Starting run 2228
Identified minimum at position [0.6234994  0.02803776] with unbiased energy -108.1667241168524
Identified minimum at position [-0.05014665  0.46674786] with unbiased energy -80.7678149159344
Identified minimum at position [-0.55822365  1.44172583] with unbiased energy -146.69951720995394
Simulation completed.


Energies of found minima:
Minimum 1: Position = [0.6234994  0.02803776], Energy = -108.1667241168524
Minimum 2: Position = [-0.05014665  0.46674786], Energy = -80.7678149159344
Minimum 3: Position = [-0.55822365  1.44172583], Energy = -146.69951720995394

Approximate saddle points between minima:
Saddle 1: Position = [0.23930052 0.30541133], Energy = -72.02725310787926
Saddle 2: Position = [-0.7083121   0.70976795], Energy = -36.55175709353151

Computational statistics:
	Total energy calls: 6308
	Energy calls at each min: [1, 1547, 6308]
	Total force calls: 6308
	Force calls at each min: [1, 1547, 6308]
	Total steps: 6637
	Total Biases: 51

Verification against reference:
True minima found: 3/3

Verification against reference (saddles):
True saddles found: 1/2
Missed saddles at positions:
[-0.82200156  0.6243128 ]
Starting run 4439
Identified minimum at position [0.6234994  0.02803776] with unbiased energy -108.1667241168524
Identified minimum at position [-0.55822362  1.44172586] with unbiased energy -146.69951720995385
Approximate Hessian has condition number >1e6 and cannot be reliably trusted; reverting to default behavior. 
Eigenvalues: [8.70421529e-04 1.18351188e+08]
Approximate Hessian has condition number >1e6 and cannot be reliably trusted; reverting to default behavior. 
Eigenvalues: [1.14030790e-03 1.53161013e+03]
Approximate Hessian has condition number >1e6 and cannot be reliably trusted; reverting to default behavior. 
Eigenvalues: [3.27110582e-03 5.24169244e+05]
Approximate Hessian has condition number >1e6 and cannot be reliably trusted; reverting to default behavior. 
Eigenvalues: [1.78898452e-03 1.65292166e+06]
Approximate Hessian has condition number >1e6 and cannot be reliably trusted; reverting to default behavior. 
Eigenvalues: [1.05671305e-03 3.59776793e+07]
Approximate Hessian has condition number >1e6 and cannot be reliably trusted; reverting to default behavior. 
Eigenvalues: [6.76735901e-03 7.27832124e+05]
Approximate Hessian has condition number >1e6 and cannot be reliably trusted; reverting to default behavior. 
Eigenvalues: [1.95987793e-03 2.95310794e+06]
Simulation completed.


Energies of found minima:
Minimum 1: Position = [0.6234994  0.02803776], Energy = -108.1667241168524
Minimum 2: Position = [-0.55822362  1.44172586], Energy = -146.69951720995385

Approximate saddle points between minima:
Saddle 1: Position = [ 0.0710123  -0.13560624], Energy = -32.15113624199761

Computational statistics:
	Total energy calls: 642569
	Energy calls at each min: [1, 9850]
	Total force calls: 642569
	Force calls at each min: [1, 9850]
	Total steps: 676664
	Total Biases: 5000

Verification against reference:
True minima found: 2/3
Missed minima at positions:
[-0.05001082  0.4666941 ]

Verification against reference (saddles):
True saddles found: 0/2
Missed saddles at positions:
[0.21248658 0.29298833]
[-0.82200156  0.6243128 ]
Starting run 1271
Identified minimum at position [0.6234994  0.02803776] with unbiased energy -108.1667241168524
Identified minimum at position [-0.0500189   0.46669654] with unbiased energy -80.76781812049067
Identified minimum at position [-0.55822365  1.44172582] with unbiased energy -146.6995172099539
Simulation completed.


Energies of found minima:
Minimum 1: Position = [0.6234994  0.02803776], Energy = -108.1667241168524
Minimum 2: Position = [-0.0500189   0.46669654], Energy = -80.76781812049067
Minimum 3: Position = [-0.55822365  1.44172582], Energy = -146.6995172099539

Approximate saddle points between minima:
Saddle 1: Position = [ 0.88601965 -0.09026309], Energy = -62.30753498837103
Saddle 2: Position = [0.57386833 0.46309638], Energy = -27.901347108911423

Computational statistics:
	Total energy calls: 9166
	Energy calls at each min: [1, 1535, 9166]
	Total force calls: 9166
	Force calls at each min: [1, 1535, 9166]
	Total steps: 9657
	Total Biases: 72

Verification against reference:
True minima found: 3/3

Verification against reference (saddles):
True saddles found: 0/2
Missed saddles at positions:
[0.21248658 0.29298833]
[-0.82200156  0.6243128 ]
Starting run 4701
Identified minimum at position [0.6234994  0.02803776] with unbiased energy -108.1667241168524
Identified minimum at position [-0.05001354  0.46669469] with unbiased energy -80.76781812876635
Identified minimum at position [-0.55822362  1.44172586] with unbiased energy -146.69951720995394
Simulation completed.


Energies of found minima:
Minimum 1: Position = [0.6234994  0.02803776], Energy = -108.1667241168524
Minimum 2: Position = [-0.05001354  0.46669469], Energy = -80.76781812876635
Minimum 3: Position = [-0.55822362  1.44172586], Energy = -146.69951720995394

Approximate saddle points between minima:
Saddle 1: Position = [0.1683698  0.22571213], Energy = -71.50003192380869
Saddle 2: Position = [-0.78761535  0.67253209], Energy = -39.90035472917052

Computational statistics:
	Total energy calls: 6014
	Energy calls at each min: [1, 1344, 6014]
	Total force calls: 6014
	Force calls at each min: [1, 1344, 6014]
	Total steps: 6334
	Total Biases: 49

Verification against reference:
True minima found: 3/3

Verification against reference (saddles):
True saddles found: 0/2
Missed saddles at positions:
[0.21248658 0.29298833]
[-0.82200156  0.6243128 ]
Starting run 3225
Identified minimum at position [0.6234994  0.02803776] with unbiased energy -108.1667241168524
Identified minimum at position [-0.05004526  0.46670022] with unbiased energy -80.76781799222135
Identified minimum at position [-0.55822365  1.44172582] with unbiased energy -146.69951720995385
Simulation completed.


Energies of found minima:
Minimum 1: Position = [0.6234994  0.02803776], Energy = -108.1667241168524
Minimum 2: Position = [-0.05004526  0.46670022], Energy = -80.76781799222135
Minimum 3: Position = [-0.55822365  1.44172582], Energy = -146.69951720995385

Approximate saddle points between minima:
Saddle 1: Position = [0.15187123 0.19389087], Energy = -70.89627794165682
Saddle 2: Position = [-0.20821004  0.05553207], Energy = -30.594602998555583

Computational statistics:
	Total energy calls: 16971
	Energy calls at each min: [1, 2999, 16971]
	Total force calls: 16971
	Force calls at each min: [1, 2999, 16971]
	Total steps: 17868
	Total Biases: 136

Verification against reference:
True minima found: 3/3

Verification against reference (saddles):
True saddles found: 0/2
Missed saddles at positions:
[0.21248658 0.29298833]
[-0.82200156  0.6243128 ]
Starting run 3556
Identified minimum at position [0.6234994  0.02803776] with unbiased energy -108.1667241168524
Identified minimum at position [-0.05090608  0.46688305] with unbiased energy -80.76772167851485
Identified minimum at position [-0.55822362  1.44172586] with unbiased energy -146.69951720995394
Simulation completed.


Energies of found minima:
Minimum 1: Position = [0.6234994  0.02803776], Energy = -108.1667241168524
Minimum 2: Position = [-0.05090608  0.46688305], Energy = -80.76772167851485
Minimum 3: Position = [-0.55822362  1.44172586], Energy = -146.69951720995394

Approximate saddle points between minima:
Saddle 1: Position = [0.1196396  0.14803742], Energy = -68.73803295369328
Saddle 2: Position = [-0.83409418  0.61178937], Energy = -40.59055453121475

Computational statistics:
	Total energy calls: 3901
	Energy calls at each min: [1, 1071, 3901]
	Total force calls: 3901
	Force calls at each min: [1, 1071, 3901]
	Total steps: 4105
	Total Biases: 32

Verification against reference:
True minima found: 3/3

Verification against reference (saddles):
True saddles found: 1/2
Missed saddles at positions:
[0.21248658 0.29298833]
Starting run 1900
Identified minimum at position [0.6234994  0.02803776] with unbiased energy -108.1667241168524
Identified minimum at position [-0.05008754  0.46671217] with unbiased energy -80.76781739636507
Identified minimum at position [-0.55822365  1.44172583] with unbiased energy -146.69951720995394
Simulation completed.


Energies of found minima:
Minimum 1: Position = [0.6234994  0.02803776], Energy = -108.1667241168524
Minimum 2: Position = [-0.05008754  0.46671217], Energy = -80.76781739636507
Minimum 3: Position = [-0.55822365  1.44172583], Energy = -146.69951720995394

Approximate saddle points between minima:
Saddle 1: Position = [0.17038636 0.25237935], Energy = -71.53096552664778
Saddle 2: Position = [-0.27335509  0.08985722], Energy = -27.647491809751905

Computational statistics:
	Total energy calls: 8092
	Energy calls at each min: [1, 1066, 8092]
	Total force calls: 8092
	Force calls at each min: [1, 1066, 8092]
	Total steps: 8526
	Total Biases: 65

Verification against reference:
True minima found: 3/3

Verification against reference (saddles):
True saddles found: 0/2
Missed saddles at positions:
[0.21248658 0.29298833]
[-0.82200156  0.6243128 ]
Starting run 1828
Identified minimum at position [0.6234994  0.02803776] with unbiased energy -108.1667241168524
Identified minimum at position [-0.05001398  0.46669506] with unbiased energy -80.76781812825253
Identified minimum at position [-0.55822362  1.44172586] with unbiased energy -146.69951720995394
Simulation completed.


Energies of found minima:
Minimum 1: Position = [0.6234994  0.02803776], Energy = -108.1667241168524
Minimum 2: Position = [-0.05001398  0.46669506], Energy = -80.76781812825253
Minimum 3: Position = [-0.55822362  1.44172586], Energy = -146.69951720995394

Approximate saddle points between minima:
Saddle 1: Position = [0.34306476 0.27385886], Energy = -71.94797993260414
Saddle 2: Position = [-0.25683584  0.03724215], Energy = -24.140615263673443

Computational statistics:
	Total energy calls: 9721
	Energy calls at each min: [1, 1132, 9721]
	Total force calls: 9721
	Force calls at each min: [1, 1132, 9721]
	Total steps: 10220
	Total Biases: 82

Verification against reference:
True minima found: 3/3

Verification against reference (saddles):
True saddles found: 0/2
Missed saddles at positions:
[0.21248658 0.29298833]
[-0.82200156  0.6243128 ]
Starting run 257
Identified minimum at position [0.6234994  0.02803776] with unbiased energy -108.1667241168524
Approximate Hessian has condition number >1e6 and cannot be reliably trusted; reverting to default behavior. 
Eigenvalues: [5.31416277e-04 9.45609258e+05]
Identified minimum at position [-0.05003188  0.46669968] with unbiased energy -80.76781807163542
Identified minimum at position [-0.55822365  1.44172583] with unbiased energy -146.69951720995397
Simulation completed.


Energies of found minima:
Minimum 1: Position = [0.6234994  0.02803776], Energy = -108.1667241168524
Minimum 2: Position = [-0.05003188  0.46669968], Energy = -80.76781807163542
Minimum 3: Position = [-0.55822365  1.44172583], Energy = -146.69951720995397

Approximate saddle points between minima:
Saddle 1: Position = [0.24094427 0.3183439 ], Energy = -71.90495588286332
Saddle 2: Position = [-0.83090421  0.58159709], Energy = -40.38702150582674

Computational statistics:
	Total energy calls: 4507
	Energy calls at each min: [1, 1349, 4507]
	Total force calls: 4507
	Force calls at each min: [1, 1349, 4507]
	Total steps: 4740
	Total Biases: 42

Verification against reference:
True minima found: 3/3

Verification against reference (saddles):
True saddles found: 2/2
Starting run 1458
Identified minimum at position [0.6234994  0.02803776] with unbiased energy -108.1667241168524
Identified minimum at position [-0.05056215  0.46683437] with unbiased energy -80.76777906779239
Identified minimum at position [-0.55822362  1.44172586] with unbiased energy -146.6995172099539
Simulation completed.


Energies of found minima:
Minimum 1: Position = [0.6234994  0.02803776], Energy = -108.1667241168524
Minimum 2: Position = [-0.05056215  0.46683437], Energy = -80.76777906779239
Minimum 3: Position = [-0.55822362  1.44172586], Energy = -146.6995172099539

Approximate saddle points between minima:
Saddle 1: Position = [0.21749206 0.3012542 ], Energy = -72.23827702520467
Saddle 2: Position = [-0.13067341  0.04219237], Energy = -37.44013386548342

Computational statistics:
	Total energy calls: 9825
	Energy calls at each min: [1, 1266, 9825]
	Total force calls: 9825
	Force calls at each min: [1, 1266, 9825]
	Total steps: 10341
	Total Biases: 77

Verification against reference:
True minima found: 3/3

Verification against reference (saddles):
True saddles found: 1/2
Missed saddles at positions:
[-0.82200156  0.6243128 ]
Starting run 4784
Identified minimum at position [0.6234994  0.02803776] with unbiased energy -108.1667241168524
Identified minimum at position [-0.05001209  0.46669444] with unbiased energy -80.76781812944742
Identified minimum at position [-0.55822363  1.44172585] with unbiased energy -146.699517209954
Simulation completed.


Energies of found minima:
Minimum 1: Position = [0.6234994  0.02803776], Energy = -108.1667241168524
Minimum 2: Position = [-0.05001209  0.46669444], Energy = -80.76781812944742
Minimum 3: Position = [-0.55822363  1.44172585], Energy = -146.699517209954

Approximate saddle points between minima:
Saddle 1: Position = [0.50440696 0.23997851], Energy = -72.20587525304168
Saddle 2: Position = [0.48640823 0.5457226 ], Energy = -30.84732965222804

Computational statistics:
	Total energy calls: 11334
	Energy calls at each min: [1, 2492, 11334]
	Total force calls: 11334
	Force calls at each min: [1, 2492, 11334]
	Total steps: 11941
	Total Biases: 93

Verification against reference:
True minima found: 3/3

Verification against reference (saddles):
True saddles found: 0/2
Missed saddles at positions:
[0.21248658 0.29298833]
[-0.82200156  0.6243128 ]
Starting run 1801
Identified minimum at position [0.6234994  0.02803776] with unbiased energy -108.1667241168524
Identified minimum at position [-0.05001085  0.46669411] with unbiased energy -80.76781812965892
Identified minimum at position [-0.55822362  1.44172586] with unbiased energy -146.6995172099539
Simulation completed.


Energies of found minima:
Minimum 1: Position = [0.6234994  0.02803776], Energy = -108.1667241168524
Minimum 2: Position = [-0.05001085  0.46669411], Energy = -80.76781812965892
Minimum 3: Position = [-0.55822362  1.44172586], Energy = -146.6995172099539

Approximate saddle points between minima:
Saddle 1: Position = [0.16478163 0.21772446], Energy = -71.39532212790567
Saddle 2: Position = [-0.83832723  0.60406961], Energy = -40.495261370124794

Computational statistics:
	Total energy calls: 6628
	Energy calls at each min: [1, 2523, 6628]
	Total force calls: 6628
	Force calls at each min: [1, 2523, 6628]
	Total steps: 6969
	Total Biases: 56

Verification against reference:
True minima found: 3/3

Verification against reference (saddles):
True saddles found: 1/2
Missed saddles at positions:
[0.21248658 0.29298833]
Starting run 4207
Identified minimum at position [0.6234994  0.02803776] with unbiased energy -108.1667241168524
Identified minimum at position [-0.0509101  0.4669213] with unbiased energy -80.76771450525906
Identified minimum at position [-0.55822365  1.44172583] with unbiased energy -146.69951720995397
Simulation completed.


Energies of found minima:
Minimum 1: Position = [0.6234994  0.02803776], Energy = -108.1667241168524
Minimum 2: Position = [-0.0509101  0.4669213], Energy = -80.76771450525906
Minimum 3: Position = [-0.55822365  1.44172583], Energy = -146.69951720995397

Approximate saddle points between minima:
Saddle 1: Position = [0.25789501 0.31498883], Energy = -71.5921670890036
Saddle 2: Position = [-0.16929403  0.71822114], Energy = -38.406450436996806

Computational statistics:
	Total energy calls: 4683
	Energy calls at each min: [1, 1392, 4683]
	Total force calls: 4683
	Force calls at each min: [1, 1392, 4683]
	Total steps: 4932
	Total Biases: 40

Verification against reference:
True minima found: 3/3

Verification against reference (saddles):
True saddles found: 0/2
Missed saddles at positions:
[0.21248658 0.29298833]
[-0.82200156  0.6243128 ]
Starting run 1604
Identified minimum at position [0.6234994  0.02803776] with unbiased energy -108.1667241168524
Identified minimum at position [-0.0518128   0.46709541] with unbiased energy -80.76742101426896
Identified minimum at position [-0.55822365  1.44172583] with unbiased energy -146.6995172099539
Simulation completed.


Energies of found minima:
Minimum 1: Position = [0.6234994  0.02803776], Energy = -108.1667241168524
Minimum 2: Position = [-0.0518128   0.46709541], Energy = -80.76742101426896
Minimum 3: Position = [-0.55822365  1.44172583], Energy = -146.6995172099539

Approximate saddle points between minima:
Saddle 1: Position = [0.07579793 0.17052626], Energy = -65.27004186874095
Saddle 2: Position = [-0.86901269  0.51207143], Energy = -36.90546792457866

Computational statistics:
	Total energy calls: 6228
	Energy calls at each min: [1, 1459, 6228]
	Total force calls: 6228
	Force calls at each min: [1, 1459, 6228]
	Total steps: 6555
	Total Biases: 50

Verification against reference:
True minima found: 2/3
Missed minima at positions:
[-0.05001082  0.4666941 ]

Verification against reference (saddles):
True saddles found: 0/2
Missed saddles at positions:
[0.21248658 0.29298833]
[-0.82200156  0.6243128 ]
Starting run 3480
Identified minimum at position [0.6234994  0.02803776] with unbiased energy -108.1667241168524
Identified minimum at position [-0.05001126  0.46669432] with unbiased energy -80.76781812961663
Identified minimum at position [-0.55822362  1.44172586] with unbiased energy -146.69951720995394
Simulation completed.


Energies of found minima:
Minimum 1: Position = [0.6234994  0.02803776], Energy = -108.1667241168524
Minimum 2: Position = [-0.05001126  0.46669432], Energy = -80.76781812961663
Minimum 3: Position = [-0.55822362  1.44172586], Energy = -146.69951720995394

Approximate saddle points between minima:
Saddle 1: Position = [0.27081858 0.29211281], Energy = -71.9266991847504
Saddle 2: Position = [-0.72607408  0.69213457], Energy = -37.90162789418875

Computational statistics:
	Total energy calls: 13552
	Energy calls at each min: [1, 2491, 13552]
	Total force calls: 13552
	Force calls at each min: [1, 2491, 13552]
	Total steps: 14260
	Total Biases: 111

Verification against reference:
True minima found: 3/3

Verification against reference (saddles):
True saddles found: 0/2
Missed saddles at positions:
[0.21248658 0.29298833]
[-0.82200156  0.6243128 ]
Starting run 2238
Identified minimum at position [0.6234994  0.02803776] with unbiased energy -108.1667241168524
Identified minimum at position [-0.05001375  0.46669468] with unbiased energy -80.76781812864252
Identified minimum at position [-0.55822362  1.44172586] with unbiased energy -146.69951720995397
Simulation completed.


Energies of found minima:
Minimum 1: Position = [0.6234994  0.02803776], Energy = -108.1667241168524
Minimum 2: Position = [-0.05001375  0.46669468], Energy = -80.76781812864252
Minimum 3: Position = [-0.55822362  1.44172586], Energy = -146.69951720995397

Approximate saddle points between minima:
Saddle 1: Position = [0.2047588  0.30526698], Energy = -72.32389439875615
Saddle 2: Position = [-0.69807939  0.66976271], Energy = -39.028110742694146

Computational statistics:
	Total energy calls: 7726
	Energy calls at each min: [1, 1448, 7726]
	Total force calls: 7726
	Force calls at each min: [1, 1448, 7726]
	Total steps: 8122
	Total Biases: 64

Verification against reference:
True minima found: 3/3

Verification against reference (saddles):
True saddles found: 1/2
Missed saddles at positions:
[-0.82200156  0.6243128 ]
Starting run 4993
Identified minimum at position [0.6234994  0.02803776] with unbiased energy -108.1667241168524
Identified minimum at position [-0.05016931  0.4667358 ] with unbiased energy -80.76781485299918
Identified minimum at position [-0.55822365  1.44172583] with unbiased energy -146.6995172099539
Simulation completed.


Energies of found minima:
Minimum 1: Position = [0.6234994  0.02803776], Energy = -108.1667241168524
Minimum 2: Position = [-0.05016931  0.4667358 ], Energy = -80.76781485299918
Minimum 3: Position = [-0.55822365  1.44172583], Energy = -146.6995172099539

Approximate saddle points between minima:
Saddle 1: Position = [0.19422473 0.27593132], Energy = -72.1118543722276
Saddle 2: Position = [-0.86447496  0.55724996], Energy = -39.02857742695449

Computational statistics:
	Total energy calls: 10351
	Energy calls at each min: [1, 2299, 10351]
	Total force calls: 10351
	Force calls at each min: [1, 2299, 10351]
	Total steps: 10877
	Total Biases: 88

Verification against reference:
True minima found: 3/3

Verification against reference (saddles):
True saddles found: 1/2
Missed saddles at positions:
[-0.82200156  0.6243128 ]
Starting run 553
Identified minimum at position [0.6234994  0.02803776] with unbiased energy -108.1667241168524
Identified minimum at position [-0.05002127  0.466697  ] with unbiased energy -80.76781811505441
Identified minimum at position [-0.55822365  1.44172583] with unbiased energy -146.69951720995397
Simulation completed.


Energies of found minima:
Minimum 1: Position = [0.6234994  0.02803776], Energy = -108.1667241168524
Minimum 2: Position = [-0.05002127  0.466697  ], Energy = -80.76781811505441
Minimum 3: Position = [-0.55822365  1.44172583], Energy = -146.69951720995397

Approximate saddle points between minima:
Saddle 1: Position = [0.5390356  0.25024332], Energy = -68.13607866601629
Saddle 2: Position = [-0.84546592  0.51563316], Energy = -38.152124528126

Computational statistics:
	Total energy calls: 10345
	Energy calls at each min: [1, 2124, 10345]
	Total force calls: 10345
	Force calls at each min: [1, 2124, 10345]
	Total steps: 10893
	Total Biases: 87

Verification against reference:
True minima found: 3/3

Verification against reference (saddles):
True saddles found: 0/2
Missed saddles at positions:
[0.21248658 0.29298833]
[-0.82200156  0.6243128 ]
