Starting run 4428
Identified minimum at position [0.6234994  0.02803776] with unbiased energy -108.1667241168524
Identified minimum at position [-0.05001616  0.4666957 ] with unbiased energy -80.76781812568075
Identified minimum at position [-0.55822362  1.44172585] with unbiased energy -146.69951720995394
Simulation completed.


Energies of found minima:
Minimum 1: Position = [0.6234994  0.02803776], Energy = -108.1667241168524
Minimum 2: Position = [-0.05001616  0.4666957 ], Energy = -80.76781812568075
Minimum 3: Position = [-0.55822362  1.44172585], Energy = -146.69951720995394

Approximate saddle points between minima:
Saddle 1: Position = [0.26967613 0.30381964], Energy = -71.59483239814385
Saddle 2: Position = [-0.74594753  0.68851994], Energy = -38.50854332749277

Computational statistics:
	Total energy calls: 1839
	Energy calls at each min: [1, 1048, 1839]
	Total force calls: 1839
	Force calls at each min: [1, 1048, 1839]
	Total steps: 1936
	Total Biases: 15

Verification against reference:
True minima found: 3/3

Verification against reference (saddles):
True saddles found: 0/2
Missed saddles at positions:
[0.21248658 0.29298833]
[-0.82200156  0.6243128 ]
Starting run 1094
Identified minimum at position [0.6234994  0.02803776] with unbiased energy -108.1667241168524
Identified minimum at position [-0.05109837  0.46690657] with unbiased energy -80.76767849245442
Identified minimum at position [-0.55822365  1.44172582] with unbiased energy -146.69951720995388
Simulation completed.


Energies of found minima:
Minimum 1: Position = [0.6234994  0.02803776], Energy = -108.1667241168524
Minimum 2: Position = [-0.05109837  0.46690657], Energy = -80.76767849245442
Minimum 3: Position = [-0.55822365  1.44172582], Energy = -146.69951720995388

Approximate saddle points between minima:
Saddle 1: Position = [0.11769787 0.09823803], Energy = -68.29866492667037
Saddle 2: Position = [-0.82509679  0.62621186], Energy = -40.669618214858204

Computational statistics:
	Total energy calls: 5619
	Energy calls at each min: [1, 1202, 5619]
	Total force calls: 5619
	Force calls at each min: [1, 1202, 5619]
	Total steps: 5908
	Total Biases: 46

Verification against reference:
True minima found: 2/3
Missed minima at positions:
[-0.05001082  0.4666941 ]

Verification against reference (saddles):
True saddles found: 1/2
Missed saddles at positions:
[0.21248658 0.29298833]
Starting run 4713
Identified minimum at position [0.6234994  0.02803776] with unbiased energy -108.1667241168524
Identified minimum at position [-0.0500673   0.46670522] with unbiased energy -80.76781775253977
Identified minimum at position [-0.55822362  1.44172586] with unbiased energy -146.6995172099539
Simulation completed.


Energies of found minima:
Minimum 1: Position = [0.6234994  0.02803776], Energy = -108.1667241168524
Minimum 2: Position = [-0.0500673   0.46670522], Energy = -80.76781775253977
Minimum 3: Position = [-0.55822362  1.44172586], Energy = -146.6995172099539

Approximate saddle points between minima:
Saddle 1: Position = [0.28680305 0.34591062], Energy = -70.06024686898203
Saddle 2: Position = [-0.86937334  0.52070263], Energy = -37.34144517092747

Computational statistics:
	Total energy calls: 5513
	Energy calls at each min: [1, 1668, 5513]
	Total force calls: 5513
	Force calls at each min: [1, 1668, 5513]
	Total steps: 5811
	Total Biases: 47

Verification against reference:
True minima found: 3/3

Verification against reference (saddles):
True saddles found: 0/2
Missed saddles at positions:
[0.21248658 0.29298833]
[-0.82200156  0.6243128 ]
Starting run 1403
Identified minimum at position [0.6234994  0.02803776] with unbiased energy -108.1667241168524
Identified minimum at position [-0.05112729  0.46693395] with unbiased energy -80.76766736550502
Identified minimum at position [-0.55822364  1.44172584] with unbiased energy -146.69951720995397
Simulation completed.


Energies of found minima:
Minimum 1: Position = [0.6234994  0.02803776], Energy = -108.1667241168524
Minimum 2: Position = [-0.05112729  0.46693395], Energy = -80.76766736550502
Minimum 3: Position = [-0.55822364  1.44172584], Energy = -146.69951720995397

Approximate saddle points between minima:
Saddle 1: Position = [0.29348784 0.39293079], Energy = -68.6373826824458
Saddle 2: Position = [-0.7822999   0.64637669], Energy = -40.31682605347531

Computational statistics:
	Total energy calls: 2704
	Energy calls at each min: [1, 1141, 2704]
	Total force calls: 2704
	Force calls at each min: [1, 1141, 2704]
	Total steps: 2849
	Total Biases: 22

Verification against reference:
True minima found: 2/3
Missed minima at positions:
[-0.05001082  0.4666941 ]

Verification against reference (saddles):
True saddles found: 1/2
Missed saddles at positions:
[0.21248658 0.29298833]
Starting run 3404
Identified minimum at position [0.6234994  0.02803776] with unbiased energy -108.1667241168524
Identified minimum at position [-0.0500112   0.46669418] with unbiased energy -80.76781812964217
Identified minimum at position [-0.55822362  1.44172586] with unbiased energy -146.6995172099539
Simulation completed.


Energies of found minima:
Minimum 1: Position = [0.6234994  0.02803776], Energy = -108.1667241168524
Minimum 2: Position = [-0.0500112   0.46669418], Energy = -80.76781812964217
Minimum 3: Position = [-0.55822362  1.44172586], Energy = -146.6995172099539

Approximate saddle points between minima:
Saddle 1: Position = [0.37656875 0.31127058], Energy = -67.63390493657539
Saddle 2: Position = [-0.85283383  0.59970374], Energy = -40.31662531633778

Computational statistics:
	Total energy calls: 5226
	Energy calls at each min: [1, 938, 5226]
	Total force calls: 5226
	Force calls at each min: [1, 938, 5226]
	Total steps: 5503
	Total Biases: 44

Verification against reference:
True minima found: 3/3

Verification against reference (saddles):
True saddles found: 1/2
Missed saddles at positions:
[0.21248658 0.29298833]
Starting run 1026
Identified minimum at position [0.6234994  0.02803776] with unbiased energy -108.1667241168524
Identified minimum at position [-0.05086493  0.466896  ] with unbiased energy -80.76772709680108
Identified minimum at position [-0.55822365  1.44172582] with unbiased energy -146.6995172099539
Simulation completed.


Energies of found minima:
Minimum 1: Position = [0.6234994  0.02803776], Energy = -108.1667241168524
Minimum 2: Position = [-0.05086493  0.466896  ], Energy = -80.76772709680108
Minimum 3: Position = [-0.55822365  1.44172582], Energy = -146.6995172099539

Approximate saddle points between minima:
Saddle 1: Position = [0.19867871 0.30475735], Energy = -72.34418518901012
Saddle 2: Position = [-0.82420827  0.59697503], Energy = -40.615187146718654

Computational statistics:
	Total energy calls: 9044
	Energy calls at each min: [1, 1162, 9044]
	Total force calls: 9044
	Force calls at each min: [1, 1162, 9044]
	Total steps: 9504
	Total Biases: 77

Verification against reference:
True minima found: 3/3

Verification against reference (saddles):
True saddles found: 2/2
Starting run 4096
Identified minimum at position [0.6234994  0.02803776] with unbiased energy -108.1667241168524
Identified minimum at position [-0.05009     0.46671069] with unbiased energy -80.76781737686075
Identified minimum at position [-0.55822362  1.44172586] with unbiased energy -146.6995172099539
Simulation completed.


Energies of found minima:
Minimum 1: Position = [0.6234994  0.02803776], Energy = -108.1667241168524
Minimum 2: Position = [-0.05009     0.46671069], Energy = -80.76781737686075
Minimum 3: Position = [-0.55822362  1.44172586], Energy = -146.6995172099539

Approximate saddle points between minima:
Saddle 1: Position = [0.13613647 0.19755597], Energy = -69.88482259943602
Saddle 2: Position = [-0.20890476  0.12685567], Energy = -37.084022355596716

Computational statistics:
	Total energy calls: 13841
	Energy calls at each min: [1, 1482, 13841]
	Total force calls: 13841
	Force calls at each min: [1, 1482, 13841]
	Total steps: 14559
	Total Biases: 115

Verification against reference:
True minima found: 3/3

Verification against reference (saddles):
True saddles found: 0/2
Missed saddles at positions:
[0.21248658 0.29298833]
[-0.82200156  0.6243128 ]
Starting run 1203
Identified minimum at position [0.6234994  0.02803776] with unbiased energy -108.1667241168524
Identified minimum at position [-0.05114547  0.46702113] with unbiased energy -80.76764197117802
Identified minimum at position [-0.55822363  1.44172585] with unbiased energy -146.699517209954
Simulation completed.


Energies of found minima:
Minimum 1: Position = [0.6234994  0.02803776], Energy = -108.1667241168524
Minimum 2: Position = [-0.05114547  0.46702113], Energy = -80.76764197117802
Minimum 3: Position = [-0.55822363  1.44172585], Energy = -146.699517209954

Approximate saddle points between minima:
Saddle 1: Position = [0.2548818 0.3243393], Energy = -71.53879907460676
Saddle 2: Position = [-0.85293386  0.59202534], Energy = -40.167811558732

Computational statistics:
	Total energy calls: 10569
	Energy calls at each min: [1, 2083, 10569]
	Total force calls: 10569
	Force calls at each min: [1, 2083, 10569]
	Total steps: 11129
	Total Biases: 85

Verification against reference:
True minima found: 2/3
Missed minima at positions:
[-0.05001082  0.4666941 ]

Verification against reference (saddles):
True saddles found: 1/2
Missed saddles at positions:
[0.21248658 0.29298833]
Starting run 666
Identified minimum at position [0.6234994  0.02803776] with unbiased energy -108.1667241168524
Identified minimum at position [-0.05001148  0.46669498] with unbiased energy -80.76781812912955
Identified minimum at position [-0.55822362  1.44172585] with unbiased energy -146.69951720995397
Simulation completed.


Energies of found minima:
Minimum 1: Position = [0.6234994  0.02803776], Energy = -108.1667241168524
Minimum 2: Position = [-0.05001148  0.46669498], Energy = -80.76781812912955
Minimum 3: Position = [-0.55822362  1.44172585], Energy = -146.69951720995397

Approximate saddle points between minima:
Saddle 1: Position = [0.21192127 0.29833715], Energy = -72.25647726906524
Saddle 2: Position = [-0.16046896  0.07430614], Energy = -37.06331994788876

Computational statistics:
	Total energy calls: 16091
	Energy calls at each min: [1, 1499, 16091]
	Total force calls: 16091
	Force calls at each min: [1, 1499, 16091]
	Total steps: 16915
	Total Biases: 126

Verification against reference:
True minima found: 3/3

Verification against reference (saddles):
True saddles found: 1/2
Missed saddles at positions:
[-0.82200156  0.6243128 ]
Starting run 4839
Identified minimum at position [0.6234994  0.02803776] with unbiased energy -108.1667241168524
Identified minimum at position [-0.05007408  0.46670911] with unbiased energy -80.76781762986127
Approximate Hessian has condition number >1e6 and cannot be reliably trusted; reverting to default behavior. 
Eigenvalues: [1.99675938e-03 5.09212584e+06]
Identified minimum at position [-0.55822363  1.44172585] with unbiased energy -146.69951720995397
Simulation completed.


Energies of found minima:
Minimum 1: Position = [0.6234994  0.02803776], Energy = -108.1667241168524
Minimum 2: Position = [-0.05007408  0.46670911], Energy = -80.76781762986127
Minimum 3: Position = [-0.55822363  1.44172585], Energy = -146.69951720995397

Approximate saddle points between minima:
Saddle 1: Position = [ 0.9387397  -0.03230308], Energy = -67.42313593258166
Saddle 2: Position = [-0.61899761  0.69121334], Energy = -37.23925116312977

Computational statistics:
	Total energy calls: 5097
	Energy calls at each min: [1, 1235, 5097]
	Total force calls: 5097
	Force calls at each min: [1, 1235, 5097]
	Total steps: 5364
	Total Biases: 43

Verification against reference:
True minima found: 3/3

Verification against reference (saddles):
True saddles found: 0/2
Missed saddles at positions:
[0.21248658 0.29298833]
[-0.82200156  0.6243128 ]
Starting run 4316
Identified minimum at position [0.6234994  0.02803776] with unbiased energy -108.1667241168524
Identified minimum at position [-0.05038139  0.46676969] with unbiased energy -80.7678017537806
Identified minimum at position [-0.55822362  1.44172586] with unbiased energy -146.69951720995388
Simulation completed.


Energies of found minima:
Minimum 1: Position = [0.6234994  0.02803776], Energy = -108.1667241168524
Minimum 2: Position = [-0.05038139  0.46676969], Energy = -80.7678017537806
Minimum 3: Position = [-0.55822362  1.44172586], Energy = -146.69951720995388

Approximate saddle points between minima:
Saddle 1: Position = [0.07717259 0.11179537], Energy = -64.27957412057464
Saddle 2: Position = [-0.56020021  0.75771289], Energy = -28.43222660372964

Computational statistics:
	Total energy calls: 5939
	Energy calls at each min: [1, 1421, 5939]
	Total force calls: 5939
	Force calls at each min: [1, 1421, 5939]
	Total steps: 6254
	Total Biases: 45

Verification against reference:
True minima found: 3/3

Verification against reference (saddles):
True saddles found: 0/2
Missed saddles at positions:
[0.21248658 0.29298833]
[-0.82200156  0.6243128 ]
Starting run 180
Identified minimum at position [0.6234994  0.02803776] with unbiased energy -108.1667241168524
Identified minimum at position [-0.05001416  0.46669482] with unbiased energy -80.76781812831203
Identified minimum at position [-0.55822363  1.44172585] with unbiased energy -146.699517209954
Simulation completed.


Energies of found minima:
Minimum 1: Position = [0.6234994  0.02803776], Energy = -108.1667241168524
Minimum 2: Position = [-0.05001416  0.46669482], Energy = -80.76781812831203
Minimum 3: Position = [-0.55822363  1.44172585], Energy = -146.699517209954

Approximate saddle points between minima:
Saddle 1: Position = [0.23852275 0.29100512], Energy = -72.20959190426109
Saddle 2: Position = [-0.86299038  0.52306512], Energy = -37.717580483235665

Computational statistics:
	Total energy calls: 5881
	Energy calls at each min: [1, 1469, 5881]
	Total force calls: 5881
	Force calls at each min: [1, 1469, 5881]
	Total steps: 6188
	Total Biases: 48

Verification against reference:
True minima found: 3/3

Verification against reference (saddles):
True saddles found: 1/2
Missed saddles at positions:
[-0.82200156  0.6243128 ]
Starting run 377
Identified minimum at position [0.6234994  0.02803776] with unbiased energy -108.1667241168524
Identified minimum at position [-0.0500114  0.4666942] with unbiased energy -80.76781812962054
Identified minimum at position [-0.55822363  1.44172585] with unbiased energy -146.69951720995397
Simulation completed.


Energies of found minima:
Minimum 1: Position = [0.6234994  0.02803776], Energy = -108.1667241168524
Minimum 2: Position = [-0.0500114  0.4666942], Energy = -80.76781812962054
Minimum 3: Position = [-0.55822363  1.44172585], Energy = -146.69951720995397

Approximate saddle points between minima:
Saddle 1: Position = [0.3315181  0.28313881], Energy = -71.42843780770855
Saddle 2: Position = [-0.86126539  0.48114251], Energy = -35.39357707442729

Computational statistics:
	Total energy calls: 6000
	Energy calls at each min: [1, 1304, 6000]
	Total force calls: 6000
	Force calls at each min: [1, 1304, 6000]
	Total steps: 6330
	Total Biases: 52

Verification against reference:
True minima found: 3/3

Verification against reference (saddles):
True saddles found: 0/2
Missed saddles at positions:
[0.21248658 0.29298833]
[-0.82200156  0.6243128 ]
Starting run 4196
Identified minimum at position [0.6234994  0.02803776] with unbiased energy -108.1667241168524
Identified minimum at position [-0.05028617  0.46675574] with unbiased energy -80.76780884542502
Identified minimum at position [-0.55822364  1.44172584] with unbiased energy -146.699517209954
Simulation completed.


Energies of found minima:
Minimum 1: Position = [0.6234994  0.02803776], Energy = -108.1667241168524
Minimum 2: Position = [-0.05028617  0.46675574], Energy = -80.76780884542502
Minimum 3: Position = [-0.55822364  1.44172584], Energy = -146.699517209954

Approximate saddle points between minima:
Saddle 1: Position = [0.13454481 0.19515358], Energy = -69.78564175719515
Saddle 2: Position = [-0.28337283 -0.18079255], Energy = 5.644414655374675

Computational statistics:
	Total energy calls: 8579
	Energy calls at each min: [1, 908, 8579]
	Total force calls: 8579
	Force calls at each min: [1, 908, 8579]
	Total steps: 9025
	Total Biases: 69

Verification against reference:
True minima found: 3/3

Verification against reference (saddles):
True saddles found: 0/2
Missed saddles at positions:
[0.21248658 0.29298833]
[-0.82200156  0.6243128 ]
Starting run 1377
Identified minimum at position [0.6234994  0.02803776] with unbiased energy -108.1667241168524
Identified minimum at position [-0.05002702  0.46669765] with unbiased energy -80.76781809776311
Identified minimum at position [-0.55822362  1.44172586] with unbiased energy -146.69951720995394
Simulation completed.


Energies of found minima:
Minimum 1: Position = [0.6234994  0.02803776], Energy = -108.1667241168524
Minimum 2: Position = [-0.05002702  0.46669765], Energy = -80.76781809776311
Minimum 3: Position = [-0.55822362  1.44172586], Energy = -146.69951720995394

Approximate saddle points between minima:
Saddle 1: Position = [0.20656634 0.30600453], Energy = -72.3205606879772
Saddle 2: Position = [-0.81172993  0.62085279], Energy = -40.698762234074906

Computational statistics:
	Total energy calls: 1420
	Energy calls at each min: [1, 852, 1420]
	Total force calls: 1420
	Force calls at each min: [1, 852, 1420]
	Total steps: 1497
	Total Biases: 13

Verification against reference:
True minima found: 3/3

Verification against reference (saddles):
True saddles found: 2/2
Starting run 2472
Identified minimum at position [0.6234994  0.02803776] with unbiased energy -108.1667241168524
Identified minimum at position [-0.05001247  0.46669452] with unbiased energy -80.76781812931047
Identified minimum at position [-0.55822362  1.44172586] with unbiased energy -146.69951720995388
Simulation completed.


Energies of found minima:
Minimum 1: Position = [0.6234994  0.02803776], Energy = -108.1667241168524
Minimum 2: Position = [-0.05001247  0.46669452], Energy = -80.76781812931047
Minimum 3: Position = [-0.55822362  1.44172586], Energy = -146.69951720995388

Approximate saddle points between minima:
Saddle 1: Position = [0.21226055 0.29362699], Energy = -72.2490990552582
Saddle 2: Position = [-0.85349565  0.56451235], Energy = -39.534503293185026

Computational statistics:
	Total energy calls: 7889
	Energy calls at each min: [1, 1703, 7889]
	Total force calls: 7889
	Force calls at each min: [1, 1703, 7889]
	Total steps: 8308
	Total Biases: 64

Verification against reference:
True minima found: 3/3

Verification against reference (saddles):
True saddles found: 1/2
Missed saddles at positions:
[-0.82200156  0.6243128 ]
Starting run 1646
Identified minimum at position [0.6234994  0.02803776] with unbiased energy -108.1667241168524
Identified minimum at position [-0.05003015  0.46670008] with unbiased energy -80.76781807631693
Identified minimum at position [-0.55822365  1.44172583] with unbiased energy -146.69951720995397
Simulation completed.


Energies of found minima:
Minimum 1: Position = [0.6234994  0.02803776], Energy = -108.1667241168524
Minimum 2: Position = [-0.05003015  0.46670008], Energy = -80.76781807631693
Minimum 3: Position = [-0.55822365  1.44172583], Energy = -146.69951720995397

Approximate saddle points between minima:
Saddle 1: Position = [0.11273018 0.09533541], Energy = -67.7179616169594
Saddle 2: Position = [-0.24024464  0.16188036], Energy = -38.06930776867276

Computational statistics:
	Total energy calls: 2671
	Energy calls at each min: [1, 1215, 2671]
	Total force calls: 2671
	Force calls at each min: [1, 1215, 2671]
	Total steps: 2812
	Total Biases: 23

Verification against reference:
True minima found: 3/3

Verification against reference (saddles):
True saddles found: 0/2
Missed saddles at positions:
[0.21248658 0.29298833]
[-0.82200156  0.6243128 ]
Starting run 43
Identified minimum at position [0.6234994  0.02803776] with unbiased energy -108.1667241168524
Identified minimum at position [-0.05001184  0.46669432] with unbiased energy -80.76781812953396
Identified minimum at position [-0.55822364  1.44172583] with unbiased energy -146.69951720995397
Simulation completed.


Energies of found minima:
Minimum 1: Position = [0.6234994  0.02803776], Energy = -108.1667241168524
Minimum 2: Position = [-0.05001184  0.46669432], Energy = -80.76781812953396
Minimum 3: Position = [-0.55822364  1.44172583], Energy = -146.69951720995397

Approximate saddle points between minima:
Saddle 1: Position = [0.21568516 0.28218935], Energy = -72.29227585980243
Saddle 2: Position = [-0.8065697   0.64265024], Energy = -40.527421181280374

Computational statistics:
	Total energy calls: 5619
	Energy calls at each min: [1, 1301, 5619]
	Total force calls: 5619
	Force calls at each min: [1, 1301, 5619]
	Total steps: 5918
	Total Biases: 48

Verification against reference:
True minima found: 3/3

Verification against reference (saddles):
True saddles found: 2/2
Starting run 4608
Identified minimum at position [0.6234994  0.02803776] with unbiased energy -108.1667241168524
Identified minimum at position [-0.05017169  0.46673682] with unbiased energy -80.76781473875917
Identified minimum at position [-0.55822365  1.44172582] with unbiased energy -146.69951720995388
Simulation completed.


Energies of found minima:
Minimum 1: Position = [0.6234994  0.02803776], Energy = -108.1667241168524
Minimum 2: Position = [-0.05017169  0.46673682], Energy = -80.76781473875917
Minimum 3: Position = [-0.55822365  1.44172582], Energy = -146.69951720995388

Approximate saddle points between minima:
Saddle 1: Position = [0.25369841 0.30318019], Energy = -71.86734646515929
Saddle 2: Position = [-0.85765928  0.59253087], Energy = -40.12571680455364

Computational statistics:
	Total energy calls: 8846
	Energy calls at each min: [1, 2631, 8846]
	Total force calls: 8846
	Force calls at each min: [1, 2631, 8846]
	Total steps: 9302
	Total Biases: 74

Verification against reference:
True minima found: 3/3

Verification against reference (saddles):
True saddles found: 2/2
Starting run 0
Identified minimum at position [0.6234994  0.02803776] with unbiased energy -108.1667241168524
Identified minimum at position [-0.05012795  0.46672364] with unbiased energy -80.76781637361972
Identified minimum at position [-0.55822364  1.44172583] with unbiased energy -146.699517209954
Simulation completed.


Energies of found minima:
Minimum 1: Position = [0.6234994  0.02803776], Energy = -108.1667241168524
Minimum 2: Position = [-0.05012795  0.46672364], Energy = -80.76781637361972
Minimum 3: Position = [-0.55822364  1.44172583], Energy = -146.699517209954

Approximate saddle points between minima:
Saddle 1: Position = [0.21434337 0.27065039], Energy = -72.38355778617267
Saddle 2: Position = [-0.83545084  0.59886295], Energy = -40.473696556491376

Computational statistics:
	Total energy calls: 11432
	Energy calls at each min: [1, 2324, 11432]
	Total force calls: 11432
	Force calls at each min: [1, 2324, 11432]
	Total steps: 12023
	Total Biases: 95

Verification against reference:
True minima found: 3/3

Verification against reference (saddles):
True saddles found: 2/2
Starting run 9
Identified minimum at position [0.6234994  0.02803776] with unbiased energy -108.1667241168524
Identified minimum at position [-0.05007976  0.46672022] with unbiased energy -80.76781733518794
Identified minimum at position [-0.55822365  1.44172583] with unbiased energy -146.6995172099539
Simulation completed.


Energies of found minima:
Minimum 1: Position = [0.6234994  0.02803776], Energy = -108.1667241168524
Minimum 2: Position = [-0.05007976  0.46672022], Energy = -80.76781733518794
Minimum 3: Position = [-0.55822365  1.44172583], Energy = -146.6995172099539

Approximate saddle points between minima:
Saddle 1: Position = [0.18850963 0.00353879], Energy = -72.01860654442174
Saddle 2: Position = [-0.82107312  0.62623857], Energy = -40.66391117755475

Computational statistics:
	Total energy calls: 6423
	Energy calls at each min: [1, 2436, 6423]
	Total force calls: 6423
	Force calls at each min: [1, 2436, 6423]
	Total steps: 6752
	Total Biases: 57

Verification against reference:
True minima found: 3/3

Verification against reference (saddles):
True saddles found: 1/2
Missed saddles at positions:
[0.21248658 0.29298833]
Starting run 1805
Identified minimum at position [0.6234994  0.02803776] with unbiased energy -108.1667241168524
Identified minimum at position [-0.05002389  0.46670407] with unbiased energy -80.7678180564927
Identified minimum at position [-0.55822363  1.44172584] with unbiased energy -146.69951720995402
Simulation completed.


Energies of found minima:
Minimum 1: Position = [0.6234994  0.02803776], Energy = -108.1667241168524
Minimum 2: Position = [-0.05002389  0.46670407], Energy = -80.7678180564927
Minimum 3: Position = [-0.55822363  1.44172584], Energy = -146.69951720995402

Approximate saddle points between minima:
Saddle 1: Position = [0.11596153 0.19118418], Energy = -68.5439189364678
Saddle 2: Position = [-0.18073309  0.13397151], Energy = -40.306734509527175

Computational statistics:
	Total energy calls: 12970
	Energy calls at each min: [1, 2082, 12970]
	Total force calls: 12970
	Force calls at each min: [1, 2082, 12970]
	Total steps: 13631
	Total Biases: 108

Verification against reference:
True minima found: 3/3

Verification against reference (saddles):
True saddles found: 0/2
Missed saddles at positions:
[0.21248658 0.29298833]
[-0.82200156  0.6243128 ]
Starting run 194
Identified minimum at position [0.6234994  0.02803776] with unbiased energy -108.1667241168524
Identified minimum at position [-0.05044777  0.4667918 ] with unbiased energy -80.76779475830479
Identified minimum at position [-0.55822363  1.44172585] with unbiased energy -146.69951720995402
Simulation completed.


Energies of found minima:
Minimum 1: Position = [0.6234994  0.02803776], Energy = -108.1667241168524
Minimum 2: Position = [-0.05044777  0.4667918 ], Energy = -80.76779475830479
Minimum 3: Position = [-0.55822363  1.44172585], Energy = -146.69951720995402

Approximate saddle points between minima:
Saddle 1: Position = [0.13005357 0.16876624], Energy = -69.54501342296794
Saddle 2: Position = [-0.1303637   0.02320428], Energy = -35.72406672059039

Computational statistics:
	Total energy calls: 6993
	Energy calls at each min: [1, 1241, 6993]
	Total force calls: 6993
	Force calls at each min: [1, 1241, 6993]
	Total steps: 7361
	Total Biases: 57

Verification against reference:
True minima found: 3/3

Verification against reference (saddles):
True saddles found: 0/2
Missed saddles at positions:
[0.21248658 0.29298833]
[-0.82200156  0.6243128 ]
Starting run 1729
Identified minimum at position [0.6234994  0.02803776] with unbiased energy -108.1667241168524
Identified minimum at position [-0.05001251  0.46669481] with unbiased energy -80.76781812913751
Identified minimum at position [-0.55822364  1.44172584] with unbiased energy -146.699517209954
Simulation completed.


Energies of found minima:
Minimum 1: Position = [0.6234994  0.02803776], Energy = -108.1667241168524
Minimum 2: Position = [-0.05001251  0.46669481], Energy = -80.76781812913751
Minimum 3: Position = [-0.55822364  1.44172584], Energy = -146.699517209954

Approximate saddle points between minima:
Saddle 1: Position = [0.1078801  0.18380267], Energy = -67.91765586346334
Saddle 2: Position = [-0.75983003  0.64192856], Energy = -40.44692843575545

Computational statistics:
	Total energy calls: 4110
	Energy calls at each min: [1, 1707, 4110]
	Total force calls: 4110
	Force calls at each min: [1, 1707, 4110]
	Total steps: 4331
	Total Biases: 36

Verification against reference:
True minima found: 3/3

Verification against reference (saddles):
True saddles found: 0/2
Missed saddles at positions:
[0.21248658 0.29298833]
[-0.82200156  0.6243128 ]
Starting run 3980
Identified minimum at position [0.6234994  0.02803776] with unbiased energy -108.1667241168524
Identified minimum at position [-0.05034683  0.46678385] with unbiased energy -80.76780329356161
Identified minimum at position [-0.55822362  1.44172585] with unbiased energy -146.69951720995394
Simulation completed.


Energies of found minima:
Minimum 1: Position = [0.6234994  0.02803776], Energy = -108.1667241168524
Minimum 2: Position = [-0.05034683  0.46678385], Energy = -80.76780329356161
Minimum 3: Position = [-0.55822362  1.44172585], Energy = -146.69951720995394

Approximate saddle points between minima:
Saddle 1: Position = [0.27949406 0.2944743 ], Energy = -71.72830880641885
Saddle 2: Position = [-0.29632955  0.18429374], Energy = -36.38334327610578

Computational statistics:
	Total energy calls: 11215
	Energy calls at each min: [1, 2290, 11215]
	Total force calls: 11215
	Force calls at each min: [1, 2290, 11215]
	Total steps: 11780
	Total Biases: 93

Verification against reference:
True minima found: 3/3

Verification against reference (saddles):
True saddles found: 0/2
Missed saddles at positions:
[0.21248658 0.29298833]
[-0.82200156  0.6243128 ]
Starting run 4515
Identified minimum at position [0.6234994  0.02803776] with unbiased energy -108.1667241168524
Identified minimum at position [-0.05002097  0.46669639] with unbiased energy -80.76781811703802
Identified minimum at position [-0.55822364  1.44172583] with unbiased energy -146.699517209954
Simulation completed.


Energies of found minima:
Minimum 1: Position = [0.6234994  0.02803776], Energy = -108.1667241168524
Minimum 2: Position = [-0.05002097  0.46669639], Energy = -80.76781811703802
Minimum 3: Position = [-0.55822364  1.44172583], Energy = -146.699517209954

Approximate saddle points between minima:
Saddle 1: Position = [0.26954164 0.29650426], Energy = -71.80486982015671
Saddle 2: Position = [-0.71077825  0.69469983], Energy = -37.45450055675038

Computational statistics:
	Total energy calls: 4828
	Energy calls at each min: [1, 1939, 4828]
	Total force calls: 4828
	Force calls at each min: [1, 1939, 4828]
	Total steps: 5076
	Total Biases: 41

Verification against reference:
True minima found: 3/3

Verification against reference (saddles):
True saddles found: 0/2
Missed saddles at positions:
[0.21248658 0.29298833]
[-0.82200156  0.6243128 ]
