Starting run 3173
Identified minimum at position [0.6234994  0.02803776] with unbiased energy -108.1667241168524
Identified minimum at position [-0.05030318  0.46675784] with unbiased energy -80.76780774874857
Identified minimum at position [-0.55822365  1.44172583] with unbiased energy -146.69951720995394
Simulation completed.


Energies of found minima:
Minimum 1: Position = [0.6234994  0.02803776], Energy = -108.1667241168524
Minimum 2: Position = [-0.05030318  0.46675784], Energy = -80.76780774874857
Minimum 3: Position = [-0.55822365  1.44172583], Energy = -146.69951720995394

Approximate saddle points between minima:
Saddle 1: Position = [ 9.37252791e-01 -5.50062434e-04], Energy = -71.90631476024652
Saddle 2: Position = [-0.84090579  0.58467948], Energy = -40.22317110971139

Computational statistics:
	Total energy calls: 4536
	Energy calls at each min: [1, 1301, 4536]
	Total force calls: 4536
	Force calls at each min: [1, 1301, 4536]
	Total steps: 4778
	Total Biases: 38

Verification against reference:
True minima found: 3/3

Verification against reference (saddles):
True saddles found: 1/2
Missed saddles at positions:
[0.21248658 0.29298833]
Starting run 4188
Identified minimum at position [0.6234994  0.02803776] with unbiased energy -108.1667241168524
Identified minimum at position [-0.05002832  0.46669845] with unbiased energy -80.76781809071075
Identified minimum at position [-0.55822362  1.44172586] with unbiased energy -146.69951720995388
Simulation completed.


Energies of found minima:
Minimum 1: Position = [0.6234994  0.02803776], Energy = -108.1667241168524
Minimum 2: Position = [-0.05002832  0.46669845], Energy = -80.76781809071075
Minimum 3: Position = [-0.55822362  1.44172586], Energy = -146.69951720995388

Approximate saddle points between minima:
Saddle 1: Position = [0.45891095 0.27825841], Energy = -67.40070270167229
Saddle 2: Position = [-0.24984258 -0.04645324], Energy = -15.896805706606145

Computational statistics:
	Total energy calls: 12533
	Energy calls at each min: [1, 1943, 12533]
	Total force calls: 12533
	Force calls at each min: [1, 1943, 12533]
	Total steps: 13195
	Total Biases: 104

Verification against reference:
True minima found: 3/3

Verification against reference (saddles):
True saddles found: 0/2
Missed saddles at positions:
[0.21248658 0.29298833]
[-0.82200156  0.6243128 ]
Starting run 3698
Identified minimum at position [0.6234994  0.02803776] with unbiased energy -108.1667241168524
Identified minimum at position [-0.05001151  0.46669423] with unbiased energy -80.76781812960422
Identified minimum at position [-0.55822361  1.44172586] with unbiased energy -146.69951720995385
Simulation completed.


Energies of found minima:
Minimum 1: Position = [0.6234994  0.02803776], Energy = -108.1667241168524
Minimum 2: Position = [-0.05001151  0.46669423], Energy = -80.76781812960422
Minimum 3: Position = [-0.55822361  1.44172586], Energy = -146.69951720995385

Approximate saddle points between minima:
Saddle 1: Position = [0.15070064 0.28433908], Energy = -71.61944308933668
Saddle 2: Position = [-0.8838677   0.47882658], Energy = -34.0392266035169

Computational statistics:
	Total energy calls: 8261
	Energy calls at each min: [1, 1289, 8261]
	Total force calls: 8261
	Force calls at each min: [1, 1289, 8261]
	Total steps: 8708
	Total Biases: 67

Verification against reference:
True minima found: 3/3

Verification against reference (saddles):
True saddles found: 0/2
Missed saddles at positions:
[0.21248658 0.29298833]
[-0.82200156  0.6243128 ]
Starting run 1650
Identified minimum at position [0.6234994  0.02803776] with unbiased energy -108.1667241168524
Identified minimum at position [-0.05083853  0.46693274] with unbiased energy -80.76772438515333
Identified minimum at position [-0.55822365  1.44172583] with unbiased energy -146.6995172099539
Simulation completed.


Energies of found minima:
Minimum 1: Position = [0.6234994  0.02803776], Energy = -108.1667241168524
Minimum 2: Position = [-0.05083853  0.46693274], Energy = -80.76772438515333
Minimum 3: Position = [-0.55822365  1.44172583], Energy = -146.6995172099539

Approximate saddle points between minima:
Saddle 1: Position = [ 0.02269914 -0.02760011], Energy = -47.775873912907045
Saddle 2: Position = [-0.78541587  0.66472229], Energy = -39.973772253484874

Computational statistics:
	Total energy calls: 6809
	Energy calls at each min: [1, 2025, 6809]
	Total force calls: 6809
	Force calls at each min: [1, 2025, 6809]
	Total steps: 7183
	Total Biases: 58

Verification against reference:
True minima found: 3/3

Verification against reference (saddles):
True saddles found: 0/2
Missed saddles at positions:
[0.21248658 0.29298833]
[-0.82200156  0.6243128 ]
Starting run 67
Identified minimum at position [0.6234994  0.02803776] with unbiased energy -108.1667241168524
Identified minimum at position [-0.05003051  0.46669786] with unbiased energy -80.76781808412991
Identified minimum at position [-0.55822365  1.44172583] with unbiased energy -146.69951720995394
Simulation completed.


Energies of found minima:
Minimum 1: Position = [0.6234994  0.02803776], Energy = -108.1667241168524
Minimum 2: Position = [-0.05003051  0.46669786], Energy = -80.76781808412991
Minimum 3: Position = [-0.55822365  1.44172583], Energy = -146.69951720995394

Approximate saddle points between minima:
Saddle 1: Position = [0.12235157 0.23262228], Energy = -69.45418622018602
Saddle 2: Position = [1.05630292 0.06798912], Energy = -27.07530668161897

Computational statistics:
	Total energy calls: 8776
	Energy calls at each min: [1, 1242, 8776]
	Total force calls: 8776
	Force calls at each min: [1, 1242, 8776]
	Total steps: 9242
	Total Biases: 71

Verification against reference:
True minima found: 3/3

Verification against reference (saddles):
True saddles found: 0/2
Missed saddles at positions:
[0.21248658 0.29298833]
[-0.82200156  0.6243128 ]
Starting run 4833
Identified minimum at position [0.6234994  0.02803776] with unbiased energy -108.1667241168524
Identified minimum at position [-0.05006576  0.46670913] with unbiased energy -80.76781772846542
Identified minimum at position [-0.55822362  1.44172586] with unbiased energy -146.69951720995388
Simulation completed.


Energies of found minima:
Minimum 1: Position = [0.6234994  0.02803776], Energy = -108.1667241168524
Minimum 2: Position = [-0.05006576  0.46670913], Energy = -80.76781772846542
Minimum 3: Position = [-0.55822362  1.44172586], Energy = -146.69951720995388

Approximate saddle points between minima:
Saddle 1: Position = [0.3409943  0.32350319], Energy = -68.4651057456403
Saddle 2: Position = [-0.80677896  0.66760491], Energy = -40.400101271138595

Computational statistics:
	Total energy calls: 4089
	Energy calls at each min: [1, 1207, 4089]
	Total force calls: 4089
	Force calls at each min: [1, 1207, 4089]
	Total steps: 4309
	Total Biases: 35

Verification against reference:
True minima found: 3/3

Verification against reference (saddles):
True saddles found: 1/2
Missed saddles at positions:
[0.21248658 0.29298833]
Starting run 1498
Identified minimum at position [0.6234994  0.02803776] with unbiased energy -108.1667241168524
Identified minimum at position [-0.05001296  0.46669484] with unbiased energy -80.76781812895145
Identified minimum at position [-0.55822362  1.44172586] with unbiased energy -146.69951720995388
Simulation completed.


Energies of found minima:
Minimum 1: Position = [0.6234994  0.02803776], Energy = -108.1667241168524
Minimum 2: Position = [-0.05001296  0.46669484], Energy = -80.76781812895145
Minimum 3: Position = [-0.55822362  1.44172586], Energy = -146.69951720995388

Approximate saddle points between minima:
Saddle 1: Position = [0.41620661 0.32260672], Energy = -64.27590057783144
Saddle 2: Position = [0.53146456 0.47169191], Energy = -34.18648245264591

Computational statistics:
	Total energy calls: 9071
	Energy calls at each min: [1, 1660, 9071]
	Total force calls: 9071
	Force calls at each min: [1, 1660, 9071]
	Total steps: 9560
	Total Biases: 74

Verification against reference:
True minima found: 3/3

Verification against reference (saddles):
True saddles found: 0/2
Missed saddles at positions:
[0.21248658 0.29298833]
[-0.82200156  0.6243128 ]
Starting run 4352
Identified minimum at position [0.6234994  0.02803776] with unbiased energy -108.1667241168524
Identified minimum at position [-0.05002318  0.46669718] with unbiased energy -80.76781811021881
Identified minimum at position [-0.55822366  1.44172582] with unbiased energy -146.69951720995383
Simulation completed.


Energies of found minima:
Minimum 1: Position = [0.6234994  0.02803776], Energy = -108.1667241168524
Minimum 2: Position = [-0.05002318  0.46669718], Energy = -80.76781811021881
Minimum 3: Position = [-0.55822366  1.44172582], Energy = -146.69951720995383

Approximate saddle points between minima:
Saddle 1: Position = [0.10726437 0.16606395], Energy = -67.74124244065558
Saddle 2: Position = [-0.80048406  0.65069013], Energy = -40.39182209945357

Computational statistics:
	Total energy calls: 12427
	Energy calls at each min: [1, 2207, 12427]
	Total force calls: 12427
	Force calls at each min: [1, 2207, 12427]
	Total steps: 13065
	Total Biases: 103

Verification against reference:
True minima found: 3/3

Verification against reference (saddles):
True saddles found: 1/2
Missed saddles at positions:
[0.21248658 0.29298833]
Starting run 3205
Identified minimum at position [0.6234994  0.02803776] with unbiased energy -108.1667241168524
Identified minimum at position [-0.05050429  0.46678211] with unbiased energy -80.76778988682689
Identified minimum at position [-0.55822363  1.44172585] with unbiased energy -146.69951720995397
Simulation completed.


Energies of found minima:
Minimum 1: Position = [0.6234994  0.02803776], Energy = -108.1667241168524
Minimum 2: Position = [-0.05050429  0.46678211], Energy = -80.76778988682689
Minimum 3: Position = [-0.55822363  1.44172585], Energy = -146.69951720995397

Approximate saddle points between minima:
Saddle 1: Position = [0.27361745 0.29530478], Energy = -71.7852712381329
Saddle 2: Position = [-0.83271924  0.58310046], Energy = -40.363748871985194

Computational statistics:
	Total energy calls: 7856
	Energy calls at each min: [1, 2453, 7856]
	Total force calls: 7856
	Force calls at each min: [1, 2453, 7856]
	Total steps: 8245
	Total Biases: 64

Verification against reference:
True minima found: 3/3

Verification against reference (saddles):
True saddles found: 1/2
Missed saddles at positions:
[0.21248658 0.29298833]
Starting run 3884
Identified minimum at position [0.6234994  0.02803776] with unbiased energy -108.1667241168524
Identified minimum at position [-0.05053473  0.46681966] with unbiased energy -80.7677837054573
Identified minimum at position [-0.55822363  1.44172585] with unbiased energy -146.699517209954
Simulation completed.


Energies of found minima:
Minimum 1: Position = [0.6234994  0.02803776], Energy = -108.1667241168524
Minimum 2: Position = [-0.05053473  0.46681966], Energy = -80.7677837054573
Minimum 3: Position = [-0.55822363  1.44172585], Energy = -146.699517209954

Approximate saddle points between minima:
Saddle 1: Position = [0.15444045 0.28784372], Energy = -71.77468640180129
Saddle 2: Position = [-0.79531455  0.64203227], Energy = -40.462328872412556

Computational statistics:
	Total energy calls: 7357
	Energy calls at each min: [1, 1452, 7357]
	Total force calls: 7357
	Force calls at each min: [1, 1452, 7357]
	Total steps: 7736
	Total Biases: 59

Verification against reference:
True minima found: 3/3

Verification against reference (saddles):
True saddles found: 1/2
Missed saddles at positions:
[0.21248658 0.29298833]
Starting run 3163
Identified minimum at position [0.6234994  0.02803776] with unbiased energy -108.1667241168524
Identified minimum at position [-0.05017723  0.46672475] with unbiased energy -80.76781489995618
Identified minimum at position [-0.55822365  1.44172583] with unbiased energy -146.69951720995394
Simulation completed.


Energies of found minima:
Minimum 1: Position = [0.6234994  0.02803776], Energy = -108.1667241168524
Minimum 2: Position = [-0.05017723  0.46672475], Energy = -80.76781489995618
Minimum 3: Position = [-0.55822365  1.44172583], Energy = -146.69951720995394

Approximate saddle points between minima:
Saddle 1: Position = [0.38411975 0.36252437], Energy = -63.309236576965546
Saddle 2: Position = [-0.84736262  0.60247203], Energy = -40.40465662150465

Computational statistics:
	Total energy calls: 7076
	Energy calls at each min: [1, 2055, 7076]
	Total force calls: 7076
	Force calls at each min: [1, 2055, 7076]
	Total steps: 7461
	Total Biases: 60

Verification against reference:
True minima found: 3/3

Verification against reference (saddles):
True saddles found: 1/2
Missed saddles at positions:
[0.21248658 0.29298833]
Starting run 171
Identified minimum at position [0.6234994  0.02803776] with unbiased energy -108.1667241168524
Identified minimum at position [-0.05005934  0.46670577] with unbiased energy -80.76781783410158
Identified minimum at position [-0.55822364  1.44172583] with unbiased energy -146.699517209954
Simulation completed.


Energies of found minima:
Minimum 1: Position = [0.6234994  0.02803776], Energy = -108.1667241168524
Minimum 2: Position = [-0.05005934  0.46670577], Energy = -80.76781783410158
Minimum 3: Position = [-0.55822364  1.44172583], Energy = -146.699517209954

Approximate saddle points between minima:
Saddle 1: Position = [0.18499235 0.30327589], Energy = -72.3451698391282
Saddle 2: Position = [-0.81887706  0.61343585], Energy = -40.686521664560495

Computational statistics:
	Total energy calls: 2785
	Energy calls at each min: [1, 1223, 2785]
	Total force calls: 2785
	Force calls at each min: [1, 1223, 2785]
	Total steps: 2930
	Total Biases: 24

Verification against reference:
True minima found: 3/3

Verification against reference (saddles):
True saddles found: 2/2
Starting run 727
Identified minimum at position [0.6234994  0.02803776] with unbiased energy -108.1667241168524
Identified minimum at position [-0.05001437  0.46669488] with unbiased energy -80.76781812812916
Identified minimum at position [-0.55822363  1.44172585] with unbiased energy -146.69951720995402
Simulation completed.


Energies of found minima:
Minimum 1: Position = [0.6234994  0.02803776], Energy = -108.1667241168524
Minimum 2: Position = [-0.05001437  0.46669488], Energy = -80.76781812812916
Minimum 3: Position = [-0.55822363  1.44172585], Energy = -146.69951720995402

Approximate saddle points between minima:
Saddle 1: Position = [0.20524055 0.29631691], Energy = -72.25898062997919
Saddle 2: Position = [-0.85921335  0.59356193], Energy = -40.13338258266654

Computational statistics:
	Total energy calls: 4859
	Energy calls at each min: [1, 952, 4859]
	Total force calls: 4859
	Force calls at each min: [1, 952, 4859]
	Total steps: 5115
	Total Biases: 39

Verification against reference:
True minima found: 3/3

Verification against reference (saddles):
True saddles found: 2/2
Starting run 293
Identified minimum at position [0.6234994  0.02803776] with unbiased energy -108.1667241168524
Identified minimum at position [-0.0502268   0.46674744] with unbiased energy -80.76781221033784
Identified minimum at position [-0.55822363  1.44172584] with unbiased energy -146.699517209954
Simulation completed.


Energies of found minima:
Minimum 1: Position = [0.6234994  0.02803776], Energy = -108.1667241168524
Minimum 2: Position = [-0.0502268   0.46674744], Energy = -80.76781221033784
Minimum 3: Position = [-0.55822363  1.44172584], Energy = -146.699517209954

Approximate saddle points between minima:
Saddle 1: Position = [0.26843184 0.33691403], Energy = -70.96185031710212
Saddle 2: Position = [-0.18662055  0.08336276], Energy = -35.220969647686374

Computational statistics:
	Total energy calls: 8397
	Energy calls at each min: [1, 1495, 8397]
	Total force calls: 8397
	Force calls at each min: [1, 1495, 8397]
	Total steps: 8833
	Total Biases: 71

Verification against reference:
True minima found: 3/3

Verification against reference (saddles):
True saddles found: 0/2
Missed saddles at positions:
[0.21248658 0.29298833]
[-0.82200156  0.6243128 ]
Starting run 2295
Identified minimum at position [0.6234994  0.02803776] with unbiased energy -108.1667241168524
Identified minimum at position [-0.05004872  0.46670296] with unbiased energy -80.76781795123188
Identified minimum at position [-0.55822362  1.44172586] with unbiased energy -146.6995172099539
Simulation completed.


Energies of found minima:
Minimum 1: Position = [0.6234994  0.02803776], Energy = -108.1667241168524
Minimum 2: Position = [-0.05004872  0.46670296], Energy = -80.76781795123188
Minimum 3: Position = [-0.55822362  1.44172586], Energy = -146.6995172099539

Approximate saddle points between minima:
Saddle 1: Position = [0.89482196 0.11094484], Energy = -67.58117961571439
Saddle 2: Position = [-0.19330338  0.10024099], Energy = -36.06315762134375

Computational statistics:
	Total energy calls: 5883
	Energy calls at each min: [1, 1505, 5883]
	Total force calls: 5883
	Force calls at each min: [1, 1505, 5883]
	Total steps: 6196
	Total Biases: 46

Verification against reference:
True minima found: 3/3

Verification against reference (saddles):
True saddles found: 0/2
Missed saddles at positions:
[0.21248658 0.29298833]
[-0.82200156  0.6243128 ]
Starting run 3338
Identified minimum at position [0.6234994  0.02803776] with unbiased energy -108.1667241168524
Identified minimum at position [-0.05022269  0.46673302] with unbiased energy -80.76781289645943
Identified minimum at position [-0.55822364  1.44172584] with unbiased energy -146.699517209954
Simulation completed.


Energies of found minima:
Minimum 1: Position = [0.6234994  0.02803776], Energy = -108.1667241168524
Minimum 2: Position = [-0.05022269  0.46673302], Energy = -80.76781289645943
Minimum 3: Position = [-0.55822364  1.44172584], Energy = -146.699517209954

Approximate saddle points between minima:
Saddle 1: Position = [0.20903423 0.29471492], Energy = -72.25159008630234
Saddle 2: Position = [0.5417645  0.41789795], Energy = -39.38069684263075

Computational statistics:
	Total energy calls: 13129
	Energy calls at each min: [1, 1524, 13129]
	Total force calls: 13129
	Force calls at each min: [1, 1524, 13129]
	Total steps: 13804
	Total Biases: 111

Verification against reference:
True minima found: 3/3

Verification against reference (saddles):
True saddles found: 1/2
Missed saddles at positions:
[-0.82200156  0.6243128 ]
Starting run 2547
Identified minimum at position [0.6234994  0.02803776] with unbiased energy -108.1667241168524
Identified minimum at position [-0.0500108  0.4666941] with unbiased energy -80.76781812965898
Identified minimum at position [-0.55822365  1.44172583] with unbiased energy -146.69951720995397
Simulation completed.


Energies of found minima:
Minimum 1: Position = [0.6234994  0.02803776], Energy = -108.1667241168524
Minimum 2: Position = [-0.0500108  0.4666941], Energy = -80.76781812965898
Minimum 3: Position = [-0.55822365  1.44172583], Energy = -146.69951720995397

Approximate saddle points between minima:
Saddle 1: Position = [ 0.98720024 -0.04166436], Energy = -51.61502349008023
Saddle 2: Position = [-0.27231433  0.75481059], Energy = -28.78557077544785

Computational statistics:
	Total energy calls: 10724
	Energy calls at each min: [1, 1873, 10724]
	Total force calls: 10724
	Force calls at each min: [1, 1873, 10724]
	Total steps: 11310
	Total Biases: 89

Verification against reference:
True minima found: 3/3

Verification against reference (saddles):
True saddles found: 0/2
Missed saddles at positions:
[0.21248658 0.29298833]
[-0.82200156  0.6243128 ]
Starting run 190
Identified minimum at position [0.6234994  0.02803776] with unbiased energy -108.1667241168524
Identified minimum at position [-0.05002338  0.46669697] with unbiased energy -80.76781811024573
Identified minimum at position [-0.55822365  1.44172582] with unbiased energy -146.69951720995388
Simulation completed.


Energies of found minima:
Minimum 1: Position = [0.6234994  0.02803776], Energy = -108.1667241168524
Minimum 2: Position = [-0.05002338  0.46669697], Energy = -80.76781811024573
Minimum 3: Position = [-0.55822365  1.44172582], Energy = -146.69951720995388

Approximate saddle points between minima:
Saddle 1: Position = [0.1700917  0.24688397], Energy = -71.50616101331144
Saddle 2: Position = [-0.84366947  0.58700192], Energy = -40.21020915632077

Computational statistics:
	Total energy calls: 7340
	Energy calls at each min: [1, 1031, 7340]
	Total force calls: 7340
	Force calls at each min: [1, 1031, 7340]
	Total steps: 7717
	Total Biases: 59

Verification against reference:
True minima found: 3/3

Verification against reference (saddles):
True saddles found: 1/2
Missed saddles at positions:
[0.21248658 0.29298833]
Starting run 944
Identified minimum at position [0.6234994  0.02803776] with unbiased energy -108.1667241168524
Identified minimum at position [-0.05211042  0.46711007] with unbiased energy -80.76729594216857
Identified minimum at position [-0.55822366  1.44172582] with unbiased energy -146.69951720995383
Simulation completed.


Energies of found minima:
Minimum 1: Position = [0.6234994  0.02803776], Energy = -108.1667241168524
Minimum 2: Position = [-0.05211042  0.46711007], Energy = -80.76729594216857
Minimum 3: Position = [-0.55822366  1.44172582], Energy = -146.69951720995383

Approximate saddle points between minima:
Saddle 1: Position = [0.21923048 0.30100989], Energy = -72.2285617671956
Saddle 2: Position = [-0.84111093  0.53883649], Energy = -39.21526395927026

Computational statistics:
	Total energy calls: 7795
	Energy calls at each min: [1, 1984, 7795]
	Total force calls: 7795
	Force calls at each min: [1, 1984, 7795]
	Total steps: 8211
	Total Biases: 66

Verification against reference:
True minima found: 2/3
Missed minima at positions:
[-0.05001082  0.4666941 ]

Verification against reference (saddles):
True saddles found: 1/2
Missed saddles at positions:
[-0.82200156  0.6243128 ]
Starting run 4011
Identified minimum at position [0.6234994  0.02803776] with unbiased energy -108.1667241168524
Identified minimum at position [-0.05001466  0.46669623] with unbiased energy -80.76781812583022
Identified minimum at position [-0.55822365  1.44172583] with unbiased energy -146.6995172099539
Simulation completed.


Energies of found minima:
Minimum 1: Position = [0.6234994  0.02803776], Energy = -108.1667241168524
Minimum 2: Position = [-0.05001466  0.46669623], Energy = -80.76781812583022
Minimum 3: Position = [-0.55822365  1.44172583], Energy = -146.6995172099539

Approximate saddle points between minima:
Saddle 1: Position = [0.23251371 0.29248552], Energy = -72.21410108144921
Saddle 2: Position = [-0.84234321  0.62308941], Energy = -40.69638488312523

Computational statistics:
	Total energy calls: 2773
	Energy calls at each min: [1, 2126, 2773]
	Total force calls: 2773
	Force calls at each min: [1, 2126, 2773]
	Total steps: 2914
	Total Biases: 18

Verification against reference:
True minima found: 3/3

Verification against reference (saddles):
True saddles found: 2/2
Starting run 638
Identified minimum at position [0.6234994  0.02803776] with unbiased energy -108.1667241168524
Identified minimum at position [-0.05007958  0.46672186] with unbiased energy -80.76781729008252
Identified minimum at position [-0.55822362  1.44172586] with unbiased energy -146.6995172099539
Simulation completed.


Energies of found minima:
Minimum 1: Position = [0.6234994  0.02803776], Energy = -108.1667241168524
Minimum 2: Position = [-0.05007958  0.46672186], Energy = -80.76781729008252
Minimum 3: Position = [-0.55822362  1.44172586], Energy = -146.6995172099539

Approximate saddle points between minima:
Saddle 1: Position = [0.18054105 0.29251593], Energy = -72.14140683223415
Saddle 2: Position = [0.80298828 0.26006212], Energy = -31.13800685648853

Computational statistics:
	Total energy calls: 7704
	Energy calls at each min: [1, 1305, 7704]
	Total force calls: 7704
	Force calls at each min: [1, 1305, 7704]
	Total steps: 8116
	Total Biases: 60

Verification against reference:
True minima found: 3/3

Verification against reference (saddles):
True saddles found: 1/2
Missed saddles at positions:
[-0.82200156  0.6243128 ]
Starting run 2390
Identified minimum at position [0.6234994  0.02803776] with unbiased energy -108.1667241168524
Identified minimum at position [-0.05001589  0.46669508] with unbiased energy -80.767818126639
Identified minimum at position [-0.55822356  1.44172595] with unbiased energy -146.69951720994982
Simulation completed.


Energies of found minima:
Minimum 1: Position = [0.6234994  0.02803776], Energy = -108.1667241168524
Minimum 2: Position = [-0.05001589  0.46669508], Energy = -80.767818126639
Minimum 3: Position = [-0.55822356  1.44172595], Energy = -146.69951720994982

Approximate saddle points between minima:
Saddle 1: Position = [0.07560081 0.11991738], Energy = -64.2939109569958
Saddle 2: Position = [-0.09726068 -0.05820143], Energy = -29.633811035416002

Computational statistics:
	Total energy calls: 10377
	Energy calls at each min: [1, 1131, 10377]
	Total force calls: 10377
	Force calls at each min: [1, 1131, 10377]
	Total steps: 10938
	Total Biases: 80

Verification against reference:
True minima found: 3/3

Verification against reference (saddles):
True saddles found: 0/2
Missed saddles at positions:
[0.21248658 0.29298833]
[-0.82200156  0.6243128 ]
Starting run 2147
Identified minimum at position [0.6234994  0.02803776] with unbiased energy -108.1667241168524
Identified minimum at position [-0.05025144  0.46675159] with unbiased energy -80.76781087772282
Identified minimum at position [-0.55822362  1.44172586] with unbiased energy -146.69951720995388
Simulation completed.


Energies of found minima:
Minimum 1: Position = [0.6234994  0.02803776], Energy = -108.1667241168524
Minimum 2: Position = [-0.05025144  0.46675159], Energy = -80.76781087772282
Minimum 3: Position = [-0.55822362  1.44172586], Energy = -146.69951720995388

Approximate saddle points between minima:
Saddle 1: Position = [0.15383296 0.16583783], Energy = -71.41324005514649
Saddle 2: Position = [-0.8468372   0.59326142], Energy = -40.263960770187744

Computational statistics:
	Total energy calls: 1718
	Energy calls at each min: [1, 876, 1718]
	Total force calls: 1718
	Force calls at each min: [1, 876, 1718]
	Total steps: 1809
	Total Biases: 16

Verification against reference:
True minima found: 3/3

Verification against reference (saddles):
True saddles found: 1/2
Missed saddles at positions:
[0.21248658 0.29298833]
Starting run 3566
Identified minimum at position [0.6234994  0.02803776] with unbiased energy -108.1667241168524
Identified minimum at position [-0.55822365  1.44172583] with unbiased energy -146.69951720995394
Approximate Hessian has condition number >1e6 and cannot be reliably trusted; reverting to default behavior. 
Eigenvalues: [2.78463092e-04 1.30568383e+05]
Approximate Hessian has condition number >1e6 and cannot be reliably trusted; reverting to default behavior. 
Eigenvalues: [8.75089920e-04 1.82662168e+05]
Approximate Hessian has condition number >1e6 and cannot be reliably trusted; reverting to default behavior. 
Eigenvalues: [9.82141004e-04 6.34834485e+03]
Approximate Hessian has condition number >1e6 and cannot be reliably trusted; reverting to default behavior. 
Eigenvalues: [3.03752720e-04 5.79230865e+07]
Simulation completed.


Energies of found minima:
Minimum 1: Position = [0.6234994  0.02803776], Energy = -108.1667241168524
Minimum 2: Position = [-0.55822365  1.44172583], Energy = -146.69951720995394

Approximate saddle points between minima:
Saddle 1: Position = [-0.42539578  0.15927004], Energy = -23.2820448197455

Computational statistics:
	Total energy calls: 640670
	Energy calls at each min: [1, 6965]
	Total force calls: 640670
	Force calls at each min: [1, 6965]
	Total steps: 674747
	Total Biases: 5000

Verification against reference:
True minima found: 2/3
Missed minima at positions:
[-0.05001082  0.4666941 ]

Verification against reference (saddles):
True saddles found: 0/2
Missed saddles at positions:
[0.21248658 0.29298833]
[-0.82200156  0.6243128 ]
Starting run 4373
Identified minimum at position [0.6234994  0.02803776] with unbiased energy -108.1667241168524
Identified minimum at position [-0.05038154  0.46677314] with unbiased energy -80.7678015460102
Identified minimum at position [-0.55822362  1.44172586] with unbiased energy -146.69951720995394
Simulation completed.


Energies of found minima:
Minimum 1: Position = [0.6234994  0.02803776], Energy = -108.1667241168524
Minimum 2: Position = [-0.05038154  0.46677314], Energy = -80.7678015460102
Minimum 3: Position = [-0.55822362  1.44172586], Energy = -146.69951720995394

Approximate saddle points between minima:
Saddle 1: Position = [0.27768128 0.3469937 ], Energy = -70.43844947524508
Saddle 2: Position = [-0.20057957  0.1322967 ], Energy = -38.35980770698636

Computational statistics:
	Total energy calls: 9962
	Energy calls at each min: [1, 1453, 9962]
	Total force calls: 9962
	Force calls at each min: [1, 1453, 9962]
	Total steps: 10472
	Total Biases: 83

Verification against reference:
True minima found: 3/3

Verification against reference (saddles):
True saddles found: 0/2
Missed saddles at positions:
[0.21248658 0.29298833]
[-0.82200156  0.6243128 ]
Starting run 654
Identified minimum at position [0.6234994  0.02803776] with unbiased energy -108.1667241168524
Identified minimum at position [-0.05260335  0.46740668] with unbiased energy -80.76692126742869
Identified minimum at position [-0.55822365  1.44172582] with unbiased energy -146.69951720995388
Simulation completed.


Energies of found minima:
Minimum 1: Position = [0.6234994  0.02803776], Energy = -108.1667241168524
Minimum 2: Position = [-0.05260335  0.46740668], Energy = -80.76692126742869
Minimum 3: Position = [-0.55822365  1.44172582], Energy = -146.69951720995388

Approximate saddle points between minima:
Saddle 1: Position = [0.24707353 0.31472537], Energy = -71.81514617557136
Saddle 2: Position = [-0.8593919   0.58543914], Energy = -39.93991104638542

Computational statistics:
	Total energy calls: 6539
	Energy calls at each min: [1, 1722, 6539]
	Total force calls: 6539
	Force calls at each min: [1, 1722, 6539]
	Total steps: 6868
	Total Biases: 53

Verification against reference:
True minima found: 2/3
Missed minima at positions:
[-0.05001082  0.4666941 ]

Verification against reference (saddles):
True saddles found: 1/2
Missed saddles at positions:
[-0.82200156  0.6243128 ]
