Starting run 4000
Identified minimum at position [0.6234994  0.02803776] with unbiased energy -108.16672411685238
Identified minimum at position [-0.05001242  0.46669472] with unbiased energy -80.76781812922266
Identified minimum at position [-0.55822365  1.44172582] with unbiased energy -146.69951720995388
Simulation completed.


Energies of found minima:
Minimum 1: Position = [0.6234994  0.02803776], Energy = -108.16672411685238
Minimum 2: Position = [-0.05001242  0.46669472], Energy = -80.76781812922266
Minimum 3: Position = [-0.55822365  1.44172582], Energy = -146.69951720995388

Approximate saddle points between minima:
Saddle 1: Position = [0.27497423 0.30048822], Energy = -71.59731130317904
Saddle 2: Position = [-0.83080134  0.63524484], Energy = -40.73728706325197

Computational statistics:
	Total energy calls: 8444
	Energy calls at each min: [1, 2089, 8444]
	Total force calls: 8444
	Force calls at each min: [1, 2089, 8444]
	Total steps: 8886
	Total Biases: 71

Verification against reference:
True minima found: 3/3

Verification against reference (saddles):
True saddles found: 1/2
Missed saddles at positions:
[0.21248658 0.29298833]
Starting run 4334
Identified minimum at position [0.6234994  0.02803776] with unbiased energy -108.16672411685238
Identified minimum at position [-0.05027233  0.46677887] with unbiased energy -80.7678080500659
Identified minimum at position [-0.55822362  1.44172586] with unbiased energy -146.69951720995394
Simulation completed.


Energies of found minima:
Minimum 1: Position = [0.6234994  0.02803776], Energy = -108.16672411685238
Minimum 2: Position = [-0.05027233  0.46677887], Energy = -80.7678080500659
Minimum 3: Position = [-0.55822362  1.44172586], Energy = -146.69951720995394

Approximate saddle points between minima:
Saddle 1: Position = [0.27623668 0.29683614], Energy = -71.6951103317372
Saddle 2: Position = [-0.03707584 -0.06643511], Energy = -34.94821776433492

Computational statistics:
	Total energy calls: 5785
	Energy calls at each min: [1, 385, 5785]
	Total force calls: 5785
	Force calls at each min: [1, 385, 5785]
	Total steps: 6086
	Total Biases: 43

Verification against reference:
True minima found: 3/3

Verification against reference (saddles):
True saddles found: 0/2
Missed saddles at positions:
[0.21248658 0.29298833]
[-0.82200156  0.6243128 ]
Starting run 782
Identified minimum at position [0.6234994  0.02803776] with unbiased energy -108.16672411685238
Identified minimum at position [-0.05058345  0.46695879] with unbiased energy -80.76775062666384
Identified minimum at position [-0.55822364  1.44172583] with unbiased energy -146.69951720995397
Simulation completed.


Energies of found minima:
Minimum 1: Position = [0.6234994  0.02803776], Energy = -108.16672411685238
Minimum 2: Position = [-0.05058345  0.46695879], Energy = -80.76775062666384
Minimum 3: Position = [-0.55822364  1.44172583], Energy = -146.69951720995397

Approximate saddle points between minima:
Saddle 1: Position = [0.23955893 0.33317033], Energy = -71.89107210543457
Saddle 2: Position = [-0.82611657  0.61018973], Energy = -40.63145938674219

Computational statistics:
	Total energy calls: 8327
	Energy calls at each min: [1, 2423, 8327]
	Total force calls: 8327
	Force calls at each min: [1, 2423, 8327]
	Total steps: 8750
	Total Biases: 69

Verification against reference:
True minima found: 3/3

Verification against reference (saddles):
True saddles found: 2/2
Starting run 1235
Identified minimum at position [0.6234994  0.02803776] with unbiased energy -108.16672411685238
Identified minimum at position [-0.05053719  0.46682246] with unbiased energy -80.76778314594412
Identified minimum at position [-0.55822362  1.44172585] with unbiased energy -146.69951720995394
Simulation completed.


Energies of found minima:
Minimum 1: Position = [0.6234994  0.02803776], Energy = -108.16672411685238
Minimum 2: Position = [-0.05053719  0.46682246], Energy = -80.76778314594412
Minimum 3: Position = [-0.55822362  1.44172585], Energy = -146.69951720995394

Approximate saddle points between minima:
Saddle 1: Position = [0.13315445 0.14216243], Energy = -69.9540839107411
Saddle 2: Position = [-0.77431628  0.65551774], Energy = -40.03362183386339

Computational statistics:
	Total energy calls: 5019
	Energy calls at each min: [1, 1305, 5019]
	Total force calls: 5019
	Force calls at each min: [1, 1305, 5019]
	Total steps: 5290
	Total Biases: 43

Verification against reference:
True minima found: 3/3

Verification against reference (saddles):
True saddles found: 0/2
Missed saddles at positions:
[0.21248658 0.29298833]
[-0.82200156  0.6243128 ]
Starting run 2920
Identified minimum at position [0.6234994  0.02803776] with unbiased energy -108.16672411685238
Identified minimum at position [-0.05001094  0.46669414] with unbiased energy -80.76781812965719
Identified minimum at position [-0.55822364  1.44172583] with unbiased energy -146.69951720995397
Simulation completed.


Energies of found minima:
Minimum 1: Position = [0.6234994  0.02803776], Energy = -108.16672411685238
Minimum 2: Position = [-0.05001094  0.46669414], Energy = -80.76781812965719
Minimum 3: Position = [-0.55822364  1.44172583], Energy = -146.69951720995397

Approximate saddle points between minima:
Saddle 1: Position = [0.27041642 0.32388696], Energy = -71.11763686341384
Saddle 2: Position = [-0.44916618  0.71170089], Energy = -36.383899797968766

Computational statistics:
	Total energy calls: 6992
	Energy calls at each min: [1, 854, 6992]
	Total force calls: 6992
	Force calls at each min: [1, 854, 6992]
	Total steps: 7375
	Total Biases: 58

Verification against reference:
True minima found: 3/3

Verification against reference (saddles):
True saddles found: 0/2
Missed saddles at positions:
[0.21248658 0.29298833]
[-0.82200156  0.6243128 ]
Starting run 2633
Identified minimum at position [0.6234994  0.02803776] with unbiased energy -108.16672411685238
Identified minimum at position [-0.05001182  0.46669432] with unbiased energy -80.7678181295384
Identified minimum at position [-0.55822364  1.44172583] with unbiased energy -146.69951720995397
Simulation completed.


Energies of found minima:
Minimum 1: Position = [0.6234994  0.02803776], Energy = -108.16672411685238
Minimum 2: Position = [-0.05001182  0.46669432], Energy = -80.7678181295384
Minimum 3: Position = [-0.55822364  1.44172583], Energy = -146.69951720995397

Approximate saddle points between minima:
Saddle 1: Position = [0.27933665 0.32692043], Energy = -70.77552539743075
Saddle 2: Position = [-0.58199249  0.26552563], Energy = -28.672973921018663

Computational statistics:
	Total energy calls: 10825
	Energy calls at each min: [1, 1649, 10825]
	Total force calls: 10825
	Force calls at each min: [1, 1649, 10825]
	Total steps: 11404
	Total Biases: 90

Verification against reference:
True minima found: 3/3

Verification against reference (saddles):
True saddles found: 0/2
Missed saddles at positions:
[0.21248658 0.29298833]
[-0.82200156  0.6243128 ]
Starting run 2637
Identified minimum at position [0.6234994  0.02803776] with unbiased energy -108.16672411685238
Identified minimum at position [-0.05004073  0.46670143] with unbiased energy -80.7678180165477
Identified minimum at position [-0.55822361  1.44172586] with unbiased energy -146.6995172099538
Simulation completed.


Energies of found minima:
Minimum 1: Position = [0.6234994  0.02803776], Energy = -108.16672411685238
Minimum 2: Position = [-0.05004073  0.46670143], Energy = -80.7678180165477
Minimum 3: Position = [-0.55822361  1.44172586], Energy = -146.6995172099538

Approximate saddle points between minima:
Saddle 1: Position = [0.17583647 0.2859834 ], Energy = -71.99240088900797
Saddle 2: Position = [-0.02844775 -0.08147208], Energy = -33.32796912566687

Computational statistics:
	Total energy calls: 8944
	Energy calls at each min: [1, 1027, 8944]
	Total force calls: 8944
	Force calls at each min: [1, 1027, 8944]
	Total steps: 9415
	Total Biases: 73

Verification against reference:
True minima found: 3/3

Verification against reference (saddles):
True saddles found: 1/2
Missed saddles at positions:
[-0.82200156  0.6243128 ]
Starting run 1005
Identified minimum at position [0.6234994  0.02803776] with unbiased energy -108.16672411685238
Identified minimum at position [-0.05001158  0.46669438] with unbiased energy -80.7678181295654
Identified minimum at position [-0.55822365  1.44172583] with unbiased energy -146.69951720995388
Simulation completed.


Energies of found minima:
Minimum 1: Position = [0.6234994  0.02803776], Energy = -108.16672411685238
Minimum 2: Position = [-0.05001158  0.46669438], Energy = -80.7678181295654
Minimum 3: Position = [-0.55822365  1.44172583], Energy = -146.69951720995388

Approximate saddle points between minima:
Saddle 1: Position = [0.27473274 0.29483081], Energy = -71.78527899428514
Saddle 2: Position = [-0.82175491  0.5712107 ], Energy = -40.52387687363995

Computational statistics:
	Total energy calls: 3818
	Energy calls at each min: [1, 1114, 3818]
	Total force calls: 3818
	Force calls at each min: [1, 1114, 3818]
	Total steps: 4020
	Total Biases: 32

Verification against reference:
True minima found: 3/3

Verification against reference (saddles):
True saddles found: 0/2
Missed saddles at positions:
[0.21248658 0.29298833]
[-0.82200156  0.6243128 ]
Starting run 646
Identified minimum at position [0.6234994  0.02803776] with unbiased energy -108.16672411685238
Identified minimum at position [-0.05061312  0.46684868] with unbiased energy -80.7677713309278
Identified minimum at position [-0.55822363  1.44172585] with unbiased energy -146.69951720995402
Simulation completed.


Energies of found minima:
Minimum 1: Position = [0.6234994  0.02803776], Energy = -108.16672411685238
Minimum 2: Position = [-0.05061312  0.46684868], Energy = -80.7677713309278
Minimum 3: Position = [-0.55822363  1.44172585], Energy = -146.69951720995402

Approximate saddle points between minima:
Saddle 1: Position = [0.17154236 0.26766845], Energy = -71.67342323372888
Saddle 2: Position = [-0.21539742  0.14919699], Energy = -38.765455633822775

Computational statistics:
	Total energy calls: 9619
	Energy calls at each min: [1, 1377, 9619]
	Total force calls: 9619
	Force calls at each min: [1, 1377, 9619]
	Total steps: 10098
	Total Biases: 80

Verification against reference:
True minima found: 3/3

Verification against reference (saddles):
True saddles found: 1/2
Missed saddles at positions:
[-0.82200156  0.6243128 ]
Starting run 2234
Identified minimum at position [0.6234994  0.02803776] with unbiased energy -108.16672411685238
Identified minimum at position [-0.05002284  0.46669833] with unbiased energy -80.76781810700672
Identified minimum at position [-0.55822365  1.44172582] with unbiased energy -146.69951720995385
Simulation completed.


Energies of found minima:
Minimum 1: Position = [0.6234994  0.02803776], Energy = -108.16672411685238
Minimum 2: Position = [-0.05002284  0.46669833], Energy = -80.76781810700672
Minimum 3: Position = [-0.55822365  1.44172582], Energy = -146.69951720995385

Approximate saddle points between minima:
Saddle 1: Position = [0.18229141 0.28943097], Energy = -72.10544736090714
Saddle 2: Position = [ 0.11440291 -0.17928587], Energy = -24.123004055997903

Computational statistics:
	Total energy calls: 14905
	Energy calls at each min: [1, 1776, 14905]
	Total force calls: 14905
	Force calls at each min: [1, 1776, 14905]
	Total steps: 15699
	Total Biases: 121

Verification against reference:
True minima found: 3/3

Verification against reference (saddles):
True saddles found: 1/2
Missed saddles at positions:
[-0.82200156  0.6243128 ]
Starting run 519
Identified minimum at position [0.6234994  0.02803776] with unbiased energy -108.16672411685238
Identified minimum at position [-0.05046168  0.46677654] with unbiased energy -80.76779445130447
Identified minimum at position [-0.55822365  1.44172582] with unbiased energy -146.69951720995385
Simulation completed.


Energies of found minima:
Minimum 1: Position = [0.6234994  0.02803776], Energy = -108.16672411685238
Minimum 2: Position = [-0.05046168  0.46677654], Energy = -80.76779445130447
Minimum 3: Position = [-0.55822365  1.44172582], Energy = -146.69951720995385

Approximate saddle points between minima:
Saddle 1: Position = [0.15720043 0.29273898], Energy = -71.94762977491291
Saddle 2: Position = [-0.81831411  0.61065015], Energy = -40.696047572403515

Computational statistics:
	Total energy calls: 5864
	Energy calls at each min: [1, 1666, 5864]
	Total force calls: 5864
	Force calls at each min: [1, 1666, 5864]
	Total steps: 6158
	Total Biases: 52

Verification against reference:
True minima found: 3/3

Verification against reference (saddles):
True saddles found: 1/2
Missed saddles at positions:
[0.21248658 0.29298833]
Starting run 1485
Identified minimum at position [0.6234994  0.02803776] with unbiased energy -108.16672411685238
Identified minimum at position [-0.55822364  1.44172583] with unbiased energy -146.69951720995397
Approximate Hessian has condition number >1e6 and cannot be reliably trusted; reverting to default behavior. 
Eigenvalues: [1.39753720e-05 1.47162836e+07]
Approximate Hessian has condition number >1e6 and cannot be reliably trusted; reverting to default behavior. 
Eigenvalues: [8.98739207e-04 3.98776488e+06]
Approximate Hessian has condition number >1e6 and cannot be reliably trusted; reverting to default behavior. 
Eigenvalues: [1.05991051e-03 1.99465283e+04]
Approximate Hessian has condition number >1e6 and cannot be reliably trusted; reverting to default behavior. 
Eigenvalues: [4.48024366e-05 8.88659715e+05]
Simulation completed.


Energies of found minima:
Minimum 1: Position = [0.6234994  0.02803776], Energy = -108.16672411685238
Minimum 2: Position = [-0.55822364  1.44172583], Energy = -146.69951720995397

Approximate saddle points between minima:
Saddle 1: Position = [-0.75262669  0.36974591], Energy = -32.07337204587799

Computational statistics:
	Total energy calls: 636152
	Energy calls at each min: [1, 4618]
	Total force calls: 636152
	Force calls at each min: [1, 4618]
	Total steps: 669762
	Total Biases: 5000

Verification against reference:
True minima found: 2/3
Missed minima at positions:
[-0.05001082  0.4666941 ]

Verification against reference (saddles):
True saddles found: 0/2
Missed saddles at positions:
[0.21248658 0.29298833]
[-0.82200156  0.6243128 ]
Starting run 1993
Identified minimum at position [0.6234994  0.02803776] with unbiased energy -108.16672411685238
Identified minimum at position [-0.05011351  0.46671583] with unbiased energy -80.76781685997751
Identified minimum at position [-0.55822363  1.44172585] with unbiased energy -146.69951720995397
Simulation completed.


Energies of found minima:
Minimum 1: Position = [0.6234994  0.02803776], Energy = -108.16672411685238
Minimum 2: Position = [-0.05011351  0.46671583], Energy = -80.76781685997751
Minimum 3: Position = [-0.55822363  1.44172585], Energy = -146.69951720995397

Approximate saddle points between minima:
Saddle 1: Position = [0.31695971 0.30235765], Energy = -70.55696813636231
Saddle 2: Position = [ 0.0224945 -0.0857313], Energy = -38.145484195753305

Computational statistics:
	Total energy calls: 8874
	Energy calls at each min: [1, 1229, 8874]
	Total force calls: 8874
	Force calls at each min: [1, 1229, 8874]
	Total steps: 9358
	Total Biases: 73

Verification against reference:
True minima found: 3/3

Verification against reference (saddles):
True saddles found: 0/2
Missed saddles at positions:
[0.21248658 0.29298833]
[-0.82200156  0.6243128 ]
Starting run 5107
Identified minimum at position [0.6234994  0.02803776] with unbiased energy -108.16672411685238
Identified minimum at position [-0.05001099  0.46669414] with unbiased energy -80.76781812965582
Identified minimum at position [-0.55822365  1.44172583] with unbiased energy -146.69951720995394
Simulation completed.


Energies of found minima:
Minimum 1: Position = [0.6234994  0.02803776], Energy = -108.16672411685238
Minimum 2: Position = [-0.05001099  0.46669414], Energy = -80.76781812965582
Minimum 3: Position = [-0.55822365  1.44172583], Energy = -146.69951720995394

Approximate saddle points between minima:
Saddle 1: Position = [0.12261594 0.18461302], Energy = -68.97411776662535
Saddle 2: Position = [-0.78227953  0.6485375 ], Energy = -40.26656828444722

Computational statistics:
	Total energy calls: 4657
	Energy calls at each min: [1, 1394, 4657]
	Total force calls: 4657
	Force calls at each min: [1, 1394, 4657]
	Total steps: 4912
	Total Biases: 40

Verification against reference:
True minima found: 3/3

Verification against reference (saddles):
True saddles found: 1/2
Missed saddles at positions:
[0.21248658 0.29298833]
Starting run 3521
Identified minimum at position [0.6234994  0.02803776] with unbiased energy -108.16672411685238
Identified minimum at position [-0.05007622  0.466709  ] with unbiased energy -80.76781760308143
Identified minimum at position [-0.55822365  1.44172583] with unbiased energy -146.69951720995397
Simulation completed.


Energies of found minima:
Minimum 1: Position = [0.6234994  0.02803776], Energy = -108.16672411685238
Minimum 2: Position = [-0.05007622  0.466709  ], Energy = -80.76781760308143
Minimum 3: Position = [-0.55822365  1.44172583], Energy = -146.69951720995397

Approximate saddle points between minima:
Saddle 1: Position = [0.3207588  0.35202346], Energy = -68.16044053073452
Saddle 2: Position = [-0.28700847  0.1620615 ], Energy = -34.2859475809189

Computational statistics:
	Total energy calls: 7241
	Energy calls at each min: [1, 1353, 7241]
	Total force calls: 7241
	Force calls at each min: [1, 1353, 7241]
	Total steps: 7625
	Total Biases: 62

Verification against reference:
True minima found: 3/3

Verification against reference (saddles):
True saddles found: 0/2
Missed saddles at positions:
[0.21248658 0.29298833]
[-0.82200156  0.6243128 ]
Starting run 4418
Identified minimum at position [0.6234994  0.02803776] with unbiased energy -108.16672411685238
Identified minimum at position [-0.05051798  0.46685301] with unbiased energy -80.76778108626868
Identified minimum at position [-0.55822362  1.44172586] with unbiased energy -146.6995172099539
Simulation completed.


Energies of found minima:
Minimum 1: Position = [0.6234994  0.02803776], Energy = -108.16672411685238
Minimum 2: Position = [-0.05051798  0.46685301], Energy = -80.76778108626868
Minimum 3: Position = [-0.55822362  1.44172586], Energy = -146.6995172099539

Approximate saddle points between minima:
Saddle 1: Position = [0.11282474 0.19018022], Energy = -68.32172027312049
Saddle 2: Position = [-0.18534096  0.09204434], Energy = -36.10639064643979

Computational statistics:
	Total energy calls: 5582
	Energy calls at each min: [1, 1733, 5582]
	Total force calls: 5582
	Force calls at each min: [1, 1733, 5582]
	Total steps: 5877
	Total Biases: 48

Verification against reference:
True minima found: 3/3

Verification against reference (saddles):
True saddles found: 0/2
Missed saddles at positions:
[0.21248658 0.29298833]
[-0.82200156  0.6243128 ]
Starting run 3047
Identified minimum at position [0.6234994  0.02803776] with unbiased energy -108.16672411685238
Identified minimum at position [-0.05196563  0.46716412] with unbiased energy -80.76733806317546
Identified minimum at position [-0.55822364  1.44172584] with unbiased energy -146.69951720995402
Simulation completed.


Energies of found minima:
Minimum 1: Position = [0.6234994  0.02803776], Energy = -108.16672411685238
Minimum 2: Position = [-0.05196563  0.46716412], Energy = -80.76733806317546
Minimum 3: Position = [-0.55822364  1.44172584], Energy = -146.69951720995402

Approximate saddle points between minima:
Saddle 1: Position = [0.1845203  0.28525679], Energy = -72.06977412635155
Saddle 2: Position = [-0.54429503  0.68486488], Energy = -39.267530950394516

Computational statistics:
	Total energy calls: 1800
	Energy calls at each min: [1, 590, 1800]
	Total force calls: 1800
	Force calls at each min: [1, 590, 1800]
	Total steps: 1893
	Total Biases: 16

Verification against reference:
True minima found: 2/3
Missed minima at positions:
[-0.05001082  0.4666941 ]

Verification against reference (saddles):
True saddles found: 1/2
Missed saddles at positions:
[-0.82200156  0.6243128 ]
Starting run 4771
Identified minimum at position [0.6234994  0.02803776] with unbiased energy -108.16672411685238
Identified minimum at position [-0.05026031  0.46675862] with unbiased energy -80.76781007382277
Identified minimum at position [-0.55822361  1.44172586] with unbiased energy -146.6995172099538
Simulation completed.


Energies of found minima:
Minimum 1: Position = [0.6234994  0.02803776], Energy = -108.16672411685238
Minimum 2: Position = [-0.05026031  0.46675862], Energy = -80.76781007382277
Minimum 3: Position = [-0.55822361  1.44172586], Energy = -146.6995172099538

Approximate saddle points between minima:
Saddle 1: Position = [0.26179684 0.34364468], Energy = -71.12135699885008
Saddle 2: Position = [-0.85269076  0.53857007], Energy = -38.762349081298495

Computational statistics:
	Total energy calls: 8289
	Energy calls at each min: [1, 1942, 8289]
	Total force calls: 8289
	Force calls at each min: [1, 1942, 8289]
	Total steps: 8719
	Total Biases: 68

Verification against reference:
True minima found: 3/3

Verification against reference (saddles):
True saddles found: 0/2
Missed saddles at positions:
[0.21248658 0.29298833]
[-0.82200156  0.6243128 ]
Starting run 4042
Identified minimum at position [0.6234994  0.02803776] with unbiased energy -108.16672411685238
Identified minimum at position [-0.0500125   0.46669447] with unbiased energy -80.76781812931938
Identified minimum at position [-0.55822365  1.44172583] with unbiased energy -146.69951720995394
Simulation completed.


Energies of found minima:
Minimum 1: Position = [0.6234994  0.02803776], Energy = -108.16672411685238
Minimum 2: Position = [-0.0500125   0.46669447], Energy = -80.76781812931938
Minimum 3: Position = [-0.55822365  1.44172583], Energy = -146.69951720995394

Approximate saddle points between minima:
Saddle 1: Position = [0.14247073 0.24907944], Energy = -70.58794179740433
Saddle 2: Position = [-0.12627243  0.0408391 ], Energy = -37.79673088110281

Computational statistics:
	Total energy calls: 5677
	Energy calls at each min: [1, 1282, 5677]
	Total force calls: 5677
	Force calls at each min: [1, 1282, 5677]
	Total steps: 5976
	Total Biases: 48

Verification against reference:
True minima found: 3/3

Verification against reference (saddles):
True saddles found: 0/2
Missed saddles at positions:
[0.21248658 0.29298833]
[-0.82200156  0.6243128 ]
Starting run 5118
Identified minimum at position [0.6234994  0.02803776] with unbiased energy -108.16672411685238
Identified minimum at position [-0.05001417  0.46669479] with unbiased energy -80.76781812831729
Identified minimum at position [-0.55822365  1.44172582] with unbiased energy -146.69951720995388
Simulation completed.


Energies of found minima:
Minimum 1: Position = [0.6234994  0.02803776], Energy = -108.16672411685238
Minimum 2: Position = [-0.05001417  0.46669479], Energy = -80.76781812831729
Minimum 3: Position = [-0.55822365  1.44172582], Energy = -146.69951720995388

Approximate saddle points between minima:
Saddle 1: Position = [0.1678627  0.27550574], Energy = -71.70779574478522
Saddle 2: Position = [-0.81808203  0.41599065], Energy = -32.615130027936864

Computational statistics:
	Total energy calls: 3751
	Energy calls at each min: [1, 1165, 3751]
	Total force calls: 3751
	Force calls at each min: [1, 1165, 3751]
	Total steps: 3947
	Total Biases: 29

Verification against reference:
True minima found: 3/3

Verification against reference (saddles):
True saddles found: 1/2
Missed saddles at positions:
[-0.82200156  0.6243128 ]
Starting run 1189
Identified minimum at position [0.6234994  0.02803776] with unbiased energy -108.16672411685238
Identified minimum at position [-0.55822361  1.44172586] with unbiased energy -146.69951720995383
Approximate Hessian has condition number >1e6 and cannot be reliably trusted; reverting to default behavior. 
Eigenvalues: [5.97015023e-05 3.53140038e+08]
Approximate Hessian has condition number >1e6 and cannot be reliably trusted; reverting to default behavior. 
Eigenvalues: [8.90829040e-04 6.17446923e+05]
Approximate Hessian has condition number >1e6 and cannot be reliably trusted; reverting to default behavior. 
Eigenvalues: [4.65276139e-03 3.85401242e+07]
Approximate Hessian has condition number >1e6 and cannot be reliably trusted; reverting to default behavior. 
Eigenvalues: [3.26778088e-03 5.88312939e+07]
Approximate Hessian has condition number >1e6 and cannot be reliably trusted; reverting to default behavior. 
Eigenvalues: [1.09019132e-03 1.67805987e+05]
Approximate Hessian has condition number >1e6 and cannot be reliably trusted; reverting to default behavior. 
Eigenvalues: [1.59114262e-03 3.57747454e+04]
Approximate Hessian has condition number >1e6 and cannot be reliably trusted; reverting to default behavior. 
Eigenvalues: [4.59351577e-04 1.46612291e+07]
Approximate Hessian has condition number >1e6 and cannot be reliably trusted; reverting to default behavior. 
Eigenvalues: [2.66663218e-03 1.92454415e+07]
Simulation completed.


Energies of found minima:
Minimum 1: Position = [0.6234994  0.02803776], Energy = -108.16672411685238
Minimum 2: Position = [-0.55822361  1.44172586], Energy = -146.69951720995383

Approximate saddle points between minima:
Saddle 1: Position = [-0.47155388  0.27294494], Energy = -37.73947614938707

Computational statistics:
	Total energy calls: 635612
	Energy calls at each min: [1, 8195]
	Total force calls: 635612
	Force calls at each min: [1, 8195]
	Total steps: 668194
	Total Biases: 5000

Verification against reference:
True minima found: 2/3
Missed minima at positions:
[-0.05001082  0.4666941 ]

Verification against reference (saddles):
True saddles found: 0/2
Missed saddles at positions:
[0.21248658 0.29298833]
[-0.82200156  0.6243128 ]
Starting run 4279
Identified minimum at position [0.6234994  0.02803776] with unbiased energy -108.16672411685238
Identified minimum at position [-0.0500975   0.46672061] with unbiased energy -80.76781706494603
Identified minimum at position [-0.55822365  1.44172583] with unbiased energy -146.69951720995397
Simulation completed.


Energies of found minima:
Minimum 1: Position = [0.6234994  0.02803776], Energy = -108.16672411685238
Minimum 2: Position = [-0.0500975   0.46672061], Energy = -80.76781706494603
Minimum 3: Position = [-0.55822365  1.44172583], Energy = -146.69951720995397

Approximate saddle points between minima:
Saddle 1: Position = [0.96777496 0.03584878], Energy = -63.28040493212788
Saddle 2: Position = [ 0.88819031 -0.15216824], Energy = -32.415588537754346

Computational statistics:
	Total energy calls: 10616
	Energy calls at each min: [1, 1816, 10616]
	Total force calls: 10616
	Force calls at each min: [1, 1816, 10616]
	Total steps: 11173
	Total Biases: 88

Verification against reference:
True minima found: 3/3

Verification against reference (saddles):
True saddles found: 0/2
Missed saddles at positions:
[0.21248658 0.29298833]
[-0.82200156  0.6243128 ]
Starting run 2584
Identified minimum at position [0.6234994  0.02803776] with unbiased energy -108.16672411685238
Identified minimum at position [-0.05002159  0.46669676] with unbiased energy -80.76781811494945
Identified minimum at position [-0.55822365  1.44172583] with unbiased energy -146.69951720995394
Simulation completed.


Energies of found minima:
Minimum 1: Position = [0.6234994  0.02803776], Energy = -108.16672411685238
Minimum 2: Position = [-0.05002159  0.46669676], Energy = -80.76781811494945
Minimum 3: Position = [-0.55822365  1.44172583], Energy = -146.69951720995394

Approximate saddle points between minima:
Saddle 1: Position = [0.18702538 0.24835321], Energy = -72.02442036002151
Saddle 2: Position = [-0.59496618  0.69459168], Energy = -36.99943496322034

Computational statistics:
	Total energy calls: 12769
	Energy calls at each min: [1, 2225, 12769]
	Total force calls: 12769
	Force calls at each min: [1, 2225, 12769]
	Total steps: 13441
	Total Biases: 106

Verification against reference:
True minima found: 3/3

Verification against reference (saddles):
True saddles found: 0/2
Missed saddles at positions:
[0.21248658 0.29298833]
[-0.82200156  0.6243128 ]
Starting run 312
Identified minimum at position [0.6234994  0.02803776] with unbiased energy -108.16672411685238
Identified minimum at position [-0.05001078  0.4666941 ] with unbiased energy -80.76781812965882
Identified minimum at position [-0.55822362  1.44172586] with unbiased energy -146.69951720995388
Simulation completed.


Energies of found minima:
Minimum 1: Position = [0.6234994  0.02803776], Energy = -108.16672411685238
Minimum 2: Position = [-0.05001078  0.4666941 ], Energy = -80.76781812965882
Minimum 3: Position = [-0.55822362  1.44172586], Energy = -146.69951720995388

Approximate saddle points between minima:
Saddle 1: Position = [0.20473738 0.2822762 ], Energy = -72.22302103412991
Saddle 2: Position = [-0.85470021  0.59492109], Energy = -40.2067339370885

Computational statistics:
	Total energy calls: 5910
	Energy calls at each min: [1, 1492, 5910]
	Total force calls: 5910
	Force calls at each min: [1, 1492, 5910]
	Total steps: 6224
	Total Biases: 50

Verification against reference:
True minima found: 3/3

Verification against reference (saddles):
True saddles found: 2/2
Starting run 3679
Identified minimum at position [0.6234994  0.02803776] with unbiased energy -108.16672411685238
Identified minimum at position [-0.05001395  0.4666948 ] with unbiased energy -80.76781812846814
Identified minimum at position [-0.55822366  1.44172582] with unbiased energy -146.69951720995383
Simulation completed.


Energies of found minima:
Minimum 1: Position = [0.6234994  0.02803776], Energy = -108.16672411685238
Minimum 2: Position = [-0.05001395  0.4666948 ], Energy = -80.76781812846814
Minimum 3: Position = [-0.55822366  1.44172582], Energy = -146.69951720995383

Approximate saddle points between minima:
Saddle 1: Position = [0.22534909 0.30053027], Energy = -72.1917280920759
Saddle 2: Position = [-0.61146392  0.70988565], Energy = -35.00138421998726

Computational statistics:
	Total energy calls: 8510
	Energy calls at each min: [1, 995, 8510]
	Total force calls: 8510
	Force calls at each min: [1, 995, 8510]
	Total steps: 8959
	Total Biases: 67

Verification against reference:
True minima found: 3/3

Verification against reference (saddles):
True saddles found: 1/2
Missed saddles at positions:
[-0.82200156  0.6243128 ]
Starting run 2055
Identified minimum at position [0.6234994  0.02803776] with unbiased energy -108.16672411685238
Identified minimum at position [-0.05003287  0.46670128] with unbiased energy -80.76781805781548
Identified minimum at position [-0.55822362  1.44172586] with unbiased energy -146.69951720995385
Simulation completed.


Energies of found minima:
Minimum 1: Position = [0.6234994  0.02803776], Energy = -108.16672411685238
Minimum 2: Position = [-0.05003287  0.46670128], Energy = -80.76781805781548
Minimum 3: Position = [-0.55822362  1.44172586], Energy = -146.69951720995385

Approximate saddle points between minima:
Saddle 1: Position = [0.22178747 0.29376227], Energy = -72.23650805281851
Saddle 2: Position = [-0.81401659  0.63428146], Energy = -40.62550461328081

Computational statistics:
	Total energy calls: 7196
	Energy calls at each min: [1, 917, 7196]
	Total force calls: 7196
	Force calls at each min: [1, 917, 7196]
	Total steps: 7544
	Total Biases: 61

Verification against reference:
True minima found: 3/3

Verification against reference (saddles):
True saddles found: 2/2
