Starting run 2959
Identified minimum at position [0.6234994  0.02803776] with unbiased energy -108.1667241168524
Identified minimum at position [-0.05004679  0.46670349] with unbiased energy -80.76781796156527
Identified minimum at position [-0.55822362  1.44172586] with unbiased energy -146.6995172099539
Simulation completed.


Energies of found minima:
Minimum 1: Position = [0.6234994  0.02803776], Energy = -108.1667241168524
Minimum 2: Position = [-0.05004679  0.46670349], Energy = -80.76781796156527
Minimum 3: Position = [-0.55822362  1.44172586], Energy = -146.6995172099539

Approximate saddle points between minima:
Saddle 1: Position = [0.22916433 0.27537583], Energy = -72.45250154326236
Saddle 2: Position = [-0.17455141  0.10562444], Energy = -38.335459643917616

Computational statistics:
	Total energy calls: 9674
	Energy calls at each min: [1, 1268, 9674]
	Total force calls: 9674
	Force calls at each min: [1, 1268, 9674]
	Total steps: 10160
	Total Biases: 79

Verification against reference:
True minima found: 3/3

Verification against reference (saddles):
True saddles found: 1/2
Missed saddles at positions:
[-0.82200156  0.6243128 ]
Starting run 417
Identified minimum at position [0.6234994  0.02803776] with unbiased energy -108.1667241168524
Identified minimum at position [-0.0501501   0.46672303] with unbiased energy -80.76781580572349
Identified minimum at position [-0.55822365  1.44172583] with unbiased energy -146.6995172099539
Simulation completed.


Energies of found minima:
Minimum 1: Position = [0.6234994  0.02803776], Energy = -108.1667241168524
Minimum 2: Position = [-0.0501501   0.46672303], Energy = -80.76781580572349
Minimum 3: Position = [-0.55822365  1.44172583], Energy = -146.6995172099539

Approximate saddle points between minima:
Saddle 1: Position = [0.22577912 0.30075874], Energy = -72.18791722278985
Saddle 2: Position = [-0.78549271  0.67758975], Energy = -39.78220777729403

Computational statistics:
	Total energy calls: 2123
	Energy calls at each min: [1, 1342, 2123]
	Total force calls: 2123
	Force calls at each min: [1, 1342, 2123]
	Total steps: 2235
	Total Biases: 21

Verification against reference:
True minima found: 3/3

Verification against reference (saddles):
True saddles found: 1/2
Missed saddles at positions:
[-0.82200156  0.6243128 ]
Starting run 3868
Identified minimum at position [0.6234994  0.02803776] with unbiased energy -108.1667241168524
Identified minimum at position [-0.05001127  0.46669423] with unbiased energy -80.76781812963245
Identified minimum at position [-0.55822363  1.44172585] with unbiased energy -146.699517209954
Simulation completed.


Energies of found minima:
Minimum 1: Position = [0.6234994  0.02803776], Energy = -108.1667241168524
Minimum 2: Position = [-0.05001127  0.46669423], Energy = -80.76781812963245
Minimum 3: Position = [-0.55822363  1.44172585], Energy = -146.699517209954

Approximate saddle points between minima:
Saddle 1: Position = [0.34707366 0.28612781], Energy = -70.83343784287263
Saddle 2: Position = [-0.84411095  0.54165985], Energy = -39.186938327362256

Computational statistics:
	Total energy calls: 8443
	Energy calls at each min: [1, 2199, 8443]
	Total force calls: 8443
	Force calls at each min: [1, 2199, 8443]
	Total steps: 8878
	Total Biases: 64

Verification against reference:
True minima found: 3/3

Verification against reference (saddles):
True saddles found: 0/2
Missed saddles at positions:
[0.21248658 0.29298833]
[-0.82200156  0.6243128 ]
Starting run 2176
Identified minimum at position [0.6234994  0.02803776] with unbiased energy -108.1667241168524
Identified minimum at position [-0.05156519  0.46703798] with unbiased energy -80.7675232869909
Identified minimum at position [-0.55822365  1.44172583] with unbiased energy -146.69951720995394
Simulation completed.


Energies of found minima:
Minimum 1: Position = [0.6234994  0.02803776], Energy = -108.1667241168524
Minimum 2: Position = [-0.05156519  0.46703798], Energy = -80.7675232869909
Minimum 3: Position = [-0.55822365  1.44172583], Energy = -146.69951720995394

Approximate saddle points between minima:
Saddle 1: Position = [0.21289419 0.30006202], Energy = -72.2577121104392
Saddle 2: Position = [-0.76017569  0.67649237], Energy = -39.22289677251958

Computational statistics:
	Total energy calls: 12069
	Energy calls at each min: [1, 1903, 12069]
	Total force calls: 12069
	Force calls at each min: [1, 1903, 12069]
	Total steps: 12684
	Total Biases: 101

Verification against reference:
True minima found: 2/3
Missed minima at positions:
[-0.05001082  0.4666941 ]

Verification against reference (saddles):
True saddles found: 1/2
Missed saddles at positions:
[-0.82200156  0.6243128 ]
Starting run 1817
Identified minimum at position [0.6234994  0.02803776] with unbiased energy -108.1667241168524
Identified minimum at position [-0.05001085  0.46669411] with unbiased energy -80.76781812965893
Identified minimum at position [-0.55822365  1.44172583] with unbiased energy -146.69951720995394
Simulation completed.


Energies of found minima:
Minimum 1: Position = [0.6234994  0.02803776], Energy = -108.1667241168524
Minimum 2: Position = [-0.05001085  0.46669411], Energy = -80.76781812965893
Minimum 3: Position = [-0.55822365  1.44172583], Energy = -146.69951720995394

Approximate saddle points between minima:
Saddle 1: Position = [0.30665749 0.28210135], Energy = -71.92558825345802
Saddle 2: Position = [-0.72694787  0.66999936], Energy = -39.08186103356225

Computational statistics:
	Total energy calls: 16420
	Energy calls at each min: [1, 2047, 16420]
	Total force calls: 16420
	Force calls at each min: [1, 2047, 16420]
	Total steps: 17292
	Total Biases: 133

Verification against reference:
True minima found: 3/3

Verification against reference (saddles):
True saddles found: 0/2
Missed saddles at positions:
[0.21248658 0.29298833]
[-0.82200156  0.6243128 ]
Starting run 3747
Identified minimum at position [0.6234994  0.02803776] with unbiased energy -108.1667241168524
Identified minimum at position [-0.05001129  0.4666942 ] with unbiased energy -80.76781812963318
Identified minimum at position [-0.55822364  1.44172583] with unbiased energy -146.699517209954
Simulation completed.


Energies of found minima:
Minimum 1: Position = [0.6234994  0.02803776], Energy = -108.1667241168524
Minimum 2: Position = [-0.05001129  0.4666942 ], Energy = -80.76781812963318
Minimum 3: Position = [-0.55822364  1.44172583], Energy = -146.699517209954

Approximate saddle points between minima:
Saddle 1: Position = [0.16412946 0.1740246 ], Energy = -72.03158270561997
Saddle 2: Position = [-0.81824121  0.6101637 ], Energy = -40.697607028907704

Computational statistics:
	Total energy calls: 6103
	Energy calls at each min: [1, 1026, 6103]
	Total force calls: 6103
	Force calls at each min: [1, 1026, 6103]
	Total steps: 6421
	Total Biases: 53

Verification against reference:
True minima found: 3/3

Verification against reference (saddles):
True saddles found: 1/2
Missed saddles at positions:
[0.21248658 0.29298833]
Starting run 616
Identified minimum at position [0.6234994  0.02803776] with unbiased energy -108.1667241168524
Identified minimum at position [-0.0500108  0.4666941] with unbiased energy -80.76781812965896
Identified minimum at position [-0.55822364  1.44172584] with unbiased energy -146.699517209954
Simulation completed.


Energies of found minima:
Minimum 1: Position = [0.6234994  0.02803776], Energy = -108.1667241168524
Minimum 2: Position = [-0.0500108  0.4666941], Energy = -80.76781812965896
Minimum 3: Position = [-0.55822364  1.44172584], Energy = -146.699517209954

Approximate saddle points between minima:
Saddle 1: Position = [0.94267712 0.04485997], Energy = -69.56172294109174
Saddle 2: Position = [-0.79658608  0.63057515], Energy = -40.64252426860209

Computational statistics:
	Total energy calls: 4094
	Energy calls at each min: [1, 1498, 4094]
	Total force calls: 4094
	Force calls at each min: [1, 1498, 4094]
	Total steps: 4316
	Total Biases: 35

Verification against reference:
True minima found: 3/3

Verification against reference (saddles):
True saddles found: 1/2
Missed saddles at positions:
[0.21248658 0.29298833]
Starting run 798
Identified minimum at position [0.6234994  0.02803776] with unbiased energy -108.1667241168524
Identified minimum at position [-0.05010086  0.46672996] with unbiased energy -80.76781670928467
Identified minimum at position [-0.55822363  1.44172585] with unbiased energy -146.69951720995402
Simulation completed.


Energies of found minima:
Minimum 1: Position = [0.6234994  0.02803776], Energy = -108.1667241168524
Minimum 2: Position = [-0.05010086  0.46672996], Energy = -80.76781670928467
Minimum 3: Position = [-0.55822363  1.44172585], Energy = -146.69951720995402

Approximate saddle points between minima:
Saddle 1: Position = [0.0870774  0.08223801], Energy = -64.55953909983668
Saddle 2: Position = [-0.15825628  0.01370009], Energy = -31.780702897557642

Computational statistics:
	Total energy calls: 12509
	Energy calls at each min: [1, 2332, 12509]
	Total force calls: 12509
	Force calls at each min: [1, 2332, 12509]
	Total steps: 13144
	Total Biases: 101

Verification against reference:
True minima found: 3/3

Verification against reference (saddles):
True saddles found: 0/2
Missed saddles at positions:
[0.21248658 0.29298833]
[-0.82200156  0.6243128 ]
Starting run 758
Identified minimum at position [0.6234994  0.02803776] with unbiased energy -108.1667241168524
Identified minimum at position [-0.05002259  0.46669695] with unbiased energy -80.76781811224377
Identified minimum at position [-0.55822362  1.44172586] with unbiased energy -146.6995172099539
Simulation completed.


Energies of found minima:
Minimum 1: Position = [0.6234994  0.02803776], Energy = -108.1667241168524
Minimum 2: Position = [-0.05002259  0.46669695], Energy = -80.76781811224377
Minimum 3: Position = [-0.55822362  1.44172586], Energy = -146.6995172099539

Approximate saddle points between minima:
Saddle 1: Position = [0.16841476 0.27503331], Energy = -71.71000770195923
Saddle 2: Position = [-0.2323621  -0.06955067], Energy = -14.590641578933763

Computational statistics:
	Total energy calls: 7133
	Energy calls at each min: [1, 467, 7133]
	Total force calls: 7133
	Force calls at each min: [1, 467, 7133]
	Total steps: 7508
	Total Biases: 59

Verification against reference:
True minima found: 3/3

Verification against reference (saddles):
True saddles found: 1/2
Missed saddles at positions:
[-0.82200156  0.6243128 ]
Starting run 5036
Identified minimum at position [0.6234994  0.02803776] with unbiased energy -108.1667241168524
Identified minimum at position [-0.05007561  0.46670727] with unbiased energy -80.76781762960536
Identified minimum at position [-0.55822364  1.44172584] with unbiased energy -146.699517209954
Simulation completed.


Energies of found minima:
Minimum 1: Position = [0.6234994  0.02803776], Energy = -108.1667241168524
Minimum 2: Position = [-0.05007561  0.46670727], Energy = -80.76781762960536
Minimum 3: Position = [-0.55822364  1.44172584], Energy = -146.699517209954

Approximate saddle points between minima:
Saddle 1: Position = [0.20231635 0.28994622], Energy = -72.22404059541051
Saddle 2: Position = [-0.2418816   0.00386288], Energy = -22.262592648681494

Computational statistics:
	Total energy calls: 11152
	Energy calls at each min: [1, 1277, 11152]
	Total force calls: 11152
	Force calls at each min: [1, 1277, 11152]
	Total steps: 11730
	Total Biases: 88

Verification against reference:
True minima found: 3/3

Verification against reference (saddles):
True saddles found: 1/2
Missed saddles at positions:
[-0.82200156  0.6243128 ]
Starting run 4312
Identified minimum at position [0.6234994  0.02803776] with unbiased energy -108.1667241168524
Identified minimum at position [-0.05001096  0.46669413] with unbiased energy -80.76781812965682
Identified minimum at position [-0.55822362  1.44172586] with unbiased energy -146.69951720995397
Simulation completed.


Energies of found minima:
Minimum 1: Position = [0.6234994  0.02803776], Energy = -108.1667241168524
Minimum 2: Position = [-0.05001096  0.46669413], Energy = -80.76781812965682
Minimum 3: Position = [-0.55822362  1.44172586], Energy = -146.69951720995397

Approximate saddle points between minima:
Saddle 1: Position = [0.14789115 0.0928056 ], Energy = -71.4785716876608
Saddle 2: Position = [-0.66276067  0.6987779 ], Energy = -36.48207104765292

Computational statistics:
	Total energy calls: 3940
	Energy calls at each min: [1, 955, 3940]
	Total force calls: 3940
	Force calls at each min: [1, 955, 3940]
	Total steps: 4153
	Total Biases: 33

Verification against reference:
True minima found: 3/3

Verification against reference (saddles):
True saddles found: 0/2
Missed saddles at positions:
[0.21248658 0.29298833]
[-0.82200156  0.6243128 ]
Starting run 4838
Identified minimum at position [0.6234994  0.02803776] with unbiased energy -108.1667241168524
Identified minimum at position [-0.55822362  1.44172586] with unbiased energy -146.6995172099539
Approximate Hessian has condition number >1e6 and cannot be reliably trusted; reverting to default behavior. 
Eigenvalues: [4.06134059e-05 8.65938940e+05]
Approximate Hessian has condition number >1e6 and cannot be reliably trusted; reverting to default behavior. 
Eigenvalues: [4.80574928e-03 4.77982006e+06]
Approximate Hessian has condition number >1e6 and cannot be reliably trusted; reverting to default behavior. 
Eigenvalues: [5.56048207e-03 7.73905851e+04]
Approximate Hessian has condition number >1e6 and cannot be reliably trusted; reverting to default behavior. 
Eigenvalues: [2.90097843e-03 3.25597564e+06]
Simulation completed.


Energies of found minima:
Minimum 1: Position = [0.6234994  0.02803776], Energy = -108.1667241168524
Minimum 2: Position = [-0.55822362  1.44172586], Energy = -146.6995172099539

Approximate saddle points between minima:
Saddle 1: Position = [-0.69211209  0.34168481], Energy = -32.788004066181074

Computational statistics:
	Total energy calls: 643996
	Energy calls at each min: [1, 4623]
	Total force calls: 643996
	Force calls at each min: [1, 4623]
	Total steps: 677779
	Total Biases: 5000

Verification against reference:
True minima found: 2/3
Missed minima at positions:
[-0.05001082  0.4666941 ]

Verification against reference (saddles):
True saddles found: 0/2
Missed saddles at positions:
[0.21248658 0.29298833]
[-0.82200156  0.6243128 ]
Starting run 336
Identified minimum at position [0.6234994  0.02803776] with unbiased energy -108.1667241168524
Identified minimum at position [-0.05001085  0.46669411] with unbiased energy -80.76781812965893
Identified minimum at position [-0.55822361  1.44172586] with unbiased energy -146.69951720995383
Simulation completed.


Energies of found minima:
Minimum 1: Position = [0.6234994  0.02803776], Energy = -108.1667241168524
Minimum 2: Position = [-0.05001085  0.46669411], Energy = -80.76781812965893
Minimum 3: Position = [-0.55822361  1.44172586], Energy = -146.69951720995383

Approximate saddle points between minima:
Saddle 1: Position = [0.14882013 0.11792729], Energy = -71.58541590842016
Saddle 2: Position = [1.03780215 0.04593537], Energy = -38.20966634778944

Computational statistics:
	Total energy calls: 9017
	Energy calls at each min: [1, 1173, 9017]
	Total force calls: 9017
	Force calls at each min: [1, 1173, 9017]
	Total steps: 9507
	Total Biases: 76

Verification against reference:
True minima found: 3/3

Verification against reference (saddles):
True saddles found: 0/2
Missed saddles at positions:
[0.21248658 0.29298833]
[-0.82200156  0.6243128 ]
Starting run 310
Identified minimum at position [0.6234994  0.02803776] with unbiased energy -108.1667241168524
Identified minimum at position [-0.55822364  1.44172584] with unbiased energy -146.699517209954
Approximate Hessian has condition number >1e6 and cannot be reliably trusted; reverting to default behavior. 
Eigenvalues: [5.38991531e-04 7.45073533e+06]
Approximate Hessian has condition number >1e6 and cannot be reliably trusted; reverting to default behavior. 
Eigenvalues: [2.64104479e-03 2.70272268e+07]
Approximate Hessian has condition number >1e6 and cannot be reliably trusted; reverting to default behavior. 
Eigenvalues: [1.21551046e-03 4.14311929e+03]
Approximate Hessian has condition number >1e6 and cannot be reliably trusted; reverting to default behavior. 
Eigenvalues: [8.76821578e-04 1.91659924e+07]
Simulation completed.


Energies of found minima:
Minimum 1: Position = [0.6234994  0.02803776], Energy = -108.1667241168524
Minimum 2: Position = [-0.55822364  1.44172584], Energy = -146.699517209954

Approximate saddle points between minima:
Saddle 1: Position = [-0.83329919  0.48763602], Energy = -37.36515913268104

Computational statistics:
	Total energy calls: 645996
	Energy calls at each min: [1, 7039]
	Total force calls: 645996
	Force calls at each min: [1, 7039]
	Total steps: 679579
	Total Biases: 5000

Verification against reference:
True minima found: 2/3
Missed minima at positions:
[-0.05001082  0.4666941 ]

Verification against reference (saddles):
True saddles found: 0/2
Missed saddles at positions:
[0.21248658 0.29298833]
[-0.82200156  0.6243128 ]
Starting run 5024
Identified minimum at position [0.6234994  0.02803776] with unbiased energy -108.1667241168524
Identified minimum at position [-0.0500109   0.46669412] with unbiased energy -80.76781812965841
Identified minimum at position [-0.55822365  1.44172583] with unbiased energy -146.6995172099539
Simulation completed.


Energies of found minima:
Minimum 1: Position = [0.6234994  0.02803776], Energy = -108.1667241168524
Minimum 2: Position = [-0.0500109   0.46669412], Energy = -80.76781812965841
Minimum 3: Position = [-0.55822365  1.44172583], Energy = -146.6995172099539

Approximate saddle points between minima:
Saddle 1: Position = [0.2335984  0.33705561], Energy = -72.0566261150607
Saddle 2: Position = [-0.16907032  0.07666586], Energy = -36.39158544881366

Computational statistics:
	Total energy calls: 8961
	Energy calls at each min: [1, 949, 8961]
	Total force calls: 8961
	Force calls at each min: [1, 949, 8961]
	Total steps: 9429
	Total Biases: 73

Verification against reference:
True minima found: 3/3

Verification against reference (saddles):
True saddles found: 1/2
Missed saddles at positions:
[-0.82200156  0.6243128 ]
Starting run 2565
Identified minimum at position [0.6234994  0.02803776] with unbiased energy -108.1667241168524
Identified minimum at position [-0.05056782  0.46687369] with unbiased energy -80.76777256335124
Identified minimum at position [-0.55822363  1.44172585] with unbiased energy -146.699517209954
Simulation completed.


Energies of found minima:
Minimum 1: Position = [0.6234994  0.02803776], Energy = -108.1667241168524
Minimum 2: Position = [-0.05056782  0.46687369], Energy = -80.76777256335124
Minimum 3: Position = [-0.55822363  1.44172585], Energy = -146.699517209954

Approximate saddle points between minima:
Saddle 1: Position = [0.21011824 0.29075465], Energy = -72.24658868104682
Saddle 2: Position = [-0.82551198  0.52827381], Energy = -39.5621296733619

Computational statistics:
	Total energy calls: 8262
	Energy calls at each min: [1, 1817, 8262]
	Total force calls: 8262
	Force calls at each min: [1, 1817, 8262]
	Total steps: 8678
	Total Biases: 70

Verification against reference:
True minima found: 3/3

Verification against reference (saddles):
True saddles found: 1/2
Missed saddles at positions:
[-0.82200156  0.6243128 ]
Starting run 12
Identified minimum at position [0.6234994  0.02803776] with unbiased energy -108.1667241168524
Identified minimum at position [-0.0500112   0.46669418] with unbiased energy -80.76781812964248
Identified minimum at position [-0.55822365  1.44172583] with unbiased energy -146.69951720995394
Simulation completed.


Energies of found minima:
Minimum 1: Position = [0.6234994  0.02803776], Energy = -108.1667241168524
Minimum 2: Position = [-0.0500112   0.46669418], Energy = -80.76781812964248
Minimum 3: Position = [-0.55822365  1.44172583], Energy = -146.69951720995394

Approximate saddle points between minima:
Saddle 1: Position = [0.1993058  0.28500418], Energy = -72.18882740813801
Saddle 2: Position = [-0.72996921  0.42385228], Energy = -39.89687117014288

Computational statistics:
	Total energy calls: 10120
	Energy calls at each min: [1, 1277, 10120]
	Total force calls: 10120
	Force calls at each min: [1, 1277, 10120]
	Total steps: 10629
	Total Biases: 80

Verification against reference:
True minima found: 3/3

Verification against reference (saddles):
True saddles found: 1/2
Missed saddles at positions:
[-0.82200156  0.6243128 ]
Starting run 4375
Identified minimum at position [0.6234994  0.02803776] with unbiased energy -108.1667241168524
Identified minimum at position [-0.55822362  1.44172586] with unbiased energy -146.69951720995394
Approximate Hessian has condition number >1e6 and cannot be reliably trusted; reverting to default behavior. 
Eigenvalues: [8.40518624e-08 4.32992623e+06]
Approximate Hessian has condition number >1e6 and cannot be reliably trusted; reverting to default behavior. 
Eigenvalues: [1.48077416e-03 6.37167330e+05]
Approximate Hessian has condition number >1e6 and cannot be reliably trusted; reverting to default behavior. 
Eigenvalues: [2.74427867e-03 2.02309119e+06]
Approximate Hessian has condition number >1e6 and cannot be reliably trusted; reverting to default behavior. 
Eigenvalues: [2.12481179e-03 5.89088906e+05]
Approximate Hessian has condition number >1e6 and cannot be reliably trusted; reverting to default behavior. 
Eigenvalues: [1.73907646e-03 4.47082057e+06]
Approximate Hessian has condition number >1e6 and cannot be reliably trusted; reverting to default behavior. 
Eigenvalues: [2.24053476e-03 1.91155366e+06]
Simulation completed.


Energies of found minima:
Minimum 1: Position = [0.6234994  0.02803776], Energy = -108.1667241168524
Minimum 2: Position = [-0.55822362  1.44172586], Energy = -146.69951720995394

Approximate saddle points between minima:
Saddle 1: Position = [-0.55449812  0.3058701 ], Energy = -37.41786832522893

Computational statistics:
	Total energy calls: 644079
	Energy calls at each min: [1, 9656]
	Total force calls: 644079
	Force calls at each min: [1, 9656]
	Total steps: 676846
	Total Biases: 5000

Verification against reference:
True minima found: 2/3
Missed minima at positions:
[-0.05001082  0.4666941 ]

Verification against reference (saddles):
True saddles found: 0/2
Missed saddles at positions:
[0.21248658 0.29298833]
[-0.82200156  0.6243128 ]
Starting run 2210
Identified minimum at position [0.6234994  0.02803776] with unbiased energy -108.1667241168524
Identified minimum at position [-0.05001334  0.46669491] with unbiased energy -80.76781812873949
Identified minimum at position [-0.55822363  1.44172585] with unbiased energy -146.69951720995397
Simulation completed.


Energies of found minima:
Minimum 1: Position = [0.6234994  0.02803776], Energy = -108.1667241168524
Minimum 2: Position = [-0.05001334  0.46669491], Energy = -80.76781812873949
Minimum 3: Position = [-0.55822363  1.44172585], Energy = -146.69951720995397

Approximate saddle points between minima:
Saddle 1: Position = [0.26241027 0.2930144 ], Energy = -71.99255248083315
Saddle 2: Position = [0.62983733 0.37782951], Energy = -31.043592831980334

Computational statistics:
	Total energy calls: 10527
	Energy calls at each min: [1, 1177, 10527]
	Total force calls: 10527
	Force calls at each min: [1, 1177, 10527]
	Total steps: 11081
	Total Biases: 87

Verification against reference:
True minima found: 3/3

Verification against reference (saddles):
True saddles found: 1/2
Missed saddles at positions:
[-0.82200156  0.6243128 ]
Starting run 4592
Identified minimum at position [0.6234994  0.02803776] with unbiased energy -108.1667241168524
Identified minimum at position [-0.05004826  0.46670048] with unbiased energy -80.76781796832853
Identified minimum at position [-0.55822362  1.44172586] with unbiased energy -146.6995172099539
Simulation completed.


Energies of found minima:
Minimum 1: Position = [0.6234994  0.02803776], Energy = -108.1667241168524
Minimum 2: Position = [-0.05004826  0.46670048], Energy = -80.76781796832853
Minimum 3: Position = [-0.55822362  1.44172586], Energy = -146.6995172099539

Approximate saddle points between minima:
Saddle 1: Position = [0.09322602 0.10429658], Energy = -65.80017987146155
Saddle 2: Position = [-0.62240528  0.76477687], Energy = -29.743977317792258

Computational statistics:
	Total energy calls: 8734
	Energy calls at each min: [1, 910, 8734]
	Total force calls: 8734
	Force calls at each min: [1, 910, 8734]
	Total steps: 9213
	Total Biases: 72

Verification against reference:
True minima found: 3/3

Verification against reference (saddles):
True saddles found: 0/2
Missed saddles at positions:
[0.21248658 0.29298833]
[-0.82200156  0.6243128 ]
Starting run 5110
Identified minimum at position [0.6234994  0.02803776] with unbiased energy -108.1667241168524
Identified minimum at position [-0.0500138   0.46669471] with unbiased energy -80.76781812860631
Approximate Hessian has condition number >1e6 and cannot be reliably trusted; reverting to default behavior. 
Eigenvalues: [7.52694905e-05 1.44918493e+08]
Identified minimum at position [-0.55822365  1.44172583] with unbiased energy -146.6995172099539
Simulation completed.


Energies of found minima:
Minimum 1: Position = [0.6234994  0.02803776], Energy = -108.1667241168524
Minimum 2: Position = [-0.0500138   0.46669471], Energy = -80.76781812860631
Minimum 3: Position = [-0.55822365  1.44172583], Energy = -146.6995172099539

Approximate saddle points between minima:
Saddle 1: Position = [ 0.93463195 -0.00816703], Energy = -71.9495417661949
Saddle 2: Position = [-0.83548519  0.60013157], Energy = -40.48489329911099

Computational statistics:
	Total energy calls: 5398
	Energy calls at each min: [1, 1527, 5398]
	Total force calls: 5398
	Force calls at each min: [1, 1527, 5398]
	Total steps: 5685
	Total Biases: 44

Verification against reference:
True minima found: 3/3

Verification against reference (saddles):
True saddles found: 1/2
Missed saddles at positions:
[0.21248658 0.29298833]
Starting run 1954
Identified minimum at position [0.6234994  0.02803776] with unbiased energy -108.1667241168524
Identified minimum at position [-0.05005516  0.46670432] with unbiased energy -80.76781788666564
Identified minimum at position [-0.55822364  1.44172584] with unbiased energy -146.699517209954
Simulation completed.


Energies of found minima:
Minimum 1: Position = [0.6234994  0.02803776], Energy = -108.1667241168524
Minimum 2: Position = [-0.05005516  0.46670432], Energy = -80.76781788666564
Minimum 3: Position = [-0.55822364  1.44172584], Energy = -146.699517209954

Approximate saddle points between minima:
Saddle 1: Position = [0.28280821 0.29889073], Energy = -71.51131159248432
Saddle 2: Position = [-0.84716141  0.62184456], Energy = -40.69825777299465

Computational statistics:
	Total energy calls: 8763
	Energy calls at each min: [1, 1230, 8763]
	Total force calls: 8763
	Force calls at each min: [1, 1230, 8763]
	Total steps: 9219
	Total Biases: 72

Verification against reference:
True minima found: 3/3

Verification against reference (saddles):
True saddles found: 1/2
Missed saddles at positions:
[0.21248658 0.29298833]
Starting run 4653
Identified minimum at position [0.6234994  0.02803776] with unbiased energy -108.1667241168524
Identified minimum at position [-0.05071536  0.46687444] with unbiased energy -80.76775416620848
Identified minimum at position [-0.55822363  1.44172585] with unbiased energy -146.69951720995397
Simulation completed.


Energies of found minima:
Minimum 1: Position = [0.6234994  0.02803776], Energy = -108.1667241168524
Minimum 2: Position = [-0.05071536  0.46687444], Energy = -80.76775416620848
Minimum 3: Position = [-0.55822363  1.44172585], Energy = -146.69951720995397

Approximate saddle points between minima:
Saddle 1: Position = [0.11990919 0.08797767], Energy = -68.36386911126566
Saddle 2: Position = [-0.8291831   0.61974455], Energy = -40.65098409949245

Computational statistics:
	Total energy calls: 5623
	Energy calls at each min: [1, 1834, 5623]
	Total force calls: 5623
	Force calls at each min: [1, 1834, 5623]
	Total steps: 5915
	Total Biases: 47

Verification against reference:
True minima found: 3/3

Verification against reference (saddles):
True saddles found: 1/2
Missed saddles at positions:
[0.21248658 0.29298833]
Starting run 2084
Identified minimum at position [0.6234994  0.02803776] with unbiased energy -108.1667241168524
Identified minimum at position [-0.05001141  0.46669423] with unbiased energy -80.7678181296175
Identified minimum at position [-0.55822363  1.44172585] with unbiased energy -146.699517209954
Simulation completed.


Energies of found minima:
Minimum 1: Position = [0.6234994  0.02803776], Energy = -108.1667241168524
Minimum 2: Position = [-0.05001141  0.46669423], Energy = -80.7678181296175
Minimum 3: Position = [-0.55822363  1.44172585], Energy = -146.699517209954

Approximate saddle points between minima:
Saddle 1: Position = [0.20109699 0.28461056], Energy = -72.19979622576957
Saddle 2: Position = [-0.87089275  0.57279199], Energy = -39.397115494891

Computational statistics:
	Total energy calls: 7763
	Energy calls at each min: [1, 1647, 7763]
	Total force calls: 7763
	Force calls at each min: [1, 1647, 7763]
	Total steps: 8166
	Total Biases: 62

Verification against reference:
True minima found: 3/3

Verification against reference (saddles):
True saddles found: 1/2
Missed saddles at positions:
[-0.82200156  0.6243128 ]
Starting run 4307
Identified minimum at position [0.6234994  0.02803776] with unbiased energy -108.1667241168524
Identified minimum at position [-0.05002439  0.46669761] with unbiased energy -80.76781810584633
Identified minimum at position [-0.55822365  1.44172583] with unbiased energy -146.69951720995388
Simulation completed.


Energies of found minima:
Minimum 1: Position = [0.6234994  0.02803776], Energy = -108.1667241168524
Minimum 2: Position = [-0.05002439  0.46669761], Energy = -80.76781810584633
Minimum 3: Position = [-0.55822365  1.44172583], Energy = -146.69951720995388

Approximate saddle points between minima:
Saddle 1: Position = [0.2839396  0.32691617], Energy = -70.62117553518937
Saddle 2: Position = [-0.81770199  0.59935321], Energy = -40.71896050040054

Computational statistics:
	Total energy calls: 2137
	Energy calls at each min: [1, 1545, 2137]
	Total force calls: 2137
	Force calls at each min: [1, 1545, 2137]
	Total steps: 2253
	Total Biases: 20

Verification against reference:
True minima found: 3/3

Verification against reference (saddles):
True saddles found: 1/2
Missed saddles at positions:
[0.21248658 0.29298833]
Starting run 1523
Identified minimum at position [0.6234994  0.02803776] with unbiased energy -108.1667241168524
Identified minimum at position [-0.05001101  0.46669414] with unbiased energy -80.7678181296547
Identified minimum at position [-0.55822365  1.44172582] with unbiased energy -146.69951720995388
Simulation completed.


Energies of found minima:
Minimum 1: Position = [0.6234994  0.02803776], Energy = -108.1667241168524
Minimum 2: Position = [-0.05001101  0.46669414], Energy = -80.7678181296547
Minimum 3: Position = [-0.55822365  1.44172582], Energy = -146.69951720995388

Approximate saddle points between minima:
Saddle 1: Position = [0.16968069 0.28723112], Energy = -71.94812370729058
Saddle 2: Position = [-0.27388144  0.18872321], Energy = -38.69697778083879

Computational statistics:
	Total energy calls: 8160
	Energy calls at each min: [1, 1115, 8160]
	Total force calls: 8160
	Force calls at each min: [1, 1115, 8160]
	Total steps: 8602
	Total Biases: 68

Verification against reference:
True minima found: 3/3

Verification against reference (saddles):
True saddles found: 1/2
Missed saddles at positions:
[-0.82200156  0.6243128 ]
