Starting run 509
Identified minimum at position [0.6234994  0.02803776] with unbiased energy -108.1667241168524
Identified minimum at position [-0.05001111  0.46669417] with unbiased energy -80.76781812964936
Identified minimum at position [-0.55822362  1.44172586] with unbiased energy -146.69951720995385
Simulation completed.


Energies of found minima:
Minimum 1: Position = [0.6234994  0.02803776], Energy = -108.1667241168524
Minimum 2: Position = [-0.05001111  0.46669417], Energy = -80.76781812964936
Minimum 3: Position = [-0.55822362  1.44172586], Energy = -146.69951720995385

Approximate saddle points between minima:
Saddle 1: Position = [0.31001659 0.28775387], Energy = -71.54036087029382
Saddle 2: Position = [-0.55506309  0.09958775], Energy = -7.024918070971921

Computational statistics:
	Total energy calls: 11064
	Energy calls at each min: [1, 1226, 11064]
	Total force calls: 11064
	Force calls at each min: [1, 1226, 11064]
	Total steps: 11659
	Total Biases: 88

Verification against reference:
True minima found: 3/3

Verification against reference (saddles):
True saddles found: 0/2
Missed saddles at positions:
[0.21248658 0.29298833]
[-0.82200156  0.6243128 ]
Starting run 1324
Identified minimum at position [0.6234994  0.02803776] with unbiased energy -108.1667241168524
Identified minimum at position [-0.05005022  0.46670429] with unbiased energy -80.76781792876287
Identified minimum at position [-0.55822366  1.44172582] with unbiased energy -146.69951720995385
Simulation completed.


Energies of found minima:
Minimum 1: Position = [0.6234994  0.02803776], Energy = -108.1667241168524
Minimum 2: Position = [-0.05005022  0.46670429], Energy = -80.76781792876287
Minimum 3: Position = [-0.55822366  1.44172582], Energy = -146.69951720995385

Approximate saddle points between minima:
Saddle 1: Position = [0.1669179 0.2198936], Energy = -71.47976775741
Saddle 2: Position = [-0.17641326  0.05290604], Energy = -33.57042819522968

Computational statistics:
	Total energy calls: 8937
	Energy calls at each min: [1, 1594, 8937]
	Total force calls: 8937
	Force calls at each min: [1, 1594, 8937]
	Total steps: 9408
	Total Biases: 72

Verification against reference:
True minima found: 3/3

Verification against reference (saddles):
True saddles found: 0/2
Missed saddles at positions:
[0.21248658 0.29298833]
[-0.82200156  0.6243128 ]
Starting run 816
Identified minimum at position [0.6234994  0.02803776] with unbiased energy -108.1667241168524
Identified minimum at position [-0.05003046  0.46669846] with unbiased energy -80.76781808256993
Identified minimum at position [-0.55822365  1.44172582] with unbiased energy -146.69951720995388
Simulation completed.


Energies of found minima:
Minimum 1: Position = [0.6234994  0.02803776], Energy = -108.1667241168524
Minimum 2: Position = [-0.05003046  0.46669846], Energy = -80.76781808256993
Minimum 3: Position = [-0.55822365  1.44172582], Energy = -146.69951720995388

Approximate saddle points between minima:
Saddle 1: Position = [0.24873543 0.28663692], Energy = -72.25152454094052
Saddle 2: Position = [-0.33862374  0.70583177], Energy = -39.92076489350768

Computational statistics:
	Total energy calls: 8944
	Energy calls at each min: [1, 1392, 8944]
	Total force calls: 8944
	Force calls at each min: [1, 1392, 8944]
	Total steps: 9415
	Total Biases: 76

Verification against reference:
True minima found: 3/3

Verification against reference (saddles):
True saddles found: 1/2
Missed saddles at positions:
[-0.82200156  0.6243128 ]
Starting run 633
Identified minimum at position [0.6234994  0.02803776] with unbiased energy -108.1667241168524
Identified minimum at position [-0.05001087  0.46669411] with unbiased energy -80.76781812965882
Identified minimum at position [-0.55822365  1.44172583] with unbiased energy -146.69951720995397
Simulation completed.


Energies of found minima:
Minimum 1: Position = [0.6234994  0.02803776], Energy = -108.1667241168524
Minimum 2: Position = [-0.05001087  0.46669411], Energy = -80.76781812965882
Minimum 3: Position = [-0.55822365  1.44172583], Energy = -146.69951720995397

Approximate saddle points between minima:
Saddle 1: Position = [0.23963894 0.29691986], Energy = -72.11931987463117
Saddle 2: Position = [1.04751867 0.05696269], Energy = -32.745818489785904

Computational statistics:
	Total energy calls: 10089
	Energy calls at each min: [1, 887, 10089]
	Total force calls: 10089
	Force calls at each min: [1, 887, 10089]
	Total steps: 10651
	Total Biases: 83

Verification against reference:
True minima found: 3/3

Verification against reference (saddles):
True saddles found: 1/2
Missed saddles at positions:
[-0.82200156  0.6243128 ]
Starting run 4360
Identified minimum at position [0.6234994  0.02803776] with unbiased energy -108.1667241168524
Identified minimum at position [-0.05002679  0.46669719] with unbiased energy -80.76781809961263
Identified minimum at position [-0.55822364  1.44172584] with unbiased energy -146.699517209954
Simulation completed.


Energies of found minima:
Minimum 1: Position = [0.6234994  0.02803776], Energy = -108.1667241168524
Minimum 2: Position = [-0.05002679  0.46669719], Energy = -80.76781809961263
Minimum 3: Position = [-0.55822364  1.44172584], Energy = -146.699517209954

Approximate saddle points between minima:
Saddle 1: Position = [0.23670207 0.31372407], Energy = -72.00500355546515
Saddle 2: Position = [-0.12967031 -0.03399346], Energy = -29.462226602881522

Computational statistics:
	Total energy calls: 17683
	Energy calls at each min: [1, 1963, 17683]
	Total force calls: 17683
	Force calls at each min: [1, 1963, 17683]
	Total steps: 18600
	Total Biases: 146

Verification against reference:
True minima found: 3/3

Verification against reference (saddles):
True saddles found: 1/2
Missed saddles at positions:
[-0.82200156  0.6243128 ]
Starting run 5069
Identified minimum at position [0.6234994  0.02803776] with unbiased energy -108.1667241168524
Identified minimum at position [-0.05131089  0.46698636] with unbiased energy -80.76761082755357
Identified minimum at position [-0.55822365  1.44172583] with unbiased energy -146.69951720995397
Simulation completed.


Energies of found minima:
Minimum 1: Position = [0.6234994  0.02803776], Energy = -108.1667241168524
Minimum 2: Position = [-0.05131089  0.46698636], Energy = -80.76761082755357
Minimum 3: Position = [-0.55822365  1.44172583], Energy = -146.69951720995397

Approximate saddle points between minima:
Saddle 1: Position = [0.29670962 0.30003877], Energy = -71.18345454066943
Saddle 2: Position = [-0.80013608  0.44925747], Energy = -36.88598505011046

Computational statistics:
	Total energy calls: 5969
	Energy calls at each min: [1, 1552, 5969]
	Total force calls: 5969
	Force calls at each min: [1, 1552, 5969]
	Total steps: 6285
	Total Biases: 50

Verification against reference:
True minima found: 2/3
Missed minima at positions:
[-0.05001082  0.4666941 ]

Verification against reference (saddles):
True saddles found: 0/2
Missed saddles at positions:
[0.21248658 0.29298833]
[-0.82200156  0.6243128 ]
Starting run 826
Identified minimum at position [0.6234994  0.02803776] with unbiased energy -108.1667241168524
Identified minimum at position [-0.55822365  1.44172583] with unbiased energy -146.69951720995394
Approximate Hessian has condition number >1e6 and cannot be reliably trusted; reverting to default behavior. 
Eigenvalues: [1.35503348e-03 3.61450194e+05]
Approximate Hessian has condition number >1e6 and cannot be reliably trusted; reverting to default behavior. 
Eigenvalues: [2.89512090e-03 1.29258729e+06]
Approximate Hessian has condition number >1e6 and cannot be reliably trusted; reverting to default behavior. 
Eigenvalues: [5.71770505e-03 5.78877957e+03]
Simulation completed.


Energies of found minima:
Minimum 1: Position = [0.6234994  0.02803776], Energy = -108.1667241168524
Minimum 2: Position = [-0.55822365  1.44172583], Energy = -146.69951720995394

Approximate saddle points between minima:
Saddle 1: Position = [-0.74414624  0.6452362 ], Energy = -40.37899417553021

Computational statistics:
	Total energy calls: 640294
	Energy calls at each min: [1, 8191]
	Total force calls: 640294
	Force calls at each min: [1, 8191]
	Total steps: 674149
	Total Biases: 5000

Verification against reference:
True minima found: 2/3
Missed minima at positions:
[-0.05001082  0.4666941 ]

Verification against reference (saddles):
True saddles found: 0/2
Missed saddles at positions:
[0.21248658 0.29298833]
[-0.82200156  0.6243128 ]
Starting run 2546
Identified minimum at position [0.6234994  0.02803776] with unbiased energy -108.1667241168524
Identified minimum at position [-0.05083135  0.46685956] with unbiased energy -80.76773805893257
Identified minimum at position [-0.55822362  1.44172585] with unbiased energy -146.69951720995394
Simulation completed.


Energies of found minima:
Minimum 1: Position = [0.6234994  0.02803776], Energy = -108.1667241168524
Minimum 2: Position = [-0.05083135  0.46685956], Energy = -80.76773805893257
Minimum 3: Position = [-0.55822362  1.44172585], Energy = -146.69951720995394

Approximate saddle points between minima:
Saddle 1: Position = [0.24211664 0.30090651], Energy = -72.04518339687789
Saddle 2: Position = [-0.17501368  0.06793304], Energy = -35.037226199214786

Computational statistics:
	Total energy calls: 6700
	Energy calls at each min: [1, 562, 6700]
	Total force calls: 6700
	Force calls at each min: [1, 562, 6700]
	Total steps: 7064
	Total Biases: 55

Verification against reference:
True minima found: 3/3

Verification against reference (saddles):
True saddles found: 1/2
Missed saddles at positions:
[-0.82200156  0.6243128 ]
Starting run 1442
Identified minimum at position [0.6234994  0.02803776] with unbiased energy -108.1667241168524
Identified minimum at position [-0.050777    0.46686251] with unbiased energy -80.76774664862052
Identified minimum at position [-0.55822364  1.44172583] with unbiased energy -146.699517209954
Simulation completed.


Energies of found minima:
Minimum 1: Position = [0.6234994  0.02803776], Energy = -108.1667241168524
Minimum 2: Position = [-0.050777    0.46686251], Energy = -80.76774664862052
Minimum 3: Position = [-0.55822364  1.44172583], Energy = -146.699517209954

Approximate saddle points between minima:
Saddle 1: Position = [0.32415927 0.31321   ], Energy = -69.73834335932128
Saddle 2: Position = [-0.10910864 -0.02134024], Energy = -33.274807830120295

Computational statistics:
	Total energy calls: 8780
	Energy calls at each min: [1, 1501, 8780]
	Total force calls: 8780
	Force calls at each min: [1, 1501, 8780]
	Total steps: 9234
	Total Biases: 74

Verification against reference:
True minima found: 3/3

Verification against reference (saddles):
True saddles found: 0/2
Missed saddles at positions:
[0.21248658 0.29298833]
[-0.82200156  0.6243128 ]
Starting run 2197
Identified minimum at position [0.6234994  0.02803776] with unbiased energy -108.1667241168524
Identified minimum at position [-0.0500123   0.46669464] with unbiased energy -80.76781812930592
Identified minimum at position [-0.55822362  1.44172586] with unbiased energy -146.6995172099539
Simulation completed.


Energies of found minima:
Minimum 1: Position = [0.6234994  0.02803776], Energy = -108.1667241168524
Minimum 2: Position = [-0.0500123   0.46669464], Energy = -80.76781812930592
Minimum 3: Position = [-0.55822362  1.44172586], Energy = -146.6995172099539

Approximate saddle points between minima:
Saddle 1: Position = [0.24387623 0.30342725], Energy = -71.99315815826495
Saddle 2: Position = [-0.81908583  0.60342334], Energy = -40.69651393443327

Computational statistics:
	Total energy calls: 8895
	Energy calls at each min: [1, 1907, 8895]
	Total force calls: 8895
	Force calls at each min: [1, 1907, 8895]
	Total steps: 9349
	Total Biases: 75

Verification against reference:
True minima found: 3/3

Verification against reference (saddles):
True saddles found: 2/2
Starting run 661
Identified minimum at position [0.6234994  0.02803776] with unbiased energy -108.1667241168524
Identified minimum at position [-0.05117847  0.46694746] with unbiased energy -80.76765274228057
Identified minimum at position [-0.55822362  1.44172585] with unbiased energy -146.69951720995397
Simulation completed.


Energies of found minima:
Minimum 1: Position = [0.6234994  0.02803776], Energy = -108.1667241168524
Minimum 2: Position = [-0.05117847  0.46694746], Energy = -80.76765274228057
Minimum 3: Position = [-0.55822362  1.44172585], Energy = -146.69951720995397

Approximate saddle points between minima:
Saddle 1: Position = [0.21580473 0.28761885], Energy = -72.26373325816672
Saddle 2: Position = [-0.54100623  0.71471127], Energy = -34.514904189411126

Computational statistics:
	Total energy calls: 12484
	Energy calls at each min: [1, 1986, 12484]
	Total force calls: 12484
	Force calls at each min: [1, 1986, 12484]
	Total steps: 13119
	Total Biases: 105

Verification against reference:
True minima found: 2/3
Missed minima at positions:
[-0.05001082  0.4666941 ]

Verification against reference (saddles):
True saddles found: 1/2
Missed saddles at positions:
[-0.82200156  0.6243128 ]
Starting run 1465
Identified minimum at position [0.6234994  0.02803776] with unbiased energy -108.1667241168524
Identified minimum at position [-0.05001118  0.46669417] with unbiased energy -80.76781812964414
Identified minimum at position [-0.55822363  1.44172585] with unbiased energy -146.69951720995397
Simulation completed.


Energies of found minima:
Minimum 1: Position = [0.6234994  0.02803776], Energy = -108.1667241168524
Minimum 2: Position = [-0.05001118  0.46669417], Energy = -80.76781812964414
Minimum 3: Position = [-0.55822363  1.44172585], Energy = -146.69951720995397

Approximate saddle points between minima:
Saddle 1: Position = [ 0.96060054 -0.0443047 ], Energy = -58.964106125577985
Saddle 2: Position = [0.44055949 0.53554386], Energy = -39.72092825408475

Computational statistics:
	Total energy calls: 11894
	Energy calls at each min: [1, 3100, 11894]
	Total force calls: 11894
	Force calls at each min: [1, 3100, 11894]
	Total steps: 12536
	Total Biases: 98

Verification against reference:
True minima found: 3/3

Verification against reference (saddles):
True saddles found: 0/2
Missed saddles at positions:
[0.21248658 0.29298833]
[-0.82200156  0.6243128 ]
Starting run 2811
Identified minimum at position [0.6234994  0.02803776] with unbiased energy -108.1667241168524
Identified minimum at position [-0.05001616  0.46669481] with unbiased energy -80.7678181264568
Identified minimum at position [-0.55822364  1.44172584] with unbiased energy -146.699517209954
Simulation completed.


Energies of found minima:
Minimum 1: Position = [0.6234994  0.02803776], Energy = -108.1667241168524
Minimum 2: Position = [-0.05001616  0.46669481], Energy = -80.7678181264568
Minimum 3: Position = [-0.55822364  1.44172584], Energy = -146.699517209954

Approximate saddle points between minima:
Saddle 1: Position = [0.259653   0.33912336], Energy = -71.24285917126424
Saddle 2: Position = [-0.7546266   0.70814463], Energy = -38.24259368850497

Computational statistics:
	Total energy calls: 3146
	Energy calls at each min: [1, 2037, 3146]
	Total force calls: 3146
	Force calls at each min: [1, 2037, 3146]
	Total steps: 3317
	Total Biases: 25

Verification against reference:
True minima found: 3/3

Verification against reference (saddles):
True saddles found: 0/2
Missed saddles at positions:
[0.21248658 0.29298833]
[-0.82200156  0.6243128 ]
Starting run 340
Identified minimum at position [0.6234994  0.02803776] with unbiased energy -108.1667241168524
Identified minimum at position [-0.05001259  0.46669454] with unbiased energy -80.76781812926204
Identified minimum at position [-0.55822365  1.44172583] with unbiased energy -146.69951720995394
Simulation completed.


Energies of found minima:
Minimum 1: Position = [0.6234994  0.02803776], Energy = -108.1667241168524
Minimum 2: Position = [-0.05001259  0.46669454], Energy = -80.76781812926204
Minimum 3: Position = [-0.55822365  1.44172583], Energy = -146.69951720995394

Approximate saddle points between minima:
Saddle 1: Position = [0.20900679 0.28314403], Energy = -72.25024288319037
Saddle 2: Position = [-0.12805297 -0.0119358 ], Energy = -32.29819091580249

Computational statistics:
	Total energy calls: 8395
	Energy calls at each min: [1, 963, 8395]
	Total force calls: 8395
	Force calls at each min: [1, 963, 8395]
	Total steps: 8835
	Total Biases: 68

Verification against reference:
True minima found: 3/3

Verification against reference (saddles):
True saddles found: 1/2
Missed saddles at positions:
[-0.82200156  0.6243128 ]
Starting run 4298
Identified minimum at position [0.6234994  0.02803776] with unbiased energy -108.1667241168524
Identified minimum at position [-0.05003661  0.46670386] with unbiased energy -80.76781801865845
Identified minimum at position [-0.55822365  1.44172583] with unbiased energy -146.69951720995394
Simulation completed.


Energies of found minima:
Minimum 1: Position = [0.6234994  0.02803776], Energy = -108.1667241168524
Minimum 2: Position = [-0.05003661  0.46670386], Energy = -80.76781801865845
Minimum 3: Position = [-0.55822365  1.44172583], Energy = -146.69951720995394

Approximate saddle points between minima:
Saddle 1: Position = [0.31173789 0.31146875], Energy = -70.25333544278591
Saddle 2: Position = [-0.72835056  0.4039585 ], Energy = -38.012604470354816

Computational statistics:
	Total energy calls: 7084
	Energy calls at each min: [1, 1403, 7084]
	Total force calls: 7084
	Force calls at each min: [1, 1403, 7084]
	Total steps: 7458
	Total Biases: 59

Verification against reference:
True minima found: 3/3

Verification against reference (saddles):
True saddles found: 0/2
Missed saddles at positions:
[0.21248658 0.29298833]
[-0.82200156  0.6243128 ]
Starting run 1641
Identified minimum at position [0.6234994  0.02803776] with unbiased energy -108.1667241168524
Identified minimum at position [-0.05098664  0.46697327] with unbiased energy -80.76768839338239
Identified minimum at position [-0.55822365  1.44172583] with unbiased energy -146.6995172099539
Simulation completed.


Energies of found minima:
Minimum 1: Position = [0.6234994  0.02803776], Energy = -108.1667241168524
Minimum 2: Position = [-0.05098664  0.46697327], Energy = -80.76768839338239
Minimum 3: Position = [-0.55822365  1.44172583], Energy = -146.6995172099539

Approximate saddle points between minima:
Saddle 1: Position = [1.00698885 0.07797984], Energy = -44.03067044296537
Saddle 2: Position = [-0.20465406  0.0631153 ], Energy = -31.637265098254243

Computational statistics:
	Total energy calls: 7074
	Energy calls at each min: [1, 2350, 7074]
	Total force calls: 7074
	Force calls at each min: [1, 2350, 7074]
	Total steps: 7461
	Total Biases: 63

Verification against reference:
True minima found: 2/3
Missed minima at positions:
[-0.05001082  0.4666941 ]

Verification against reference (saddles):
True saddles found: 0/2
Missed saddles at positions:
[0.21248658 0.29298833]
[-0.82200156  0.6243128 ]
Starting run 1616
Identified minimum at position [0.6234994  0.02803776] with unbiased energy -108.1667241168524
Identified minimum at position [-0.05009152  0.46671297] with unbiased energy -80.76781732041303
Identified minimum at position [-0.55822364  1.44172583] with unbiased energy -146.69951720995402
Simulation completed.


Energies of found minima:
Minimum 1: Position = [0.6234994  0.02803776], Energy = -108.1667241168524
Minimum 2: Position = [-0.05009152  0.46671297], Energy = -80.76781732041303
Minimum 3: Position = [-0.55822364  1.44172583], Energy = -146.69951720995402

Approximate saddle points between minima:
Saddle 1: Position = [0.10614506 0.16114297], Energy = -67.62103673760431
Saddle 2: Position = [-0.8600251   0.47384323], Energy = -34.9465479225842

Computational statistics:
	Total energy calls: 7770
	Energy calls at each min: [1, 1284, 7770]
	Total force calls: 7770
	Force calls at each min: [1, 1284, 7770]
	Total steps: 8192
	Total Biases: 65

Verification against reference:
True minima found: 3/3

Verification against reference (saddles):
True saddles found: 0/2
Missed saddles at positions:
[0.21248658 0.29298833]
[-0.82200156  0.6243128 ]
Starting run 946
Identified minimum at position [0.6234994  0.02803776] with unbiased energy -108.1667241168524
Identified minimum at position [-0.05001109  0.46669416] with unbiased energy -80.76781812965068
Identified minimum at position [-0.55822365  1.44172583] with unbiased energy -146.6995172099539
Simulation completed.


Energies of found minima:
Minimum 1: Position = [0.6234994  0.02803776], Energy = -108.1667241168524
Minimum 2: Position = [-0.05001109  0.46669416], Energy = -80.76781812965068
Minimum 3: Position = [-0.55822365  1.44172583], Energy = -146.6995172099539

Approximate saddle points between minima:
Saddle 1: Position = [0.12964288 0.1569638 ], Energy = -69.56825737895822
Saddle 2: Position = [0.51146282 0.58910635], Energy = -18.44958645127911

Computational statistics:
	Total energy calls: 15197
	Energy calls at each min: [1, 1463, 15197]
	Total force calls: 15197
	Force calls at each min: [1, 1463, 15197]
	Total steps: 16001
	Total Biases: 121

Verification against reference:
True minima found: 3/3

Verification against reference (saddles):
True saddles found: 0/2
Missed saddles at positions:
[0.21248658 0.29298833]
[-0.82200156  0.6243128 ]
Starting run 4583
Identified minimum at position [0.6234994  0.02803776] with unbiased energy -108.1667241168524
Identified minimum at position [-0.55822366  1.44172582] with unbiased energy -146.6995172099538
Approximate Hessian has condition number >1e6 and cannot be reliably trusted; reverting to default behavior. 
Eigenvalues: [6.84279027e-04 8.69864708e+02]
Approximate Hessian has condition number >1e6 and cannot be reliably trusted; reverting to default behavior. 
Eigenvalues: [1.46740681e-03 4.97035797e+07]
Approximate Hessian has condition number >1e6 and cannot be reliably trusted; reverting to default behavior. 
Eigenvalues: [4.27436898e-04 3.31439304e+06]
Approximate Hessian has condition number >1e6 and cannot be reliably trusted; reverting to default behavior. 
Eigenvalues: [1.72835588e-03 1.32660548e+09]
Approximate Hessian has condition number >1e6 and cannot be reliably trusted; reverting to default behavior. 
Eigenvalues: [1.18673014e-03 4.10710578e+07]
Approximate Hessian has condition number >1e6 and cannot be reliably trusted; reverting to default behavior. 
Eigenvalues: [2.13361566e-03 7.00929314e+05]
Simulation completed.


Energies of found minima:
Minimum 1: Position = [0.6234994  0.02803776], Energy = -108.1667241168524
Minimum 2: Position = [-0.55822366  1.44172582], Energy = -146.6995172099538

Approximate saddle points between minima:
Saddle 1: Position = [-0.82771759  0.61090151], Energy = -40.622339541528056

Computational statistics:
	Total energy calls: 637421
	Energy calls at each min: [1, 4021]
	Total force calls: 637421
	Force calls at each min: [1, 4021]
	Total steps: 670865
	Total Biases: 5000

Verification against reference:
True minima found: 2/3
Missed minima at positions:
[-0.05001082  0.4666941 ]

Verification against reference (saddles):
True saddles found: 1/2
Missed saddles at positions:
[0.21248658 0.29298833]
Starting run 1983
Identified minimum at position [0.6234994  0.02803776] with unbiased energy -108.1667241168524
Identified minimum at position [-0.05032328  0.46675647] with unbiased energy -80.76780654825829
Approximate Hessian has condition number >1e6 and cannot be reliably trusted; reverting to default behavior. 
Eigenvalues: [1.50693239e-03 2.97575324e+04]
Identified minimum at position [-0.55822365  1.44172583] with unbiased energy -146.69951720995388
Simulation completed.


Energies of found minima:
Minimum 1: Position = [0.6234994  0.02803776], Energy = -108.1667241168524
Minimum 2: Position = [-0.05032328  0.46675647], Energy = -80.76780654825829
Minimum 3: Position = [-0.55822365  1.44172583], Energy = -146.69951720995388

Approximate saddle points between minima:
Saddle 1: Position = [0.2541039  0.29054296], Energy = -72.12978571425421
Saddle 2: Position = [-0.85530089  0.61453329], Energy = -40.59301150275412

Computational statistics:
	Total energy calls: 4171
	Energy calls at each min: [1, 1471, 4171]
	Total force calls: 4171
	Force calls at each min: [1, 1471, 4171]
	Total steps: 4391
	Total Biases: 37

Verification against reference:
True minima found: 3/3

Verification against reference (saddles):
True saddles found: 2/2
Starting run 2887
Identified minimum at position [0.6234994  0.02803776] with unbiased energy -108.1667241168524
Identified minimum at position [-0.55822365  1.44172583] with unbiased energy -146.6995172099539
Approximate Hessian has condition number >1e6 and cannot be reliably trusted; reverting to default behavior. 
Eigenvalues: [9.98111442e-04 1.78705451e+06]
Approximate Hessian has condition number >1e6 and cannot be reliably trusted; reverting to default behavior. 
Eigenvalues: [1.54943994e-03 5.14760489e+06]
Approximate Hessian has condition number >1e6 and cannot be reliably trusted; reverting to default behavior. 
Eigenvalues: [1.21440331e-03 3.06662752e+06]
Simulation completed.


Energies of found minima:
Minimum 1: Position = [0.6234994  0.02803776], Energy = -108.1667241168524
Minimum 2: Position = [-0.55822365  1.44172583], Energy = -146.6995172099539

Approximate saddle points between minima:
Saddle 1: Position = [-0.70060438  0.73726591], Energy = -34.97242466465983

Computational statistics:
	Total energy calls: 643584
	Energy calls at each min: [1, 4509]
	Total force calls: 643584
	Force calls at each min: [1, 4509]
	Total steps: 676802
	Total Biases: 5000

Verification against reference:
True minima found: 2/3
Missed minima at positions:
[-0.05001082  0.4666941 ]

Verification against reference (saddles):
True saddles found: 0/2
Missed saddles at positions:
[0.21248658 0.29298833]
[-0.82200156  0.6243128 ]
Starting run 3975
Identified minimum at position [0.6234994  0.02803776] with unbiased energy -108.1667241168524
Identified minimum at position [-0.05146455  0.46703048] with unbiased energy -80.76755638062855
Identified minimum at position [-0.55822363  1.44172585] with unbiased energy -146.69951720995397
Simulation completed.


Energies of found minima:
Minimum 1: Position = [0.6234994  0.02803776], Energy = -108.1667241168524
Minimum 2: Position = [-0.05146455  0.46703048], Energy = -80.76755638062855
Minimum 3: Position = [-0.55822363  1.44172585], Energy = -146.69951720995397

Approximate saddle points between minima:
Saddle 1: Position = [0.26425642 0.31671557], Energy = -71.4175869788621
Saddle 2: Position = [-0.80208275  0.64680946], Energy = -40.44964560520265

Computational statistics:
	Total energy calls: 8600
	Energy calls at each min: [1, 1251, 8600]
	Total force calls: 8600
	Force calls at each min: [1, 1251, 8600]
	Total steps: 9028
	Total Biases: 72

Verification against reference:
True minima found: 2/3
Missed minima at positions:
[-0.05001082  0.4666941 ]

Verification against reference (saddles):
True saddles found: 1/2
Missed saddles at positions:
[0.21248658 0.29298833]
Starting run 390
Identified minimum at position [0.6234994  0.02803776] with unbiased energy -108.1667241168524
Identified minimum at position [-0.55822362  1.44172585] with unbiased energy -146.69951720995397
Approximate Hessian has condition number >1e6 and cannot be reliably trusted; reverting to default behavior. 
Eigenvalues: [5.65679319e-03 1.29963757e+07]
Approximate Hessian has condition number >1e6 and cannot be reliably trusted; reverting to default behavior. 
Eigenvalues: [2.32691830e-03 1.23470836e+07]
Approximate Hessian has condition number >1e6 and cannot be reliably trusted; reverting to default behavior. 
Eigenvalues: [1.78923382e-03 2.08482257e+06]
Approximate Hessian has condition number >1e6 and cannot be reliably trusted; reverting to default behavior. 
Eigenvalues: [3.08492221e-03 7.26806156e+06]
Approximate Hessian has condition number >1e6 and cannot be reliably trusted; reverting to default behavior. 
Eigenvalues: [2.46978085e-03 1.97734137e+07]
Simulation completed.


Energies of found minima:
Minimum 1: Position = [0.6234994  0.02803776], Energy = -108.1667241168524
Minimum 2: Position = [-0.55822362  1.44172585], Energy = -146.69951720995397

Approximate saddle points between minima:
Saddle 1: Position = [-0.45825206  0.72619986], Energy = -33.36037806670322

Computational statistics:
	Total energy calls: 648586
	Energy calls at each min: [1, 11367]
	Total force calls: 648586
	Force calls at each min: [1, 11367]
	Total steps: 680690
	Total Biases: 5000

Verification against reference:
True minima found: 2/3
Missed minima at positions:
[-0.05001082  0.4666941 ]

Verification against reference (saddles):
True saddles found: 0/2
Missed saddles at positions:
[0.21248658 0.29298833]
[-0.82200156  0.6243128 ]
Starting run 3309
Identified minimum at position [0.6234994  0.02803776] with unbiased energy -108.1667241168524
Identified minimum at position [-0.05018498  0.46674414] with unbiased energy -80.76781398881928
Identified minimum at position [-0.55822364  1.44172583] with unbiased energy -146.699517209954
Simulation completed.


Energies of found minima:
Minimum 1: Position = [0.6234994  0.02803776], Energy = -108.1667241168524
Minimum 2: Position = [-0.05018498  0.46674414], Energy = -80.76781398881928
Minimum 3: Position = [-0.55822364  1.44172583], Energy = -146.699517209954

Approximate saddle points between minima:
Saddle 1: Position = [0.21449022 0.30089677], Energy = -72.25292238124246
Saddle 2: Position = [-0.84388274  0.60174755], Energy = -40.421240809375576

Computational statistics:
	Total energy calls: 2783
	Energy calls at each min: [1, 392, 2783]
	Total force calls: 2783
	Force calls at each min: [1, 392, 2783]
	Total steps: 2930
	Total Biases: 25

Verification against reference:
True minima found: 3/3

Verification against reference (saddles):
True saddles found: 2/2
Starting run 3445
Identified minimum at position [0.6234994  0.02803776] with unbiased energy -108.1667241168524
Identified minimum at position [-0.05001399  0.46669471] with unbiased energy -80.76781812848027
Identified minimum at position [-0.55822364  1.44172584] with unbiased energy -146.69951720995402
Simulation completed.


Energies of found minima:
Minimum 1: Position = [0.6234994  0.02803776], Energy = -108.1667241168524
Minimum 2: Position = [-0.05001399  0.46669471], Energy = -80.76781812848027
Minimum 3: Position = [-0.55822364  1.44172584], Energy = -146.69951720995402

Approximate saddle points between minima:
Saddle 1: Position = [0.17654445 0.29381022], Energy = -72.13891284790634
Saddle 2: Position = [-0.81487062  0.5073519 ], Energy = -39.37022046781607

Computational statistics:
	Total energy calls: 6518
	Energy calls at each min: [1, 942, 6518]
	Total force calls: 6518
	Force calls at each min: [1, 942, 6518]
	Total steps: 6867
	Total Biases: 54

Verification against reference:
True minima found: 3/3

Verification against reference (saddles):
True saddles found: 1/2
Missed saddles at positions:
[-0.82200156  0.6243128 ]
Starting run 4630
Identified minimum at position [0.6234994  0.02803776] with unbiased energy -108.1667241168524
Identified minimum at position [-0.05006089  0.46671081] with unbiased energy -80.76781775244004
Identified minimum at position [-0.55822364  1.44172584] with unbiased energy -146.69951720995402
Simulation completed.


Energies of found minima:
Minimum 1: Position = [0.6234994  0.02803776], Energy = -108.1667241168524
Minimum 2: Position = [-0.05006089  0.46671081], Energy = -80.76781775244004
Minimum 3: Position = [-0.55822364  1.44172584], Energy = -146.69951720995402

Approximate saddle points between minima:
Saddle 1: Position = [0.30139236 0.30585582], Energy = -70.81383972355795
Saddle 2: Position = [-0.16174316  0.05700525], Energy = -35.447806450660806

Computational statistics:
	Total energy calls: 11134
	Energy calls at each min: [1, 1395, 11134]
	Total force calls: 11134
	Force calls at each min: [1, 1395, 11134]
	Total steps: 11690
	Total Biases: 90

Verification against reference:
True minima found: 3/3

Verification against reference (saddles):
True saddles found: 0/2
Missed saddles at positions:
[0.21248658 0.29298833]
[-0.82200156  0.6243128 ]
