Starting run 4154
Identified minimum at position [0.6234994  0.02803776] with unbiased energy -108.16672411685238
Identified minimum at position [-0.05001179  0.4666943 ] with unbiased energy -80.76781812954775
Identified minimum at position [-0.55822362  1.44172585] with unbiased energy -146.69951720995397
Simulation completed.


Energies of found minima:
Minimum 1: Position = [0.6234994  0.02803776], Energy = -108.16672411685238
Minimum 2: Position = [-0.05001179  0.4666943 ], Energy = -80.76781812954775
Minimum 3: Position = [-0.55822362  1.44172585], Energy = -146.69951720995397

Approximate saddle points between minima:
Saddle 1: Position = [0.95530344 0.0228824 ], Energy = -67.5422174947312
Saddle 2: Position = [-0.83193545  0.47346193], Energy = -36.562632793211414

Computational statistics:
	Total energy calls: 8484
	Energy calls at each min: [1, 2047, 8484]
	Total force calls: 8484
	Force calls at each min: [1, 2047, 8484]
	Total steps: 8931
	Total Biases: 70

Verification against reference:
True minima found: 3/3

Verification against reference (saddles):
True saddles found: 0/2
Missed saddles at positions:
[0.21248658 0.29298833]
[-0.82200156  0.6243128 ]
Starting run 2492
Identified minimum at position [0.6234994  0.02803776] with unbiased energy -108.16672411685238
Identified minimum at position [-0.05025625  0.46674238] with unbiased energy -80.76781100801085
Identified minimum at position [-0.55822365  1.44172583] with unbiased energy -146.69951720995394
Simulation completed.


Energies of found minima:
Minimum 1: Position = [0.6234994  0.02803776], Energy = -108.16672411685238
Minimum 2: Position = [-0.05025625  0.46674238], Energy = -80.76781100801085
Minimum 3: Position = [-0.55822365  1.44172583], Energy = -146.69951720995394

Approximate saddle points between minima:
Saddle 1: Position = [0.30494831 0.33564326], Energy = -69.54176343630942
Saddle 2: Position = [-0.84982799  0.61494906], Energy = -40.59507081030047

Computational statistics:
	Total energy calls: 4717
	Energy calls at each min: [1, 932, 4717]
	Total force calls: 4717
	Force calls at each min: [1, 932, 4717]
	Total steps: 4961
	Total Biases: 40

Verification against reference:
True minima found: 3/3

Verification against reference (saddles):
True saddles found: 1/2
Missed saddles at positions:
[0.21248658 0.29298833]
Starting run 2689
Identified minimum at position [0.6234994  0.02803776] with unbiased energy -108.16672411685238
Identified minimum at position [-0.05001134  0.46669431] with unbiased energy -80.76781812961171
Identified minimum at position [-0.55822362  1.44172586] with unbiased energy -146.69951720995394
Simulation completed.


Energies of found minima:
Minimum 1: Position = [0.6234994  0.02803776], Energy = -108.16672411685238
Minimum 2: Position = [-0.05001134  0.46669431], Energy = -80.76781812961171
Minimum 3: Position = [-0.55822362  1.44172586], Energy = -146.69951720995394

Approximate saddle points between minima:
Saddle 1: Position = [0.18805973 0.24149134], Energy = -72.1173125507849
Saddle 2: Position = [-0.77735773  0.6376818 ], Energy = -40.53220537692165

Computational statistics:
	Total energy calls: 8548
	Energy calls at each min: [1, 1540, 8548]
	Total force calls: 8548
	Force calls at each min: [1, 1540, 8548]
	Total steps: 8992
	Total Biases: 74

Verification against reference:
True minima found: 3/3

Verification against reference (saddles):
True saddles found: 1/2
Missed saddles at positions:
[0.21248658 0.29298833]
Starting run 2371
Identified minimum at position [0.6234994  0.02803776] with unbiased energy -108.16672411685238
Identified minimum at position [-0.05001083  0.4666941 ] with unbiased energy -80.767818129659
Identified minimum at position [-0.55822365  1.44172583] with unbiased energy -146.69951720995397
Simulation completed.


Energies of found minima:
Minimum 1: Position = [0.6234994  0.02803776], Energy = -108.16672411685238
Minimum 2: Position = [-0.05001083  0.4666941 ], Energy = -80.767818129659
Minimum 3: Position = [-0.55822365  1.44172583], Energy = -146.69951720995397

Approximate saddle points between minima:
Saddle 1: Position = [0.17153102 0.22527319], Energy = -71.64324122040726
Saddle 2: Position = [-0.85454598  0.62489873], Energy = -40.79480289376882

Computational statistics:
	Total energy calls: 2444
	Energy calls at each min: [1, 925, 2444]
	Total force calls: 2444
	Force calls at each min: [1, 925, 2444]
	Total steps: 2574
	Total Biases: 22

Verification against reference:
True minima found: 3/3

Verification against reference (saddles):
True saddles found: 1/2
Missed saddles at positions:
[0.21248658 0.29298833]
Starting run 2369
Identified minimum at position [0.6234994  0.02803776] with unbiased energy -108.16672411685238
Identified minimum at position [-0.05001451  0.46669532] with unbiased energy -80.76781812763068
Identified minimum at position [-0.55822362  1.44172585] with unbiased energy -146.69951720995394
Simulation completed.


Energies of found minima:
Minimum 1: Position = [0.6234994  0.02803776], Energy = -108.16672411685238
Minimum 2: Position = [-0.05001451  0.46669532], Energy = -80.76781812763068
Minimum 3: Position = [-0.55822362  1.44172585], Energy = -146.69951720995394

Approximate saddle points between minima:
Saddle 1: Position = [0.383445  0.3167723], Energy = -66.8091849959948
Saddle 2: Position = [-0.8341844   0.62833031], Energy = -40.712236879577674

Computational statistics:
	Total energy calls: 3590
	Energy calls at each min: [1, 2100, 3590]
	Total force calls: 3590
	Force calls at each min: [1, 2100, 3590]
	Total steps: 3781
	Total Biases: 31

Verification against reference:
True minima found: 3/3

Verification against reference (saddles):
True saddles found: 1/2
Missed saddles at positions:
[0.21248658 0.29298833]
Starting run 91
Identified minimum at position [0.6234994  0.02803776] with unbiased energy -108.16672411685238
Identified minimum at position [-0.05003812  0.46669848] with unbiased energy -80.76781804455175
Identified minimum at position [-0.55822364  1.44172584] with unbiased energy -146.69951720995397
Simulation completed.


Energies of found minima:
Minimum 1: Position = [0.6234994  0.02803776], Energy = -108.16672411685238
Minimum 2: Position = [-0.05003812  0.46669848], Energy = -80.76781804455175
Minimum 3: Position = [-0.55822364  1.44172584], Energy = -146.69951720995397

Approximate saddle points between minima:
Saddle 1: Position = [0.06794952 0.24702431], Energy = -67.47030798540138
Saddle 2: Position = [-0.64860967  0.71310866], Energy = -34.990802732767676

Computational statistics:
	Total energy calls: 8032
	Energy calls at each min: [1, 2089, 8032]
	Total force calls: 8032
	Force calls at each min: [1, 2089, 8032]
	Total steps: 8464
	Total Biases: 68

Verification against reference:
True minima found: 3/3

Verification against reference (saddles):
True saddles found: 0/2
Missed saddles at positions:
[0.21248658 0.29298833]
[-0.82200156  0.6243128 ]
Starting run 4530
Identified minimum at position [0.6234994  0.02803776] with unbiased energy -108.16672411685238
Identified minimum at position [-0.05001471  0.46669499] with unbiased energy -80.76781812779404
Approximate Hessian has condition number >1e6 and cannot be reliably trusted; reverting to default behavior. 
Eigenvalues: [1.40578115e-03 1.03980856e+07]
Identified minimum at position [-0.55822363  1.44172585] with unbiased energy -146.69951720995397
Simulation completed.


Energies of found minima:
Minimum 1: Position = [0.6234994  0.02803776], Energy = -108.16672411685238
Minimum 2: Position = [-0.05001471  0.46669499], Energy = -80.76781812779404
Minimum 3: Position = [-0.55822363  1.44172585], Energy = -146.69951720995397

Approximate saddle points between minima:
Saddle 1: Position = [0.22227737 0.30805067], Energy = -72.20596099888238
Saddle 2: Position = [-0.86878789  0.56948017], Energy = -39.329839331382914

Computational statistics:
	Total energy calls: 5727
	Energy calls at each min: [1, 1201, 5727]
	Total force calls: 5727
	Force calls at each min: [1, 1201, 5727]
	Total steps: 6026
	Total Biases: 47

Verification against reference:
True minima found: 3/3

Verification against reference (saddles):
True saddles found: 1/2
Missed saddles at positions:
[-0.82200156  0.6243128 ]
Starting run 2069
Identified minimum at position [0.6234994  0.02803776] with unbiased energy -108.16672411685238
Identified minimum at position [-0.05028035  0.46672565] with unbiased energy -80.76780999004077
Identified minimum at position [-0.55822364  1.44172583] with unbiased energy -146.69951720995402
Simulation completed.


Energies of found minima:
Minimum 1: Position = [0.6234994  0.02803776], Energy = -108.16672411685238
Minimum 2: Position = [-0.05028035  0.46672565], Energy = -80.76780999004077
Minimum 3: Position = [-0.55822364  1.44172583], Energy = -146.69951720995402

Approximate saddle points between minima:
Saddle 1: Position = [0.22203571 0.29514656], Energy = -72.22963221051553
Saddle 2: Position = [-0.81481252  0.62402623], Energy = -40.67205542743059

Computational statistics:
	Total energy calls: 9265
	Energy calls at each min: [1, 2039, 9265]
	Total force calls: 9265
	Force calls at each min: [1, 2039, 9265]
	Total steps: 9744
	Total Biases: 78

Verification against reference:
True minima found: 3/3

Verification against reference (saddles):
True saddles found: 2/2
Starting run 4717
Identified minimum at position [0.6234994  0.02803776] with unbiased energy -108.16672411685238
Identified minimum at position [-0.05004695  0.46670181] with unbiased energy -80.76781797215476
Identified minimum at position [-0.55822362  1.44172586] with unbiased energy -146.6995172099539
Simulation completed.


Energies of found minima:
Minimum 1: Position = [0.6234994  0.02803776], Energy = -108.16672411685238
Minimum 2: Position = [-0.05004695  0.46670181], Energy = -80.76781797215476
Minimum 3: Position = [-0.55822362  1.44172586], Energy = -146.6995172099539

Approximate saddle points between minima:
Saddle 1: Position = [0.29094701 0.28889544], Energy = -71.79091874038292
Saddle 2: Position = [-0.82485348  0.61016273], Energy = -40.64105826018828

Computational statistics:
	Total energy calls: 5872
	Energy calls at each min: [1, 1351, 5872]
	Total force calls: 5872
	Force calls at each min: [1, 1351, 5872]
	Total steps: 6189
	Total Biases: 49

Verification against reference:
True minima found: 3/3

Verification against reference (saddles):
True saddles found: 1/2
Missed saddles at positions:
[0.21248658 0.29298833]
Starting run 2685
Identified minimum at position [0.6234994  0.02803776] with unbiased energy -108.16672411685238
Identified minimum at position [-0.0500143   0.46669589] with unbiased energy -80.76781812683434
Identified minimum at position [-0.55822365  1.44172583] with unbiased energy -146.6995172099539
Simulation completed.


Energies of found minima:
Minimum 1: Position = [0.6234994  0.02803776], Energy = -108.16672411685238
Minimum 2: Position = [-0.0500143   0.46669589], Energy = -80.76781812683434
Minimum 3: Position = [-0.55822365  1.44172583], Energy = -146.6995172099539

Approximate saddle points between minima:
Saddle 1: Position = [0.07240742 0.08060151], Energy = -62.85157550834545
Saddle 2: Position = [-0.69738969  0.394654  ], Energy = -39.38943617108062

Computational statistics:
	Total energy calls: 6950
	Energy calls at each min: [1, 1753, 6950]
	Total force calls: 6950
	Force calls at each min: [1, 1753, 6950]
	Total steps: 7327
	Total Biases: 57

Verification against reference:
True minima found: 3/3

Verification against reference (saddles):
True saddles found: 0/2
Missed saddles at positions:
[0.21248658 0.29298833]
[-0.82200156  0.6243128 ]
Starting run 1138
Identified minimum at position [0.6234994  0.02803776] with unbiased energy -108.16672411685238
Identified minimum at position [-0.05098111  0.46686428] with unbiased energy -80.76770922996818
Identified minimum at position [-0.55822364  1.44172583] with unbiased energy -146.699517209954
Simulation completed.


Energies of found minima:
Minimum 1: Position = [0.6234994  0.02803776], Energy = -108.16672411685238
Minimum 2: Position = [-0.05098111  0.46686428], Energy = -80.76770922996818
Minimum 3: Position = [-0.55822364  1.44172583], Energy = -146.699517209954

Approximate saddle points between minima:
Saddle 1: Position = [0.36416398 0.32199593], Energy = -67.42128712079969
Saddle 2: Position = [-0.8786968  0.5169797], Energy = -36.76711677542032

Computational statistics:
	Total energy calls: 4610
	Energy calls at each min: [1, 1441, 4610]
	Total force calls: 4610
	Force calls at each min: [1, 1441, 4610]
	Total steps: 4857
	Total Biases: 39

Verification against reference:
True minima found: 3/3

Verification against reference (saddles):
True saddles found: 0/2
Missed saddles at positions:
[0.21248658 0.29298833]
[-0.82200156  0.6243128 ]
Starting run 3005
Identified minimum at position [0.6234994  0.02803776] with unbiased energy -108.16672411685238
Identified minimum at position [-0.05042805  0.46678285] with unbiased energy -80.7677971373542
Identified minimum at position [-0.55822365  1.44172582] with unbiased energy -146.69951720995385
Simulation completed.


Energies of found minima:
Minimum 1: Position = [0.6234994  0.02803776], Energy = -108.16672411685238
Minimum 2: Position = [-0.05042805  0.46678285], Energy = -80.7677971373542
Minimum 3: Position = [-0.55822365  1.44172582], Energy = -146.69951720995385

Approximate saddle points between minima:
Saddle 1: Position = [0.15042248 0.26866518], Energy = -71.21274307158646
Saddle 2: Position = [-0.81473629  0.6292469 ], Energy = -40.64932536933849

Computational statistics:
	Total energy calls: 8482
	Energy calls at each min: [1, 1393, 8482]
	Total force calls: 8482
	Force calls at each min: [1, 1393, 8482]
	Total steps: 8924
	Total Biases: 70

Verification against reference:
True minima found: 3/3

Verification against reference (saddles):
True saddles found: 1/2
Missed saddles at positions:
[0.21248658 0.29298833]
Starting run 3166
Identified minimum at position [0.6234994  0.02803776] with unbiased energy -108.16672411685238
Identified minimum at position [-0.05002923  0.46669769] with unbiased energy -80.76781808967722
Identified minimum at position [-0.55822363  1.44172585] with unbiased energy -146.69951720995397
Simulation completed.


Energies of found minima:
Minimum 1: Position = [0.6234994  0.02803776], Energy = -108.16672411685238
Minimum 2: Position = [-0.05002923  0.46669769], Energy = -80.76781808967722
Minimum 3: Position = [-0.55822363  1.44172585], Energy = -146.69951720995397

Approximate saddle points between minima:
Saddle 1: Position = [0.19196252 0.26273493], Energy = -72.07691032386677
Saddle 2: Position = [-0.71730184  0.70717092], Energy = -36.94848017467561

Computational statistics:
	Total energy calls: 6751
	Energy calls at each min: [1, 1120, 6751]
	Total force calls: 6751
	Force calls at each min: [1, 1120, 6751]
	Total steps: 7108
	Total Biases: 58

Verification against reference:
True minima found: 3/3

Verification against reference (saddles):
True saddles found: 1/2
Missed saddles at positions:
[-0.82200156  0.6243128 ]
Starting run 3573
Identified minimum at position [0.6234994  0.02803776] with unbiased energy -108.16672411685238
Identified minimum at position [-0.05001406  0.46669477] with unbiased energy -80.7678181284046
Identified minimum at position [-0.55822362  1.44172586] with unbiased energy -146.69951720995383
Simulation completed.


Energies of found minima:
Minimum 1: Position = [0.6234994  0.02803776], Energy = -108.16672411685238
Minimum 2: Position = [-0.05001406  0.46669477], Energy = -80.7678181284046
Minimum 3: Position = [-0.55822362  1.44172586], Energy = -146.69951720995383

Approximate saddle points between minima:
Saddle 1: Position = [0.23061478 0.28200601], Energy = -72.35192118047608
Saddle 2: Position = [-0.86142859  0.54810764], Energy = -38.80131511154888

Computational statistics:
	Total energy calls: 4466
	Energy calls at each min: [1, 1919, 4466]
	Total force calls: 4466
	Force calls at each min: [1, 1919, 4466]
	Total steps: 4707
	Total Biases: 37

Verification against reference:
True minima found: 3/3

Verification against reference (saddles):
True saddles found: 1/2
Missed saddles at positions:
[-0.82200156  0.6243128 ]
Starting run 4557
Identified minimum at position [0.6234994  0.02803776] with unbiased energy -108.16672411685238
Identified minimum at position [-0.05003515  0.46669815] with unbiased energy -80.76781806173516
Identified minimum at position [-0.55822362  1.44172586] with unbiased energy -146.69951720995394
Simulation completed.


Energies of found minima:
Minimum 1: Position = [0.6234994  0.02803776], Energy = -108.16672411685238
Minimum 2: Position = [-0.05003515  0.46669815], Energy = -80.76781806173516
Minimum 3: Position = [-0.55822362  1.44172586], Energy = -146.69951720995394

Approximate saddle points between minima:
Saddle 1: Position = [0.24447352 0.30032112], Energy = -72.02830324101254
Saddle 2: Position = [-0.18654073  0.05270537], Energy = -32.51679744066312

Computational statistics:
	Total energy calls: 6503
	Energy calls at each min: [1, 1181, 6503]
	Total force calls: 6503
	Force calls at each min: [1, 1181, 6503]
	Total steps: 6849
	Total Biases: 56

Verification against reference:
True minima found: 3/3

Verification against reference (saddles):
True saddles found: 1/2
Missed saddles at positions:
[-0.82200156  0.6243128 ]
Starting run 991
Identified minimum at position [0.6234994  0.02803776] with unbiased energy -108.16672411685238
Identified minimum at position [-0.05016273  0.46676497] with unbiased energy -80.7678133290573
Identified minimum at position [-0.55822362  1.44172585] with unbiased energy -146.69951720995394
Simulation completed.


Energies of found minima:
Minimum 1: Position = [0.6234994  0.02803776], Energy = -108.16672411685238
Minimum 2: Position = [-0.05016273  0.46676497], Energy = -80.7678133290573
Minimum 3: Position = [-0.55822362  1.44172585], Energy = -146.69951720995394

Approximate saddle points between minima:
Saddle 1: Position = [0.27002861 0.31677135], Energy = -71.27412712141955
Saddle 2: Position = [-0.81967395  0.61699093], Energy = -40.67608750582441

Computational statistics:
	Total energy calls: 6314
	Energy calls at each min: [1, 2121, 6314]
	Total force calls: 6314
	Force calls at each min: [1, 2121, 6314]
	Total steps: 6645
	Total Biases: 51

Verification against reference:
True minima found: 3/3

Verification against reference (saddles):
True saddles found: 1/2
Missed saddles at positions:
[0.21248658 0.29298833]
Starting run 855
Identified minimum at position [0.6234994  0.02803776] with unbiased energy -108.16672411685238
Identified minimum at position [-0.05001389  0.46669473] with unbiased energy -80.767818128541
Identified minimum at position [-0.55822364  1.44172583] with unbiased energy -146.69951720995397
Simulation completed.


Energies of found minima:
Minimum 1: Position = [0.6234994  0.02803776], Energy = -108.16672411685238
Minimum 2: Position = [-0.05001389  0.46669473], Energy = -80.767818128541
Minimum 3: Position = [-0.55822364  1.44172583], Energy = -146.69951720995397

Approximate saddle points between minima:
Saddle 1: Position = [0.21518965 0.30573182], Energy = -72.2626501699259
Saddle 2: Position = [0.49737341 0.54222865], Energy = -29.605952785036905

Computational statistics:
	Total energy calls: 8988
	Energy calls at each min: [1, 818, 8988]
	Total force calls: 8988
	Force calls at each min: [1, 818, 8988]
	Total steps: 9462
	Total Biases: 72

Verification against reference:
True minima found: 3/3

Verification against reference (saddles):
True saddles found: 1/2
Missed saddles at positions:
[-0.82200156  0.6243128 ]
Starting run 341
Identified minimum at position [0.6234994  0.02803776] with unbiased energy -108.16672411685238
Identified minimum at position [-0.05215402  0.46716489] with unbiased energy -80.76725873710673
Identified minimum at position [-0.55822364  1.44172584] with unbiased energy -146.69951720995402
Simulation completed.


Energies of found minima:
Minimum 1: Position = [0.6234994  0.02803776], Energy = -108.16672411685238
Minimum 2: Position = [-0.05215402  0.46716489], Energy = -80.76725873710673
Minimum 3: Position = [-0.55822364  1.44172584], Energy = -146.69951720995402

Approximate saddle points between minima:
Saddle 1: Position = [0.27105178 0.33591893], Energy = -70.88384319149915
Saddle 2: Position = [ 0.19331762 -0.15361607], Energy = -38.57425405368031

Computational statistics:
	Total energy calls: 9304
	Energy calls at each min: [1, 1170, 9304]
	Total force calls: 9304
	Force calls at each min: [1, 1170, 9304]
	Total steps: 9792
	Total Biases: 75

Verification against reference:
True minima found: 2/3
Missed minima at positions:
[-0.05001082  0.4666941 ]

Verification against reference (saddles):
True saddles found: 0/2
Missed saddles at positions:
[0.21248658 0.29298833]
[-0.82200156  0.6243128 ]
Starting run 4203
Identified minimum at position [0.6234994  0.02803776] with unbiased energy -108.16672411685238
Identified minimum at position [-0.05002061  0.46669625] with unbiased energy -80.76781811800228
Identified minimum at position [-0.55822364  1.44172584] with unbiased energy -146.699517209954
Simulation completed.


Energies of found minima:
Minimum 1: Position = [0.6234994  0.02803776], Energy = -108.16672411685238
Minimum 2: Position = [-0.05002061  0.46669625], Energy = -80.76781811800228
Minimum 3: Position = [-0.55822364  1.44172584], Energy = -146.699517209954

Approximate saddle points between minima:
Saddle 1: Position = [0.11022346 0.1461429 ], Energy = -67.90240921192367
Saddle 2: Position = [0.8836623  0.23114145], Energy = -23.82698356899428

Computational statistics:
	Total energy calls: 8794
	Energy calls at each min: [1, 1482, 8794]
	Total force calls: 8794
	Force calls at each min: [1, 1482, 8794]
	Total steps: 9269
	Total Biases: 76

Verification against reference:
True minima found: 3/3

Verification against reference (saddles):
True saddles found: 0/2
Missed saddles at positions:
[0.21248658 0.29298833]
[-0.82200156  0.6243128 ]
Starting run 2395
Identified minimum at position [0.6234994  0.02803776] with unbiased energy -108.16672411685238
Identified minimum at position [-0.05024548  0.46674746] with unbiased energy -80.76781135251063
Identified minimum at position [-0.55822361  1.44172586] with unbiased energy -146.6995172099538
Simulation completed.


Energies of found minima:
Minimum 1: Position = [0.6234994  0.02803776], Energy = -108.16672411685238
Minimum 2: Position = [-0.05024548  0.46674746], Energy = -80.76781135251063
Minimum 3: Position = [-0.55822361  1.44172586], Energy = -146.6995172099538

Approximate saddle points between minima:
Saddle 1: Position = [0.24867255 0.3027455 ], Energy = -71.94270954069104
Saddle 2: Position = [-0.61770306  0.30913408], Energy = -33.31527179090377

Computational statistics:
	Total energy calls: 9040
	Energy calls at each min: [1, 1464, 9040]
	Total force calls: 9040
	Force calls at each min: [1, 1464, 9040]
	Total steps: 9525
	Total Biases: 75

Verification against reference:
True minima found: 3/3

Verification against reference (saddles):
True saddles found: 1/2
Missed saddles at positions:
[-0.82200156  0.6243128 ]
Starting run 1133
Identified minimum at position [0.6234994  0.02803776] with unbiased energy -108.16672411685238
Identified minimum at position [-0.05001113  0.46669417] with unbiased energy -80.76781812964735
Identified minimum at position [-0.55822364  1.44172584] with unbiased energy -146.699517209954
Simulation completed.


Energies of found minima:
Minimum 1: Position = [0.6234994  0.02803776], Energy = -108.16672411685238
Minimum 2: Position = [-0.05001113  0.46669417], Energy = -80.76781812964735
Minimum 3: Position = [-0.55822364  1.44172584], Energy = -146.699517209954

Approximate saddle points between minima:
Saddle 1: Position = [0.11606183 0.10007586], Energy = -68.15033262220562
Saddle 2: Position = [-0.8407349   0.52470709], Energy = -38.744363775881

Computational statistics:
	Total energy calls: 6244
	Energy calls at each min: [1, 1607, 6244]
	Total force calls: 6244
	Force calls at each min: [1, 1607, 6244]
	Total steps: 6582
	Total Biases: 52

Verification against reference:
True minima found: 3/3

Verification against reference (saddles):
True saddles found: 0/2
Missed saddles at positions:
[0.21248658 0.29298833]
[-0.82200156  0.6243128 ]
Starting run 5025
Identified minimum at position [0.6234994  0.02803776] with unbiased energy -108.16672411685238
Identified minimum at position [-0.05002183  0.46669695] with unbiased energy -80.76781811397646
Identified minimum at position [-0.55822365  1.44172583] with unbiased energy -146.69951720995394
Simulation completed.


Energies of found minima:
Minimum 1: Position = [0.6234994  0.02803776], Energy = -108.16672411685238
Minimum 2: Position = [-0.05002183  0.46669695], Energy = -80.76781811397646
Minimum 3: Position = [-0.55822365  1.44172583], Energy = -146.69951720995394

Approximate saddle points between minima:
Saddle 1: Position = [0.19071749 0.28768502], Energy = -72.14663417897037
Saddle 2: Position = [-0.85378266  0.61347565], Energy = -40.57108669361507

Computational statistics:
	Total energy calls: 2573
	Energy calls at each min: [1, 1359, 2573]
	Total force calls: 2573
	Force calls at each min: [1, 1359, 2573]
	Total steps: 2708
	Total Biases: 24

Verification against reference:
True minima found: 3/3

Verification against reference (saddles):
True saddles found: 2/2
Starting run 4151
Identified minimum at position [0.6234994  0.02803776] with unbiased energy -108.16672411685238
Identified minimum at position [-0.0507486   0.46685558] with unbiased energy -80.76775193653694
Identified minimum at position [-0.55822365  1.44172582] with unbiased energy -146.6995172099539
Simulation completed.


Energies of found minima:
Minimum 1: Position = [0.6234994  0.02803776], Energy = -108.16672411685238
Minimum 2: Position = [-0.0507486   0.46685558], Energy = -80.76775193653694
Minimum 3: Position = [-0.55822365  1.44172582], Energy = -146.6995172099539

Approximate saddle points between minima:
Saddle 1: Position = [0.40607414 0.35553504], Energy = -62.05226258038961
Saddle 2: Position = [-0.55504928  0.29405695], Energy = -35.38892064528271

Computational statistics:
	Total energy calls: 8034
	Energy calls at each min: [1, 1866, 8034]
	Total force calls: 8034
	Force calls at each min: [1, 1866, 8034]
	Total steps: 8453
	Total Biases: 67

Verification against reference:
True minima found: 3/3

Verification against reference (saddles):
True saddles found: 0/2
Missed saddles at positions:
[0.21248658 0.29298833]
[-0.82200156  0.6243128 ]
Starting run 567
Identified minimum at position [0.6234994  0.02803776] with unbiased energy -108.16672411685238
Identified minimum at position [-0.05001959  0.46669583] with unbiased energy -80.76781812056873
Identified minimum at position [-0.55822365  1.44172582] with unbiased energy -146.69951720995385
Simulation completed.


Energies of found minima:
Minimum 1: Position = [0.6234994  0.02803776], Energy = -108.16672411685238
Minimum 2: Position = [-0.05001959  0.46669583], Energy = -80.76781812056873
Minimum 3: Position = [-0.55822365  1.44172582], Energy = -146.69951720995385

Approximate saddle points between minima:
Saddle 1: Position = [0.18280358 0.23248221], Energy = -72.0329772444673
Saddle 2: Position = [ 0.00498159 -0.09981923], Energy = -33.455213817625506

Computational statistics:
	Total energy calls: 9631
	Energy calls at each min: [1, 2485, 9631]
	Total force calls: 9631
	Force calls at each min: [1, 2485, 9631]
	Total steps: 10121
	Total Biases: 72

Verification against reference:
True minima found: 3/3

Verification against reference (saddles):
True saddles found: 0/2
Missed saddles at positions:
[0.21248658 0.29298833]
[-0.82200156  0.6243128 ]
Starting run 4618
Identified minimum at position [0.6234994  0.02803776] with unbiased energy -108.16672411685238
Identified minimum at position [-0.05004767  0.46670288] with unbiased energy -80.76781795974749
Identified minimum at position [-0.55822362  1.44172585] with unbiased energy -146.69951720995394
Simulation completed.


Energies of found minima:
Minimum 1: Position = [0.6234994  0.02803776], Energy = -108.16672411685238
Minimum 2: Position = [-0.05004767  0.46670288], Energy = -80.76781795974749
Minimum 3: Position = [-0.55822362  1.44172585], Energy = -146.69951720995394

Approximate saddle points between minima:
Saddle 1: Position = [0.20649559 0.26892392], Energy = -72.2968128372872
Saddle 2: Position = [-0.82413364  0.61752018], Energy = -40.656903024399526

Computational statistics:
	Total energy calls: 11145
	Energy calls at each min: [1, 2520, 11145]
	Total force calls: 11145
	Force calls at each min: [1, 2520, 11145]
	Total steps: 11719
	Total Biases: 88

Verification against reference:
True minima found: 3/3

Verification against reference (saddles):
True saddles found: 2/2
Starting run 3218
Identified minimum at position [0.6234994  0.02803776] with unbiased energy -108.16672411685238
Identified minimum at position [-0.05006231  0.46672125] with unbiased energy -80.76781748568274
Identified minimum at position [-0.55822362  1.44172586] with unbiased energy -146.6995172099539
Simulation completed.


Energies of found minima:
Minimum 1: Position = [0.6234994  0.02803776], Energy = -108.16672411685238
Minimum 2: Position = [-0.05006231  0.46672125], Energy = -80.76781748568274
Minimum 3: Position = [-0.55822362  1.44172586], Energy = -146.6995172099539

Approximate saddle points between minima:
Saddle 1: Position = [0.90705934 0.08828274], Energy = -70.87331982318008
Saddle 2: Position = [-0.83129778  0.62811071], Energy = -40.696755028457815

Computational statistics:
	Total energy calls: 9877
	Energy calls at each min: [1, 2040, 9877]
	Total force calls: 9877
	Force calls at each min: [1, 2040, 9877]
	Total steps: 10390
	Total Biases: 82

Verification against reference:
True minima found: 3/3

Verification against reference (saddles):
True saddles found: 1/2
Missed saddles at positions:
[0.21248658 0.29298833]
