Starting run 1850
Identified minimum at position [0.6234994  0.02803776] with unbiased energy -108.16672411685238
Identified minimum at position [-0.0500108  0.4666941] with unbiased energy -80.76781812965898
Identified minimum at position [-0.55822365  1.44172583] with unbiased energy -146.69951720995388
Simulation completed.


Energies of found minima:
Minimum 1: Position = [0.6234994  0.02803776], Energy = -108.16672411685238
Minimum 2: Position = [-0.0500108  0.4666941], Energy = -80.76781812965898
Minimum 3: Position = [-0.55822365  1.44172583], Energy = -146.69951720995388

Approximate saddle points between minima:
Saddle 1: Position = [0.18082682 0.28769823], Energy = -72.06798258207624
Saddle 2: Position = [-0.14772143 -0.00355472], Energy = -31.10218758775868

Computational statistics:
	Total energy calls: 14118
	Energy calls at each min: [1, 1954, 14118]
	Total force calls: 14118
	Force calls at each min: [1, 1954, 14118]
	Total steps: 14875
	Total Biases: 113

Verification against reference:
True minima found: 3/3

Verification against reference (saddles):
True saddles found: 1/2
Missed saddles at positions:
[-0.82200156  0.6243128 ]
Starting run 4131
Identified minimum at position [0.6234994  0.02803776] with unbiased energy -108.16672411685238
Identified minimum at position [-0.05001726  0.46669576] with unbiased energy -80.76781812430035
Identified minimum at position [-0.55822361  1.44172586] with unbiased energy -146.69951720995385
Simulation completed.


Energies of found minima:
Minimum 1: Position = [0.6234994  0.02803776], Energy = -108.16672411685238
Minimum 2: Position = [-0.05001726  0.46669576], Energy = -80.76781812430035
Minimum 3: Position = [-0.55822361  1.44172586], Energy = -146.69951720995385

Approximate saddle points between minima:
Saddle 1: Position = [0.13255899 0.1628932 ], Energy = -69.77336606467044
Saddle 2: Position = [-0.80773281  0.61724299], Energy = -40.74960330248578

Computational statistics:
	Total energy calls: 5070
	Energy calls at each min: [1, 1479, 5070]
	Total force calls: 5070
	Force calls at each min: [1, 1479, 5070]
	Total steps: 5332
	Total Biases: 44

Verification against reference:
True minima found: 3/3

Verification against reference (saddles):
True saddles found: 1/2
Missed saddles at positions:
[0.21248658 0.29298833]
Starting run 32
Identified minimum at position [0.6234994  0.02803776] with unbiased energy -108.16672411685238
Identified minimum at position [-0.05005574  0.46670765] with unbiased energy -80.76781784626465
Identified minimum at position [-0.55822364  1.44172583] with unbiased energy -146.69951720995397
Simulation completed.


Energies of found minima:
Minimum 1: Position = [0.6234994  0.02803776], Energy = -108.16672411685238
Minimum 2: Position = [-0.05005574  0.46670765], Energy = -80.76781784626465
Minimum 3: Position = [-0.55822364  1.44172583], Energy = -146.69951720995397

Approximate saddle points between minima:
Saddle 1: Position = [0.22914692 0.30192686], Energy = -72.15701505403312
Saddle 2: Position = [-0.29639579  0.0447116 ], Energy = -21.191971115927114

Computational statistics:
	Total energy calls: 14449
	Energy calls at each min: [1, 1455, 14449]
	Total force calls: 14449
	Force calls at each min: [1, 1455, 14449]
	Total steps: 15215
	Total Biases: 120

Verification against reference:
True minima found: 3/3

Verification against reference (saddles):
True saddles found: 1/2
Missed saddles at positions:
[-0.82200156  0.6243128 ]
Starting run 3709
Identified minimum at position [0.6234994  0.02803776] with unbiased energy -108.16672411685238
Identified minimum at position [-0.05001524  0.46670099] with unbiased energy -80.76781809733882
Identified minimum at position [-0.55822362  1.44172586] with unbiased energy -146.69951720995388
Simulation completed.


Energies of found minima:
Minimum 1: Position = [0.6234994  0.02803776], Energy = -108.16672411685238
Minimum 2: Position = [-0.05001524  0.46670099], Energy = -80.76781809733882
Minimum 3: Position = [-0.55822362  1.44172586], Energy = -146.69951720995388

Approximate saddle points between minima:
Saddle 1: Position = [0.27726051 0.29184724], Energy = -71.85616735173313
Saddle 2: Position = [-0.14717865  0.05541011], Energy = -36.83224154633862

Computational statistics:
	Total energy calls: 6501
	Energy calls at each min: [1, 1313, 6501]
	Total force calls: 6501
	Force calls at each min: [1, 1313, 6501]
	Total steps: 6850
	Total Biases: 53

Verification against reference:
True minima found: 3/3

Verification against reference (saddles):
True saddles found: 0/2
Missed saddles at positions:
[0.21248658 0.29298833]
[-0.82200156  0.6243128 ]
Starting run 1677
Identified minimum at position [0.6234994  0.02803776] with unbiased energy -108.16672411685238
Identified minimum at position [-0.55822365  1.44172583] with unbiased energy -146.6995172099539
Approximate Hessian has condition number >1e6 and cannot be reliably trusted; reverting to default behavior. 
Eigenvalues: [5.92105262e-04 1.95787242e+04]
Approximate Hessian has condition number >1e6 and cannot be reliably trusted; reverting to default behavior. 
Eigenvalues: [3.97233191e-03 1.18688018e+04]
Approximate Hessian has condition number >1e6 and cannot be reliably trusted; reverting to default behavior. 
Eigenvalues: [7.18049705e-05 1.74500507e+07]
Approximate Hessian has condition number >1e6 and cannot be reliably trusted; reverting to default behavior. 
Eigenvalues: [9.92403817e-04 4.65433123e+05]
Simulation completed.


Energies of found minima:
Minimum 1: Position = [0.6234994  0.02803776], Energy = -108.16672411685238
Minimum 2: Position = [-0.55822365  1.44172583], Energy = -146.6995172099539

Approximate saddle points between minima:
Saddle 1: Position = [-0.81211635  0.65098801], Energy = -40.5443857828745

Computational statistics:
	Total energy calls: 635689
	Energy calls at each min: [1, 5217]
	Total force calls: 635689
	Force calls at each min: [1, 5217]
	Total steps: 667871
	Total Biases: 5000

Verification against reference:
True minima found: 2/3
Missed minima at positions:
[-0.05001082  0.4666941 ]

Verification against reference (saddles):
True saddles found: 1/2
Missed saddles at positions:
[0.21248658 0.29298833]
Starting run 539
Identified minimum at position [0.6234994  0.02803776] with unbiased energy -108.16672411685238
Identified minimum at position [-0.05002822  0.46669728] with unbiased energy -80.76781809442963
Identified minimum at position [-0.55822365  1.44172583] with unbiased energy -146.6995172099539
Simulation completed.


Energies of found minima:
Minimum 1: Position = [0.6234994  0.02803776], Energy = -108.16672411685238
Minimum 2: Position = [-0.05002822  0.46669728], Energy = -80.76781809442963
Minimum 3: Position = [-0.55822365  1.44172583], Energy = -146.6995172099539

Approximate saddle points between minima:
Saddle 1: Position = [0.21726225 0.2977863 ], Energy = -72.23911441131503
Saddle 2: Position = [-0.8115659   0.65749873], Energy = -40.52073460558202

Computational statistics:
	Total energy calls: 9226
	Energy calls at each min: [1, 2438, 9226]
	Total force calls: 9226
	Force calls at each min: [1, 2438, 9226]
	Total steps: 9711
	Total Biases: 75

Verification against reference:
True minima found: 3/3

Verification against reference (saddles):
True saddles found: 2/2
Starting run 4950
Identified minimum at position [0.6234994  0.02803776] with unbiased energy -108.16672411685238
Identified minimum at position [-0.05202447  0.467137  ] with unbiased energy -80.76732414346246
Identified minimum at position [-0.55822361  1.44172586] with unbiased energy -146.6995172099538
Simulation completed.


Energies of found minima:
Minimum 1: Position = [0.6234994  0.02803776], Energy = -108.16672411685238
Minimum 2: Position = [-0.05202447  0.467137  ], Energy = -80.76732414346246
Minimum 3: Position = [-0.55822361  1.44172586], Energy = -146.6995172099538

Approximate saddle points between minima:
Saddle 1: Position = [0.21230034 0.27665559], Energy = -72.30640459138696
Saddle 2: Position = [-0.32045102  0.13518454], Energy = -28.39407424586729

Computational statistics:
	Total energy calls: 8957
	Energy calls at each min: [1, 1201, 8957]
	Total force calls: 8957
	Force calls at each min: [1, 1201, 8957]
	Total steps: 9431
	Total Biases: 72

Verification against reference:
True minima found: 2/3
Missed minima at positions:
[-0.05001082  0.4666941 ]

Verification against reference (saddles):
True saddles found: 1/2
Missed saddles at positions:
[-0.82200156  0.6243128 ]
Starting run 5112
Identified minimum at position [0.6234994  0.02803776] with unbiased energy -108.16672411685238
Identified minimum at position [-0.05001098  0.46669414] with unbiased energy -80.76781812965584
Identified minimum at position [-0.55822364  1.44172584] with unbiased energy -146.69951720995402
Simulation completed.


Energies of found minima:
Minimum 1: Position = [0.6234994  0.02803776], Energy = -108.16672411685238
Minimum 2: Position = [-0.05001098  0.46669414], Energy = -80.76781812965584
Minimum 3: Position = [-0.55822364  1.44172584], Energy = -146.69951720995402

Approximate saddle points between minima:
Saddle 1: Position = [0.09910268 0.101289  ], Energy = -66.36512957478982
Saddle 2: Position = [0.31800962 0.61976683], Energy = -39.547592601646635

Computational statistics:
	Total energy calls: 8547
	Energy calls at each min: [1, 1550, 8547]
	Total force calls: 8547
	Force calls at each min: [1, 1550, 8547]
	Total steps: 9020
	Total Biases: 69

Verification against reference:
True minima found: 3/3

Verification against reference (saddles):
True saddles found: 0/2
Missed saddles at positions:
[0.21248658 0.29298833]
[-0.82200156  0.6243128 ]
Starting run 1411
Identified minimum at position [0.6234994  0.02803776] with unbiased energy -108.16672411685238
Identified minimum at position [-0.05008373  0.46672189] with unbiased energy -80.76781723611253
Identified minimum at position [-0.55822364  1.44172583] with unbiased energy -146.69951720995397
Simulation completed.


Energies of found minima:
Minimum 1: Position = [0.6234994  0.02803776], Energy = -108.16672411685238
Minimum 2: Position = [-0.05008373  0.46672189], Energy = -80.76781723611253
Minimum 3: Position = [-0.55822364  1.44172583], Energy = -146.69951720995397

Approximate saddle points between minima:
Saddle 1: Position = [0.22635986 0.29759924], Energy = -72.19941512908588
Saddle 2: Position = [-0.81808976  0.65217647], Energy = -40.63822149279753

Computational statistics:
	Total energy calls: 11285
	Energy calls at each min: [1, 1477, 11285]
	Total force calls: 11285
	Force calls at each min: [1, 1477, 11285]
	Total steps: 11858
	Total Biases: 94

Verification against reference:
True minima found: 3/3

Verification against reference (saddles):
True saddles found: 2/2
Starting run 162
Identified minimum at position [0.6234994  0.02803776] with unbiased energy -108.16672411685238
Identified minimum at position [-0.05002075  0.46669624] with unbiased energy -80.76781811773895
Identified minimum at position [-0.55822362  1.44172586] with unbiased energy -146.6995172099539
Simulation completed.


Energies of found minima:
Minimum 1: Position = [0.6234994  0.02803776], Energy = -108.16672411685238
Minimum 2: Position = [-0.05002075  0.46669624], Energy = -80.76781811773895
Minimum 3: Position = [-0.55822362  1.44172586], Energy = -146.6995172099539

Approximate saddle points between minima:
Saddle 1: Position = [0.31616231 0.29424035], Energy = -71.03521207787742
Saddle 2: Position = [-0.15534002  0.04726531], Energy = -35.25948017106753

Computational statistics:
	Total energy calls: 9337
	Energy calls at each min: [1, 1088, 9337]
	Total force calls: 9337
	Force calls at each min: [1, 1088, 9337]
	Total steps: 9819
	Total Biases: 76

Verification against reference:
True minima found: 3/3

Verification against reference (saddles):
True saddles found: 0/2
Missed saddles at positions:
[0.21248658 0.29298833]
[-0.82200156  0.6243128 ]
Starting run 4397
Identified minimum at position [0.6234994  0.02803776] with unbiased energy -108.16672411685238
Identified minimum at position [-0.05163632  0.46705584] with unbiased energy -80.76749507923788
Identified minimum at position [-0.55822365  1.44172583] with unbiased energy -146.6995172099539
Simulation completed.


Energies of found minima:
Minimum 1: Position = [0.6234994  0.02803776], Energy = -108.16672411685238
Minimum 2: Position = [-0.05163632  0.46705584], Energy = -80.76749507923788
Minimum 3: Position = [-0.55822365  1.44172583], Energy = -146.6995172099539

Approximate saddle points between minima:
Saddle 1: Position = [0.33461033 0.32100251], Energy = -68.89536176257943
Saddle 2: Position = [-0.83692466  0.58785108], Energy = -40.336586618955224

Computational statistics:
	Total energy calls: 4840
	Energy calls at each min: [1, 1509, 4840]
	Total force calls: 4840
	Force calls at each min: [1, 1509, 4840]
	Total steps: 5088
	Total Biases: 41

Verification against reference:
True minima found: 2/3
Missed minima at positions:
[-0.05001082  0.4666941 ]

Verification against reference (saddles):
True saddles found: 1/2
Missed saddles at positions:
[0.21248658 0.29298833]
Starting run 3164
Identified minimum at position [0.6234994  0.02803776] with unbiased energy -108.16672411685238
Identified minimum at position [-0.05002678  0.46670156] with unbiased energy -80.76781807662476
Identified minimum at position [-0.55822362  1.44172586] with unbiased energy -146.69951720995385
Simulation completed.


Energies of found minima:
Minimum 1: Position = [0.6234994  0.02803776], Energy = -108.16672411685238
Minimum 2: Position = [-0.05002678  0.46670156], Energy = -80.76781807662476
Minimum 3: Position = [-0.55822362  1.44172586], Energy = -146.69951720995385

Approximate saddle points between minima:
Saddle 1: Position = [0.26548231 0.36120301], Energy = -70.79453344388364
Saddle 2: Position = [0.16543755 0.70068686], Energy = -32.25538232685236

Computational statistics:
	Total energy calls: 9117
	Energy calls at each min: [1, 976, 9117]
	Total force calls: 9117
	Force calls at each min: [1, 976, 9117]
	Total steps: 9606
	Total Biases: 75

Verification against reference:
True minima found: 3/3

Verification against reference (saddles):
True saddles found: 0/2
Missed saddles at positions:
[0.21248658 0.29298833]
[-0.82200156  0.6243128 ]
Starting run 48
Identified minimum at position [0.6234994  0.02803776] with unbiased energy -108.16672411685238
Identified minimum at position [-0.05021916  0.46675951] with unbiased energy -80.76781187167838
Identified minimum at position [-0.55822365  1.44172582] with unbiased energy -146.6995172099539
Simulation completed.


Energies of found minima:
Minimum 1: Position = [0.6234994  0.02803776], Energy = -108.16672411685238
Minimum 2: Position = [-0.05021916  0.46675951], Energy = -80.76781187167838
Minimum 3: Position = [-0.55822365  1.44172582], Energy = -146.6995172099539

Approximate saddle points between minima:
Saddle 1: Position = [0.23869396 0.30773269], Energy = -72.01464735416886
Saddle 2: Position = [-0.83406179  0.57793126], Energy = -40.273183952825505

Computational statistics:
	Total energy calls: 4318
	Energy calls at each min: [1, 1725, 4318]
	Total force calls: 4318
	Force calls at each min: [1, 1725, 4318]
	Total steps: 4549
	Total Biases: 36

Verification against reference:
True minima found: 3/3

Verification against reference (saddles):
True saddles found: 2/2
Starting run 225
Identified minimum at position [0.6234994  0.02803776] with unbiased energy -108.16672411685238
Identified minimum at position [-0.05066176  0.46683011] with unbiased energy -80.76776728041744
Identified minimum at position [-0.55822365  1.44172583] with unbiased energy -146.69951720995397
Simulation completed.


Energies of found minima:
Minimum 1: Position = [0.6234994  0.02803776], Energy = -108.16672411685238
Minimum 2: Position = [-0.05066176  0.46683011], Energy = -80.76776728041744
Minimum 3: Position = [-0.55822365  1.44172583], Energy = -146.69951720995397

Approximate saddle points between minima:
Saddle 1: Position = [0.05014094 0.10509511], Energy = -61.26596461852983
Saddle 2: Position = [-0.71758108  0.69839966], Energy = -37.39409662952032

Computational statistics:
	Total energy calls: 6069
	Energy calls at each min: [1, 2015, 6069]
	Total force calls: 6069
	Force calls at each min: [1, 2015, 6069]
	Total steps: 6394
	Total Biases: 52

Verification against reference:
True minima found: 3/3

Verification against reference (saddles):
True saddles found: 0/2
Missed saddles at positions:
[0.21248658 0.29298833]
[-0.82200156  0.6243128 ]
Starting run 859
Identified minimum at position [0.6234994  0.02803776] with unbiased energy -108.16672411685238
Identified minimum at position [-0.05001104  0.46669419] with unbiased energy -80.76781812965135
Identified minimum at position [-0.55822365  1.44172583] with unbiased energy -146.69951720995394
Simulation completed.


Energies of found minima:
Minimum 1: Position = [0.6234994  0.02803776], Energy = -108.16672411685238
Minimum 2: Position = [-0.05001104  0.46669419], Energy = -80.76781812965135
Minimum 3: Position = [-0.55822365  1.44172583], Energy = -146.69951720995394

Approximate saddle points between minima:
Saddle 1: Position = [0.25960048 0.28727072], Energy = -72.17864137434725
Saddle 2: Position = [-0.64263082  0.72178624], Energy = -34.07542784740738

Computational statistics:
	Total energy calls: 6416
	Energy calls at each min: [1, 1124, 6416]
	Total force calls: 6416
	Force calls at each min: [1, 1124, 6416]
	Total steps: 6761
	Total Biases: 55

Verification against reference:
True minima found: 3/3

Verification against reference (saddles):
True saddles found: 1/2
Missed saddles at positions:
[-0.82200156  0.6243128 ]
Starting run 3251
Identified minimum at position [0.6234994  0.02803776] with unbiased energy -108.16672411685238
Identified minimum at position [-0.05002871  0.4666982 ] with unbiased energy -80.76781809022177
Identified minimum at position [-0.55822364  1.44172583] with unbiased energy -146.69951720995397
Simulation completed.


Energies of found minima:
Minimum 1: Position = [0.6234994  0.02803776], Energy = -108.16672411685238
Minimum 2: Position = [-0.05002871  0.4666982 ], Energy = -80.76781809022177
Minimum 3: Position = [-0.55822364  1.44172583], Energy = -146.69951720995397

Approximate saddle points between minima:
Saddle 1: Position = [0.22810192 0.31512012], Energy = -72.13574837526421
Saddle 2: Position = [-0.66821161  0.73193385], Energy = -33.93227655736803

Computational statistics:
	Total energy calls: 10416
	Energy calls at each min: [1, 1354, 10416]
	Total force calls: 10416
	Force calls at each min: [1, 1354, 10416]
	Total steps: 10965
	Total Biases: 86

Verification against reference:
True minima found: 3/3

Verification against reference (saddles):
True saddles found: 1/2
Missed saddles at positions:
[-0.82200156  0.6243128 ]
Starting run 2105
Identified minimum at position [0.6234994  0.02803776] with unbiased energy -108.16672411685238
Identified minimum at position [-0.05002138  0.46669671] with unbiased energy -80.76781811552472
Identified minimum at position [-0.55822365  1.44172583] with unbiased energy -146.69951720995394
Simulation completed.


Energies of found minima:
Minimum 1: Position = [0.6234994  0.02803776], Energy = -108.16672411685238
Minimum 2: Position = [-0.05002138  0.46669671], Energy = -80.76781811552472
Minimum 3: Position = [-0.55822365  1.44172583], Energy = -146.69951720995394

Approximate saddle points between minima:
Saddle 1: Position = [0.32424575 0.30703515], Energy = -70.07406495426021
Saddle 2: Position = [-0.72370157  0.40511764], Energy = -38.49897958228419

Computational statistics:
	Total energy calls: 11009
	Energy calls at each min: [1, 2003, 11009]
	Total force calls: 11009
	Force calls at each min: [1, 2003, 11009]
	Total steps: 11606
	Total Biases: 93

Verification against reference:
True minima found: 3/3

Verification against reference (saddles):
True saddles found: 0/2
Missed saddles at positions:
[0.21248658 0.29298833]
[-0.82200156  0.6243128 ]
Starting run 1198
Identified minimum at position [0.6234994  0.02803776] with unbiased energy -108.16672411685238
Identified minimum at position [-0.05645239  0.46759067] with unbiased energy -80.76313722806668
Identified minimum at position [-0.55822338  1.44172624] with unbiased energy -146.69951720988976
Simulation completed.


Energies of found minima:
Minimum 1: Position = [0.6234994  0.02803776], Energy = -108.16672411685238
Minimum 2: Position = [-0.05645239  0.46759067], Energy = -80.76313722806668
Minimum 3: Position = [-0.55822338  1.44172624], Energy = -146.69951720988976

Approximate saddle points between minima:
Saddle 1: Position = [0.08067464 0.10863531], Energy = -64.57303137248834
Saddle 2: Position = [-0.84128386  0.56815717], Energy = -39.936413428525555

Computational statistics:
	Total energy calls: 8638
	Energy calls at each min: [1, 763, 8638]
	Total force calls: 8638
	Force calls at each min: [1, 763, 8638]
	Total steps: 9077
	Total Biases: 61

Verification against reference:
True minima found: 2/3
Missed minima at positions:
[-0.05001082  0.4666941 ]

Verification against reference (saddles):
True saddles found: 0/2
Missed saddles at positions:
[0.21248658 0.29298833]
[-0.82200156  0.6243128 ]
Starting run 4533
Identified minimum at position [0.6234994  0.02803776] with unbiased energy -108.16672411685238
Identified minimum at position [-0.05110332  0.46699417] with unbiased energy -80.76765902838068
Identified minimum at position [-0.55822363  1.44172585] with unbiased energy -146.699517209954
Simulation completed.


Energies of found minima:
Minimum 1: Position = [0.6234994  0.02803776], Energy = -108.16672411685238
Minimum 2: Position = [-0.05110332  0.46699417], Energy = -80.76765902838068
Minimum 3: Position = [-0.55822363  1.44172585], Energy = -146.699517209954

Approximate saddle points between minima:
Saddle 1: Position = [0.26789541 0.29284999], Energy = -71.93720086688012
Saddle 2: Position = [-0.24838068  0.14521963], Energy = -35.52592403280665

Computational statistics:
	Total energy calls: 8075
	Energy calls at each min: [1, 1226, 8075]
	Total force calls: 8075
	Force calls at each min: [1, 1226, 8075]
	Total steps: 8497
	Total Biases: 68

Verification against reference:
True minima found: 2/3
Missed minima at positions:
[-0.05001082  0.4666941 ]

Verification against reference (saddles):
True saddles found: 0/2
Missed saddles at positions:
[0.21248658 0.29298833]
[-0.82200156  0.6243128 ]
Starting run 2204
Identified minimum at position [0.6234994  0.02803776] with unbiased energy -108.16672411685238
Identified minimum at position [-0.05002379  0.46669794] with unbiased energy -80.7678181063014
Identified minimum at position [-0.55822365  1.44172582] with unbiased energy -146.69951720995388
Simulation completed.


Energies of found minima:
Minimum 1: Position = [0.6234994  0.02803776], Energy = -108.16672411685238
Minimum 2: Position = [-0.05002379  0.46669794], Energy = -80.7678181063014
Minimum 3: Position = [-0.55822365  1.44172582], Energy = -146.69951720995388

Approximate saddle points between minima:
Saddle 1: Position = [0.34423415 0.29262942], Energy = -70.40130518316687
Saddle 2: Position = [-0.37943311  0.14134324], Energy = -24.447570501724726

Computational statistics:
	Total energy calls: 20880
	Energy calls at each min: [1, 1638, 20880]
	Total force calls: 20880
	Force calls at each min: [1, 1638, 20880]
	Total steps: 21945
	Total Biases: 164

Verification against reference:
True minima found: 3/3

Verification against reference (saddles):
True saddles found: 0/2
Missed saddles at positions:
[0.21248658 0.29298833]
[-0.82200156  0.6243128 ]
Starting run 2340
Identified minimum at position [0.6234994  0.02803776] with unbiased energy -108.16672411685238
Identified minimum at position [-0.55822362  1.44172585] with unbiased energy -146.69951720995397
Approximate Hessian has condition number >1e6 and cannot be reliably trusted; reverting to default behavior. 
Eigenvalues: [2.60551971e-03 1.22948739e+04]
Approximate Hessian has condition number >1e6 and cannot be reliably trusted; reverting to default behavior. 
Eigenvalues: [4.52524424e-03 5.60206684e+07]
Approximate Hessian has condition number >1e6 and cannot be reliably trusted; reverting to default behavior. 
Eigenvalues: [2.26332773e-03 4.04073486e+06]
Approximate Hessian has condition number >1e6 and cannot be reliably trusted; reverting to default behavior. 
Eigenvalues: [3.02225706e-03 2.11813642e+06]
Approximate Hessian has condition number >1e6 and cannot be reliably trusted; reverting to default behavior. 
Eigenvalues: [9.87830572e-05 1.90863753e+07]
Approximate Hessian has condition number >1e6 and cannot be reliably trusted; reverting to default behavior. 
Eigenvalues: [1.98348798e-03 2.31803926e+07]
Approximate Hessian has condition number >1e6 and cannot be reliably trusted; reverting to default behavior. 
Eigenvalues: [7.96746463e-07 8.78974410e+06]
Approximate Hessian has condition number >1e6 and cannot be reliably trusted; reverting to default behavior. 
Eigenvalues: [2.25217454e-03 7.17016422e+06]
Simulation completed.


Energies of found minima:
Minimum 1: Position = [0.6234994  0.02803776], Energy = -108.16672411685238
Minimum 2: Position = [-0.55822362  1.44172585], Energy = -146.69951720995397

Approximate saddle points between minima:
Saddle 1: Position = [-0.83301633  0.59939246], Energy = -40.50736169760024

Computational statistics:
	Total energy calls: 638390
	Energy calls at each min: [1, 5643]
	Total force calls: 638390
	Force calls at each min: [1, 5643]
	Total steps: 671004
	Total Biases: 5000

Verification against reference:
True minima found: 2/3
Missed minima at positions:
[-0.05001082  0.4666941 ]

Verification against reference (saddles):
True saddles found: 1/2
Missed saddles at positions:
[0.21248658 0.29298833]
Starting run 2627
Identified minimum at position [0.6234994  0.02803776] with unbiased energy -108.16672411685238
Identified minimum at position [-0.05003225  0.46670252] with unbiased energy -80.76781805023776
Identified minimum at position [-0.55822363  1.44172585] with unbiased energy -146.699517209954
Simulation completed.


Energies of found minima:
Minimum 1: Position = [0.6234994  0.02803776], Energy = -108.16672411685238
Minimum 2: Position = [-0.05003225  0.46670252], Energy = -80.76781805023776
Minimum 3: Position = [-0.55822363  1.44172585], Energy = -146.699517209954

Approximate saddle points between minima:
Saddle 1: Position = [0.1703683  0.23782431], Energy = -71.5211914991028
Saddle 2: Position = [-0.72603361  0.67326297], Energy = -38.89331715894582

Computational statistics:
	Total energy calls: 5764
	Energy calls at each min: [1, 813, 5764]
	Total force calls: 5764
	Force calls at each min: [1, 813, 5764]
	Total steps: 6069
	Total Biases: 49

Verification against reference:
True minima found: 3/3

Verification against reference (saddles):
True saddles found: 0/2
Missed saddles at positions:
[0.21248658 0.29298833]
[-0.82200156  0.6243128 ]
Starting run 1045
Identified minimum at position [0.6234994  0.02803776] with unbiased energy -108.16672411685238
Identified minimum at position [-0.05014736  0.46671581] with unbiased energy -80.76781600179791
Identified minimum at position [-0.55822365  1.44172583] with unbiased energy -146.69951720995388
Simulation completed.


Energies of found minima:
Minimum 1: Position = [0.6234994  0.02803776], Energy = -108.16672411685238
Minimum 2: Position = [-0.05014736  0.46671581], Energy = -80.76781600179791
Minimum 3: Position = [-0.55822365  1.44172583], Energy = -146.69951720995388

Approximate saddle points between minima:
Saddle 1: Position = [0.30659608 0.3237412 ], Energy = -69.90723569788945
Saddle 2: Position = [-0.80774374  0.6422595 ], Energy = -40.53981858177248

Computational statistics:
	Total energy calls: 11339
	Energy calls at each min: [1, 1726, 11339]
	Total force calls: 11339
	Force calls at each min: [1, 1726, 11339]
	Total steps: 11925
	Total Biases: 93

Verification against reference:
True minima found: 3/3

Verification against reference (saddles):
True saddles found: 1/2
Missed saddles at positions:
[0.21248658 0.29298833]
Starting run 1298
Identified minimum at position [0.6234994  0.02803776] with unbiased energy -108.16672411685238
Identified minimum at position [-0.05001608  0.46669541] with unbiased energy -80.76781812614136
Identified minimum at position [-0.55822365  1.44172582] with unbiased energy -146.69951720995385
Simulation completed.


Energies of found minima:
Minimum 1: Position = [0.6234994  0.02803776], Energy = -108.16672411685238
Minimum 2: Position = [-0.05001608  0.46669541], Energy = -80.76781812614136
Minimum 3: Position = [-0.55822365  1.44172582], Energy = -146.69951720995385

Approximate saddle points between minima:
Saddle 1: Position = [0.1957903  0.25844438], Energy = -72.17871891032135
Saddle 2: Position = [-0.10438953  0.03554674], Energy = -39.72767127549891

Computational statistics:
	Total energy calls: 14155
	Energy calls at each min: [1, 1834, 14155]
	Total force calls: 14155
	Force calls at each min: [1, 1834, 14155]
	Total steps: 14884
	Total Biases: 112

Verification against reference:
True minima found: 3/3

Verification against reference (saddles):
True saddles found: 1/2
Missed saddles at positions:
[-0.82200156  0.6243128 ]
Starting run 1188
Identified minimum at position [0.6234994  0.02803776] with unbiased energy -108.16672411685238
Identified minimum at position [-0.05034009  0.46674131] with unbiased energy -80.76780587160258
Identified minimum at position [-0.55822363  1.44172584] with unbiased energy -146.699517209954
Simulation completed.


Energies of found minima:
Minimum 1: Position = [0.6234994  0.02803776], Energy = -108.16672411685238
Minimum 2: Position = [-0.05034009  0.46674131], Energy = -80.76780587160258
Minimum 3: Position = [-0.55822363  1.44172584], Energy = -146.699517209954

Approximate saddle points between minima:
Saddle 1: Position = [0.13787692 0.22528689], Energy = -70.08511440203957
Saddle 2: Position = [-0.16442582 -0.0115594 ], Energy = -28.44085261988627

Computational statistics:
	Total energy calls: 8880
	Energy calls at each min: [1, 1334, 8880]
	Total force calls: 8880
	Force calls at each min: [1, 1334, 8880]
	Total steps: 9337
	Total Biases: 74

Verification against reference:
True minima found: 3/3

Verification against reference (saddles):
True saddles found: 0/2
Missed saddles at positions:
[0.21248658 0.29298833]
[-0.82200156  0.6243128 ]
Starting run 2518
Identified minimum at position [0.6234994  0.02803776] with unbiased energy -108.16672411685238
Identified minimum at position [-0.05001391  0.46669481] with unbiased energy -80.76781812848509
Identified minimum at position [-0.55822364  1.44172584] with unbiased energy -146.699517209954
Simulation completed.


Energies of found minima:
Minimum 1: Position = [0.6234994  0.02803776], Energy = -108.16672411685238
Minimum 2: Position = [-0.05001391  0.46669481], Energy = -80.76781812848509
Minimum 3: Position = [-0.55822364  1.44172584], Energy = -146.699517209954

Approximate saddle points between minima:
Saddle 1: Position = [0.22639408 0.29318579], Energy = -72.22804835335347
Saddle 2: Position = [-0.81529503  0.44748768], Energy = -35.70972168009128

Computational statistics:
	Total energy calls: 5322
	Energy calls at each min: [1, 824, 5322]
	Total force calls: 5322
	Force calls at each min: [1, 824, 5322]
	Total steps: 5594
	Total Biases: 41

Verification against reference:
True minima found: 3/3

Verification against reference (saddles):
True saddles found: 1/2
Missed saddles at positions:
[-0.82200156  0.6243128 ]
