Starting run 3912
Identified minimum at position [0.6234994  0.02803776] with unbiased energy -108.16672411685238
Identified minimum at position [-0.05001093  0.46669412] with unbiased energy -80.76781812965766
Approximate Hessian has condition number >1e6 and cannot be reliably trusted; reverting to default behavior. 
Eigenvalues: [6.82522440e-04 7.60649659e+02]
Identified minimum at position [-0.55822365  1.44172583] with unbiased energy -146.69951720995397
Simulation completed.


Energies of found minima:
Minimum 1: Position = [0.6234994  0.02803776], Energy = -108.16672411685238
Minimum 2: Position = [-0.05001093  0.46669412], Energy = -80.76781812965766
Minimum 3: Position = [-0.55822365  1.44172583], Energy = -146.69951720995397

Approximate saddle points between minima:
Saddle 1: Position = [0.13426031 0.13956284], Energy = -70.06888899208313
Saddle 2: Position = [-0.70736045  0.66092539], Energy = -39.64185440114273

Computational statistics:
	Total energy calls: 6826
	Energy calls at each min: [1, 1093, 6826]
	Total force calls: 6826
	Force calls at each min: [1, 1093, 6826]
	Total steps: 7196
	Total Biases: 58

Verification against reference:
True minima found: 3/3

Verification against reference (saddles):
True saddles found: 0/2
Missed saddles at positions:
[0.21248658 0.29298833]
[-0.82200156  0.6243128 ]
Starting run 2965
Identified minimum at position [0.6234994  0.02803776] with unbiased energy -108.16672411685238
Identified minimum at position [-0.05002797  0.46669924] with unbiased energy -80.76781808851291
Identified minimum at position [-0.55822364  1.44172584] with unbiased energy -146.69951720995402
Simulation completed.


Energies of found minima:
Minimum 1: Position = [0.6234994  0.02803776], Energy = -108.16672411685238
Minimum 2: Position = [-0.05002797  0.46669924], Energy = -80.76781808851291
Minimum 3: Position = [-0.55822364  1.44172584], Energy = -146.69951720995402

Approximate saddle points between minima:
Saddle 1: Position = [0.20732184 0.27991557], Energy = -72.24710294147906
Saddle 2: Position = [-0.86768077  0.61515965], Energy = -40.64394447716721

Computational statistics:
	Total energy calls: 9535
	Energy calls at each min: [1, 2010, 9535]
	Total force calls: 9535
	Force calls at each min: [1, 2010, 9535]
	Total steps: 10021
	Total Biases: 80

Verification against reference:
True minima found: 3/3

Verification against reference (saddles):
True saddles found: 2/2
Starting run 2532
Identified minimum at position [0.6234994  0.02803776] with unbiased energy -108.16672411685238
Identified minimum at position [-0.05002146  0.46669834] with unbiased energy -80.76781810984126
Identified minimum at position [-0.55822364  1.44172584] with unbiased energy -146.699517209954
Simulation completed.


Energies of found minima:
Minimum 1: Position = [0.6234994  0.02803776], Energy = -108.16672411685238
Minimum 2: Position = [-0.05002146  0.46669834], Energy = -80.76781810984126
Minimum 3: Position = [-0.55822364  1.44172584], Energy = -146.699517209954

Approximate saddle points between minima:
Saddle 1: Position = [0.41495267 0.2783923 ], Energy = -69.41632585342339
Saddle 2: Position = [-0.82503912  0.59710915], Energy = -40.60296283332113

Computational statistics:
	Total energy calls: 3659
	Energy calls at each min: [1, 889, 3659]
	Total force calls: 3659
	Force calls at each min: [1, 889, 3659]
	Total steps: 3852
	Total Biases: 31

Verification against reference:
True minima found: 3/3

Verification against reference (saddles):
True saddles found: 1/2
Missed saddles at positions:
[0.21248658 0.29298833]
Starting run 4947
Identified minimum at position [0.6234994  0.02803776] with unbiased energy -108.16672411685238
Identified minimum at position [-0.05004133  0.46670249] with unbiased energy -80.76781800564186
Identified minimum at position [-0.55822362  1.44172586] with unbiased energy -146.69951720995388
Simulation completed.


Energies of found minima:
Minimum 1: Position = [0.6234994  0.02803776], Energy = -108.16672411685238
Minimum 2: Position = [-0.05004133  0.46670249], Energy = -80.76781800564186
Minimum 3: Position = [-0.55822362  1.44172586], Energy = -146.69951720995388

Approximate saddle points between minima:
Saddle 1: Position = [0.1146923 0.1688395], Energy = -68.34454080759349
Saddle 2: Position = [-0.73103163  0.65114387], Energy = -40.14258879616781

Computational statistics:
	Total energy calls: 4457
	Energy calls at each min: [1, 1444, 4457]
	Total force calls: 4457
	Force calls at each min: [1, 1444, 4457]
	Total steps: 4698
	Total Biases: 38

Verification against reference:
True minima found: 3/3

Verification against reference (saddles):
True saddles found: 0/2
Missed saddles at positions:
[0.21248658 0.29298833]
[-0.82200156  0.6243128 ]
Starting run 96
Identified minimum at position [0.6234994  0.02803776] with unbiased energy -108.16672411685238
Identified minimum at position [-0.05010309  0.46671314] with unbiased energy -80.76781711154743
Identified minimum at position [-0.55822362  1.44172585] with unbiased energy -146.69951720995397
Simulation completed.


Energies of found minima:
Minimum 1: Position = [0.6234994  0.02803776], Energy = -108.16672411685238
Minimum 2: Position = [-0.05010309  0.46671314], Energy = -80.76781711154743
Minimum 3: Position = [-0.55822362  1.44172585], Energy = -146.69951720995397

Approximate saddle points between minima:
Saddle 1: Position = [0.09378789 0.17011791], Energy = -66.7009418428258
Saddle 2: Position = [-0.87234737  0.51780517], Energy = -37.070351548870946

Computational statistics:
	Total energy calls: 1430
	Energy calls at each min: [1, 634, 1430]
	Total force calls: 1430
	Force calls at each min: [1, 634, 1430]
	Total steps: 1506
	Total Biases: 13

Verification against reference:
True minima found: 3/3

Verification against reference (saddles):
True saddles found: 0/2
Missed saddles at positions:
[0.21248658 0.29298833]
[-0.82200156  0.6243128 ]
Starting run 1739
Identified minimum at position [0.6234994  0.02803776] with unbiased energy -108.16672411685238
Identified minimum at position [-0.05008036  0.46670935] with unbiased energy -80.76781754147825
Identified minimum at position [-0.55822364  1.44172584] with unbiased energy -146.699517209954
Simulation completed.


Energies of found minima:
Minimum 1: Position = [0.6234994  0.02803776], Energy = -108.16672411685238
Minimum 2: Position = [-0.05008036  0.46670935], Energy = -80.76781754147825
Minimum 3: Position = [-0.55822364  1.44172584], Energy = -146.699517209954

Approximate saddle points between minima:
Saddle 1: Position = [0.18722444 0.27445907], Energy = -72.00991561167032
Saddle 2: Position = [-0.77550281  0.64852161], Energy = -40.23249116145269

Computational statistics:
	Total energy calls: 2079
	Energy calls at each min: [1, 926, 2079]
	Total force calls: 2079
	Force calls at each min: [1, 926, 2079]
	Total steps: 2187
	Total Biases: 18

Verification against reference:
True minima found: 3/3

Verification against reference (saddles):
True saddles found: 1/2
Missed saddles at positions:
[-0.82200156  0.6243128 ]
Starting run 2590
Identified minimum at position [0.6234994  0.02803776] with unbiased energy -108.16672411685238
Identified minimum at position [-0.05080166  0.46689969] with unbiased energy -80.76773697082726
Identified minimum at position [-0.55822363  1.44172584] with unbiased energy -146.699517209954
Simulation completed.


Energies of found minima:
Minimum 1: Position = [0.6234994  0.02803776], Energy = -108.16672411685238
Minimum 2: Position = [-0.05080166  0.46689969], Energy = -80.76773697082726
Minimum 3: Position = [-0.55822363  1.44172584], Energy = -146.699517209954

Approximate saddle points between minima:
Saddle 1: Position = [0.16619016 0.04028383], Energy = -72.10232897077557
Saddle 2: Position = [-0.88970826  0.5250172 ], Energy = -36.79830892711196

Computational statistics:
	Total energy calls: 12925
	Energy calls at each min: [1, 2133, 12925]
	Total force calls: 12925
	Force calls at each min: [1, 2133, 12925]
	Total steps: 13584
	Total Biases: 103

Verification against reference:
True minima found: 3/3

Verification against reference (saddles):
True saddles found: 0/2
Missed saddles at positions:
[0.21248658 0.29298833]
[-0.82200156  0.6243128 ]
Starting run 4776
Identified minimum at position [0.6234994  0.02803776] with unbiased energy -108.16672411685238
Identified minimum at position [-0.05006388  0.4667133 ] with unbiased energy -80.76781767785626
Identified minimum at position [-0.55822363  1.44172585] with unbiased energy -146.69951720995397
Simulation completed.


Energies of found minima:
Minimum 1: Position = [0.6234994  0.02803776], Energy = -108.16672411685238
Minimum 2: Position = [-0.05006388  0.4667133 ], Energy = -80.76781767785626
Minimum 3: Position = [-0.55822363  1.44172585], Energy = -146.69951720995397

Approximate saddle points between minima:
Saddle 1: Position = [0.12713941 0.1634441 ], Energy = -69.3359253040708
Saddle 2: Position = [-0.4630129   0.71122915], Energy = -36.21869459292358

Computational statistics:
	Total energy calls: 12218
	Energy calls at each min: [1, 1460, 12218]
	Total force calls: 12218
	Force calls at each min: [1, 1460, 12218]
	Total steps: 12867
	Total Biases: 97

Verification against reference:
True minima found: 3/3

Verification against reference (saddles):
True saddles found: 0/2
Missed saddles at positions:
[0.21248658 0.29298833]
[-0.82200156  0.6243128 ]
Starting run 4032
Identified minimum at position [0.6234994  0.02803776] with unbiased energy -108.16672411685238
Identified minimum at position [-0.05010275  0.46671599] with unbiased energy -80.7678170726532
Identified minimum at position [-0.55822365  1.44172583] with unbiased energy -146.69951720995388
Simulation completed.


Energies of found minima:
Minimum 1: Position = [0.6234994  0.02803776], Energy = -108.16672411685238
Minimum 2: Position = [-0.05010275  0.46671599], Energy = -80.7678170726532
Minimum 3: Position = [-0.55822365  1.44172583], Energy = -146.69951720995388

Approximate saddle points between minima:
Saddle 1: Position = [0.55283543 0.23916111], Energy = -69.8529117420295
Saddle 2: Position = [-0.27625613  0.08351997], Energy = -26.76753594479605

Computational statistics:
	Total energy calls: 10734
	Energy calls at each min: [1, 1738, 10734]
	Total force calls: 10734
	Force calls at each min: [1, 1738, 10734]
	Total steps: 11304
	Total Biases: 90

Verification against reference:
True minima found: 3/3

Verification against reference (saddles):
True saddles found: 0/2
Missed saddles at positions:
[0.21248658 0.29298833]
[-0.82200156  0.6243128 ]
Starting run 2125
Identified minimum at position [0.6234994  0.02803776] with unbiased energy -108.16672411685238
Identified minimum at position [-0.05003721  0.46669888] with unbiased energy -80.76781804868142
Identified minimum at position [-0.55822365  1.44172583] with unbiased energy -146.69951720995394
Simulation completed.


Energies of found minima:
Minimum 1: Position = [0.6234994  0.02803776], Energy = -108.16672411685238
Minimum 2: Position = [-0.05003721  0.46669888], Energy = -80.76781804868142
Minimum 3: Position = [-0.55822365  1.44172583], Energy = -146.69951720995394

Approximate saddle points between minima:
Saddle 1: Position = [0.10924388 0.12443923], Energy = -67.69941028997488
Saddle 2: Position = [-0.84275028  0.53141178], Energy = -38.902406894169005

Computational statistics:
	Total energy calls: 5255
	Energy calls at each min: [1, 1786, 5255]
	Total force calls: 5255
	Force calls at each min: [1, 1786, 5255]
	Total steps: 5530
	Total Biases: 46

Verification against reference:
True minima found: 3/3

Verification against reference (saddles):
True saddles found: 0/2
Missed saddles at positions:
[0.21248658 0.29298833]
[-0.82200156  0.6243128 ]
Starting run 2418
Identified minimum at position [0.6234994  0.02803776] with unbiased energy -108.16672411685238
Identified minimum at position [-0.55822364  1.44172583] with unbiased energy -146.69951720995397
Approximate Hessian has condition number >1e6 and cannot be reliably trusted; reverting to default behavior. 
Eigenvalues: [3.36320372e-04 6.81240449e+06]
Approximate Hessian has condition number >1e6 and cannot be reliably trusted; reverting to default behavior. 
Eigenvalues: [1.23458653e-03 7.63084726e+05]
Approximate Hessian has condition number >1e6 and cannot be reliably trusted; reverting to default behavior. 
Eigenvalues: [7.13860926e-04 1.64227659e+03]
Approximate Hessian has condition number >1e6 and cannot be reliably trusted; reverting to default behavior. 
Eigenvalues: [9.62807462e-04 1.54179309e+05]
Approximate Hessian has condition number >1e6 and cannot be reliably trusted; reverting to default behavior. 
Eigenvalues: [8.17068303e-04 8.34977107e+03]
Approximate Hessian has condition number >1e6 and cannot be reliably trusted; reverting to default behavior. 
Eigenvalues: [3.34146433e-04 2.17700030e+07]
Simulation completed.


Energies of found minima:
Minimum 1: Position = [0.6234994  0.02803776], Energy = -108.16672411685238
Minimum 2: Position = [-0.55822364  1.44172583], Energy = -146.69951720995397

Approximate saddle points between minima:
Saddle 1: Position = [-0.80259307  0.6613295 ], Energy = -40.33277886609491

Computational statistics:
	Total energy calls: 631084
	Energy calls at each min: [1, 4028]
	Total force calls: 631084
	Force calls at each min: [1, 4028]
	Total steps: 665398
	Total Biases: 5000

Verification against reference:
True minima found: 2/3
Missed minima at positions:
[-0.05001082  0.4666941 ]

Verification against reference (saddles):
True saddles found: 1/2
Missed saddles at positions:
[0.21248658 0.29298833]
Starting run 4520
Identified minimum at position [0.6234994  0.02803776] with unbiased energy -108.16672411685238
Identified minimum at position [-0.05001086  0.46669411] with unbiased energy -80.76781812965885
Identified minimum at position [-0.55822363  1.44172585] with unbiased energy -146.69951720995397
Simulation completed.


Energies of found minima:
Minimum 1: Position = [0.6234994  0.02803776], Energy = -108.16672411685238
Minimum 2: Position = [-0.05001086  0.46669411], Energy = -80.76781812965885
Minimum 3: Position = [-0.55822363  1.44172585], Energy = -146.69951720995397

Approximate saddle points between minima:
Saddle 1: Position = [0.21107532 0.29438972], Energy = -72.25022118353954
Saddle 2: Position = [-0.61517623  0.7385877 ], Energy = -31.844055409505287

Computational statistics:
	Total energy calls: 12484
	Energy calls at each min: [1, 1432, 12484]
	Total force calls: 12484
	Force calls at each min: [1, 1432, 12484]
	Total steps: 13142
	Total Biases: 102

Verification against reference:
True minima found: 3/3

Verification against reference (saddles):
True saddles found: 1/2
Missed saddles at positions:
[-0.82200156  0.6243128 ]
Starting run 1770
Identified minimum at position [0.6234994  0.02803776] with unbiased energy -108.16672411685238
Identified minimum at position [-0.05007281  0.46671232] with unbiased energy -80.76781759820256
Identified minimum at position [-0.55822364  1.44172583] with unbiased energy -146.69951720995402
Simulation completed.


Energies of found minima:
Minimum 1: Position = [0.6234994  0.02803776], Energy = -108.16672411685238
Minimum 2: Position = [-0.05007281  0.46671232], Energy = -80.76781759820256
Minimum 3: Position = [-0.55822364  1.44172583], Energy = -146.69951720995402

Approximate saddle points between minima:
Saddle 1: Position = [0.3485984  0.32203628], Energy = -68.19498978287838
Saddle 2: Position = [-0.62451543  0.74293536], Energy = -31.66589172106112

Computational statistics:
	Total energy calls: 5553
	Energy calls at each min: [1, 1119, 5553]
	Total force calls: 5553
	Force calls at each min: [1, 1119, 5553]
	Total steps: 5853
	Total Biases: 45

Verification against reference:
True minima found: 3/3

Verification against reference (saddles):
True saddles found: 0/2
Missed saddles at positions:
[0.21248658 0.29298833]
[-0.82200156  0.6243128 ]
Starting run 3423
Identified minimum at position [0.6234994  0.02803776] with unbiased energy -108.16672411685238
Identified minimum at position [-0.55822361  1.44172586] with unbiased energy -146.69951720995383
Approximate Hessian has condition number >1e6 and cannot be reliably trusted; reverting to default behavior. 
Eigenvalues: [1.93240130e-03 3.29246298e+05]
Approximate Hessian has condition number >1e6 and cannot be reliably trusted; reverting to default behavior. 
Eigenvalues: [2.29163279e-03 8.24688097e+04]
Simulation completed.


Energies of found minima:
Minimum 1: Position = [0.6234994  0.02803776], Energy = -108.16672411685238
Minimum 2: Position = [-0.55822361  1.44172586], Energy = -146.69951720995383

Approximate saddle points between minima:
Saddle 1: Position = [-0.71684194  0.67503543], Energy = -38.720118774293226

Computational statistics:
	Total energy calls: 642765
	Energy calls at each min: [1, 8552]
	Total force calls: 642765
	Force calls at each min: [1, 8552]
	Total steps: 677012
	Total Biases: 5000

Verification against reference:
True minima found: 2/3
Missed minima at positions:
[-0.05001082  0.4666941 ]

Verification against reference (saddles):
True saddles found: 0/2
Missed saddles at positions:
[0.21248658 0.29298833]
[-0.82200156  0.6243128 ]
Starting run 4900
Identified minimum at position [0.6234994  0.02803776] with unbiased energy -108.16672411685238
Identified minimum at position [-0.05003471  0.46669901] with unbiased energy -80.76781806151746
Identified minimum at position [-0.55822365  1.44172582] with unbiased energy -146.69951720995385
Simulation completed.


Energies of found minima:
Minimum 1: Position = [0.6234994  0.02803776], Energy = -108.16672411685238
Minimum 2: Position = [-0.05003471  0.46669901], Energy = -80.76781806151746
Minimum 3: Position = [-0.55822365  1.44172582], Energy = -146.69951720995385

Approximate saddle points between minima:
Saddle 1: Position = [0.13760456 0.23024159], Energy = -70.12192416048418
Saddle 2: Position = [1.06786107 0.04269867], Energy = -26.130625221142992

Computational statistics:
	Total energy calls: 12588
	Energy calls at each min: [1, 1118, 12588]
	Total force calls: 12588
	Force calls at each min: [1, 1118, 12588]
	Total steps: 13232
	Total Biases: 103

Verification against reference:
True minima found: 3/3

Verification against reference (saddles):
True saddles found: 0/2
Missed saddles at positions:
[0.21248658 0.29298833]
[-0.82200156  0.6243128 ]
Starting run 1647
Identified minimum at position [0.6234994  0.02803776] with unbiased energy -108.16672411685238
Identified minimum at position [-0.05041601  0.46681492] with unbiased energy -80.76779522121119
Identified minimum at position [-0.55822365  1.44172583] with unbiased energy -146.6995172099539
Simulation completed.


Energies of found minima:
Minimum 1: Position = [0.6234994  0.02803776], Energy = -108.16672411685238
Minimum 2: Position = [-0.05041601  0.46681492], Energy = -80.76779522121119
Minimum 3: Position = [-0.55822365  1.44172583], Energy = -146.6995172099539

Approximate saddle points between minima:
Saddle 1: Position = [0.19757721 0.28596422], Energy = -72.18128709745302
Saddle 2: Position = [-0.81539143  0.65610956], Energy = -40.593897855451544

Computational statistics:
	Total energy calls: 2371
	Energy calls at each min: [1, 845, 2371]
	Total force calls: 2371
	Force calls at each min: [1, 845, 2371]
	Total steps: 2495
	Total Biases: 21

Verification against reference:
True minima found: 3/3

Verification against reference (saddles):
True saddles found: 2/2
Starting run 1614
Identified minimum at position [0.6234994  0.02803776] with unbiased energy -108.16672411685238
Identified minimum at position [-0.05455604  0.4676973 ] with unbiased energy -80.76529706146894
Identified minimum at position [-0.55822364  1.44172584] with unbiased energy -146.699517209954
Simulation completed.


Energies of found minima:
Minimum 1: Position = [0.6234994  0.02803776], Energy = -108.16672411685238
Minimum 2: Position = [-0.05455604  0.4676973 ], Energy = -80.76529706146894
Minimum 3: Position = [-0.55822364  1.44172584], Energy = -146.699517209954

Approximate saddle points between minima:
Saddle 1: Position = [0.28315415 0.37344124], Energy = -69.70679426382492
Saddle 2: Position = [0.61277305 0.45804867], Energy = -21.26522094963704

Computational statistics:
	Total energy calls: 8469
	Energy calls at each min: [1, 1044, 8469]
	Total force calls: 8469
	Force calls at each min: [1, 1044, 8469]
	Total steps: 8909
	Total Biases: 69

Verification against reference:
True minima found: 2/3
Missed minima at positions:
[-0.05001082  0.4666941 ]

Verification against reference (saddles):
True saddles found: 0/2
Missed saddles at positions:
[0.21248658 0.29298833]
[-0.82200156  0.6243128 ]
Starting run 5106
Identified minimum at position [0.6234994  0.02803776] with unbiased energy -108.16672411685238
Identified minimum at position [-0.050011    0.46669415] with unbiased energy -80.76781812965517
Identified minimum at position [-0.55822362  1.44172585] with unbiased energy -146.69951720995397
Simulation completed.


Energies of found minima:
Minimum 1: Position = [0.6234994  0.02803776], Energy = -108.16672411685238
Minimum 2: Position = [-0.050011    0.46669415], Energy = -80.76781812965517
Minimum 3: Position = [-0.55822362  1.44172585], Energy = -146.69951720995397

Approximate saddle points between minima:
Saddle 1: Position = [0.18445981 0.29438011], Energy = -72.19319238086791
Saddle 2: Position = [0.29784205 0.67973636], Energy = -26.616581765290967

Computational statistics:
	Total energy calls: 11879
	Energy calls at each min: [1, 916, 11879]
	Total force calls: 11879
	Force calls at each min: [1, 916, 11879]
	Total steps: 12525
	Total Biases: 94

Verification against reference:
True minima found: 3/3

Verification against reference (saddles):
True saddles found: 1/2
Missed saddles at positions:
[-0.82200156  0.6243128 ]
Starting run 1387
Identified minimum at position [0.6234994  0.02803776] with unbiased energy -108.16672411685238
Identified minimum at position [-0.05001247  0.46669449] with unbiased energy -80.7678181293224
Identified minimum at position [-0.55822365  1.44172583] with unbiased energy -146.6995172099539
Simulation completed.


Energies of found minima:
Minimum 1: Position = [0.6234994  0.02803776], Energy = -108.16672411685238
Minimum 2: Position = [-0.05001247  0.46669449], Energy = -80.7678181293224
Minimum 3: Position = [-0.55822365  1.44172583], Energy = -146.6995172099539

Approximate saddle points between minima:
Saddle 1: Position = [0.18131721 0.28857367], Energy = -72.08506540999355
Saddle 2: Position = [-0.1677954   0.07107883], Energy = -36.04222709792454

Computational statistics:
	Total energy calls: 6070
	Energy calls at each min: [1, 812, 6070]
	Total force calls: 6070
	Force calls at each min: [1, 812, 6070]
	Total steps: 6399
	Total Biases: 52

Verification against reference:
True minima found: 3/3

Verification against reference (saddles):
True saddles found: 1/2
Missed saddles at positions:
[-0.82200156  0.6243128 ]
Starting run 4735
Identified minimum at position [0.6234994  0.02803776] with unbiased energy -108.16672411685238
Identified minimum at position [-0.05001379  0.46669472] with unbiased energy -80.76781812860855
Identified minimum at position [-0.55822362  1.44172586] with unbiased energy -146.69951720995385
Simulation completed.


Energies of found minima:
Minimum 1: Position = [0.6234994  0.02803776], Energy = -108.16672411685238
Minimum 2: Position = [-0.05001379  0.46669472], Energy = -80.76781812860855
Minimum 3: Position = [-0.55822362  1.44172586], Energy = -146.69951720995385

Approximate saddle points between minima:
Saddle 1: Position = [0.17352479 0.26927132], Energy = -71.73100526139295
Saddle 2: Position = [-0.81853305  0.63285819], Energy = -40.649788961629866

Computational statistics:
	Total energy calls: 4903
	Energy calls at each min: [1, 1129, 4903]
	Total force calls: 4903
	Force calls at each min: [1, 1129, 4903]
	Total steps: 5159
	Total Biases: 41

Verification against reference:
True minima found: 3/3

Verification against reference (saddles):
True saddles found: 2/2
Starting run 1140
Identified minimum at position [0.6234994  0.02803776] with unbiased energy -108.16672411685238
Identified minimum at position [-0.05001186  0.46669436] with unbiased energy -80.76781812952107
Identified minimum at position [-0.55822365  1.44172582] with unbiased energy -146.69951720995385
Simulation completed.


Energies of found minima:
Minimum 1: Position = [0.6234994  0.02803776], Energy = -108.16672411685238
Minimum 2: Position = [-0.05001186  0.46669436], Energy = -80.76781812952107
Minimum 3: Position = [-0.55822365  1.44172582], Energy = -146.69951720995385

Approximate saddle points between minima:
Saddle 1: Position = [0.46531611 0.28605406], Energy = -65.82495323803434
Saddle 2: Position = [-0.50399482  0.74559773], Energy = -29.57730962636667

Computational statistics:
	Total energy calls: 4369
	Energy calls at each min: [1, 1010, 4369]
	Total force calls: 4369
	Force calls at each min: [1, 1010, 4369]
	Total steps: 4604
	Total Biases: 37

Verification against reference:
True minima found: 3/3

Verification against reference (saddles):
True saddles found: 0/2
Missed saddles at positions:
[0.21248658 0.29298833]
[-0.82200156  0.6243128 ]
Starting run 2447
Identified minimum at position [0.6234994  0.02803776] with unbiased energy -108.16672411685238
Identified minimum at position [-0.05066523  0.46685158] with unbiased energy -80.76776433349627
Identified minimum at position [-0.55822362  1.44172586] with unbiased energy -146.69951720995394
Simulation completed.


Energies of found minima:
Minimum 1: Position = [0.6234994  0.02803776], Energy = -108.16672411685238
Minimum 2: Position = [-0.05066523  0.46685158], Energy = -80.76776433349627
Minimum 3: Position = [-0.55822362  1.44172586], Energy = -146.69951720995394

Approximate saddle points between minima:
Saddle 1: Position = [0.20523627 0.26307914], Energy = -72.32822297523595
Saddle 2: Position = [-0.82628456  0.61370011], Energy = -40.63978961451202

Computational statistics:
	Total energy calls: 7653
	Energy calls at each min: [1, 1336, 7653]
	Total force calls: 7653
	Force calls at each min: [1, 1336, 7653]
	Total steps: 8040
	Total Biases: 64

Verification against reference:
True minima found: 3/3

Verification against reference (saddles):
True saddles found: 2/2
Starting run 1082
Identified minimum at position [0.6234994  0.02803776] with unbiased energy -108.16672411685238
Identified minimum at position [-0.05001391  0.46669555] with unbiased energy -80.76781812766322
Identified minimum at position [-0.55822364  1.44172584] with unbiased energy -146.699517209954
Simulation completed.


Energies of found minima:
Minimum 1: Position = [0.6234994  0.02803776], Energy = -108.16672411685238
Minimum 2: Position = [-0.05001391  0.46669555], Energy = -80.76781812766322
Minimum 3: Position = [-0.55822364  1.44172584], Energy = -146.699517209954

Approximate saddle points between minima:
Saddle 1: Position = [ 0.14648193 -0.00649262], Energy = -65.73320496600618
Saddle 2: Position = [-0.80696246  0.63313976], Energy = -40.610670126420956

Computational statistics:
	Total energy calls: 9741
	Energy calls at each min: [1, 2470, 9741]
	Total force calls: 9741
	Force calls at each min: [1, 2470, 9741]
	Total steps: 10260
	Total Biases: 80

Verification against reference:
True minima found: 3/3

Verification against reference (saddles):
True saddles found: 1/2
Missed saddles at positions:
[0.21248658 0.29298833]
Starting run 1471
Identified minimum at position [0.6234994  0.02803776] with unbiased energy -108.16672411685238
Identified minimum at position [-0.05003948  0.46671113] with unbiased energy -80.76781789354855
Approximate Hessian has condition number >1e6 and cannot be reliably trusted; reverting to default behavior. 
Eigenvalues: [9.34735106e-04 4.92268788e+03]
Identified minimum at position [-0.55822365  1.44172583] with unbiased energy -146.69951720995397
Simulation completed.


Energies of found minima:
Minimum 1: Position = [0.6234994  0.02803776], Energy = -108.16672411685238
Minimum 2: Position = [-0.05003948  0.46671113], Energy = -80.76781789354855
Minimum 3: Position = [-0.55822365  1.44172583], Energy = -146.69951720995397

Approximate saddle points between minima:
Saddle 1: Position = [0.41459715 0.26618589], Energy = -71.04073332060574
Saddle 2: Position = [-0.51963605  0.29477082], Energy = -38.06844367884557

Computational statistics:
	Total energy calls: 7663
	Energy calls at each min: [1, 1817, 7663]
	Total force calls: 7663
	Force calls at each min: [1, 1817, 7663]
	Total steps: 8057
	Total Biases: 61

Verification against reference:
True minima found: 3/3

Verification against reference (saddles):
True saddles found: 0/2
Missed saddles at positions:
[0.21248658 0.29298833]
[-0.82200156  0.6243128 ]
Starting run 3145
Identified minimum at position [0.6234994  0.02803776] with unbiased energy -108.16672411685238
Identified minimum at position [-0.050011    0.46669414] with unbiased energy -80.76781812965548
Identified minimum at position [-0.55822364  1.44172584] with unbiased energy -146.699517209954
Simulation completed.


Energies of found minima:
Minimum 1: Position = [0.6234994  0.02803776], Energy = -108.16672411685238
Minimum 2: Position = [-0.050011    0.46669414], Energy = -80.76781812965548
Minimum 3: Position = [-0.55822364  1.44172584], Energy = -146.699517209954

Approximate saddle points between minima:
Saddle 1: Position = [0.16579381 0.29483469], Energy = -72.08391533970631
Saddle 2: Position = [-0.82208093  0.61646474], Energy = -40.664790891777386

Computational statistics:
	Total energy calls: 7140
	Energy calls at each min: [1, 1269, 7140]
	Total force calls: 7140
	Force calls at each min: [1, 1269, 7140]
	Total steps: 7525
	Total Biases: 60

Verification against reference:
True minima found: 3/3

Verification against reference (saddles):
True saddles found: 2/2
Starting run 13
Identified minimum at position [0.6234994  0.02803776] with unbiased energy -108.16672411685238
Identified minimum at position [-0.05207311  0.46719104] with unbiased energy -80.76728336107007
Identified minimum at position [-0.55822362  1.44172585] with unbiased energy -146.69951720995397
Simulation completed.


Energies of found minima:
Minimum 1: Position = [0.6234994  0.02803776], Energy = -108.16672411685238
Minimum 2: Position = [-0.05207311  0.46719104], Energy = -80.76728336107007
Minimum 3: Position = [-0.55822362  1.44172585], Energy = -146.69951720995397

Approximate saddle points between minima:
Saddle 1: Position = [0.20472579 0.30914066], Energy = -72.36118343722887
Saddle 2: Position = [-0.83257946  0.60631279], Energy = -40.56199800017875

Computational statistics:
	Total energy calls: 8404
	Energy calls at each min: [1, 1546, 8404]
	Total force calls: 8404
	Force calls at each min: [1, 1546, 8404]
	Total steps: 8833
	Total Biases: 72

Verification against reference:
True minima found: 2/3
Missed minima at positions:
[-0.05001082  0.4666941 ]

Verification against reference (saddles):
True saddles found: 2/2
