Starting run 1381
Identified minimum at position [0.6234994  0.02803776] with unbiased energy -108.1667241168524
Identified minimum at position [-0.05003167  0.46669958] with unbiased energy -80.76781807303952
Identified minimum at position [-0.55822363  1.44172585] with unbiased energy -146.69951720995397
Simulation completed.


Energies of found minima:
Minimum 1: Position = [0.6234994  0.02803776], Energy = -108.1667241168524
Minimum 2: Position = [-0.05003167  0.46669958], Energy = -80.76781807303952
Minimum 3: Position = [-0.55822363  1.44172585], Energy = -146.69951720995397

Approximate saddle points between minima:
Saddle 1: Position = [0.20096053 0.30977803], Energy = -72.39375869926891
Saddle 2: Position = [-0.87519242  0.59733634], Energy = -40.12533028126927

Computational statistics:
	Total energy calls: 2998
	Energy calls at each min: [1, 1089, 2998]
	Total force calls: 2998
	Force calls at each min: [1, 1089, 2998]
	Total steps: 3154
	Total Biases: 27

Verification against reference:
True minima found: 3/3

Verification against reference (saddles):
True saddles found: 1/2
Missed saddles at positions:
[-0.82200156  0.6243128 ]
Starting run 3322
Identified minimum at position [0.6234994  0.02803776] with unbiased energy -108.1667241168524
Identified minimum at position [-0.05001102  0.46669415] with unbiased energy -80.76781812965432
Identified minimum at position [-0.55822364  1.44172584] with unbiased energy -146.69951720995402
Simulation completed.


Energies of found minima:
Minimum 1: Position = [0.6234994  0.02803776], Energy = -108.1667241168524
Minimum 2: Position = [-0.05001102  0.46669415], Energy = -80.76781812965432
Minimum 3: Position = [-0.55822364  1.44172584], Energy = -146.69951720995402

Approximate saddle points between minima:
Saddle 1: Position = [0.18800367 0.26308095], Energy = -71.99487923949721
Saddle 2: Position = [ 0.18673879 -0.15422208], Energy = -37.80541960603885

Computational statistics:
	Total energy calls: 8114
	Energy calls at each min: [1, 660, 8114]
	Total force calls: 8114
	Force calls at each min: [1, 660, 8114]
	Total steps: 8555
	Total Biases: 64

Verification against reference:
True minima found: 3/3

Verification against reference (saddles):
True saddles found: 1/2
Missed saddles at positions:
[-0.82200156  0.6243128 ]
Starting run 124
Identified minimum at position [0.6234994  0.02803776] with unbiased energy -108.1667241168524
Identified minimum at position [-0.0500112   0.46669419] with unbiased energy -80.76781812964148
Identified minimum at position [-0.55822361  1.44172586] with unbiased energy -146.69951720995383
Simulation completed.


Energies of found minima:
Minimum 1: Position = [0.6234994  0.02803776], Energy = -108.1667241168524
Minimum 2: Position = [-0.0500112   0.46669419], Energy = -80.76781812964148
Minimum 3: Position = [-0.55822361  1.44172586], Energy = -146.69951720995383

Approximate saddle points between minima:
Saddle 1: Position = [0.22473595 0.28557307], Energy = -72.29552319196796
Saddle 2: Position = [-0.56661398  0.76667486], Energy = -27.51894323179173

Computational statistics:
	Total energy calls: 7278
	Energy calls at each min: [1, 872, 7278]
	Total force calls: 7278
	Force calls at each min: [1, 872, 7278]
	Total steps: 7670
	Total Biases: 61

Verification against reference:
True minima found: 3/3

Verification against reference (saddles):
True saddles found: 1/2
Missed saddles at positions:
[-0.82200156  0.6243128 ]
Starting run 4017
Identified minimum at position [0.6234994  0.02803776] with unbiased energy -108.1667241168524
Identified minimum at position [-0.05001081  0.46669411] with unbiased energy -80.767818129659
Identified minimum at position [-0.55822364  1.44172584] with unbiased energy -146.69951720995402
Simulation completed.


Energies of found minima:
Minimum 1: Position = [0.6234994  0.02803776], Energy = -108.1667241168524
Minimum 2: Position = [-0.05001081  0.46669411], Energy = -80.767818129659
Minimum 3: Position = [-0.55822364  1.44172584], Energy = -146.69951720995402

Approximate saddle points between minima:
Saddle 1: Position = [0.18374271 0.2368067 ], Energy = -72.01901742172049
Saddle 2: Position = [-0.80150942  0.48077927], Energy = -38.90634516770552

Computational statistics:
	Total energy calls: 8276
	Energy calls at each min: [1, 2174, 8276]
	Total force calls: 8276
	Force calls at each min: [1, 2174, 8276]
	Total steps: 8718
	Total Biases: 72

Verification against reference:
True minima found: 3/3

Verification against reference (saddles):
True saddles found: 0/2
Missed saddles at positions:
[0.21248658 0.29298833]
[-0.82200156  0.6243128 ]
Starting run 2761
Identified minimum at position [0.6234994  0.02803776] with unbiased energy -108.1667241168524
Identified minimum at position [-0.05001303  0.4666946 ] with unbiased energy -80.76781812906405
Identified minimum at position [-0.55822362  1.44172586] with unbiased energy -146.6995172099539
Simulation completed.


Energies of found minima:
Minimum 1: Position = [0.6234994  0.02803776], Energy = -108.1667241168524
Minimum 2: Position = [-0.05001303  0.4666946 ], Energy = -80.76781812906405
Minimum 3: Position = [-0.55822362  1.44172586], Energy = -146.6995172099539

Approximate saddle points between minima:
Saddle 1: Position = [0.22680445 0.3095214 ], Energy = -72.15614579130894
Saddle 2: Position = [-0.55654421  0.32331746], Energy = -40.15933624651424

Computational statistics:
	Total energy calls: 8068
	Energy calls at each min: [1, 1881, 8068]
	Total force calls: 8068
	Force calls at each min: [1, 1881, 8068]
	Total steps: 8496
	Total Biases: 68

Verification against reference:
True minima found: 3/3

Verification against reference (saddles):
True saddles found: 1/2
Missed saddles at positions:
[-0.82200156  0.6243128 ]
Starting run 2270
Identified minimum at position [0.6234994  0.02803776] with unbiased energy -108.1667241168524
Identified minimum at position [-0.55822361  1.44172586] with unbiased energy -146.69951720995383
Approximate Hessian has condition number >1e6 and cannot be reliably trusted; reverting to default behavior. 
Eigenvalues: [2.23452959e-03 2.95391546e+05]
Approximate Hessian has condition number >1e6 and cannot be reliably trusted; reverting to default behavior. 
Eigenvalues: [1.57643843e-03 6.20193518e+06]
Approximate Hessian has condition number >1e6 and cannot be reliably trusted; reverting to default behavior. 
Eigenvalues: [9.34076483e-04 2.33750032e+03]
Approximate Hessian has condition number >1e6 and cannot be reliably trusted; reverting to default behavior. 
Eigenvalues: [7.51391053e-06 1.35720510e+08]
Approximate Hessian has condition number >1e6 and cannot be reliably trusted; reverting to default behavior. 
Eigenvalues: [3.72306715e-03 6.67884691e+04]
Approximate Hessian has condition number >1e6 and cannot be reliably trusted; reverting to default behavior. 
Eigenvalues: [7.61321702e-04 3.12683379e+03]
Approximate Hessian has condition number >1e6 and cannot be reliably trusted; reverting to default behavior. 
Eigenvalues: [5.70513468e-04 8.84157331e+04]
Approximate Hessian has condition number >1e6 and cannot be reliably trusted; reverting to default behavior. 
Eigenvalues: [2.37334610e-03 2.48603407e+06]
Approximate Hessian has condition number >1e6 and cannot be reliably trusted; reverting to default behavior. 
Eigenvalues: [1.32110872e-03 1.09527445e+06]
Approximate Hessian has condition number >1e6 and cannot be reliably trusted; reverting to default behavior. 
Eigenvalues: [1.22709454e-03 7.72725055e+03]
Approximate Hessian has condition number >1e6 and cannot be reliably trusted; reverting to default behavior. 
Eigenvalues: [6.52586052e-04 1.57404540e+06]
Simulation completed.


Energies of found minima:
Minimum 1: Position = [0.6234994  0.02803776], Energy = -108.1667241168524
Minimum 2: Position = [-0.55822361  1.44172586], Energy = -146.69951720995383

Approximate saddle points between minima:
Saddle 1: Position = [-0.08157156 -0.06755769], Energy = -29.898852215929317

Computational statistics:
	Total energy calls: 643078
	Energy calls at each min: [1, 9473]
	Total force calls: 643078
	Force calls at each min: [1, 9473]
	Total steps: 677159
	Total Biases: 5000

Verification against reference:
True minima found: 2/3
Missed minima at positions:
[-0.05001082  0.4666941 ]

Verification against reference (saddles):
True saddles found: 0/2
Missed saddles at positions:
[0.21248658 0.29298833]
[-0.82200156  0.6243128 ]
Starting run 2503
Identified minimum at position [0.6234994  0.02803776] with unbiased energy -108.1667241168524
Identified minimum at position [-0.05030852  0.46679406] with unbiased energy -80.76780472641032
Identified minimum at position [-0.55822364  1.44172584] with unbiased energy -146.699517209954
Simulation completed.


Energies of found minima:
Minimum 1: Position = [0.6234994  0.02803776], Energy = -108.1667241168524
Minimum 2: Position = [-0.05030852  0.46679406], Energy = -80.76780472641032
Minimum 3: Position = [-0.55822364  1.44172584], Energy = -146.699517209954

Approximate saddle points between minima:
Saddle 1: Position = [0.17015604 0.19729012], Energy = -71.9676450392665
Saddle 2: Position = [-0.61157328  0.72873273], Energy = -32.823763308730335

Computational statistics:
	Total energy calls: 8002
	Energy calls at each min: [1, 1103, 8002]
	Total force calls: 8002
	Force calls at each min: [1, 1103, 8002]
	Total steps: 8418
	Total Biases: 66

Verification against reference:
True minima found: 3/3

Verification against reference (saddles):
True saddles found: 0/2
Missed saddles at positions:
[0.21248658 0.29298833]
[-0.82200156  0.6243128 ]
Starting run 3815
Identified minimum at position [0.6234994  0.02803776] with unbiased energy -108.1667241168524
Identified minimum at position [-0.05196154  0.46716329] with unbiased energy -80.76734001250645
Identified minimum at position [-0.55822362  1.44172586] with unbiased energy -146.6995172099539
Simulation completed.


Energies of found minima:
Minimum 1: Position = [0.6234994  0.02803776], Energy = -108.1667241168524
Minimum 2: Position = [-0.05196154  0.46716329], Energy = -80.76734001250645
Minimum 3: Position = [-0.55822362  1.44172586], Energy = -146.6995172099539

Approximate saddle points between minima:
Saddle 1: Position = [0.18014828 0.24897423], Energy = -71.81865553301691
Saddle 2: Position = [-0.74666137  0.41552279], Energy = -37.80849326354547

Computational statistics:
	Total energy calls: 2709
	Energy calls at each min: [1, 595, 2709]
	Total force calls: 2709
	Force calls at each min: [1, 595, 2709]
	Total steps: 2851
	Total Biases: 23

Verification against reference:
True minima found: 2/3
Missed minima at positions:
[-0.05001082  0.4666941 ]

Verification against reference (saddles):
True saddles found: 0/2
Missed saddles at positions:
[0.21248658 0.29298833]
[-0.82200156  0.6243128 ]
Starting run 2326
Identified minimum at position [0.6234994  0.02803776] with unbiased energy -108.1667241168524
Identified minimum at position [-0.05027223  0.46676938] with unbiased energy -80.76780878870954
Identified minimum at position [-0.55822364  1.44172584] with unbiased energy -146.69951720995397
Simulation completed.


Energies of found minima:
Minimum 1: Position = [0.6234994  0.02803776], Energy = -108.1667241168524
Minimum 2: Position = [-0.05027223  0.46676938], Energy = -80.76780878870954
Minimum 3: Position = [-0.55822364  1.44172584], Energy = -146.69951720995397

Approximate saddle points between minima:
Saddle 1: Position = [0.21865559 0.2830344 ], Energy = -72.30031728120608
Saddle 2: Position = [-0.26695086  0.18719775], Energy = -39.03178994071409

Computational statistics:
	Total energy calls: 11961
	Energy calls at each min: [1, 1902, 11961]
	Total force calls: 11961
	Force calls at each min: [1, 1902, 11961]
	Total steps: 12570
	Total Biases: 95

Verification against reference:
True minima found: 3/3

Verification against reference (saddles):
True saddles found: 1/2
Missed saddles at positions:
[-0.82200156  0.6243128 ]
Starting run 707
Identified minimum at position [0.6234994  0.02803776] with unbiased energy -108.1667241168524
Identified minimum at position [-0.05003896  0.46670897] with unbiased energy -80.76781793687985
Identified minimum at position [-0.55822365  1.44172582] with unbiased energy -146.69951720995385
Simulation completed.


Energies of found minima:
Minimum 1: Position = [0.6234994  0.02803776], Energy = -108.1667241168524
Minimum 2: Position = [-0.05003896  0.46670897], Energy = -80.76781793687985
Minimum 3: Position = [-0.55822365  1.44172582], Energy = -146.69951720995385

Approximate saddle points between minima:
Saddle 1: Position = [0.3524989  0.35127661], Energy = -66.27161591510847
Saddle 2: Position = [-0.85684715  0.58932292], Energy = -40.06367518705533

Computational statistics:
	Total energy calls: 8061
	Energy calls at each min: [1, 1295, 8061]
	Total force calls: 8061
	Force calls at each min: [1, 1295, 8061]
	Total steps: 8483
	Total Biases: 65

Verification against reference:
True minima found: 3/3

Verification against reference (saddles):
True saddles found: 1/2
Missed saddles at positions:
[0.21248658 0.29298833]
Starting run 1329
Identified minimum at position [0.6234994  0.02803776] with unbiased energy -108.1667241168524
Identified minimum at position [-0.05033718  0.46677933] with unbiased energy -80.7678042822571
Identified minimum at position [-0.55822365  1.44172582] with unbiased energy -146.69951720995388
Simulation completed.


Energies of found minima:
Minimum 1: Position = [0.6234994  0.02803776], Energy = -108.1667241168524
Minimum 2: Position = [-0.05033718  0.46677933], Energy = -80.7678042822571
Minimum 3: Position = [-0.55822365  1.44172582], Energy = -146.69951720995388

Approximate saddle points between minima:
Saddle 1: Position = [0.22666705 0.31895419], Energy = -72.16253442742838
Saddle 2: Position = [-0.43748252  0.22982504], Energy = -32.87286207000001

Computational statistics:
	Total energy calls: 13300
	Energy calls at each min: [1, 1824, 13300]
	Total force calls: 13300
	Force calls at each min: [1, 1824, 13300]
	Total steps: 14010
	Total Biases: 112

Verification against reference:
True minima found: 3/3

Verification against reference (saddles):
True saddles found: 1/2
Missed saddles at positions:
[-0.82200156  0.6243128 ]
Starting run 1777
Identified minimum at position [0.6234994  0.02803776] with unbiased energy -108.1667241168524
Identified minimum at position [-0.0500148   0.46669491] with unbiased energy -80.76781812778084
Identified minimum at position [-0.55822362  1.44172586] with unbiased energy -146.69951720995394
Simulation completed.


Energies of found minima:
Minimum 1: Position = [0.6234994  0.02803776], Energy = -108.1667241168524
Minimum 2: Position = [-0.0500148   0.46669491], Energy = -80.76781812778084
Minimum 3: Position = [-0.55822362  1.44172586], Energy = -146.69951720995394

Approximate saddle points between minima:
Saddle 1: Position = [0.30071798 0.41297284], Energy = -67.50789641928384
Saddle 2: Position = [1.03921117 0.07836038], Energy = -31.820412531107337

Computational statistics:
	Total energy calls: 8296
	Energy calls at each min: [1, 1756, 8296]
	Total force calls: 8296
	Force calls at each min: [1, 1756, 8296]
	Total steps: 8754
	Total Biases: 69

Verification against reference:
True minima found: 3/3

Verification against reference (saddles):
True saddles found: 0/2
Missed saddles at positions:
[0.21248658 0.29298833]
[-0.82200156  0.6243128 ]
Starting run 2883
Identified minimum at position [0.6234994  0.02803776] with unbiased energy -108.1667241168524
Identified minimum at position [-0.05013043  0.46673656] with unbiased energy -80.76781586947686
Identified minimum at position [-0.55822362  1.44172586] with unbiased energy -146.6995172099539
Simulation completed.


Energies of found minima:
Minimum 1: Position = [0.6234994  0.02803776], Energy = -108.1667241168524
Minimum 2: Position = [-0.05013043  0.46673656], Energy = -80.76781586947686
Minimum 3: Position = [-0.55822362  1.44172586], Energy = -146.6995172099539

Approximate saddle points between minima:
Saddle 1: Position = [0.19069302 0.27288902], Energy = -72.05509750288849
Saddle 2: Position = [-0.85439996  0.48310227], Energy = -35.9000013720621

Computational statistics:
	Total energy calls: 6077
	Energy calls at each min: [1, 1114, 6077]
	Total force calls: 6077
	Force calls at each min: [1, 1114, 6077]
	Total steps: 6398
	Total Biases: 53

Verification against reference:
True minima found: 3/3

Verification against reference (saddles):
True saddles found: 1/2
Missed saddles at positions:
[-0.82200156  0.6243128 ]
Starting run 3360
Identified minimum at position [0.6234994  0.02803776] with unbiased energy -108.1667241168524
Identified minimum at position [-0.05006157  0.46670654] with unbiased energy -80.76781780400201
Identified minimum at position [-0.55822366  1.44172582] with unbiased energy -146.6995172099538
Simulation completed.


Energies of found minima:
Minimum 1: Position = [0.6234994  0.02803776], Energy = -108.1667241168524
Minimum 2: Position = [-0.05006157  0.46670654], Energy = -80.76781780400201
Minimum 3: Position = [-0.55822366  1.44172582], Energy = -146.6995172099538

Approximate saddle points between minima:
Saddle 1: Position = [0.26053278 0.34913995], Energy = -71.1194154823244
Saddle 2: Position = [-0.67718608  0.71506077], Energy = -35.386097549638556

Computational statistics:
	Total energy calls: 10663
	Energy calls at each min: [1, 958, 10663]
	Total force calls: 10663
	Force calls at each min: [1, 958, 10663]
	Total steps: 11221
	Total Biases: 87

Verification against reference:
True minima found: 3/3

Verification against reference (saddles):
True saddles found: 0/2
Missed saddles at positions:
[0.21248658 0.29298833]
[-0.82200156  0.6243128 ]
Starting run 409
Identified minimum at position [0.6234994  0.02803776] with unbiased energy -108.1667241168524
Identified minimum at position [-0.05001246  0.4666949 ] with unbiased energy -80.7678181290757
Identified minimum at position [-0.55822363  1.44172585] with unbiased energy -146.699517209954
Simulation completed.


Energies of found minima:
Minimum 1: Position = [0.6234994  0.02803776], Energy = -108.1667241168524
Minimum 2: Position = [-0.05001246  0.4666949 ], Energy = -80.7678181290757
Minimum 3: Position = [-0.55822363  1.44172585], Energy = -146.699517209954

Approximate saddle points between minima:
Saddle 1: Position = [0.1891275  0.26406984], Energy = -72.01743205982686
Saddle 2: Position = [-0.76740353  0.6458141 ], Energy = -40.295471160445814

Computational statistics:
	Total energy calls: 15490
	Energy calls at each min: [1, 2080, 15490]
	Total force calls: 15490
	Force calls at each min: [1, 2080, 15490]
	Total steps: 16303
	Total Biases: 128

Verification against reference:
True minima found: 3/3

Verification against reference (saddles):
True saddles found: 1/2
Missed saddles at positions:
[-0.82200156  0.6243128 ]
Starting run 1155
Identified minimum at position [0.6234994  0.02803776] with unbiased energy -108.1667241168524
Identified minimum at position [-0.05006795  0.4667158 ] with unbiased energy -80.7678175827637
Identified minimum at position [-0.55822365  1.44172583] with unbiased energy -146.6995172099539
Simulation completed.


Energies of found minima:
Minimum 1: Position = [0.6234994  0.02803776], Energy = -108.1667241168524
Minimum 2: Position = [-0.05006795  0.4667158 ], Energy = -80.7678175827637
Minimum 3: Position = [-0.55822365  1.44172583], Energy = -146.6995172099539

Approximate saddle points between minima:
Saddle 1: Position = [0.22466319 0.29516782], Energy = -72.2206830959318
Saddle 2: Position = [-0.83078029  0.59790443], Energy = -40.52509568322929

Computational statistics:
	Total energy calls: 5676
	Energy calls at each min: [1, 1970, 5676]
	Total force calls: 5676
	Force calls at each min: [1, 1970, 5676]
	Total steps: 5965
	Total Biases: 50

Verification against reference:
True minima found: 3/3

Verification against reference (saddles):
True saddles found: 2/2
Starting run 226
Identified minimum at position [0.6234994  0.02803776] with unbiased energy -108.1667241168524
Identified minimum at position [-0.05002223  0.46669624] with unbiased energy -80.76781811443004
Identified minimum at position [-0.55822364  1.44172583] with unbiased energy -146.69951720995397
Simulation completed.


Energies of found minima:
Minimum 1: Position = [0.6234994  0.02803776], Energy = -108.1667241168524
Minimum 2: Position = [-0.05002223  0.46669624], Energy = -80.76781811443004
Minimum 3: Position = [-0.55822364  1.44172583], Energy = -146.69951720995397

Approximate saddle points between minima:
Saddle 1: Position = [0.18232993 0.28593076], Energy = -72.05729350049054
Saddle 2: Position = [-0.32280278  0.09217951], Energy = -23.54806948461422

Computational statistics:
	Total energy calls: 6663
	Energy calls at each min: [1, 1394, 6663]
	Total force calls: 6663
	Force calls at each min: [1, 1394, 6663]
	Total steps: 7025
	Total Biases: 56

Verification against reference:
True minima found: 3/3

Verification against reference (saddles):
True saddles found: 1/2
Missed saddles at positions:
[-0.82200156  0.6243128 ]
Starting run 3115
Identified minimum at position [0.6234994  0.02803776] with unbiased energy -108.1667241168524
Identified minimum at position [-0.05007977  0.46670962] with unbiased energy -80.76781754652691
Identified minimum at position [-0.55822362  1.44172585] with unbiased energy -146.69951720995397
Simulation completed.


Energies of found minima:
Minimum 1: Position = [0.6234994  0.02803776], Energy = -108.1667241168524
Minimum 2: Position = [-0.05007977  0.46670962], Energy = -80.76781754652691
Minimum 3: Position = [-0.55822362  1.44172585], Energy = -146.69951720995397

Approximate saddle points between minima:
Saddle 1: Position = [0.26371302 0.28831599], Energy = -72.11761735460803
Saddle 2: Position = [-0.49426815  0.71562432], Energy = -34.879052875883104

Computational statistics:
	Total energy calls: 10173
	Energy calls at each min: [1, 2280, 10173]
	Total force calls: 10173
	Force calls at each min: [1, 2280, 10173]
	Total steps: 10702
	Total Biases: 88

Verification against reference:
True minima found: 3/3

Verification against reference (saddles):
True saddles found: 0/2
Missed saddles at positions:
[0.21248658 0.29298833]
[-0.82200156  0.6243128 ]
Starting run 5089
Identified minimum at position [0.6234994  0.02803776] with unbiased energy -108.1667241168524
Identified minimum at position [-0.05048095  0.46681108] with unbiased energy -80.76778999431264
Approximate Hessian has condition number >1e6 and cannot be reliably trusted; reverting to default behavior. 
Eigenvalues: [8.54777571e-03 3.72580457e+05]
Identified minimum at position [-0.55822364  1.44172583] with unbiased energy -146.69951720995397
Simulation completed.


Energies of found minima:
Minimum 1: Position = [0.6234994  0.02803776], Energy = -108.1667241168524
Minimum 2: Position = [-0.05048095  0.46681108], Energy = -80.76778999431264
Minimum 3: Position = [-0.55822364  1.44172583], Energy = -146.69951720995397

Approximate saddle points between minima:
Saddle 1: Position = [0.06976188 0.07549766], Energy = -62.350826524572234
Saddle 2: Position = [-0.15199908  0.02843138], Energy = -33.88708021009876

Computational statistics:
	Total energy calls: 7893
	Energy calls at each min: [1, 1457, 7893]
	Total force calls: 7893
	Force calls at each min: [1, 1457, 7893]
	Total steps: 8317
	Total Biases: 67

Verification against reference:
True minima found: 3/3

Verification against reference (saddles):
True saddles found: 0/2
Missed saddles at positions:
[0.21248658 0.29298833]
[-0.82200156  0.6243128 ]
Starting run 1307
Identified minimum at position [0.6234994  0.02803776] with unbiased energy -108.1667241168524
Identified minimum at position [-0.05060932  0.46683349] with unbiased energy -80.7677736733765
Identified minimum at position [-0.55822364  1.44172583] with unbiased energy -146.69951720995397
Simulation completed.


Energies of found minima:
Minimum 1: Position = [0.6234994  0.02803776], Energy = -108.1667241168524
Minimum 2: Position = [-0.05060932  0.46683349], Energy = -80.7677736733765
Minimum 3: Position = [-0.55822364  1.44172583], Energy = -146.69951720995397

Approximate saddle points between minima:
Saddle 1: Position = [0.25333951 0.29480103], Energy = -72.0385831312891
Saddle 2: Position = [-0.91146804  0.5789764 ], Energy = -39.15432799006644

Computational statistics:
	Total energy calls: 9989
	Energy calls at each min: [1, 3709, 9989]
	Total force calls: 9989
	Force calls at each min: [1, 3709, 9989]
	Total steps: 10508
	Total Biases: 82

Verification against reference:
True minima found: 3/3

Verification against reference (saddles):
True saddles found: 1/2
Missed saddles at positions:
[-0.82200156  0.6243128 ]
Starting run 2137
Identified minimum at position [0.6234994  0.02803776] with unbiased energy -108.1667241168524
Identified minimum at position [-0.05001098  0.46669413] with unbiased energy -80.76781812965615
Identified minimum at position [-0.55822363  1.44172585] with unbiased energy -146.699517209954
Simulation completed.


Energies of found minima:
Minimum 1: Position = [0.6234994  0.02803776], Energy = -108.1667241168524
Minimum 2: Position = [-0.05001098  0.46669413], Energy = -80.76781812965615
Minimum 3: Position = [-0.55822363  1.44172585], Energy = -146.699517209954

Approximate saddle points between minima:
Saddle 1: Position = [0.28023785 0.3353511 ], Energy = -70.55758865495432
Saddle 2: Position = [-0.15017787 -0.06599043], Energy = -22.981501817934063

Computational statistics:
	Total energy calls: 15151
	Energy calls at each min: [1, 1468, 15151]
	Total force calls: 15151
	Force calls at each min: [1, 1468, 15151]
	Total steps: 15979
	Total Biases: 124

Verification against reference:
True minima found: 3/3

Verification against reference (saddles):
True saddles found: 0/2
Missed saddles at positions:
[0.21248658 0.29298833]
[-0.82200156  0.6243128 ]
Starting run 1266
Identified minimum at position [0.6234994  0.02803776] with unbiased energy -108.1667241168524
Identified minimum at position [-0.55822362  1.44172586] with unbiased energy -146.69951720995394
Approximate Hessian has condition number >1e6 and cannot be reliably trusted; reverting to default behavior. 
Eigenvalues: [2.24931201e-03 3.06581175e+06]
Approximate Hessian has condition number >1e6 and cannot be reliably trusted; reverting to default behavior. 
Eigenvalues: [8.03710369e-04 2.38778032e+06]
Approximate Hessian has condition number >1e6 and cannot be reliably trusted; reverting to default behavior. 
Eigenvalues: [1.51161143e-03 7.11140588e+05]
Approximate Hessian has condition number >1e6 and cannot be reliably trusted; reverting to default behavior. 
Eigenvalues: [1.21291792e-03 2.31800532e+03]
Approximate Hessian has condition number >1e6 and cannot be reliably trusted; reverting to default behavior. 
Eigenvalues: [1.06833702e-03 1.22040280e+03]
Simulation completed.


Energies of found minima:
Minimum 1: Position = [0.6234994  0.02803776], Energy = -108.1667241168524
Minimum 2: Position = [-0.55822362  1.44172586], Energy = -146.69951720995394

Approximate saddle points between minima:
Saddle 1: Position = [-0.89513958  0.50231031], Energy = -35.188383817730525

Computational statistics:
	Total energy calls: 631906
	Energy calls at each min: [1, 5073]
	Total force calls: 631906
	Force calls at each min: [1, 5073]
	Total steps: 666295
	Total Biases: 5000

Verification against reference:
True minima found: 2/3
Missed minima at positions:
[-0.05001082  0.4666941 ]

Verification against reference (saddles):
True saddles found: 0/2
Missed saddles at positions:
[0.21248658 0.29298833]
[-0.82200156  0.6243128 ]
Starting run 1826
Identified minimum at position [0.6234994  0.02803776] with unbiased energy -108.1667241168524
Identified minimum at position [-0.05072253  0.46681964] with unbiased energy -80.76775948691679
Identified minimum at position [-0.55822365  1.44172582] with unbiased energy -146.6995172099539
Simulation completed.


Energies of found minima:
Minimum 1: Position = [0.6234994  0.02803776], Energy = -108.1667241168524
Minimum 2: Position = [-0.05072253  0.46681964], Energy = -80.76775948691679
Minimum 3: Position = [-0.55822365  1.44172582], Energy = -146.6995172099539

Approximate saddle points between minima:
Saddle 1: Position = [0.27481123 0.32531211], Energy = -70.95615214428494
Saddle 2: Position = [-0.21499935  0.02879079], Energy = -27.40644581910721

Computational statistics:
	Total energy calls: 9484
	Energy calls at each min: [1, 1363, 9484]
	Total force calls: 9484
	Force calls at each min: [1, 1363, 9484]
	Total steps: 9975
	Total Biases: 75

Verification against reference:
True minima found: 3/3

Verification against reference (saddles):
True saddles found: 0/2
Missed saddles at positions:
[0.21248658 0.29298833]
[-0.82200156  0.6243128 ]
Starting run 1452
Identified minimum at position [0.6234994  0.02803776] with unbiased energy -108.1667241168524
Identified minimum at position [-0.55822362  1.44172586] with unbiased energy -146.69951720995388
Approximate Hessian has condition number >1e6 and cannot be reliably trusted; reverting to default behavior. 
Eigenvalues: [1.43346426e-02 5.52795636e+05]
Approximate Hessian has condition number >1e6 and cannot be reliably trusted; reverting to default behavior. 
Eigenvalues: [3.15393782e-03 1.60877023e+07]
Approximate Hessian has condition number >1e6 and cannot be reliably trusted; reverting to default behavior. 
Eigenvalues: [2.10296338e-03 3.59697840e+04]
Approximate Hessian has condition number >1e6 and cannot be reliably trusted; reverting to default behavior. 
Eigenvalues: [2.37681986e-03 1.43064888e+06]
Approximate Hessian has condition number >1e6 and cannot be reliably trusted; reverting to default behavior. 
Eigenvalues: [6.69926381e-03 7.09523911e+06]
Approximate Hessian has condition number >1e6 and cannot be reliably trusted; reverting to default behavior. 
Eigenvalues: [1.89262978e-03 8.18090409e+06]
Simulation completed.


Energies of found minima:
Minimum 1: Position = [0.6234994  0.02803776], Energy = -108.1667241168524
Minimum 2: Position = [-0.55822362  1.44172586], Energy = -146.69951720995388

Approximate saddle points between minima:
Saddle 1: Position = [-0.42917788  0.71716338], Energy = -35.63135164309797

Computational statistics:
	Total energy calls: 639340
	Energy calls at each min: [1, 7373]
	Total force calls: 639340
	Force calls at each min: [1, 7373]
	Total steps: 672427
	Total Biases: 5000

Verification against reference:
True minima found: 2/3
Missed minima at positions:
[-0.05001082  0.4666941 ]

Verification against reference (saddles):
True saddles found: 0/2
Missed saddles at positions:
[0.21248658 0.29298833]
[-0.82200156  0.6243128 ]
Starting run 4913
Identified minimum at position [0.6234994  0.02803776] with unbiased energy -108.1667241168524
Identified minimum at position [-0.05004541  0.46670279] with unbiased energy -80.76781797683583
Identified minimum at position [-0.55822364  1.44172584] with unbiased energy -146.69951720995402
Simulation completed.


Energies of found minima:
Minimum 1: Position = [0.6234994  0.02803776], Energy = -108.1667241168524
Minimum 2: Position = [-0.05004541  0.46670279], Energy = -80.76781797683583
Minimum 3: Position = [-0.55822364  1.44172584], Energy = -146.69951720995402

Approximate saddle points between minima:
Saddle 1: Position = [0.20363867 0.27802102], Energy = -72.21860993814234
Saddle 2: Position = [0.35708987 0.65333514], Energy = -26.77653498606277

Computational statistics:
	Total energy calls: 15897
	Energy calls at each min: [1, 1501, 15897]
	Total force calls: 15897
	Force calls at each min: [1, 1501, 15897]
	Total steps: 16748
	Total Biases: 136

Verification against reference:
True minima found: 3/3

Verification against reference (saddles):
True saddles found: 1/2
Missed saddles at positions:
[-0.82200156  0.6243128 ]
Starting run 3632
Identified minimum at position [0.6234994  0.02803776] with unbiased energy -108.1667241168524
Identified minimum at position [-0.05015035  0.4667221 ] with unbiased energy -80.76781581742677
Identified minimum at position [-0.55822364  1.44172584] with unbiased energy -146.69951720995402
Simulation completed.


Energies of found minima:
Minimum 1: Position = [0.6234994  0.02803776], Energy = -108.1667241168524
Minimum 2: Position = [-0.05015035  0.4667221 ], Energy = -80.76781581742677
Minimum 3: Position = [-0.55822364  1.44172584], Energy = -146.69951720995402

Approximate saddle points between minima:
Saddle 1: Position = [0.36314081 0.34850567], Energy = -65.73406047715673
Saddle 2: Position = [-0.20362969  0.01264428], Energy = -26.956335089140712

Computational statistics:
	Total energy calls: 14984
	Energy calls at each min: [1, 2505, 14984]
	Total force calls: 14984
	Force calls at each min: [1, 2505, 14984]
	Total steps: 15784
	Total Biases: 124

Verification against reference:
True minima found: 3/3

Verification against reference (saddles):
True saddles found: 0/2
Missed saddles at positions:
[0.21248658 0.29298833]
[-0.82200156  0.6243128 ]
