Starting run 1115
Identified minimum at position [0.6234994  0.02803776] with unbiased energy -108.16672411685238
Identified minimum at position [-0.0501203   0.46670491] with unbiased energy -80.76781678807635
Identified minimum at position [-0.55822365  1.44172583] with unbiased energy -146.6995172099539
Simulation completed.


Energies of found minima:
Minimum 1: Position = [0.6234994  0.02803776], Energy = -108.16672411685238
Minimum 2: Position = [-0.0501203   0.46670491], Energy = -80.76781678807635
Minimum 3: Position = [-0.55822365  1.44172583], Energy = -146.6995172099539

Approximate saddle points between minima:
Saddle 1: Position = [0.12578754 0.19887643], Energy = -69.23467705421216
Saddle 2: Position = [-0.75948035  0.66107595], Energy = -39.731369388236914

Computational statistics:
	Total energy calls: 3532
	Energy calls at each min: [1, 1621, 3532]
	Total force calls: 3532
	Force calls at each min: [1, 1621, 3532]
	Total steps: 3721
	Total Biases: 30

Verification against reference:
True minima found: 3/3

Verification against reference (saddles):
True saddles found: 0/2
Missed saddles at positions:
[0.21248658 0.29298833]
[-0.82200156  0.6243128 ]
Starting run 4012
Identified minimum at position [0.6234994  0.02803776] with unbiased energy -108.16672411685238
Identified minimum at position [-0.05019863  0.46673294] with unbiased energy -80.76781390862533
Identified minimum at position [-0.55822364  1.44172584] with unbiased energy -146.699517209954
Simulation completed.


Energies of found minima:
Minimum 1: Position = [0.6234994  0.02803776], Energy = -108.16672411685238
Minimum 2: Position = [-0.05019863  0.46673294], Energy = -80.76781390862533
Minimum 3: Position = [-0.55822364  1.44172584], Energy = -146.699517209954

Approximate saddle points between minima:
Saddle 1: Position = [0.19496984 0.2900596 ], Energy = -72.19308375654106
Saddle 2: Position = [-0.25229868  0.0633321 ], Energy = -27.050342658676836

Computational statistics:
	Total energy calls: 10564
	Energy calls at each min: [1, 1092, 10564]
	Total force calls: 10564
	Force calls at each min: [1, 1092, 10564]
	Total steps: 11112
	Total Biases: 85

Verification against reference:
True minima found: 3/3

Verification against reference (saddles):
True saddles found: 1/2
Missed saddles at positions:
[-0.82200156  0.6243128 ]
Starting run 3824
Identified minimum at position [0.6234994  0.02803776] with unbiased energy -108.16672411685238
Identified minimum at position [-0.05067529  0.46695808] with unbiased energy -80.76774090130883
Identified minimum at position [-0.55822362  1.44172585] with unbiased energy -146.69951720995397
Simulation completed.


Energies of found minima:
Minimum 1: Position = [0.6234994  0.02803776], Energy = -108.16672411685238
Minimum 2: Position = [-0.05067529  0.46695808], Energy = -80.76774090130883
Minimum 3: Position = [-0.55822362  1.44172585], Energy = -146.69951720995397

Approximate saddle points between minima:
Saddle 1: Position = [0.11906121 0.06449658], Energy = -67.60334113046353
Saddle 2: Position = [-0.58302381  0.70100659], Energy = -36.2257246694373

Computational statistics:
	Total energy calls: 8285
	Energy calls at each min: [1, 1826, 8285]
	Total force calls: 8285
	Force calls at each min: [1, 1826, 8285]
	Total steps: 8738
	Total Biases: 68

Verification against reference:
True minima found: 3/3

Verification against reference (saddles):
True saddles found: 0/2
Missed saddles at positions:
[0.21248658 0.29298833]
[-0.82200156  0.6243128 ]
Starting run 1582
Identified minimum at position [0.6234994  0.02803776] with unbiased energy -108.16672411685238
Identified minimum at position [-0.05002718  0.46669847] with unbiased energy -80.7678180945422
Identified minimum at position [-0.55822366  1.44172582] with unbiased energy -146.69951720995385
Simulation completed.


Energies of found minima:
Minimum 1: Position = [0.6234994  0.02803776], Energy = -108.16672411685238
Minimum 2: Position = [-0.05002718  0.46669847], Energy = -80.7678180945422
Minimum 3: Position = [-0.55822366  1.44172582], Energy = -146.69951720995385

Approximate saddle points between minima:
Saddle 1: Position = [0.19300796 0.25925486], Energy = -72.11248223246179
Saddle 2: Position = [-0.12849125 -0.10081987], Energy = -19.694960496768545

Computational statistics:
	Total energy calls: 11504
	Energy calls at each min: [1, 1305, 11504]
	Total force calls: 11504
	Force calls at each min: [1, 1305, 11504]
	Total steps: 12098
	Total Biases: 91

Verification against reference:
True minima found: 3/3

Verification against reference (saddles):
True saddles found: 1/2
Missed saddles at positions:
[-0.82200156  0.6243128 ]
Starting run 4273
Identified minimum at position [0.6234994  0.02803776] with unbiased energy -108.16672411685238
Identified minimum at position [-0.05001155  0.46669422] with unbiased energy -80.76781812959916
Identified minimum at position [-0.55822362  1.44172585] with unbiased energy -146.69951720995394
Simulation completed.


Energies of found minima:
Minimum 1: Position = [0.6234994  0.02803776], Energy = -108.16672411685238
Minimum 2: Position = [-0.05001155  0.46669422], Energy = -80.76781812959916
Minimum 3: Position = [-0.55822362  1.44172585], Energy = -146.69951720995394

Approximate saddle points between minima:
Saddle 1: Position = [0.14774259 0.17823849], Energy = -70.78884427095227
Saddle 2: Position = [-0.74922795  0.6797669 ], Energy = -38.901870469898924

Computational statistics:
	Total energy calls: 7930
	Energy calls at each min: [1, 2728, 7930]
	Total force calls: 7930
	Force calls at each min: [1, 2728, 7930]
	Total steps: 8352
	Total Biases: 69

Verification against reference:
True minima found: 3/3

Verification against reference (saddles):
True saddles found: 0/2
Missed saddles at positions:
[0.21248658 0.29298833]
[-0.82200156  0.6243128 ]
Starting run 3496
Identified minimum at position [0.6234994  0.02803776] with unbiased energy -108.16672411685238
Identified minimum at position [-0.05012734  0.46671744] with unbiased energy -80.76781651781894
Identified minimum at position [-0.55822365  1.44172583] with unbiased energy -146.6995172099539
Simulation completed.


Energies of found minima:
Minimum 1: Position = [0.6234994  0.02803776], Energy = -108.16672411685238
Minimum 2: Position = [-0.05012734  0.46671744], Energy = -80.76781651781894
Minimum 3: Position = [-0.55822365  1.44172583], Energy = -146.6995172099539

Approximate saddle points between minima:
Saddle 1: Position = [0.12263435 0.15632968], Energy = -68.98527969779238
Saddle 2: Position = [-0.88045159  0.52899176], Energy = -37.33754777364757

Computational statistics:
	Total energy calls: 11354
	Energy calls at each min: [1, 1208, 11354]
	Total force calls: 11354
	Force calls at each min: [1, 1208, 11354]
	Total steps: 11958
	Total Biases: 93

Verification against reference:
True minima found: 3/3

Verification against reference (saddles):
True saddles found: 0/2
Missed saddles at positions:
[0.21248658 0.29298833]
[-0.82200156  0.6243128 ]
Starting run 1692
Identified minimum at position [0.6234994  0.02803776] with unbiased energy -108.16672411685238
Identified minimum at position [-0.05008653  0.46671379] with unbiased energy -80.76781738608071
Approximate Hessian has condition number >1e6 and cannot be reliably trusted; reverting to default behavior. 
Eigenvalues: [7.12771044e-03 4.32640482e+06]
Identified minimum at position [-0.55822362  1.44172585] with unbiased energy -146.69951720995397
Simulation completed.


Energies of found minima:
Minimum 1: Position = [0.6234994  0.02803776], Energy = -108.16672411685238
Minimum 2: Position = [-0.05008653  0.46671379], Energy = -80.76781738608071
Minimum 3: Position = [-0.55822362  1.44172585], Energy = -146.69951720995397

Approximate saddle points between minima:
Saddle 1: Position = [0.09711762 0.1057722 ], Energy = -66.23760521111927
Saddle 2: Position = [0.40848103 0.58832532], Energy = -34.884564938524335

Computational statistics:
	Total energy calls: 12640
	Energy calls at each min: [1, 2377, 12640]
	Total force calls: 12640
	Force calls at each min: [1, 2377, 12640]
	Total steps: 13303
	Total Biases: 105

Verification against reference:
True minima found: 3/3

Verification against reference (saddles):
True saddles found: 0/2
Missed saddles at positions:
[0.21248658 0.29298833]
[-0.82200156  0.6243128 ]
Starting run 4471
Identified minimum at position [0.6234994  0.02803776] with unbiased energy -108.16672411685238
Identified minimum at position [-0.05009611  0.46671242] with unbiased energy -80.76781725024577
Identified minimum at position [-0.55822365  1.44172583] with unbiased energy -146.6995172099539
Simulation completed.


Energies of found minima:
Minimum 1: Position = [0.6234994  0.02803776], Energy = -108.16672411685238
Minimum 2: Position = [-0.05009611  0.46671242], Energy = -80.76781725024577
Minimum 3: Position = [-0.55822365  1.44172583], Energy = -146.6995172099539

Approximate saddle points between minima:
Saddle 1: Position = [ 0.83031121 -0.10724704], Energy = -65.03344250876714
Saddle 2: Position = [-0.12332864  0.73266125], Energy = -34.18173047199352

Computational statistics:
	Total energy calls: 6599
	Energy calls at each min: [1, 1512, 6599]
	Total force calls: 6599
	Force calls at each min: [1, 1512, 6599]
	Total steps: 6956
	Total Biases: 52

Verification against reference:
True minima found: 3/3

Verification against reference (saddles):
True saddles found: 0/2
Missed saddles at positions:
[0.21248658 0.29298833]
[-0.82200156  0.6243128 ]
Starting run 4152
Identified minimum at position [0.6234994  0.02803776] with unbiased energy -108.16672411685238
Identified minimum at position [-0.05035864  0.46678071] with unbiased energy -80.76780272632419
Identified minimum at position [-0.55822362  1.44172586] with unbiased energy -146.6995172099539
Simulation completed.


Energies of found minima:
Minimum 1: Position = [0.6234994  0.02803776], Energy = -108.16672411685238
Minimum 2: Position = [-0.05035864  0.46678071], Energy = -80.76780272632419
Minimum 3: Position = [-0.55822362  1.44172586], Energy = -146.6995172099539

Approximate saddle points between minima:
Saddle 1: Position = [0.14573199 0.03466747], Energy = -69.30675973070026
Saddle 2: Position = [-0.13424265 -0.01798497], Energy = -30.9254634754199

Computational statistics:
	Total energy calls: 18840
	Energy calls at each min: [1, 1691, 18840]
	Total force calls: 18840
	Force calls at each min: [1, 1691, 18840]
	Total steps: 19857
	Total Biases: 153

Verification against reference:
True minima found: 3/3

Verification against reference (saddles):
True saddles found: 0/2
Missed saddles at positions:
[0.21248658 0.29298833]
[-0.82200156  0.6243128 ]
Starting run 4863
Identified minimum at position [0.6234994  0.02803776] with unbiased energy -108.16672411685238
Identified minimum at position [-0.05010724  0.46672117] with unbiased energy -80.76781687663447
Identified minimum at position [-0.55822365  1.44172583] with unbiased energy -146.69951720995397
Simulation completed.


Energies of found minima:
Minimum 1: Position = [0.6234994  0.02803776], Energy = -108.16672411685238
Minimum 2: Position = [-0.05010724  0.46672117], Energy = -80.76781687663447
Minimum 3: Position = [-0.55822365  1.44172583], Energy = -146.69951720995397

Approximate saddle points between minima:
Saddle 1: Position = [0.13965941 0.24300368], Energy = -70.3821760576964
Saddle 2: Position = [0.79807744 0.28599083], Energy = -22.830211974592686

Computational statistics:
	Total energy calls: 7025
	Energy calls at each min: [1, 1243, 7025]
	Total force calls: 7025
	Force calls at each min: [1, 1243, 7025]
	Total steps: 7395
	Total Biases: 55

Verification against reference:
True minima found: 3/3

Verification against reference (saddles):
True saddles found: 0/2
Missed saddles at positions:
[0.21248658 0.29298833]
[-0.82200156  0.6243128 ]
Starting run 4862
Identified minimum at position [0.6234994  0.02803776] with unbiased energy -108.16672411685238
Identified minimum at position [-0.05001536  0.46669565] with unbiased energy -80.76781812651555
Approximate Hessian has condition number >1e6 and cannot be reliably trusted; reverting to default behavior. 
Eigenvalues: [5.90788176e-04 6.69830230e+02]
Identified minimum at position [-0.55822365  1.44172582] with unbiased energy -146.6995172099539
Simulation completed.


Energies of found minima:
Minimum 1: Position = [0.6234994  0.02803776], Energy = -108.16672411685238
Minimum 2: Position = [-0.05001536  0.46669565], Energy = -80.76781812651555
Minimum 3: Position = [-0.55822365  1.44172582], Energy = -146.6995172099539

Approximate saddle points between minima:
Saddle 1: Position = [0.31154722 0.28061119], Energy = -71.94755164259992
Saddle 2: Position = [-0.40391159  0.16655693], Energy = -25.839777629029715

Computational statistics:
	Total energy calls: 8621
	Energy calls at each min: [1, 1238, 8621]
	Total force calls: 8621
	Force calls at each min: [1, 1238, 8621]
	Total steps: 9082
	Total Biases: 67

Verification against reference:
True minima found: 3/3

Verification against reference (saddles):
True saddles found: 0/2
Missed saddles at positions:
[0.21248658 0.29298833]
[-0.82200156  0.6243128 ]
Starting run 4672
Identified minimum at position [0.6234994  0.02803776] with unbiased energy -108.16672411685238
Identified minimum at position [-0.05001605  0.46669539] with unbiased energy -80.76781812620358
Identified minimum at position [-0.55822365  1.44172583] with unbiased energy -146.69951720995394
Simulation completed.


Energies of found minima:
Minimum 1: Position = [0.6234994  0.02803776], Energy = -108.16672411685238
Minimum 2: Position = [-0.05001605  0.46669539], Energy = -80.76781812620358
Minimum 3: Position = [-0.55822365  1.44172583], Energy = -146.69951720995394

Approximate saddle points between minima:
Saddle 1: Position = [0.15335258 0.25354064], Energy = -71.02149220875734
Saddle 2: Position = [0.22780544 0.68217011], Energy = -32.585928211695986

Computational statistics:
	Total energy calls: 9706
	Energy calls at each min: [1, 955, 9706]
	Total force calls: 9706
	Force calls at each min: [1, 955, 9706]
	Total steps: 10225
	Total Biases: 82

Verification against reference:
True minima found: 3/3

Verification against reference (saddles):
True saddles found: 0/2
Missed saddles at positions:
[0.21248658 0.29298833]
[-0.82200156  0.6243128 ]
Starting run 1834
Identified minimum at position [0.6234994  0.02803776] with unbiased energy -108.16672411685238
Identified minimum at position [-0.05007743  0.46671451] with unbiased energy -80.76781750016603
Identified minimum at position [-0.55822362  1.44172585] with unbiased energy -146.6995172099539
Simulation completed.


Energies of found minima:
Minimum 1: Position = [0.6234994  0.02803776], Energy = -108.16672411685238
Minimum 2: Position = [-0.05007743  0.46671451], Energy = -80.76781750016603
Minimum 3: Position = [-0.55822362  1.44172585], Energy = -146.6995172099539

Approximate saddle points between minima:
Saddle 1: Position = [ 0.95278213 -0.03344256], Energy = -63.47544006770423
Saddle 2: Position = [-0.43204354  0.26827549], Energy = -39.71661567450581

Computational statistics:
	Total energy calls: 8158
	Energy calls at each min: [1, 2216, 8158]
	Total force calls: 8158
	Force calls at each min: [1, 2216, 8158]
	Total steps: 8587
	Total Biases: 67

Verification against reference:
True minima found: 3/3

Verification against reference (saddles):
True saddles found: 0/2
Missed saddles at positions:
[0.21248658 0.29298833]
[-0.82200156  0.6243128 ]
Starting run 2771
Identified minimum at position [0.6234994  0.02803776] with unbiased energy -108.16672411685238
Identified minimum at position [-0.05004559  0.46670009] with unbiased energy -80.76781799023114
Approximate Hessian has condition number >1e6 and cannot be reliably trusted; reverting to default behavior. 
Eigenvalues: [6.91176843e-04 6.21645316e+05]
Identified minimum at position [-0.55822363  1.44172584] with unbiased energy -146.69951720995402
Simulation completed.


Energies of found minima:
Minimum 1: Position = [0.6234994  0.02803776], Energy = -108.16672411685238
Minimum 2: Position = [-0.05004559  0.46670009], Energy = -80.76781799023114
Minimum 3: Position = [-0.55822363  1.44172584], Energy = -146.69951720995402

Approximate saddle points between minima:
Saddle 1: Position = [0.24091487 0.32671365], Energy = -71.86939339691102
Saddle 2: Position = [-0.76388218  0.39373942], Energy = -34.1547958456913

Computational statistics:
	Total energy calls: 7669
	Energy calls at each min: [1, 1498, 7669]
	Total force calls: 7669
	Force calls at each min: [1, 1498, 7669]
	Total steps: 8083
	Total Biases: 67

Verification against reference:
True minima found: 3/3

Verification against reference (saddles):
True saddles found: 1/2
Missed saddles at positions:
[-0.82200156  0.6243128 ]
Starting run 913
Identified minimum at position [0.6234994  0.02803776] with unbiased energy -108.16672411685238
Identified minimum at position [-0.05001985  0.46669569] with unbiased energy -80.76781812024167
Identified minimum at position [-0.55822364  1.44172584] with unbiased energy -146.699517209954
Simulation completed.


Energies of found minima:
Minimum 1: Position = [0.6234994  0.02803776], Energy = -108.16672411685238
Minimum 2: Position = [-0.05001985  0.46669569], Energy = -80.76781812024167
Minimum 3: Position = [-0.55822364  1.44172584], Energy = -146.699517209954

Approximate saddle points between minima:
Saddle 1: Position = [0.1769363  0.28052142], Energy = -71.92315212785313
Saddle 2: Position = [-0.15832494  0.01050844], Energy = -31.44975162458222

Computational statistics:
	Total energy calls: 15966
	Energy calls at each min: [1, 2175, 15966]
	Total force calls: 15966
	Force calls at each min: [1, 2175, 15966]
	Total steps: 16802
	Total Biases: 136

Verification against reference:
True minima found: 3/3

Verification against reference (saddles):
True saddles found: 1/2
Missed saddles at positions:
[-0.82200156  0.6243128 ]
Starting run 2338
Identified minimum at position [0.6234994  0.02803776] with unbiased energy -108.16672411685238
Identified minimum at position [-0.05024299  0.46676187] with unbiased energy -80.76781070390226
Identified minimum at position [-0.55822363  1.44172585] with unbiased energy -146.699517209954
Simulation completed.


Energies of found minima:
Minimum 1: Position = [0.6234994  0.02803776], Energy = -108.16672411685238
Minimum 2: Position = [-0.05024299  0.46676187], Energy = -80.76781070390226
Minimum 3: Position = [-0.55822363  1.44172585], Energy = -146.699517209954

Approximate saddle points between minima:
Saddle 1: Position = [0.36380609 0.30510878], Energy = -68.72518290911341
Saddle 2: Position = [-0.83083248  0.59504172], Energy = -40.50433390518937

Computational statistics:
	Total energy calls: 5575
	Energy calls at each min: [1, 1572, 5575]
	Total force calls: 5575
	Force calls at each min: [1, 1572, 5575]
	Total steps: 5865
	Total Biases: 47

Verification against reference:
True minima found: 3/3

Verification against reference (saddles):
True saddles found: 1/2
Missed saddles at positions:
[0.21248658 0.29298833]
Starting run 3969
Identified minimum at position [0.6234994  0.02803776] with unbiased energy -108.16672411685238
Identified minimum at position [-0.05002428  0.46669673] with unbiased energy -80.76781810827907
Identified minimum at position [-0.55822362  1.44172586] with unbiased energy -146.6995172099539
Simulation completed.


Energies of found minima:
Minimum 1: Position = [0.6234994  0.02803776], Energy = -108.16672411685238
Minimum 2: Position = [-0.05002428  0.46669673], Energy = -80.76781810827907
Minimum 3: Position = [-0.55822362  1.44172586], Energy = -146.6995172099539

Approximate saddle points between minima:
Saddle 1: Position = [0.32262775 0.28392035], Energy = -71.54823838966976
Saddle 2: Position = [-0.85084852  0.6186182 ], Energy = -40.658837194724555

Computational statistics:
	Total energy calls: 8911
	Energy calls at each min: [1, 1821, 8911]
	Total force calls: 8911
	Force calls at each min: [1, 1821, 8911]
	Total steps: 9370
	Total Biases: 78

Verification against reference:
True minima found: 3/3

Verification against reference (saddles):
True saddles found: 1/2
Missed saddles at positions:
[0.21248658 0.29298833]
Starting run 1165
Identified minimum at position [0.6234994  0.02803776] with unbiased energy -108.16672411685238
Identified minimum at position [-0.55822363  1.44172585] with unbiased energy -146.699517209954
Approximate Hessian has condition number >1e6 and cannot be reliably trusted; reverting to default behavior. 
Eigenvalues: [9.38844401e-03 4.43100746e+07]
Approximate Hessian has condition number >1e6 and cannot be reliably trusted; reverting to default behavior. 
Eigenvalues: [3.05896578e-03 6.08292756e+06]
Approximate Hessian has condition number >1e6 and cannot be reliably trusted; reverting to default behavior. 
Eigenvalues: [4.47034836e-08 2.11527469e+08]
Approximate Hessian has condition number >1e6 and cannot be reliably trusted; reverting to default behavior. 
Eigenvalues: [1.49364522e-03 1.82399664e+03]
Approximate Hessian has condition number >1e6 and cannot be reliably trusted; reverting to default behavior. 
Eigenvalues: [1.00620516e-03 3.89240680e+06]
Approximate Hessian has condition number >1e6 and cannot be reliably trusted; reverting to default behavior. 
Eigenvalues: [1.90725923e-03 8.74717419e+08]
Approximate Hessian has condition number >1e6 and cannot be reliably trusted; reverting to default behavior. 
Eigenvalues: [1.19877222e-06 7.10319065e+07]
Approximate Hessian has condition number >1e6 and cannot be reliably trusted; reverting to default behavior. 
Eigenvalues: [2.02113163e-03 6.58066743e+06]
Approximate Hessian has condition number >1e6 and cannot be reliably trusted; reverting to default behavior. 
Eigenvalues: [1.19325705e-05 1.80119682e+07]
Simulation completed.


Energies of found minima:
Minimum 1: Position = [0.6234994  0.02803776], Energy = -108.16672411685238
Minimum 2: Position = [-0.55822363  1.44172585], Energy = -146.699517209954

Approximate saddle points between minima:
Saddle 1: Position = [-0.79616924  0.66039767], Energy = -40.22286936356686

Computational statistics:
	Total energy calls: 634527
	Energy calls at each min: [1, 6424]
	Total force calls: 634527
	Force calls at each min: [1, 6424]
	Total steps: 666659
	Total Biases: 5000

Verification against reference:
True minima found: 2/3
Missed minima at positions:
[-0.05001082  0.4666941 ]

Verification against reference (saddles):
True saddles found: 1/2
Missed saddles at positions:
[0.21248658 0.29298833]
Starting run 4126
Identified minimum at position [0.6234994  0.02803776] with unbiased energy -108.16672411685238
Identified minimum at position [-0.05002098  0.46669913] with unbiased energy -80.76781810659891
Approximate Hessian has condition number >1e6 and cannot be reliably trusted; reverting to default behavior. 
Eigenvalues: [6.88741153e-04 4.86053122e+03]
Identified minimum at position [-0.55822362  1.44172586] with unbiased energy -146.69951720995394
Simulation completed.


Energies of found minima:
Minimum 1: Position = [0.6234994  0.02803776], Energy = -108.16672411685238
Minimum 2: Position = [-0.05002098  0.46669913], Energy = -80.76781810659891
Minimum 3: Position = [-0.55822362  1.44172586], Energy = -146.69951720995394

Approximate saddle points between minima:
Saddle 1: Position = [0.24539204 0.30309793], Energy = -71.97889915340672
Saddle 2: Position = [-0.83850435  0.63479047], Energy = -40.806633926594756

Computational statistics:
	Total energy calls: 9415
	Energy calls at each min: [1, 1653, 9415]
	Total force calls: 9415
	Force calls at each min: [1, 1653, 9415]
	Total steps: 9897
	Total Biases: 73

Verification against reference:
True minima found: 3/3

Verification against reference (saddles):
True saddles found: 2/2
Starting run 3365
Identified minimum at position [0.6234994  0.02803776] with unbiased energy -108.16672411685238
Identified minimum at position [-0.05002456  0.46669771] with unbiased energy -80.76781810507052
Identified minimum at position [-0.55822362  1.44172585] with unbiased energy -146.69951720995397
Simulation completed.


Energies of found minima:
Minimum 1: Position = [0.6234994  0.02803776], Energy = -108.16672411685238
Minimum 2: Position = [-0.05002456  0.46669771], Energy = -80.76781810507052
Minimum 3: Position = [-0.55822362  1.44172585], Energy = -146.69951720995397

Approximate saddle points between minima:
Saddle 1: Position = [0.13979841 0.28823165], Energy = -71.57154944024413
Saddle 2: Position = [-0.82142158  0.61800821], Energy = -40.66738693056021

Computational statistics:
	Total energy calls: 6622
	Energy calls at each min: [1, 1179, 6622]
	Total force calls: 6622
	Force calls at each min: [1, 1179, 6622]
	Total steps: 6962
	Total Biases: 58

Verification against reference:
True minima found: 3/3

Verification against reference (saddles):
True saddles found: 1/2
Missed saddles at positions:
[0.21248658 0.29298833]
Starting run 2305
Identified minimum at position [0.6234994  0.02803776] with unbiased energy -108.16672411685238
Identified minimum at position [-0.05003933  0.46670065] with unbiased energy -80.76781802933172
Identified minimum at position [-0.55822362  1.44172586] with unbiased energy -146.6995172099539
Simulation completed.


Energies of found minima:
Minimum 1: Position = [0.6234994  0.02803776], Energy = -108.16672411685238
Minimum 2: Position = [-0.05003933  0.46670065], Energy = -80.76781802933172
Minimum 3: Position = [-0.55822362  1.44172586], Energy = -146.6995172099539

Approximate saddle points between minima:
Saddle 1: Position = [0.18521326 0.26562504], Energy = -71.94056863351452
Saddle 2: Position = [-0.83682277  0.61753126], Energy = -40.62920662534218

Computational statistics:
	Total energy calls: 11963
	Energy calls at each min: [1, 1160, 11963]
	Total force calls: 11963
	Force calls at each min: [1, 1160, 11963]
	Total steps: 12576
	Total Biases: 100

Verification against reference:
True minima found: 3/3

Verification against reference (saddles):
True saddles found: 2/2
Starting run 2719
Identified minimum at position [0.6234994  0.02803776] with unbiased energy -108.16672411685238
Identified minimum at position [-0.05001944  0.46669627] with unbiased energy -80.76781812018129
Identified minimum at position [-0.55822362  1.44172586] with unbiased energy -146.69951720995385
Simulation completed.


Energies of found minima:
Minimum 1: Position = [0.6234994  0.02803776], Energy = -108.16672411685238
Minimum 2: Position = [-0.05001944  0.46669627], Energy = -80.76781812018129
Minimum 3: Position = [-0.55822362  1.44172586], Energy = -146.69951720995385

Approximate saddle points between minima:
Saddle 1: Position = [0.21445268 0.3064394 ], Energy = -72.27092014295147
Saddle 2: Position = [-0.60864307  0.32047847], Energy = -35.81504010447125

Computational statistics:
	Total energy calls: 12430
	Energy calls at each min: [1, 1470, 12430]
	Total force calls: 12430
	Force calls at each min: [1, 1470, 12430]
	Total steps: 13069
	Total Biases: 99

Verification against reference:
True minima found: 3/3

Verification against reference (saddles):
True saddles found: 1/2
Missed saddles at positions:
[-0.82200156  0.6243128 ]
Starting run 4856
Identified minimum at position [0.6234994  0.02803776] with unbiased energy -108.16672411685238
Identified minimum at position [-0.05001093  0.46669412] with unbiased energy -80.7678181296577
Identified minimum at position [-0.55822364  1.44172584] with unbiased energy -146.699517209954
Simulation completed.


Energies of found minima:
Minimum 1: Position = [0.6234994  0.02803776], Energy = -108.16672411685238
Minimum 2: Position = [-0.05001093  0.46669412], Energy = -80.7678181296577
Minimum 3: Position = [-0.55822364  1.44172584], Energy = -146.699517209954

Approximate saddle points between minima:
Saddle 1: Position = [0.14725745 0.29592125], Energy = -71.94254903939796
Saddle 2: Position = [-0.32369507  0.15335655], Energy = -30.289199939575152

Computational statistics:
	Total energy calls: 9306
	Energy calls at each min: [1, 1703, 9306]
	Total force calls: 9306
	Force calls at each min: [1, 1703, 9306]
	Total steps: 9814
	Total Biases: 77

Verification against reference:
True minima found: 3/3

Verification against reference (saddles):
True saddles found: 0/2
Missed saddles at positions:
[0.21248658 0.29298833]
[-0.82200156  0.6243128 ]
Starting run 1607
Identified minimum at position [0.6234994  0.02803776] with unbiased energy -108.16672411685238
Identified minimum at position [-0.55822364  1.44172584] with unbiased energy -146.69951720995402
Approximate Hessian has condition number >1e6 and cannot be reliably trusted; reverting to default behavior. 
Eigenvalues: [1.23184745e-03 1.29221564e+06]
Approximate Hessian has condition number >1e6 and cannot be reliably trusted; reverting to default behavior. 
Eigenvalues: [8.78769977e-04 1.06467612e+06]
Approximate Hessian has condition number >1e6 and cannot be reliably trusted; reverting to default behavior. 
Eigenvalues: [2.82971663e-03 1.12116629e+06]
Simulation completed.


Energies of found minima:
Minimum 1: Position = [0.6234994  0.02803776], Energy = -108.16672411685238
Minimum 2: Position = [-0.55822364  1.44172584], Energy = -146.69951720995402

Approximate saddle points between minima:
Saddle 1: Position = [-0.84801873  0.61138297], Energy = -40.53928262595478

Computational statistics:
	Total energy calls: 637196
	Energy calls at each min: [1, 1921]
	Total force calls: 637196
	Force calls at each min: [1, 1921]
	Total steps: 670184
	Total Biases: 5000

Verification against reference:
True minima found: 2/3
Missed minima at positions:
[-0.05001082  0.4666941 ]

Verification against reference (saddles):
True saddles found: 1/2
Missed saddles at positions:
[0.21248658 0.29298833]
Starting run 2113
Identified minimum at position [0.6234994  0.02803776] with unbiased energy -108.16672411685238
Identified minimum at position [-0.05010177  0.46671659] with unbiased energy -80.76781707970393
Identified minimum at position [-0.55822365  1.44172583] with unbiased energy -146.69951720995394
Simulation completed.


Energies of found minima:
Minimum 1: Position = [0.6234994  0.02803776], Energy = -108.16672411685238
Minimum 2: Position = [-0.05010177  0.46671659], Energy = -80.76781707970393
Minimum 3: Position = [-0.55822365  1.44172583], Energy = -146.69951720995394

Approximate saddle points between minima:
Saddle 1: Position = [0.2465839 0.3195968], Energy = -71.78067063221354
Saddle 2: Position = [-0.15159498  0.06331754], Energy = -37.04654956233608

Computational statistics:
	Total energy calls: 7898
	Energy calls at each min: [1, 1584, 7898]
	Total force calls: 7898
	Force calls at each min: [1, 1584, 7898]
	Total steps: 8316
	Total Biases: 67

Verification against reference:
True minima found: 3/3

Verification against reference (saddles):
True saddles found: 1/2
Missed saddles at positions:
[-0.82200156  0.6243128 ]
Starting run 3648
Identified minimum at position [0.6234994  0.02803776] with unbiased energy -108.16672411685238
Identified minimum at position [-0.05011482  0.46671957] with unbiased energy -80.76781676195897
Identified minimum at position [-0.55822365  1.44172583] with unbiased energy -146.6995172099539
Simulation completed.


Energies of found minima:
Minimum 1: Position = [0.6234994  0.02803776], Energy = -108.16672411685238
Minimum 2: Position = [-0.05011482  0.46671957], Energy = -80.76781676195897
Minimum 3: Position = [-0.55822365  1.44172583], Energy = -146.6995172099539

Approximate saddle points between minima:
Saddle 1: Position = [0.40662222 0.33235628], Energy = -63.993802891595166
Saddle 2: Position = [-0.41872603  0.24917815], Energy = -37.39811431175774

Computational statistics:
	Total energy calls: 7240
	Energy calls at each min: [1, 1793, 7240]
	Total force calls: 7240
	Force calls at each min: [1, 1793, 7240]
	Total steps: 7630
	Total Biases: 61

Verification against reference:
True minima found: 3/3

Verification against reference (saddles):
True saddles found: 0/2
Missed saddles at positions:
[0.21248658 0.29298833]
[-0.82200156  0.6243128 ]
