Starting run 5011
Identified minimum at position [0.6234994  0.02803776] with unbiased energy -108.16672411685238
Identified minimum at position [-0.0500156   0.46669597] with unbiased energy -80.7678181257469
Identified minimum at position [-0.55822365  1.44172583] with unbiased energy -146.69951720995394
Simulation completed.


Energies of found minima:
Minimum 1: Position = [0.6234994  0.02803776], Energy = -108.16672411685238
Minimum 2: Position = [-0.0500156   0.46669597], Energy = -80.7678181257469
Minimum 3: Position = [-0.55822365  1.44172583], Energy = -146.69951720995394

Approximate saddle points between minima:
Saddle 1: Position = [0.2455144 0.2927905], Energy = -72.14180475383935
Saddle 2: Position = [-0.84822197  0.51154056], Energy = -37.83231885212872

Computational statistics:
	Total energy calls: 9422
	Energy calls at each min: [1, 2004, 9422]
	Total force calls: 9422
	Force calls at each min: [1, 2004, 9422]
	Total steps: 9910
	Total Biases: 80

Verification against reference:
True minima found: 3/3

Verification against reference (saddles):
True saddles found: 1/2
Missed saddles at positions:
[-0.82200156  0.6243128 ]
Starting run 4387
Identified minimum at position [0.6234994  0.02803776] with unbiased energy -108.16672411685238
Identified minimum at position [-0.05078694  0.46684361] with unbiased energy -80.7677472345974
Identified minimum at position [-0.55822364  1.44172583] with unbiased energy -146.69951720995397
Simulation completed.


Energies of found minima:
Minimum 1: Position = [0.6234994  0.02803776], Energy = -108.16672411685238
Minimum 2: Position = [-0.05078694  0.46684361], Energy = -80.7677472345974
Minimum 3: Position = [-0.55822364  1.44172583], Energy = -146.69951720995397

Approximate saddle points between minima:
Saddle 1: Position = [0.10431688 0.11839902], Energy = -67.15634735272107
Saddle 2: Position = [-0.83186453  0.57293187], Energy = -40.26257637723157

Computational statistics:
	Total energy calls: 6358
	Energy calls at each min: [1, 1979, 6358]
	Total force calls: 6358
	Force calls at each min: [1, 1979, 6358]
	Total steps: 6692
	Total Biases: 54

Verification against reference:
True minima found: 3/3

Verification against reference (saddles):
True saddles found: 0/2
Missed saddles at positions:
[0.21248658 0.29298833]
[-0.82200156  0.6243128 ]
Starting run 930
Identified minimum at position [0.6234994  0.02803776] with unbiased energy -108.16672411685238
Identified minimum at position [-0.0504126   0.46679648] with unbiased energy -80.76779737193331
Identified minimum at position [-0.55822362  1.44172585] with unbiased energy -146.699517209954
Simulation completed.


Energies of found minima:
Minimum 1: Position = [0.6234994  0.02803776], Energy = -108.16672411685238
Minimum 2: Position = [-0.0504126   0.46679648], Energy = -80.76779737193331
Minimum 3: Position = [-0.55822362  1.44172585], Energy = -146.699517209954

Approximate saddle points between minima:
Saddle 1: Position = [0.24194108 0.34011099], Energy = -71.81693799017125
Saddle 2: Position = [-0.73163086  0.71343381], Energy = -37.187057709358044

Computational statistics:
	Total energy calls: 8442
	Energy calls at each min: [1, 1212, 8442]
	Total force calls: 8442
	Force calls at each min: [1, 1212, 8442]
	Total steps: 8882
	Total Biases: 72

Verification against reference:
True minima found: 3/3

Verification against reference (saddles):
True saddles found: 0/2
Missed saddles at positions:
[0.21248658 0.29298833]
[-0.82200156  0.6243128 ]
Starting run 488
Identified minimum at position [0.6234994  0.02803776] with unbiased energy -108.16672411685238
Identified minimum at position [-0.05001085  0.46669411] with unbiased energy -80.7678181296589
Identified minimum at position [-0.55822365  1.44172582] with unbiased energy -146.69951720995388
Simulation completed.


Energies of found minima:
Minimum 1: Position = [0.6234994  0.02803776], Energy = -108.16672411685238
Minimum 2: Position = [-0.05001085  0.46669411], Energy = -80.7678181296589
Minimum 3: Position = [-0.55822365  1.44172582], Energy = -146.69951720995388

Approximate saddle points between minima:
Saddle 1: Position = [0.28411978 0.28605313], Energy = -72.00596479638038
Saddle 2: Position = [-0.16117712  0.74066272], Energy = -32.34411916840014

Computational statistics:
	Total energy calls: 6189
	Energy calls at each min: [1, 1271, 6189]
	Total force calls: 6189
	Force calls at each min: [1, 1271, 6189]
	Total steps: 6524
	Total Biases: 53

Verification against reference:
True minima found: 3/3

Verification against reference (saddles):
True saddles found: 0/2
Missed saddles at positions:
[0.21248658 0.29298833]
[-0.82200156  0.6243128 ]
Starting run 1926
Identified minimum at position [0.6234994  0.02803776] with unbiased energy -108.16672411685238
Identified minimum at position [-0.0517724   0.46709201] with unbiased energy -80.76743688327328
Identified minimum at position [-0.55822362  1.44172585] with unbiased energy -146.69951720995397
Simulation completed.


Energies of found minima:
Minimum 1: Position = [0.6234994  0.02803776], Energy = -108.16672411685238
Minimum 2: Position = [-0.0517724   0.46709201], Energy = -80.76743688327328
Minimum 3: Position = [-0.55822362  1.44172585], Energy = -146.69951720995397

Approximate saddle points between minima:
Saddle 1: Position = [0.23201866 0.3087504 ], Energy = -72.09484465214737
Saddle 2: Position = [-0.82422884  0.61445508], Energy = -40.65244496068792

Computational statistics:
	Total energy calls: 7766
	Energy calls at each min: [1, 1689, 7766]
	Total force calls: 7766
	Force calls at each min: [1, 1689, 7766]
	Total steps: 8156
	Total Biases: 63

Verification against reference:
True minima found: 2/3
Missed minima at positions:
[-0.05001082  0.4666941 ]

Verification against reference (saddles):
True saddles found: 2/2
Starting run 1584
Identified minimum at position [0.6234994  0.02803776] with unbiased energy -108.16672411685238
Identified minimum at position [-0.05257426  0.46721704] with unbiased energy -80.76703415026863
Identified minimum at position [-0.55822362  1.44172586] with unbiased energy -146.69951720995394
Simulation completed.


Energies of found minima:
Minimum 1: Position = [0.6234994  0.02803776], Energy = -108.16672411685238
Minimum 2: Position = [-0.05257426  0.46721704], Energy = -80.76703415026863
Minimum 3: Position = [-0.55822362  1.44172586], Energy = -146.69951720995394

Approximate saddle points between minima:
Saddle 1: Position = [0.12770695 0.0325351 ], Energy = -66.97311445235184
Saddle 2: Position = [0.59766216 0.43236507], Energy = -27.94870192161285

Computational statistics:
	Total energy calls: 16061
	Energy calls at each min: [1, 2090, 16061]
	Total force calls: 16061
	Force calls at each min: [1, 2090, 16061]
	Total steps: 16923
	Total Biases: 128

Verification against reference:
True minima found: 2/3
Missed minima at positions:
[-0.05001082  0.4666941 ]

Verification against reference (saddles):
True saddles found: 0/2
Missed saddles at positions:
[0.21248658 0.29298833]
[-0.82200156  0.6243128 ]
Starting run 1365
Identified minimum at position [0.6234994  0.02803776] with unbiased energy -108.16672411685238
Identified minimum at position [-0.05003591  0.46669869] with unbiased energy -80.76781805636658
Identified minimum at position [-0.55822362  1.44172586] with unbiased energy -146.69951720995388
Simulation completed.


Energies of found minima:
Minimum 1: Position = [0.6234994  0.02803776], Energy = -108.16672411685238
Minimum 2: Position = [-0.05003591  0.46669869], Energy = -80.76781805636658
Minimum 3: Position = [-0.55822362  1.44172586], Energy = -146.69951720995388

Approximate saddle points between minima:
Saddle 1: Position = [0.1721386  0.30266721], Energy = -72.31367358236969
Saddle 2: Position = [-0.70538511  0.36249048], Energy = -34.70675018922111

Computational statistics:
	Total energy calls: 9010
	Energy calls at each min: [1, 1262, 9010]
	Total force calls: 9010
	Force calls at each min: [1, 1262, 9010]
	Total steps: 9490
	Total Biases: 74

Verification against reference:
True minima found: 3/3

Verification against reference (saddles):
True saddles found: 1/2
Missed saddles at positions:
[-0.82200156  0.6243128 ]
Starting run 1121
Identified minimum at position [0.6234994  0.02803776] with unbiased energy -108.16672411685238
Identified minimum at position [-0.05015855  0.46672383] with unbiased energy -80.76781553580915
Identified minimum at position [-0.55822364  1.44172584] with unbiased energy -146.699517209954
Simulation completed.


Energies of found minima:
Minimum 1: Position = [0.6234994  0.02803776], Energy = -108.16672411685238
Minimum 2: Position = [-0.05015855  0.46672383], Energy = -80.76781553580915
Minimum 3: Position = [-0.55822364  1.44172584], Energy = -146.699517209954

Approximate saddle points between minima:
Saddle 1: Position = [0.23519469 0.35705121], Energy = -72.07797010648918
Saddle 2: Position = [-0.47512304  0.04884399], Energy = -7.189873785775845

Computational statistics:
	Total energy calls: 9436
	Energy calls at each min: [1, 1377, 9436]
	Total force calls: 9436
	Force calls at each min: [1, 1377, 9436]
	Total steps: 9952
	Total Biases: 79

Verification against reference:
True minima found: 3/3

Verification against reference (saddles):
True saddles found: 0/2
Missed saddles at positions:
[0.21248658 0.29298833]
[-0.82200156  0.6243128 ]
Starting run 2130
Identified minimum at position [0.6234994  0.02803776] with unbiased energy -108.16672411685238
Identified minimum at position [-0.05007373  0.46670805] with unbiased energy -80.76781764660284
Identified minimum at position [-0.55822365  1.44172583] with unbiased energy -146.6995172099539
Simulation completed.


Energies of found minima:
Minimum 1: Position = [0.6234994  0.02803776], Energy = -108.16672411685238
Minimum 2: Position = [-0.05007373  0.46670805], Energy = -80.76781764660284
Minimum 3: Position = [-0.55822365  1.44172583], Energy = -146.6995172099539

Approximate saddle points between minima:
Saddle 1: Position = [0.15725952 0.26619938], Energy = -71.32864147695742
Saddle 2: Position = [-0.82125618  0.62205564], Energy = -40.66599836644463

Computational statistics:
	Total energy calls: 5218
	Energy calls at each min: [1, 855, 5218]
	Total force calls: 5218
	Force calls at each min: [1, 855, 5218]
	Total steps: 5501
	Total Biases: 43

Verification against reference:
True minima found: 3/3

Verification against reference (saddles):
True saddles found: 1/2
Missed saddles at positions:
[0.21248658 0.29298833]
Starting run 5029
Identified minimum at position [0.6234994  0.02803776] with unbiased energy -108.16672411685238
Identified minimum at position [-0.05239154  0.46734207] with unbiased energy -80.76706569210788
Identified minimum at position [-0.55822365  1.44172583] with unbiased energy -146.69951720995394
Simulation completed.


Energies of found minima:
Minimum 1: Position = [0.6234994  0.02803776], Energy = -108.16672411685238
Minimum 2: Position = [-0.05239154  0.46734207], Energy = -80.76706569210788
Minimum 3: Position = [-0.55822365  1.44172583], Energy = -146.69951720995394

Approximate saddle points between minima:
Saddle 1: Position = [0.24530615 0.31532033], Energy = -71.84300531176437
Saddle 2: Position = [-0.76975517  0.36289089], Energy = -29.907625588205978

Computational statistics:
	Total energy calls: 8375
	Energy calls at each min: [1, 1102, 8375]
	Total force calls: 8375
	Force calls at each min: [1, 1102, 8375]
	Total steps: 8801
	Total Biases: 70

Verification against reference:
True minima found: 2/3
Missed minima at positions:
[-0.05001082  0.4666941 ]

Verification against reference (saddles):
True saddles found: 1/2
Missed saddles at positions:
[-0.82200156  0.6243128 ]
Starting run 2809
Identified minimum at position [0.6234994  0.02803776] with unbiased energy -108.16672411685238
Identified minimum at position [-0.05001091  0.46669413] with unbiased energy -80.767818129658
Identified minimum at position [-0.55822361  1.44172586] with unbiased energy -146.69951720995385
Simulation completed.


Energies of found minima:
Minimum 1: Position = [0.6234994  0.02803776], Energy = -108.16672411685238
Minimum 2: Position = [-0.05001091  0.46669413], Energy = -80.767818129658
Minimum 3: Position = [-0.55822361  1.44172586], Energy = -146.69951720995385

Approximate saddle points between minima:
Saddle 1: Position = [0.13443713 0.27630785], Energy = -71.05350298962922
Saddle 2: Position = [-0.70609575  0.68399834], Energy = -38.05566423254321

Computational statistics:
	Total energy calls: 7949
	Energy calls at each min: [1, 1197, 7949]
	Total force calls: 7949
	Force calls at each min: [1, 1197, 7949]
	Total steps: 8387
	Total Biases: 68

Verification against reference:
True minima found: 3/3

Verification against reference (saddles):
True saddles found: 0/2
Missed saddles at positions:
[0.21248658 0.29298833]
[-0.82200156  0.6243128 ]
Starting run 4806
Identified minimum at position [0.6234994  0.02803776] with unbiased energy -108.16672411685238
Identified minimum at position [-0.55822365  1.44172582] with unbiased energy -146.69951720995385
Approximate Hessian has condition number >1e6 and cannot be reliably trusted; reverting to default behavior. 
Eigenvalues: [1.77336391e-03 2.22972403e+07]
Approximate Hessian has condition number >1e6 and cannot be reliably trusted; reverting to default behavior. 
Eigenvalues: [1.61561862e-03 1.59081471e+06]
Approximate Hessian has condition number >1e6 and cannot be reliably trusted; reverting to default behavior. 
Eigenvalues: [7.90062313e-06 1.17666596e+06]
Approximate Hessian has condition number >1e6 and cannot be reliably trusted; reverting to default behavior. 
Eigenvalues: [1.64918583e-03 1.59366244e+05]
Approximate Hessian has condition number >1e6 and cannot be reliably trusted; reverting to default behavior. 
Eigenvalues: [2.36703106e-03 6.87720599e+06]
Simulation completed.


Energies of found minima:
Minimum 1: Position = [0.6234994  0.02803776], Energy = -108.16672411685238
Minimum 2: Position = [-0.55822365  1.44172582], Energy = -146.69951720995385

Approximate saddle points between minima:
Saddle 1: Position = [-0.85034954  0.48386746], Energy = -36.173268538024644

Computational statistics:
	Total energy calls: 645500
	Energy calls at each min: [1, 3217]
	Total force calls: 645500
	Force calls at each min: [1, 3217]
	Total steps: 678856
	Total Biases: 5000

Verification against reference:
True minima found: 2/3
Missed minima at positions:
[-0.05001082  0.4666941 ]

Verification against reference (saddles):
True saddles found: 0/2
Missed saddles at positions:
[0.21248658 0.29298833]
[-0.82200156  0.6243128 ]
Starting run 3865
Identified minimum at position [0.6234994  0.02803776] with unbiased energy -108.16672411685238
Identified minimum at position [-0.05064992  0.46685765] with unbiased energy -80.7677655043652
Identified minimum at position [-0.55822365  1.44172583] with unbiased energy -146.69951720995397
Simulation completed.


Energies of found minima:
Minimum 1: Position = [0.6234994  0.02803776], Energy = -108.16672411685238
Minimum 2: Position = [-0.05064992  0.46685765], Energy = -80.7677655043652
Minimum 3: Position = [-0.55822365  1.44172583], Energy = -146.69951720995397

Approximate saddle points between minima:
Saddle 1: Position = [ 0.9400861  -0.06313969], Energy = -59.415808362567674
Saddle 2: Position = [-0.82409262  0.62694054], Energy = -40.66885811230806

Computational statistics:
	Total energy calls: 13942
	Energy calls at each min: [1, 3996, 13942]
	Total force calls: 13942
	Force calls at each min: [1, 3996, 13942]
	Total steps: 14680
	Total Biases: 117

Verification against reference:
True minima found: 3/3

Verification against reference (saddles):
True saddles found: 1/2
Missed saddles at positions:
[0.21248658 0.29298833]
Starting run 1629
Identified minimum at position [0.6234994  0.02803776] with unbiased energy -108.16672411685238
Identified minimum at position [-0.05126709  0.46692622] with unbiased energy -80.76763391518675
Identified minimum at position [-0.55822364  1.44172583] with unbiased energy -146.699517209954
Simulation completed.


Energies of found minima:
Minimum 1: Position = [0.6234994  0.02803776], Energy = -108.16672411685238
Minimum 2: Position = [-0.05126709  0.46692622], Energy = -80.76763391518675
Minimum 3: Position = [-0.55822364  1.44172583], Energy = -146.699517209954

Approximate saddle points between minima:
Saddle 1: Position = [0.24213242 0.30456608], Energy = -72.00098555908491
Saddle 2: Position = [-0.88555527  0.48561733], Energy = -34.45786454654118

Computational statistics:
	Total energy calls: 7802
	Energy calls at each min: [1, 1518, 7802]
	Total force calls: 7802
	Force calls at each min: [1, 1518, 7802]
	Total steps: 8212
	Total Biases: 64

Verification against reference:
True minima found: 2/3
Missed minima at positions:
[-0.05001082  0.4666941 ]

Verification against reference (saddles):
True saddles found: 1/2
Missed saddles at positions:
[-0.82200156  0.6243128 ]
Starting run 1930
Identified minimum at position [0.6234994  0.02803776] with unbiased energy -108.16672411685238
Identified minimum at position [-0.05015974  0.46673607] with unbiased energy -80.7678151345678
Identified minimum at position [-0.55822364  1.44172584] with unbiased energy -146.699517209954
Simulation completed.


Energies of found minima:
Minimum 1: Position = [0.6234994  0.02803776], Energy = -108.16672411685238
Minimum 2: Position = [-0.05015974  0.46673607], Energy = -80.7678151345678
Minimum 3: Position = [-0.55822364  1.44172584], Energy = -146.699517209954

Approximate saddle points between minima:
Saddle 1: Position = [0.22546963 0.31068741], Energy = -72.17140908029369
Saddle 2: Position = [-0.62377521  0.33676801], Energy = -37.23535584592534

Computational statistics:
	Total energy calls: 13678
	Energy calls at each min: [1, 1266, 13678]
	Total force calls: 13678
	Force calls at each min: [1, 1266, 13678]
	Total steps: 14381
	Total Biases: 107

Verification against reference:
True minima found: 3/3

Verification against reference (saddles):
True saddles found: 1/2
Missed saddles at positions:
[-0.82200156  0.6243128 ]
Starting run 195
Identified minimum at position [0.6234994  0.02803776] with unbiased energy -108.16672411685238
Identified minimum at position [-0.05005585  0.46670424] with unbiased energy -80.76781788097635
Identified minimum at position [-0.55822365  1.44172582] with unbiased energy -146.69951720995388
Simulation completed.


Energies of found minima:
Minimum 1: Position = [0.6234994  0.02803776], Energy = -108.16672411685238
Minimum 2: Position = [-0.05005585  0.46670424], Energy = -80.76781788097635
Minimum 3: Position = [-0.55822365  1.44172582], Energy = -146.69951720995388

Approximate saddle points between minima:
Saddle 1: Position = [0.32686068 0.30311784], Energy = -70.2177946035754
Saddle 2: Position = [-0.72443638  0.69557858], Energy = -37.697127877582815

Computational statistics:
	Total energy calls: 5783
	Energy calls at each min: [1, 1680, 5783]
	Total force calls: 5783
	Force calls at each min: [1, 1680, 5783]
	Total steps: 6091
	Total Biases: 48

Verification against reference:
True minima found: 3/3

Verification against reference (saddles):
True saddles found: 0/2
Missed saddles at positions:
[0.21248658 0.29298833]
[-0.82200156  0.6243128 ]
Starting run 1998
Identified minimum at position [0.6234994  0.02803776] with unbiased energy -108.16672411685238
Identified minimum at position [-0.55822365  1.44172583] with unbiased energy -146.6995172099539
Approximate Hessian has condition number >1e6 and cannot be reliably trusted; reverting to default behavior. 
Eigenvalues: [6.23113010e-07 3.62244669e+06]
Approximate Hessian has condition number >1e6 and cannot be reliably trusted; reverting to default behavior. 
Eigenvalues: [1.11802091e-03 7.43235078e+06]
Simulation completed.


Energies of found minima:
Minimum 1: Position = [0.6234994  0.02803776], Energy = -108.16672411685238
Minimum 2: Position = [-0.55822365  1.44172583], Energy = -146.6995172099539

Approximate saddle points between minima:
Saddle 1: Position = [-0.49593197  0.27252095], Energy = -35.94071384740522

Computational statistics:
	Total energy calls: 647788
	Energy calls at each min: [1, 7518]
	Total force calls: 647788
	Force calls at each min: [1, 7518]
	Total steps: 681600
	Total Biases: 5000

Verification against reference:
True minima found: 2/3
Missed minima at positions:
[-0.05001082  0.4666941 ]

Verification against reference (saddles):
True saddles found: 0/2
Missed saddles at positions:
[0.21248658 0.29298833]
[-0.82200156  0.6243128 ]
Starting run 1619
Identified minimum at position [0.6234994  0.02803776] with unbiased energy -108.16672411685238
Identified minimum at position [-0.05007358  0.46670732] with unbiased energy -80.76781765608416
Identified minimum at position [-0.55822365  1.44172583] with unbiased energy -146.6995172099539
Simulation completed.


Energies of found minima:
Minimum 1: Position = [0.6234994  0.02803776], Energy = -108.16672411685238
Minimum 2: Position = [-0.05007358  0.46670732], Energy = -80.76781765608416
Minimum 3: Position = [-0.55822365  1.44172583], Energy = -146.6995172099539

Approximate saddle points between minima:
Saddle 1: Position = [0.20803372 0.30031565], Energy = -72.27548859238485
Saddle 2: Position = [-0.76448599  0.43174435], Energy = -37.9921580347973

Computational statistics:
	Total energy calls: 3084
	Energy calls at each min: [1, 1369, 3084]
	Total force calls: 3084
	Force calls at each min: [1, 1369, 3084]
	Total steps: 3248
	Total Biases: 27

Verification against reference:
True minima found: 3/3

Verification against reference (saddles):
True saddles found: 1/2
Missed saddles at positions:
[-0.82200156  0.6243128 ]
Starting run 3790
Identified minimum at position [0.6234994  0.02803776] with unbiased energy -108.16672411685238
Identified minimum at position [-0.05138483  0.46713375] with unbiased energy -80.76754218348644
Identified minimum at position [-0.55822362  1.44172585] with unbiased energy -146.69951720995394
Simulation completed.


Energies of found minima:
Minimum 1: Position = [0.6234994  0.02803776], Energy = -108.16672411685238
Minimum 2: Position = [-0.05138483  0.46713375], Energy = -80.76754218348644
Minimum 3: Position = [-0.55822362  1.44172585], Energy = -146.69951720995394

Approximate saddle points between minima:
Saddle 1: Position = [0.29720778 0.30114274], Energy = -71.12384539563273
Saddle 2: Position = [-0.81946886  0.59969647], Energy = -40.6919049560305

Computational statistics:
	Total energy calls: 2105
	Energy calls at each min: [1, 992, 2105]
	Total force calls: 2105
	Force calls at each min: [1, 992, 2105]
	Total steps: 2212
	Total Biases: 19

Verification against reference:
True minima found: 2/3
Missed minima at positions:
[-0.05001082  0.4666941 ]

Verification against reference (saddles):
True saddles found: 1/2
Missed saddles at positions:
[0.21248658 0.29298833]
Starting run 2762
Identified minimum at position [0.6234994  0.02803776] with unbiased energy -108.16672411685238
Identified minimum at position [-0.05001196  0.46669437] with unbiased energy -80.76781812949801
Identified minimum at position [-0.55822365  1.44172583] with unbiased energy -146.69951720995397
Simulation completed.


Energies of found minima:
Minimum 1: Position = [0.6234994  0.02803776], Energy = -108.16672411685238
Minimum 2: Position = [-0.05001196  0.46669437], Energy = -80.76781812949801
Minimum 3: Position = [-0.55822365  1.44172583], Energy = -146.69951720995397

Approximate saddle points between minima:
Saddle 1: Position = [0.20881418 0.3039322 ], Energy = -72.29338350560542
Saddle 2: Position = [-0.84266557  0.53270646], Energy = -38.95119142243793

Computational statistics:
	Total energy calls: 6009
	Energy calls at each min: [1, 799, 6009]
	Total force calls: 6009
	Force calls at each min: [1, 799, 6009]
	Total steps: 6330
	Total Biases: 50

Verification against reference:
True minima found: 3/3

Verification against reference (saddles):
True saddles found: 1/2
Missed saddles at positions:
[-0.82200156  0.6243128 ]
Starting run 2896
Identified minimum at position [0.6234994  0.02803776] with unbiased energy -108.16672411685238
Identified minimum at position [-0.05001446  0.46669477] with unbiased energy -80.7678181281194
Identified minimum at position [-0.55822362  1.44172586] with unbiased energy -146.69951720995388
Simulation completed.


Energies of found minima:
Minimum 1: Position = [0.6234994  0.02803776], Energy = -108.16672411685238
Minimum 2: Position = [-0.05001446  0.46669477], Energy = -80.7678181281194
Minimum 3: Position = [-0.55822362  1.44172586], Energy = -146.69951720995388

Approximate saddle points between minima:
Saddle 1: Position = [0.16516386 0.22985546], Energy = -71.3387470589673
Saddle 2: Position = [-0.19534711 -0.05746442], Energy = -19.678322399473988

Computational statistics:
	Total energy calls: 12470
	Energy calls at each min: [1, 957, 12470]
	Total force calls: 12470
	Force calls at each min: [1, 957, 12470]
	Total steps: 13146
	Total Biases: 100

Verification against reference:
True minima found: 3/3

Verification against reference (saddles):
True saddles found: 0/2
Missed saddles at positions:
[0.21248658 0.29298833]
[-0.82200156  0.6243128 ]
Starting run 1487
Identified minimum at position [0.6234994  0.02803776] with unbiased energy -108.16672411685238
Identified minimum at position [-0.05191951  0.46714143] with unbiased energy -80.76736479853193
Identified minimum at position [-0.55822363  1.44172585] with unbiased energy -146.699517209954
Simulation completed.


Energies of found minima:
Minimum 1: Position = [0.6234994  0.02803776], Energy = -108.16672411685238
Minimum 2: Position = [-0.05191951  0.46714143], Energy = -80.76736479853193
Minimum 3: Position = [-0.55822363  1.44172585], Energy = -146.699517209954

Approximate saddle points between minima:
Saddle 1: Position = [0.28008095 0.28703081], Energy = -72.00919542155589
Saddle 2: Position = [-0.85345161  0.48107778], Energy = -35.81810981828561

Computational statistics:
	Total energy calls: 6741
	Energy calls at each min: [1, 1496, 6741]
	Total force calls: 6741
	Force calls at each min: [1, 1496, 6741]
	Total steps: 7090
	Total Biases: 54

Verification against reference:
True minima found: 2/3
Missed minima at positions:
[-0.05001082  0.4666941 ]

Verification against reference (saddles):
True saddles found: 0/2
Missed saddles at positions:
[0.21248658 0.29298833]
[-0.82200156  0.6243128 ]
Starting run 958
Identified minimum at position [0.6234994  0.02803776] with unbiased energy -108.16672411685238
Identified minimum at position [-0.05006859  0.46670533] with unbiased energy -80.76781773618508
Identified minimum at position [-0.55822363  1.44172585] with unbiased energy -146.69951720995402
Simulation completed.


Energies of found minima:
Minimum 1: Position = [0.6234994  0.02803776], Energy = -108.16672411685238
Minimum 2: Position = [-0.05006859  0.46670533], Energy = -80.76781773618508
Minimum 3: Position = [-0.55822363  1.44172585], Energy = -146.69951720995402

Approximate saddle points between minima:
Saddle 1: Position = [0.18762642 0.28037097], Energy = -72.05457443269273
Saddle 2: Position = [-0.3781063   0.22249935], Energy = -35.91793271433367

Computational statistics:
	Total energy calls: 8034
	Energy calls at each min: [1, 1115, 8034]
	Total force calls: 8034
	Force calls at each min: [1, 1115, 8034]
	Total steps: 8450
	Total Biases: 65

Verification against reference:
True minima found: 3/3

Verification against reference (saddles):
True saddles found: 1/2
Missed saddles at positions:
[-0.82200156  0.6243128 ]
Starting run 2140
Identified minimum at position [0.6234994  0.02803776] with unbiased energy -108.16672411685238
Identified minimum at position [-0.05004404  0.46670909] with unbiased energy -80.76781790900809
Identified minimum at position [-0.55822364  1.44172584] with unbiased energy -146.699517209954
Simulation completed.


Energies of found minima:
Minimum 1: Position = [0.6234994  0.02803776], Energy = -108.16672411685238
Minimum 2: Position = [-0.05004404  0.46670909], Energy = -80.76781790900809
Minimum 3: Position = [-0.55822364  1.44172584], Energy = -146.699517209954

Approximate saddle points between minima:
Saddle 1: Position = [0.42009039 0.33307623], Energy = -62.955570707803865
Saddle 2: Position = [0.3161231  0.66131808], Energy = -29.513549352714804

Computational statistics:
	Total energy calls: 11349
	Energy calls at each min: [1, 2324, 11349]
	Total force calls: 11349
	Force calls at each min: [1, 2324, 11349]
	Total steps: 11952
	Total Biases: 92

Verification against reference:
True minima found: 3/3

Verification against reference (saddles):
True saddles found: 0/2
Missed saddles at positions:
[0.21248658 0.29298833]
[-0.82200156  0.6243128 ]
Starting run 4787
Identified minimum at position [0.6234994  0.02803776] with unbiased energy -108.16672411685238
Identified minimum at position [-0.05051569  0.46681358] with unbiased energy -80.76778631327812
Identified minimum at position [-0.55822362  1.44172586] with unbiased energy -146.69951720995394
Simulation completed.


Energies of found minima:
Minimum 1: Position = [0.6234994  0.02803776], Energy = -108.16672411685238
Minimum 2: Position = [-0.05051569  0.46681358], Energy = -80.76778631327812
Minimum 3: Position = [-0.55822362  1.44172586], Energy = -146.69951720995394

Approximate saddle points between minima:
Saddle 1: Position = [0.15372074 0.15644941], Energy = -71.55597667196714
Saddle 2: Position = [-0.87911225  0.52922442], Energy = -37.396929880651705

Computational statistics:
	Total energy calls: 8309
	Energy calls at each min: [1, 2106, 8309]
	Total force calls: 8309
	Force calls at each min: [1, 2106, 8309]
	Total steps: 8746
	Total Biases: 66

Verification against reference:
True minima found: 3/3

Verification against reference (saddles):
True saddles found: 0/2
Missed saddles at positions:
[0.21248658 0.29298833]
[-0.82200156  0.6243128 ]
Starting run 3908
Identified minimum at position [0.6234994  0.02803776] with unbiased energy -108.16672411685238
Identified minimum at position [-0.05153776  0.46699964] with unbiased energy -80.76754132640687
Identified minimum at position [-0.55822364  1.44172584] with unbiased energy -146.699517209954
Simulation completed.


Energies of found minima:
Minimum 1: Position = [0.6234994  0.02803776], Energy = -108.16672411685238
Minimum 2: Position = [-0.05153776  0.46699964], Energy = -80.76754132640687
Minimum 3: Position = [-0.55822364  1.44172584], Energy = -146.699517209954

Approximate saddle points between minima:
Saddle 1: Position = [0.10748617 0.12354982], Energy = -67.52003849117041
Saddle 2: Position = [-0.77322671  0.66190006], Energy = -39.85117336286499

Computational statistics:
	Total energy calls: 7388
	Energy calls at each min: [1, 1172, 7388]
	Total force calls: 7388
	Force calls at each min: [1, 1172, 7388]
	Total steps: 7774
	Total Biases: 59

Verification against reference:
True minima found: 2/3
Missed minima at positions:
[-0.05001082  0.4666941 ]

Verification against reference (saddles):
True saddles found: 0/2
Missed saddles at positions:
[0.21248658 0.29298833]
[-0.82200156  0.6243128 ]
