Starting run 2341
Identified minimum at position [0.6234994  0.02803776] with unbiased energy -108.16672411685238
Identified minimum at position [-0.05037283  0.4668443 ] with unbiased energy -80.76779419269921
Identified minimum at position [-0.55822362  1.44172586] with unbiased energy -146.69951720995388
Simulation completed.


Energies of found minima:
Minimum 1: Position = [0.6234994  0.02803776], Energy = -108.16672411685238
Minimum 2: Position = [-0.05037283  0.4668443 ], Energy = -80.76779419269921
Minimum 3: Position = [-0.55822362  1.44172586], Energy = -146.69951720995388

Approximate saddle points between minima:
Saddle 1: Position = [0.14384134 0.08110379], Energy = -70.88688881221415
Saddle 2: Position = [-0.84408711  0.62070071], Energy = -40.67144126453339

Computational statistics:
	Total energy calls: 3447
	Energy calls at each min: [1, 1359, 3447]
	Total force calls: 3447
	Force calls at each min: [1, 1359, 3447]
	Total steps: 3621
	Total Biases: 32

Verification against reference:
True minima found: 3/3

Verification against reference (saddles):
True saddles found: 1/2
Missed saddles at positions:
[0.21248658 0.29298833]
Starting run 2551
Identified minimum at position [0.6234994  0.02803776] with unbiased energy -108.16672411685238
Identified minimum at position [-0.05001573  0.46669538] with unbiased energy -80.76781812653084
Identified minimum at position [-0.55822362  1.44172586] with unbiased energy -146.6995172099539
Simulation completed.


Energies of found minima:
Minimum 1: Position = [0.6234994  0.02803776], Energy = -108.16672411685238
Minimum 2: Position = [-0.05001573  0.46669538], Energy = -80.76781812653084
Minimum 3: Position = [-0.55822362  1.44172586], Energy = -146.6995172099539

Approximate saddle points between minima:
Saddle 1: Position = [0.80883577 0.16376245], Energy = -66.70444717874393
Saddle 2: Position = [-0.86836103  0.59919901], Energy = -40.2104438106132

Computational statistics:
	Total energy calls: 2339
	Energy calls at each min: [1, 1781, 2339]
	Total force calls: 2339
	Force calls at each min: [1, 1781, 2339]
	Total steps: 2461
	Total Biases: 19

Verification against reference:
True minima found: 3/3

Verification against reference (saddles):
True saddles found: 0/2
Missed saddles at positions:
[0.21248658 0.29298833]
[-0.82200156  0.6243128 ]
Starting run 2957
Identified minimum at position [0.6234994  0.02803776] with unbiased energy -108.16672411685238
Identified minimum at position [-0.05001109  0.46669416] with unbiased energy -80.76781812965042
Identified minimum at position [-0.55822365  1.44172583] with unbiased energy -146.69951720995397
Simulation completed.


Energies of found minima:
Minimum 1: Position = [0.6234994  0.02803776], Energy = -108.16672411685238
Minimum 2: Position = [-0.05001109  0.46669416], Energy = -80.76781812965042
Minimum 3: Position = [-0.55822365  1.44172583], Energy = -146.69951720995397

Approximate saddle points between minima:
Saddle 1: Position = [0.21611282 0.28897337], Energy = -72.25899031021837
Saddle 2: Position = [-0.73918746  0.70665592], Energy = -37.68747515952383

Computational statistics:
	Total energy calls: 9374
	Energy calls at each min: [1, 1185, 9374]
	Total force calls: 9374
	Force calls at each min: [1, 1185, 9374]
	Total steps: 9855
	Total Biases: 79

Verification against reference:
True minima found: 3/3

Verification against reference (saddles):
True saddles found: 1/2
Missed saddles at positions:
[-0.82200156  0.6243128 ]
Starting run 3201
Identified minimum at position [0.6234994  0.02803776] with unbiased energy -108.16672411685238
Identified minimum at position [-0.05012337  0.46671793] with unbiased energy -80.76781660408857
Identified minimum at position [-0.55822364  1.44172583] with unbiased energy -146.69951720995397
Simulation completed.


Energies of found minima:
Minimum 1: Position = [0.6234994  0.02803776], Energy = -108.16672411685238
Minimum 2: Position = [-0.05012337  0.46671793], Energy = -80.76781660408857
Minimum 3: Position = [-0.55822364  1.44172583], Energy = -146.69951720995397

Approximate saddle points between minima:
Saddle 1: Position = [0.22692875 0.32768386], Energy = -72.18519349755886
Saddle 2: Position = [1.04261906 0.06279256], Energy = -33.71857993963786

Computational statistics:
	Total energy calls: 12700
	Energy calls at each min: [1, 1971, 12700]
	Total force calls: 12700
	Force calls at each min: [1, 1971, 12700]
	Total steps: 13351
	Total Biases: 110

Verification against reference:
True minima found: 3/3

Verification against reference (saddles):
True saddles found: 1/2
Missed saddles at positions:
[-0.82200156  0.6243128 ]
Starting run 1372
Identified minimum at position [0.6234994  0.02803776] with unbiased energy -108.16672411685238
Identified minimum at position [-0.05038377  0.46679408] with unbiased energy -80.76779981940396
Identified minimum at position [-0.55822366  1.44172582] with unbiased energy -146.6995172099538
Simulation completed.


Energies of found minima:
Minimum 1: Position = [0.6234994  0.02803776], Energy = -108.16672411685238
Minimum 2: Position = [-0.05038377  0.46679408], Energy = -80.76779981940396
Minimum 3: Position = [-0.55822366  1.44172582], Energy = -146.6995172099538

Approximate saddle points between minima:
Saddle 1: Position = [0.25015448 0.33056515], Energy = -71.610625189822
Saddle 2: Position = [0.04374708 0.72578574], Energy = -31.818563462993914

Computational statistics:
	Total energy calls: 8814
	Energy calls at each min: [1, 1387, 8814]
	Total force calls: 8814
	Force calls at each min: [1, 1387, 8814]
	Total steps: 9283
	Total Biases: 70

Verification against reference:
True minima found: 3/3

Verification against reference (saddles):
True saddles found: 0/2
Missed saddles at positions:
[0.21248658 0.29298833]
[-0.82200156  0.6243128 ]
Starting run 419
Identified minimum at position [0.6234994  0.02803776] with unbiased energy -108.16672411685238
Identified minimum at position [-0.05024866  0.46676003] with unbiased energy -80.76781055601587
Identified minimum at position [-0.55822364  1.44172584] with unbiased energy -146.699517209954
Simulation completed.


Energies of found minima:
Minimum 1: Position = [0.6234994  0.02803776], Energy = -108.16672411685238
Minimum 2: Position = [-0.05024866  0.46676003], Energy = -80.76781055601587
Minimum 3: Position = [-0.55822364  1.44172584], Energy = -146.699517209954

Approximate saddle points between minima:
Saddle 1: Position = [0.30461969 0.29974611], Energy = -71.01454422763506
Saddle 2: Position = [-0.84294508  0.59469179], Energy = -40.33411448510651

Computational statistics:
	Total energy calls: 3848
	Energy calls at each min: [1, 1450, 3848]
	Total force calls: 3848
	Force calls at each min: [1, 1450, 3848]
	Total steps: 4050
	Total Biases: 33

Verification against reference:
True minima found: 3/3

Verification against reference (saddles):
True saddles found: 1/2
Missed saddles at positions:
[0.21248658 0.29298833]
Starting run 1949
Identified minimum at position [0.6234994  0.02803776] with unbiased energy -108.16672411685238
Identified minimum at position [-0.05001128  0.46669422] with unbiased energy -80.7678181296327
Identified minimum at position [-0.55822365  1.44172582] with unbiased energy -146.69951720995388
Simulation completed.


Energies of found minima:
Minimum 1: Position = [0.6234994  0.02803776], Energy = -108.16672411685238
Minimum 2: Position = [-0.05001128  0.46669422], Energy = -80.7678181296327
Minimum 3: Position = [-0.55822365  1.44172582], Energy = -146.69951720995388

Approximate saddle points between minima:
Saddle 1: Position = [0.21681097 0.32268108], Energy = -72.34478895167253
Saddle 2: Position = [-0.67680034  0.69528444], Energy = -36.91787012008882

Computational statistics:
	Total energy calls: 13405
	Energy calls at each min: [1, 1299, 13405]
	Total force calls: 13405
	Force calls at each min: [1, 1299, 13405]
	Total steps: 14099
	Total Biases: 109

Verification against reference:
True minima found: 3/3

Verification against reference (saddles):
True saddles found: 1/2
Missed saddles at positions:
[-0.82200156  0.6243128 ]
Starting run 1366
Identified minimum at position [0.6234994  0.02803776] with unbiased energy -108.16672411685238
Identified minimum at position [-0.05037053  0.46676317] with unbiased energy -80.76780291266039
Identified minimum at position [-0.55822364  1.44172583] with unbiased energy -146.699517209954
Simulation completed.


Energies of found minima:
Minimum 1: Position = [0.6234994  0.02803776], Energy = -108.16672411685238
Minimum 2: Position = [-0.05037053  0.46676317], Energy = -80.76780291266039
Minimum 3: Position = [-0.55822364  1.44172583], Energy = -146.699517209954

Approximate saddle points between minima:
Saddle 1: Position = [0.27172793 0.30064827], Energy = -71.6480601807544
Saddle 2: Position = [-0.77855861  0.42435547], Energy = -36.27482680603817

Computational statistics:
	Total energy calls: 5468
	Energy calls at each min: [1, 1478, 5468]
	Total force calls: 5468
	Force calls at each min: [1, 1478, 5468]
	Total steps: 5750
	Total Biases: 44

Verification against reference:
True minima found: 3/3

Verification against reference (saddles):
True saddles found: 0/2
Missed saddles at positions:
[0.21248658 0.29298833]
[-0.82200156  0.6243128 ]
Starting run 3156
Identified minimum at position [0.6234994  0.02803776] with unbiased energy -108.16672411685238
Identified minimum at position [-0.05001592  0.46669586] with unbiased energy -80.76781812565069
Identified minimum at position [-0.55822365  1.44172582] with unbiased energy -146.69951720995388
Simulation completed.


Energies of found minima:
Minimum 1: Position = [0.6234994  0.02803776], Energy = -108.16672411685238
Minimum 2: Position = [-0.05001592  0.46669586], Energy = -80.76781812565069
Minimum 3: Position = [-0.55822365  1.44172582], Energy = -146.69951720995388

Approximate saddle points between minima:
Saddle 1: Position = [0.31980828 0.28190411], Energy = -71.73472150103521
Saddle 2: Position = [-0.33228954  0.74064441], Energy = -31.782523703210725

Computational statistics:
	Total energy calls: 7679
	Energy calls at each min: [1, 1395, 7679]
	Total force calls: 7679
	Force calls at each min: [1, 1395, 7679]
	Total steps: 8085
	Total Biases: 63

Verification against reference:
True minima found: 3/3

Verification against reference (saddles):
True saddles found: 0/2
Missed saddles at positions:
[0.21248658 0.29298833]
[-0.82200156  0.6243128 ]
Starting run 683
Identified minimum at position [0.6234994  0.02803776] with unbiased energy -108.16672411685238
Identified minimum at position [-0.05001173  0.4666944 ] with unbiased energy -80.76781812953757
Identified minimum at position [-0.55822363  1.44172584] with unbiased energy -146.69951720995402
Simulation completed.


Energies of found minima:
Minimum 1: Position = [0.6234994  0.02803776], Energy = -108.16672411685238
Minimum 2: Position = [-0.05001173  0.4666944 ], Energy = -80.76781812953757
Minimum 3: Position = [-0.55822363  1.44172584], Energy = -146.69951720995402

Approximate saddle points between minima:
Saddle 1: Position = [ 0.92685038 -0.05199282], Energy = -65.91118946843108
Saddle 2: Position = [-0.82481424  0.61529832], Energy = -40.650761262485744

Computational statistics:
	Total energy calls: 5694
	Energy calls at each min: [1, 1863, 5694]
	Total force calls: 5694
	Force calls at each min: [1, 1863, 5694]
	Total steps: 5990
	Total Biases: 49

Verification against reference:
True minima found: 3/3

Verification against reference (saddles):
True saddles found: 1/2
Missed saddles at positions:
[0.21248658 0.29298833]
Starting run 4327
Identified minimum at position [0.6234994  0.02803776] with unbiased energy -108.16672411685238
Identified minimum at position [-0.05042421  0.46679313] with unbiased energy -80.76779670194969
Identified minimum at position [-0.55822365  1.44172582] with unbiased energy -146.6995172099539
Simulation completed.


Energies of found minima:
Minimum 1: Position = [0.6234994  0.02803776], Energy = -108.16672411685238
Minimum 2: Position = [-0.05042421  0.46679313], Energy = -80.76779670194969
Minimum 3: Position = [-0.55822365  1.44172582], Energy = -146.6995172099539

Approximate saddle points between minima:
Saddle 1: Position = [0.99865206 0.08679104], Energy = -44.808963612148915
Saddle 2: Position = [-0.85346896  0.58602624], Energy = -40.03857034894255

Computational statistics:
	Total energy calls: 2112
	Energy calls at each min: [1, 1576, 2112]
	Total force calls: 2112
	Force calls at each min: [1, 1576, 2112]
	Total steps: 2225
	Total Biases: 19

Verification against reference:
True minima found: 3/3

Verification against reference (saddles):
True saddles found: 1/2
Missed saddles at positions:
[0.21248658 0.29298833]
Starting run 2863
Identified minimum at position [0.6234994  0.02803776] with unbiased energy -108.16672411685238
Identified minimum at position [-0.55822364  1.44172584] with unbiased energy -146.699517209954
Approximate Hessian has condition number >1e6 and cannot be reliably trusted; reverting to default behavior. 
Eigenvalues: [2.16335132e-03 8.27292687e+03]
Approximate Hessian has condition number >1e6 and cannot be reliably trusted; reverting to default behavior. 
Eigenvalues: [2.87717162e-03 2.01201554e+07]
Approximate Hessian has condition number >1e6 and cannot be reliably trusted; reverting to default behavior. 
Eigenvalues: [1.07089266e-03 4.34478714e+03]
Approximate Hessian has condition number >1e6 and cannot be reliably trusted; reverting to default behavior. 
Eigenvalues: [1.01701042e-03 2.77721943e+06]
Approximate Hessian has condition number >1e6 and cannot be reliably trusted; reverting to default behavior. 
Eigenvalues: [9.30118468e-03 1.88390914e+07]
Approximate Hessian has condition number >1e6 and cannot be reliably trusted; reverting to default behavior. 
Eigenvalues: [1.03896938e-03 7.71226995e+05]
Approximate Hessian has condition number >1e6 and cannot be reliably trusted; reverting to default behavior. 
Eigenvalues: [5.43952221e-03 3.50797556e+07]
Simulation completed.


Energies of found minima:
Minimum 1: Position = [0.6234994  0.02803776], Energy = -108.16672411685238
Minimum 2: Position = [-0.55822364  1.44172584], Energy = -146.699517209954

Approximate saddle points between minima:
Saddle 1: Position = [-0.81815654  0.60671746], Energy = -40.70430081184985

Computational statistics:
	Total energy calls: 644060
	Energy calls at each min: [1, 5482]
	Total force calls: 644060
	Force calls at each min: [1, 5482]
	Total steps: 677112
	Total Biases: 5000

Verification against reference:
True minima found: 2/3
Missed minima at positions:
[-0.05001082  0.4666941 ]

Verification against reference (saddles):
True saddles found: 1/2
Missed saddles at positions:
[0.21248658 0.29298833]
Starting run 549
Identified minimum at position [0.6234994  0.02803776] with unbiased energy -108.16672411685238
Identified minimum at position [-0.05062498  0.46683421] with unbiased energy -80.76777164971526
Identified minimum at position [-0.55822362  1.44172586] with unbiased energy -146.6995172099539
Simulation completed.


Energies of found minima:
Minimum 1: Position = [0.6234994  0.02803776], Energy = -108.16672411685238
Minimum 2: Position = [-0.05062498  0.46683421], Energy = -80.76777164971526
Minimum 3: Position = [-0.55822362  1.44172586], Energy = -146.6995172099539

Approximate saddle points between minima:
Saddle 1: Position = [0.12394161 0.21988214], Energy = -69.31823690795564
Saddle 2: Position = [-0.83424016  0.59881371], Energy = -40.48779426096579

Computational statistics:
	Total energy calls: 7284
	Energy calls at each min: [1, 1176, 7284]
	Total force calls: 7284
	Force calls at each min: [1, 1176, 7284]
	Total steps: 7657
	Total Biases: 62

Verification against reference:
True minima found: 3/3

Verification against reference (saddles):
True saddles found: 1/2
Missed saddles at positions:
[0.21248658 0.29298833]
Starting run 4302
Identified minimum at position [0.6234994  0.02803776] with unbiased energy -108.16672411685238
Identified minimum at position [-0.55822363  1.44172585] with unbiased energy -146.699517209954
Approximate Hessian has condition number >1e6 and cannot be reliably trusted; reverting to default behavior. 
Eigenvalues: [5.80621418e-08 7.18495030e+05]
Approximate Hessian has condition number >1e6 and cannot be reliably trusted; reverting to default behavior. 
Eigenvalues: [1.45189464e-03 8.38968026e+07]
Approximate Hessian has condition number >1e6 and cannot be reliably trusted; reverting to default behavior. 
Eigenvalues: [1.73575932e-03 4.45215514e+06]
Simulation completed.


Energies of found minima:
Minimum 1: Position = [0.6234994  0.02803776], Energy = -108.16672411685238
Minimum 2: Position = [-0.55822363  1.44172585], Energy = -146.699517209954

Approximate saddle points between minima:
Saddle 1: Position = [-0.77226337  0.68983099], Energy = -39.21548317247814

Computational statistics:
	Total energy calls: 643378
	Energy calls at each min: [1, 4454]
	Total force calls: 643378
	Force calls at each min: [1, 4454]
	Total steps: 677129
	Total Biases: 5000

Verification against reference:
True minima found: 2/3
Missed minima at positions:
[-0.05001082  0.4666941 ]

Verification against reference (saddles):
True saddles found: 0/2
Missed saddles at positions:
[0.21248658 0.29298833]
[-0.82200156  0.6243128 ]
Starting run 2670
Identified minimum at position [0.6234994  0.02803776] with unbiased energy -108.16672411685238
Identified minimum at position [-0.05004749  0.4667034 ] with unbiased energy -80.76781795715253
Identified minimum at position [-0.55822365  1.44172582] with unbiased energy -146.69951720995385
Simulation completed.


Energies of found minima:
Minimum 1: Position = [0.6234994  0.02803776], Energy = -108.16672411685238
Minimum 2: Position = [-0.05004749  0.4667034 ], Energy = -80.76781795715253
Minimum 3: Position = [-0.55822365  1.44172582], Energy = -146.69951720995385

Approximate saddle points between minima:
Saddle 1: Position = [0.39726313 0.26645673], Energy = -71.51725081114806
Saddle 2: Position = [-0.59140568  0.31238245], Energy = -35.783085711876794

Computational statistics:
	Total energy calls: 4040
	Energy calls at each min: [1, 860, 4040]
	Total force calls: 4040
	Force calls at each min: [1, 860, 4040]
	Total steps: 4253
	Total Biases: 34

Verification against reference:
True minima found: 3/3

Verification against reference (saddles):
True saddles found: 0/2
Missed saddles at positions:
[0.21248658 0.29298833]
[-0.82200156  0.6243128 ]
Starting run 2673
Identified minimum at position [0.6234994  0.02803776] with unbiased energy -108.16672411685238
Identified minimum at position [-0.05002385  0.46669734] with unbiased energy -80.76781810807324
Identified minimum at position [-0.55822362  1.44172586] with unbiased energy -146.69951720995385
Simulation completed.


Energies of found minima:
Minimum 1: Position = [0.6234994  0.02803776], Energy = -108.16672411685238
Minimum 2: Position = [-0.05002385  0.46669734], Energy = -80.76781810807324
Minimum 3: Position = [-0.55822362  1.44172586], Energy = -146.69951720995385

Approximate saddle points between minima:
Saddle 1: Position = [ 0.96195026 -0.03544929], Energy = -60.5181904545604
Saddle 2: Position = [-0.74543469  0.65592724], Energy = -39.8722041097309

Computational statistics:
	Total energy calls: 8542
	Energy calls at each min: [1, 2747, 8542]
	Total force calls: 8542
	Force calls at each min: [1, 2747, 8542]
	Total steps: 9013
	Total Biases: 71

Verification against reference:
True minima found: 3/3

Verification against reference (saddles):
True saddles found: 0/2
Missed saddles at positions:
[0.21248658 0.29298833]
[-0.82200156  0.6243128 ]
Starting run 1022
Identified minimum at position [0.6234994  0.02803776] with unbiased energy -108.16672411685238
Identified minimum at position [-0.05001409  0.46669488] with unbiased energy -80.76781812832031
Identified minimum at position [-0.55822365  1.44172582] with unbiased energy -146.69951720995385
Simulation completed.


Energies of found minima:
Minimum 1: Position = [0.6234994  0.02803776], Energy = -108.16672411685238
Minimum 2: Position = [-0.05001409  0.46669488], Energy = -80.76781812832031
Minimum 3: Position = [-0.55822365  1.44172582], Energy = -146.69951720995385

Approximate saddle points between minima:
Saddle 1: Position = [0.31540671 0.3015656 ], Energy = -70.64343070299377
Saddle 2: Position = [-0.4224706  0.2443683], Energy = -36.3289815240508

Computational statistics:
	Total energy calls: 6427
	Energy calls at each min: [1, 954, 6427]
	Total force calls: 6427
	Force calls at each min: [1, 954, 6427]
	Total steps: 6766
	Total Biases: 50

Verification against reference:
True minima found: 3/3

Verification against reference (saddles):
True saddles found: 0/2
Missed saddles at positions:
[0.21248658 0.29298833]
[-0.82200156  0.6243128 ]
Starting run 2266
Identified minimum at position [0.6234994  0.02803776] with unbiased energy -108.16672411685238
Identified minimum at position [-0.05001108  0.46669416] with unbiased energy -80.76781812965139
Identified minimum at position [-0.55822364  1.44172584] with unbiased energy -146.699517209954
Simulation completed.


Energies of found minima:
Minimum 1: Position = [0.6234994  0.02803776], Energy = -108.16672411685238
Minimum 2: Position = [-0.05001108  0.46669416], Energy = -80.76781812965139
Minimum 3: Position = [-0.55822364  1.44172584], Energy = -146.699517209954

Approximate saddle points between minima:
Saddle 1: Position = [0.29917743 0.31674523], Energy = -70.43591686511837
Saddle 2: Position = [-0.70674794  0.39719486], Energy = -38.94613192662787

Computational statistics:
	Total energy calls: 6923
	Energy calls at each min: [1, 1787, 6923]
	Total force calls: 6923
	Force calls at each min: [1, 1787, 6923]
	Total steps: 7296
	Total Biases: 54

Verification against reference:
True minima found: 3/3

Verification against reference (saddles):
True saddles found: 0/2
Missed saddles at positions:
[0.21248658 0.29298833]
[-0.82200156  0.6243128 ]
Starting run 682
Identified minimum at position [0.6234994  0.02803776] with unbiased energy -108.16672411685238
Identified minimum at position [-0.05002473  0.46669664] with unbiased energy -80.76781810713463
Identified minimum at position [-0.55822364  1.44172584] with unbiased energy -146.699517209954
Simulation completed.


Energies of found minima:
Minimum 1: Position = [0.6234994  0.02803776], Energy = -108.16672411685238
Minimum 2: Position = [-0.05002473  0.46669664], Energy = -80.76781810713463
Minimum 3: Position = [-0.55822364  1.44172584], Energy = -146.699517209954

Approximate saddle points between minima:
Saddle 1: Position = [0.10066882 0.14176618], Energy = -67.01460032076061
Saddle 2: Position = [0.53396052 0.45125853], Energy = -36.40601232791202

Computational statistics:
	Total energy calls: 10000
	Energy calls at each min: [1, 1333, 10000]
	Total force calls: 10000
	Force calls at each min: [1, 1333, 10000]
	Total steps: 10519
	Total Biases: 81

Verification against reference:
True minima found: 3/3

Verification against reference (saddles):
True saddles found: 0/2
Missed saddles at positions:
[0.21248658 0.29298833]
[-0.82200156  0.6243128 ]
Starting run 2558
Identified minimum at position [0.6234994  0.02803776] with unbiased energy -108.16672411685238
Identified minimum at position [-0.05001375  0.46669468] with unbiased energy -80.76781812864311
Identified minimum at position [-0.55822363  1.44172584] with unbiased energy -146.699517209954
Simulation completed.


Energies of found minima:
Minimum 1: Position = [0.6234994  0.02803776], Energy = -108.16672411685238
Minimum 2: Position = [-0.05001375  0.46669468], Energy = -80.76781812864311
Minimum 3: Position = [-0.55822363  1.44172584], Energy = -146.699517209954

Approximate saddle points between minima:
Saddle 1: Position = [0.26493654 0.29278488], Energy = -71.97223673302
Saddle 2: Position = [-0.63228032  0.24683213], Energy = -22.15657192740804

Computational statistics:
	Total energy calls: 8208
	Energy calls at each min: [1, 499, 8208]
	Total force calls: 8208
	Force calls at each min: [1, 499, 8208]
	Total steps: 8645
	Total Biases: 65

Verification against reference:
True minima found: 3/3

Verification against reference (saddles):
True saddles found: 0/2
Missed saddles at positions:
[0.21248658 0.29298833]
[-0.82200156  0.6243128 ]
Starting run 840
Identified minimum at position [0.6234994  0.02803776] with unbiased energy -108.16672411685238
Identified minimum at position [-0.05001219  0.4666944 ] with unbiased energy -80.76781812943315
Identified minimum at position [-0.55822361  1.44172586] with unbiased energy -146.69951720995385
Simulation completed.


Energies of found minima:
Minimum 1: Position = [0.6234994  0.02803776], Energy = -108.16672411685238
Minimum 2: Position = [-0.05001219  0.4666944 ], Energy = -80.76781812943315
Minimum 3: Position = [-0.55822361  1.44172586], Energy = -146.69951720995385

Approximate saddle points between minima:
Saddle 1: Position = [0.13955055 0.11537408], Energy = -70.67434857849048
Saddle 2: Position = [-0.64946413  0.71273283], Energy = -35.03873516006115

Computational statistics:
	Total energy calls: 7300
	Energy calls at each min: [1, 1438, 7300]
	Total force calls: 7300
	Force calls at each min: [1, 1438, 7300]
	Total steps: 7692
	Total Biases: 59

Verification against reference:
True minima found: 3/3

Verification against reference (saddles):
True saddles found: 0/2
Missed saddles at positions:
[0.21248658 0.29298833]
[-0.82200156  0.6243128 ]
Starting run 1816
Identified minimum at position [0.6234994  0.02803776] with unbiased energy -108.16672411685238
Approximate Hessian has condition number >1e6 and cannot be reliably trusted; reverting to default behavior. 
Eigenvalues: [1.79796026e-03 4.97189735e+05]
Identified minimum at position [-0.05016018  0.4667532 ] with unbiased energy -80.76781424449486
Identified minimum at position [-0.55822363  1.44172585] with unbiased energy -146.699517209954
Simulation completed.


Energies of found minima:
Minimum 1: Position = [0.6234994  0.02803776], Energy = -108.16672411685238
Minimum 2: Position = [-0.05016018  0.4667532 ], Energy = -80.76781424449486
Minimum 3: Position = [-0.55822363  1.44172585], Energy = -146.699517209954

Approximate saddle points between minima:
Saddle 1: Position = [0.114993   0.16273946], Energy = -68.3538972577712
Saddle 2: Position = [-0.84759394  0.61147361], Energy = -40.541508483954544

Computational statistics:
	Total energy calls: 15552
	Energy calls at each min: [1, 3218, 15552]
	Total force calls: 15552
	Force calls at each min: [1, 3218, 15552]
	Total steps: 16371
	Total Biases: 127

Verification against reference:
True minima found: 3/3

Verification against reference (saddles):
True saddles found: 1/2
Missed saddles at positions:
[0.21248658 0.29298833]
Starting run 4689
Identified minimum at position [0.6234994  0.02803776] with unbiased energy -108.16672411685238
Identified minimum at position [-0.05065206  0.46679168] with unbiased energy -80.76777140694864
Identified minimum at position [-0.55822364  1.44172584] with unbiased energy -146.69951720995402
Simulation completed.


Energies of found minima:
Minimum 1: Position = [0.6234994  0.02803776], Energy = -108.16672411685238
Minimum 2: Position = [-0.05065206  0.46679168], Energy = -80.76777140694864
Minimum 3: Position = [-0.55822364  1.44172584], Energy = -146.69951720995402

Approximate saddle points between minima:
Saddle 1: Position = [ 0.96519009 -0.02170114], Energy = -61.996930619771575
Saddle 2: Position = [-0.80343317  0.63386975], Energy = -40.597045622883144

Computational statistics:
	Total energy calls: 4846
	Energy calls at each min: [1, 2451, 4846]
	Total force calls: 4846
	Force calls at each min: [1, 2451, 4846]
	Total steps: 5110
	Total Biases: 42

Verification against reference:
True minima found: 3/3

Verification against reference (saddles):
True saddles found: 1/2
Missed saddles at positions:
[0.21248658 0.29298833]
Starting run 1412
Identified minimum at position [0.6234994  0.02803776] with unbiased energy -108.16672411685238
Identified minimum at position [-0.05006308  0.46670634] with unbiased energy -80.76781779012867
Identified minimum at position [-0.55822362  1.44172586] with unbiased energy -146.6995172099539
Simulation completed.


Energies of found minima:
Minimum 1: Position = [0.6234994  0.02803776], Energy = -108.16672411685238
Minimum 2: Position = [-0.05006308  0.46670634], Energy = -80.76781779012867
Minimum 3: Position = [-0.55822362  1.44172586], Energy = -146.6995172099539

Approximate saddle points between minima:
Saddle 1: Position = [0.18451837 0.26845905], Energy = -71.93636493978408
Saddle 2: Position = [-0.8246011   0.64090468], Energy = -40.70321891276588

Computational statistics:
	Total energy calls: 6835
	Energy calls at each min: [1, 1433, 6835]
	Total force calls: 6835
	Force calls at each min: [1, 1433, 6835]
	Total steps: 7180
	Total Biases: 55

Verification against reference:
True minima found: 3/3

Verification against reference (saddles):
True saddles found: 2/2
Starting run 3503
Identified minimum at position [0.6234994  0.02803776] with unbiased energy -108.16672411685238
Identified minimum at position [-0.55822362  1.44172585] with unbiased energy -146.69951720995394
Approximate Hessian has condition number >1e6 and cannot be reliably trusted; reverting to default behavior. 
Eigenvalues: [4.74360542e-03 8.58646985e+05]
Approximate Hessian has condition number >1e6 and cannot be reliably trusted; reverting to default behavior. 
Eigenvalues: [9.61201331e-04 4.68868138e+05]
Approximate Hessian has condition number >1e6 and cannot be reliably trusted; reverting to default behavior. 
Eigenvalues: [2.80433299e-03 3.27232281e+06]
Approximate Hessian has condition number >1e6 and cannot be reliably trusted; reverting to default behavior. 
Eigenvalues: [6.14976976e-04 2.17064076e+07]
Approximate Hessian has condition number >1e6 and cannot be reliably trusted; reverting to default behavior. 
Eigenvalues: [1.60439033e-03 2.03476023e+07]
Simulation completed.


Energies of found minima:
Minimum 1: Position = [0.6234994  0.02803776], Energy = -108.16672411685238
Minimum 2: Position = [-0.55822362  1.44172585], Energy = -146.69951720995394

Approximate saddle points between minima:
Saddle 1: Position = [-0.71798649  0.67153599], Energy = -38.942068126234815

Computational statistics:
	Total energy calls: 647078
	Energy calls at each min: [1, 6526]
	Total force calls: 647078
	Force calls at each min: [1, 6526]
	Total steps: 680347
	Total Biases: 5000

Verification against reference:
True minima found: 2/3
Missed minima at positions:
[-0.05001082  0.4666941 ]

Verification against reference (saddles):
True saddles found: 0/2
Missed saddles at positions:
[0.21248658 0.29298833]
[-0.82200156  0.6243128 ]
Starting run 2822
Identified minimum at position [0.6234994  0.02803776] with unbiased energy -108.16672411685238
Identified minimum at position [-0.05275722  0.46730255] with unbiased energy -80.76689698232818
Identified minimum at position [-0.55822365  1.44172583] with unbiased energy -146.6995172099539
Simulation completed.


Energies of found minima:
Minimum 1: Position = [0.6234994  0.02803776], Energy = -108.16672411685238
Minimum 2: Position = [-0.05275722  0.46730255], Energy = -80.76689698232818
Minimum 3: Position = [-0.55822365  1.44172583], Energy = -146.6995172099539

Approximate saddle points between minima:
Saddle 1: Position = [0.25604982 0.31443315], Energy = -71.63988785537583
Saddle 2: Position = [-0.84871757  0.54300482], Energy = -39.059085398565394

Computational statistics:
	Total energy calls: 9099
	Energy calls at each min: [1, 1531, 9099]
	Total force calls: 9099
	Force calls at each min: [1, 1531, 9099]
	Total steps: 9555
	Total Biases: 74

Verification against reference:
True minima found: 2/3
Missed minima at positions:
[-0.05001082  0.4666941 ]

Verification against reference (saddles):
True saddles found: 1/2
Missed saddles at positions:
[-0.82200156  0.6243128 ]
