Starting run 4826
Identified minimum at position [0.6234994  0.02803776] with unbiased energy -108.16672411685238
Identified minimum at position [-0.05016215  0.46672443] with unbiased energy -80.76781541057318
Identified minimum at position [-0.55822365  1.44172582] with unbiased energy -146.6995172099539
Simulation completed.


Energies of found minima:
Minimum 1: Position = [0.6234994  0.02803776], Energy = -108.16672411685238
Minimum 2: Position = [-0.05016215  0.46672443], Energy = -80.76781541057318
Minimum 3: Position = [-0.55822365  1.44172582], Energy = -146.6995172099539

Approximate saddle points between minima:
Saddle 1: Position = [0.51371953 0.29276293], Energy = -61.302804729038186
Saddle 2: Position = [0.49250736 0.53457571], Energy = -31.68401644265954

Computational statistics:
	Total energy calls: 9965
	Energy calls at each min: [1, 1552, 9965]
	Total force calls: 9965
	Force calls at each min: [1, 1552, 9965]
	Total steps: 10499
	Total Biases: 80

Verification against reference:
True minima found: 3/3

Verification against reference (saddles):
True saddles found: 0/2
Missed saddles at positions:
[0.21248658 0.29298833]
[-0.82200156  0.6243128 ]
Starting run 2409
Identified minimum at position [0.6234994  0.02803776] with unbiased energy -108.16672411685238
Identified minimum at position [-0.05002137  0.4666961 ] with unbiased energy -80.76781811663025
Identified minimum at position [-0.55822362  1.44172586] with unbiased energy -146.6995172099539
Simulation completed.


Energies of found minima:
Minimum 1: Position = [0.6234994  0.02803776], Energy = -108.16672411685238
Minimum 2: Position = [-0.05002137  0.4666961 ], Energy = -80.76781811663025
Minimum 3: Position = [-0.55822362  1.44172586], Energy = -146.6995172099539

Approximate saddle points between minima:
Saddle 1: Position = [0.24146647 0.29727159], Energy = -72.09991783806282
Saddle 2: Position = [-0.87038788  0.52027944], Energy = -37.278723652959144

Computational statistics:
	Total energy calls: 5332
	Energy calls at each min: [1, 1445, 5332]
	Total force calls: 5332
	Force calls at each min: [1, 1445, 5332]
	Total steps: 5623
	Total Biases: 45

Verification against reference:
True minima found: 3/3

Verification against reference (saddles):
True saddles found: 1/2
Missed saddles at positions:
[-0.82200156  0.6243128 ]
Starting run 1012
Identified minimum at position [0.6234994  0.02803776] with unbiased energy -108.16672411685238
Identified minimum at position [-0.05026777  0.46673323] with unbiased energy -80.76781062703702
Identified minimum at position [-0.55822365  1.44172582] with unbiased energy -146.69951720995385
Simulation completed.


Energies of found minima:
Minimum 1: Position = [0.6234994  0.02803776], Energy = -108.16672411685238
Minimum 2: Position = [-0.05026777  0.46673323], Energy = -80.76781062703702
Minimum 3: Position = [-0.55822365  1.44172582], Energy = -146.69951720995385

Approximate saddle points between minima:
Saddle 1: Position = [0.86582962 0.15382417], Energy = -59.47208322300776
Saddle 2: Position = [-0.19863957  0.7882869 ], Energy = -20.38333734083089

Computational statistics:
	Total energy calls: 9822
	Energy calls at each min: [1, 1746, 9822]
	Total force calls: 9822
	Force calls at each min: [1, 1746, 9822]
	Total steps: 10348
	Total Biases: 78

Verification against reference:
True minima found: 3/3

Verification against reference (saddles):
True saddles found: 0/2
Missed saddles at positions:
[0.21248658 0.29298833]
[-0.82200156  0.6243128 ]
Starting run 272
Identified minimum at position [0.6234994  0.02803776] with unbiased energy -108.16672411685238
Identified minimum at position [-0.05003498  0.4667006 ] with unbiased energy -80.76781805277241
Identified minimum at position [-0.55822365  1.44172582] with unbiased energy -146.69951720995385
Simulation completed.


Energies of found minima:
Minimum 1: Position = [0.6234994  0.02803776], Energy = -108.16672411685238
Minimum 2: Position = [-0.05003498  0.4667006 ], Energy = -80.76781805277241
Minimum 3: Position = [-0.55822365  1.44172582], Energy = -146.69951720995385

Approximate saddle points between minima:
Saddle 1: Position = [0.1366181  0.10061591], Energy = -70.33443293050271
Saddle 2: Position = [-0.81942935  0.54627279], Energy = -40.27009438427288

Computational statistics:
	Total energy calls: 14015
	Energy calls at each min: [1, 2491, 14015]
	Total force calls: 14015
	Force calls at each min: [1, 2491, 14015]
	Total steps: 14753
	Total Biases: 117

Verification against reference:
True minima found: 3/3

Verification against reference (saddles):
True saddles found: 0/2
Missed saddles at positions:
[0.21248658 0.29298833]
[-0.82200156  0.6243128 ]
Starting run 1519
Identified minimum at position [0.6234994  0.02803776] with unbiased energy -108.16672411685238
Identified minimum at position [-0.05072803  0.46680273] with unbiased energy -80.76775970546397
Identified minimum at position [-0.55822364  1.44172583] with unbiased energy -146.69951720995397
Simulation completed.


Energies of found minima:
Minimum 1: Position = [0.6234994  0.02803776], Energy = -108.16672411685238
Minimum 2: Position = [-0.05072803  0.46680273], Energy = -80.76775970546397
Minimum 3: Position = [-0.55822364  1.44172583], Energy = -146.69951720995397

Approximate saddle points between minima:
Saddle 1: Position = [0.28405493 0.31579249], Energy = -70.92447097736843
Saddle 2: Position = [-0.36588911  0.71975305], Energy = -36.1806388919118

Computational statistics:
	Total energy calls: 6907
	Energy calls at each min: [1, 1338, 6907]
	Total force calls: 6907
	Force calls at each min: [1, 1338, 6907]
	Total steps: 7281
	Total Biases: 59

Verification against reference:
True minima found: 3/3

Verification against reference (saddles):
True saddles found: 0/2
Missed saddles at positions:
[0.21248658 0.29298833]
[-0.82200156  0.6243128 ]
Starting run 373
Identified minimum at position [0.6234994  0.02803776] with unbiased energy -108.16672411685238
Identified minimum at position [-0.05002069  0.46669663] with unbiased energy -80.7678181171236
Identified minimum at position [-0.55822363  1.44172584] with unbiased energy -146.699517209954
Simulation completed.


Energies of found minima:
Minimum 1: Position = [0.6234994  0.02803776], Energy = -108.16672411685238
Minimum 2: Position = [-0.05002069  0.46669663], Energy = -80.7678181171236
Minimum 3: Position = [-0.55822363  1.44172584], Energy = -146.699517209954

Approximate saddle points between minima:
Saddle 1: Position = [0.99277895 0.03848322], Energy = -55.226658144201735
Saddle 2: Position = [0.65627892 0.42193872], Energy = -18.317197519419537

Computational statistics:
	Total energy calls: 12246
	Energy calls at each min: [1, 1747, 12246]
	Total force calls: 12246
	Force calls at each min: [1, 1747, 12246]
	Total steps: 12911
	Total Biases: 100

Verification against reference:
True minima found: 3/3

Verification against reference (saddles):
True saddles found: 0/2
Missed saddles at positions:
[0.21248658 0.29298833]
[-0.82200156  0.6243128 ]
Starting run 2732
Identified minimum at position [0.6234994  0.02803776] with unbiased energy -108.16672411685238
Identified minimum at position [-0.05019731  0.46674096] with unbiased energy -80.7678136847616
Identified minimum at position [-0.55822365  1.44172583] with unbiased energy -146.69951720995394
Simulation completed.


Energies of found minima:
Minimum 1: Position = [0.6234994  0.02803776], Energy = -108.16672411685238
Minimum 2: Position = [-0.05019731  0.46674096], Energy = -80.7678136847616
Minimum 3: Position = [-0.55822365  1.44172583], Energy = -146.69951720995394

Approximate saddle points between minima:
Saddle 1: Position = [0.33215026 0.29067204], Energy = -70.87421708641284
Saddle 2: Position = [-0.79034199  0.49814876], Energy = -40.437015027914356

Computational statistics:
	Total energy calls: 5869
	Energy calls at each min: [1, 918, 5869]
	Total force calls: 5869
	Force calls at each min: [1, 918, 5869]
	Total steps: 6173
	Total Biases: 48

Verification against reference:
True minima found: 3/3

Verification against reference (saddles):
True saddles found: 0/2
Missed saddles at positions:
[0.21248658 0.29298833]
[-0.82200156  0.6243128 ]
Starting run 1131
Identified minimum at position [0.6234994  0.02803776] with unbiased energy -108.16672411685238
Identified minimum at position [-0.05002056  0.46669623] with unbiased energy -80.76781811814705
Identified minimum at position [-0.55822365  1.44172583] with unbiased energy -146.6995172099539
Simulation completed.


Energies of found minima:
Minimum 1: Position = [0.6234994  0.02803776], Energy = -108.16672411685238
Minimum 2: Position = [-0.05002056  0.46669623], Energy = -80.76781811814705
Minimum 3: Position = [-0.55822365  1.44172583], Energy = -146.6995172099539

Approximate saddle points between minima:
Saddle 1: Position = [0.20358925 0.27905931], Energy = -72.21646855811818
Saddle 2: Position = [-0.52068367  0.30529313], Energy = -39.786545654916495

Computational statistics:
	Total energy calls: 5986
	Energy calls at each min: [1, 971, 5986]
	Total force calls: 5986
	Force calls at each min: [1, 971, 5986]
	Total steps: 6307
	Total Biases: 51

Verification against reference:
True minima found: 3/3

Verification against reference (saddles):
True saddles found: 1/2
Missed saddles at positions:
[-0.82200156  0.6243128 ]
Starting run 4982
Identified minimum at position [0.6234994  0.02803776] with unbiased energy -108.16672411685238
Identified minimum at position [-0.05001707  0.46669612] with unbiased energy -80.76781812393304
Identified minimum at position [-0.55822364  1.44172584] with unbiased energy -146.699517209954
Simulation completed.


Energies of found minima:
Minimum 1: Position = [0.6234994  0.02803776], Energy = -108.16672411685238
Minimum 2: Position = [-0.05001707  0.46669612], Energy = -80.76781812393304
Minimum 3: Position = [-0.55822364  1.44172584], Energy = -146.699517209954

Approximate saddle points between minima:
Saddle 1: Position = [0.43838944 0.27139502], Energy = -69.42117743793642
Saddle 2: Position = [-0.31105248  0.00442362], Energy = -15.902183718120728

Computational statistics:
	Total energy calls: 6208
	Energy calls at each min: [1, 1720, 6208]
	Total force calls: 6208
	Force calls at each min: [1, 1720, 6208]
	Total steps: 6536
	Total Biases: 49

Verification against reference:
True minima found: 3/3

Verification against reference (saddles):
True saddles found: 0/2
Missed saddles at positions:
[0.21248658 0.29298833]
[-0.82200156  0.6243128 ]
Starting run 4989
Identified minimum at position [0.6234994  0.02803776] with unbiased energy -108.16672411685238
Identified minimum at position [-0.05001149  0.46669421] with unbiased energy -80.76781812960834
Identified minimum at position [-0.55822363  1.44172585] with unbiased energy -146.699517209954
Simulation completed.


Energies of found minima:
Minimum 1: Position = [0.6234994  0.02803776], Energy = -108.16672411685238
Minimum 2: Position = [-0.05001149  0.46669421], Energy = -80.76781812960834
Minimum 3: Position = [-0.55822363  1.44172585], Energy = -146.699517209954

Approximate saddle points between minima:
Saddle 1: Position = [0.18253878 0.29818413], Energy = -72.2489945291922
Saddle 2: Position = [-0.77343423  0.38994556], Energy = -32.999955045646566

Computational statistics:
	Total energy calls: 3776
	Energy calls at each min: [1, 1112, 3776]
	Total force calls: 3776
	Force calls at each min: [1, 1112, 3776]
	Total steps: 3977
	Total Biases: 31

Verification against reference:
True minima found: 3/3

Verification against reference (saddles):
True saddles found: 1/2
Missed saddles at positions:
[-0.82200156  0.6243128 ]
Starting run 474
Identified minimum at position [0.6234994  0.02803776] with unbiased energy -108.16672411685238
Identified minimum at position [-0.05001492  0.46669506] with unbiased energy -80.76781812757784
Identified minimum at position [-0.55822365  1.44172582] with unbiased energy -146.69951720995388
Simulation completed.


Energies of found minima:
Minimum 1: Position = [0.6234994  0.02803776], Energy = -108.16672411685238
Minimum 2: Position = [-0.05001492  0.46669506], Energy = -80.76781812757784
Minimum 3: Position = [-0.55822365  1.44172582], Energy = -146.69951720995388

Approximate saddle points between minima:
Saddle 1: Position = [0.37711622 0.3422683 ], Energy = -65.21222726914452
Saddle 2: Position = [-0.81172052  0.49733633], Energy = -39.11896443835539

Computational statistics:
	Total energy calls: 3807
	Energy calls at each min: [1, 1303, 3807]
	Total force calls: 3807
	Force calls at each min: [1, 1303, 3807]
	Total steps: 4008
	Total Biases: 32

Verification against reference:
True minima found: 3/3

Verification against reference (saddles):
True saddles found: 0/2
Missed saddles at positions:
[0.21248658 0.29298833]
[-0.82200156  0.6243128 ]
Starting run 4954
Identified minimum at position [0.6234994  0.02803776] with unbiased energy -108.16672411685238
Identified minimum at position [-0.05004442  0.4667023 ] with unbiased energy -80.76781798712494
Identified minimum at position [-0.55822362  1.44172586] with unbiased energy -146.69951720995394
Simulation completed.


Energies of found minima:
Minimum 1: Position = [0.6234994  0.02803776], Energy = -108.16672411685238
Minimum 2: Position = [-0.05004442  0.4667023 ], Energy = -80.76781798712494
Minimum 3: Position = [-0.55822362  1.44172586], Energy = -146.69951720995394

Approximate saddle points between minima:
Saddle 1: Position = [0.26878817 0.32545276], Energy = -71.13637693143274
Saddle 2: Position = [-0.78352384  0.34767657], Energy = -26.86847778895251

Computational statistics:
	Total energy calls: 12018
	Energy calls at each min: [1, 876, 12018]
	Total force calls: 12018
	Force calls at each min: [1, 876, 12018]
	Total steps: 12671
	Total Biases: 99

Verification against reference:
True minima found: 3/3

Verification against reference (saddles):
True saddles found: 0/2
Missed saddles at positions:
[0.21248658 0.29298833]
[-0.82200156  0.6243128 ]
Starting run 4079
Identified minimum at position [0.6234994  0.02803776] with unbiased energy -108.16672411685238
Identified minimum at position [-0.05027508  0.46675959] with unbiased energy -80.76780925564286
Identified minimum at position [-0.55822365  1.44172582] with unbiased energy -146.69951720995388
Simulation completed.


Energies of found minima:
Minimum 1: Position = [0.6234994  0.02803776], Energy = -108.16672411685238
Minimum 2: Position = [-0.05027508  0.46675959], Energy = -80.76780925564286
Minimum 3: Position = [-0.55822365  1.44172582], Energy = -146.69951720995388

Approximate saddle points between minima:
Saddle 1: Position = [0.27546474 0.30308364], Energy = -71.50834298415478
Saddle 2: Position = [-0.83632762  0.57597068], Energy = -40.19311114928567

Computational statistics:
	Total energy calls: 3546
	Energy calls at each min: [1, 977, 3546]
	Total force calls: 3546
	Force calls at each min: [1, 977, 3546]
	Total steps: 3732
	Total Biases: 30

Verification against reference:
True minima found: 3/3

Verification against reference (saddles):
True saddles found: 0/2
Missed saddles at positions:
[0.21248658 0.29298833]
[-0.82200156  0.6243128 ]
Starting run 2866
Identified minimum at position [0.6234994  0.02803776] with unbiased energy -108.16672411685238
Identified minimum at position [-0.05059779  0.46684167] with unbiased energy -80.76777407872287
Identified minimum at position [-0.55822364  1.44172584] with unbiased energy -146.699517209954
Simulation completed.


Energies of found minima:
Minimum 1: Position = [0.6234994  0.02803776], Energy = -108.16672411685238
Minimum 2: Position = [-0.05059779  0.46684167], Energy = -80.76777407872287
Minimum 3: Position = [-0.55822364  1.44172584], Energy = -146.699517209954

Approximate saddle points between minima:
Saddle 1: Position = [0.67255212 0.23089773], Energy = -61.92794188630816
Saddle 2: Position = [-0.67060368  0.29171344], Energy = -26.685865784973775

Computational statistics:
	Total energy calls: 15447
	Energy calls at each min: [1, 2805, 15447]
	Total force calls: 15447
	Force calls at each min: [1, 2805, 15447]
	Total steps: 16262
	Total Biases: 123

Verification against reference:
True minima found: 3/3

Verification against reference (saddles):
True saddles found: 0/2
Missed saddles at positions:
[0.21248658 0.29298833]
[-0.82200156  0.6243128 ]
Starting run 4345
Identified minimum at position [0.6234994  0.02803776] with unbiased energy -108.16672411685238
Identified minimum at position [-0.05004912  0.46670149] with unbiased energy -80.76781795704956
Identified minimum at position [-0.55822365  1.44172583] with unbiased energy -146.69951720995397
Simulation completed.


Energies of found minima:
Minimum 1: Position = [0.6234994  0.02803776], Energy = -108.16672411685238
Minimum 2: Position = [-0.05004912  0.46670149], Energy = -80.76781795704956
Minimum 3: Position = [-0.55822365  1.44172583], Energy = -146.69951720995397

Approximate saddle points between minima:
Saddle 1: Position = [ 0.95495103 -0.03344976], Energy = -62.87752120508935
Saddle 2: Position = [-0.75058322  0.71165616], Energy = -38.005142489794736

Computational statistics:
	Total energy calls: 4623
	Energy calls at each min: [1, 1824, 4623]
	Total force calls: 4623
	Force calls at each min: [1, 1824, 4623]
	Total steps: 4882
	Total Biases: 40

Verification against reference:
True minima found: 3/3

Verification against reference (saddles):
True saddles found: 0/2
Missed saddles at positions:
[0.21248658 0.29298833]
[-0.82200156  0.6243128 ]
Starting run 3303
Identified minimum at position [0.6234994  0.02803776] with unbiased energy -108.16672411685238
Identified minimum at position [-0.05052257  0.46688029] with unbiased energy -80.7677758731872
Identified minimum at position [-0.55822364  1.44172584] with unbiased energy -146.69951720995397
Simulation completed.


Energies of found minima:
Minimum 1: Position = [0.6234994  0.02803776], Energy = -108.16672411685238
Minimum 2: Position = [-0.05052257  0.46688029], Energy = -80.7677758731872
Minimum 3: Position = [-0.55822364  1.44172584], Energy = -146.69951720995397

Approximate saddle points between minima:
Saddle 1: Position = [0.22310544 0.30709834], Energy = -72.19747556513163
Saddle 2: Position = [-0.81505177  0.61185268], Energy = -40.72209554282046

Computational statistics:
	Total energy calls: 3213
	Energy calls at each min: [1, 558, 3213]
	Total force calls: 3213
	Force calls at each min: [1, 558, 3213]
	Total steps: 3379
	Total Biases: 26

Verification against reference:
True minima found: 3/3

Verification against reference (saddles):
True saddles found: 2/2
Starting run 1274
Identified minimum at position [0.6234994  0.02803776] with unbiased energy -108.16672411685238
Identified minimum at position [-0.05001085  0.46669412] with unbiased energy -80.76781812965882
Identified minimum at position [-0.55822365  1.44172583] with unbiased energy -146.69951720995394
Simulation completed.


Energies of found minima:
Minimum 1: Position = [0.6234994  0.02803776], Energy = -108.16672411685238
Minimum 2: Position = [-0.05001085  0.46669412], Energy = -80.76781812965882
Minimum 3: Position = [-0.55822365  1.44172583], Energy = -146.69951720995394

Approximate saddle points between minima:
Saddle 1: Position = [0.50970083 0.26303876], Energy = -67.23142459705889
Saddle 2: Position = [1.1439022  0.05673812], Energy = 13.976300490114397

Computational statistics:
	Total energy calls: 10126
	Energy calls at each min: [1, 1263, 10126]
	Total force calls: 10126
	Force calls at each min: [1, 1263, 10126]
	Total steps: 10673
	Total Biases: 81

Verification against reference:
True minima found: 3/3

Verification against reference (saddles):
True saddles found: 0/2
Missed saddles at positions:
[0.21248658 0.29298833]
[-0.82200156  0.6243128 ]
Starting run 4546
Identified minimum at position [0.6234994  0.02803776] with unbiased energy -108.16672411685238
Identified minimum at position [-0.05007103  0.46671614] with unbiased energy -80.76781754200776
Identified minimum at position [-0.55822365  1.44172582] with unbiased energy -146.69951720995385
Simulation completed.


Energies of found minima:
Minimum 1: Position = [0.6234994  0.02803776], Energy = -108.16672411685238
Minimum 2: Position = [-0.05007103  0.46671614], Energy = -80.76781754200776
Minimum 3: Position = [-0.55822365  1.44172582], Energy = -146.69951720995385

Approximate saddle points between minima:
Saddle 1: Position = [0.13354305 0.1902397 ], Energy = -69.72626351417837
Saddle 2: Position = [-0.06067038 -0.04385315], Energy = -35.74750456830654

Computational statistics:
	Total energy calls: 6977
	Energy calls at each min: [1, 1295, 6977]
	Total force calls: 6977
	Force calls at each min: [1, 1295, 6977]
	Total steps: 7346
	Total Biases: 57

Verification against reference:
True minima found: 3/3

Verification against reference (saddles):
True saddles found: 0/2
Missed saddles at positions:
[0.21248658 0.29298833]
[-0.82200156  0.6243128 ]
Starting run 3207
Identified minimum at position [0.6234994  0.02803776] with unbiased energy -108.16672411685238
Identified minimum at position [-0.05038095  0.46677906] with unbiased energy -80.76780121430761
Identified minimum at position [-0.55822362  1.44172586] with unbiased energy -146.69951720995385
Simulation completed.


Energies of found minima:
Minimum 1: Position = [0.6234994  0.02803776], Energy = -108.16672411685238
Minimum 2: Position = [-0.05038095  0.46677906], Energy = -80.76780121430761
Minimum 3: Position = [-0.55822362  1.44172586], Energy = -146.69951720995385

Approximate saddle points between minima:
Saddle 1: Position = [0.1843851  0.28257581], Energy = -72.03855417211201
Saddle 2: Position = [-0.8386671   0.60535355], Energy = -40.5058013249683

Computational statistics:
	Total energy calls: 5937
	Energy calls at each min: [1, 1530, 5937]
	Total force calls: 5937
	Force calls at each min: [1, 1530, 5937]
	Total steps: 6234
	Total Biases: 50

Verification against reference:
True minima found: 3/3

Verification against reference (saddles):
True saddles found: 2/2
Starting run 3731
Identified minimum at position [0.6234994  0.02803776] with unbiased energy -108.16672411685238
Identified minimum at position [-0.05077394  0.46688085] with unbiased energy -80.7677444913818
Identified minimum at position [-0.55822362  1.44172586] with unbiased energy -146.6995172099539
Simulation completed.


Energies of found minima:
Minimum 1: Position = [0.6234994  0.02803776], Energy = -108.16672411685238
Minimum 2: Position = [-0.05077394  0.46688085], Energy = -80.7677444913818
Minimum 3: Position = [-0.55822362  1.44172586], Energy = -146.6995172099539

Approximate saddle points between minima:
Saddle 1: Position = [0.09044398 0.1335702 ], Energy = -65.97579286939279
Saddle 2: Position = [-0.76384064  0.66842662], Energy = -39.53554048068233

Computational statistics:
	Total energy calls: 11290
	Energy calls at each min: [1, 2508, 11290]
	Total force calls: 11290
	Force calls at each min: [1, 2508, 11290]
	Total steps: 11878
	Total Biases: 94

Verification against reference:
True minima found: 3/3

Verification against reference (saddles):
True saddles found: 0/2
Missed saddles at positions:
[0.21248658 0.29298833]
[-0.82200156  0.6243128 ]
Starting run 4482
Identified minimum at position [0.6234994  0.02803776] with unbiased energy -108.16672411685238
Identified minimum at position [-0.05001126  0.46669419] with unbiased energy -80.76781812963647
Identified minimum at position [-0.55822365  1.44172582] with unbiased energy -146.69951720995385
Simulation completed.


Energies of found minima:
Minimum 1: Position = [0.6234994  0.02803776], Energy = -108.16672411685238
Minimum 2: Position = [-0.05001126  0.46669419], Energy = -80.76781812963647
Minimum 3: Position = [-0.55822365  1.44172582], Energy = -146.69951720995385

Approximate saddle points between minima:
Saddle 1: Position = [0.19620813 0.28079295], Energy = -72.14813689486458
Saddle 2: Position = [-0.26539184  0.12809831], Energy = -32.22883421209636

Computational statistics:
	Total energy calls: 13343
	Energy calls at each min: [1, 1516, 13343]
	Total force calls: 13343
	Force calls at each min: [1, 1516, 13343]
	Total steps: 14023
	Total Biases: 113

Verification against reference:
True minima found: 3/3

Verification against reference (saddles):
True saddles found: 1/2
Missed saddles at positions:
[-0.82200156  0.6243128 ]
Starting run 4874
Identified minimum at position [0.6234994  0.02803776] with unbiased energy -108.16672411685238
Identified minimum at position [-0.0502419   0.46674016] with unbiased energy -80.767811797343
Identified minimum at position [-0.55822362  1.44172586] with unbiased energy -146.6995172099539
Simulation completed.


Energies of found minima:
Minimum 1: Position = [0.6234994  0.02803776], Energy = -108.16672411685238
Minimum 2: Position = [-0.0502419   0.46674016], Energy = -80.767811797343
Minimum 3: Position = [-0.55822362  1.44172586], Energy = -146.6995172099539

Approximate saddle points between minima:
Saddle 1: Position = [0.24268066 0.33381342], Energy = -71.80462033864713
Saddle 2: Position = [-0.84915159  0.58661386], Energy = -40.11583908838274

Computational statistics:
	Total energy calls: 9591
	Energy calls at each min: [1, 2221, 9591]
	Total force calls: 9591
	Force calls at each min: [1, 2221, 9591]
	Total steps: 10083
	Total Biases: 74

Verification against reference:
True minima found: 3/3

Verification against reference (saddles):
True saddles found: 1/2
Missed saddles at positions:
[0.21248658 0.29298833]
Starting run 3264
Identified minimum at position [0.6234994  0.02803776] with unbiased energy -108.16672411685238
Identified minimum at position [-0.05001298  0.46669467] with unbiased energy -80.76781812905499
Identified minimum at position [-0.55822363  1.44172585] with unbiased energy -146.69951720995397
Simulation completed.


Energies of found minima:
Minimum 1: Position = [0.6234994  0.02803776], Energy = -108.16672411685238
Minimum 2: Position = [-0.05001298  0.46669467], Energy = -80.76781812905499
Minimum 3: Position = [-0.55822363  1.44172585], Energy = -146.69951720995397

Approximate saddle points between minima:
Saddle 1: Position = [0.33623599 0.32235187], Energy = -68.74822342255244
Saddle 2: Position = [0.53752461 0.49088884], Energy = -30.524737455440146

Computational statistics:
	Total energy calls: 9076
	Energy calls at each min: [1, 1148, 9076]
	Total force calls: 9076
	Force calls at each min: [1, 1148, 9076]
	Total steps: 9561
	Total Biases: 77

Verification against reference:
True minima found: 3/3

Verification against reference (saddles):
True saddles found: 0/2
Missed saddles at positions:
[0.21248658 0.29298833]
[-0.82200156  0.6243128 ]
Starting run 4062
Identified minimum at position [0.6234994  0.02803776] with unbiased energy -108.16672411685238
Identified minimum at position [-0.55822364  1.44172584] with unbiased energy -146.69951720995402
Approximate Hessian has condition number >1e6 and cannot be reliably trusted; reverting to default behavior. 
Eigenvalues: [1.07159346e-03 4.48072412e+05]
Approximate Hessian has condition number >1e6 and cannot be reliably trusted; reverting to default behavior. 
Eigenvalues: [1.07919145e-03 1.75705112e+07]
Approximate Hessian has condition number >1e6 and cannot be reliably trusted; reverting to default behavior. 
Eigenvalues: [2.49307405e-03 2.27883092e+06]
Approximate Hessian has condition number >1e6 and cannot be reliably trusted; reverting to default behavior. 
Eigenvalues: [2.73533649e-03 1.52040341e+06]
Approximate Hessian has condition number >1e6 and cannot be reliably trusted; reverting to default behavior. 
Eigenvalues: [2.35027829e-03 7.48136678e+04]
Approximate Hessian has condition number >1e6 and cannot be reliably trusted; reverting to default behavior. 
Eigenvalues: [3.55156718e-03 4.91479040e+05]
Approximate Hessian has condition number >1e6 and cannot be reliably trusted; reverting to default behavior. 
Eigenvalues: [2.15150113e-03 3.52586168e+06]
Simulation completed.


Energies of found minima:
Minimum 1: Position = [0.6234994  0.02803776], Energy = -108.16672411685238
Minimum 2: Position = [-0.55822364  1.44172584], Energy = -146.69951720995402

Approximate saddle points between minima:
Saddle 1: Position = [-0.26224319  0.0084793 ], Energy = -20.786331016456124

Computational statistics:
	Total energy calls: 640936
	Energy calls at each min: [1, 10875]
	Total force calls: 640936
	Force calls at each min: [1, 10875]
	Total steps: 675118
	Total Biases: 5000

Verification against reference:
True minima found: 2/3
Missed minima at positions:
[-0.05001082  0.4666941 ]

Verification against reference (saddles):
True saddles found: 0/2
Missed saddles at positions:
[0.21248658 0.29298833]
[-0.82200156  0.6243128 ]
Starting run 4468
Identified minimum at position [0.6234994  0.02803776] with unbiased energy -108.16672411685238
Identified minimum at position [-0.05001421  0.46669498] with unbiased energy -80.7678181281773
Identified minimum at position [-0.55822365  1.44172582] with unbiased energy -146.69951720995388
Simulation completed.


Energies of found minima:
Minimum 1: Position = [0.6234994  0.02803776], Energy = -108.16672411685238
Minimum 2: Position = [-0.05001421  0.46669498], Energy = -80.7678181281773
Minimum 3: Position = [-0.55822365  1.44172582], Energy = -146.69951720995388

Approximate saddle points between minima:
Saddle 1: Position = [0.17111533 0.23627681], Energy = -71.55459725892715
Saddle 2: Position = [0.31726719 0.66765962], Energy = -27.734634217832102

Computational statistics:
	Total energy calls: 6872
	Energy calls at each min: [1, 1030, 6872]
	Total force calls: 6872
	Force calls at each min: [1, 1030, 6872]
	Total steps: 7239
	Total Biases: 55

Verification against reference:
True minima found: 3/3

Verification against reference (saddles):
True saddles found: 0/2
Missed saddles at positions:
[0.21248658 0.29298833]
[-0.82200156  0.6243128 ]
Starting run 4105
Identified minimum at position [0.6234994  0.02803776] with unbiased energy -108.16672411685238
Approximate Hessian has condition number >1e6 and cannot be reliably trusted; reverting to default behavior. 
Eigenvalues: [1.38006411e-01 2.79889596e+08]
Identified minimum at position [-0.05007627  0.46670721] with unbiased energy -80.7678176211566
Identified minimum at position [-0.55822365  1.44172583] with unbiased energy -146.69951720995394
Simulation completed.


Energies of found minima:
Minimum 1: Position = [0.6234994  0.02803776], Energy = -108.16672411685238
Minimum 2: Position = [-0.05007627  0.46670721], Energy = -80.7678176211566
Minimum 3: Position = [-0.55822365  1.44172583], Energy = -146.69951720995394

Approximate saddle points between minima:
Saddle 1: Position = [0.29219574 0.3394408 ], Energy = -69.98035341158865
Saddle 2: Position = [-0.84073013  0.6233351 ], Energy = -40.69332505678558

Computational statistics:
	Total energy calls: 10411
	Energy calls at each min: [1, 3060, 10411]
	Total force calls: 10411
	Force calls at each min: [1, 3060, 10411]
	Total steps: 10939
	Total Biases: 84

Verification against reference:
True minima found: 3/3

Verification against reference (saddles):
True saddles found: 1/2
Missed saddles at positions:
[0.21248658 0.29298833]
