Starting run 1810
Identified minimum at position [0.6234994  0.02803776] with unbiased energy -108.16672411685238
Identified minimum at position [-0.05002247  0.46669715] with unbiased energy -80.7678181120052
Identified minimum at position [-0.55822363  1.44172585] with unbiased energy -146.699517209954
Simulation completed.


Energies of found minima:
Minimum 1: Position = [0.6234994  0.02803776], Energy = -108.16672411685238
Minimum 2: Position = [-0.05002247  0.46669715], Energy = -80.7678181120052
Minimum 3: Position = [-0.55822363  1.44172585], Energy = -146.699517209954

Approximate saddle points between minima:
Saddle 1: Position = [0.31113222 0.28773931], Energy = -71.52082558547073
Saddle 2: Position = [-0.70731831  0.69569173], Energy = -37.32985309619254

Computational statistics:
	Total energy calls: 9444
	Energy calls at each min: [1, 1708, 9444]
	Total force calls: 9444
	Force calls at each min: [1, 1708, 9444]
	Total steps: 9934
	Total Biases: 76

Verification against reference:
True minima found: 3/3

Verification against reference (saddles):
True saddles found: 0/2
Missed saddles at positions:
[0.21248658 0.29298833]
[-0.82200156  0.6243128 ]
Starting run 5014
Identified minimum at position [0.6234994  0.02803776] with unbiased energy -108.16672411685238
Identified minimum at position [-0.05048722  0.46706285] with unbiased energy -80.76771819365763
Identified minimum at position [-0.55822363  1.44172584] with unbiased energy -146.699517209954
Simulation completed.


Energies of found minima:
Minimum 1: Position = [0.6234994  0.02803776], Energy = -108.16672411685238
Minimum 2: Position = [-0.05048722  0.46706285], Energy = -80.76771819365763
Minimum 3: Position = [-0.55822363  1.44172584], Energy = -146.699517209954

Approximate saddle points between minima:
Saddle 1: Position = [0.23363564 0.32268123], Energy = -72.03695196805455
Saddle 2: Position = [-0.80558766  0.64198803], Energy = -40.52551013874556

Computational statistics:
	Total energy calls: 9575
	Energy calls at each min: [1, 2115, 9575]
	Total force calls: 9575
	Force calls at each min: [1, 2115, 9575]
	Total steps: 10059
	Total Biases: 76

Verification against reference:
True minima found: 3/3

Verification against reference (saddles):
True saddles found: 2/2
Starting run 4699
Identified minimum at position [0.6234994  0.02803776] with unbiased energy -108.16672411685238
Identified minimum at position [-0.05002458  0.46669711] with unbiased energy -80.767818106669
Identified minimum at position [-0.55822365  1.44172583] with unbiased energy -146.69951720995388
Simulation completed.


Energies of found minima:
Minimum 1: Position = [0.6234994  0.02803776], Energy = -108.16672411685238
Minimum 2: Position = [-0.05002458  0.46669711], Energy = -80.767818106669
Minimum 3: Position = [-0.55822365  1.44172583], Energy = -146.69951720995388

Approximate saddle points between minima:
Saddle 1: Position = [0.07942783 0.15934432], Energy = -65.35850604308888
Saddle 2: Position = [0.52402512 0.49073916], Energy = -32.88445128410764

Computational statistics:
	Total energy calls: 10303
	Energy calls at each min: [1, 2161, 10303]
	Total force calls: 10303
	Force calls at each min: [1, 2161, 10303]
	Total steps: 10852
	Total Biases: 80

Verification against reference:
True minima found: 3/3

Verification against reference (saddles):
True saddles found: 0/2
Missed saddles at positions:
[0.21248658 0.29298833]
[-0.82200156  0.6243128 ]
Starting run 2848
Identified minimum at position [0.6234994  0.02803776] with unbiased energy -108.16672411685238
Identified minimum at position [-0.05001838  0.46669599] with unbiased energy -80.76781812238082
Identified minimum at position [-0.55822365  1.44172583] with unbiased energy -146.69951720995394
Simulation completed.


Energies of found minima:
Minimum 1: Position = [0.6234994  0.02803776], Energy = -108.16672411685238
Minimum 2: Position = [-0.05001838  0.46669599], Energy = -80.76781812238082
Minimum 3: Position = [-0.55822365  1.44172583], Energy = -146.69951720995394

Approximate saddle points between minima:
Saddle 1: Position = [0.15792075 0.27457676], Energy = -71.50484736185201
Saddle 2: Position = [-0.84228877  0.52041035], Energy = -38.504227943140094

Computational statistics:
	Total energy calls: 6524
	Energy calls at each min: [1, 1188, 6524]
	Total force calls: 6524
	Force calls at each min: [1, 1188, 6524]
	Total steps: 6866
	Total Biases: 54

Verification against reference:
True minima found: 3/3

Verification against reference (saddles):
True saddles found: 0/2
Missed saddles at positions:
[0.21248658 0.29298833]
[-0.82200156  0.6243128 ]
Starting run 3789
Identified minimum at position [0.6234994  0.02803776] with unbiased energy -108.16672411685238
Identified minimum at position [-0.05074321  0.4668804 ] with unbiased energy -80.7677491993644
Identified minimum at position [-0.55822362  1.44172586] with unbiased energy -146.6995172099539
Simulation completed.


Energies of found minima:
Minimum 1: Position = [0.6234994  0.02803776], Energy = -108.16672411685238
Minimum 2: Position = [-0.05074321  0.4668804 ], Energy = -80.7677491993644
Minimum 3: Position = [-0.55822362  1.44172586], Energy = -146.6995172099539

Approximate saddle points between minima:
Saddle 1: Position = [0.16409463 0.26513224], Energy = -71.4758597219683
Saddle 2: Position = [-0.83295321  0.50572759], Energy = -38.32627789411409

Computational statistics:
	Total energy calls: 2781
	Energy calls at each min: [1, 1533, 2781]
	Total force calls: 2781
	Force calls at each min: [1, 1533, 2781]
	Total steps: 2928
	Total Biases: 25

Verification against reference:
True minima found: 3/3

Verification against reference (saddles):
True saddles found: 0/2
Missed saddles at positions:
[0.21248658 0.29298833]
[-0.82200156  0.6243128 ]
Starting run 1798
Identified minimum at position [0.6234994  0.02803776] with unbiased energy -108.16672411685238
Identified minimum at position [-0.0515955   0.46719066] with unbiased energy -80.76745622609072
Identified minimum at position [-0.55822365  1.44172582] with unbiased energy -146.69951720995388
Simulation completed.


Energies of found minima:
Minimum 1: Position = [0.6234994  0.02803776], Energy = -108.16672411685238
Minimum 2: Position = [-0.0515955   0.46719066], Energy = -80.76745622609072
Minimum 3: Position = [-0.55822365  1.44172582], Energy = -146.69951720995388

Approximate saddle points between minima:
Saddle 1: Position = [0.14748615 0.25341789], Energy = -70.83208575437897
Saddle 2: Position = [-0.81569636  0.62149879], Energy = -40.6803232520537

Computational statistics:
	Total energy calls: 9203
	Energy calls at each min: [1, 1797, 9203]
	Total force calls: 9203
	Force calls at each min: [1, 1797, 9203]
	Total steps: 9659
	Total Biases: 73

Verification against reference:
True minima found: 2/3
Missed minima at positions:
[-0.05001082  0.4666941 ]

Verification against reference (saddles):
True saddles found: 1/2
Missed saddles at positions:
[0.21248658 0.29298833]
Starting run 1546
Identified minimum at position [0.6234994  0.02803776] with unbiased energy -108.16672411685238
Identified minimum at position [-0.05276786  0.46721583] with unbiased energy -80.76692656844604
Identified minimum at position [-0.55822362  1.44172586] with unbiased energy -146.6995172099539
Simulation completed.


Energies of found minima:
Minimum 1: Position = [0.6234994  0.02803776], Energy = -108.16672411685238
Minimum 2: Position = [-0.05276786  0.46721583], Energy = -80.76692656844604
Minimum 3: Position = [-0.55822362  1.44172586], Energy = -146.6995172099539

Approximate saddle points between minima:
Saddle 1: Position = [0.05215693 0.1454359 ], Energy = -62.63734861549858
Saddle 2: Position = [-0.78896419  0.65014281], Energy = -40.2819889123866

Computational statistics:
	Total energy calls: 9072
	Energy calls at each min: [1, 1861, 9072]
	Total force calls: 9072
	Force calls at each min: [1, 1861, 9072]
	Total steps: 9535
	Total Biases: 75

Verification against reference:
True minima found: 2/3
Missed minima at positions:
[-0.05001082  0.4666941 ]

Verification against reference (saddles):
True saddles found: 1/2
Missed saddles at positions:
[0.21248658 0.29298833]
Starting run 2964
Identified minimum at position [0.6234994  0.02803776] with unbiased energy -108.16672411685238
Identified minimum at position [-0.05001129  0.46669421] with unbiased energy -80.76781812963155
Identified minimum at position [-0.5582236   1.44172588] with unbiased energy -146.69951720995354
Simulation completed.


Energies of found minima:
Minimum 1: Position = [0.6234994  0.02803776], Energy = -108.16672411685238
Minimum 2: Position = [-0.05001129  0.46669421], Energy = -80.76781812963155
Minimum 3: Position = [-0.5582236   1.44172588], Energy = -146.69951720995354

Approximate saddle points between minima:
Saddle 1: Position = [0.23803572 0.28096502], Energy = -72.38471166766095
Saddle 2: Position = [-0.8432418   0.46511087], Energy = -35.28632737643021

Computational statistics:
	Total energy calls: 14262
	Energy calls at each min: [1, 1628, 14262]
	Total force calls: 14262
	Force calls at each min: [1, 1628, 14262]
	Total steps: 14997
	Total Biases: 114

Verification against reference:
True minima found: 3/3

Verification against reference (saddles):
True saddles found: 1/2
Missed saddles at positions:
[-0.82200156  0.6243128 ]
Starting run 2045
Identified minimum at position [0.6234994  0.02803776] with unbiased energy -108.16672411685238
Identified minimum at position [-0.0500583   0.46672259] with unbiased energy -80.76781747192999
Identified minimum at position [-0.55822363  1.44172584] with unbiased energy -146.69951720995402
Simulation completed.


Energies of found minima:
Minimum 1: Position = [0.6234994  0.02803776], Energy = -108.16672411685238
Minimum 2: Position = [-0.0500583   0.46672259], Energy = -80.76781747192999
Minimum 3: Position = [-0.55822363  1.44172584], Energy = -146.69951720995402

Approximate saddle points between minima:
Saddle 1: Position = [0.51619351 0.25584444], Energy = -68.30763757710562
Saddle 2: Position = [-0.73249382  0.68551149], Energy = -38.347510100326

Computational statistics:
	Total energy calls: 5066
	Energy calls at each min: [1, 1435, 5066]
	Total force calls: 5066
	Force calls at each min: [1, 1435, 5066]
	Total steps: 5337
	Total Biases: 39

Verification against reference:
True minima found: 3/3

Verification against reference (saddles):
True saddles found: 0/2
Missed saddles at positions:
[0.21248658 0.29298833]
[-0.82200156  0.6243128 ]
Starting run 351
Identified minimum at position [0.6234994  0.02803776] with unbiased energy -108.16672411685238
Identified minimum at position [-0.05003264  0.46670431] with unbiased energy -80.76781803035593
Identified minimum at position [-0.55822365  1.44172583] with unbiased energy -146.69951720995394
Simulation completed.


Energies of found minima:
Minimum 1: Position = [0.6234994  0.02803776], Energy = -108.16672411685238
Minimum 2: Position = [-0.05003264  0.46670431], Energy = -80.76781803035593
Minimum 3: Position = [-0.55822365  1.44172583], Energy = -146.69951720995394

Approximate saddle points between minima:
Saddle 1: Position = [0.36505688 0.30040297], Energy = -69.06159054573908
Saddle 2: Position = [-0.74611762  0.66631396], Energy = -39.407687717368646

Computational statistics:
	Total energy calls: 4955
	Energy calls at each min: [1, 1697, 4955]
	Total force calls: 4955
	Force calls at each min: [1, 1697, 4955]
	Total steps: 5211
	Total Biases: 39

Verification against reference:
True minima found: 3/3

Verification against reference (saddles):
True saddles found: 0/2
Missed saddles at positions:
[0.21248658 0.29298833]
[-0.82200156  0.6243128 ]
Starting run 703
Identified minimum at position [0.6234994  0.02803776] with unbiased energy -108.16672411685238
Identified minimum at position [-0.05002158  0.46669658] with unbiased energy -80.76781811537523
Identified minimum at position [-0.55822363  1.44172585] with unbiased energy -146.699517209954
Simulation completed.


Energies of found minima:
Minimum 1: Position = [0.6234994  0.02803776], Energy = -108.16672411685238
Minimum 2: Position = [-0.05002158  0.46669658], Energy = -80.76781811537523
Minimum 3: Position = [-0.55822363  1.44172585], Energy = -146.699517209954

Approximate saddle points between minima:
Saddle 1: Position = [0.15100175 0.28689032], Energy = -71.69861851159675
Saddle 2: Position = [-0.62649316  0.66485437], Energy = -40.29984480298616

Computational statistics:
	Total energy calls: 8016
	Energy calls at each min: [1, 1584, 8016]
	Total force calls: 8016
	Force calls at each min: [1, 1584, 8016]
	Total steps: 8428
	Total Biases: 63

Verification against reference:
True minima found: 3/3

Verification against reference (saddles):
True saddles found: 0/2
Missed saddles at positions:
[0.21248658 0.29298833]
[-0.82200156  0.6243128 ]
Starting run 3328
Identified minimum at position [0.6234994  0.02803776] with unbiased energy -108.16672411685238
Identified minimum at position [-0.05003078  0.46669771] with unbiased energy -80.76781808335124
Identified minimum at position [-0.55822366  1.44172582] with unbiased energy -146.69951720995383
Simulation completed.


Energies of found minima:
Minimum 1: Position = [0.6234994  0.02803776], Energy = -108.16672411685238
Minimum 2: Position = [-0.05003078  0.46669771], Energy = -80.76781808335124
Minimum 3: Position = [-0.55822366  1.44172582], Energy = -146.69951720995383

Approximate saddle points between minima:
Saddle 1: Position = [0.13978506 0.16392891], Energy = -70.34078451707333
Saddle 2: Position = [-0.8293196   0.59542165], Energy = -40.529692221627855

Computational statistics:
	Total energy calls: 10986
	Energy calls at each min: [1, 2355, 10986]
	Total force calls: 10986
	Force calls at each min: [1, 2355, 10986]
	Total steps: 11549
	Total Biases: 93

Verification against reference:
True minima found: 3/3

Verification against reference (saddles):
True saddles found: 1/2
Missed saddles at positions:
[0.21248658 0.29298833]
Starting run 1388
Identified minimum at position [0.6234994  0.02803776] with unbiased energy -108.16672411685238
Identified minimum at position [-0.05017768  0.46673275] with unbiased energy -80.76781468150627
Identified minimum at position [-0.55822365  1.44172582] with unbiased energy -146.69951720995388
Simulation completed.


Energies of found minima:
Minimum 1: Position = [0.6234994  0.02803776], Energy = -108.16672411685238
Minimum 2: Position = [-0.05017768  0.46673275], Energy = -80.76781468150627
Minimum 3: Position = [-0.55822365  1.44172582], Energy = -146.69951720995388

Approximate saddle points between minima:
Saddle 1: Position = [0.18151188 0.26242744], Energy = -71.85413452085531
Saddle 2: Position = [0.51284236 0.55601887], Energy = -24.54756356834811

Computational statistics:
	Total energy calls: 8400
	Energy calls at each min: [1, 703, 8400]
	Total force calls: 8400
	Force calls at each min: [1, 703, 8400]
	Total steps: 8845
	Total Biases: 67

Verification against reference:
True minima found: 3/3

Verification against reference (saddles):
True saddles found: 1/2
Missed saddles at positions:
[-0.82200156  0.6243128 ]
Starting run 4164
Identified minimum at position [0.6234994  0.02803776] with unbiased energy -108.16672411685238
Identified minimum at position [-0.05015961  0.46673493] with unbiased energy -80.76781518135766
Identified minimum at position [-0.55822362  1.44172586] with unbiased energy -146.6995172099539
Simulation completed.


Energies of found minima:
Minimum 1: Position = [0.6234994  0.02803776], Energy = -108.16672411685238
Minimum 2: Position = [-0.05015961  0.46673493], Energy = -80.76781518135766
Minimum 3: Position = [-0.55822362  1.44172586], Energy = -146.6995172099539

Approximate saddle points between minima:
Saddle 1: Position = [0.35870769 0.30201957], Energy = -69.17837774962771
Saddle 2: Position = [-0.63506369  0.29020841], Energy = -28.98036556550958

Computational statistics:
	Total energy calls: 8387
	Energy calls at each min: [1, 1155, 8387]
	Total force calls: 8387
	Force calls at each min: [1, 1155, 8387]
	Total steps: 8823
	Total Biases: 69

Verification against reference:
True minima found: 3/3

Verification against reference (saddles):
True saddles found: 0/2
Missed saddles at positions:
[0.21248658 0.29298833]
[-0.82200156  0.6243128 ]
Starting run 1947
Identified minimum at position [0.6234994  0.02803776] with unbiased energy -108.16672411685238
Identified minimum at position [-0.0501337   0.46672434] with unbiased energy -80.76781621655265
Identified minimum at position [-0.55822364  1.44172584] with unbiased energy -146.699517209954
Simulation completed.


Energies of found minima:
Minimum 1: Position = [0.6234994  0.02803776], Energy = -108.16672411685238
Minimum 2: Position = [-0.0501337   0.46672434], Energy = -80.76781621655265
Minimum 3: Position = [-0.55822364  1.44172584], Energy = -146.699517209954

Approximate saddle points between minima:
Saddle 1: Position = [0.16255705 0.20574445], Energy = -71.4015566732983
Saddle 2: Position = [-0.77679246  0.64051236], Energy = -40.455443025688254

Computational statistics:
	Total energy calls: 13898
	Energy calls at each min: [1, 1880, 13898]
	Total force calls: 13898
	Force calls at each min: [1, 1880, 13898]
	Total steps: 14618
	Total Biases: 113

Verification against reference:
True minima found: 3/3

Verification against reference (saddles):
True saddles found: 1/2
Missed saddles at positions:
[0.21248658 0.29298833]
Starting run 1811
Identified minimum at position [0.6234994  0.02803776] with unbiased energy -108.16672411685238
Identified minimum at position [-0.05057858  0.46678776] with unbiased energy -80.76778117020483
Identified minimum at position [-0.55822362  1.44172586] with unbiased energy -146.69951720995394
Simulation completed.


Energies of found minima:
Minimum 1: Position = [0.6234994  0.02803776], Energy = -108.16672411685238
Minimum 2: Position = [-0.05057858  0.46678776], Energy = -80.76778117020483
Minimum 3: Position = [-0.55822362  1.44172586], Energy = -146.69951720995394

Approximate saddle points between minima:
Saddle 1: Position = [0.20642934 0.29151787], Energy = -72.24096527547678
Saddle 2: Position = [-0.78511705  0.65524934], Energy = -40.14618134270273

Computational statistics:
	Total energy calls: 9887
	Energy calls at each min: [1, 2147, 9887]
	Total force calls: 9887
	Force calls at each min: [1, 2147, 9887]
	Total steps: 10403
	Total Biases: 84

Verification against reference:
True minima found: 3/3

Verification against reference (saddles):
True saddles found: 2/2
Starting run 2386
Identified minimum at position [0.6234994  0.02803776] with unbiased energy -108.16672411685238
Identified minimum at position [-0.05012092  0.46671811] with unbiased energy -80.76781665746037
Identified minimum at position [-0.55822364  1.44172584] with unbiased energy -146.699517209954
Simulation completed.


Energies of found minima:
Minimum 1: Position = [0.6234994  0.02803776], Energy = -108.16672411685238
Minimum 2: Position = [-0.05012092  0.46671811], Energy = -80.76781665746037
Minimum 3: Position = [-0.55822364  1.44172584], Energy = -146.699517209954

Approximate saddle points between minima:
Saddle 1: Position = [0.14545854 0.24767944], Energy = -70.67151369587518
Saddle 2: Position = [-0.79284233  0.45611034], Energy = -37.90744344314862

Computational statistics:
	Total energy calls: 5353
	Energy calls at each min: [1, 869, 5353]
	Total force calls: 5353
	Force calls at each min: [1, 869, 5353]
	Total steps: 5633
	Total Biases: 44

Verification against reference:
True minima found: 3/3

Verification against reference (saddles):
True saddles found: 0/2
Missed saddles at positions:
[0.21248658 0.29298833]
[-0.82200156  0.6243128 ]
Starting run 1988
Identified minimum at position [0.6234994  0.02803776] with unbiased energy -108.16672411685238
Identified minimum at position [-0.05005456  0.46670172] with unbiased energy -80.76781790863612
Identified minimum at position [-0.55822365  1.44172583] with unbiased energy -146.6995172099539
Simulation completed.


Energies of found minima:
Minimum 1: Position = [0.6234994  0.02803776], Energy = -108.16672411685238
Minimum 2: Position = [-0.05005456  0.46670172], Energy = -80.76781790863612
Minimum 3: Position = [-0.55822365  1.44172583], Energy = -146.6995172099539

Approximate saddle points between minima:
Saddle 1: Position = [0.10331784 0.16637353], Energy = -67.42557160367284
Saddle 2: Position = [-0.28878348  0.13212802], Energy = -30.672976607722404

Computational statistics:
	Total energy calls: 6417
	Energy calls at each min: [1, 667, 6417]
	Total force calls: 6417
	Force calls at each min: [1, 667, 6417]
	Total steps: 6753
	Total Biases: 54

Verification against reference:
True minima found: 3/3

Verification against reference (saddles):
True saddles found: 0/2
Missed saddles at positions:
[0.21248658 0.29298833]
[-0.82200156  0.6243128 ]
Starting run 3672
Identified minimum at position [0.6234994  0.02803776] with unbiased energy -108.16672411685238
Identified minimum at position [-0.05001081  0.4666941 ] with unbiased energy -80.76781812965896
Identified minimum at position [-0.55822362  1.44172585] with unbiased energy -146.69951720995397
Simulation completed.


Energies of found minima:
Minimum 1: Position = [0.6234994  0.02803776], Energy = -108.16672411685238
Minimum 2: Position = [-0.05001081  0.4666941 ], Energy = -80.76781812965896
Minimum 3: Position = [-0.55822362  1.44172585], Energy = -146.69951720995397

Approximate saddle points between minima:
Saddle 1: Position = [0.14216994 0.07814131], Energy = -70.6436879670037
Saddle 2: Position = [-0.72348293  0.35159895], Energy = -31.834614258025592

Computational statistics:
	Total energy calls: 9761
	Energy calls at each min: [1, 1810, 9761]
	Total force calls: 9761
	Force calls at each min: [1, 1810, 9761]
	Total steps: 10293
	Total Biases: 84

Verification against reference:
True minima found: 3/3

Verification against reference (saddles):
True saddles found: 0/2
Missed saddles at positions:
[0.21248658 0.29298833]
[-0.82200156  0.6243128 ]
Starting run 4924
Identified minimum at position [0.6234994  0.02803776] with unbiased energy -108.16672411685238
Identified minimum at position [-0.05001146  0.4666943 ] with unbiased energy -80.767818129601
Approximate Hessian has condition number >1e6 and cannot be reliably trusted; reverting to default behavior. 
Eigenvalues: [9.20000894e-04 1.48163889e+06]
Identified minimum at position [-0.55822363  1.44172585] with unbiased energy -146.69951720995402
Simulation completed.


Energies of found minima:
Minimum 1: Position = [0.6234994  0.02803776], Energy = -108.16672411685238
Minimum 2: Position = [-0.05001146  0.4666943 ], Energy = -80.767818129601
Minimum 3: Position = [-0.55822363  1.44172585], Energy = -146.69951720995402

Approximate saddle points between minima:
Saddle 1: Position = [0.27185801 0.31923178], Energy = -71.1727068995339
Saddle 2: Position = [-0.50297692  0.22924031], Energy = -28.18384810937591

Computational statistics:
	Total energy calls: 11697
	Energy calls at each min: [1, 988, 11697]
	Total force calls: 11697
	Force calls at each min: [1, 988, 11697]
	Total steps: 12304
	Total Biases: 86

Verification against reference:
True minima found: 3/3

Verification against reference (saddles):
True saddles found: 0/2
Missed saddles at positions:
[0.21248658 0.29298833]
[-0.82200156  0.6243128 ]
Starting run 2343
Identified minimum at position [0.6234994  0.02803776] with unbiased energy -108.16672411685238
Identified minimum at position [-0.05087257  0.46689495] with unbiased energy -80.76772593304528
Identified minimum at position [-0.55822362  1.44172585] with unbiased energy -146.69951720995394
Simulation completed.


Energies of found minima:
Minimum 1: Position = [0.6234994  0.02803776], Energy = -108.16672411685238
Minimum 2: Position = [-0.05087257  0.46689495], Energy = -80.76772593304528
Minimum 3: Position = [-0.55822362  1.44172585], Energy = -146.69951720995394

Approximate saddle points between minima:
Saddle 1: Position = [0.2013711 0.2933213], Energy = -72.23873861132064
Saddle 2: Position = [-0.83326138  0.61889256], Energy = -40.642467184931476

Computational statistics:
	Total energy calls: 5561
	Energy calls at each min: [1, 571, 5561]
	Total force calls: 5561
	Force calls at each min: [1, 571, 5561]
	Total steps: 5845
	Total Biases: 49

Verification against reference:
True minima found: 3/3

Verification against reference (saddles):
True saddles found: 2/2
Starting run 3856
Identified minimum at position [0.6234994  0.02803776] with unbiased energy -108.16672411685238
Identified minimum at position [-0.05031365  0.46678166] with unbiased energy -80.76780556427326
Identified minimum at position [-0.55822365  1.44172583] with unbiased energy -146.69951720995397
Simulation completed.


Energies of found minima:
Minimum 1: Position = [0.6234994  0.02803776], Energy = -108.16672411685238
Minimum 2: Position = [-0.05031365  0.46678166], Energy = -80.76780556427326
Minimum 3: Position = [-0.55822365  1.44172583], Energy = -146.69951720995397

Approximate saddle points between minima:
Saddle 1: Position = [0.15604218 0.06297962], Energy = -71.84474613412905
Saddle 2: Position = [-0.83847677  0.5510382 ], Energy = -39.65110713104422

Computational statistics:
	Total energy calls: 13056
	Energy calls at each min: [1, 3218, 13056]
	Total force calls: 13056
	Force calls at each min: [1, 3218, 13056]
	Total steps: 13745
	Total Biases: 106

Verification against reference:
True minima found: 3/3

Verification against reference (saddles):
True saddles found: 0/2
Missed saddles at positions:
[0.21248658 0.29298833]
[-0.82200156  0.6243128 ]
Starting run 259
Identified minimum at position [0.6234994  0.02803776] with unbiased energy -108.16672411685238
Identified minimum at position [-0.05094958  0.46690269] with unbiased energy -80.76771045323179
Identified minimum at position [-0.55822366  1.44172582] with unbiased energy -146.6995172099538
Simulation completed.


Energies of found minima:
Minimum 1: Position = [0.6234994  0.02803776], Energy = -108.16672411685238
Minimum 2: Position = [-0.05094958  0.46690269], Energy = -80.76771045323179
Minimum 3: Position = [-0.55822366  1.44172582], Energy = -146.6995172099538

Approximate saddle points between minima:
Saddle 1: Position = [0.22158534 0.31970257], Energy = -72.24811420907525
Saddle 2: Position = [-0.83629018  0.62203653], Energy = -40.668229934213144

Computational statistics:
	Total energy calls: 7156
	Energy calls at each min: [1, 1701, 7156]
	Total force calls: 7156
	Force calls at each min: [1, 1701, 7156]
	Total steps: 7526
	Total Biases: 62

Verification against reference:
True minima found: 3/3

Verification against reference (saddles):
True saddles found: 2/2
Starting run 2987
Identified minimum at position [0.6234994  0.02803776] with unbiased energy -108.16672411685238
Identified minimum at position [-0.05007536  0.46671269] with unbiased energy -80.76781756034293
Approximate Hessian has condition number >1e6 and cannot be reliably trusted; reverting to default behavior. 
Eigenvalues: [3.35590378e-03 4.28091818e+06]
Identified minimum at position [-0.55822363  1.44172584] with unbiased energy -146.699517209954
Simulation completed.


Energies of found minima:
Minimum 1: Position = [0.6234994  0.02803776], Energy = -108.16672411685238
Minimum 2: Position = [-0.05007536  0.46671269], Energy = -80.76781756034293
Minimum 3: Position = [-0.55822363  1.44172584], Energy = -146.699517209954

Approximate saddle points between minima:
Saddle 1: Position = [0.25513951 0.33978828], Energy = -71.39153809615411
Saddle 2: Position = [-0.64470829  0.72260153], Energy = -34.0413024387167

Computational statistics:
	Total energy calls: 10704
	Energy calls at each min: [1, 1517, 10704]
	Total force calls: 10704
	Force calls at each min: [1, 1517, 10704]
	Total steps: 11261
	Total Biases: 88

Verification against reference:
True minima found: 3/3

Verification against reference (saddles):
True saddles found: 0/2
Missed saddles at positions:
[0.21248658 0.29298833]
[-0.82200156  0.6243128 ]
Starting run 554
Identified minimum at position [0.6234994  0.02803776] with unbiased energy -108.16672411685238
Identified minimum at position [-0.05001262  0.46669448] with unbiased energy -80.76781812927115
Identified minimum at position [-0.55822363  1.44172584] with unbiased energy -146.699517209954
Simulation completed.


Energies of found minima:
Minimum 1: Position = [0.6234994  0.02803776], Energy = -108.16672411685238
Minimum 2: Position = [-0.05001262  0.46669448], Energy = -80.76781812927115
Minimum 3: Position = [-0.55822363  1.44172584], Energy = -146.699517209954

Approximate saddle points between minima:
Saddle 1: Position = [0.18496616 0.24215828], Energy = -72.00932665126989
Saddle 2: Position = [0.45226148 0.55732143], Energy = -34.29680177472225

Computational statistics:
	Total energy calls: 10116
	Energy calls at each min: [1, 995, 10116]
	Total force calls: 10116
	Force calls at each min: [1, 995, 10116]
	Total steps: 10654
	Total Biases: 82

Verification against reference:
True minima found: 3/3

Verification against reference (saddles):
True saddles found: 0/2
Missed saddles at positions:
[0.21248658 0.29298833]
[-0.82200156  0.6243128 ]
Starting run 3891
Identified minimum at position [0.6234994  0.02803776] with unbiased energy -108.16672411685238
Identified minimum at position [-0.05003224  0.46670097] with unbiased energy -80.76781806257577
Identified minimum at position [-0.55822365  1.44172582] with unbiased energy -146.69951720995385
Simulation completed.


Energies of found minima:
Minimum 1: Position = [0.6234994  0.02803776], Energy = -108.16672411685238
Minimum 2: Position = [-0.05003224  0.46670097], Energy = -80.76781806257577
Minimum 3: Position = [-0.55822365  1.44172582], Energy = -146.69951720995385

Approximate saddle points between minima:
Saddle 1: Position = [0.95048889 0.06952966], Energy = -63.72451656911883
Saddle 2: Position = [-0.79065106  0.67645715], Energy = -39.93326775126258

Computational statistics:
	Total energy calls: 3133
	Energy calls at each min: [1, 2387, 3133]
	Total force calls: 3133
	Force calls at each min: [1, 2387, 3133]
	Total steps: 3301
	Total Biases: 28

Verification against reference:
True minima found: 3/3

Verification against reference (saddles):
True saddles found: 0/2
Missed saddles at positions:
[0.21248658 0.29298833]
[-0.82200156  0.6243128 ]
