Starting run 4674
Identified minimum at position [0.6234994  0.02803776] with unbiased energy -108.16672411685238
Identified minimum at position [-0.05001403  0.46669502] with unbiased energy -80.76781812826243
Identified minimum at position [-0.55822365  1.44172583] with unbiased energy -146.69951720995394
Simulation completed.


Energies of found minima:
Minimum 1: Position = [0.6234994  0.02803776], Energy = -108.16672411685238
Minimum 2: Position = [-0.05001403  0.46669502], Energy = -80.76781812826243
Minimum 3: Position = [-0.55822365  1.44172583], Energy = -146.69951720995394

Approximate saddle points between minima:
Saddle 1: Position = [0.2724155  0.29679768], Energy = -71.75451851050946
Saddle 2: Position = [-0.867611    0.55968762], Energy = -39.03037595249506

Computational statistics:
	Total energy calls: 3762
	Energy calls at each min: [1, 983, 3762]
	Total force calls: 3762
	Force calls at each min: [1, 983, 3762]
	Total steps: 3960
	Total Biases: 33

Verification against reference:
True minima found: 3/3

Verification against reference (saddles):
True saddles found: 0/2
Missed saddles at positions:
[0.21248658 0.29298833]
[-0.82200156  0.6243128 ]
Starting run 3966
Identified minimum at position [0.6234994  0.02803776] with unbiased energy -108.16672411685238
Identified minimum at position [-0.05001427  0.46669485] with unbiased energy -80.7678181282146
Identified minimum at position [-0.55822365  1.44172582] with unbiased energy -146.69951720995385
Simulation completed.


Energies of found minima:
Minimum 1: Position = [0.6234994  0.02803776], Energy = -108.16672411685238
Minimum 2: Position = [-0.05001427  0.46669485], Energy = -80.7678181282146
Minimum 3: Position = [-0.55822365  1.44172582], Energy = -146.69951720995385

Approximate saddle points between minima:
Saddle 1: Position = [0.21593515 0.29881923], Energy = -72.24399537834341
Saddle 2: Position = [-0.85565586  0.55861631], Energy = -39.31297916177316

Computational statistics:
	Total energy calls: 4207
	Energy calls at each min: [1, 961, 4207]
	Total force calls: 4207
	Force calls at each min: [1, 961, 4207]
	Total steps: 4427
	Total Biases: 34

Verification against reference:
True minima found: 3/3

Verification against reference (saddles):
True saddles found: 1/2
Missed saddles at positions:
[-0.82200156  0.6243128 ]
Starting run 1456
Identified minimum at position [0.6234994  0.02803776] with unbiased energy -108.16672411685238
Identified minimum at position [-0.05023029  0.46675266] with unbiased energy -80.76781180382095
Identified minimum at position [-0.55822365  1.44172582] with unbiased energy -146.6995172099539
Simulation completed.


Energies of found minima:
Minimum 1: Position = [0.6234994  0.02803776], Energy = -108.16672411685238
Minimum 2: Position = [-0.05023029  0.46675266], Energy = -80.76781180382095
Minimum 3: Position = [-0.55822365  1.44172582], Energy = -146.6995172099539

Approximate saddle points between minima:
Saddle 1: Position = [0.95427081 0.02753019], Energy = -67.67361201488194
Saddle 2: Position = [-0.76587294  0.68591851], Energy = -39.10183605178677

Computational statistics:
	Total energy calls: 10086
	Energy calls at each min: [1, 3341, 10086]
	Total force calls: 10086
	Force calls at each min: [1, 3341, 10086]
	Total steps: 10623
	Total Biases: 85

Verification against reference:
True minima found: 3/3

Verification against reference (saddles):
True saddles found: 0/2
Missed saddles at positions:
[0.21248658 0.29298833]
[-0.82200156  0.6243128 ]
Starting run 1415
Identified minimum at position [0.6234994  0.02803776] with unbiased energy -108.16672411685238
Identified minimum at position [-0.05044952  0.46676878] with unbiased energy -80.76779596925243
Identified minimum at position [-0.55822365  1.44172582] with unbiased energy -146.6995172099539
Simulation completed.


Energies of found minima:
Minimum 1: Position = [0.6234994  0.02803776], Energy = -108.16672411685238
Minimum 2: Position = [-0.05044952  0.46676878], Energy = -80.76779596925243
Minimum 3: Position = [-0.55822365  1.44172582], Energy = -146.6995172099539

Approximate saddle points between minima:
Saddle 1: Position = [0.23188166 0.32599822], Energy = -72.07483864048083
Saddle 2: Position = [-0.04003644 -0.033269  ], Energy = -39.57785608639642

Computational statistics:
	Total energy calls: 8964
	Energy calls at each min: [1, 1711, 8964]
	Total force calls: 8964
	Force calls at each min: [1, 1711, 8964]
	Total steps: 9409
	Total Biases: 73

Verification against reference:
True minima found: 3/3

Verification against reference (saddles):
True saddles found: 1/2
Missed saddles at positions:
[-0.82200156  0.6243128 ]
Starting run 442
Identified minimum at position [0.6234994  0.02803776] with unbiased energy -108.16672411685238
Identified minimum at position [-0.05001666  0.4666958 ] with unbiased energy -80.76781812497572
Identified minimum at position [-0.55822365  1.44172583] with unbiased energy -146.69951720995394
Simulation completed.


Energies of found minima:
Minimum 1: Position = [0.6234994  0.02803776], Energy = -108.16672411685238
Minimum 2: Position = [-0.05001666  0.4666958 ], Energy = -80.76781812497572
Minimum 3: Position = [-0.55822365  1.44172583], Energy = -146.69951720995394

Approximate saddle points between minima:
Saddle 1: Position = [0.21237838 0.29232774], Energy = -72.24899290402945
Saddle 2: Position = [-0.57799084  0.3237468 ], Energy = -38.63016290646425

Computational statistics:
	Total energy calls: 10381
	Energy calls at each min: [1, 1261, 10381]
	Total force calls: 10381
	Force calls at each min: [1, 1261, 10381]
	Total steps: 10925
	Total Biases: 84

Verification against reference:
True minima found: 3/3

Verification against reference (saddles):
True saddles found: 1/2
Missed saddles at positions:
[-0.82200156  0.6243128 ]
Starting run 4508
Identified minimum at position [0.6234994  0.02803776] with unbiased energy -108.16672411685238
Identified minimum at position [-0.05001123  0.46669421] with unbiased energy -80.76781812963804
Identified minimum at position [-0.55822363  1.44172585] with unbiased energy -146.69951720995397
Simulation completed.


Energies of found minima:
Minimum 1: Position = [0.6234994  0.02803776], Energy = -108.16672411685238
Minimum 2: Position = [-0.05001123  0.46669421], Energy = -80.76781812963804
Minimum 3: Position = [-0.55822363  1.44172585], Energy = -146.69951720995397

Approximate saddle points between minima:
Saddle 1: Position = [0.19263741 0.29680919], Energy = -72.25356900359006
Saddle 2: Position = [-0.84787172  0.45162816], Energy = -33.93649482420207

Computational statistics:
	Total energy calls: 8096
	Energy calls at each min: [1, 1815, 8096]
	Total force calls: 8096
	Force calls at each min: [1, 1815, 8096]
	Total steps: 8517
	Total Biases: 66

Verification against reference:
True minima found: 3/3

Verification against reference (saddles):
True saddles found: 1/2
Missed saddles at positions:
[-0.82200156  0.6243128 ]
Starting run 4218
Identified minimum at position [0.6234994  0.02803776] with unbiased energy -108.16672411685238
Identified minimum at position [-0.05002388  0.46669713] with unbiased energy -80.76781810854071
Identified minimum at position [-0.55822364  1.44172584] with unbiased energy -146.69951720995402
Simulation completed.


Energies of found minima:
Minimum 1: Position = [0.6234994  0.02803776], Energy = -108.16672411685238
Minimum 2: Position = [-0.05002388  0.46669713], Energy = -80.76781810854071
Minimum 3: Position = [-0.55822364  1.44172584], Energy = -146.69951720995402

Approximate saddle points between minima:
Saddle 1: Position = [0.19655987 0.26903382], Energy = -72.14508921660571
Saddle 2: Position = [-0.75966692  0.40749419], Energy = -35.993006781157106

Computational statistics:
	Total energy calls: 4258
	Energy calls at each min: [1, 860, 4258]
	Total force calls: 4258
	Force calls at each min: [1, 860, 4258]
	Total steps: 4485
	Total Biases: 34

Verification against reference:
True minima found: 3/3

Verification against reference (saddles):
True saddles found: 1/2
Missed saddles at positions:
[-0.82200156  0.6243128 ]
Starting run 4772
Identified minimum at position [0.6234994  0.02803776] with unbiased energy -108.16672411685238
Identified minimum at position [-0.05007847  0.46670911] with unbiased energy -80.76781757099519
Identified minimum at position [-0.55822363  1.44172584] with unbiased energy -146.69951720995397
Simulation completed.


Energies of found minima:
Minimum 1: Position = [0.6234994  0.02803776], Energy = -108.16672411685238
Minimum 2: Position = [-0.05007847  0.46670911], Energy = -80.76781757099519
Minimum 3: Position = [-0.55822363  1.44172584], Energy = -146.69951720995397

Approximate saddle points between minima:
Saddle 1: Position = [0.19056615 0.2668311 ], Energy = -72.04438395876019
Saddle 2: Position = [-0.23766084  0.07795479], Energy = -29.80304728145573

Computational statistics:
	Total energy calls: 9479
	Energy calls at each min: [1, 772, 9479]
	Total force calls: 9479
	Force calls at each min: [1, 772, 9479]
	Total steps: 9969
	Total Biases: 77

Verification against reference:
True minima found: 3/3

Verification against reference (saddles):
True saddles found: 1/2
Missed saddles at positions:
[-0.82200156  0.6243128 ]
Starting run 2251
Identified minimum at position [0.6234994  0.02803776] with unbiased energy -108.16672411685238
Identified minimum at position [-0.05001702  0.46669534] with unbiased energy -80.76781812511116
Identified minimum at position [-0.55822365  1.44172582] with unbiased energy -146.69951720995385
Simulation completed.


Energies of found minima:
Minimum 1: Position = [0.6234994  0.02803776], Energy = -108.16672411685238
Minimum 2: Position = [-0.05001702  0.46669534], Energy = -80.76781812511116
Minimum 3: Position = [-0.55822365  1.44172582], Energy = -146.69951720995385

Approximate saddle points between minima:
Saddle 1: Position = [0.61302806 0.22745019], Energy = -68.66357789965488
Saddle 2: Position = [-0.79299451  0.65454582], Energy = -40.25156737612252

Computational statistics:
	Total energy calls: 2138
	Energy calls at each min: [1, 1588, 2138]
	Total force calls: 2138
	Force calls at each min: [1, 1588, 2138]
	Total steps: 2252
	Total Biases: 20

Verification against reference:
True minima found: 3/3

Verification against reference (saddles):
True saddles found: 1/2
Missed saddles at positions:
[0.21248658 0.29298833]
Starting run 1125
Identified minimum at position [0.6234994  0.02803776] with unbiased energy -108.16672411685238
Identified minimum at position [-0.05060051  0.4668336 ] with unbiased energy -80.7677747289423
Identified minimum at position [-0.55822363  1.44172585] with unbiased energy -146.69951720995402
Simulation completed.


Energies of found minima:
Minimum 1: Position = [0.6234994  0.02803776], Energy = -108.16672411685238
Minimum 2: Position = [-0.05060051  0.4668336 ], Energy = -80.7677747289423
Minimum 3: Position = [-0.55822363  1.44172585], Energy = -146.69951720995402

Approximate saddle points between minima:
Saddle 1: Position = [ 0.93428416 -0.02969953], Energy = -69.0420058906266
Saddle 2: Position = [-0.83143805  0.5895806 ], Energy = -40.45120580789403

Computational statistics:
	Total energy calls: 1915
	Energy calls at each min: [1, 1146, 1915]
	Total force calls: 1915
	Force calls at each min: [1, 1146, 1915]
	Total steps: 2017
	Total Biases: 17

Verification against reference:
True minima found: 3/3

Verification against reference (saddles):
True saddles found: 1/2
Missed saddles at positions:
[0.21248658 0.29298833]
Starting run 1539
Identified minimum at position [0.6234994  0.02803776] with unbiased energy -108.16672411685238
Identified minimum at position [-0.05034085  0.46677931] with unbiased energy -80.767804042677
Identified minimum at position [-0.55822365  1.44172583] with unbiased energy -146.69951720995397
Simulation completed.


Energies of found minima:
Minimum 1: Position = [0.6234994  0.02803776], Energy = -108.16672411685238
Minimum 2: Position = [-0.05034085  0.46677931], Energy = -80.767804042677
Minimum 3: Position = [-0.55822365  1.44172583], Energy = -146.69951720995397

Approximate saddle points between minima:
Saddle 1: Position = [0.17763964 0.23511743], Energy = -71.809390638509
Saddle 2: Position = [-0.16439749  0.05609229], Energy = -35.09262936923553

Computational statistics:
	Total energy calls: 11128
	Energy calls at each min: [1, 1747, 11128]
	Total force calls: 11128
	Force calls at each min: [1, 1747, 11128]
	Total steps: 11696
	Total Biases: 93

Verification against reference:
True minima found: 3/3

Verification against reference (saddles):
True saddles found: 0/2
Missed saddles at positions:
[0.21248658 0.29298833]
[-0.82200156  0.6243128 ]
Starting run 3436
Identified minimum at position [0.6234994  0.02803776] with unbiased energy -108.16672411685238
Identified minimum at position [-0.05009018  0.46671603] with unbiased energy -80.76781728795254
Identified minimum at position [-0.55822362  1.44172585] with unbiased energy -146.69951720995397
Simulation completed.


Energies of found minima:
Minimum 1: Position = [0.6234994  0.02803776], Energy = -108.16672411685238
Minimum 2: Position = [-0.05009018  0.46671603], Energy = -80.76781728795254
Minimum 3: Position = [-0.55822362  1.44172585], Energy = -146.69951720995397

Approximate saddle points between minima:
Saddle 1: Position = [0.39712083 0.31119431], Energy = -66.57283575027466
Saddle 2: Position = [-0.24139992  0.03228074], Energy = -25.14412018594838

Computational statistics:
	Total energy calls: 6501
	Energy calls at each min: [1, 1164, 6501]
	Total force calls: 6501
	Force calls at each min: [1, 1164, 6501]
	Total steps: 6843
	Total Biases: 53

Verification against reference:
True minima found: 3/3

Verification against reference (saddles):
True saddles found: 0/2
Missed saddles at positions:
[0.21248658 0.29298833]
[-0.82200156  0.6243128 ]
Starting run 1376
Identified minimum at position [0.6234994  0.02803776] with unbiased energy -108.16672411685238
Identified minimum at position [-0.05001089  0.46669412] with unbiased energy -80.76781812965848
Identified minimum at position [-0.55822365  1.44172583] with unbiased energy -146.6995172099539
Simulation completed.


Energies of found minima:
Minimum 1: Position = [0.6234994  0.02803776], Energy = -108.16672411685238
Minimum 2: Position = [-0.05001089  0.46669412], Energy = -80.76781812965848
Minimum 3: Position = [-0.55822365  1.44172583], Energy = -146.6995172099539

Approximate saddle points between minima:
Saddle 1: Position = [0.17963489 0.28896351], Energy = -72.07690857475987
Saddle 2: Position = [-0.63764715  0.26700016], Energy = -25.029593484857724

Computational statistics:
	Total energy calls: 8220
	Energy calls at each min: [1, 792, 8220]
	Total force calls: 8220
	Force calls at each min: [1, 792, 8220]
	Total steps: 8667
	Total Biases: 69

Verification against reference:
True minima found: 3/3

Verification against reference (saddles):
True saddles found: 1/2
Missed saddles at positions:
[-0.82200156  0.6243128 ]
Starting run 3620
Identified minimum at position [0.6234994  0.02803776] with unbiased energy -108.16672411685238
Identified minimum at position [-0.05101845  0.46696968] with unbiased energy -80.76768308937426
Identified minimum at position [-0.55822365  1.44172583] with unbiased energy -146.69951720995394
Simulation completed.


Energies of found minima:
Minimum 1: Position = [0.6234994  0.02803776], Energy = -108.16672411685238
Minimum 2: Position = [-0.05101845  0.46696968], Energy = -80.76768308937426
Minimum 3: Position = [-0.55822365  1.44172583], Energy = -146.69951720995394

Approximate saddle points between minima:
Saddle 1: Position = [0.25944451 0.30480444], Energy = -71.74793021053847
Saddle 2: Position = [-0.42500035  0.23635556], Energy = -34.822682536660736

Computational statistics:
	Total energy calls: 8402
	Energy calls at each min: [1, 1008, 8402]
	Total force calls: 8402
	Force calls at each min: [1, 1008, 8402]
	Total steps: 8837
	Total Biases: 69

Verification against reference:
True minima found: 2/3
Missed minima at positions:
[-0.05001082  0.4666941 ]

Verification against reference (saddles):
True saddles found: 1/2
Missed saddles at positions:
[-0.82200156  0.6243128 ]
Starting run 965
Identified minimum at position [0.6234994  0.02803776] with unbiased energy -108.16672411685238
Identified minimum at position [-0.05323684  0.46732481] with unbiased energy -80.76658885400778
Identified minimum at position [-0.55822365  1.44172582] with unbiased energy -146.69951720995388
Simulation completed.


Energies of found minima:
Minimum 1: Position = [0.6234994  0.02803776], Energy = -108.16672411685238
Minimum 2: Position = [-0.05323684  0.46732481], Energy = -80.76658885400778
Minimum 3: Position = [-0.55822365  1.44172582], Energy = -146.69951720995388

Approximate saddle points between minima:
Saddle 1: Position = [0.08966138 0.17891809], Energy = -66.50758762878044
Saddle 2: Position = [-0.88126201  0.4954412 ], Energy = -35.34560842751259

Computational statistics:
	Total energy calls: 6161
	Energy calls at each min: [1, 1830, 6161]
	Total force calls: 6161
	Force calls at each min: [1, 1830, 6161]
	Total steps: 6481
	Total Biases: 52

Verification against reference:
True minima found: 2/3
Missed minima at positions:
[-0.05001082  0.4666941 ]

Verification against reference (saddles):
True saddles found: 0/2
Missed saddles at positions:
[0.21248658 0.29298833]
[-0.82200156  0.6243128 ]
Starting run 700
Identified minimum at position [0.6234994  0.02803776] with unbiased energy -108.16672411685238
Identified minimum at position [-0.050124    0.46671834] with unbiased energy -80.76781658225451
Approximate Hessian has condition number >1e6 and cannot be reliably trusted; reverting to default behavior. 
Eigenvalues: [7.09098600e-04 4.47297851e+06]
Identified minimum at position [-0.55822363  1.44172585] with unbiased energy -146.699517209954
Simulation completed.


Energies of found minima:
Minimum 1: Position = [0.6234994  0.02803776], Energy = -108.16672411685238
Minimum 2: Position = [-0.050124    0.46671834], Energy = -80.76781658225451
Minimum 3: Position = [-0.55822363  1.44172585], Energy = -146.699517209954

Approximate saddle points between minima:
Saddle 1: Position = [0.12350694 0.23444774], Energy = -69.54426489545585
Saddle 2: Position = [-0.19192447  0.00205411], Energy = -27.058855970025718

Computational statistics:
	Total energy calls: 12444
	Energy calls at each min: [1, 2263, 12444]
	Total force calls: 12444
	Force calls at each min: [1, 2263, 12444]
	Total steps: 13096
	Total Biases: 100

Verification against reference:
True minima found: 3/3

Verification against reference (saddles):
True saddles found: 0/2
Missed saddles at positions:
[0.21248658 0.29298833]
[-0.82200156  0.6243128 ]
Starting run 795
Identified minimum at position [0.6234994  0.02803776] with unbiased energy -108.16672411685238
Identified minimum at position [-0.05001132  0.4666942 ] with unbiased energy -80.76781812963036
Approximate Hessian has condition number >1e6 and cannot be reliably trusted; reverting to default behavior. 
Eigenvalues: [3.13962810e-04 6.69908118e+08]
Identified minimum at position [-0.55822365  1.44172583] with unbiased energy -146.69951720995394
Simulation completed.


Energies of found minima:
Minimum 1: Position = [0.6234994  0.02803776], Energy = -108.16672411685238
Minimum 2: Position = [-0.05001132  0.4666942 ], Energy = -80.76781812963036
Minimum 3: Position = [-0.55822365  1.44172583], Energy = -146.69951720995394

Approximate saddle points between minima:
Saddle 1: Position = [0.20841106 0.29341522], Energy = -72.24826684144274
Saddle 2: Position = [-0.80237832  0.61716643], Energy = -40.79435688988863

Computational statistics:
	Total energy calls: 7100
	Energy calls at each min: [1, 2068, 7100]
	Total force calls: 7100
	Force calls at each min: [1, 2068, 7100]
	Total steps: 7467
	Total Biases: 57

Verification against reference:
True minima found: 3/3

Verification against reference (saddles):
True saddles found: 2/2
Starting run 1734
Identified minimum at position [0.6234994  0.02803776] with unbiased energy -108.16672411685238
Identified minimum at position [-0.55822365  1.44172583] with unbiased energy -146.6995172099539
Approximate Hessian has condition number >1e6 and cannot be reliably trusted; reverting to default behavior. 
Eigenvalues: [1.62066433e-03 2.61851896e+04]
Approximate Hessian has condition number >1e6 and cannot be reliably trusted; reverting to default behavior. 
Eigenvalues: [5.77740255e-04 3.01223500e+06]
Approximate Hessian has condition number >1e6 and cannot be reliably trusted; reverting to default behavior. 
Eigenvalues: [5.08621335e-04 3.11730705e+08]
Approximate Hessian has condition number >1e6 and cannot be reliably trusted; reverting to default behavior. 
Eigenvalues: [1.26188612e-03 2.22221895e+03]
Approximate Hessian has condition number >1e6 and cannot be reliably trusted; reverting to default behavior. 
Eigenvalues: [3.87652777e-04 1.64966966e+06]
Approximate Hessian has condition number >1e6 and cannot be reliably trusted; reverting to default behavior. 
Eigenvalues: [1.24965794e-03 6.30710519e+03]
Simulation completed.


Energies of found minima:
Minimum 1: Position = [0.6234994  0.02803776], Energy = -108.16672411685238
Minimum 2: Position = [-0.55822365  1.44172583], Energy = -146.6995172099539

Approximate saddle points between minima:
Saddle 1: Position = [-0.8138645   0.63758203], Energy = -40.61077038853246

Computational statistics:
	Total energy calls: 648638
	Energy calls at each min: [1, 3396]
	Total force calls: 648638
	Force calls at each min: [1, 3396]
	Total steps: 682209
	Total Biases: 5000

Verification against reference:
True minima found: 2/3
Missed minima at positions:
[-0.05001082  0.4666941 ]

Verification against reference (saddles):
True saddles found: 1/2
Missed saddles at positions:
[0.21248658 0.29298833]
Starting run 1496
Identified minimum at position [0.6234994  0.02803776] with unbiased energy -108.16672411685238
Identified minimum at position [-0.0500108  0.4666941] with unbiased energy -80.76781812965899
Identified minimum at position [-0.55822362  1.44172586] with unbiased energy -146.69951720995388
Simulation completed.


Energies of found minima:
Minimum 1: Position = [0.6234994  0.02803776], Energy = -108.16672411685238
Minimum 2: Position = [-0.0500108  0.4666941], Energy = -80.76781812965899
Minimum 3: Position = [-0.55822362  1.44172586], Energy = -146.69951720995388

Approximate saddle points between minima:
Saddle 1: Position = [0.9770104  0.00983481], Energy = -61.18713516200364
Saddle 2: Position = [-0.43440052  0.203942  ], Energy = -29.007125890765177

Computational statistics:
	Total energy calls: 10884
	Energy calls at each min: [1, 2442, 10884]
	Total force calls: 10884
	Force calls at each min: [1, 2442, 10884]
	Total steps: 11478
	Total Biases: 87

Verification against reference:
True minima found: 3/3

Verification against reference (saddles):
True saddles found: 0/2
Missed saddles at positions:
[0.21248658 0.29298833]
[-0.82200156  0.6243128 ]
Starting run 4212
Identified minimum at position [0.6234994  0.02803776] with unbiased energy -108.16672411685238
Identified minimum at position [-0.05030159  0.46675615] with unbiased energy -80.76780792494871
Identified minimum at position [-0.55822362  1.44172586] with unbiased energy -146.6995172099539
Simulation completed.


Energies of found minima:
Minimum 1: Position = [0.6234994  0.02803776], Energy = -108.16672411685238
Minimum 2: Position = [-0.05030159  0.46675615], Energy = -80.76780792494871
Minimum 3: Position = [-0.55822362  1.44172586], Energy = -146.6995172099539

Approximate saddle points between minima:
Saddle 1: Position = [0.17500902 0.26352324], Energy = -71.71301176596768
Saddle 2: Position = [-0.26456295  0.00090169], Energy = -19.790122429903736

Computational statistics:
	Total energy calls: 9359
	Energy calls at each min: [1, 1469, 9359]
	Total force calls: 9359
	Force calls at each min: [1, 1469, 9359]
	Total steps: 9862
	Total Biases: 75

Verification against reference:
True minima found: 3/3

Verification against reference (saddles):
True saddles found: 1/2
Missed saddles at positions:
[-0.82200156  0.6243128 ]
Starting run 4690
Identified minimum at position [0.6234994  0.02803776] with unbiased energy -108.16672411685238
Identified minimum at position [-0.05001262  0.46669516] with unbiased energy -80.76781812874171
Identified minimum at position [-0.55822362  1.44172586] with unbiased energy -146.69951720995394
Simulation completed.


Energies of found minima:
Minimum 1: Position = [0.6234994  0.02803776], Energy = -108.16672411685238
Minimum 2: Position = [-0.05001262  0.46669516], Energy = -80.76781812874171
Minimum 3: Position = [-0.55822362  1.44172586], Energy = -146.69951720995394

Approximate saddle points between minima:
Saddle 1: Position = [0.14589522 0.09423068], Energy = -71.27525835845333
Saddle 2: Position = [-0.79250016  0.69451401], Energy = -39.914911213185235

Computational statistics:
	Total energy calls: 2851
	Energy calls at each min: [1, 1385, 2851]
	Total force calls: 2851
	Force calls at each min: [1, 1385, 2851]
	Total steps: 3004
	Total Biases: 25

Verification against reference:
True minima found: 3/3

Verification against reference (saddles):
True saddles found: 0/2
Missed saddles at positions:
[0.21248658 0.29298833]
[-0.82200156  0.6243128 ]
Starting run 440
Identified minimum at position [0.6234994  0.02803776] with unbiased energy -108.16672411685238
Identified minimum at position [-0.05001703  0.46669592] with unbiased energy -80.76781812433455
Identified minimum at position [-0.55822364  1.44172584] with unbiased energy -146.69951720995402
Simulation completed.


Energies of found minima:
Minimum 1: Position = [0.6234994  0.02803776], Energy = -108.16672411685238
Minimum 2: Position = [-0.05001703  0.46669592], Energy = -80.76781812433455
Minimum 3: Position = [-0.55822364  1.44172584], Energy = -146.69951720995402

Approximate saddle points between minima:
Saddle 1: Position = [0.18699392 0.27608798], Energy = -72.01614635735626
Saddle 2: Position = [ 0.20583602 -0.18773913], Energy = -28.487861755340276

Computational statistics:
	Total energy calls: 15095
	Energy calls at each min: [1, 1798, 15095]
	Total force calls: 15095
	Force calls at each min: [1, 1798, 15095]
	Total steps: 15906
	Total Biases: 123

Verification against reference:
True minima found: 3/3

Verification against reference (saddles):
True saddles found: 1/2
Missed saddles at positions:
[-0.82200156  0.6243128 ]
Starting run 2800
Identified minimum at position [0.6234994  0.02803776] with unbiased energy -108.16672411685238
Identified minimum at position [-0.05001088  0.46669412] with unbiased energy -80.76781812965854
Identified minimum at position [-0.55822362  1.44172585] with unbiased energy -146.69951720995397
Simulation completed.


Energies of found minima:
Minimum 1: Position = [0.6234994  0.02803776], Energy = -108.16672411685238
Minimum 2: Position = [-0.05001088  0.46669412], Energy = -80.76781812965854
Minimum 3: Position = [-0.55822362  1.44172585], Energy = -146.69951720995397

Approximate saddle points between minima:
Saddle 1: Position = [0.11712302 0.10832778], Energy = -68.35992351090803
Saddle 2: Position = [-0.70739392  0.67421082], Energy = -38.72202033854316

Computational statistics:
	Total energy calls: 7084
	Energy calls at each min: [1, 2043, 7084]
	Total force calls: 7084
	Force calls at each min: [1, 2043, 7084]
	Total steps: 7469
	Total Biases: 59

Verification against reference:
True minima found: 3/3

Verification against reference (saddles):
True saddles found: 0/2
Missed saddles at positions:
[0.21248658 0.29298833]
[-0.82200156  0.6243128 ]
Starting run 5013
Identified minimum at position [0.6234994  0.02803776] with unbiased energy -108.16672411685238
Identified minimum at position [-0.05086383  0.4668222 ] with unbiased energy -80.76773555190356
Identified minimum at position [-0.55822362  1.44172586] with unbiased energy -146.6995172099539
Simulation completed.


Energies of found minima:
Minimum 1: Position = [0.6234994  0.02803776], Energy = -108.16672411685238
Minimum 2: Position = [-0.05086383  0.4668222 ], Energy = -80.76773555190356
Minimum 3: Position = [-0.55822362  1.44172586], Energy = -146.6995172099539

Approximate saddle points between minima:
Saddle 1: Position = [0.41081774 0.29957209], Energy = -67.05806418521439
Saddle 2: Position = [-0.22200311  0.10706275], Energy = -33.99469371359362

Computational statistics:
	Total energy calls: 14444
	Energy calls at each min: [1, 3321, 14444]
	Total force calls: 14444
	Force calls at each min: [1, 3321, 14444]
	Total steps: 15127
	Total Biases: 112

Verification against reference:
True minima found: 3/3

Verification against reference (saddles):
True saddles found: 0/2
Missed saddles at positions:
[0.21248658 0.29298833]
[-0.82200156  0.6243128 ]
Starting run 932
Identified minimum at position [0.6234994  0.02803776] with unbiased energy -108.16672411685238
Identified minimum at position [-0.05078666  0.46684143] with unbiased energy -80.76774749791414
Identified minimum at position [-0.55822364  1.44172584] with unbiased energy -146.699517209954
Simulation completed.


Energies of found minima:
Minimum 1: Position = [0.6234994  0.02803776], Energy = -108.16672411685238
Minimum 2: Position = [-0.05078666  0.46684143], Energy = -80.76774749791414
Minimum 3: Position = [-0.55822364  1.44172584], Energy = -146.699517209954

Approximate saddle points between minima:
Saddle 1: Position = [0.15153873 0.21257161], Energy = -70.74750573726101
Saddle 2: Position = [0.49676828 0.58463527], Energy = -21.894164277601575

Computational statistics:
	Total energy calls: 11678
	Energy calls at each min: [1, 970, 11678]
	Total force calls: 11678
	Force calls at each min: [1, 970, 11678]
	Total steps: 12279
	Total Biases: 95

Verification against reference:
True minima found: 3/3

Verification against reference (saddles):
True saddles found: 0/2
Missed saddles at positions:
[0.21248658 0.29298833]
[-0.82200156  0.6243128 ]
Starting run 1769
Identified minimum at position [0.6234994  0.02803776] with unbiased energy -108.16672411685238
Identified minimum at position [-0.05001162  0.46669423] with unbiased energy -80.76781812958706
Identified minimum at position [-0.55822362  1.44172586] with unbiased energy -146.69951720995385
Simulation completed.


Energies of found minima:
Minimum 1: Position = [0.6234994  0.02803776], Energy = -108.16672411685238
Minimum 2: Position = [-0.05001162  0.46669423], Energy = -80.76781812958706
Minimum 3: Position = [-0.55822362  1.44172586], Energy = -146.69951720995385

Approximate saddle points between minima:
Saddle 1: Position = [0.95869607 0.05328624], Energy = -64.07144982745453
Saddle 2: Position = [-0.76410531  0.65232961], Energy = -40.06815954601228

Computational statistics:
	Total energy calls: 5080
	Energy calls at each min: [1, 1483, 5080]
	Total force calls: 5080
	Force calls at each min: [1, 1483, 5080]
	Total steps: 5359
	Total Biases: 44

Verification against reference:
True minima found: 3/3

Verification against reference (saddles):
True saddles found: 0/2
Missed saddles at positions:
[0.21248658 0.29298833]
[-0.82200156  0.6243128 ]
