Starting run 3466
Identified minimum at position [0.6234994  0.02803776] with unbiased energy -108.16672411685238
Identified minimum at position [-0.05129449  0.46696427] with unbiased energy -80.76761996829815
Identified minimum at position [-0.55822364  1.44172583] with unbiased energy -146.69951720995397
Simulation completed.


Energies of found minima:
Minimum 1: Position = [0.6234994  0.02803776], Energy = -108.16672411685238
Minimum 2: Position = [-0.05129449  0.46696427], Energy = -80.76761996829815
Minimum 3: Position = [-0.55822364  1.44172583], Energy = -146.69951720995397

Approximate saddle points between minima:
Saddle 1: Position = [0.09460056 0.24036046], Energy = -68.39308884859186
Saddle 2: Position = [-0.26386141  0.14247973], Energy = -33.91602915455175

Computational statistics:
	Total energy calls: 13900
	Energy calls at each min: [1, 2788, 13900]
	Total force calls: 13900
	Force calls at each min: [1, 2788, 13900]
	Total steps: 14608
	Total Biases: 116

Verification against reference:
True minima found: 2/3
Missed minima at positions:
[-0.05001082  0.4666941 ]

Verification against reference (saddles):
True saddles found: 0/2
Missed saddles at positions:
[0.21248658 0.29298833]
[-0.82200156  0.6243128 ]
Starting run 2038
Identified minimum at position [0.6234994  0.02803776] with unbiased energy -108.16672411685238
Identified minimum at position [-0.05003129  0.46670155] with unbiased energy -80.76781806211086
Identified minimum at position [-0.55822364  1.44172584] with unbiased energy -146.699517209954
Simulation completed.


Energies of found minima:
Minimum 1: Position = [0.6234994  0.02803776], Energy = -108.16672411685238
Minimum 2: Position = [-0.05003129  0.46670155], Energy = -80.76781806211086
Minimum 3: Position = [-0.55822364  1.44172584], Energy = -146.699517209954

Approximate saddle points between minima:
Saddle 1: Position = [0.22170659 0.27702498], Energy = -72.3778797900022
Saddle 2: Position = [-0.27023004 -0.11477802], Energy = -5.142734401713771

Computational statistics:
	Total energy calls: 11497
	Energy calls at each min: [1, 1288, 11497]
	Total force calls: 11497
	Force calls at each min: [1, 1288, 11497]
	Total steps: 12106
	Total Biases: 90

Verification against reference:
True minima found: 3/3

Verification against reference (saddles):
True saddles found: 1/2
Missed saddles at positions:
[-0.82200156  0.6243128 ]
Starting run 3867
Identified minimum at position [0.6234994  0.02803776] with unbiased energy -108.16672411685238
Identified minimum at position [-0.05021284  0.4667345 ] with unbiased energy -80.76781328610573
Identified minimum at position [-0.55822361  1.44172586] with unbiased energy -146.69951720995383
Simulation completed.


Energies of found minima:
Minimum 1: Position = [0.6234994  0.02803776], Energy = -108.16672411685238
Minimum 2: Position = [-0.05021284  0.4667345 ], Energy = -80.76781328610573
Minimum 3: Position = [-0.55822361  1.44172586], Energy = -146.69951720995383

Approximate saddle points between minima:
Saddle 1: Position = [0.16388959 0.27112808], Energy = -71.56074739402092
Saddle 2: Position = [-0.8114947   0.62787362], Energy = -40.654791426552706

Computational statistics:
	Total energy calls: 12842
	Energy calls at each min: [1, 2191, 12842]
	Total force calls: 12842
	Force calls at each min: [1, 2191, 12842]
	Total steps: 13509
	Total Biases: 104

Verification against reference:
True minima found: 3/3

Verification against reference (saddles):
True saddles found: 1/2
Missed saddles at positions:
[0.21248658 0.29298833]
Starting run 1554
Identified minimum at position [0.6234994  0.02803776] with unbiased energy -108.16672411685238
Identified minimum at position [-0.05001286  0.46669546] with unbiased energy -80.76781812823432
Identified minimum at position [-0.55822365  1.44172583] with unbiased energy -146.69951720995394
Simulation completed.


Energies of found minima:
Minimum 1: Position = [0.6234994  0.02803776], Energy = -108.16672411685238
Minimum 2: Position = [-0.05001286  0.46669546], Energy = -80.76781812823432
Minimum 3: Position = [-0.55822365  1.44172583], Energy = -146.69951720995394

Approximate saddle points between minima:
Saddle 1: Position = [0.21631393 0.29271758], Energy = -72.24805567391277
Saddle 2: Position = [-0.74363248  0.42883266], Energy = -39.30342441465153

Computational statistics:
	Total energy calls: 12735
	Energy calls at each min: [1, 1514, 12735]
	Total force calls: 12735
	Force calls at each min: [1, 1514, 12735]
	Total steps: 13393
	Total Biases: 106

Verification against reference:
True minima found: 3/3

Verification against reference (saddles):
True saddles found: 1/2
Missed saddles at positions:
[-0.82200156  0.6243128 ]
Starting run 3229
Identified minimum at position [0.6234994  0.02803776] with unbiased energy -108.16672411685238
Identified minimum at position [-0.05002899  0.46669985] with unbiased energy -80.76781808181781
Identified minimum at position [-0.55822365  1.44172583] with unbiased energy -146.69951720995394
Simulation completed.


Energies of found minima:
Minimum 1: Position = [0.6234994  0.02803776], Energy = -108.16672411685238
Minimum 2: Position = [-0.05002899  0.46669985], Energy = -80.76781808181781
Minimum 3: Position = [-0.55822365  1.44172583], Energy = -146.69951720995394

Approximate saddle points between minima:
Saddle 1: Position = [0.94347679 0.00630031], Energy = -70.64808327046495
Saddle 2: Position = [-0.82066968  0.63053571], Energy = -40.660846139234266

Computational statistics:
	Total energy calls: 9573
	Energy calls at each min: [1, 2576, 9573]
	Total force calls: 9573
	Force calls at each min: [1, 2576, 9573]
	Total steps: 10067
	Total Biases: 79

Verification against reference:
True minima found: 3/3

Verification against reference (saddles):
True saddles found: 1/2
Missed saddles at positions:
[0.21248658 0.29298833]
Starting run 4477
Identified minimum at position [0.6234994  0.02803776] with unbiased energy -108.16672411685238
Identified minimum at position [-0.0500207   0.46670038] with unbiased energy -80.76781809864583
Identified minimum at position [-0.55822364  1.44172583] with unbiased energy -146.69951720995397
Simulation completed.


Energies of found minima:
Minimum 1: Position = [0.6234994  0.02803776], Energy = -108.16672411685238
Minimum 2: Position = [-0.0500207   0.46670038], Energy = -80.76781809864583
Minimum 3: Position = [-0.55822364  1.44172583], Energy = -146.69951720995397

Approximate saddle points between minima:
Saddle 1: Position = [ 0.95038464 -0.04775786], Energy = -60.95352105960146
Saddle 2: Position = [-0.7862879   0.37591041], Energy = -30.355717064616847

Computational statistics:
	Total energy calls: 7096
	Energy calls at each min: [1, 1788, 7096]
	Total force calls: 7096
	Force calls at each min: [1, 1788, 7096]
	Total steps: 7480
	Total Biases: 58

Verification against reference:
True minima found: 3/3

Verification against reference (saddles):
True saddles found: 0/2
Missed saddles at positions:
[0.21248658 0.29298833]
[-0.82200156  0.6243128 ]
Starting run 1726
Identified minimum at position [0.6234994  0.02803776] with unbiased energy -108.16672411685238
Identified minimum at position [-0.55822364  1.44172583] with unbiased energy -146.69951720995397
Approximate Hessian has condition number >1e6 and cannot be reliably trusted; reverting to default behavior. 
Eigenvalues: [1.09103483e-03 1.34812891e+04]
Approximate Hessian has condition number >1e6 and cannot be reliably trusted; reverting to default behavior. 
Eigenvalues: [6.52629649e-04 4.91509172e+06]
Approximate Hessian has condition number >1e6 and cannot be reliably trusted; reverting to default behavior. 
Eigenvalues: [1.83661692e-03 7.73903831e+05]
Approximate Hessian has condition number >1e6 and cannot be reliably trusted; reverting to default behavior. 
Eigenvalues: [2.12205062e-03 1.21777000e+07]
Approximate Hessian has condition number >1e6 and cannot be reliably trusted; reverting to default behavior. 
Eigenvalues: [6.87130747e-04 1.39039797e+06]
Approximate Hessian has condition number >1e6 and cannot be reliably trusted; reverting to default behavior. 
Eigenvalues: [1.67980076e-03 1.14297727e+05]
Simulation completed.


Energies of found minima:
Minimum 1: Position = [0.6234994  0.02803776], Energy = -108.16672411685238
Minimum 2: Position = [-0.55822364  1.44172583], Energy = -146.69951720995397

Approximate saddle points between minima:
Saddle 1: Position = [-0.16862329  0.12256739], Energy = -40.38213856384462

Computational statistics:
	Total energy calls: 642311
	Energy calls at each min: [1, 8004]
	Total force calls: 642311
	Force calls at each min: [1, 8004]
	Total steps: 675846
	Total Biases: 5000

Verification against reference:
True minima found: 2/3
Missed minima at positions:
[-0.05001082  0.4666941 ]

Verification against reference (saddles):
True saddles found: 0/2
Missed saddles at positions:
[0.21248658 0.29298833]
[-0.82200156  0.6243128 ]
Starting run 3000
Identified minimum at position [0.6234994  0.02803776] with unbiased energy -108.16672411685238
Identified minimum at position [-0.05001774  0.46669558] with unbiased energy -80.76781812388415
Identified minimum at position [-0.55822366  1.44172582] with unbiased energy -146.69951720995383
Simulation completed.


Energies of found minima:
Minimum 1: Position = [0.6234994  0.02803776], Energy = -108.16672411685238
Minimum 2: Position = [-0.05001774  0.46669558], Energy = -80.76781812388415
Minimum 3: Position = [-0.55822366  1.44172582], Energy = -146.69951720995383

Approximate saddle points between minima:
Saddle 1: Position = [0.24112904 0.31606224], Energy = -71.91521622571372
Saddle 2: Position = [0.59587359 0.40555073], Energy = -32.27502801552946

Computational statistics:
	Total energy calls: 15430
	Energy calls at each min: [1, 1939, 15430]
	Total force calls: 15430
	Force calls at each min: [1, 1939, 15430]
	Total steps: 16260
	Total Biases: 125

Verification against reference:
True minima found: 3/3

Verification against reference (saddles):
True saddles found: 1/2
Missed saddles at positions:
[-0.82200156  0.6243128 ]
Starting run 3668
Identified minimum at position [0.6234994  0.02803776] with unbiased energy -108.16672411685238
Identified minimum at position [-0.05001486  0.46669538] with unbiased energy -80.76781812729655
Identified minimum at position [-0.55822364  1.44172584] with unbiased energy -146.699517209954
Simulation completed.


Energies of found minima:
Minimum 1: Position = [0.6234994  0.02803776], Energy = -108.16672411685238
Minimum 2: Position = [-0.05001486  0.46669538], Energy = -80.76781812729655
Minimum 3: Position = [-0.55822364  1.44172584], Energy = -146.699517209954

Approximate saddle points between minima:
Saddle 1: Position = [0.19777175 0.26043126], Energy = -72.20712710581552
Saddle 2: Position = [0.51795931 0.57052854], Energy = -20.961103865376757

Computational statistics:
	Total energy calls: 12686
	Energy calls at each min: [1, 1154, 12686]
	Total force calls: 12686
	Force calls at each min: [1, 1154, 12686]
	Total steps: 13369
	Total Biases: 104

Verification against reference:
True minima found: 3/3

Verification against reference (saddles):
True saddles found: 1/2
Missed saddles at positions:
[-0.82200156  0.6243128 ]
Starting run 4463
Identified minimum at position [0.6234994  0.02803776] with unbiased energy -108.16672411685238
Identified minimum at position [-0.05006545  0.46670809] with unbiased energy -80.76781774522874
Identified minimum at position [-0.55822362  1.44172586] with unbiased energy -146.69951720995394
Simulation completed.


Energies of found minima:
Minimum 1: Position = [0.6234994  0.02803776], Energy = -108.16672411685238
Minimum 2: Position = [-0.05006545  0.46670809], Energy = -80.76781774522874
Minimum 3: Position = [-0.55822362  1.44172586], Energy = -146.69951720995394

Approximate saddle points between minima:
Saddle 1: Position = [0.41099685 0.30159675], Energy = -66.82250915292397
Saddle 2: Position = [-0.56572269  0.70765614], Energy = -35.40536540419757

Computational statistics:
	Total energy calls: 3767
	Energy calls at each min: [1, 1446, 3767]
	Total force calls: 3767
	Force calls at each min: [1, 1446, 3767]
	Total steps: 3965
	Total Biases: 32

Verification against reference:
True minima found: 3/3

Verification against reference (saddles):
True saddles found: 0/2
Missed saddles at positions:
[0.21248658 0.29298833]
[-0.82200156  0.6243128 ]
Starting run 1590
Identified minimum at position [0.6234994  0.02803776] with unbiased energy -108.16672411685238
Identified minimum at position [-0.55822363  1.44172585] with unbiased energy -146.69951720995397
Approximate Hessian has condition number >1e6 and cannot be reliably trusted; reverting to default behavior. 
Eigenvalues: [3.33875883e-03 2.21626236e+07]
Approximate Hessian has condition number >1e6 and cannot be reliably trusted; reverting to default behavior. 
Eigenvalues: [2.18855176e-03 4.33924090e+06]
Approximate Hessian has condition number >1e6 and cannot be reliably trusted; reverting to default behavior. 
Eigenvalues: [7.31064938e-06 5.21848580e+06]
Approximate Hessian has condition number >1e6 and cannot be reliably trusted; reverting to default behavior. 
Eigenvalues: [5.62570058e-04 1.40909614e+07]
Approximate Hessian has condition number >1e6 and cannot be reliably trusted; reverting to default behavior. 
Eigenvalues: [9.45946333e-04 2.49338751e+05]
Simulation completed.


Energies of found minima:
Minimum 1: Position = [0.6234994  0.02803776], Energy = -108.16672411685238
Minimum 2: Position = [-0.55822363  1.44172585], Energy = -146.69951720995397

Approximate saddle points between minima:
Saddle 1: Position = [-0.83560856  0.60853855], Energy = -40.556693698651124

Computational statistics:
	Total energy calls: 643979
	Energy calls at each min: [1, 6004]
	Total force calls: 643979
	Force calls at each min: [1, 6004]
	Total steps: 677429
	Total Biases: 5000

Verification against reference:
True minima found: 2/3
Missed minima at positions:
[-0.05001082  0.4666941 ]

Verification against reference (saddles):
True saddles found: 1/2
Missed saddles at positions:
[0.21248658 0.29298833]
Starting run 1510
Identified minimum at position [0.6234994  0.02803776] with unbiased energy -108.16672411685238
Identified minimum at position [-0.0531834   0.46725335] with unbiased energy -80.76665271276505
Identified minimum at position [-0.55822362  1.44172586] with unbiased energy -146.6995172099539
Simulation completed.


Energies of found minima:
Minimum 1: Position = [0.6234994  0.02803776], Energy = -108.16672411685238
Minimum 2: Position = [-0.0531834   0.46725335], Energy = -80.76665271276505
Minimum 3: Position = [-0.55822362  1.44172586], Energy = -146.6995172099539

Approximate saddle points between minima:
Saddle 1: Position = [0.1280798  0.22932053], Energy = -69.66455235462024
Saddle 2: Position = [-0.75126612  0.65482448], Energy = -39.93235692747338

Computational statistics:
	Total energy calls: 3848
	Energy calls at each min: [1, 589, 3848]
	Total force calls: 3848
	Force calls at each min: [1, 589, 3848]
	Total steps: 4050
	Total Biases: 31

Verification against reference:
True minima found: 2/3
Missed minima at positions:
[-0.05001082  0.4666941 ]

Verification against reference (saddles):
True saddles found: 0/2
Missed saddles at positions:
[0.21248658 0.29298833]
[-0.82200156  0.6243128 ]
Starting run 1236
Identified minimum at position [0.6234994  0.02803776] with unbiased energy -108.16672411685238
Identified minimum at position [-0.05019013  0.46675481] with unbiased energy -80.76781323713334
Identified minimum at position [-0.55822365  1.44172583] with unbiased energy -146.6995172099539
Simulation completed.


Energies of found minima:
Minimum 1: Position = [0.6234994  0.02803776], Energy = -108.16672411685238
Minimum 2: Position = [-0.05019013  0.46675481], Energy = -80.76781323713334
Minimum 3: Position = [-0.55822365  1.44172583], Energy = -146.6995172099539

Approximate saddle points between minima:
Saddle 1: Position = [0.42820885 0.27880894], Energy = -68.80658520632943
Saddle 2: Position = [-0.70075632  0.36165113], Energy = -34.948193337262616

Computational statistics:
	Total energy calls: 5498
	Energy calls at each min: [1, 1270, 5498]
	Total force calls: 5498
	Force calls at each min: [1, 1270, 5498]
	Total steps: 5788
	Total Biases: 43

Verification against reference:
True minima found: 3/3

Verification against reference (saddles):
True saddles found: 0/2
Missed saddles at positions:
[0.21248658 0.29298833]
[-0.82200156  0.6243128 ]
Starting run 1433
Identified minimum at position [0.6234994  0.02803776] with unbiased energy -108.16672411685238
Identified minimum at position [-0.05001173  0.4666945 ] with unbiased energy -80.76781812950084
Identified minimum at position [-0.55822365  1.44172583] with unbiased energy -146.69951720995388
Simulation completed.


Energies of found minima:
Minimum 1: Position = [0.6234994  0.02803776], Energy = -108.16672411685238
Minimum 2: Position = [-0.05001173  0.4666945 ], Energy = -80.76781812950084
Minimum 3: Position = [-0.55822365  1.44172583], Energy = -146.69951720995388

Approximate saddle points between minima:
Saddle 1: Position = [0.21829109 0.29103238], Energy = -72.25255186087651
Saddle 2: Position = [-0.08387057 -0.03021651], Energy = -34.978876987574225

Computational statistics:
	Total energy calls: 15784
	Energy calls at each min: [1, 1990, 15784]
	Total force calls: 15784
	Force calls at each min: [1, 1990, 15784]
	Total steps: 16618
	Total Biases: 128

Verification against reference:
True minima found: 3/3

Verification against reference (saddles):
True saddles found: 1/2
Missed saddles at positions:
[-0.82200156  0.6243128 ]
Starting run 1882
Identified minimum at position [0.6234994  0.02803776] with unbiased energy -108.16672411685238
Identified minimum at position [-0.05012577  0.46672254] with unbiased energy -80.76781645215894
Identified minimum at position [-0.55822364  1.44172584] with unbiased energy -146.699517209954
Simulation completed.


Energies of found minima:
Minimum 1: Position = [0.6234994  0.02803776], Energy = -108.16672411685238
Minimum 2: Position = [-0.05012577  0.46672254], Energy = -80.76781645215894
Minimum 3: Position = [-0.55822364  1.44172584], Energy = -146.699517209954

Approximate saddle points between minima:
Saddle 1: Position = [0.1535814  0.22876021], Energy = -70.83511965602774
Saddle 2: Position = [-0.13400043 -0.01510404], Energy = -31.28726282727082

Computational statistics:
	Total energy calls: 9154
	Energy calls at each min: [1, 1275, 9154]
	Total force calls: 9154
	Force calls at each min: [1, 1275, 9154]
	Total steps: 9650
	Total Biases: 75

Verification against reference:
True minima found: 3/3

Verification against reference (saddles):
True saddles found: 0/2
Missed saddles at positions:
[0.21248658 0.29298833]
[-0.82200156  0.6243128 ]
Starting run 4668
Identified minimum at position [0.6234994  0.02803776] with unbiased energy -108.16672411685238
Identified minimum at position [-0.05001344  0.46669455] with unbiased energy -80.76781812887266
Identified minimum at position [-0.55822363  1.44172585] with unbiased energy -146.699517209954
Simulation completed.


Energies of found minima:
Minimum 1: Position = [0.6234994  0.02803776], Energy = -108.16672411685238
Minimum 2: Position = [-0.05001344  0.46669455], Energy = -80.76781812887266
Minimum 3: Position = [-0.55822363  1.44172585], Energy = -146.699517209954

Approximate saddle points between minima:
Saddle 1: Position = [0.22071501 0.28585213], Energy = -72.28524807719316
Saddle 2: Position = [-0.70971437  0.34927845], Energy = -32.548086619917086

Computational statistics:
	Total energy calls: 8758
	Energy calls at each min: [1, 1372, 8758]
	Total force calls: 8758
	Force calls at each min: [1, 1372, 8758]
	Total steps: 9216
	Total Biases: 69

Verification against reference:
True minima found: 3/3

Verification against reference (saddles):
True saddles found: 1/2
Missed saddles at positions:
[-0.82200156  0.6243128 ]
Starting run 2379
Identified minimum at position [0.6234994  0.02803776] with unbiased energy -108.16672411685238
Identified minimum at position [-0.05007045  0.46670801] with unbiased energy -80.76781768825171
Identified minimum at position [-0.55822362  1.44172585] with unbiased energy -146.69951720995397
Simulation completed.


Energies of found minima:
Minimum 1: Position = [0.6234994  0.02803776], Energy = -108.16672411685238
Minimum 2: Position = [-0.05007045  0.46670801], Energy = -80.76781768825171
Minimum 3: Position = [-0.55822362  1.44172585], Energy = -146.69951720995397

Approximate saddle points between minima:
Saddle 1: Position = [0.57086701 0.22742604], Energy = -71.65052372461756
Saddle 2: Position = [-0.78152565  0.48040692], Energy = -40.190278846823574

Computational statistics:
	Total energy calls: 4587
	Energy calls at each min: [1, 1618, 4587]
	Total force calls: 4587
	Force calls at each min: [1, 1618, 4587]
	Total steps: 4832
	Total Biases: 39

Verification against reference:
True minima found: 3/3

Verification against reference (saddles):
True saddles found: 0/2
Missed saddles at positions:
[0.21248658 0.29298833]
[-0.82200156  0.6243128 ]
Starting run 100
Identified minimum at position [0.6234994  0.02803776] with unbiased energy -108.16672411685238
Identified minimum at position [-0.05046002  0.46679603] with unbiased energy -80.76779331132911
Identified minimum at position [-0.55822363  1.44172584] with unbiased energy -146.699517209954
Simulation completed.


Energies of found minima:
Minimum 1: Position = [0.6234994  0.02803776], Energy = -108.16672411685238
Minimum 2: Position = [-0.05046002  0.46679603], Energy = -80.76779331132911
Minimum 3: Position = [-0.55822363  1.44172584], Energy = -146.699517209954

Approximate saddle points between minima:
Saddle 1: Position = [0.13886741 0.09040752], Energy = -70.47808575541785
Saddle 2: Position = [-0.08742893 -0.02787123], Energy = -34.87983132270607

Computational statistics:
	Total energy calls: 6521
	Energy calls at each min: [1, 1119, 6521]
	Total force calls: 6521
	Force calls at each min: [1, 1119, 6521]
	Total steps: 6867
	Total Biases: 53

Verification against reference:
True minima found: 3/3

Verification against reference (saddles):
True saddles found: 0/2
Missed saddles at positions:
[0.21248658 0.29298833]
[-0.82200156  0.6243128 ]
Starting run 3015
Identified minimum at position [0.6234994  0.02803776] with unbiased energy -108.16672411685238
Identified minimum at position [-0.05134515  0.46690057] with unbiased energy -80.76761548560148
Identified minimum at position [-0.55822364  1.44172583] with unbiased energy -146.69951720995397
Simulation completed.


Energies of found minima:
Minimum 1: Position = [0.6234994  0.02803776], Energy = -108.16672411685238
Minimum 2: Position = [-0.05134515  0.46690057], Energy = -80.76761548560148
Minimum 3: Position = [-0.55822364  1.44172583], Energy = -146.69951720995397

Approximate saddle points between minima:
Saddle 1: Position = [0.28108856 0.33217253], Energy = -70.5953446054258
Saddle 2: Position = [-0.8227167  0.6153764], Energy = -40.661352491641246

Computational statistics:
	Total energy calls: 4305
	Energy calls at each min: [1, 1324, 4305]
	Total force calls: 4305
	Force calls at each min: [1, 1324, 4305]
	Total steps: 4530
	Total Biases: 37

Verification against reference:
True minima found: 2/3
Missed minima at positions:
[-0.05001082  0.4666941 ]

Verification against reference (saddles):
True saddles found: 1/2
Missed saddles at positions:
[0.21248658 0.29298833]
Starting run 3936
Identified minimum at position [0.6234994  0.02803776] with unbiased energy -108.16672411685238
Identified minimum at position [-0.05001792  0.46669556] with unbiased energy -80.76781812363916
Identified minimum at position [-0.55822365  1.44172583] with unbiased energy -146.69951720995394
Simulation completed.


Energies of found minima:
Minimum 1: Position = [0.6234994  0.02803776], Energy = -108.16672411685238
Minimum 2: Position = [-0.05001792  0.46669556], Energy = -80.76781812363916
Minimum 3: Position = [-0.55822365  1.44172583], Energy = -146.69951720995394

Approximate saddle points between minima:
Saddle 1: Position = [0.12193714 0.16024907], Energy = -68.92114138609875
Saddle 2: Position = [-0.30917922  0.09543063], Energy = -25.048568999526683

Computational statistics:
	Total energy calls: 8379
	Energy calls at each min: [1, 1592, 8379]
	Total force calls: 8379
	Force calls at each min: [1, 1592, 8379]
	Total steps: 8827
	Total Biases: 69

Verification against reference:
True minima found: 3/3

Verification against reference (saddles):
True saddles found: 0/2
Missed saddles at positions:
[0.21248658 0.29298833]
[-0.82200156  0.6243128 ]
Starting run 392
Identified minimum at position [0.6234994  0.02803776] with unbiased energy -108.16672411685238
Identified minimum at position [-0.0501046   0.46671802] with unbiased energy -80.76781699852691
Identified minimum at position [-0.55822365  1.44172583] with unbiased energy -146.6995172099539
Simulation completed.


Energies of found minima:
Minimum 1: Position = [0.6234994  0.02803776], Energy = -108.16672411685238
Minimum 2: Position = [-0.0501046   0.46671802], Energy = -80.76781699852691
Minimum 3: Position = [-0.55822365  1.44172583], Energy = -146.6995172099539

Approximate saddle points between minima:
Saddle 1: Position = [0.09138641 0.13970223], Energy = -66.14002190669906
Saddle 2: Position = [-0.85576989  0.56080053], Energy = -39.372907427324364

Computational statistics:
	Total energy calls: 9819
	Energy calls at each min: [1, 3321, 9819]
	Total force calls: 9819
	Force calls at each min: [1, 3321, 9819]
	Total steps: 10330
	Total Biases: 82

Verification against reference:
True minima found: 3/3

Verification against reference (saddles):
True saddles found: 0/2
Missed saddles at positions:
[0.21248658 0.29298833]
[-0.82200156  0.6243128 ]
Starting run 4442
Identified minimum at position [0.6234994  0.02803776] with unbiased energy -108.16672411685238
Identified minimum at position [-0.05001122  0.46669417] with unbiased energy -80.76781812964086
Identified minimum at position [-0.55822362  1.44172586] with unbiased energy -146.69951720995397
Simulation completed.


Energies of found minima:
Minimum 1: Position = [0.6234994  0.02803776], Energy = -108.16672411685238
Minimum 2: Position = [-0.05001122  0.46669417], Energy = -80.76781812964086
Minimum 3: Position = [-0.55822362  1.44172586], Energy = -146.69951720995397

Approximate saddle points between minima:
Saddle 1: Position = [0.07936094 0.16300479], Energy = -65.41722209871443
Saddle 2: Position = [-0.83554325  0.59512106], Energy = -40.436955752272766

Computational statistics:
	Total energy calls: 3852
	Energy calls at each min: [1, 1789, 3852]
	Total force calls: 3852
	Force calls at each min: [1, 1789, 3852]
	Total steps: 4061
	Total Biases: 33

Verification against reference:
True minima found: 3/3

Verification against reference (saddles):
True saddles found: 1/2
Missed saddles at positions:
[0.21248658 0.29298833]
Starting run 2745
Identified minimum at position [0.6234994  0.02803776] with unbiased energy -108.16672411685238
Identified minimum at position [-0.05003164  0.46669952] with unbiased energy -80.7678180734253
Identified minimum at position [-0.55822363  1.44172585] with unbiased energy -146.69951720995397
Simulation completed.


Energies of found minima:
Minimum 1: Position = [0.6234994  0.02803776], Energy = -108.16672411685238
Minimum 2: Position = [-0.05003164  0.46669952], Energy = -80.7678180734253
Minimum 3: Position = [-0.55822363  1.44172585], Energy = -146.69951720995397

Approximate saddle points between minima:
Saddle 1: Position = [0.1888331  0.28818355], Energy = -72.13826211925428
Saddle 2: Position = [-0.80706421  0.51785364], Energy = -40.16584907110065

Computational statistics:
	Total energy calls: 6471
	Energy calls at each min: [1, 1504, 6471]
	Total force calls: 6471
	Force calls at each min: [1, 1504, 6471]
	Total steps: 6817
	Total Biases: 55

Verification against reference:
True minima found: 3/3

Verification against reference (saddles):
True saddles found: 1/2
Missed saddles at positions:
[-0.82200156  0.6243128 ]
Starting run 3127
Identified minimum at position [0.6234994  0.02803776] with unbiased energy -108.16672411685238
Identified minimum at position [-0.05001861  0.46669587] with unbiased energy -80.76781812220923
Identified minimum at position [-0.55822362  1.44172586] with unbiased energy -146.69951720995394
Simulation completed.


Energies of found minima:
Minimum 1: Position = [0.6234994  0.02803776], Energy = -108.16672411685238
Minimum 2: Position = [-0.05001861  0.46669587], Energy = -80.76781812220923
Minimum 3: Position = [-0.55822362  1.44172586], Energy = -146.69951720995394

Approximate saddle points between minima:
Saddle 1: Position = [0.29562592 0.28665239], Energy = -71.83217054470104
Saddle 2: Position = [-0.25179283  0.1813868 ], Energy = -39.473104056842686

Computational statistics:
	Total energy calls: 4529
	Energy calls at each min: [1, 1285, 4529]
	Total force calls: 4529
	Force calls at each min: [1, 1285, 4529]
	Total steps: 4760
	Total Biases: 39

Verification against reference:
True minima found: 3/3

Verification against reference (saddles):
True saddles found: 0/2
Missed saddles at positions:
[0.21248658 0.29298833]
[-0.82200156  0.6243128 ]
Starting run 2974
Identified minimum at position [0.6234994  0.02803776] with unbiased energy -108.16672411685238
Identified minimum at position [-0.05001376  0.46669469] with unbiased energy -80.7678181286326
Identified minimum at position [-0.55822364  1.44172583] with unbiased energy -146.69951720995397
Simulation completed.


Energies of found minima:
Minimum 1: Position = [0.6234994  0.02803776], Energy = -108.16672411685238
Minimum 2: Position = [-0.05001376  0.46669469], Energy = -80.7678181286326
Minimum 3: Position = [-0.55822364  1.44172583], Energy = -146.69951720995397

Approximate saddle points between minima:
Saddle 1: Position = [0.1806739  0.24786509], Energy = -71.83811408826546
Saddle 2: Position = [-0.83334139  0.56134887], Energy = -40.039942859112585

Computational statistics:
	Total energy calls: 8981
	Energy calls at each min: [1, 920, 8981]
	Total force calls: 8981
	Force calls at each min: [1, 920, 8981]
	Total steps: 9447
	Total Biases: 74

Verification against reference:
True minima found: 3/3

Verification against reference (saddles):
True saddles found: 0/2
Missed saddles at positions:
[0.21248658 0.29298833]
[-0.82200156  0.6243128 ]
Starting run 2366
Identified minimum at position [0.6234994  0.02803776] with unbiased energy -108.16672411685238
Identified minimum at position [-0.05082099  0.4669356 ] with unbiased energy -80.7677265382689
Identified minimum at position [-0.55822363  1.44172585] with unbiased energy -146.699517209954
Simulation completed.


Energies of found minima:
Minimum 1: Position = [0.6234994  0.02803776], Energy = -108.16672411685238
Minimum 2: Position = [-0.05082099  0.4669356 ], Energy = -80.7677265382689
Minimum 3: Position = [-0.55822363  1.44172585], Energy = -146.699517209954

Approximate saddle points between minima:
Saddle 1: Position = [0.47023415 0.2595242 ], Energy = -69.95769771459686
Saddle 2: Position = [-0.7111916   0.37457117], Energy = -35.853719949840034

Computational statistics:
	Total energy calls: 9527
	Energy calls at each min: [1, 1873, 9527]
	Total force calls: 9527
	Force calls at each min: [1, 1873, 9527]
	Total steps: 10023
	Total Biases: 77

Verification against reference:
True minima found: 3/3

Verification against reference (saddles):
True saddles found: 0/2
Missed saddles at positions:
[0.21248658 0.29298833]
[-0.82200156  0.6243128 ]
