Starting run 186
Identified minimum at [0.6234994  0.02803776] with energy -108.16672411685238
Identified minimum at [-0.05043232  0.46682478] with energy -80.76779272239247
Identified minimum at [-0.55822364  1.44172584] with energy -146.699517209954
Simulation completed.


Energies of found minima:
Minimum 1: Position = [0.6234994  0.02803776], Energy = -108.16672411685238
Minimum 2: Position = [-0.05043232  0.46682478], Energy = -80.76779272239247
Minimum 3: Position = [-0.55822364  1.44172584], Energy = -146.699517209954

Approximate saddle points between minima:
Saddle 1: Position = [0.21763487 0.32087757], Energy = -72.3177666106887
Saddle 2: Position = [-0.82390303  0.60456285], Energy = -40.63901728199046

Computational statistics:
	Total energy calls: 50204
	Energy calls at each min: [1, 7913, 50204]
	Total force calls: 50204
	Force calls at each min: [1, 7913, 50204]
	Total steps: 52342

Verification against reference:
True minima found: 3/3

Verification against reference (saddles):
True saddles found: 2/2
Starting run 559
Identified minimum at [0.6234994  0.02803776] with energy -108.16672411685238
Identified minimum at [-0.05001085  0.46669411] with energy -80.76781812965889
Identified minimum at [-0.55822365  1.44172583] with energy -146.69951720995388
Simulation completed.


Energies of found minima:
Minimum 1: Position = [0.6234994  0.02803776], Energy = -108.16672411685238
Minimum 2: Position = [-0.05001085  0.46669411], Energy = -80.76781812965889
Minimum 3: Position = [-0.55822365  1.44172583], Energy = -146.69951720995388

Approximate saddle points between minima:
Saddle 1: Position = [0.23840096 0.2910107 ], Energy = -72.2100179579842
Saddle 2: Position = [-0.81417008  0.61552509], Energy = -40.71368417035655

Computational statistics:
	Total energy calls: 29117
	Energy calls at each min: [1, 4574, 29117]
	Total force calls: 29117
	Force calls at each min: [1, 4574, 29117]
	Total steps: 30612

Verification against reference:
True minima found: 3/3

Verification against reference (saddles):
True saddles found: 2/2
Starting run 482
Identified minimum at [0.6234994  0.02803776] with energy -108.16672411685238
Identified minimum at [-0.05012273  0.46672376] with energy -80.76781649044746
BFGS Hessian has condition number >1e6 and cannot be reliably trusted; reverting to default behavior. 
Eigenvalues: [1.12070371e-02 2.04240707e+07]
Identified minimum at [-0.55822365  1.44172583] with energy -146.69951720995397
Simulation completed.


Energies of found minima:
Minimum 1: Position = [0.6234994  0.02803776], Energy = -108.16672411685238
Minimum 2: Position = [-0.05012273  0.46672376], Energy = -80.76781649044746
Minimum 3: Position = [-0.55822365  1.44172583], Energy = -146.69951720995397

Approximate saddle points between minima:
Saddle 1: Position = [0.21373169 0.31991202], Energy = -72.36870720416724
Saddle 2: Position = [-0.83146183  0.62950976], Energy = -40.70602970675034

Computational statistics:
	Total energy calls: 22792
	Energy calls at each min: [1, 2533, 22792]
	Total force calls: 22792
	Force calls at each min: [1, 2533, 22792]
	Total steps: 23915

Verification against reference:
True minima found: 3/3

Verification against reference (saddles):
True saddles found: 2/2
Starting run 450
Identified minimum at [0.6234994  0.02803776] with energy -108.16672411685238
Identified minimum at [-0.05001078  0.4666941 ] with energy -80.76781812965885
Identified minimum at [-0.55822365  1.44172583] with energy -146.6995172099539
Simulation completed.


Energies of found minima:
Minimum 1: Position = [0.6234994  0.02803776], Energy = -108.16672411685238
Minimum 2: Position = [-0.05001078  0.4666941 ], Energy = -80.76781812965885
Minimum 3: Position = [-0.55822365  1.44172583], Energy = -146.6995172099539

Approximate saddle points between minima:
Saddle 1: Position = [0.23688593 0.29800202], Energy = -72.12744503162563
Saddle 2: Position = [-0.83617107  0.60350166], Energy = -40.50850695142378

Computational statistics:
	Total energy calls: 46154
	Energy calls at each min: [1, 7548, 46154]
	Total force calls: 46154
	Force calls at each min: [1, 7548, 46154]
	Total steps: 48494

Verification against reference:
True minima found: 3/3

Verification against reference (saddles):
True saddles found: 2/2
Starting run 687
Identified minimum at [0.6234994  0.02803776] with energy -108.16672411685238
Identified minimum at [-0.05001659  0.46669537] with energy -80.76781812560797
BFGS Hessian has condition number >1e6 and cannot be reliably trusted; reverting to default behavior. 
Eigenvalues: [1.64449215e-04 3.90087038e+09]
BFGS Hessian has condition number >1e6 and cannot be reliably trusted; reverting to default behavior. 
Eigenvalues: [6.06941804e-03 3.08682681e+07]
Identified minimum at [-0.55822362  1.44172585] with energy -146.69951720995397
Simulation completed.


Energies of found minima:
Minimum 1: Position = [0.6234994  0.02803776], Energy = -108.16672411685238
Minimum 2: Position = [-0.05001659  0.46669537], Energy = -80.76781812560797
Minimum 3: Position = [-0.55822362  1.44172585], Energy = -146.69951720995397

Approximate saddle points between minima:
Saddle 1: Position = [0.21567603 0.29366628], Energy = -72.246854595786
Saddle 2: Position = [-0.84914384  0.60194649], Energy = -40.383457353050176

Computational statistics:
	Total energy calls: 39173
	Energy calls at each min: [1, 5351, 39173]
	Total force calls: 39173
	Force calls at each min: [1, 5351, 39173]
	Total steps: 40998

Verification against reference:
True minima found: 3/3

Verification against reference (saddles):
True saddles found: 2/2
Starting run 506
Identified minimum at [0.6234994  0.02803776] with energy -108.16672411685238
BFGS Hessian has condition number >1e6 and cannot be reliably trusted; reverting to default behavior. 
Eigenvalues: [9.08762775e-03 3.15206299e+04]
Identified minimum at [-0.05001106  0.46669417] with energy -80.76781812965152
BFGS Hessian has condition number >1e6 and cannot be reliably trusted; reverting to default behavior. 
Eigenvalues: [4.92574825e-03 3.92424756e+06]
BFGS Hessian has condition number >1e6 and cannot be reliably trusted; reverting to default behavior. 
Eigenvalues: [6.70876956e-03 1.27227967e+06]
Identified minimum at [-0.55822365  1.44172582] with energy -146.69951720995385
Simulation completed.


Energies of found minima:
Minimum 1: Position = [0.6234994  0.02803776], Energy = -108.16672411685238
Minimum 2: Position = [-0.05001106  0.46669417], Energy = -80.76781812965152
Minimum 3: Position = [-0.55822365  1.44172582], Energy = -146.69951720995385

Approximate saddle points between minima:
Saddle 1: Position = [0.21449054 0.29961663], Energy = -72.25049798970639
Saddle 2: Position = [-0.84382907  0.62621864], Energy = -40.744187885444504

Computational statistics:
	Total energy calls: 64560
	Energy calls at each min: [1, 9954, 64560]
	Total force calls: 64560
	Force calls at each min: [1, 9954, 64560]
	Total steps: 67568

Verification against reference:
True minima found: 3/3

Verification against reference (saddles):
True saddles found: 2/2
Starting run 573
Identified minimum at [0.6234994  0.02803776] with energy -108.16672411685238
BFGS Hessian has condition number >1e6 and cannot be reliably trusted; reverting to default behavior. 
Eigenvalues: [2.26533413e-03 7.20502741e+05]
Identified minimum at [-0.05019898  0.46674475] with energy -80.76781346038015
BFGS Hessian has condition number >1e6 and cannot be reliably trusted; reverting to default behavior. 
Eigenvalues: [7.56086316e-04 1.24602257e+08]
BFGS Hessian has condition number >1e6 and cannot be reliably trusted; reverting to default behavior. 
Eigenvalues: [9.72612062e-03 1.14373343e+08]
BFGS Hessian has condition number >1e6 and cannot be reliably trusted; reverting to default behavior. 
Eigenvalues: [9.53674316e-07 1.08889971e+10]
Identified minimum at [-0.55822362  1.44172586] with energy -146.69951720995394
Simulation completed.


Energies of found minima:
Minimum 1: Position = [0.6234994  0.02803776], Energy = -108.16672411685238
Minimum 2: Position = [-0.05019898  0.46674475], Energy = -80.76781346038015
Minimum 3: Position = [-0.55822362  1.44172586], Energy = -146.69951720995394

Approximate saddle points between minima:
Saddle 1: Position = [0.21453823 0.30483119], Energy = -72.26399337153839
Saddle 2: Position = [-0.82851333  0.60669488], Energy = -40.59923251099509

Computational statistics:
	Total energy calls: 86828
	Energy calls at each min: [1, 14951, 86828]
	Total force calls: 86828
	Force calls at each min: [1, 14951, 86828]
	Total steps: 90315

Verification against reference:
True minima found: 3/3

Verification against reference (saddles):
True saddles found: 2/2
Starting run 703
Identified minimum at [0.6234994  0.02803776] with energy -108.16672411685238
Identified minimum at [-0.05001087  0.46669411] with energy -80.76781812965879
Identified minimum at [-0.55822365  1.44172582] with energy -146.69951720995385
Simulation completed.


Energies of found minima:
Minimum 1: Position = [0.6234994  0.02803776], Energy = -108.16672411685238
Minimum 2: Position = [-0.05001087  0.46669411], Energy = -80.76781812965879
Minimum 3: Position = [-0.55822365  1.44172582], Energy = -146.69951720995385

Approximate saddle points between minima:
Saddle 1: Position = [0.23078903 0.31204434], Energy = -72.10029652493343
Saddle 2: Position = [-0.80205536  0.64382777], Energy = -40.48098054307152

Computational statistics:
	Total energy calls: 40788
	Energy calls at each min: [1, 5953, 40788]
	Total force calls: 40788
	Force calls at each min: [1, 5953, 40788]
	Total steps: 42840

Verification against reference:
True minima found: 3/3

Verification against reference (saddles):
True saddles found: 2/2
Starting run 141
Identified minimum at [0.6234994  0.02803776] with energy -108.16672411685238
Identified minimum at [-0.05006058  0.46670774] with energy -80.76781780019243
BFGS Hessian has condition number >1e6 and cannot be reliably trusted; reverting to default behavior. 
Eigenvalues: [2.25350726e-03 5.00323014e+07]
Identified minimum at [-0.55822365  1.44172582] with energy -146.69951720995388
Simulation completed.


Energies of found minima:
Minimum 1: Position = [0.6234994  0.02803776], Energy = -108.16672411685238
Minimum 2: Position = [-0.05006058  0.46670774], Energy = -80.76781780019243
Minimum 3: Position = [-0.55822365  1.44172582], Energy = -146.69951720995388

Approximate saddle points between minima:
Saddle 1: Position = [0.30499527 0.29105322], Energy = -71.44963320981726
Saddle 2: Position = [-0.78861163  0.67699312], Energy = -39.872749782343206

Computational statistics:
	Total energy calls: 26669
	Energy calls at each min: [1, 5121, 26669]
	Total force calls: 26669
	Force calls at each min: [1, 5121, 26669]
	Total steps: 27946

Verification against reference:
True minima found: 3/3

Verification against reference (saddles):
True saddles found: 0/2
Missed saddles at positions:
[0.21248658 0.29298833]
[-0.82200156  0.6243128 ]
