Starting run 292
Identified minimum at [0.6234994  0.02803776] with energy -108.1667241168524
Identified minimum at [-0.05003703  0.46669958] with energy -80.76781804725091
Identified minimum at [-0.55822362  1.44172585] with energy -146.69951720995397
Simulation completed.


Energies of found minima:
Minimum 1: Position = [0.6234994  0.02803776], Energy = -108.1667241168524
Minimum 2: Position = [-0.05003703  0.46669958], Energy = -80.76781804725091
Minimum 3: Position = [-0.55822362  1.44172585], Energy = -146.69951720995397

Approximate saddle points between minima:
Saddle 1: Position = [0.17606789 0.22434726], Energy = -71.85266369001408
Saddle 2: Position = [-0.83386417  0.60502388], Energy = -40.54178388528566

Computational statistics:
	Total energy calls: 30104
	Energy calls at each min: [1, 6062, 30104]
	Total force calls: 30104
	Force calls at each min: [1, 6062, 30104]
	Total steps: 31509

Verification against reference:
True minima found: 3/3

Verification against reference (saddles):
True saddles found: 1/2
Missed saddles at positions:
[0.21248658 0.29298833]
Starting run 33
Identified minimum at [0.6234994  0.02803776] with energy -108.1667241168524
Identified minimum at [-0.05076519  0.46687842] with energy -80.76774621582574
Identified minimum at [-0.55822365  1.44172582] with energy -146.69951720995385
Simulation completed.


Energies of found minima:
Minimum 1: Position = [0.6234994  0.02803776], Energy = -108.1667241168524
Minimum 2: Position = [-0.05076519  0.46687842], Energy = -80.76774621582574
Minimum 3: Position = [-0.55822365  1.44172582], Energy = -146.69951720995385

Approximate saddle points between minima:
Saddle 1: Position = [0.24582192 0.33378818], Energy = -71.71595921771737
Saddle 2: Position = [-0.81245227  0.62919672], Energy = -40.64709178064278

Computational statistics:
	Total energy calls: 31463
	Energy calls at each min: [1, 5808, 31463]
	Total force calls: 31463
	Force calls at each min: [1, 5808, 31463]
	Total steps: 32851

Verification against reference:
True minima found: 3/3

Verification against reference (saddles):
True saddles found: 1/2
Missed saddles at positions:
[0.21248658 0.29298833]
Starting run 497
Identified minimum at [0.6234994  0.02803776] with energy -108.1667241168524
BFGS Hessian has condition number >1e6 and cannot be reliably trusted; reverting to default behavior. 
Eigenvalues: [1.06422042e-03 1.32417774e+03]
Identified minimum at [-0.05001115  0.46669417] with energy -80.76781812964603
BFGS Hessian has condition number >1e6 and cannot be reliably trusted; reverting to default behavior. 
Eigenvalues: [2.18407298e-03 1.42377875e+06]
BFGS Hessian has condition number >1e6 and cannot be reliably trusted; reverting to default behavior. 
Eigenvalues: [1.97914864e-03 2.97131551e+03]
BFGS Hessian has condition number >1e6 and cannot be reliably trusted; reverting to default behavior. 
Eigenvalues: [1.15971195e-03 6.67587582e+03]
BFGS Hessian has condition number >1e6 and cannot be reliably trusted; reverting to default behavior. 
Eigenvalues: [3.22944298e-03 1.26777738e+08]
Identified minimum at [-0.55822363  1.44172584] with energy -146.699517209954
Simulation completed.


Energies of found minima:
Minimum 1: Position = [0.6234994  0.02803776], Energy = -108.1667241168524
Minimum 2: Position = [-0.05001115  0.46669417], Energy = -80.76781812964603
Minimum 3: Position = [-0.55822363  1.44172584], Energy = -146.699517209954

Approximate saddle points between minima:
Saddle 1: Position = [0.21146176 0.29145604], Energy = -72.24848669413778
Saddle 2: Position = [-0.81571895  0.63016101], Energy = -40.647462700713604

Computational statistics:
	Total energy calls: 82280
	Energy calls at each min: [1, 13474, 82280]
	Total force calls: 82280
	Force calls at each min: [1, 13474, 82280]
	Total steps: 85956

Verification against reference:
True minima found: 3/3

Verification against reference (saddles):
True saddles found: 2/2
Starting run 52
Identified minimum at [0.6234994  0.02803776] with energy -108.1667241168524
Identified minimum at [-0.05037755  0.46679014] with energy -80.76780062180694
Identified minimum at [-0.55822364  1.44172583] with energy -146.69951720995394
Simulation completed.


Energies of found minima:
Minimum 1: Position = [0.6234994  0.02803776], Energy = -108.1667241168524
Minimum 2: Position = [-0.05037755  0.46679014], Energy = -80.76780062180694
Minimum 3: Position = [-0.55822364  1.44172583], Energy = -146.69951720995394

Approximate saddle points between minima:
Saddle 1: Position = [0.13991351 0.0964114 ], Energy = -70.65252161700566
Saddle 2: Position = [-0.83761455  0.61887394], Energy = -40.64119011342578

Computational statistics:
	Total energy calls: 20592
	Energy calls at each min: [1, 5113, 20592]
	Total force calls: 20592
	Force calls at each min: [1, 5113, 20592]
	Total steps: 21541

Verification against reference:
True minima found: 3/3

Verification against reference (saddles):
True saddles found: 1/2
Missed saddles at positions:
[0.21248658 0.29298833]
Starting run 329
Identified minimum at [0.6234994  0.02803776] with energy -108.1667241168524
Identified minimum at [-0.05007894  0.4667105 ] with energy -80.76781754677006
Identified minimum at [-0.55822366  1.44172582] with energy -146.69951720995383
Simulation completed.


Energies of found minima:
Minimum 1: Position = [0.6234994  0.02803776], Energy = -108.1667241168524
Minimum 2: Position = [-0.05007894  0.4667105 ], Energy = -80.76781754677006
Minimum 3: Position = [-0.55822366  1.44172582], Energy = -146.69951720995383

Approximate saddle points between minima:
Saddle 1: Position = [0.25058675 0.30838949], Energy = -71.83023333258362
Saddle 2: Position = [-0.81879146  0.59336372], Energy = -40.699539173671724

Computational statistics:
	Total energy calls: 81273
	Energy calls at each min: [1, 16484, 81273]
	Total force calls: 81273
	Force calls at each min: [1, 16484, 81273]
	Total steps: 84576

Verification against reference:
True minima found: 3/3

Verification against reference (saddles):
True saddles found: 2/2
Starting run 568
Identified minimum at [0.6234994  0.02803776] with energy -108.1667241168524
Identified minimum at [-0.05001181  0.46669431] with energy -80.76781812954147
Identified minimum at [-0.55822365  1.44172583] with energy -146.69951720995397
Simulation completed.


Energies of found minima:
Minimum 1: Position = [0.6234994  0.02803776], Energy = -108.1667241168524
Minimum 2: Position = [-0.05001181  0.46669431], Energy = -80.76781812954147
Minimum 3: Position = [-0.55822365  1.44172583], Energy = -146.69951720995397

Approximate saddle points between minima:
Saddle 1: Position = [0.22744836 0.2937175 ], Energy = -72.22064301352893
Saddle 2: Position = [-0.82040391  0.6166199 ], Energy = -40.67288500642654

Computational statistics:
	Total energy calls: 130008
	Energy calls at each min: [1, 24554, 130008]
	Total force calls: 130008
	Force calls at each min: [1, 24554, 130008]
	Total steps: 135779

Verification against reference:
True minima found: 3/3

Verification against reference (saddles):
True saddles found: 2/2
Starting run 278
Identified minimum at [0.6234994  0.02803776] with energy -108.1667241168524
Identified minimum at [-0.05089581  0.46691173] with energy -80.76771889571765
Identified minimum at [-0.55822365  1.44172582] with energy -146.69951720995388
Simulation completed.


Energies of found minima:
Minimum 1: Position = [0.6234994  0.02803776], Energy = -108.1667241168524
Minimum 2: Position = [-0.05089581  0.46691173], Energy = -80.76771889571765
Minimum 3: Position = [-0.55822365  1.44172582], Energy = -146.69951720995388

Approximate saddle points between minima:
Saddle 1: Position = [0.14925155 0.16515106], Energy = -71.0690131535049
Saddle 2: Position = [-0.81229028  0.6008562 ], Energy = -40.80066043958367

Computational statistics:
	Total energy calls: 33634
	Energy calls at each min: [1, 6299, 33634]
	Total force calls: 33634
	Force calls at each min: [1, 6299, 33634]
	Total steps: 35131

Verification against reference:
True minima found: 3/3

Verification against reference (saddles):
True saddles found: 1/2
Missed saddles at positions:
[0.21248658 0.29298833]
Starting run 726
Identified minimum at [0.6234994  0.02803776] with energy -108.1667241168524
Identified minimum at [-0.05023243  0.46675214] with energy -80.76781173650518
BFGS Hessian has condition number >1e6 and cannot be reliably trusted; reverting to default behavior. 
Eigenvalues: [5.51304617e-03 1.31996315e+06]
Identified minimum at [-0.55822363  1.44172584] with energy -146.699517209954
Simulation completed.


Energies of found minima:
Minimum 1: Position = [0.6234994  0.02803776], Energy = -108.1667241168524
Minimum 2: Position = [-0.05023243  0.46675214], Energy = -80.76781173650518
Minimum 3: Position = [-0.55822363  1.44172584], Energy = -146.699517209954

Approximate saddle points between minima:
Saddle 1: Position = [0.20880761 0.31049476], Energy = -72.34236599347705
Saddle 2: Position = [-0.86392536  0.55116596], Energy = -38.83364827320172

Computational statistics:
	Total energy calls: 21543
	Energy calls at each min: [1, 3091, 21543]
	Total force calls: 21543
	Force calls at each min: [1, 3091, 21543]
	Total steps: 22590

Verification against reference:
True minima found: 3/3

Verification against reference (saddles):
True saddles found: 1/2
Missed saddles at positions:
[-0.82200156  0.6243128 ]
Starting run 66
Identified minimum at [0.6234994  0.02803776] with energy -108.1667241168524
Identified minimum at [-0.05001626  0.46669512] with energy -80.76781812619996
Identified minimum at [-0.55822362  1.44172585] with energy -146.69951720995397
Simulation completed.


Energies of found minima:
Minimum 1: Position = [0.6234994  0.02803776], Energy = -108.1667241168524
Minimum 2: Position = [-0.05001626  0.46669512], Energy = -80.76781812619996
Minimum 3: Position = [-0.55822362  1.44172585], Energy = -146.69951720995397

Approximate saddle points between minima:
Saddle 1: Position = [0.23053808 0.29579998], Energy = -72.19021908976876
Saddle 2: Position = [-0.83673236  0.61775057], Energy = -40.63120320679781

Computational statistics:
	Total energy calls: 23173
	Energy calls at each min: [1, 3915, 23173]
	Total force calls: 23173
	Force calls at each min: [1, 3915, 23173]
	Total steps: 24332

Verification against reference:
True minima found: 3/3

Verification against reference (saddles):
True saddles found: 2/2
