Starting run 216
Identified minimum at [0.6234994  0.02803776] with energy -108.1667241168524
Identified minimum at [-0.0500108  0.4666941] with energy -80.76781812965896
Identified minimum at [-0.55822365  1.44172583] with energy -146.6995172099539
Simulation completed.


Energies of found minima:
Minimum 1: Position = [0.6234994  0.02803776], Energy = -108.1667241168524
Minimum 2: Position = [-0.0500108  0.4666941], Energy = -80.76781812965896
Minimum 3: Position = [-0.55822365  1.44172583], Energy = -146.6995172099539

Approximate saddle points between minima:
Saddle 1: Position = [0.1676671  0.27118037], Energy = -71.63797637092003
Saddle 2: Position = [-0.82133928  0.6291481 ], Energy = -40.66343387167593

Computational statistics:
	Total energy calls: 34766
	Energy calls at each min: [1, 5716, 34766]
	Total force calls: 34766
	Force calls at each min: [1, 5716, 34766]
	Total steps: 36553

Verification against reference:
True minima found: 3/3

Verification against reference (saddles):
True saddles found: 2/2
Starting run 353
Identified minimum at [0.6234994  0.02803776] with energy -108.1667241168524
Identified minimum at [-0.05001153  0.46669431] with energy -80.76781812959061
Identified minimum at [-0.55822362  1.44172586] with energy -146.6995172099539
Simulation completed.


Energies of found minima:
Minimum 1: Position = [0.6234994  0.02803776], Energy = -108.1667241168524
Minimum 2: Position = [-0.05001153  0.46669431], Energy = -80.76781812959061
Minimum 3: Position = [-0.55822362  1.44172586], Energy = -146.6995172099539

Approximate saddle points between minima:
Saddle 1: Position = [0.17603636 0.28068999], Energy = -71.91343964478975
Saddle 2: Position = [-0.82898384  0.62587093], Energy = -40.677132261353435

Computational statistics:
	Total energy calls: 51391
	Energy calls at each min: [1, 7748, 51391]
	Total force calls: 51391
	Force calls at each min: [1, 7748, 51391]
	Total steps: 53829

Verification against reference:
True minima found: 3/3

Verification against reference (saddles):
True saddles found: 2/2
Starting run 386
Identified minimum at [0.6234994  0.02803776] with energy -108.1667241168524
Identified minimum at [-0.050504    0.46679425] with energy -80.76778915533396
Identified minimum at [-0.55822364  1.44172583] with energy -146.69951720995397
Simulation completed.


Energies of found minima:
Minimum 1: Position = [0.6234994  0.02803776], Energy = -108.1667241168524
Minimum 2: Position = [-0.050504    0.46679425], Energy = -80.76778915533396
Minimum 3: Position = [-0.55822364  1.44172583], Energy = -146.69951720995397

Approximate saddle points between minima:
Saddle 1: Position = [0.17320825 0.27823852], Energy = -71.8376207958344
Saddle 2: Position = [-0.83621164  0.62722704], Energy = -40.71341447919215

Computational statistics:
	Total energy calls: 21044
	Energy calls at each min: [1, 4214, 21044]
	Total force calls: 21044
	Force calls at each min: [1, 4214, 21044]
	Total steps: 22032

Verification against reference:
True minima found: 3/3

Verification against reference (saddles):
True saddles found: 2/2
Starting run 57
Identified minimum at [0.6234994  0.02803776] with energy -108.1667241168524
Identified minimum at [-0.05001793  0.46669599] with energy -80.76781812304569
Identified minimum at [-0.55822363  1.44172585] with energy -146.699517209954
Simulation completed.


Energies of found minima:
Minimum 1: Position = [0.6234994  0.02803776], Energy = -108.1667241168524
Minimum 2: Position = [-0.05001793  0.46669599], Energy = -80.76781812304569
Minimum 3: Position = [-0.55822363  1.44172585], Energy = -146.699517209954

Approximate saddle points between minima:
Saddle 1: Position = [0.2275334  0.28783281], Energy = -72.27436452337197
Saddle 2: Position = [-0.8597943   0.58407405], Energy = -39.90081018089141

Computational statistics:
	Total energy calls: 31970
	Energy calls at each min: [1, 4958, 31970]
	Total force calls: 31970
	Force calls at each min: [1, 4958, 31970]
	Total steps: 33527

Verification against reference:
True minima found: 3/3

Verification against reference (saddles):
True saddles found: 1/2
Missed saddles at positions:
[-0.82200156  0.6243128 ]
Starting run 130
Identified minimum at [0.6234994  0.02803776] with energy -108.1667241168524
Identified minimum at [-0.05002137  0.46669594] with energy -80.76781811681468
Identified minimum at [-0.55822364  1.44172583] with energy -146.69951720995394
Simulation completed.


Energies of found minima:
Minimum 1: Position = [0.6234994  0.02803776], Energy = -108.1667241168524
Minimum 2: Position = [-0.05002137  0.46669594], Energy = -80.76781811681468
Minimum 3: Position = [-0.55822364  1.44172583], Energy = -146.69951720995394

Approximate saddle points between minima:
Saddle 1: Position = [0.19156163 0.28168085], Energy = -72.10644827867942
Saddle 2: Position = [-0.83645337  0.59729494], Energy = -40.44643878722407

Computational statistics:
	Total energy calls: 23872
	Energy calls at each min: [1, 5731, 23872]
	Total force calls: 23872
	Force calls at each min: [1, 5731, 23872]
	Total steps: 25026

Verification against reference:
True minima found: 3/3

Verification against reference (saddles):
True saddles found: 2/2
Starting run 621
Identified minimum at [0.6234994  0.02803776] with energy -108.1667241168524
Identified minimum at [-0.05001086  0.4666941 ] with energy -80.7678181296588
BFGS Hessian has condition number >1e6 and cannot be reliably trusted; reverting to default behavior. 
Eigenvalues: [1.92922354e-03 6.86482005e+09]
Identified minimum at [-0.55822365  1.44172582] with energy -146.69951720995388
Simulation completed.


Energies of found minima:
Minimum 1: Position = [0.6234994  0.02803776], Energy = -108.1667241168524
Minimum 2: Position = [-0.05001086  0.4666941 ], Energy = -80.7678181296588
Minimum 3: Position = [-0.55822365  1.44172582], Energy = -146.69951720995388

Approximate saddle points between minima:
Saddle 1: Position = [0.18815782 0.26306996], Energy = -71.99809314936539
Saddle 2: Position = [-0.75437977  0.4542809 ], Energy = -40.523151201117074

Computational statistics:
	Total energy calls: 45420
	Energy calls at each min: [1, 7080, 45420]
	Total force calls: 45420
	Force calls at each min: [1, 7080, 45420]
	Total steps: 47754

Verification against reference:
True minima found: 3/3

Verification against reference (saddles):
True saddles found: 1/2
Missed saddles at positions:
[-0.82200156  0.6243128 ]
Starting run 594
Identified minimum at [0.6234994  0.02803776] with energy -108.1667241168524
Identified minimum at [-0.05001087  0.46669411] with energy -80.76781812965872
Identified minimum at [-0.55822362  1.44172586] with energy -146.6995172099539
Simulation completed.


Energies of found minima:
Minimum 1: Position = [0.6234994  0.02803776], Energy = -108.1667241168524
Minimum 2: Position = [-0.05001087  0.46669411], Energy = -80.76781812965872
Minimum 3: Position = [-0.55822362  1.44172586], Energy = -146.6995172099539

Approximate saddle points between minima:
Saddle 1: Position = [0.20249197 0.3024843 ], Energy = -72.30795827704918
Saddle 2: Position = [-0.81806816  0.6158913 ], Energy = -40.68692252145428

Computational statistics:
	Total energy calls: 51891
	Energy calls at each min: [1, 10637, 51891]
	Total force calls: 51891
	Force calls at each min: [1, 10637, 51891]
	Total steps: 54479

Verification against reference:
True minima found: 3/3

Verification against reference (saddles):
True saddles found: 2/2
Starting run 518
Identified minimum at [0.6234994  0.02803776] with energy -108.1667241168524
Identified minimum at [-0.05011193  0.46672561] with energy -80.7678166631186
BFGS Hessian has condition number >1e6 and cannot be reliably trusted; reverting to default behavior. 
Eigenvalues: [1.05611980e-06 5.42299806e+07]
Identified minimum at [-0.55822364  1.44172584] with energy -146.699517209954
Simulation completed.


Energies of found minima:
Minimum 1: Position = [0.6234994  0.02803776], Energy = -108.1667241168524
Minimum 2: Position = [-0.05011193  0.46672561], Energy = -80.7678166631186
Minimum 3: Position = [-0.55822364  1.44172584], Energy = -146.699517209954

Approximate saddle points between minima:
Saddle 1: Position = [0.2257911 0.3038803], Energy = -72.17739354521126
Saddle 2: Position = [-0.84538427  0.59575802], Energy = -40.32044581801801

Computational statistics:
	Total energy calls: 38903
	Energy calls at each min: [1, 6864, 38903]
	Total force calls: 38903
	Force calls at each min: [1, 6864, 38903]
	Total steps: 40663

Verification against reference:
True minima found: 3/3

Verification against reference (saddles):
True saddles found: 2/2
Starting run 379
Identified minimum at [0.6234994  0.02803776] with energy -108.1667241168524
Identified minimum at [-0.05001079  0.4666941 ] with energy -80.76781812965893
BFGS Hessian has condition number >1e6 and cannot be reliably trusted; reverting to default behavior. 
Eigenvalues: [1.51907359e-03 1.43304072e+06]
Identified minimum at [-0.55822363  1.44172585] with energy -146.699517209954
Simulation completed.


Energies of found minima:
Minimum 1: Position = [0.6234994  0.02803776], Energy = -108.1667241168524
Minimum 2: Position = [-0.05001079  0.4666941 ], Energy = -80.76781812965893
Minimum 3: Position = [-0.55822363  1.44172585], Energy = -146.699517209954

Approximate saddle points between minima:
Saddle 1: Position = [0.16439062 0.27793438], Energy = -71.69078678494371
Saddle 2: Position = [-0.83872744  0.61401512], Energy = -40.59309881638903

Computational statistics:
	Total energy calls: 31138
	Energy calls at each min: [1, 6295, 31138]
	Total force calls: 31138
	Force calls at each min: [1, 6295, 31138]
	Total steps: 32701

Verification against reference:
True minima found: 3/3

Verification against reference (saddles):
True saddles found: 1/2
Missed saddles at positions:
[0.21248658 0.29298833]
