Starting run 63
Identified minimum at [0.6234994  0.02803776] with energy -108.16672411685238
Identified minimum at [-0.05001078  0.4666941 ] with energy -80.76781812965885
BFGS Hessian has condition number >1e6 and cannot be reliably trusted; reverting to default behavior. 
Eigenvalues: [2.45001299e-03 3.13784066e+05]
Identified minimum at [-0.55822363  1.44172585] with energy -146.699517209954
Simulation completed.


Energies of found minima:
Minimum 1: Position = [0.6234994  0.02803776], Energy = -108.16672411685238
Minimum 2: Position = [-0.05001078  0.4666941 ], Energy = -80.76781812965885
Minimum 3: Position = [-0.55822363  1.44172585], Energy = -146.699517209954

Approximate saddle points between minima:
Saddle 1: Position = [0.20973001 0.28656303], Energy = -72.24749580939205
Saddle 2: Position = [-0.81595661  0.62811709], Energy = -40.6551726126511

Computational statistics:
	Total energy calls: 38716
	Energy calls at each min: [1, 7316, 38716]
	Total force calls: 38716
	Force calls at each min: [1, 7316, 38716]
	Total steps: 40715

Verification against reference:
True minima found: 3/3

Verification against reference (saddles):
True saddles found: 2/2
Starting run 688
Identified minimum at [0.6234994  0.02803776] with energy -108.16672411685238
Identified minimum at [-0.05003474  0.46670031] with energy -80.76781805553404
Identified minimum at [-0.55822364  1.44172583] with energy -146.699517209954
Simulation completed.


Energies of found minima:
Minimum 1: Position = [0.6234994  0.02803776], Energy = -108.16672411685238
Minimum 2: Position = [-0.05003474  0.46670031], Energy = -80.76781805553404
Minimum 3: Position = [-0.55822364  1.44172583], Energy = -146.699517209954

Approximate saddle points between minima:
Saddle 1: Position = [0.15368119 0.28331862], Energy = -71.63863780192793
Saddle 2: Position = [-0.83736766  0.60524783], Energy = -40.5146946595124

Computational statistics:
	Total energy calls: 30743
	Energy calls at each min: [1, 6636, 30743]
	Total force calls: 30743
	Force calls at each min: [1, 6636, 30743]
	Total steps: 32174

Verification against reference:
True minima found: 3/3

Verification against reference (saddles):
True saddles found: 1/2
Missed saddles at positions:
[0.21248658 0.29298833]
Starting run 192
Identified minimum at [0.6234994  0.02803776] with energy -108.16672411685238
Identified minimum at [-0.05006488  0.46670468] with energy -80.76781778467321
Identified minimum at [-0.55822365  1.44172582] with energy -146.69951720995388
Simulation completed.


Energies of found minima:
Minimum 1: Position = [0.6234994  0.02803776], Energy = -108.16672411685238
Minimum 2: Position = [-0.05006488  0.46670468], Energy = -80.76781778467321
Minimum 3: Position = [-0.55822365  1.44172582], Energy = -146.69951720995388

Approximate saddle points between minima:
Saddle 1: Position = [0.25341038 0.2864241 ], Energy = -72.2365936793887
Saddle 2: Position = [-0.82555698  0.61934194], Energy = -40.65577821333963

Computational statistics:
	Total energy calls: 43574
	Energy calls at each min: [1, 8420, 43574]
	Total force calls: 43574
	Force calls at each min: [1, 8420, 43574]
	Total steps: 45581

Verification against reference:
True minima found: 3/3

Verification against reference (saddles):
True saddles found: 2/2
Starting run 62
Identified minimum at [0.6234994  0.02803776] with energy -108.16672411685238
BFGS Hessian has condition number >1e6 and cannot be reliably trusted; reverting to default behavior. 
Eigenvalues: [1.14698138e-02 5.57245986e+06]
Identified minimum at [-0.05006749  0.46671709] with energy -80.76781755665166
Identified minimum at [-0.55822364  1.44172584] with energy -146.699517209954
Simulation completed.


Energies of found minima:
Minimum 1: Position = [0.6234994  0.02803776], Energy = -108.16672411685238
Minimum 2: Position = [-0.05006749  0.46671709], Energy = -80.76781755665166
Minimum 3: Position = [-0.55822364  1.44172584], Energy = -146.699517209954

Approximate saddle points between minima:
Saddle 1: Position = [0.22008977 0.30639893], Energy = -72.22489200376663
Saddle 2: Position = [-0.78596643  0.62993796], Energy = -40.69221745980279

Computational statistics:
	Total energy calls: 19153
	Energy calls at each min: [1, 3925, 19153]
	Total force calls: 19153
	Force calls at each min: [1, 3925, 19153]
	Total steps: 20055

Verification against reference:
True minima found: 3/3

Verification against reference (saddles):
True saddles found: 2/2
Starting run 76
Identified minimum at [0.6234994  0.02803776] with energy -108.16672411685238
Identified minimum at [-0.0500123  0.4666944] with energy -80.76781812940024
Identified minimum at [-0.55822365  1.44172583] with energy -146.69951720995388
Simulation completed.


Energies of found minima:
Minimum 1: Position = [0.6234994  0.02803776], Energy = -108.16672411685238
Minimum 2: Position = [-0.0500123  0.4666944], Energy = -80.76781812940024
Minimum 3: Position = [-0.55822365  1.44172583], Energy = -146.69951720995388

Approximate saddle points between minima:
Saddle 1: Position = [0.1461113 0.2637695], Energy = -70.99315927166055
Saddle 2: Position = [0.51026738 0.45509262], Energy = -39.739372073476204

Computational statistics:
	Total energy calls: 26337
	Energy calls at each min: [1, 4066, 26337]
	Total force calls: 26337
	Force calls at each min: [1, 4066, 26337]
	Total steps: 27644

Verification against reference:
True minima found: 3/3

Verification against reference (saddles):
True saddles found: 0/2
Missed saddles at positions:
[0.21248658 0.29298833]
[-0.82200156  0.6243128 ]
Starting run 509
Identified minimum at [0.6234994  0.02803776] with energy -108.16672411685238
Identified minimum at [-0.05002438  0.4666977 ] with energy -80.76781810561226
Identified minimum at [-0.55822364  1.44172583] with energy -146.69951720995397
Simulation completed.


Energies of found minima:
Minimum 1: Position = [0.6234994  0.02803776], Energy = -108.16672411685238
Minimum 2: Position = [-0.05002438  0.4666977 ], Energy = -80.76781810561226
Minimum 3: Position = [-0.55822364  1.44172583], Energy = -146.69951720995397

Approximate saddle points between minima:
Saddle 1: Position = [0.21733684 0.29092074], Energy = -72.25294297286857
Saddle 2: Position = [-0.81041202  0.61551417], Energy = -40.74205993159843

Computational statistics:
	Total energy calls: 45508
	Energy calls at each min: [1, 7486, 45508]
	Total force calls: 45508
	Force calls at each min: [1, 7486, 45508]
	Total steps: 47504

Verification against reference:
True minima found: 3/3

Verification against reference (saddles):
True saddles found: 2/2
Starting run 737
Identified minimum at [0.6234994  0.02803776] with energy -108.16672411685238
Identified minimum at [-0.0504703   0.46682778] with energy -80.76778909619748
Identified minimum at [-0.55822363  1.44172584] with energy -146.69951720995402
Simulation completed.


Energies of found minima:
Minimum 1: Position = [0.6234994  0.02803776], Energy = -108.16672411685238
Minimum 2: Position = [-0.0504703   0.46682778], Energy = -80.76778909619748
Minimum 3: Position = [-0.55822363  1.44172584], Energy = -146.69951720995402

Approximate saddle points between minima:
Saddle 1: Position = [0.27727283 0.29435266], Energy = -71.76547827853611
Saddle 2: Position = [-0.80422374  0.61182925], Energy = -40.83383463910907

Computational statistics:
	Total energy calls: 73468
	Energy calls at each min: [1, 15335, 73468]
	Total force calls: 73468
	Force calls at each min: [1, 15335, 73468]
	Total steps: 76338

Verification against reference:
True minima found: 3/3

Verification against reference (saddles):
True saddles found: 1/2
Missed saddles at positions:
[0.21248658 0.29298833]
Starting run 178
Identified minimum at [0.6234994  0.02803776] with energy -108.16672411685238
BFGS Hessian has condition number >1e6 and cannot be reliably trusted; reverting to default behavior. 
Eigenvalues: [2.42498051e-03 5.76826949e+09]
Identified minimum at [-0.05044099  0.46681394] with energy -80.76779328716196
BFGS Hessian has condition number >1e6 and cannot be reliably trusted; reverting to default behavior. 
Eigenvalues: [5.86236121e-03 1.93496702e+06]
Identified minimum at [-0.55822365  1.44172582] with energy -146.69951720995383
Simulation completed.


Energies of found minima:
Minimum 1: Position = [0.6234994  0.02803776], Energy = -108.16672411685238
Minimum 2: Position = [-0.05044099  0.46681394], Energy = -80.76779328716196
Minimum 3: Position = [-0.55822365  1.44172582], Energy = -146.69951720995383

Approximate saddle points between minima:
Saddle 1: Position = [0.23890202 0.28957576], Energy = -72.23042651932033
Saddle 2: Position = [-0.83285147  0.58881104], Energy = -40.41899575148881

Computational statistics:
	Total energy calls: 58594
	Energy calls at each min: [1, 11074, 58594]
	Total force calls: 58594
	Force calls at each min: [1, 11074, 58594]
	Total steps: 61074

Verification against reference:
True minima found: 3/3

Verification against reference (saddles):
True saddles found: 2/2
Starting run 466
Identified minimum at [0.6234994  0.02803776] with energy -108.16672411685238
Identified minimum at [-0.05024654  0.46675408] with energy -80.76781098982424
BFGS Hessian has condition number >1e6 and cannot be reliably trusted; reverting to default behavior. 
Eigenvalues: [5.29754157e-03 2.71991162e+04]
Identified minimum at [-0.55822364  1.44172584] with energy -146.699517209954
Simulation completed.


Energies of found minima:
Minimum 1: Position = [0.6234994  0.02803776], Energy = -108.16672411685238
Minimum 2: Position = [-0.05024654  0.46675408], Energy = -80.76781098982424
Minimum 3: Position = [-0.55822364  1.44172584], Energy = -146.699517209954

Approximate saddle points between minima:
Saddle 1: Position = [0.20976112 0.31372969], Energy = -72.36201516889923
Saddle 2: Position = [-0.85979028  0.6177109 ], Energy = -40.67309311996197

Computational statistics:
	Total energy calls: 25683
	Energy calls at each min: [1, 4433, 25683]
	Total force calls: 25683
	Force calls at each min: [1, 4433, 25683]
	Total steps: 26907

Verification against reference:
True minima found: 3/3

Verification against reference (saddles):
True saddles found: 2/2
