Starting run 694
Identified minimum at [0.6234994  0.02803776] with energy -108.16672411685238
Identified minimum at [-0.05001079  0.4666941 ] with energy -80.7678181296589
Identified minimum at [-0.55822364  1.44172584] with energy -146.69951720995402
Simulation completed.


Energies of found minima:
Minimum 1: Position = [0.6234994  0.02803776], Energy = -108.16672411685238
Minimum 2: Position = [-0.05001079  0.4666941 ], Energy = -80.7678181296589
Minimum 3: Position = [-0.55822364  1.44172584], Energy = -146.69951720995402

Approximate saddle points between minima:
Saddle 1: Position = [0.25370402 0.3133991 ], Energy = -71.7026160066185
Saddle 2: Position = [-0.85412299  0.56250506], Energy = -39.46443410725574

Computational statistics:
	Total energy calls: 37071
	Energy calls at each min: [1, 6336, 37071]
	Total force calls: 37071
	Force calls at each min: [1, 6336, 37071]
	Total steps: 38920

Verification against reference:
True minima found: 3/3

Verification against reference (saddles):
True saddles found: 1/2
Missed saddles at positions:
[-0.82200156  0.6243128 ]
Starting run 175
Identified minimum at [0.6234994  0.02803776] with energy -108.16672411685238
Identified minimum at [-0.05001423  0.46669487] with energy -80.76781812823847
BFGS Hessian has condition number >1e6 and cannot be reliably trusted; reverting to default behavior. 
Eigenvalues: [1.17490441e-03 1.44398688e+09]
Identified minimum at [-0.55822365  1.44172583] with energy -146.69951720995394
Simulation completed.


Energies of found minima:
Minimum 1: Position = [0.6234994  0.02803776], Energy = -108.16672411685238
Minimum 2: Position = [-0.05001423  0.46669487], Energy = -80.76781812823847
Minimum 3: Position = [-0.55822365  1.44172583], Energy = -146.69951720995394

Approximate saddle points between minima:
Saddle 1: Position = [0.20067363 0.27816778], Energy = -72.18855619252338
Saddle 2: Position = [-0.81497751  0.59981502], Energy = -40.761130621983256

Computational statistics:
	Total energy calls: 60416
	Energy calls at each min: [1, 11077, 60416]
	Total force calls: 60416
	Force calls at each min: [1, 11077, 60416]
	Total steps: 63059

Verification against reference:
True minima found: 3/3

Verification against reference (saddles):
True saddles found: 2/2
Starting run 782
Identified minimum at [0.6234994  0.02803776] with energy -108.16672411685238
Identified minimum at [-0.05033128  0.46678621] with energy -80.76780410623384
BFGS Hessian has condition number >1e6 and cannot be reliably trusted; reverting to default behavior. 
Eigenvalues: [4.34589121e-01 6.20608873e+05]
Identified minimum at [-0.55822361  1.44172586] with energy -146.69951720995383
Simulation completed.


Energies of found minima:
Minimum 1: Position = [0.6234994  0.02803776], Energy = -108.16672411685238
Minimum 2: Position = [-0.05033128  0.46678621], Energy = -80.76780410623384
Minimum 3: Position = [-0.55822361  1.44172586], Energy = -146.69951720995383

Approximate saddle points between minima:
Saddle 1: Position = [0.28373678 0.29759563], Energy = -71.54255518719276
Saddle 2: Position = [-0.83828443  0.52069976], Energy = -38.70164753263432

Computational statistics:
	Total energy calls: 28263
	Energy calls at each min: [1, 4027, 28263]
	Total force calls: 28263
	Force calls at each min: [1, 4027, 28263]
	Total steps: 29556

Verification against reference:
True minima found: 3/3

Verification against reference (saddles):
True saddles found: 0/2
Missed saddles at positions:
[0.21248658 0.29298833]
[-0.82200156  0.6243128 ]
Starting run 770
Identified minimum at [0.6234994  0.02803776] with energy -108.16672411685238
Identified minimum at [-0.05001345  0.46669495] with energy -80.76781812864806
Identified minimum at [-0.55822363  1.44172585] with energy -146.699517209954
Simulation completed.


Energies of found minima:
Minimum 1: Position = [0.6234994  0.02803776], Energy = -108.16672411685238
Minimum 2: Position = [-0.05001345  0.46669495], Energy = -80.76781812864806
Minimum 3: Position = [-0.55822363  1.44172585], Energy = -146.699517209954

Approximate saddle points between minima:
Saddle 1: Position = [0.23844011 0.30436845], Energy = -72.04728387194795
Saddle 2: Position = [-0.83495853  0.64355432], Energy = -40.8566480597799

Computational statistics:
	Total energy calls: 33512
	Energy calls at each min: [1, 6407, 33512]
	Total force calls: 33512
	Force calls at each min: [1, 6407, 33512]
	Total steps: 35072

Verification against reference:
True minima found: 3/3

Verification against reference (saddles):
True saddles found: 2/2
Starting run 807
Identified minimum at [0.6234994  0.02803776] with energy -108.16672411685238
Identified minimum at [-0.05093086  0.46684862] with energy -80.76772084435201
Identified minimum at [-0.55822362  1.44172585] with energy -146.69951720995394
Simulation completed.


Energies of found minima:
Minimum 1: Position = [0.6234994  0.02803776], Energy = -108.16672411685238
Minimum 2: Position = [-0.05093086  0.46684862], Energy = -80.76772084435201
Minimum 3: Position = [-0.55822362  1.44172585], Energy = -146.69951720995394

Approximate saddle points between minima:
Saddle 1: Position = [0.4349447  0.27092867], Energy = -69.63287201661211
Saddle 2: Position = [-0.85824273  0.60746079], Energy = -40.44646200405677

Computational statistics:
	Total energy calls: 18634
	Energy calls at each min: [1, 4019, 18634]
	Total force calls: 18634
	Force calls at each min: [1, 4019, 18634]
	Total steps: 19545

Verification against reference:
True minima found: 3/3

Verification against reference (saddles):
True saddles found: 1/2
Missed saddles at positions:
[0.21248658 0.29298833]
Starting run 287
Identified minimum at [0.6234994  0.02803776] with energy -108.16672411685238
Identified minimum at [-0.05018408  0.46672931] with energy -80.76781455323069
Identified minimum at [-0.55822365  1.44172583] with energy -146.69951720995397
Simulation completed.


Energies of found minima:
Minimum 1: Position = [0.6234994  0.02803776], Energy = -108.16672411685238
Minimum 2: Position = [-0.05018408  0.46672931], Energy = -80.76781455323069
Minimum 3: Position = [-0.55822365  1.44172583], Energy = -146.69951720995397

Approximate saddle points between minima:
Saddle 1: Position = [0.2203616  0.29562745], Energy = -72.2329616788309
Saddle 2: Position = [-0.74771053  0.66397792], Energy = -39.52213733081992

Computational statistics:
	Total energy calls: 30456
	Energy calls at each min: [1, 4582, 30456]
	Total force calls: 30456
	Force calls at each min: [1, 4582, 30456]
	Total steps: 31809

Verification against reference:
True minima found: 3/3

Verification against reference (saddles):
True saddles found: 1/2
Missed saddles at positions:
[-0.82200156  0.6243128 ]
Starting run 452
Identified minimum at [0.6234994  0.02803776] with energy -108.16672411685238
BFGS Hessian has condition number >1e6 and cannot be reliably trusted; reverting to default behavior. 
Eigenvalues: [1.31189008e-05 1.53386904e+07]
Identified minimum at [-0.05001441  0.46669484] with energy -80.76781812812062
Identified minimum at [-0.55822365  1.44172582] with energy -146.69951720995388
Simulation completed.


Energies of found minima:
Minimum 1: Position = [0.6234994  0.02803776], Energy = -108.16672411685238
Minimum 2: Position = [-0.05001441  0.46669484], Energy = -80.76781812812062
Minimum 3: Position = [-0.55822365  1.44172582], Energy = -146.69951720995388

Approximate saddle points between minima:
Saddle 1: Position = [0.21357782 0.28388609], Energy = -72.27225767067219
Saddle 2: Position = [-0.81859068  0.64549246], Energy = -40.64022717645931

Computational statistics:
	Total energy calls: 34884
	Energy calls at each min: [1, 5984, 34884]
	Total force calls: 34884
	Force calls at each min: [1, 5984, 34884]
	Total steps: 36603

Verification against reference:
True minima found: 3/3

Verification against reference (saddles):
True saddles found: 2/2
Starting run 462
Identified minimum at [0.6234994  0.02803776] with energy -108.16672411685238
Identified minimum at [-0.05001274  0.46669452] with energy -80.76781812921134
Identified minimum at [-0.55822365  1.44172583] with energy -146.69951720995394
Simulation completed.


Energies of found minima:
Minimum 1: Position = [0.6234994  0.02803776], Energy = -108.16672411685238
Minimum 2: Position = [-0.05001274  0.46669452], Energy = -80.76781812921134
Minimum 3: Position = [-0.55822365  1.44172583], Energy = -146.69951720995394

Approximate saddle points between minima:
Saddle 1: Position = [0.12655507 0.27799023], Energy = -70.93349789123369
Saddle 2: Position = [-0.84162747  0.59845483], Energy = -40.39949954037964

Computational statistics:
	Total energy calls: 31258
	Energy calls at each min: [1, 5977, 31258]
	Total force calls: 31258
	Force calls at each min: [1, 5977, 31258]
	Total steps: 32787

Verification against reference:
True minima found: 3/3

Verification against reference (saddles):
True saddles found: 1/2
Missed saddles at positions:
[0.21248658 0.29298833]
Starting run 748
Identified minimum at [0.6234994  0.02803776] with energy -108.16672411685238
Identified minimum at [-0.0500108   0.46669411] with energy -80.76781812965895
Identified minimum at [-0.55822365  1.44172582] with energy -146.69951720995388
Simulation completed.


Energies of found minima:
Minimum 1: Position = [0.6234994  0.02803776], Energy = -108.16672411685238
Minimum 2: Position = [-0.0500108   0.46669411], Energy = -80.76781812965895
Minimum 3: Position = [-0.55822365  1.44172582], Energy = -146.69951720995388

Approximate saddle points between minima:
Saddle 1: Position = [0.21121929 0.30146642], Energy = -72.26929413560663
Saddle 2: Position = [-0.82437733  0.61919452], Energy = -40.658338196032396

Computational statistics:
	Total energy calls: 68621
	Energy calls at each min: [1, 12923, 68621]
	Total force calls: 68621
	Force calls at each min: [1, 12923, 68621]
	Total steps: 71842

Verification against reference:
True minima found: 3/3

Verification against reference (saddles):
True saddles found: 2/2
