Starting run 776
Identified minimum at [0.6234994  0.02803776] with energy -108.16672411685238
Identified minimum at [-0.05001099  0.46669416] with energy -80.76781812965487
Identified minimum at [-0.55822365  1.44172582] with energy -146.6995172099539
Simulation completed.


Energies of found minima:
Minimum 1: Position = [0.6234994  0.02803776], Energy = -108.16672411685238
Minimum 2: Position = [-0.05001099  0.46669416], Energy = -80.76781812965487
Minimum 3: Position = [-0.55822365  1.44172582], Energy = -146.6995172099539

Approximate saddle points between minima:
Saddle 1: Position = [0.37178983 0.29186869], Energy = -69.56232303032209
Saddle 2: Position = [-0.82915161  0.61168028], Energy = -40.61638999012514

Computational statistics:
	Total energy calls: 32375
	Energy calls at each min: [1, 7293, 32375]
	Total force calls: 32375
	Force calls at each min: [1, 7293, 32375]
	Total steps: 33971

Verification against reference:
True minima found: 3/3

Verification against reference (saddles):
True saddles found: 1/2
Missed saddles at positions:
[0.21248658 0.29298833]
Starting run 622
Identified minimum at [0.6234994  0.02803776] with energy -108.16672411685238
Identified minimum at [-0.05001079  0.4666941 ] with energy -80.7678181296589
Identified minimum at [-0.55822362  1.44172586] with energy -146.6995172099539
Simulation completed.


Energies of found minima:
Minimum 1: Position = [0.6234994  0.02803776], Energy = -108.16672411685238
Minimum 2: Position = [-0.05001079  0.4666941 ], Energy = -80.7678181296589
Minimum 3: Position = [-0.55822362  1.44172586], Energy = -146.6995172099539

Approximate saddle points between minima:
Saddle 1: Position = [0.22043707 0.28850578], Energy = -72.26634235597047
Saddle 2: Position = [-0.82135428  0.6130539 ], Energy = -40.66935968201622

Computational statistics:
	Total energy calls: 31155
	Energy calls at each min: [1, 5856, 31155]
	Total force calls: 31155
	Force calls at each min: [1, 5856, 31155]
	Total steps: 32736

Verification against reference:
True minima found: 3/3

Verification against reference (saddles):
True saddles found: 2/2
Starting run 550
Identified minimum at [0.6234994  0.02803776] with energy -108.16672411685238
Identified minimum at [-0.05001079  0.4666941 ] with energy -80.76781812965889
Identified minimum at [-0.55822361  1.44172586] with energy -146.69951720995385
Simulation completed.


Energies of found minima:
Minimum 1: Position = [0.6234994  0.02803776], Energy = -108.16672411685238
Minimum 2: Position = [-0.05001079  0.4666941 ], Energy = -80.76781812965889
Minimum 3: Position = [-0.55822361  1.44172586], Energy = -146.69951720995385

Approximate saddle points between minima:
Saddle 1: Position = [0.20567215 0.28754169], Energy = -72.23066711044316
Saddle 2: Position = [-0.8169581   0.61780191], Energy = -40.68794256436362

Computational statistics:
	Total energy calls: 31571
	Energy calls at each min: [1, 5511, 31571]
	Total force calls: 31571
	Force calls at each min: [1, 5511, 31571]
	Total steps: 33189

Verification against reference:
True minima found: 3/3

Verification against reference (saddles):
True saddles found: 2/2
Starting run 228
Identified minimum at [0.6234994  0.02803776] with energy -108.16672411685238
Identified minimum at [-0.05001099  0.46669414] with energy -80.76781812965555
BFGS Hessian has condition number >1e6 and cannot be reliably trusted; reverting to default behavior. 
Eigenvalues: [3.42559180e-03 9.11445277e+03]
Identified minimum at [-0.55822363  1.44172584] with energy -146.69951720995402
Simulation completed.


Energies of found minima:
Minimum 1: Position = [0.6234994  0.02803776], Energy = -108.16672411685238
Minimum 2: Position = [-0.05001099  0.46669414], Energy = -80.76781812965555
Minimum 3: Position = [-0.55822363  1.44172584], Energy = -146.69951720995402

Approximate saddle points between minima:
Saddle 1: Position = [0.16637961 0.29271836], Energy = -72.03672724395483
Saddle 2: Position = [-0.82687272  0.60822621], Energy = -40.61946702127497

Computational statistics:
	Total energy calls: 22063
	Energy calls at each min: [1, 4273, 22063]
	Total force calls: 22063
	Force calls at each min: [1, 4273, 22063]
	Total steps: 23165

Verification against reference:
True minima found: 3/3

Verification against reference (saddles):
True saddles found: 2/2
Starting run 481
Identified minimum at [0.6234994  0.02803776] with energy -108.16672411685238
Identified minimum at [-0.05005283  0.46671227] with energy -80.7678177930432
Identified minimum at [-0.55822362  1.44172586] with energy -146.6995172099539
Simulation completed.


Energies of found minima:
Minimum 1: Position = [0.6234994  0.02803776], Energy = -108.16672411685238
Minimum 2: Position = [-0.05005283  0.46671227], Energy = -80.7678177930432
Minimum 3: Position = [-0.55822362  1.44172586], Energy = -146.6995172099539

Approximate saddle points between minima:
Saddle 1: Position = [0.15147573 0.06624921], Energy = -71.41385122688087
Saddle 2: Position = [-0.2315821   0.14378631], Energy = -36.80485406528453

Computational statistics:
	Total energy calls: 25357
	Energy calls at each min: [1, 3366, 25357]
	Total force calls: 25357
	Force calls at each min: [1, 3366, 25357]
	Total steps: 26609

Verification against reference:
True minima found: 3/3

Verification against reference (saddles):
True saddles found: 0/2
Missed saddles at positions:
[0.21248658 0.29298833]
[-0.82200156  0.6243128 ]
Starting run 328
Identified minimum at [0.6234994  0.02803776] with energy -108.16672411685238
BFGS Hessian has condition number >1e6 and cannot be reliably trusted; reverting to default behavior. 
Eigenvalues: [1.31456615e-03 1.73759786e+08]
Identified minimum at [-0.05005342  0.46670484] with energy -80.76781789750721
BFGS Hessian has condition number >1e6 and cannot be reliably trusted; reverting to default behavior. 
Eigenvalues: [1.00187771e-03 4.54352727e+08]
BFGS Hessian has condition number >1e6 and cannot be reliably trusted; reverting to default behavior. 
Eigenvalues: [2.10537546e-03 1.99911563e+06]
Identified minimum at [-0.55822362  1.44172586] with energy -146.6995172099539
Simulation completed.


Energies of found minima:
Minimum 1: Position = [0.6234994  0.02803776], Energy = -108.16672411685238
Minimum 2: Position = [-0.05005342  0.46670484], Energy = -80.76781789750721
Minimum 3: Position = [-0.55822362  1.44172586], Energy = -146.6995172099539

Approximate saddle points between minima:
Saddle 1: Position = [0.23310503 0.27979907], Energy = -72.39464534066587
Saddle 2: Position = [-0.82176293  0.61333872], Energy = -40.66655691907987

Computational statistics:
	Total energy calls: 101717
	Energy calls at each min: [1, 15022, 101717]
	Total force calls: 101717
	Force calls at each min: [1, 15022, 101717]
	Total steps: 105884

Verification against reference:
True minima found: 3/3

Verification against reference (saddles):
True saddles found: 2/2
Starting run 618
Identified minimum at [0.6234994  0.02803776] with energy -108.16672411685238
Identified minimum at [-0.05002518  0.46669721] with energy -80.7678181046759
BFGS Hessian has condition number >1e6 and cannot be reliably trusted; reverting to default behavior. 
Eigenvalues: [1.18569259e-02 6.32108672e+07]
Identified minimum at [-0.55822362  1.44172585] with energy -146.69951720995397
Simulation completed.


Energies of found minima:
Minimum 1: Position = [0.6234994  0.02803776], Energy = -108.16672411685238
Minimum 2: Position = [-0.05002518  0.46669721], Energy = -80.7678181046759
Minimum 3: Position = [-0.55822362  1.44172585], Energy = -146.69951720995397

Approximate saddle points between minima:
Saddle 1: Position = [0.19478128 0.27421958], Energy = -72.11615474246845
Saddle 2: Position = [-0.01683373 -0.0702263 ], Energy = -36.57553417648114

Computational statistics:
	Total energy calls: 31474
	Energy calls at each min: [1, 5472, 31474]
	Total force calls: 31474
	Force calls at each min: [1, 5472, 31474]
	Total steps: 32940

Verification against reference:
True minima found: 3/3

Verification against reference (saddles):
True saddles found: 1/2
Missed saddles at positions:
[-0.82200156  0.6243128 ]
Starting run 627
Identified minimum at [0.6234994  0.02803776] with energy -108.16672411685238
Identified minimum at [-0.05028101  0.46675438] with energy -80.76780920025539
BFGS Hessian has condition number >1e6 and cannot be reliably trusted; reverting to default behavior. 
Eigenvalues: [5.13771316e-04 5.78945244e+07]
Identified minimum at [-0.55822365  1.44172582] with energy -146.69951720995388
Simulation completed.


Energies of found minima:
Minimum 1: Position = [0.6234994  0.02803776], Energy = -108.16672411685238
Minimum 2: Position = [-0.05028101  0.46675438], Energy = -80.76780920025539
Minimum 3: Position = [-0.55822365  1.44172582], Energy = -146.69951720995388

Approximate saddle points between minima:
Saddle 1: Position = [0.20890067 0.27950594], Energy = -72.26131297253764
Saddle 2: Position = [-0.79766139  0.6305722 ], Energy = -40.64046422223828

Computational statistics:
	Total energy calls: 22884
	Energy calls at each min: [1, 4273, 22884]
	Total force calls: 22884
	Force calls at each min: [1, 4273, 22884]
	Total steps: 23982

Verification against reference:
True minima found: 3/3

Verification against reference (saddles):
True saddles found: 2/2
Starting run 655
Identified minimum at [0.6234994  0.02803776] with energy -108.16672411685238
Identified minimum at [-0.0502118   0.46673943] with energy -80.76781317199114
Identified minimum at [-0.55822364  1.44172584] with energy -146.69951720995402
Simulation completed.


Energies of found minima:
Minimum 1: Position = [0.6234994  0.02803776], Energy = -108.16672411685238
Minimum 2: Position = [-0.0502118   0.46673943], Energy = -80.76781317199114
Minimum 3: Position = [-0.55822364  1.44172584], Energy = -146.69951720995402

Approximate saddle points between minima:
Saddle 1: Position = [0.17218499 0.29592283], Energy = -72.15515017695955
Saddle 2: Position = [-0.83121416  0.5656267 ], Energy = -40.17649819707935

Computational statistics:
	Total energy calls: 74383
	Energy calls at each min: [1, 14438, 74383]
	Total force calls: 74383
	Force calls at each min: [1, 14438, 74383]
	Total steps: 77424

Verification against reference:
True minima found: 3/3

Verification against reference (saddles):
True saddles found: 1/2
Missed saddles at positions:
[-0.82200156  0.6243128 ]
