Starting run 324
Identified minimum at [0.6234994  0.02803776] with energy -108.1667241168524
Identified minimum at [-0.05001078  0.4666941 ] with energy -80.76781812965883
BFGS Hessian has condition number >1e6 and cannot be reliably trusted; reverting to default behavior. 
Eigenvalues: [5.38006095e-05 6.27051608e+03]
Identified minimum at [-0.55822365  1.44172583] with energy -146.6995172099539
Simulation completed.


Energies of found minima:
Minimum 1: Position = [0.6234994  0.02803776], Energy = -108.1667241168524
Minimum 2: Position = [-0.05001078  0.4666941 ], Energy = -80.76781812965883
Minimum 3: Position = [-0.55822365  1.44172583], Energy = -146.6995172099539

Approximate saddle points between minima:
Saddle 1: Position = [0.2244394  0.32155879], Energy = -72.20840680148959
Saddle 2: Position = [-0.81228016  0.62639158], Energy = -40.66340249120543

Computational statistics:
	Total energy calls: 155272
	Energy calls at each min: [1, 25833, 155272]
	Total force calls: 155272
	Force calls at each min: [1, 25833, 155272]
	Total steps: 162345

Verification against reference:
True minima found: 3/3

Verification against reference (saddles):
True saddles found: 2/2
Starting run 56
Identified minimum at [0.6234994  0.02803776] with energy -108.1667241168524
Identified minimum at [-0.05001131  0.46669425] with energy -80.76781812962587
Identified minimum at [-0.55822362  1.44172586] with energy -146.6995172099539
Simulation completed.


Energies of found minima:
Minimum 1: Position = [0.6234994  0.02803776], Energy = -108.1667241168524
Minimum 2: Position = [-0.05001131  0.46669425], Energy = -80.76781812962587
Minimum 3: Position = [-0.55822362  1.44172586], Energy = -146.6995172099539

Approximate saddle points between minima:
Saddle 1: Position = [0.18788126 0.27090666], Energy = -72.0045178324041
Saddle 2: Position = [-0.82098203  0.62439135], Energy = -40.66491377204674

Computational statistics:
	Total energy calls: 27553
	Energy calls at each min: [1, 5747, 27553]
	Total force calls: 27553
	Force calls at each min: [1, 5747, 27553]
	Total steps: 28919

Verification against reference:
True minima found: 3/3

Verification against reference (saddles):
True saddles found: 2/2
Starting run 478
Identified minimum at [0.6234994  0.02803776] with energy -108.1667241168524
Identified minimum at [-0.05001085  0.4666941 ] with energy -80.76781812965892
Identified minimum at [-0.55822364  1.44172583] with energy -146.69951720995397
Simulation completed.


Energies of found minima:
Minimum 1: Position = [0.6234994  0.02803776], Energy = -108.1667241168524
Minimum 2: Position = [-0.05001085  0.4666941 ], Energy = -80.76781812965892
Minimum 3: Position = [-0.55822364  1.44172583], Energy = -146.69951720995397

Approximate saddle points between minima:
Saddle 1: Position = [0.19046484 0.28605644], Energy = -72.12985827721783
Saddle 2: Position = [-0.82462393  0.63644443], Energy = -40.69021908976505

Computational statistics:
	Total energy calls: 19250
	Energy calls at each min: [1, 5965, 19250]
	Total force calls: 19250
	Force calls at each min: [1, 5965, 19250]
	Total steps: 20233

Verification against reference:
True minima found: 3/3

Verification against reference (saddles):
True saddles found: 2/2
Starting run 106
Identified minimum at [0.6234994  0.02803776] with energy -108.1667241168524
Identified minimum at [-0.05017198  0.4667422 ] with energy -80.76781450430946
Identified minimum at [-0.55822365  1.44172582] with energy -146.69951720995388
Simulation completed.


Energies of found minima:
Minimum 1: Position = [0.6234994  0.02803776], Energy = -108.1667241168524
Minimum 2: Position = [-0.05017198  0.4667422 ], Energy = -80.76781450430946
Minimum 3: Position = [-0.55822365  1.44172582], Energy = -146.69951720995388

Approximate saddle points between minima:
Saddle 1: Position = [0.22099662 0.3184813 ], Energy = -72.25141115420175
Saddle 2: Position = [-0.80226345  0.61014409], Energy = -40.87575358192163

Computational statistics:
	Total energy calls: 39928
	Energy calls at each min: [1, 5987, 39928]
	Total force calls: 39928
	Force calls at each min: [1, 5987, 39928]
	Total steps: 41655

Verification against reference:
True minima found: 3/3

Verification against reference (saddles):
True saddles found: 2/2
Starting run 361
Identified minimum at [0.6234994  0.02803776] with energy -108.1667241168524
Identified minimum at [-0.05001086  0.46669412] with energy -80.76781812965882
Identified minimum at [-0.55822362  1.44172585] with energy -146.6995172099539
Simulation completed.


Energies of found minima:
Minimum 1: Position = [0.6234994  0.02803776], Energy = -108.1667241168524
Minimum 2: Position = [-0.05001086  0.46669412], Energy = -80.76781812965882
Minimum 3: Position = [-0.55822362  1.44172585], Energy = -146.6995172099539

Approximate saddle points between minima:
Saddle 1: Position = [0.21660091 0.29131354], Energy = -72.25158320718555
Saddle 2: Position = [-0.81634068  0.62509762], Energy = -40.66581537199269

Computational statistics:
	Total energy calls: 46118
	Energy calls at each min: [1, 8318, 46118]
	Total force calls: 46118
	Force calls at each min: [1, 8318, 46118]
	Total steps: 48380

Verification against reference:
True minima found: 3/3

Verification against reference (saddles):
True saddles found: 2/2
Starting run 227
Identified minimum at [0.6234994  0.02803776] with energy -108.1667241168524
Identified minimum at [-0.05001089  0.46669412] with energy -80.7678181296585
Identified minimum at [-0.55822362  1.44172586] with energy -146.6995172099539
Simulation completed.


Energies of found minima:
Minimum 1: Position = [0.6234994  0.02803776], Energy = -108.1667241168524
Minimum 2: Position = [-0.05001089  0.46669412], Energy = -80.7678181296585
Minimum 3: Position = [-0.55822362  1.44172586], Energy = -146.6995172099539

Approximate saddle points between minima:
Saddle 1: Position = [0.17893258 0.26571481], Energy = -71.81266319219324
Saddle 2: Position = [-0.81997285  0.62630584], Energy = -40.66290351482285

Computational statistics:
	Total energy calls: 26296
	Energy calls at each min: [1, 5297, 26296]
	Total force calls: 26296
	Force calls at each min: [1, 5297, 26296]
	Total steps: 27610

Verification against reference:
True minima found: 3/3

Verification against reference (saddles):
True saddles found: 2/2
Starting run 254
Identified minimum at [0.6234994  0.02803776] with energy -108.1667241168524
Identified minimum at [-0.05001172  0.46669432] with energy -80.76781812955983
Identified minimum at [-0.55822365  1.44172582] with energy -146.69951720995388
Simulation completed.


Energies of found minima:
Minimum 1: Position = [0.6234994  0.02803776], Energy = -108.1667241168524
Minimum 2: Position = [-0.05001172  0.46669432], Energy = -80.76781812955983
Minimum 3: Position = [-0.55822365  1.44172582], Energy = -146.69951720995388

Approximate saddle points between minima:
Saddle 1: Position = [0.19540542 0.29429592], Energy = -72.23249299467689
Saddle 2: Position = [-0.8330327   0.61890215], Energy = -40.64270515844082

Computational statistics:
	Total energy calls: 76334
	Energy calls at each min: [1, 13574, 76334]
	Total force calls: 76334
	Force calls at each min: [1, 13574, 76334]
	Total steps: 79751

Verification against reference:
True minima found: 3/3

Verification against reference (saddles):
True saddles found: 2/2
Starting run 630
Identified minimum at [0.6234994  0.02803776] with energy -108.1667241168524
Identified minimum at [-0.05001078  0.4666941 ] with energy -80.76781812965882
Identified minimum at [-0.55822365  1.44172583] with energy -146.6995172099539
Simulation completed.


Energies of found minima:
Minimum 1: Position = [0.6234994  0.02803776], Energy = -108.1667241168524
Minimum 2: Position = [-0.05001078  0.4666941 ], Energy = -80.76781812965882
Minimum 3: Position = [-0.55822365  1.44172583], Energy = -146.6995172099539

Approximate saddle points between minima:
Saddle 1: Position = [0.20041092 0.29127771], Energy = -72.22407124347325
Saddle 2: Position = [-0.83792451  0.55802398], Energy = -39.829363168276046

Computational statistics:
	Total energy calls: 39712
	Energy calls at each min: [1, 5140, 39712]
	Total force calls: 39712
	Force calls at each min: [1, 5140, 39712]
	Total steps: 41769

Verification against reference:
True minima found: 3/3

Verification against reference (saddles):
True saddles found: 1/2
Missed saddles at positions:
[-0.82200156  0.6243128 ]
Starting run 115
Identified minimum at [0.6234994  0.02803776] with energy -108.1667241168524
Identified minimum at [-0.05088643  0.46691255] with energy -80.76772041090298
Identified minimum at [-0.55822362  1.44172586] with energy -146.69951720995397
Simulation completed.


Energies of found minima:
Minimum 1: Position = [0.6234994  0.02803776], Energy = -108.1667241168524
Minimum 2: Position = [-0.05088643  0.46691255], Energy = -80.76772041090298
Minimum 3: Position = [-0.55822362  1.44172586], Energy = -146.69951720995397

Approximate saddle points between minima:
Saddle 1: Position = [0.23285065 0.31897351], Energy = -72.0550412238479
Saddle 2: Position = [-0.833813    0.61536106], Energy = -40.61722763574814

Computational statistics:
	Total energy calls: 33784
	Energy calls at each min: [1, 6672, 33784]
	Total force calls: 33784
	Force calls at each min: [1, 6672, 33784]
	Total steps: 35312

Verification against reference:
True minima found: 3/3

Verification against reference (saddles):
True saddles found: 2/2
