Starting run 70
Identified minimum at [0.6234994  0.02803776] with energy -108.16672411685238
BFGS Hessian has condition number >1e6 and cannot be reliably trusted; reverting to default behavior. 
Eigenvalues: [2.12576683e-03 2.31480405e+08]
Identified minimum at [-0.05051321  0.46682306] with energy -80.76778556849695
Identified minimum at [-0.55822365  1.44172583] with energy -146.69951720995388
Simulation completed.


Energies of found minima:
Minimum 1: Position = [0.6234994  0.02803776], Energy = -108.16672411685238
Minimum 2: Position = [-0.05051321  0.46682306], Energy = -80.76778556849695
Minimum 3: Position = [-0.55822365  1.44172583], Energy = -146.69951720995388

Approximate saddle points between minima:
Saddle 1: Position = [0.22848875 0.34231275], Energy = -72.22381635311513
Saddle 2: Position = [-0.83951907  0.61706252], Energy = -40.62306065224726

Computational statistics:
	Total energy calls: 18650
	Energy calls at each min: [1, 3975, 18650]
	Total force calls: 18650
	Force calls at each min: [1, 3975, 18650]
	Total steps: 19508

Verification against reference:
True minima found: 3/3

Verification against reference (saddles):
True saddles found: 1/2
Missed saddles at positions:
[0.21248658 0.29298833]
Starting run 535
Identified minimum at [0.6234994  0.02803776] with energy -108.16672411685238
Identified minimum at [-0.05002912  0.46669876] with energy -80.76781808664431
BFGS Hessian has condition number >1e6 and cannot be reliably trusted; reverting to default behavior. 
Eigenvalues: [1.72567892e-03 2.13340191e+04]
Identified minimum at [-0.55822362  1.44172586] with energy -146.69951720995394
Simulation completed.


Energies of found minima:
Minimum 1: Position = [0.6234994  0.02803776], Energy = -108.16672411685238
Minimum 2: Position = [-0.05002912  0.46669876], Energy = -80.76781808664431
Minimum 3: Position = [-0.55822362  1.44172586], Energy = -146.69951720995394

Approximate saddle points between minima:
Saddle 1: Position = [0.21483404 0.31296075], Energy = -72.30176257059799
Saddle 2: Position = [-0.86603807  0.60624184], Energy = -40.405287540065004

Computational statistics:
	Total energy calls: 28772
	Energy calls at each min: [1, 5291, 28772]
	Total force calls: 28772
	Force calls at each min: [1, 5291, 28772]
	Total steps: 30146

Verification against reference:
True minima found: 3/3

Verification against reference (saddles):
True saddles found: 2/2
Starting run 154
Identified minimum at [0.6234994  0.02803776] with energy -108.16672411685238
Identified minimum at [-0.05001082  0.4666941 ] with energy -80.76781812965902
Identified minimum at [-0.55822364  1.44172583] with energy -146.699517209954
Simulation completed.


Energies of found minima:
Minimum 1: Position = [0.6234994  0.02803776], Energy = -108.16672411685238
Minimum 2: Position = [-0.05001082  0.4666941 ], Energy = -80.76781812965902
Minimum 3: Position = [-0.55822364  1.44172583], Energy = -146.699517209954

Approximate saddle points between minima:
Saddle 1: Position = [0.20077997 0.28718825], Energy = -72.20605072056553
Saddle 2: Position = [-0.73634843  0.65225252], Energy = -40.06065438438135

Computational statistics:
	Total energy calls: 27930
	Energy calls at each min: [1, 5601, 27930]
	Total force calls: 27930
	Force calls at each min: [1, 5601, 27930]
	Total steps: 29366

Verification against reference:
True minima found: 3/3

Verification against reference (saddles):
True saddles found: 1/2
Missed saddles at positions:
[-0.82200156  0.6243128 ]
Starting run 24
Identified minimum at [0.6234994  0.02803776] with energy -108.16672411685238
Identified minimum at [-0.05065646  0.46684912] with energy -80.76776581224274
BFGS Hessian has condition number >1e6 and cannot be reliably trusted; reverting to default behavior. 
Eigenvalues: [6.51018741e-03 3.56545543e+08]
Identified minimum at [-0.55822365  1.44172582] with energy -146.69951720995385
Simulation completed.


Energies of found minima:
Minimum 1: Position = [0.6234994  0.02803776], Energy = -108.16672411685238
Minimum 2: Position = [-0.05065646  0.46684912], Energy = -80.76776581224274
Minimum 3: Position = [-0.55822365  1.44172582], Energy = -146.69951720995385

Approximate saddle points between minima:
Saddle 1: Position = [0.26404336 0.35805454], Energy = -70.8910942889954
Saddle 2: Position = [-0.8279299   0.60238927], Energy = -40.58601218443526

Computational statistics:
	Total energy calls: 40095
	Energy calls at each min: [1, 7296, 40095]
	Total force calls: 40095
	Force calls at each min: [1, 7296, 40095]
	Total steps: 41867

Verification against reference:
True minima found: 3/3

Verification against reference (saddles):
True saddles found: 1/2
Missed saddles at positions:
[0.21248658 0.29298833]
Starting run 93
Identified minimum at [0.6234994  0.02803776] with energy -108.16672411685238
Identified minimum at [-0.05001273  0.46669449] with energy -80.76781812922623
Identified minimum at [-0.55822363  1.44172584] with energy -146.699517209954
Simulation completed.


Energies of found minima:
Minimum 1: Position = [0.6234994  0.02803776], Energy = -108.16672411685238
Minimum 2: Position = [-0.05001273  0.46669449], Energy = -80.76781812922623
Minimum 3: Position = [-0.55822363  1.44172584], Energy = -146.699517209954

Approximate saddle points between minima:
Saddle 1: Position = [0.21554103 0.3023114 ], Energy = -72.25055802791648
Saddle 2: Position = [-0.82817852  0.6081535 ], Energy = -40.60830650911914

Computational statistics:
	Total energy calls: 75210
	Energy calls at each min: [1, 10947, 75210]
	Total force calls: 75210
	Force calls at each min: [1, 10947, 75210]
	Total steps: 78519

Verification against reference:
True minima found: 3/3

Verification against reference (saddles):
True saddles found: 2/2
Starting run 645
Identified minimum at [0.6234994  0.02803776] with energy -108.16672411685238
Identified minimum at [-0.05013949  0.46671907] with energy -80.76781617838547
Identified minimum at [-0.55822365  1.44172582] with energy -146.69951720995388
Simulation completed.


Energies of found minima:
Minimum 1: Position = [0.6234994  0.02803776], Energy = -108.16672411685238
Minimum 2: Position = [-0.05013949  0.46671907], Energy = -80.76781617838547
Minimum 3: Position = [-0.55822365  1.44172582], Energy = -146.69951720995388

Approximate saddle points between minima:
Saddle 1: Position = [0.19921842 0.28737609], Energy = -72.19825419414227
Saddle 2: Position = [-0.79943445  0.65189941], Energy = -40.366019718643905

Computational statistics:
	Total energy calls: 19093
	Energy calls at each min: [1, 3392, 19093]
	Total force calls: 19093
	Force calls at each min: [1, 3392, 19093]
	Total steps: 20022

Verification against reference:
True minima found: 3/3

Verification against reference (saddles):
True saddles found: 2/2
Starting run 389
Identified minimum at [0.6234994  0.02803776] with energy -108.16672411685238
Identified minimum at [-0.05001088  0.46669412] with energy -80.76781812965866
Identified minimum at [-0.55822362  1.44172586] with energy -146.69951720995394
Simulation completed.


Energies of found minima:
Minimum 1: Position = [0.6234994  0.02803776], Energy = -108.16672411685238
Minimum 2: Position = [-0.05001088  0.46669412], Energy = -80.76781812965866
Minimum 3: Position = [-0.55822362  1.44172586], Energy = -146.69951720995394

Approximate saddle points between minima:
Saddle 1: Position = [0.23597324 0.29396596], Energy = -72.1809241255416
Saddle 2: Position = [-0.79400498  0.63329993], Energy = -40.60216795160824

Computational statistics:
	Total energy calls: 20914
	Energy calls at each min: [1, 5139, 20914]
	Total force calls: 20914
	Force calls at each min: [1, 5139, 20914]
	Total steps: 21968

Verification against reference:
True minima found: 3/3

Verification against reference (saddles):
True saddles found: 2/2
Starting run 781
Identified minimum at [0.6234994  0.02803776] with energy -108.16672411685238
Identified minimum at [-0.05036906  0.46680897] with energy -80.76779935607463
Identified minimum at [-0.55822363  1.44172584] with energy -146.69951720995397
Simulation completed.


Energies of found minima:
Minimum 1: Position = [0.6234994  0.02803776], Energy = -108.16672411685238
Minimum 2: Position = [-0.05036906  0.46680897], Energy = -80.76779935607463
Minimum 3: Position = [-0.55822363  1.44172584], Energy = -146.69951720995397

Approximate saddle points between minima:
Saddle 1: Position = [0.14438534 0.19578482], Energy = -70.40957129520851
Saddle 2: Position = [-0.89815971  0.56703541], Energy = -38.71328962577616

Computational statistics:
	Total energy calls: 29102
	Energy calls at each min: [1, 5676, 29102]
	Total force calls: 29102
	Force calls at each min: [1, 5676, 29102]
	Total steps: 30449

Verification against reference:
True minima found: 3/3

Verification against reference (saddles):
True saddles found: 0/2
Missed saddles at positions:
[0.21248658 0.29298833]
[-0.82200156  0.6243128 ]
Starting run 102
Identified minimum at [0.6234994  0.02803776] with energy -108.16672411685238
BFGS Hessian has condition number >1e6 and cannot be reliably trusted; reverting to default behavior. 
Eigenvalues: [7.93041661e-04 5.88996747e+07]
Identified minimum at [-0.05001937  0.46669643] with energy -80.76781811997385
BFGS Hessian has condition number >1e6 and cannot be reliably trusted; reverting to default behavior. 
Eigenvalues: [8.06057896e-03 3.20087443e+04]
Identified minimum at [-0.55822363  1.44172585] with energy -146.69951720995397
Simulation completed.


Energies of found minima:
Minimum 1: Position = [0.6234994  0.02803776], Energy = -108.16672411685238
Minimum 2: Position = [-0.05001937  0.46669643], Energy = -80.76781811997385
Minimum 3: Position = [-0.55822363  1.44172585], Energy = -146.69951720995397

Approximate saddle points between minima:
Saddle 1: Position = [0.21152374 0.27576692], Energy = -72.30564801217076
Saddle 2: Position = [-0.83219313  0.56552098], Energy = -40.14568397631321

Computational statistics:
	Total energy calls: 55633
	Energy calls at each min: [1, 8618, 55633]
	Total force calls: 55633
	Force calls at each min: [1, 8618, 55633]
	Total steps: 58174

Verification against reference:
True minima found: 3/3

Verification against reference (saddles):
True saddles found: 1/2
Missed saddles at positions:
[-0.82200156  0.6243128 ]
