Starting run 138
Identified minimum at [0.6234994  0.02803776] with energy -108.16672411685238
Identified minimum at [-0.05001554  0.4666954 ] with energy -80.76781812669566
BFGS Hessian has condition number >1e6 and cannot be reliably trusted; reverting to default behavior. 
Eigenvalues: [2.00517289e-03 3.01648136e+06]
Identified minimum at [-0.55822366  1.44172582] with energy -146.69951720995383
Simulation completed.


Energies of found minima:
Minimum 1: Position = [0.6234994  0.02803776], Energy = -108.16672411685238
Minimum 2: Position = [-0.05001554  0.4666954 ], Energy = -80.76781812669566
Minimum 3: Position = [-0.55822366  1.44172582], Energy = -146.69951720995383

Approximate saddle points between minima:
Saddle 1: Position = [0.24219299 0.35526088], Energy = -71.80997323831488
Saddle 2: Position = [-0.83114188  0.55362172], Energy = -39.96628326764618

Computational statistics:
	Total energy calls: 28203
	Energy calls at each min: [1, 4766, 28203]
	Total force calls: 28203
	Force calls at each min: [1, 4766, 28203]
	Total steps: 29584

Verification against reference:
True minima found: 3/3

Verification against reference (saddles):
True saddles found: 0/2
Missed saddles at positions:
[0.21248658 0.29298833]
[-0.82200156  0.6243128 ]
Starting run 79
Identified minimum at [0.6234994  0.02803776] with energy -108.16672411685238
Identified minimum at [-0.05001247  0.46669446] with energy -80.76781812933149
Identified minimum at [-0.55822362  1.44172586] with energy -146.69951720995394
Simulation completed.


Energies of found minima:
Minimum 1: Position = [0.6234994  0.02803776], Energy = -108.16672411685238
Minimum 2: Position = [-0.05001247  0.46669446], Energy = -80.76781812933149
Minimum 3: Position = [-0.55822362  1.44172586], Energy = -146.69951720995394

Approximate saddle points between minima:
Saddle 1: Position = [0.17783547 0.26388959], Energy = -71.77869651487728
Saddle 2: Position = [-0.80915883  0.61251718], Energy = -40.774579106420404

Computational statistics:
	Total energy calls: 17676
	Energy calls at each min: [1, 3292, 17676]
	Total force calls: 17676
	Force calls at each min: [1, 3292, 17676]
	Total steps: 18525

Verification against reference:
True minima found: 3/3

Verification against reference (saddles):
True saddles found: 2/2
Starting run 331
Identified minimum at [0.6234994  0.02803776] with energy -108.16672411685238
Identified minimum at [-0.05021731  0.46676101] with energy -80.76781184705837
BFGS Hessian has condition number >1e6 and cannot be reliably trusted; reverting to default behavior. 
Eigenvalues: [1.01907348e-03 1.11636377e+08]
Identified minimum at [-0.55822366  1.44172582] with energy -146.69951720995385
Simulation completed.


Energies of found minima:
Minimum 1: Position = [0.6234994  0.02803776], Energy = -108.16672411685238
Minimum 2: Position = [-0.05021731  0.46676101], Energy = -80.76781184705837
Minimum 3: Position = [-0.55822366  1.44172582], Energy = -146.69951720995385

Approximate saddle points between minima:
Saddle 1: Position = [0.23980163 0.29468674], Energy = -72.14868670812373
Saddle 2: Position = [-0.81900938  0.62427974], Energy = -40.66593230361977

Computational statistics:
	Total energy calls: 78141
	Energy calls at each min: [1, 11560, 78141]
	Total force calls: 78141
	Force calls at each min: [1, 11560, 78141]
	Total steps: 81260

Verification against reference:
True minima found: 3/3

Verification against reference (saddles):
True saddles found: 2/2
Starting run 137
Identified minimum at [0.6234994  0.02803776] with energy -108.16672411685238
Identified minimum at [-0.05001146  0.46669426] with energy -80.76781812960671
Identified minimum at [-0.55822363  1.44172585] with energy -146.69951720995397
Simulation completed.


Energies of found minima:
Minimum 1: Position = [0.6234994  0.02803776], Energy = -108.16672411685238
Minimum 2: Position = [-0.05001146  0.46669426], Energy = -80.76781812960671
Minimum 3: Position = [-0.55822363  1.44172585], Energy = -146.69951720995397

Approximate saddle points between minima:
Saddle 1: Position = [0.15547456 0.21754401], Energy = -70.93386530623216
Saddle 2: Position = [-0.86489335  0.61194226], Energy = -40.55089628831859

Computational statistics:
	Total energy calls: 32438
	Energy calls at each min: [1, 6265, 32438]
	Total force calls: 32438
	Force calls at each min: [1, 6265, 32438]
	Total steps: 34036

Verification against reference:
True minima found: 3/3

Verification against reference (saddles):
True saddles found: 1/2
Missed saddles at positions:
[0.21248658 0.29298833]
Starting run 639
Identified minimum at [0.6234994  0.02803776] with energy -108.16672411685238
Identified minimum at [-0.05001084  0.46669411] with energy -80.76781812965899
Identified minimum at [-0.55822363  1.44172584] with energy -146.699517209954
Simulation completed.


Energies of found minima:
Minimum 1: Position = [0.6234994  0.02803776], Energy = -108.16672411685238
Minimum 2: Position = [-0.05001084  0.46669411], Energy = -80.76781812965899
Minimum 3: Position = [-0.55822363  1.44172584], Energy = -146.699517209954

Approximate saddle points between minima:
Saddle 1: Position = [0.19114329 0.27782544], Energy = -72.08016043939952
Saddle 2: Position = [-0.82454476  0.55989709], Energy = -40.30354572873784

Computational statistics:
	Total energy calls: 21864
	Energy calls at each min: [1, 6112, 21864]
	Total force calls: 21864
	Force calls at each min: [1, 6112, 21864]
	Total steps: 23004

Verification against reference:
True minima found: 3/3

Verification against reference (saddles):
True saddles found: 1/2
Missed saddles at positions:
[-0.82200156  0.6243128 ]
Starting run 761
Identified minimum at [0.6234994  0.02803776] with energy -108.16672411685238
Identified minimum at [-0.05011201  0.46671903] with energy -80.76781683191409
BFGS Hessian has condition number >1e6 and cannot be reliably trusted; reverting to default behavior. 
Eigenvalues: [4.72824792e-03 1.20535453e+07]
BFGS Hessian has condition number >1e6 and cannot be reliably trusted; reverting to default behavior. 
Eigenvalues: [5.34231297e-03 2.10435816e+06]
Identified minimum at [-0.55822365  1.44172583] with energy -146.69951720995394
Simulation completed.


Energies of found minima:
Minimum 1: Position = [0.6234994  0.02803776], Energy = -108.16672411685238
Minimum 2: Position = [-0.05011201  0.46671903], Energy = -80.76781683191409
Minimum 3: Position = [-0.55822365  1.44172583], Energy = -146.69951720995394

Approximate saddle points between minima:
Saddle 1: Position = [0.195595   0.25349111], Energy = -72.21411334680604
Saddle 2: Position = [-0.81973823  0.58278871], Energy = -40.65249746480596

Computational statistics:
	Total energy calls: 36942
	Energy calls at each min: [1, 6653, 36942]
	Total force calls: 36942
	Force calls at each min: [1, 6653, 36942]
	Total steps: 38600

Verification against reference:
True minima found: 3/3

Verification against reference (saddles):
True saddles found: 2/2
Starting run 169
Identified minimum at [0.6234994  0.02803776] with energy -108.16672411685238
Identified minimum at [-0.05004471  0.46670311] with energy -80.76781797910365
BFGS Hessian has condition number >1e6 and cannot be reliably trusted; reverting to default behavior. 
Eigenvalues: [3.29968594e-02 3.49389784e+08]
BFGS Hessian has condition number >1e6 and cannot be reliably trusted; reverting to default behavior. 
Eigenvalues: [9.67460452e-04 7.77097926e+06]
Identified minimum at [-0.55822363  1.44172584] with energy -146.69951720995402
Simulation completed.


Energies of found minima:
Minimum 1: Position = [0.6234994  0.02803776], Energy = -108.16672411685238
Minimum 2: Position = [-0.05004471  0.46670311], Energy = -80.76781797910365
Minimum 3: Position = [-0.55822363  1.44172584], Energy = -146.69951720995402

Approximate saddle points between minima:
Saddle 1: Position = [0.25017457 0.29734971], Energy = -72.01810780760546
Saddle 2: Position = [-0.82304791  0.6447111 ], Energy = -40.69643247453211

Computational statistics:
	Total energy calls: 70693
	Energy calls at each min: [1, 14273, 70693]
	Total force calls: 70693
	Force calls at each min: [1, 14273, 70693]
	Total steps: 73616

Verification against reference:
True minima found: 3/3

Verification against reference (saddles):
True saddles found: 2/2
Starting run 285
Identified minimum at [0.6234994  0.02803776] with energy -108.16672411685238
Identified minimum at [-0.05007617  0.46671491] with energy -80.76781750819157
BFGS Hessian has condition number >1e6 and cannot be reliably trusted; reverting to default behavior. 
Eigenvalues: [1.07801948e-02 2.16127408e+07]
BFGS Hessian has condition number >1e6 and cannot be reliably trusted; reverting to default behavior. 
Eigenvalues: [1.69659033e-05 2.58389745e+07]
BFGS Hessian has condition number >1e6 and cannot be reliably trusted; reverting to default behavior. 
Eigenvalues: [5.99329174e-03 9.21567203e+03]
BFGS Hessian has condition number >1e6 and cannot be reliably trusted; reverting to default behavior. 
Eigenvalues: [1.39951706e-03 2.16087617e+09]
Identified minimum at [-0.55822363  1.44172584] with energy -146.69951720995402
Simulation completed.


Energies of found minima:
Minimum 1: Position = [0.6234994  0.02803776], Energy = -108.16672411685238
Minimum 2: Position = [-0.05007617  0.46671491], Energy = -80.76781750819157
Minimum 3: Position = [-0.55822363  1.44172584], Energy = -146.69951720995402

Approximate saddle points between minima:
Saddle 1: Position = [0.17070643 0.2923395 ], Energy = -72.06541711058891
Saddle 2: Position = [-0.83293014  0.57791647], Energy = -40.29947418180156

Computational statistics:
	Total energy calls: 33382
	Energy calls at each min: [1, 5658, 33382]
	Total force calls: 33382
	Force calls at each min: [1, 5658, 33382]
	Total steps: 34930

Verification against reference:
True minima found: 3/3

Verification against reference (saddles):
True saddles found: 2/2
Starting run 134
Identified minimum at [0.6234994  0.02803776] with energy -108.16672411685238
BFGS Hessian has condition number >1e6 and cannot be reliably trusted; reverting to default behavior. 
Eigenvalues: [1.76781171e-03 7.32838527e+05]
Identified minimum at [-0.55822363  1.44172585] with energy -146.699517209954
BFGS Hessian has condition number >1e6 and cannot be reliably trusted; reverting to default behavior. 
Eigenvalues: [9.29048227e-04 8.57536436e+05]
BFGS Hessian has condition number >1e6 and cannot be reliably trusted; reverting to default behavior. 
Eigenvalues: [7.38624716e-04 9.44708868e+06]
BFGS Hessian has condition number >1e6 and cannot be reliably trusted; reverting to default behavior. 
Eigenvalues: [1.12324953e-04 1.63021585e+08]
BFGS Hessian has condition number >1e6 and cannot be reliably trusted; reverting to default behavior. 
Eigenvalues: [9.14349221e-04 3.91879531e+07]
BFGS Hessian has condition number >1e6 and cannot be reliably trusted; reverting to default behavior. 
Eigenvalues: [5.14482963e-04 4.37281821e+05]
BFGS Hessian has condition number >1e6 and cannot be reliably trusted; reverting to default behavior. 
Eigenvalues: [1.52696855e-04 1.87725691e+07]
BFGS Hessian has condition number >1e6 and cannot be reliably trusted; reverting to default behavior. 
Eigenvalues: [5.14629239e-02 1.02774466e+08]
BFGS Hessian has condition number >1e6 and cannot be reliably trusted; reverting to default behavior. 
Eigenvalues: [5.21943405e-03 2.03909991e+05]
BFGS Hessian has condition number >1e6 and cannot be reliably trusted; reverting to default behavior. 
Eigenvalues: [3.81176144e-03 1.17104459e+05]
BFGS Hessian has condition number >1e6 and cannot be reliably trusted; reverting to default behavior. 
Eigenvalues: [1.43022118e-02 9.86180709e+07]
BFGS Hessian has condition number >1e6 and cannot be reliably trusted; reverting to default behavior. 
Eigenvalues: [1.14583476e-02 2.95919554e+07]
BFGS Hessian has condition number >1e6 and cannot be reliably trusted; reverting to default behavior. 
Eigenvalues: [4.62690074e-03 1.73838636e+06]
BFGS Hessian has condition number >1e6 and cannot be reliably trusted; reverting to default behavior. 
Eigenvalues: [8.08722153e-03 6.69725045e+07]
Simulation completed.


Energies of found minima:
Minimum 1: Position = [0.6234994  0.02803776], Energy = -108.16672411685238
Minimum 2: Position = [-0.55822363  1.44172585], Energy = -146.699517209954

Approximate saddle points between minima:
Saddle 1: Position = [-0.85045446  0.58046759], Energy = -39.973558535047665

Computational statistics:
	Total energy calls: 655079
	Energy calls at each min: [1, 30381]
	Total force calls: 655079
	Force calls at each min: [1, 30381]
	Total steps: 685273

Verification against reference:
True minima found: 2/3
Missed minima at positions:
[-0.05001082  0.4666941 ]

Verification against reference (saddles):
True saddles found: 0/2
Missed saddles at positions:
[0.21248658 0.29298833]
[-0.82200156  0.6243128 ]
