Starting run 587
Identified minimum at [0.6234994  0.02803776] with energy -108.1667241168524
Identified minimum at [-0.05001387  0.46669483] with energy -80.76781812850237
Identified minimum at [-0.55822364  1.44172584] with energy -146.69951720995397
Simulation completed.


Energies of found minima:
Minimum 1: Position = [0.6234994  0.02803776], Energy = -108.1667241168524
Minimum 2: Position = [-0.05001387  0.46669483], Energy = -80.76781812850237
Minimum 3: Position = [-0.55822364  1.44172584], Energy = -146.69951720995397

Approximate saddle points between minima:
Saddle 1: Position = [0.20860346 0.30908179], Energy = -72.33215579189189
Saddle 2: Position = [-0.85485087  0.58907019], Energy = -40.0835312421108

Computational statistics:
	Total energy calls: 59867
	Energy calls at each min: [1, 10112, 59867]
	Total force calls: 59867
	Force calls at each min: [1, 10112, 59867]
	Total steps: 62666

Verification against reference:
True minima found: 3/3

Verification against reference (saddles):
True saddles found: 2/2
Starting run 538
Identified minimum at [0.6234994  0.02803776] with energy -108.1667241168524
Identified minimum at [-0.05085056  0.46685801] with energy -80.76773489832044
BFGS Hessian has condition number >1e6 and cannot be reliably trusted; reverting to default behavior. 
Eigenvalues: [1.55754392e-02 5.33080644e+05]
Identified minimum at [-0.55822364  1.44172583] with energy -146.69951720995397
Simulation completed.


Energies of found minima:
Minimum 1: Position = [0.6234994  0.02803776], Energy = -108.1667241168524
Minimum 2: Position = [-0.05085056  0.46685801], Energy = -80.76773489832044
Minimum 3: Position = [-0.55822364  1.44172583], Energy = -146.69951720995397

Approximate saddle points between minima:
Saddle 1: Position = [0.2634164  0.31027427], Energy = -71.5622669492347
Saddle 2: Position = [-0.78944071  0.62814411], Energy = -40.71202016295942

Computational statistics:
	Total energy calls: 25256
	Energy calls at each min: [1, 4937, 25256]
	Total force calls: 25256
	Force calls at each min: [1, 4937, 25256]
	Total steps: 26453

Verification against reference:
True minima found: 3/3

Verification against reference (saddles):
True saddles found: 1/2
Missed saddles at positions:
[0.21248658 0.29298833]
Starting run 189
Identified minimum at [0.6234994  0.02803776] with energy -108.1667241168524
BFGS Hessian has condition number >1e6 and cannot be reliably trusted; reverting to default behavior. 
Eigenvalues: [2.60706141e-03 4.03753495e+06]
Identified minimum at [-0.05001087  0.46669411] with energy -80.76781812965879
Identified minimum at [-0.55822363  1.44172584] with energy -146.699517209954
Simulation completed.


Energies of found minima:
Minimum 1: Position = [0.6234994  0.02803776], Energy = -108.1667241168524
Minimum 2: Position = [-0.05001087  0.46669411], Energy = -80.76781812965879
Minimum 3: Position = [-0.55822363  1.44172584], Energy = -146.699517209954

Approximate saddle points between minima:
Saddle 1: Position = [0.23448021 0.31134469], Energy = -72.05029169231761
Saddle 2: Position = [-0.83651824  0.61795568], Energy = -40.63312377526665

Computational statistics:
	Total energy calls: 58833
	Energy calls at each min: [1, 11568, 58833]
	Total force calls: 58833
	Force calls at each min: [1, 11568, 58833]
	Total steps: 61761

Verification against reference:
True minima found: 3/3

Verification against reference (saddles):
True saddles found: 2/2
Starting run 129
Identified minimum at [0.6234994  0.02803776] with energy -108.1667241168524
Identified minimum at [-0.05001107  0.46669416] with energy -80.76781812965174
BFGS Hessian has condition number >1e6 and cannot be reliably trusted; reverting to default behavior. 
Eigenvalues: [3.91158916e-03 6.15865331e+06]
Identified minimum at [-0.55822365  1.44172582] with energy -146.69951720995388
Simulation completed.


Energies of found minima:
Minimum 1: Position = [0.6234994  0.02803776], Energy = -108.1667241168524
Minimum 2: Position = [-0.05001107  0.46669416], Energy = -80.76781812965174
Minimum 3: Position = [-0.55822365  1.44172582], Energy = -146.69951720995388

Approximate saddle points between minima:
Saddle 1: Position = [0.23287523 0.27659492], Energy = -72.45180110848574
Saddle 2: Position = [-0.82548745  0.56423286], Energy = -40.33289014953682

Computational statistics:
	Total energy calls: 34051
	Energy calls at each min: [1, 5167, 34051]
	Total force calls: 34051
	Force calls at each min: [1, 5167, 34051]
	Total steps: 35694

Verification against reference:
True minima found: 3/3

Verification against reference (saddles):
True saddles found: 1/2
Missed saddles at positions:
[-0.82200156  0.6243128 ]
Starting run 367
Identified minimum at [0.6234994  0.02803776] with energy -108.1667241168524
BFGS Hessian has condition number >1e6 and cannot be reliably trusted; reverting to default behavior. 
Eigenvalues: [6.38142228e-05 1.89114600e+08]
BFGS Hessian has condition number >1e6 and cannot be reliably trusted; reverting to default behavior. 
Eigenvalues: [1.21312005e-05 1.12459828e+07]
Identified minimum at [-0.55822364  1.44172584] with energy -146.699517209954
BFGS Hessian has condition number >1e6 and cannot be reliably trusted; reverting to default behavior. 
Eigenvalues: [5.54181635e-04 1.65427980e+08]
BFGS Hessian has condition number >1e6 and cannot be reliably trusted; reverting to default behavior. 
Eigenvalues: [4.22865152e-04 3.87820148e+08]
BFGS Hessian has condition number >1e6 and cannot be reliably trusted; reverting to default behavior. 
Eigenvalues: [5.21829119e-04 1.89219422e+06]
BFGS Hessian has condition number >1e6 and cannot be reliably trusted; reverting to default behavior. 
Eigenvalues: [3.03046755e-03 1.77174238e+07]
BFGS Hessian has condition number >1e6 and cannot be reliably trusted; reverting to default behavior. 
Eigenvalues: [8.00780788e-04 1.73179488e+04]
BFGS Hessian has condition number >1e6 and cannot be reliably trusted; reverting to default behavior. 
Eigenvalues: [8.39550328e-03 6.05354419e+07]
BFGS Hessian has condition number >1e6 and cannot be reliably trusted; reverting to default behavior. 
Eigenvalues: [1.94862485e-04 1.68397607e+08]
BFGS Hessian has condition number >1e6 and cannot be reliably trusted; reverting to default behavior. 
Eigenvalues: [5.82933426e-04 2.35299443e+09]
BFGS Hessian has condition number >1e6 and cannot be reliably trusted; reverting to default behavior. 
Eigenvalues: [4.47456725e-04 4.19874786e+07]
BFGS Hessian has condition number >1e6 and cannot be reliably trusted; reverting to default behavior. 
Eigenvalues: [1.69053674e-05 1.96361816e+08]
BFGS Hessian has condition number >1e6 and cannot be reliably trusted; reverting to default behavior. 
Eigenvalues: [1.15553290e-03 1.92201845e+08]
Simulation completed.


Energies of found minima:
Minimum 1: Position = [0.6234994  0.02803776], Energy = -108.1667241168524
Minimum 2: Position = [-0.55822364  1.44172584], Energy = -146.699517209954

Approximate saddle points between minima:
Saddle 1: Position = [-0.82423766  0.60157812], Energy = -40.62818074113396

Computational statistics:
	Total energy calls: 653748
	Energy calls at each min: [1, 24427]
	Total force calls: 653748
	Force calls at each min: [1, 24427]
	Total steps: 683379

Verification against reference:
True minima found: 2/3
Missed minima at positions:
[-0.05001082  0.4666941 ]

Verification against reference (saddles):
True saddles found: 1/2
Missed saddles at positions:
[0.21248658 0.29298833]
Starting run 224
Identified minimum at [0.6234994  0.02803776] with energy -108.1667241168524
Identified minimum at [-0.05063455  0.46681861] with energy -80.76777197645202
Identified minimum at [-0.55822363  1.44172584] with energy -146.69951720995397
Simulation completed.


Energies of found minima:
Minimum 1: Position = [0.6234994  0.02803776], Energy = -108.1667241168524
Minimum 2: Position = [-0.05063455  0.46681861], Energy = -80.76777197645202
Minimum 3: Position = [-0.55822363  1.44172584], Energy = -146.69951720995397

Approximate saddle points between minima:
Saddle 1: Position = [0.19722386 0.28726914], Energy = -72.18607404272407
Saddle 2: Position = [-0.82188209  0.53558113], Energy = -39.93125776133543

Computational statistics:
	Total energy calls: 21751
	Energy calls at each min: [1, 4160, 21751]
	Total force calls: 21751
	Force calls at each min: [1, 4160, 21751]
	Total steps: 22786

Verification against reference:
True minima found: 3/3

Verification against reference (saddles):
True saddles found: 1/2
Missed saddles at positions:
[-0.82200156  0.6243128 ]
Starting run 347
Identified minimum at [0.6234994  0.02803776] with energy -108.1667241168524
Identified minimum at [-0.05016552  0.46673901] with energy -80.76781484363946
BFGS Hessian has condition number >1e6 and cannot be reliably trusted; reverting to default behavior. 
Eigenvalues: [7.40212973e-03 1.02143940e+06]
Identified minimum at [-0.55822363  1.44172585] with energy -146.69951720995397
Simulation completed.


Energies of found minima:
Minimum 1: Position = [0.6234994  0.02803776], Energy = -108.1667241168524
Minimum 2: Position = [-0.05016552  0.46673901], Energy = -80.76781484363946
Minimum 3: Position = [-0.55822363  1.44172585], Energy = -146.69951720995397

Approximate saddle points between minima:
Saddle 1: Position = [0.20328918 0.2821665 ], Energy = -72.21219644545397
Saddle 2: Position = [-0.80392702  0.61358047], Energy = -40.81906999128836

Computational statistics:
	Total energy calls: 46296
	Energy calls at each min: [1, 8155, 46296]
	Total force calls: 46296
	Force calls at each min: [1, 8155, 46296]
	Total steps: 48332

Verification against reference:
True minima found: 3/3

Verification against reference (saddles):
True saddles found: 2/2
Starting run 765
Identified minimum at [0.6234994  0.02803776] with energy -108.1667241168524
Identified minimum at [-0.05001078  0.4666941 ] with energy -80.76781812965879
Identified minimum at [-0.55822365  1.44172582] with energy -146.69951720995388
Simulation completed.


Energies of found minima:
Minimum 1: Position = [0.6234994  0.02803776], Energy = -108.1667241168524
Minimum 2: Position = [-0.05001078  0.4666941 ], Energy = -80.76781812965879
Minimum 3: Position = [-0.55822365  1.44172582], Energy = -146.69951720995388

Approximate saddle points between minima:
Saddle 1: Position = [0.16384271 0.27300346], Energy = -71.59126207016465
Saddle 2: Position = [-0.80596798  0.62604496], Energy = -40.67759119918592

Computational statistics:
	Total energy calls: 65933
	Energy calls at each min: [1, 9575, 65933]
	Total force calls: 65933
	Force calls at each min: [1, 9575, 65933]
	Total steps: 69247

Verification against reference:
True minima found: 3/3

Verification against reference (saddles):
True saddles found: 1/2
Missed saddles at positions:
[0.21248658 0.29298833]
Starting run 699
Identified minimum at [0.6234994  0.02803776] with energy -108.1667241168524
Identified minimum at [-0.05066022  0.46684084] with energy -80.76776632774818
Identified minimum at [-0.55822363  1.44172585] with energy -146.69951720995402
Simulation completed.


Energies of found minima:
Minimum 1: Position = [0.6234994  0.02803776], Energy = -108.1667241168524
Minimum 2: Position = [-0.05066022  0.46684084], Energy = -80.76776632774818
Minimum 3: Position = [-0.55822363  1.44172585], Energy = -146.69951720995402

Approximate saddle points between minima:
Saddle 1: Position = [0.15615534 0.21412987], Energy = -70.98410632240845
Saddle 2: Position = [-0.83324855  0.63727552], Energy = -40.775975131493155

Computational statistics:
	Total energy calls: 28993
	Energy calls at each min: [1, 5496, 28993]
	Total force calls: 28993
	Force calls at each min: [1, 5496, 28993]
	Total steps: 30316

Verification against reference:
True minima found: 3/3

Verification against reference (saddles):
True saddles found: 1/2
Missed saddles at positions:
[0.21248658 0.29298833]
