Starting run 533
Identified minimum at [0.6234994  0.02803776] with energy -108.1667241168524
Identified minimum at [-0.05001084  0.46669411] with energy -80.76781812965899
Identified minimum at [-0.55822365  1.44172582] with energy -146.69951720995385
Simulation completed.


Energies of found minima:
Minimum 1: Position = [0.6234994  0.02803776], Energy = -108.1667241168524
Minimum 2: Position = [-0.05001084  0.46669411], Energy = -80.76781812965899
Minimum 3: Position = [-0.55822365  1.44172582], Energy = -146.69951720995385

Approximate saddle points between minima:
Saddle 1: Position = [0.1627936  0.26563254], Energy = -71.45204354417595
Saddle 2: Position = [-0.80412797  0.64730803], Energy = -40.4653683138871

Computational statistics:
	Total energy calls: 36294
	Energy calls at each min: [1, 4979, 36294]
	Total force calls: 36294
	Force calls at each min: [1, 4979, 36294]
	Total steps: 38078

Verification against reference:
True minima found: 3/3

Verification against reference (saddles):
True saddles found: 1/2
Missed saddles at positions:
[0.21248658 0.29298833]
Starting run 173
Identified minimum at [0.6234994  0.02803776] with energy -108.1667241168524
Identified minimum at [-0.05002153  0.4666965 ] with energy -80.767818115626
BFGS Hessian has condition number >1e6 and cannot be reliably trusted; reverting to default behavior. 
Eigenvalues: [9.38773155e-07 1.47915832e+08]
BFGS Hessian has condition number >1e6 and cannot be reliably trusted; reverting to default behavior. 
Eigenvalues: [1.44328048e-02 1.24627832e+06]
Identified minimum at [-0.55822364  1.44172583] with energy -146.69951720995394
Simulation completed.


Energies of found minima:
Minimum 1: Position = [0.6234994  0.02803776], Energy = -108.1667241168524
Minimum 2: Position = [-0.05002153  0.4666965 ], Energy = -80.767818115626
Minimum 3: Position = [-0.55822364  1.44172583], Energy = -146.69951720995394

Approximate saddle points between minima:
Saddle 1: Position = [0.2254065  0.29607049], Energy = -72.21260376988153
Saddle 2: Position = [-0.85978815  0.58755402], Energy = -39.98570039264284

Computational statistics:
	Total energy calls: 78877
	Energy calls at each min: [1, 14156, 78877]
	Total force calls: 78877
	Force calls at each min: [1, 14156, 78877]
	Total steps: 82441

Verification against reference:
True minima found: 3/3

Verification against reference (saddles):
True saddles found: 1/2
Missed saddles at positions:
[-0.82200156  0.6243128 ]
Starting run 605
Identified minimum at [0.6234994  0.02803776] with energy -108.1667241168524
Identified minimum at [-0.05001113  0.46669418] with energy -80.76781812964698
BFGS Hessian has condition number >1e6 and cannot be reliably trusted; reverting to default behavior. 
Eigenvalues: [2.72852089e-03 2.70540176e+07]
Identified minimum at [-0.55822362  1.44172586] with energy -146.69951720995394
Simulation completed.


Energies of found minima:
Minimum 1: Position = [0.6234994  0.02803776], Energy = -108.1667241168524
Minimum 2: Position = [-0.05001113  0.46669418], Energy = -80.76781812964698
Minimum 3: Position = [-0.55822362  1.44172586], Energy = -146.69951720995394

Approximate saddle points between minima:
Saddle 1: Position = [0.15019491 0.12736792], Energy = -71.64297391004625
Saddle 2: Position = [-0.86135323  0.59844383], Energy = -40.22993412385355

Computational statistics:
	Total energy calls: 45218
	Energy calls at each min: [1, 6633, 45218]
	Total force calls: 45218
	Force calls at each min: [1, 6633, 45218]
	Total steps: 47424

Verification against reference:
True minima found: 3/3

Verification against reference (saddles):
True saddles found: 1/2
Missed saddles at positions:
[0.21248658 0.29298833]
Starting run 341
Identified minimum at [0.6234994  0.02803776] with energy -108.1667241168524
Identified minimum at [-0.0507878   0.46689479] with energy -80.76774002023097
BFGS Hessian has condition number >1e6 and cannot be reliably trusted; reverting to default behavior. 
Eigenvalues: [2.13147141e-03 6.16072175e+07]
Identified minimum at [-0.55822364  1.44172583] with energy -146.69951720995397
Simulation completed.


Energies of found minima:
Minimum 1: Position = [0.6234994  0.02803776], Energy = -108.1667241168524
Minimum 2: Position = [-0.0507878   0.46689479], Energy = -80.76774002023097
Minimum 3: Position = [-0.55822364  1.44172583], Energy = -146.69951720995397

Approximate saddle points between minima:
Saddle 1: Position = [0.16199256 0.28865361], Energy = -71.89190954054757
Saddle 2: Position = [-0.85763429  0.53522416], Energy = -38.451888441338795

Computational statistics:
	Total energy calls: 61198
	Energy calls at each min: [1, 10158, 61198]
	Total force calls: 61198
	Force calls at each min: [1, 10158, 61198]
	Total steps: 63643

Verification against reference:
True minima found: 3/3

Verification against reference (saddles):
True saddles found: 0/2
Missed saddles at positions:
[0.21248658 0.29298833]
[-0.82200156  0.6243128 ]
Starting run 521
Identified minimum at [0.6234994  0.02803776] with energy -108.1667241168524
Identified minimum at [-0.0507028  0.4669446] with energy -80.7677411887614
Identified minimum at [-0.55822365  1.44172582] with energy -146.69951720995385
Simulation completed.


Energies of found minima:
Minimum 1: Position = [0.6234994  0.02803776], Energy = -108.1667241168524
Minimum 2: Position = [-0.0507028  0.4669446], Energy = -80.7677411887614
Minimum 3: Position = [-0.55822365  1.44172582], Energy = -146.69951720995385

Approximate saddle points between minima:
Saddle 1: Position = [0.28020267 0.30040425], Energy = -71.50584107024255
Saddle 2: Position = [-0.85596291  0.56219738], Energy = -39.40738472821836

Computational statistics:
	Total energy calls: 34466
	Energy calls at each min: [1, 6224, 34466]
	Total force calls: 34466
	Force calls at each min: [1, 6224, 34466]
	Total steps: 35971

Verification against reference:
True minima found: 3/3

Verification against reference (saddles):
True saddles found: 0/2
Missed saddles at positions:
[0.21248658 0.29298833]
[-0.82200156  0.6243128 ]
Starting run 275
Identified minimum at [0.6234994  0.02803776] with energy -108.1667241168524
Identified minimum at [-0.05005146  0.4667084 ] with energy -80.76781787074
Identified minimum at [-0.55822365  1.44172582] with energy -146.69951720995385
Simulation completed.


Energies of found minima:
Minimum 1: Position = [0.6234994  0.02803776], Energy = -108.1667241168524
Minimum 2: Position = [-0.05005146  0.4667084 ], Energy = -80.76781787074
Minimum 3: Position = [-0.55822365  1.44172582], Energy = -146.69951720995385

Approximate saddle points between minima:
Saddle 1: Position = [0.22028835 0.30224427], Energy = -72.22161785330209
Saddle 2: Position = [-0.81362455  0.60775088], Energy = -40.75357069228798

Computational statistics:
	Total energy calls: 32887
	Energy calls at each min: [1, 5712, 32887]
	Total force calls: 32887
	Force calls at each min: [1, 5712, 32887]
	Total steps: 34398

Verification against reference:
True minima found: 3/3

Verification against reference (saddles):
True saddles found: 2/2
Starting run 769
Identified minimum at [0.6234994  0.02803776] with energy -108.1667241168524
Identified minimum at [-0.0500117   0.46669444] with energy -80.76781812952753
Identified minimum at [-0.55822364  1.44172583] with energy -146.699517209954
Simulation completed.


Energies of found minima:
Minimum 1: Position = [0.6234994  0.02803776], Energy = -108.1667241168524
Minimum 2: Position = [-0.0500117   0.46669444], Energy = -80.76781812952753
Minimum 3: Position = [-0.55822364  1.44172583], Energy = -146.699517209954

Approximate saddle points between minima:
Saddle 1: Position = [0.18642493 0.2882515 ], Energy = -72.1213388624538
Saddle 2: Position = [-0.80435902  0.61614025], Energy = -40.788027075406156

Computational statistics:
	Total energy calls: 35164
	Energy calls at each min: [1, 6589, 35164]
	Total force calls: 35164
	Force calls at each min: [1, 6589, 35164]
	Total steps: 36801

Verification against reference:
True minima found: 3/3

Verification against reference (saddles):
True saddles found: 2/2
Starting run 355
Identified minimum at [0.6234994  0.02803776] with energy -108.1667241168524
Identified minimum at [-0.05003695  0.46670187] with energy -80.76781803463604
Identified minimum at [-0.55822364  1.44172584] with energy -146.699517209954
Simulation completed.


Energies of found minima:
Minimum 1: Position = [0.6234994  0.02803776], Energy = -108.1667241168524
Minimum 2: Position = [-0.05003695  0.46670187], Energy = -80.76781803463604
Minimum 3: Position = [-0.55822364  1.44172584], Energy = -146.699517209954

Approximate saddle points between minima:
Saddle 1: Position = [0.22034544 0.30844249], Energy = -72.22569965579655
Saddle 2: Position = [-0.84537767  0.62678213], Energy = -40.76197507117333

Computational statistics:
	Total energy calls: 31943
	Energy calls at each min: [1, 5549, 31943]
	Total force calls: 31943
	Force calls at each min: [1, 5549, 31943]
	Total steps: 33389

Verification against reference:
True minima found: 3/3

Verification against reference (saddles):
True saddles found: 2/2
Starting run 282
Identified minimum at [0.6234994  0.02803776] with energy -108.1667241168524
Identified minimum at [-0.05008394  0.46670964] with energy -80.76781748530396
Identified minimum at [-0.55822365  1.44172583] with energy -146.6995172099539
Simulation completed.


Energies of found minima:
Minimum 1: Position = [0.6234994  0.02803776], Energy = -108.1667241168524
Minimum 2: Position = [-0.05008394  0.46670964], Energy = -80.76781748530396
Minimum 3: Position = [-0.55822365  1.44172583], Energy = -146.6995172099539

Approximate saddle points between minima:
Saddle 1: Position = [0.20397595 0.2745596 ], Energy = -72.2318101369504
Saddle 2: Position = [-0.81576541  0.60293558], Energy = -40.742004863347525

Computational statistics:
	Total energy calls: 30534
	Energy calls at each min: [1, 6560, 30534]
	Total force calls: 30534
	Force calls at each min: [1, 6560, 30534]
	Total steps: 31973

Verification against reference:
True minima found: 3/3

Verification against reference (saddles):
True saddles found: 2/2
