Starting run 541
Identified minimum at [0.6234994  0.02803776] with energy -108.16672411685238
Identified minimum at [-0.05001092  0.46669413] with energy -80.76781812965771
Identified minimum at [-0.55822362  1.44172586] with energy -146.69951720995394
Simulation completed.


Energies of found minima:
Minimum 1: Position = [0.6234994  0.02803776], Energy = -108.16672411685238
Minimum 2: Position = [-0.05001092  0.46669413], Energy = -80.76781812965771
Minimum 3: Position = [-0.55822362  1.44172586], Energy = -146.69951720995394

Approximate saddle points between minima:
Saddle 1: Position = [0.2055566  0.28770885], Energy = -72.23041139570645
Saddle 2: Position = [-0.82967576  0.59883093], Energy = -40.54568816856451

Computational statistics:
	Total energy calls: 35651
	Energy calls at each min: [1, 5712, 35651]
	Total force calls: 35651
	Force calls at each min: [1, 5712, 35651]
	Total steps: 37458

Verification against reference:
True minima found: 3/3

Verification against reference (saddles):
True saddles found: 2/2
Starting run 614
Identified minimum at [0.6234994  0.02803776] with energy -108.16672411685238
Identified minimum at [-0.05001087  0.46669412] with energy -80.7678181296587
Identified minimum at [-0.55822363  1.44172585] with energy -146.69951720995402
Simulation completed.


Energies of found minima:
Minimum 1: Position = [0.6234994  0.02803776], Energy = -108.16672411685238
Minimum 2: Position = [-0.05001087  0.46669412], Energy = -80.7678181296587
Minimum 3: Position = [-0.55822363  1.44172585], Energy = -146.69951720995402

Approximate saddle points between minima:
Saddle 1: Position = [0.2200524  0.32778945], Energy = -72.32654238340515
Saddle 2: Position = [-0.8200922   0.64875634], Energy = -40.66460443019917

Computational statistics:
	Total energy calls: 38188
	Energy calls at each min: [1, 6741, 38188]
	Total force calls: 38188
	Force calls at each min: [1, 6741, 38188]
	Total steps: 40057

Verification against reference:
True minima found: 3/3

Verification against reference (saddles):
True saddles found: 2/2
Starting run 780
Identified minimum at [0.6234994  0.02803776] with energy -108.16672411685238
Identified minimum at [-0.05063693  0.46687525] with energy -80.76776438811422
Identified minimum at [-0.55822364  1.44172583] with energy -146.69951720995397
Simulation completed.


Energies of found minima:
Minimum 1: Position = [0.6234994  0.02803776], Energy = -108.16672411685238
Minimum 2: Position = [-0.05063693  0.46687525], Energy = -80.76776438811422
Minimum 3: Position = [-0.55822364  1.44172583], Energy = -146.69951720995397

Approximate saddle points between minima:
Saddle 1: Position = [0.30873824 0.30768647], Energy = -70.52432844050756
Saddle 2: Position = [-0.80781086  0.60743709], Energy = -40.82811918218282

Computational statistics:
	Total energy calls: 26031
	Energy calls at each min: [1, 6043, 26031]
	Total force calls: 26031
	Force calls at each min: [1, 6043, 26031]
	Total steps: 27262

Verification against reference:
True minima found: 3/3

Verification against reference (saddles):
True saddles found: 1/2
Missed saddles at positions:
[0.21248658 0.29298833]
Starting run 747
Identified minimum at [0.6234994  0.02803776] with energy -108.16672411685238
Identified minimum at [-0.05001081  0.46669411] with energy -80.76781812965902
BFGS Hessian has condition number >1e6 and cannot be reliably trusted; reverting to default behavior. 
Eigenvalues: [2.21309985e-03 1.36362978e+06]
Identified minimum at [-0.55822365  1.44172582] with energy -146.69951720995385
Simulation completed.


Energies of found minima:
Minimum 1: Position = [0.6234994  0.02803776], Energy = -108.16672411685238
Minimum 2: Position = [-0.05001081  0.46669411], Energy = -80.76781812965902
Minimum 3: Position = [-0.55822365  1.44172582], Energy = -146.69951720995385

Approximate saddle points between minima:
Saddle 1: Position = [0.17576942 0.25579102], Energy = -71.6943724184221
Saddle 2: Position = [-0.83719921  0.62889515], Energy = -40.73446909056066

Computational statistics:
	Total energy calls: 84361
	Energy calls at each min: [1, 14622, 84361]
	Total force calls: 84361
	Force calls at each min: [1, 14622, 84361]
	Total steps: 88487

Verification against reference:
True minima found: 3/3

Verification against reference (saddles):
True saddles found: 1/2
Missed saddles at positions:
[0.21248658 0.29298833]
Starting run 97
Identified minimum at [0.6234994  0.02803776] with energy -108.16672411685238
Identified minimum at [-0.05054751  0.46682523] with energy -80.76778173290315
Identified minimum at [-0.55822364  1.44172583] with energy -146.69951720995397
Simulation completed.


Energies of found minima:
Minimum 1: Position = [0.6234994  0.02803776], Energy = -108.16672411685238
Minimum 2: Position = [-0.05054751  0.46682523], Energy = -80.76778173290315
Minimum 3: Position = [-0.55822364  1.44172583], Energy = -146.69951720995397

Approximate saddle points between minima:
Saddle 1: Position = [0.21434979 0.28191892], Energy = -72.28665508921007
Saddle 2: Position = [-0.83108378  0.61284139], Energy = -40.611742028141336

Computational statistics:
	Total energy calls: 60497
	Energy calls at each min: [1, 7818, 60497]
	Total force calls: 60497
	Force calls at each min: [1, 7818, 60497]
	Total steps: 62941

Verification against reference:
True minima found: 3/3

Verification against reference (saddles):
True saddles found: 2/2
Starting run 340
Identified minimum at [0.6234994  0.02803776] with energy -108.16672411685238
Identified minimum at [-0.05008019  0.46672566] with energy -80.76781715772645
BFGS Hessian has condition number >1e6 and cannot be reliably trusted; reverting to default behavior. 
Eigenvalues: [6.08962586e-03 2.27959337e+05]
BFGS Hessian has condition number >1e6 and cannot be reliably trusted; reverting to default behavior. 
Eigenvalues: [2.82987545e-03 6.16878381e+06]
Identified minimum at [-0.55822364  1.44172584] with energy -146.699517209954
Simulation completed.


Energies of found minima:
Minimum 1: Position = [0.6234994  0.02803776], Energy = -108.16672411685238
Minimum 2: Position = [-0.05008019  0.46672566], Energy = -80.76781715772645
Minimum 3: Position = [-0.55822364  1.44172584], Energy = -146.699517209954

Approximate saddle points between minima:
Saddle 1: Position = [0.24911024 0.29355189], Energy = -72.10118259559846
Saddle 2: Position = [-0.82835898  0.58368767], Energy = -40.4620159924461

Computational statistics:
	Total energy calls: 59900
	Energy calls at each min: [1, 9969, 59900]
	Total force calls: 59900
	Force calls at each min: [1, 9969, 59900]
	Total steps: 62389

Verification against reference:
True minima found: 3/3

Verification against reference (saddles):
True saddles found: 2/2
Starting run 628
Identified minimum at [0.6234994  0.02803776] with energy -108.16672411685238
Identified minimum at [-0.05064054  0.46684738] with energy -80.76776809524306
BFGS Hessian has condition number >1e6 and cannot be reliably trusted; reverting to default behavior. 
Eigenvalues: [3.84582280e-03 9.90858325e+04]
Identified minimum at [-0.55822363  1.44172585] with energy -146.69951720995397
Simulation completed.


Energies of found minima:
Minimum 1: Position = [0.6234994  0.02803776], Energy = -108.16672411685238
Minimum 2: Position = [-0.05064054  0.46684738], Energy = -80.76776809524306
Minimum 3: Position = [-0.55822363  1.44172585], Energy = -146.69951720995397

Approximate saddle points between minima:
Saddle 1: Position = [0.17795351 0.30488072], Energy = -72.3758517035429
Saddle 2: Position = [-0.84885116  0.56717899], Energy = -39.71916546826369

Computational statistics:
	Total energy calls: 20352
	Energy calls at each min: [1, 4796, 20352]
	Total force calls: 20352
	Force calls at each min: [1, 4796, 20352]
	Total steps: 21310

Verification against reference:
True minima found: 3/3

Verification against reference (saddles):
True saddles found: 1/2
Missed saddles at positions:
[-0.82200156  0.6243128 ]
Starting run 710
Identified minimum at [0.6234994  0.02803776] with energy -108.16672411685238
Identified minimum at [-0.05019356  0.46672512] with energy -80.76781428644968
Identified minimum at [-0.55822365  1.44172583] with energy -146.69951720995394
Simulation completed.


Energies of found minima:
Minimum 1: Position = [0.6234994  0.02803776], Energy = -108.16672411685238
Minimum 2: Position = [-0.05019356  0.46672512], Energy = -80.76781428644968
Minimum 3: Position = [-0.55822365  1.44172583], Energy = -146.69951720995394

Approximate saddle points between minima:
Saddle 1: Position = [0.16957683 0.3005966 ], Energy = -72.25270771069273
Saddle 2: Position = [-0.79283144  0.5017518 ], Energy = -40.425710930086005

Computational statistics:
	Total energy calls: 24137
	Energy calls at each min: [1, 3977, 24137]
	Total force calls: 24137
	Force calls at each min: [1, 3977, 24137]
	Total steps: 25275

Verification against reference:
True minima found: 3/3

Verification against reference (saddles):
True saddles found: 1/2
Missed saddles at positions:
[-0.82200156  0.6243128 ]
Starting run 590
Identified minimum at [0.6234994  0.02803776] with energy -108.16672411685238
Identified minimum at [-0.05004646  0.46670627] with energy -80.767817935157
Identified minimum at [-0.55822365  1.44172583] with energy -146.69951720995394
Simulation completed.


Energies of found minima:
Minimum 1: Position = [0.6234994  0.02803776], Energy = -108.16672411685238
Minimum 2: Position = [-0.05004646  0.46670627], Energy = -80.767817935157
Minimum 3: Position = [-0.55822365  1.44172583], Energy = -146.69951720995394

Approximate saddle points between minima:
Saddle 1: Position = [0.29223022 0.30462927], Energy = -71.09585379711386
Saddle 2: Position = [-0.81116322  0.66026521], Energy = -40.50927104553952

Computational statistics:
	Total energy calls: 48789
	Energy calls at each min: [1, 9502, 48789]
	Total force calls: 48789
	Force calls at each min: [1, 9502, 48789]
	Total steps: 50915

Verification against reference:
True minima found: 3/3

Verification against reference (saddles):
True saddles found: 1/2
Missed saddles at positions:
[0.21248658 0.29298833]
