Starting run 146
Identified minimum at [0.6234994  0.02803776] with energy -108.1667241168524
Identified minimum at [-0.05001094  0.46669414] with energy -80.76781812965706
Identified minimum at [-0.55822365  1.44172582] with energy -146.69951720995385
Simulation completed.


Energies of found minima:
Minimum 1: Position = [0.6234994  0.02803776], Energy = -108.1667241168524
Minimum 2: Position = [-0.05001094  0.46669414], Energy = -80.76781812965706
Minimum 3: Position = [-0.55822365  1.44172582], Energy = -146.69951720995385

Approximate saddle points between minima:
Saddle 1: Position = [0.19558638 0.2599344 ], Energy = -72.16461799737579
Saddle 2: Position = [-0.81881093  0.62775943], Energy = -40.65947809285393

Computational statistics:
	Total energy calls: 27991
	Energy calls at each min: [1, 4835, 27991]
	Total force calls: 27991
	Force calls at each min: [1, 4835, 27991]
	Total steps: 29399

Verification against reference:
True minima found: 3/3

Verification against reference (saddles):
True saddles found: 2/2
Starting run 21
Identified minimum at [0.6234994  0.02803776] with energy -108.1667241168524
Identified minimum at [-0.05001484  0.46669524] with energy -80.76781812747471
BFGS Hessian has condition number >1e6 and cannot be reliably trusted; reverting to default behavior. 
Eigenvalues: [1.16294436e-03 1.40926455e+09]
BFGS Hessian has condition number >1e6 and cannot be reliably trusted; reverting to default behavior. 
Eigenvalues: [1.64802303e-03 3.36644749e+06]
Identified minimum at [-0.55822364  1.44172584] with energy -146.699517209954
Simulation completed.


Energies of found minima:
Minimum 1: Position = [0.6234994  0.02803776], Energy = -108.1667241168524
Minimum 2: Position = [-0.05001484  0.46669524], Energy = -80.76781812747471
Minimum 3: Position = [-0.55822364  1.44172584], Energy = -146.699517209954

Approximate saddle points between minima:
Saddle 1: Position = [0.24863245 0.31536729], Energy = -71.77831968997393
Saddle 2: Position = [-0.82142349  0.61384543], Energy = -40.66871465080702

Computational statistics:
	Total energy calls: 48655
	Energy calls at each min: [1, 8734, 48655]
	Total force calls: 48655
	Force calls at each min: [1, 8734, 48655]
	Total steps: 50856

Verification against reference:
True minima found: 3/3

Verification against reference (saddles):
True saddles found: 2/2
Starting run 477
Identified minimum at [0.6234994  0.02803776] with energy -108.1667241168524
Identified minimum at [-0.05001079  0.4666941 ] with energy -80.76781812965889
Identified minimum at [-0.55822362  1.44172586] with energy -146.69951720995388
Simulation completed.


Energies of found minima:
Minimum 1: Position = [0.6234994  0.02803776], Energy = -108.1667241168524
Minimum 2: Position = [-0.05001079  0.4666941 ], Energy = -80.76781812965889
Minimum 3: Position = [-0.55822362  1.44172586], Energy = -146.69951720995388

Approximate saddle points between minima:
Saddle 1: Position = [0.23938791 0.29490239], Energy = -72.14835997271929
Saddle 2: Position = [-0.16081494  0.10938739], Energy = -39.981119723596386

Computational statistics:
	Total energy calls: 40280
	Energy calls at each min: [1, 4795, 40280]
	Total force calls: 40280
	Force calls at each min: [1, 4795, 40280]
	Total steps: 42387

Verification against reference:
True minima found: 3/3

Verification against reference (saddles):
True saddles found: 1/2
Missed saddles at positions:
[-0.82200156  0.6243128 ]
Starting run 416
Identified minimum at [0.6234994  0.02803776] with energy -108.1667241168524
BFGS Hessian has condition number >1e6 and cannot be reliably trusted; reverting to default behavior. 
Eigenvalues: [9.49370442e-05 1.55645458e+07]
BFGS Hessian has condition number >1e6 and cannot be reliably trusted; reverting to default behavior. 
Eigenvalues: [4.47315121e-03 4.18291537e+07]
Identified minimum at [-0.05001086  0.46669412] with energy -80.76781812965876
BFGS Hessian has condition number >1e6 and cannot be reliably trusted; reverting to default behavior. 
Eigenvalues: [4.02769947e-05 3.31709121e+07]
BFGS Hessian has condition number >1e6 and cannot be reliably trusted; reverting to default behavior. 
Eigenvalues: [5.00199059e-03 1.07585176e+07]
BFGS Hessian has condition number >1e6 and cannot be reliably trusted; reverting to default behavior. 
Eigenvalues: [9.36119631e-03 1.05123024e+08]
Identified minimum at [-0.55822364  1.44172583] with energy -146.699517209954
Simulation completed.


Energies of found minima:
Minimum 1: Position = [0.6234994  0.02803776], Energy = -108.1667241168524
Minimum 2: Position = [-0.05001086  0.46669412], Energy = -80.76781812965876
Minimum 3: Position = [-0.55822364  1.44172583], Energy = -146.699517209954

Approximate saddle points between minima:
Saddle 1: Position = [0.22329674 0.28724284], Energy = -72.27826763574578
Saddle 2: Position = [-0.82323797  0.61764185], Energy = -40.66032741120827

Computational statistics:
	Total energy calls: 82430
	Energy calls at each min: [1, 13308, 82430]
	Total force calls: 82430
	Force calls at each min: [1, 13308, 82430]
	Total steps: 86140

Verification against reference:
True minima found: 3/3

Verification against reference (saddles):
True saddles found: 2/2
Starting run 547
Identified minimum at [0.6234994  0.02803776] with energy -108.1667241168524
Identified minimum at [-0.0504757   0.46682191] with energy -80.76778931522853
Identified minimum at [-0.55822363  1.44172584] with energy -146.699517209954
Simulation completed.


Energies of found minima:
Minimum 1: Position = [0.6234994  0.02803776], Energy = -108.1667241168524
Minimum 2: Position = [-0.0504757   0.46682191], Energy = -80.76778931522853
Minimum 3: Position = [-0.55822363  1.44172584], Energy = -146.699517209954

Approximate saddle points between minima:
Saddle 1: Position = [0.23512159 0.32550053], Energy = -72.00430710934717
Saddle 2: Position = [-0.81610826  0.61786552], Energy = -40.69213387523216

Computational statistics:
	Total energy calls: 23663
	Energy calls at each min: [1, 4237, 23663]
	Total force calls: 23663
	Force calls at each min: [1, 4237, 23663]
	Total steps: 24758

Verification against reference:
True minima found: 3/3

Verification against reference (saddles):
True saddles found: 2/2
Starting run 252
Identified minimum at [0.6234994  0.02803776] with energy -108.1667241168524
Identified minimum at [-0.05001087  0.46669411] with energy -80.76781812965879
BFGS Hessian has condition number >1e6 and cannot be reliably trusted; reverting to default behavior. 
Eigenvalues: [9.59838886e-04 1.16794745e+06]
BFGS Hessian has condition number >1e6 and cannot be reliably trusted; reverting to default behavior. 
Eigenvalues: [4.22173760e-03 2.35226922e+05]
BFGS Hessian has condition number >1e6 and cannot be reliably trusted; reverting to default behavior. 
Eigenvalues: [8.36710539e-03 6.06852233e+07]
Identified minimum at [-0.55822363  1.44172584] with energy -146.69951720995397
Simulation completed.


Energies of found minima:
Minimum 1: Position = [0.6234994  0.02803776], Energy = -108.1667241168524
Minimum 2: Position = [-0.05001087  0.46669411], Energy = -80.76781812965879
Minimum 3: Position = [-0.55822363  1.44172584], Energy = -146.69951720995397

Approximate saddle points between minima:
Saddle 1: Position = [0.23155897 0.30758554], Energy = -72.10544884845149
Saddle 2: Position = [-0.83253035  0.62296044], Energy = -40.6687809234308

Computational statistics:
	Total energy calls: 115268
	Energy calls at each min: [1, 17459, 115268]
	Total force calls: 115268
	Force calls at each min: [1, 17459, 115268]
	Total steps: 120734

Verification against reference:
True minima found: 3/3

Verification against reference (saddles):
True saddles found: 2/2
Starting run 78
Identified minimum at [0.6234994  0.02803776] with energy -108.1667241168524
Identified minimum at [-0.05017838  0.46673252] with energy -80.76781466474623
Identified minimum at [-0.55822364  1.44172584] with energy -146.69951720995402
Simulation completed.


Energies of found minima:
Minimum 1: Position = [0.6234994  0.02803776], Energy = -108.1667241168524
Minimum 2: Position = [-0.05017838  0.46673252], Energy = -80.76781466474623
Minimum 3: Position = [-0.55822364  1.44172584], Energy = -146.69951720995402

Approximate saddle points between minima:
Saddle 1: Position = [0.27150536 0.30386595], Energy = -71.56000980574026
Saddle 2: Position = [-0.79175612  0.64268956], Energy = -40.434859717694366

Computational statistics:
	Total energy calls: 20192
	Energy calls at each min: [1, 3864, 20192]
	Total force calls: 20192
	Force calls at each min: [1, 3864, 20192]
	Total steps: 21179

Verification against reference:
True minima found: 3/3

Verification against reference (saddles):
True saddles found: 1/2
Missed saddles at positions:
[0.21248658 0.29298833]
Starting run 319
Identified minimum at [0.6234994  0.02803776] with energy -108.1667241168524
Identified minimum at [-0.050011    0.46669415] with energy -80.76781812965507
Identified minimum at [-0.55822364  1.44172584] with energy -146.699517209954
Simulation completed.


Energies of found minima:
Minimum 1: Position = [0.6234994  0.02803776], Energy = -108.1667241168524
Minimum 2: Position = [-0.050011    0.46669415], Energy = -80.76781812965507
Minimum 3: Position = [-0.55822364  1.44172584], Energy = -146.699517209954

Approximate saddle points between minima:
Saddle 1: Position = [0.20443571 0.29210891], Energy = -72.23888014137435
Saddle 2: Position = [-0.83195799  0.56060721], Energy = -40.07060808041339

Computational statistics:
	Total energy calls: 22788
	Energy calls at each min: [1, 3902, 22788]
	Total force calls: 22788
	Force calls at each min: [1, 3902, 22788]
	Total steps: 23910

Verification against reference:
True minima found: 3/3

Verification against reference (saddles):
True saddles found: 1/2
Missed saddles at positions:
[-0.82200156  0.6243128 ]
Starting run 529
Identified minimum at [0.6234994  0.02803776] with energy -108.1667241168524
Identified minimum at [-0.05019932  0.46673672] with energy -80.76781376489804
Identified minimum at [-0.55822365  1.44172583] with energy -146.69951720995397
Simulation completed.


Energies of found minima:
Minimum 1: Position = [0.6234994  0.02803776], Energy = -108.1667241168524
Minimum 2: Position = [-0.05019932  0.46673672], Energy = -80.76781376489804
Minimum 3: Position = [-0.55822365  1.44172583], Energy = -146.69951720995397

Approximate saddle points between minima:
Saddle 1: Position = [0.25092038 0.30015142], Energy = -71.95838635550697
Saddle 2: Position = [-0.8065031  0.6397361], Energy = -40.55117332395135

Computational statistics:
	Total energy calls: 26308
	Energy calls at each min: [1, 4807, 26308]
	Total force calls: 26308
	Force calls at each min: [1, 4807, 26308]
	Total steps: 27498

Verification against reference:
True minima found: 3/3

Verification against reference (saddles):
True saddles found: 2/2
