Starting run 399
Identified minimum at [0.6234994  0.02803776] with energy -108.1667241168524
Identified minimum at [-0.05004852  0.46670265] with energy -80.76781795498316
Identified minimum at [-0.55822363  1.44172585] with energy -146.69951720995397
Simulation completed.


Energies of found minima:
Minimum 1: Position = [0.6234994  0.02803776], Energy = -108.1667241168524
Minimum 2: Position = [-0.05004852  0.46670265], Energy = -80.76781795498316
Minimum 3: Position = [-0.55822363  1.44172585], Energy = -146.69951720995397

Approximate saddle points between minima:
Saddle 1: Position = [0.24032464 0.30275285], Energy = -72.04246015911298
Saddle 2: Position = [-0.84956524  0.57305026], Energy = -39.834564098097836

Computational statistics:
	Total energy calls: 17903
	Energy calls at each min: [1, 5621, 17903]
	Total force calls: 17903
	Force calls at each min: [1, 5621, 17903]
	Total steps: 18796

Verification against reference:
True minima found: 3/3

Verification against reference (saddles):
True saddles found: 1/2
Missed saddles at positions:
[-0.82200156  0.6243128 ]
Starting run 708
Identified minimum at [0.6234994  0.02803776] with energy -108.1667241168524
Identified minimum at [-0.0503886   0.46678819] with energy -80.76779995601561
Identified minimum at [-0.55822364  1.44172584] with energy -146.69951720995402
Simulation completed.


Energies of found minima:
Minimum 1: Position = [0.6234994  0.02803776], Energy = -108.1667241168524
Minimum 2: Position = [-0.0503886   0.46678819], Energy = -80.76779995601561
Minimum 3: Position = [-0.55822364  1.44172584], Energy = -146.69951720995402

Approximate saddle points between minima:
Saddle 1: Position = [0.23238528 0.32369415], Energy = -72.06228597473867
Saddle 2: Position = [-0.80379011  0.62179069], Energy = -40.731273630194174

Computational statistics:
	Total energy calls: 23649
	Energy calls at each min: [1, 3315, 23649]
	Total force calls: 23649
	Force calls at each min: [1, 3315, 23649]
	Total steps: 24783

Verification against reference:
True minima found: 3/3

Verification against reference (saddles):
True saddles found: 2/2
Starting run 583
Identified minimum at [0.6234994  0.02803776] with energy -108.1667241168524
Identified minimum at [-0.05003529  0.46669972] with energy -80.76781805574241
BFGS Hessian has condition number >1e6 and cannot be reliably trusted; reverting to default behavior. 
Eigenvalues: [5.92105263e-04 3.53317822e+03]
BFGS Hessian has condition number >1e6 and cannot be reliably trusted; reverting to default behavior. 
Eigenvalues: [2.82583386e-03 1.46563541e+08]
Identified minimum at [-0.55822364  1.44172583] with energy -146.69951720995397
Simulation completed.


Energies of found minima:
Minimum 1: Position = [0.6234994  0.02803776], Energy = -108.1667241168524
Minimum 2: Position = [-0.05003529  0.46669972], Energy = -80.76781805574241
Minimum 3: Position = [-0.55822364  1.44172583], Energy = -146.69951720995397

Approximate saddle points between minima:
Saddle 1: Position = [0.23929696 0.30808566], Energy = -72.00354746527188
Saddle 2: Position = [-0.87682632  0.58354892], Energy = -39.66530522622162

Computational statistics:
	Total energy calls: 60920
	Energy calls at each min: [1, 9673, 60920]
	Total force calls: 60920
	Force calls at each min: [1, 9673, 60920]
	Total steps: 63401

Verification against reference:
True minima found: 3/3

Verification against reference (saddles):
True saddles found: 1/2
Missed saddles at positions:
[-0.82200156  0.6243128 ]
Starting run 210
Identified minimum at [0.6234994  0.02803776] with energy -108.1667241168524
Identified minimum at [-0.05001869  0.46669639] with energy -80.76781812116306
Identified minimum at [-0.55822365  1.44172582] with energy -146.69951720995388
Simulation completed.


Energies of found minima:
Minimum 1: Position = [0.6234994  0.02803776], Energy = -108.1667241168524
Minimum 2: Position = [-0.05001869  0.46669639], Energy = -80.76781812116306
Minimum 3: Position = [-0.55822365  1.44172582], Energy = -146.69951720995388

Approximate saddle points between minima:
Saddle 1: Position = [0.1969104  0.27255067], Energy = -72.14517635275749
Saddle 2: Position = [-0.80982365  0.60951513], Energy = -40.78836565512334

Computational statistics:
	Total energy calls: 33862
	Energy calls at each min: [1, 6193, 33862]
	Total force calls: 33862
	Force calls at each min: [1, 6193, 33862]
	Total steps: 35509

Verification against reference:
True minima found: 3/3

Verification against reference (saddles):
True saddles found: 2/2
Starting run 723
Identified minimum at [0.6234994  0.02803776] with energy -108.1667241168524
Identified minimum at [-0.05001093  0.46669412] with energy -80.7678181296577
Identified minimum at [-0.55822365  1.44172582] with energy -146.69951720995388
Simulation completed.


Energies of found minima:
Minimum 1: Position = [0.6234994  0.02803776], Energy = -108.1667241168524
Minimum 2: Position = [-0.05001093  0.46669412], Energy = -80.7678181296577
Minimum 3: Position = [-0.55822365  1.44172582], Energy = -146.69951720995388

Approximate saddle points between minima:
Saddle 1: Position = [0.24742758 0.33735456], Energy = -71.65432533463785
Saddle 2: Position = [-0.86323003  0.59333197], Energy = -40.09065027082576

Computational statistics:
	Total energy calls: 24855
	Energy calls at each min: [1, 4115, 24855]
	Total force calls: 24855
	Force calls at each min: [1, 4115, 24855]
	Total steps: 26096

Verification against reference:
True minima found: 3/3

Verification against reference (saddles):
True saddles found: 0/2
Missed saddles at positions:
[0.21248658 0.29298833]
[-0.82200156  0.6243128 ]
Starting run 767
Identified minimum at [0.6234994  0.02803776] with energy -108.1667241168524
Identified minimum at [-0.05001093  0.46669412] with energy -80.76781812965767
Identified minimum at [-0.55822362  1.44172585] with energy -146.69951720995397
Simulation completed.


Energies of found minima:
Minimum 1: Position = [0.6234994  0.02803776], Energy = -108.1667241168524
Minimum 2: Position = [-0.05001093  0.46669412], Energy = -80.76781812965767
Minimum 3: Position = [-0.55822362  1.44172585], Energy = -146.69951720995397

Approximate saddle points between minima:
Saddle 1: Position = [0.21418886 0.29747735], Energy = -72.24874166991931
Saddle 2: Position = [-0.83123856  0.55585327], Energy = -40.00686588185127

Computational statistics:
	Total energy calls: 43807
	Energy calls at each min: [1, 6204, 43807]
	Total force calls: 43807
	Force calls at each min: [1, 6204, 43807]
	Total steps: 45959

Verification against reference:
True minima found: 3/3

Verification against reference (saddles):
True saddles found: 1/2
Missed saddles at positions:
[-0.82200156  0.6243128 ]
Starting run 96
Identified minimum at [0.6234994  0.02803776] with energy -108.1667241168524
Identified minimum at [-0.05016531  0.46673215] with energy -80.7678151045756
Identified minimum at [-0.55822364  1.44172583] with energy -146.69951720995397
Simulation completed.


Energies of found minima:
Minimum 1: Position = [0.6234994  0.02803776], Energy = -108.1667241168524
Minimum 2: Position = [-0.05016531  0.46673215], Energy = -80.7678151045756
Minimum 3: Position = [-0.55822364  1.44172583], Energy = -146.69951720995397

Approximate saddle points between minima:
Saddle 1: Position = [0.16986905 0.27525054], Energy = -71.73888666142366
Saddle 2: Position = [-0.85657734  0.60846527], Energy = -40.47074301836689

Computational statistics:
	Total energy calls: 56262
	Energy calls at each min: [1, 11306, 56262]
	Total force calls: 56262
	Force calls at each min: [1, 11306, 56262]
	Total steps: 58638

Verification against reference:
True minima found: 3/3

Verification against reference (saddles):
True saddles found: 2/2
Starting run 325
Identified minimum at [0.6234994  0.02803776] with energy -108.1667241168524
Identified minimum at [-0.05001082  0.46669411] with energy -80.76781812965902
BFGS Hessian has condition number >1e6 and cannot be reliably trusted; reverting to default behavior. 
Eigenvalues: [6.39852188e-02 2.42371170e+07]
Identified minimum at [-0.55822363  1.44172584] with energy -146.699517209954
Simulation completed.


Energies of found minima:
Minimum 1: Position = [0.6234994  0.02803776], Energy = -108.1667241168524
Minimum 2: Position = [-0.05001082  0.46669411], Energy = -80.76781812965902
Minimum 3: Position = [-0.55822363  1.44172584], Energy = -146.699517209954

Approximate saddle points between minima:
Saddle 1: Position = [0.21849692 0.29084858], Energy = -72.25328948069053
Saddle 2: Position = [-0.82270972  0.63454127], Energy = -40.67249110671899

Computational statistics:
	Total energy calls: 129217
	Energy calls at each min: [1, 21179, 129217]
	Total force calls: 129217
	Force calls at each min: [1, 21179, 129217]
	Total steps: 134910

Verification against reference:
True minima found: 3/3

Verification against reference (saddles):
True saddles found: 2/2
Starting run 745
Identified minimum at [0.6234994  0.02803776] with energy -108.1667241168524
Identified minimum at [-0.05030908  0.46679251] with energy -80.76780484904468
BFGS Hessian has condition number >1e6 and cannot be reliably trusted; reverting to default behavior. 
Eigenvalues: [4.06405516e-03 4.87593686e+07]
BFGS Hessian has condition number >1e6 and cannot be reliably trusted; reverting to default behavior. 
Eigenvalues: [1.62370503e-03 3.16018060e+08]
BFGS Hessian has condition number >1e6 and cannot be reliably trusted; reverting to default behavior. 
Eigenvalues: [2.32062861e-03 1.45690048e+08]
Identified minimum at [-0.55822364  1.44172584] with energy -146.699517209954
Simulation completed.


Energies of found minima:
Minimum 1: Position = [0.6234994  0.02803776], Energy = -108.1667241168524
Minimum 2: Position = [-0.05030908  0.46679251], Energy = -80.76780484904468
Minimum 3: Position = [-0.55822364  1.44172584], Energy = -146.699517209954

Approximate saddle points between minima:
Saddle 1: Position = [0.23704211 0.3082227 ], Energy = -72.03297418275893
Saddle 2: Position = [-0.84143509  0.61193519], Energy = -40.563216374046206

Computational statistics:
	Total energy calls: 56381
	Energy calls at each min: [1, 8942, 56381]
	Total force calls: 56381
	Force calls at each min: [1, 8942, 56381]
	Total steps: 58721

Verification against reference:
True minima found: 3/3

Verification against reference (saddles):
True saddles found: 2/2
