Starting run 89
Identified minimum at [0.6234994  0.02803776] with energy -108.1667241168524
Identified minimum at [-0.0508459   0.46693577] with energy -80.76772250282781
Identified minimum at [-0.55822361  1.44172586] with energy -146.69951720995385
Simulation completed.


Energies of found minima:
Minimum 1: Position = [0.6234994  0.02803776], Energy = -108.1667241168524
Minimum 2: Position = [-0.0508459   0.46693577], Energy = -80.76772250282781
Minimum 3: Position = [-0.55822361  1.44172586], Energy = -146.69951720995385

Approximate saddle points between minima:
Saddle 1: Position = [0.22078942 0.28459733], Energy = -72.29541684212666
Saddle 2: Position = [-0.84360771  0.62821826], Energy = -40.769802399208245

Computational statistics:
	Total energy calls: 78483
	Energy calls at each min: [1, 14962, 78483]
	Total force calls: 78483
	Force calls at each min: [1, 14962, 78483]
	Total steps: 81607

Verification against reference:
True minima found: 3/3

Verification against reference (saddles):
True saddles found: 2/2
Starting run 60
Identified minimum at [0.6234994  0.02803776] with energy -108.1667241168524
Identified minimum at [-0.05004809  0.4667041 ] with energy -80.76781794679073
Identified minimum at [-0.55822362  1.44172586] with energy -146.69951720995388
Simulation completed.


Energies of found minima:
Minimum 1: Position = [0.6234994  0.02803776], Energy = -108.1667241168524
Minimum 2: Position = [-0.05004809  0.4667041 ], Energy = -80.76781794679073
Minimum 3: Position = [-0.55822362  1.44172586], Energy = -146.69951720995388

Approximate saddle points between minima:
Saddle 1: Position = [0.16059758 0.28894195], Energy = -71.882636525205
Saddle 2: Position = [-0.84376177  0.59914814], Energy = -40.386716635546364

Computational statistics:
	Total energy calls: 23590
	Energy calls at each min: [1, 4018, 23590]
	Total force calls: 23590
	Force calls at each min: [1, 4018, 23590]
	Total steps: 24699

Verification against reference:
True minima found: 3/3

Verification against reference (saddles):
True saddles found: 1/2
Missed saddles at positions:
[0.21248658 0.29298833]
Starting run 430
Identified minimum at [0.6234994  0.02803776] with energy -108.1667241168524
BFGS Hessian has condition number >1e6 and cannot be reliably trusted; reverting to default behavior. 
Eigenvalues: [5.75325945e-03 6.93729587e+06]
Identified minimum at [-0.05018782  0.46673454] with energy -80.76781426767451
Identified minimum at [-0.55822363  1.44172584] with energy -146.699517209954
Simulation completed.


Energies of found minima:
Minimum 1: Position = [0.6234994  0.02803776], Energy = -108.1667241168524
Minimum 2: Position = [-0.05018782  0.46673454], Energy = -80.76781426767451
Minimum 3: Position = [-0.55822363  1.44172584], Energy = -146.699517209954

Approximate saddle points between minima:
Saddle 1: Position = [0.14308387 0.25584304], Energy = -70.73545622901541
Saddle 2: Position = [-0.18757795  0.14342413], Energy = -40.599256043922644

Computational statistics:
	Total energy calls: 49254
	Energy calls at each min: [1, 7506, 49254]
	Total force calls: 49254
	Force calls at each min: [1, 7506, 49254]
	Total steps: 51385

Verification against reference:
True minima found: 3/3

Verification against reference (saddles):
True saddles found: 0/2
Missed saddles at positions:
[0.21248658 0.29298833]
[-0.82200156  0.6243128 ]
Starting run 104
Identified minimum at [0.6234994  0.02803776] with energy -108.1667241168524
BFGS Hessian has condition number >1e6 and cannot be reliably trusted; reverting to default behavior. 
Eigenvalues: [4.17366158e-04 1.01569852e+09]
Identified minimum at [-0.05002031  0.46669693] with energy -80.76781811712235
Identified minimum at [-0.55822365  1.44172583] with energy -146.6995172099539
Simulation completed.


Energies of found minima:
Minimum 1: Position = [0.6234994  0.02803776], Energy = -108.1667241168524
Minimum 2: Position = [-0.05002031  0.46669693], Energy = -80.76781811712235
Minimum 3: Position = [-0.55822365  1.44172583], Energy = -146.6995172099539

Approximate saddle points between minima:
Saddle 1: Position = [0.16823705 0.26440128], Energy = -71.56449188846231
Saddle 2: Position = [-0.85150583  0.61251853], Energy = -40.5536981091278

Computational statistics:
	Total energy calls: 46096
	Energy calls at each min: [1, 9071, 46096]
	Total force calls: 46096
	Force calls at each min: [1, 9071, 46096]
	Total steps: 48127

Verification against reference:
True minima found: 3/3

Verification against reference (saddles):
True saddles found: 1/2
Missed saddles at positions:
[0.21248658 0.29298833]
Starting run 661
Identified minimum at [0.6234994  0.02803776] with energy -108.1667241168524
BFGS Hessian has condition number >1e6 and cannot be reliably trusted; reverting to default behavior. 
Eigenvalues: [1.88238825e-03 2.46416094e+03]
Identified minimum at [-0.05004206  0.46670289] with energy -80.76781799804199
Identified minimum at [-0.55822364  1.44172583] with energy -146.69951720995397
Simulation completed.


Energies of found minima:
Minimum 1: Position = [0.6234994  0.02803776], Energy = -108.1667241168524
Minimum 2: Position = [-0.05004206  0.46670289], Energy = -80.76781799804199
Minimum 3: Position = [-0.55822364  1.44172583], Energy = -146.69951720995397

Approximate saddle points between minima:
Saddle 1: Position = [0.21797574 0.28657599], Energy = -72.27398538128426
Saddle 2: Position = [-0.81669712  0.61647125], Energy = -40.6935179480258

Computational statistics:
	Total energy calls: 59670
	Energy calls at each min: [1, 13189, 59670]
	Total force calls: 59670
	Force calls at each min: [1, 13189, 59670]
	Total steps: 62228

Verification against reference:
True minima found: 3/3

Verification against reference (saddles):
True saddles found: 2/2
Starting run 520
Identified minimum at [0.6234994  0.02803776] with energy -108.1667241168524
Identified minimum at [-0.05055228  0.46684491] with energy -80.76777877179661
BFGS Hessian has condition number >1e6 and cannot be reliably trusted; reverting to default behavior. 
Eigenvalues: [1.47132482e-03 3.05358457e+07]
Identified minimum at [-0.55822364  1.44172584] with energy -146.69951720995402
Simulation completed.


Energies of found minima:
Minimum 1: Position = [0.6234994  0.02803776], Energy = -108.1667241168524
Minimum 2: Position = [-0.05055228  0.46684491], Energy = -80.76777877179661
Minimum 3: Position = [-0.55822364  1.44172584], Energy = -146.69951720995402

Approximate saddle points between minima:
Saddle 1: Position = [0.2405456 0.3014538], Energy = -72.0548524478461
Saddle 2: Position = [-0.78594971  0.66121217], Energy = -40.044264714192444

Computational statistics:
	Total energy calls: 34942
	Energy calls at each min: [1, 6348, 34942]
	Total force calls: 34942
	Force calls at each min: [1, 6348, 34942]
	Total steps: 36474

Verification against reference:
True minima found: 3/3

Verification against reference (saddles):
True saddles found: 1/2
Missed saddles at positions:
[-0.82200156  0.6243128 ]
Starting run 471
Identified minimum at [0.6234994  0.02803776] with energy -108.1667241168524
Identified minimum at [-0.05002317  0.46669764] with energy -80.76781810889321
Identified minimum at [-0.55822363  1.44172584] with energy -146.699517209954
Simulation completed.


Energies of found minima:
Minimum 1: Position = [0.6234994  0.02803776], Energy = -108.1667241168524
Minimum 2: Position = [-0.05002317  0.46669764], Energy = -80.76781810889321
Minimum 3: Position = [-0.55822363  1.44172584], Energy = -146.699517209954

Approximate saddle points between minima:
Saddle 1: Position = [0.25612925 0.28444209], Energy = -72.27796995436964
Saddle 2: Position = [-0.83131837  0.62611331], Energy = -40.68509807048706

Computational statistics:
	Total energy calls: 26153
	Energy calls at each min: [1, 4655, 26153]
	Total force calls: 26153
	Force calls at each min: [1, 4655, 26153]
	Total steps: 27457

Verification against reference:
True minima found: 3/3

Verification against reference (saddles):
True saddles found: 2/2
Starting run 408
Identified minimum at [0.6234994  0.02803776] with energy -108.1667241168524
Identified minimum at [-0.05001436  0.46669504] with energy -80.76781812802243
BFGS Hessian has condition number >1e6 and cannot be reliably trusted; reverting to default behavior. 
Eigenvalues: [1.73901784e-03 2.18649618e+03]
Identified minimum at [-0.55822363  1.44172585] with energy -146.699517209954
Simulation completed.


Energies of found minima:
Minimum 1: Position = [0.6234994  0.02803776], Energy = -108.1667241168524
Minimum 2: Position = [-0.05001436  0.46669504], Energy = -80.76781812802243
Minimum 3: Position = [-0.55822363  1.44172585], Energy = -146.699517209954

Approximate saddle points between minima:
Saddle 1: Position = [0.21763549 0.30147237], Energy = -72.23763469308278
Saddle 2: Position = [-0.81573887  0.60450235], Energy = -40.738443157384694

Computational statistics:
	Total energy calls: 110162
	Energy calls at each min: [1, 16737, 110162]
	Total force calls: 110162
	Force calls at each min: [1, 16737, 110162]
	Total steps: 114796

Verification against reference:
True minima found: 3/3

Verification against reference (saddles):
True saddles found: 2/2
Starting run 439
Identified minimum at [0.6234994  0.02803776] with energy -108.1667241168524
BFGS Hessian has condition number >1e6 and cannot be reliably trusted; reverting to default behavior. 
Eigenvalues: [7.70375133e-04 1.69823389e+08]
Identified minimum at [-0.05034326  0.46681098] with energy -80.76780080199431
Identified minimum at [-0.55822365  1.44172583] with energy -146.69951720995397
Simulation completed.


Energies of found minima:
Minimum 1: Position = [0.6234994  0.02803776], Energy = -108.1667241168524
Minimum 2: Position = [-0.05034326  0.46681098], Energy = -80.76780080199431
Minimum 3: Position = [-0.55822365  1.44172583], Energy = -146.69951720995397

Approximate saddle points between minima:
Saddle 1: Position = [0.2644028  0.30361775], Energy = -71.69210048852042
Saddle 2: Position = [-0.84513228  0.61984394], Energy = -40.66250822794647

Computational statistics:
	Total energy calls: 35008
	Energy calls at each min: [1, 6452, 35008]
	Total force calls: 35008
	Force calls at each min: [1, 6452, 35008]
	Total steps: 36561

Verification against reference:
True minima found: 3/3

Verification against reference (saddles):
True saddles found: 1/2
Missed saddles at positions:
[0.21248658 0.29298833]
