Starting run 496
Identified minimum at [0.6234994  0.02803776] with energy -108.16672411685238
Identified minimum at [-0.05001079  0.46669411] with energy -80.76781812965889
BFGS Hessian has condition number >1e6 and cannot be reliably trusted; reverting to default behavior. 
Eigenvalues: [5.32769517e-01 7.55906984e+05]
Identified minimum at [-0.55822366  1.44172582] with energy -146.69951720995383
Simulation completed.


Energies of found minima:
Minimum 1: Position = [0.6234994  0.02803776], Energy = -108.16672411685238
Minimum 2: Position = [-0.05001079  0.46669411], Energy = -80.76781812965889
Minimum 3: Position = [-0.55822366  1.44172582], Energy = -146.69951720995383

Approximate saddle points between minima:
Saddle 1: Position = [0.20820096 0.27952018], Energy = -72.25558338033227
Saddle 2: Position = [-0.82651017  0.61592936], Energy = -40.64466628068856

Computational statistics:
	Total energy calls: 96088
	Energy calls at each min: [1, 14834, 96088]
	Total force calls: 96088
	Force calls at each min: [1, 14834, 96088]
	Total steps: 100462

Verification against reference:
True minima found: 3/3

Verification against reference (saddles):
True saddles found: 2/2
Starting run 472
Identified minimum at [0.6234994  0.02803776] with energy -108.16672411685238
Identified minimum at [-0.05001877  0.46669614] with energy -80.76781812152399
Identified minimum at [-0.55822364  1.44172583] with energy -146.699517209954
Simulation completed.


Energies of found minima:
Minimum 1: Position = [0.6234994  0.02803776], Energy = -108.16672411685238
Minimum 2: Position = [-0.05001877  0.46669614], Energy = -80.76781812152399
Minimum 3: Position = [-0.55822364  1.44172583], Energy = -146.699517209954

Approximate saddle points between minima:
Saddle 1: Position = [0.22457518 0.29649105], Energy = -72.21392549059809
Saddle 2: Position = [-0.81524351  0.59927396], Energy = -40.75804955857153

Computational statistics:
	Total energy calls: 24582
	Energy calls at each min: [1, 3655, 24582]
	Total force calls: 24582
	Force calls at each min: [1, 3655, 24582]
	Total steps: 25800

Verification against reference:
True minima found: 3/3

Verification against reference (saddles):
True saddles found: 2/2
Starting run 36
Identified minimum at [0.6234994  0.02803776] with energy -108.16672411685238
BFGS Hessian has condition number >1e6 and cannot be reliably trusted; reverting to default behavior. 
Eigenvalues: [5.42614795e-04 8.75841148e+02]
Identified minimum at [-0.05001086  0.46669411] with energy -80.76781812965883
BFGS Hessian has condition number >1e6 and cannot be reliably trusted; reverting to default behavior. 
Eigenvalues: [6.50358321e-04 2.02313320e+03]
Identified minimum at [-0.55822365  1.44172583] with energy -146.69951720995397
Simulation completed.


Energies of found minima:
Minimum 1: Position = [0.6234994  0.02803776], Energy = -108.16672411685238
Minimum 2: Position = [-0.05001086  0.46669411], Energy = -80.76781812965883
Minimum 3: Position = [-0.55822365  1.44172583], Energy = -146.69951720995397

Approximate saddle points between minima:
Saddle 1: Position = [0.21138936 0.28097019], Energy = -72.2733012932008
Saddle 2: Position = [-0.81802167  0.64283492], Energy = -40.63406139440522

Computational statistics:
	Total energy calls: 50948
	Energy calls at each min: [1, 9178, 50948]
	Total force calls: 50948
	Force calls at each min: [1, 9178, 50948]
	Total steps: 53508

Verification against reference:
True minima found: 3/3

Verification against reference (saddles):
True saddles found: 2/2
Starting run 177
Identified minimum at [0.6234994  0.02803776] with energy -108.16672411685238
Identified minimum at [-0.05004181  0.46670528] with energy -80.76781797591035
BFGS Hessian has condition number >1e6 and cannot be reliably trusted; reverting to default behavior. 
Eigenvalues: [1.49765366e-03 3.64545083e+06]
BFGS Hessian has condition number >1e6 and cannot be reliably trusted; reverting to default behavior. 
Eigenvalues: [9.51989088e-04 1.90508562e+07]
Identified minimum at [-0.55822364  1.44172583] with energy -146.69951720995397
Simulation completed.


Energies of found minima:
Minimum 1: Position = [0.6234994  0.02803776], Energy = -108.16672411685238
Minimum 2: Position = [-0.05004181  0.46670528], Energy = -80.76781797591035
Minimum 3: Position = [-0.55822364  1.44172583], Energy = -146.69951720995397

Approximate saddle points between minima:
Saddle 1: Position = [0.23131279 0.29080722], Energy = -72.23673527580098
Saddle 2: Position = [-0.82925524  0.6169609 ], Energy = -40.638905795328355

Computational statistics:
	Total energy calls: 60116
	Energy calls at each min: [1, 8468, 60116]
	Total force calls: 60116
	Force calls at each min: [1, 8468, 60116]
	Total steps: 62658

Verification against reference:
True minima found: 3/3

Verification against reference (saddles):
True saddles found: 2/2
Starting run 310
Identified minimum at [0.6234994  0.02803776] with energy -108.16672411685238
Identified minimum at [-0.05002285  0.46669722] with energy -80.76781811094136
BFGS Hessian has condition number >1e6 and cannot be reliably trusted; reverting to default behavior. 
Eigenvalues: [3.76493554e-03 1.91736638e+07]
Identified minimum at [-0.55822364  1.44172584] with energy -146.699517209954
Simulation completed.


Energies of found minima:
Minimum 1: Position = [0.6234994  0.02803776], Energy = -108.16672411685238
Minimum 2: Position = [-0.05002285  0.46669722], Energy = -80.76781811094136
Minimum 3: Position = [-0.55822364  1.44172584], Energy = -146.699517209954

Approximate saddle points between minima:
Saddle 1: Position = [0.16312229 0.21846738], Energy = -71.30816835433481
Saddle 2: Position = [-0.84546803  0.59502503], Energy = -40.3083399444056

Computational statistics:
	Total energy calls: 22777
	Energy calls at each min: [1, 3836, 22777]
	Total force calls: 22777
	Force calls at each min: [1, 3836, 22777]
	Total steps: 23895

Verification against reference:
True minima found: 3/3

Verification against reference (saddles):
True saddles found: 1/2
Missed saddles at positions:
[0.21248658 0.29298833]
Starting run 303
Identified minimum at [0.6234994  0.02803776] with energy -108.16672411685238
Identified minimum at [-0.05001385  0.46669499] with energy -80.76781812839246
Identified minimum at [-0.55822363  1.44172585] with energy -146.699517209954
Simulation completed.


Energies of found minima:
Minimum 1: Position = [0.6234994  0.02803776], Energy = -108.16672411685238
Minimum 2: Position = [-0.05001385  0.46669499], Energy = -80.76781812839246
Minimum 3: Position = [-0.55822363  1.44172585], Energy = -146.699517209954

Approximate saddle points between minima:
Saddle 1: Position = [0.22077234 0.3078526 ], Energy = -72.22057154080902
Saddle 2: Position = [-0.82863555  0.62369365], Energy = -40.66735773494507

Computational statistics:
	Total energy calls: 23520
	Energy calls at each min: [1, 3656, 23520]
	Total force calls: 23520
	Force calls at each min: [1, 3656, 23520]
	Total steps: 24643

Verification against reference:
True minima found: 3/3

Verification against reference (saddles):
True saddles found: 2/2
Starting run 401
Identified minimum at [0.6234994  0.02803776] with energy -108.16672411685238
Identified minimum at [-0.05011857  0.46671801] with energy -80.76781671203696
Identified minimum at [-0.55822364  1.44172584] with energy -146.699517209954
Simulation completed.


Energies of found minima:
Minimum 1: Position = [0.6234994  0.02803776], Energy = -108.16672411685238
Minimum 2: Position = [-0.05011857  0.46671801], Energy = -80.76781671203696
Minimum 3: Position = [-0.55822364  1.44172584], Energy = -146.699517209954

Approximate saddle points between minima:
Saddle 1: Position = [0.14583014 0.11484253], Energy = -71.3033275522089
Saddle 2: Position = [-0.83164266  0.60371648], Energy = -40.55334804002194

Computational statistics:
	Total energy calls: 20829
	Energy calls at each min: [1, 4246, 20829]
	Total force calls: 20829
	Force calls at each min: [1, 4246, 20829]
	Total steps: 21841

Verification against reference:
True minima found: 3/3

Verification against reference (saddles):
True saddles found: 1/2
Missed saddles at positions:
[0.21248658 0.29298833]
Starting run 460
Identified minimum at [0.6234994  0.02803776] with energy -108.16672411685238
Identified minimum at [-0.05001088  0.46669411] with energy -80.7678181296587
BFGS Hessian has condition number >1e6 and cannot be reliably trusted; reverting to default behavior. 
Eigenvalues: [9.75791074e-03 3.26483014e+06]
Identified minimum at [-0.55822362  1.44172585] with energy -146.69951720995394
Simulation completed.


Energies of found minima:
Minimum 1: Position = [0.6234994  0.02803776], Energy = -108.16672411685238
Minimum 2: Position = [-0.05001088  0.46669411], Energy = -80.7678181296587
Minimum 3: Position = [-0.55822362  1.44172585], Energy = -146.69951720995394

Approximate saddle points between minima:
Saddle 1: Position = [0.22013991 0.28752465], Energy = -72.27230115500048
Saddle 2: Position = [-0.85424822  0.61093918], Energy = -40.52285658618595

Computational statistics:
	Total energy calls: 27816
	Energy calls at each min: [1, 5465, 27816]
	Total force calls: 27816
	Force calls at each min: [1, 5465, 27816]
	Total steps: 29214

Verification against reference:
True minima found: 3/3

Verification against reference (saddles):
True saddles found: 2/2
Starting run 84
Identified minimum at [0.6234994  0.02803776] with energy -108.16672411685238
BFGS Hessian has condition number >1e6 and cannot be reliably trusted; reverting to default behavior. 
Eigenvalues: [6.17878279e-04 1.37220502e+07]
BFGS Hessian has condition number >1e6 and cannot be reliably trusted; reverting to default behavior. 
Eigenvalues: [1.18684070e-03 6.05454257e+06]
BFGS Hessian has condition number >1e6 and cannot be reliably trusted; reverting to default behavior. 
Eigenvalues: [7.28901068e-06 4.45000553e+05]
Identified minimum at [-0.05002266  0.46669668] with energy -80.76781811265259
BFGS Hessian has condition number >1e6 and cannot be reliably trusted; reverting to default behavior. 
Eigenvalues: [1.70859160e-03 9.70691605e+04]
BFGS Hessian has condition number >1e6 and cannot be reliably trusted; reverting to default behavior. 
Eigenvalues: [1.36674920e-02 8.61016862e+06]
Identified minimum at [-0.55822363  1.44172584] with energy -146.69951720995402
Simulation completed.


Energies of found minima:
Minimum 1: Position = [0.6234994  0.02803776], Energy = -108.16672411685238
Minimum 2: Position = [-0.05002266  0.46669668], Energy = -80.76781811265259
Minimum 3: Position = [-0.55822363  1.44172584], Energy = -146.69951720995402

Approximate saddle points between minima:
Saddle 1: Position = [0.19713824 0.28064168], Energy = -72.1566563804064
Saddle 2: Position = [-0.81159942  0.60326985], Energy = -40.80069301296131

Computational statistics:
	Total energy calls: 107022
	Energy calls at each min: [1, 20522, 107022]
	Total force calls: 107022
	Force calls at each min: [1, 20522, 107022]
	Total steps: 111492

Verification against reference:
True minima found: 3/3

Verification against reference (saddles):
True saddles found: 2/2
