Starting run 589
Identified minimum at [0.6234994  0.02803776] with energy -108.16672411685238
Identified minimum at [-0.05004299  0.46670185] with energy -80.76781799968771
Identified minimum at [-0.55822365  1.44172583] with energy -146.6995172099539
Simulation completed.


Energies of found minima:
Minimum 1: Position = [0.6234994  0.02803776], Energy = -108.16672411685238
Minimum 2: Position = [-0.05004299  0.46670185], Energy = -80.76781799968771
Minimum 3: Position = [-0.55822365  1.44172583], Energy = -146.6995172099539

Approximate saddle points between minima:
Saddle 1: Position = [0.17904992 0.29323866], Energy = -72.14437829438396
Saddle 2: Position = [-0.82370355  0.65537994], Energy = -40.754770819073215

Computational statistics:
	Total energy calls: 48830
	Energy calls at each min: [1, 9328, 48830]
	Total force calls: 48830
	Force calls at each min: [1, 9328, 48830]
	Total steps: 51000

Verification against reference:
True minima found: 3/3

Verification against reference (saddles):
True saddles found: 2/2
Starting run 179
Identified minimum at [0.6234994  0.02803776] with energy -108.16672411685238
BFGS Hessian has condition number >1e6 and cannot be reliably trusted; reverting to default behavior. 
Eigenvalues: [2.00481511e-03 5.89797124e+07]
Identified minimum at [-0.0501609  0.4667561] with energy -80.76781403514117
BFGS Hessian has condition number >1e6 and cannot be reliably trusted; reverting to default behavior. 
Eigenvalues: [2.73108765e-03 6.09111234e+07]
BFGS Hessian has condition number >1e6 and cannot be reliably trusted; reverting to default behavior. 
Eigenvalues: [1.98088875e-02 1.19025868e+05]
BFGS Hessian has condition number >1e6 and cannot be reliably trusted; reverting to default behavior. 
Eigenvalues: [4.42051888e-03 2.11599351e+08]
BFGS Hessian has condition number >1e6 and cannot be reliably trusted; reverting to default behavior. 
Eigenvalues: [4.17449712e-03 4.73065222e+03]
Identified minimum at [-0.55822364  1.44172585] with energy -146.69951720995397
Simulation completed.


Energies of found minima:
Minimum 1: Position = [0.6234994  0.02803776], Energy = -108.16672411685238
Minimum 2: Position = [-0.0501609  0.4667561], Energy = -80.76781403514117
Minimum 3: Position = [-0.55822364  1.44172585], Energy = -146.69951720995397

Approximate saddle points between minima:
Saddle 1: Position = [0.23758199 0.30033848], Energy = -72.09623122488327
Saddle 2: Position = [-0.80269857  0.63848877], Energy = -40.543560264237925

Computational statistics:
	Total energy calls: 55932
	Energy calls at each min: [1, 10254, 55932]
	Total force calls: 55932
	Force calls at each min: [1, 10254, 55932]
	Total steps: 58259

Verification against reference:
True minima found: 3/3

Verification against reference (saddles):
True saddles found: 2/2
Starting run 426
Identified minimum at [0.6234994  0.02803776] with energy -108.16672411685238
BFGS Hessian has condition number >1e6 and cannot be reliably trusted; reverting to default behavior. 
Eigenvalues: [1.50948763e-05 1.34293289e+07]
Identified minimum at [-0.05001325  0.46669472] with energy -80.76781812890648
Identified minimum at [-0.55822362  1.44172585] with energy -146.6995172099539
Simulation completed.


Energies of found minima:
Minimum 1: Position = [0.6234994  0.02803776], Energy = -108.16672411685238
Minimum 2: Position = [-0.05001325  0.46669472], Energy = -80.76781812890648
Minimum 3: Position = [-0.55822362  1.44172585], Energy = -146.6995172099539

Approximate saddle points between minima:
Saddle 1: Position = [0.16447579 0.26906741], Energy = -71.54070515193618
Saddle 2: Position = [-0.83407418  0.61652599], Energy = -40.624909020436235

Computational statistics:
	Total energy calls: 57132
	Energy calls at each min: [1, 8924, 57132]
	Total force calls: 57132
	Force calls at each min: [1, 8924, 57132]
	Total steps: 59704

Verification against reference:
True minima found: 3/3

Verification against reference (saddles):
True saddles found: 1/2
Missed saddles at positions:
[0.21248658 0.29298833]
Starting run 451
Identified minimum at [0.6234994  0.02803776] with energy -108.16672411685238
Identified minimum at [-0.05001079  0.4666941 ] with energy -80.7678181296589
BFGS Hessian has condition number >1e6 and cannot be reliably trusted; reverting to default behavior. 
Eigenvalues: [1.15638576e-03 4.30332949e+03]
BFGS Hessian has condition number >1e6 and cannot be reliably trusted; reverting to default behavior. 
Eigenvalues: [1.10429750e-03 6.96459295e+06]
Identified minimum at [-0.55822365  1.44172583] with energy -146.6995172099539
Simulation completed.


Energies of found minima:
Minimum 1: Position = [0.6234994  0.02803776], Energy = -108.16672411685238
Minimum 2: Position = [-0.05001079  0.4666941 ], Energy = -80.7678181296589
Minimum 3: Position = [-0.55822365  1.44172583], Energy = -146.6995172099539

Approximate saddle points between minima:
Saddle 1: Position = [0.21035615 0.29171725], Energy = -72.24737076865595
Saddle 2: Position = [-0.82308683  0.61570045], Energy = -40.659653133092405

Computational statistics:
	Total energy calls: 44737
	Energy calls at each min: [1, 8376, 44737]
	Total force calls: 44737
	Force calls at each min: [1, 8376, 44737]
	Total steps: 46902

Verification against reference:
True minima found: 3/3

Verification against reference (saddles):
True saddles found: 2/2
Starting run 91
Identified minimum at [0.6234994  0.02803776] with energy -108.16672411685238
Identified minimum at [-0.05001078  0.4666941 ] with energy -80.76781812965883
Identified minimum at [-0.55822363  1.44172584] with energy -146.699517209954
Simulation completed.


Energies of found minima:
Minimum 1: Position = [0.6234994  0.02803776], Energy = -108.16672411685238
Minimum 2: Position = [-0.05001078  0.4666941 ], Energy = -80.76781812965883
Minimum 3: Position = [-0.55822363  1.44172584], Energy = -146.699517209954

Approximate saddle points between minima:
Saddle 1: Position = [0.21280308 0.29088196], Energy = -72.25023629511341
Saddle 2: Position = [-0.83192385  0.64817084], Energy = -40.85371519347147

Computational statistics:
	Total energy calls: 91547
	Energy calls at each min: [1, 16084, 91547]
	Total force calls: 91547
	Force calls at each min: [1, 16084, 91547]
	Total steps: 95752

Verification against reference:
True minima found: 3/3

Verification against reference (saddles):
True saddles found: 2/2
Starting run 753
Identified minimum at [0.6234994  0.02803776] with energy -108.16672411685238
Identified minimum at [-0.05014955  0.46673584] with energy -80.76781543005589
BFGS Hessian has condition number >1e6 and cannot be reliably trusted; reverting to default behavior. 
Eigenvalues: [3.74425203e-03 3.25230223e+06]
BFGS Hessian has condition number >1e6 and cannot be reliably trusted; reverting to default behavior. 
Eigenvalues: [3.14688683e-03 7.97528706e+08]
Identified minimum at [-0.55822364  1.44172583] with energy -146.699517209954
Simulation completed.


Energies of found minima:
Minimum 1: Position = [0.6234994  0.02803776], Energy = -108.16672411685238
Minimum 2: Position = [-0.05014955  0.46673584], Energy = -80.76781543005589
Minimum 3: Position = [-0.55822364  1.44172583], Energy = -146.699517209954

Approximate saddle points between minima:
Saddle 1: Position = [0.20352105 0.28277954], Energy = -72.21411676719879
Saddle 2: Position = [-0.78510265  0.64208226], Energy = -40.42407646665458

Computational statistics:
	Total energy calls: 43857
	Energy calls at each min: [1, 7469, 43857]
	Total force calls: 43857
	Force calls at each min: [1, 7469, 43857]
	Total steps: 45767

Verification against reference:
True minima found: 3/3

Verification against reference (saddles):
True saddles found: 2/2
Starting run 276
Identified minimum at [0.6234994  0.02803776] with energy -108.16672411685238
Identified minimum at [-0.05003301  0.46670303] with energy -80.76781804253508
Identified minimum at [-0.55822365  1.44172583] with energy -146.69951720995397
Simulation completed.


Energies of found minima:
Minimum 1: Position = [0.6234994  0.02803776], Energy = -108.16672411685238
Minimum 2: Position = [-0.05003301  0.46670303], Energy = -80.76781804253508
Minimum 3: Position = [-0.55822365  1.44172583], Energy = -146.69951720995397

Approximate saddle points between minima:
Saddle 1: Position = [0.21715314 0.30315129], Energy = -72.24244843045582
Saddle 2: Position = [-0.80492953  0.50169686], Energy = -39.70559921682199

Computational statistics:
	Total energy calls: 38636
	Energy calls at each min: [1, 6813, 38636]
	Total force calls: 38636
	Force calls at each min: [1, 6813, 38636]
	Total steps: 40318

Verification against reference:
True minima found: 3/3

Verification against reference (saddles):
True saddles found: 1/2
Missed saddles at positions:
[-0.82200156  0.6243128 ]
Starting run 553
Identified minimum at [0.6234994  0.02803776] with energy -108.16672411685238
Identified minimum at [-0.05001144  0.46669423] with energy -80.76781812961352
Identified minimum at [-0.55822363  1.44172585] with energy -146.699517209954
Simulation completed.


Energies of found minima:
Minimum 1: Position = [0.6234994  0.02803776], Energy = -108.16672411685238
Minimum 2: Position = [-0.05001144  0.46669423], Energy = -80.76781812961352
Minimum 3: Position = [-0.55822363  1.44172585], Energy = -146.699517209954

Approximate saddle points between minima:
Saddle 1: Position = [0.22171256 0.28527477], Energy = -72.29221496191605
Saddle 2: Position = [-0.83445071  0.58862228], Energy = -40.38868561022775

Computational statistics:
	Total energy calls: 26122
	Energy calls at each min: [1, 4174, 26122]
	Total force calls: 26122
	Force calls at each min: [1, 4174, 26122]
	Total steps: 27401

Verification against reference:
True minima found: 3/3

Verification against reference (saddles):
True saddles found: 2/2
Starting run 486
Identified minimum at [0.6234994  0.02803776] with energy -108.16672411685238
Identified minimum at [-0.0500108  0.4666941] with energy -80.76781812965895
BFGS Hessian has condition number >1e6 and cannot be reliably trusted; reverting to default behavior. 
Eigenvalues: [1.07329999e-03 1.02563563e+06]
BFGS Hessian has condition number >1e6 and cannot be reliably trusted; reverting to default behavior. 
Eigenvalues: [6.18398190e-07 4.89358111e+07]
BFGS Hessian has condition number >1e6 and cannot be reliably trusted; reverting to default behavior. 
Eigenvalues: [4.83153365e-03 3.97847505e+06]
Identified minimum at [-0.55822362  1.44172586] with energy -146.69951720995385
Simulation completed.


Energies of found minima:
Minimum 1: Position = [0.6234994  0.02803776], Energy = -108.16672411685238
Minimum 2: Position = [-0.0500108  0.4666941], Energy = -80.76781812965895
Minimum 3: Position = [-0.55822362  1.44172586], Energy = -146.69951720995385

Approximate saddle points between minima:
Saddle 1: Position = [0.20275487 0.30195246], Energy = -72.30244968297053
Saddle 2: Position = [-0.82037839  0.61779074], Energy = -40.6718537537959

Computational statistics:
	Total energy calls: 162384
	Energy calls at each min: [1, 26296, 162384]
	Total force calls: 162384
	Force calls at each min: [1, 26296, 162384]
	Total steps: 169832

Verification against reference:
True minima found: 3/3

Verification against reference (saddles):
True saddles found: 2/2
