Starting run 370
Identified minimum at [0.6234994  0.02803776] with energy -108.16672411685238
BFGS Hessian has condition number >1e6 and cannot be reliably trusted; reverting to default behavior. 
Eigenvalues: [8.09133577e-04 4.02625592e+07]
Identified minimum at [-0.05001084  0.46669411] with energy -80.76781812965896
Identified minimum at [-0.55822362  1.44172585] with energy -146.69951720995397
Simulation completed.


Energies of found minima:
Minimum 1: Position = [0.6234994  0.02803776], Energy = -108.16672411685238
Minimum 2: Position = [-0.05001084  0.46669411], Energy = -80.76781812965896
Minimum 3: Position = [-0.55822362  1.44172585], Energy = -146.69951720995397

Approximate saddle points between minima:
Saddle 1: Position = [0.23101619 0.29416503], Energy = -72.2028060811167
Saddle 2: Position = [-0.87201014  0.60007247], Energy = -40.22079775595412

Computational statistics:
	Total energy calls: 44594
	Energy calls at each min: [1, 7217, 44594]
	Total force calls: 44594
	Force calls at each min: [1, 7217, 44594]
	Total steps: 46822

Verification against reference:
True minima found: 3/3

Verification against reference (saddles):
True saddles found: 1/2
Missed saddles at positions:
[-0.82200156  0.6243128 ]
Starting run 360
Identified minimum at [0.6234994  0.02803776] with energy -108.16672411685238
Identified minimum at [-0.05001078  0.46669409] with energy -80.76781812965879
Identified minimum at [-0.55822362  1.44172586] with energy -146.6995172099539
Simulation completed.


Energies of found minima:
Minimum 1: Position = [0.6234994  0.02803776], Energy = -108.16672411685238
Minimum 2: Position = [-0.05001078  0.46669409], Energy = -80.76781812965879
Minimum 3: Position = [-0.55822362  1.44172586], Energy = -146.6995172099539

Approximate saddle points between minima:
Saddle 1: Position = [0.23161068 0.30165684], Energy = -72.13788851487186
Saddle 2: Position = [-0.79580195  0.63525514], Energy = -40.569774537952696

Computational statistics:
	Total energy calls: 49121
	Energy calls at each min: [1, 8669, 49121]
	Total force calls: 49121
	Force calls at each min: [1, 8669, 49121]
	Total steps: 51579

Verification against reference:
True minima found: 3/3

Verification against reference (saddles):
True saddles found: 2/2
Starting run 359
Identified minimum at [0.6234994  0.02803776] with energy -108.16672411685238
Identified minimum at [-0.05070799  0.46684495] with energy -80.76775922538121
Identified minimum at [-0.55822363  1.44172585] with energy -146.699517209954
Simulation completed.


Energies of found minima:
Minimum 1: Position = [0.6234994  0.02803776], Energy = -108.16672411685238
Minimum 2: Position = [-0.05070799  0.46684495], Energy = -80.76775922538121
Minimum 3: Position = [-0.55822363  1.44172585], Energy = -146.699517209954

Approximate saddle points between minima:
Saddle 1: Position = [0.20122712 0.31450908], Energy = -72.45348471785138
Saddle 2: Position = [-0.82144318  0.6119493 ], Energy = -40.66890502909659

Computational statistics:
	Total energy calls: 31005
	Energy calls at each min: [1, 6138, 31005]
	Total force calls: 31005
	Force calls at each min: [1, 6138, 31005]
	Total steps: 32374

Verification against reference:
True minima found: 3/3

Verification against reference (saddles):
True saddles found: 2/2
Starting run 743
Identified minimum at [0.6234994  0.02803776] with energy -108.16672411685238
Identified minimum at [-0.0500739   0.46671152] with energy -80.76781759817068
BFGS Hessian has condition number >1e6 and cannot be reliably trusted; reverting to default behavior. 
Eigenvalues: [6.74229879e-03 3.06062168e+04]
Identified minimum at [-0.55822363  1.44172585] with energy -146.699517209954
Simulation completed.


Energies of found minima:
Minimum 1: Position = [0.6234994  0.02803776], Energy = -108.16672411685238
Minimum 2: Position = [-0.0500739   0.46671152], Energy = -80.76781759817068
Minimum 3: Position = [-0.55822363  1.44172585], Energy = -146.699517209954

Approximate saddle points between minima:
Saddle 1: Position = [0.14347607 0.26911824], Energy = -71.05366026787368
Saddle 2: Position = [-0.81768522  0.61978062], Energy = -40.67906786357564

Computational statistics:
	Total energy calls: 63287
	Energy calls at each min: [1, 10342, 63287]
	Total force calls: 63287
	Force calls at each min: [1, 10342, 63287]
	Total steps: 65971

Verification against reference:
True minima found: 3/3

Verification against reference (saddles):
True saddles found: 1/2
Missed saddles at positions:
[0.21248658 0.29298833]
Starting run 718
Identified minimum at [0.6234994  0.02803776] with energy -108.16672411685238
Identified minimum at [-0.05049917  0.46682345] with energy -80.76778691558879
BFGS Hessian has condition number >1e6 and cannot be reliably trusted; reverting to default behavior. 
Eigenvalues: [8.08408897e-04 2.07288856e+05]
BFGS Hessian has condition number >1e6 and cannot be reliably trusted; reverting to default behavior. 
Eigenvalues: [1.97133342e-02 2.58621497e+06]
Identified minimum at [-0.55822361  1.44172586] with energy -146.69951720995385
Simulation completed.


Energies of found minima:
Minimum 1: Position = [0.6234994  0.02803776], Energy = -108.16672411685238
Minimum 2: Position = [-0.05049917  0.46682345], Energy = -80.76778691558879
Minimum 3: Position = [-0.55822361  1.44172586], Energy = -146.69951720995385

Approximate saddle points between minima:
Saddle 1: Position = [0.2455685  0.28269465], Energy = -72.34993273553494
Saddle 2: Position = [0.49409204 0.4783766 ], Energy = -39.43218123764297

Computational statistics:
	Total energy calls: 22850
	Energy calls at each min: [1, 4479, 22850]
	Total force calls: 22850
	Force calls at each min: [1, 4479, 22850]
	Total steps: 23896

Verification against reference:
True minima found: 3/3

Verification against reference (saddles):
True saddles found: 1/2
Missed saddles at positions:
[-0.82200156  0.6243128 ]
Starting run 686
Identified minimum at [0.6234994  0.02803776] with energy -108.16672411685238
Identified minimum at [-0.05001125  0.4666942 ] with energy -80.76781812963674
BFGS Hessian has condition number >1e6 and cannot be reliably trusted; reverting to default behavior. 
Eigenvalues: [2.07492025e-03 9.49568438e+05]
Identified minimum at [-0.55822365  1.44172582] with energy -146.6995172099539
Simulation completed.


Energies of found minima:
Minimum 1: Position = [0.6234994  0.02803776], Energy = -108.16672411685238
Minimum 2: Position = [-0.05001125  0.4666942 ], Energy = -80.76781812963674
Minimum 3: Position = [-0.55822365  1.44172582], Energy = -146.6995172099539

Approximate saddle points between minima:
Saddle 1: Position = [0.16150674 0.2940372 ], Energy = -72.02637361088904
Saddle 2: Position = [-0.83870367  0.57268304], Energy = -40.08410311228016

Computational statistics:
	Total energy calls: 44649
	Energy calls at each min: [1, 6915, 44649]
	Total force calls: 44649
	Force calls at each min: [1, 6915, 44649]
	Total steps: 46802

Verification against reference:
True minima found: 3/3

Verification against reference (saddles):
True saddles found: 0/2
Missed saddles at positions:
[0.21248658 0.29298833]
[-0.82200156  0.6243128 ]
Starting run 309
Identified minimum at [0.6234994  0.02803776] with energy -108.16672411685238
Identified minimum at [-0.05001108  0.46669415] with energy -80.76781812965126
Identified minimum at [-0.55822362  1.44172586] with energy -146.69951720995388
Simulation completed.


Energies of found minima:
Minimum 1: Position = [0.6234994  0.02803776], Energy = -108.16672411685238
Minimum 2: Position = [-0.05001108  0.46669415], Energy = -80.76781812965126
Minimum 3: Position = [-0.55822362  1.44172586], Energy = -146.69951720995388

Approximate saddle points between minima:
Saddle 1: Position = [0.20205674 0.30138915], Energy = -72.29929908644385
Saddle 2: Position = [-0.79389864  0.64609061], Energy = -40.39029828419031

Computational statistics:
	Total energy calls: 27815
	Energy calls at each min: [1, 4907, 27815]
	Total force calls: 27815
	Force calls at each min: [1, 4907, 27815]
	Total steps: 29194

Verification against reference:
True minima found: 3/3

Verification against reference (saddles):
True saddles found: 2/2
Starting run 263
Identified minimum at [0.6234994  0.02803776] with energy -108.16672411685238
Identified minimum at [-0.05001086  0.46669412] with energy -80.76781812965879
Identified minimum at [-0.55822363  1.44172585] with energy -146.699517209954
Simulation completed.


Energies of found minima:
Minimum 1: Position = [0.6234994  0.02803776], Energy = -108.16672411685238
Minimum 2: Position = [-0.05001086  0.46669412], Energy = -80.76781812965879
Minimum 3: Position = [-0.55822363  1.44172585], Energy = -146.699517209954

Approximate saddle points between minima:
Saddle 1: Position = [0.19827845 0.27139467], Energy = -72.16630901427722
Saddle 2: Position = [-0.82279435  0.61634337], Energy = -40.66142204108701

Computational statistics:
	Total energy calls: 59920
	Energy calls at each min: [1, 10500, 59920]
	Total force calls: 59920
	Force calls at each min: [1, 10500, 59920]
	Total steps: 62670

Verification against reference:
True minima found: 3/3

Verification against reference (saddles):
True saddles found: 2/2
Starting run 166
Identified minimum at [0.6234994  0.02803776] with energy -108.16672411685238
Identified minimum at [-0.0500187   0.46669639] with energy -80.76781812114683
BFGS Hessian has condition number >1e6 and cannot be reliably trusted; reverting to default behavior. 
Eigenvalues: [2.85547721e-05 7.99694608e+05]
BFGS Hessian has condition number >1e6 and cannot be reliably trusted; reverting to default behavior. 
Eigenvalues: [2.41994858e-05 1.30232296e+10]
Identified minimum at [-0.55822365  1.44172582] with energy -146.69951720995385
Simulation completed.


Energies of found minima:
Minimum 1: Position = [0.6234994  0.02803776], Energy = -108.16672411685238
Minimum 2: Position = [-0.0500187   0.46669639], Energy = -80.76781812114683
Minimum 3: Position = [-0.55822365  1.44172582], Energy = -146.69951720995385

Approximate saddle points between minima:
Saddle 1: Position = [0.20321336 0.26849919], Energy = -72.25130380963962
Saddle 2: Position = [-0.81319971  0.60358721], Energy = -40.77613746871258

Computational statistics:
	Total energy calls: 102966
	Energy calls at each min: [1, 14399, 102966]
	Total force calls: 102966
	Force calls at each min: [1, 14399, 102966]
	Total steps: 107207

Verification against reference:
True minima found: 3/3

Verification against reference (saddles):
True saddles found: 2/2
