Starting run 376
Identified minimum at [0.6234994  0.02803776] with energy -108.16672411685238
Identified minimum at [-0.05010553  0.46672784] with energy -80.76781670838169
Identified minimum at [-0.55822363  1.44172585] with energy -146.699517209954
Simulation completed.


Energies of found minima:
Minimum 1: Position = [0.6234994  0.02803776], Energy = -108.16672411685238
Minimum 2: Position = [-0.05010553  0.46672784], Energy = -80.76781670838169
Minimum 3: Position = [-0.55822363  1.44172585], Energy = -146.699517209954

Approximate saddle points between minima:
Saddle 1: Position = [0.12507716 0.12201701], Energy = -69.2411205469817
Saddle 2: Position = [-0.893319    0.57411305], Energy = -39.10203203076706

Computational statistics:
	Total energy calls: 25377
	Energy calls at each min: [1, 6392, 25377]
	Total force calls: 25377
	Force calls at each min: [1, 6392, 25377]
	Total steps: 26556

Verification against reference:
True minima found: 3/3

Verification against reference (saddles):
True saddles found: 0/2
Missed saddles at positions:
[0.21248658 0.29298833]
[-0.82200156  0.6243128 ]
Starting run 114
Identified minimum at [0.6234994  0.02803776] with energy -108.16672411685238
Identified minimum at [-0.05010342  0.46672101] with energy -80.76781695161367
BFGS Hessian has condition number >1e6 and cannot be reliably trusted; reverting to default behavior. 
Eigenvalues: [4.65830370e-03 1.87624108e+05]
BFGS Hessian has condition number >1e6 and cannot be reliably trusted; reverting to default behavior. 
Eigenvalues: [1.13236444e-03 2.14088016e+07]
Identified minimum at [-0.55822363  1.44172585] with energy -146.699517209954
Simulation completed.


Energies of found minima:
Minimum 1: Position = [0.6234994  0.02803776], Energy = -108.16672411685238
Minimum 2: Position = [-0.05010342  0.46672101], Energy = -80.76781695161367
Minimum 3: Position = [-0.55822363  1.44172585], Energy = -146.699517209954

Approximate saddle points between minima:
Saddle 1: Position = [0.21871423 0.29653959], Energy = -72.23576556663775
Saddle 2: Position = [-0.82423142  0.63922781], Energy = -40.694237227395874

Computational statistics:
	Total energy calls: 33622
	Energy calls at each min: [1, 5444, 33622]
	Total force calls: 33622
	Force calls at each min: [1, 5444, 33622]
	Total steps: 35096

Verification against reference:
True minima found: 3/3

Verification against reference (saddles):
True saddles found: 2/2
Starting run 311
Identified minimum at [0.6234994  0.02803776] with energy -108.16672411685238
BFGS Hessian has condition number >1e6 and cannot be reliably trusted; reverting to default behavior. 
Eigenvalues: [1.31763518e-05 1.96016454e+09]
Identified minimum at [-0.05001802  0.46669566] with energy -80.7678181233787
Identified minimum at [-0.55822365  1.44172582] with energy -146.69951720995388
Simulation completed.


Energies of found minima:
Minimum 1: Position = [0.6234994  0.02803776], Energy = -108.16672411685238
Minimum 2: Position = [-0.05001802  0.46669566], Energy = -80.7678181233787
Minimum 3: Position = [-0.55822365  1.44172582], Energy = -146.69951720995388

Approximate saddle points between minima:
Saddle 1: Position = [0.17698285 0.29352654], Energy = -72.13634839044796
Saddle 2: Position = [-0.80647097  0.61678665], Energy = -40.76356392610401

Computational statistics:
	Total energy calls: 19863
	Energy calls at each min: [1, 4677, 19863]
	Total force calls: 19863
	Force calls at each min: [1, 4677, 19863]
	Total steps: 20834

Verification against reference:
True minima found: 3/3

Verification against reference (saddles):
True saddles found: 2/2
Starting run 266
Identified minimum at [0.6234994  0.02803776] with energy -108.16672411685238
Identified minimum at [-0.05003225  0.46669953] with energy -80.7678180707833
BFGS Hessian has condition number >1e6 and cannot be reliably trusted; reverting to default behavior. 
Eigenvalues: [1.06523175e+00 5.97409077e+06]
BFGS Hessian has condition number >1e6 and cannot be reliably trusted; reverting to default behavior. 
Eigenvalues: [1.79543952e-03 5.16515240e+07]
BFGS Hessian has condition number >1e6 and cannot be reliably trusted; reverting to default behavior. 
Eigenvalues: [2.73996948e-03 2.17291676e+05]
Identified minimum at [-0.55822365  1.44172582] with energy -146.69951720995385
Simulation completed.


Energies of found minima:
Minimum 1: Position = [0.6234994  0.02803776], Energy = -108.16672411685238
Minimum 2: Position = [-0.05003225  0.46669953], Energy = -80.7678180707833
Minimum 3: Position = [-0.55822365  1.44172582], Energy = -146.69951720995385

Approximate saddle points between minima:
Saddle 1: Position = [0.21772448 0.30494388], Energy = -72.24168754659934
Saddle 2: Position = [-0.84227502  0.61830936], Energy = -40.63776157598441

Computational statistics:
	Total energy calls: 50231
	Energy calls at each min: [1, 6561, 50231]
	Total force calls: 50231
	Force calls at each min: [1, 6561, 50231]
	Total steps: 52464

Verification against reference:
True minima found: 3/3

Verification against reference (saddles):
True saddles found: 2/2
Starting run 795
Identified minimum at [0.6234994  0.02803776] with energy -108.16672411685238
Identified minimum at [-0.05001211  0.46669442] with energy -80.76781812944915
Identified minimum at [-0.55822365  1.44172583] with energy -146.69951720995397
Simulation completed.


Energies of found minima:
Minimum 1: Position = [0.6234994  0.02803776], Energy = -108.16672411685238
Minimum 2: Position = [-0.05001211  0.46669442], Energy = -80.76781812944915
Minimum 3: Position = [-0.55822365  1.44172583], Energy = -146.69951720995397

Approximate saddle points between minima:
Saddle 1: Position = [0.21375924 0.29299919], Energy = -72.24877140628986
Saddle 2: Position = [-0.80891423  0.63298636], Energy = -40.616168560165065

Computational statistics:
	Total energy calls: 27888
	Energy calls at each min: [1, 4867, 27888]
	Total force calls: 27888
	Force calls at each min: [1, 4867, 27888]
	Total steps: 29268

Verification against reference:
True minima found: 3/3

Verification against reference (saddles):
True saddles found: 2/2
Starting run 801
Identified minimum at [0.6234994  0.02803776] with energy -108.16672411685238
Identified minimum at [-0.05001086  0.46669411] with energy -80.76781812965885
Identified minimum at [-0.55822361  1.44172586] with energy -146.69951720995383
Simulation completed.


Energies of found minima:
Minimum 1: Position = [0.6234994  0.02803776], Energy = -108.16672411685238
Minimum 2: Position = [-0.05001086  0.46669411], Energy = -80.76781812965885
Minimum 3: Position = [-0.55822361  1.44172586], Energy = -146.69951720995383

Approximate saddle points between minima:
Saddle 1: Position = [0.1782488  0.24064703], Energy = -71.79336310058443
Saddle 2: Position = [-0.83267175  0.58359343], Energy = -40.37000728004085

Computational statistics:
	Total energy calls: 27635
	Energy calls at each min: [1, 5965, 27635]
	Total force calls: 27635
	Force calls at each min: [1, 5965, 27635]
	Total steps: 29082

Verification against reference:
True minima found: 3/3

Verification against reference (saddles):
True saddles found: 1/2
Missed saddles at positions:
[0.21248658 0.29298833]
Starting run 562
Identified minimum at [0.6234994  0.02803776] with energy -108.16672411685238
Identified minimum at [-0.05011757  0.46672237] with energy -80.76781663865023
Identified minimum at [-0.55822363  1.44172585] with energy -146.69951720995397
Simulation completed.


Energies of found minima:
Minimum 1: Position = [0.6234994  0.02803776], Energy = -108.16672411685238
Minimum 2: Position = [-0.05011757  0.46672237], Energy = -80.76781663865023
Minimum 3: Position = [-0.55822363  1.44172585], Energy = -146.69951720995397

Approximate saddle points between minima:
Saddle 1: Position = [0.18902818 0.30045504], Energy = -72.298995242
Saddle 2: Position = [-0.83342114  0.55985274], Energy = -40.010046880256226

Computational statistics:
	Total energy calls: 21231
	Energy calls at each min: [1, 3974, 21231]
	Total force calls: 21231
	Force calls at each min: [1, 3974, 21231]
	Total steps: 22288

Verification against reference:
True minima found: 3/3

Verification against reference (saddles):
True saddles found: 1/2
Missed saddles at positions:
[-0.82200156  0.6243128 ]
Starting run 336
Identified minimum at [0.6234994  0.02803776] with energy -108.16672411685238
BFGS Hessian has condition number >1e6 and cannot be reliably trusted; reverting to default behavior. 
Eigenvalues: [4.92496183e-05 5.13177272e+05]
Identified minimum at [-0.05012042  0.46671806] with energy -80.76781666972438
Identified minimum at [-0.55822366  1.44172582] with energy -146.69951720995383
Simulation completed.


Energies of found minima:
Minimum 1: Position = [0.6234994  0.02803776], Energy = -108.16672411685238
Minimum 2: Position = [-0.05012042  0.46671806], Energy = -80.76781666972438
Minimum 3: Position = [-0.55822366  1.44172582], Energy = -146.69951720995383

Approximate saddle points between minima:
Saddle 1: Position = [0.20978467 0.29691444], Energy = -72.25712982563704
Saddle 2: Position = [-0.82531994  0.58691779], Energy = -40.5491944614197

Computational statistics:
	Total energy calls: 78737
	Energy calls at each min: [1, 10524, 78737]
	Total force calls: 78737
	Force calls at each min: [1, 10524, 78737]
	Total steps: 82187

Verification against reference:
True minima found: 3/3

Verification against reference (saddles):
True saddles found: 2/2
Starting run 786
Identified minimum at [0.6234994  0.02803776] with energy -108.16672411685238
BFGS Hessian has condition number >1e6 and cannot be reliably trusted; reverting to default behavior. 
Eigenvalues: [3.85137824e-04 5.34221935e+04]
Identified minimum at [-0.05001201  0.4666944 ] with energy -80.76781812947915
Identified minimum at [-0.55822365  1.44172583] with energy -146.69951720995394
Simulation completed.


Energies of found minima:
Minimum 1: Position = [0.6234994  0.02803776], Energy = -108.16672411685238
Minimum 2: Position = [-0.05001201  0.4666944 ], Energy = -80.76781812947915
Minimum 3: Position = [-0.55822365  1.44172583], Energy = -146.69951720995394

Approximate saddle points between minima:
Saddle 1: Position = [0.2177556  0.29840743], Energy = -72.2368942990528
Saddle 2: Position = [-0.82507393  0.56456616], Energy = -40.35035901589011

Computational statistics:
	Total energy calls: 28936
	Energy calls at each min: [1, 5303, 28936]
	Total force calls: 28936
	Force calls at each min: [1, 5303, 28936]
	Total steps: 30348

Verification against reference:
True minima found: 3/3

Verification against reference (saddles):
True saddles found: 1/2
Missed saddles at positions:
[-0.82200156  0.6243128 ]
