Starting run 676
Identified minimum at [0.6234994  0.02803776] with energy -108.16672411685238
Identified minimum at [-0.05001087  0.46669411] with energy -80.76781812965876
Identified minimum at [-0.55822362  1.44172586] with energy -146.6995172099539
Simulation completed.


Energies of found minima:
Minimum 1: Position = [0.6234994  0.02803776], Energy = -108.16672411685238
Minimum 2: Position = [-0.05001087  0.46669411], Energy = -80.76781812965876
Minimum 3: Position = [-0.55822362  1.44172586], Energy = -146.6995172099539

Approximate saddle points between minima:
Saddle 1: Position = [0.26164584 0.32479313], Energy = -71.35196959847949
Saddle 2: Position = [-0.83657349  0.62684773], Energy = -40.711778286141296

Computational statistics:
	Total energy calls: 52135
	Energy calls at each min: [1, 8148, 52135]
	Total force calls: 52135
	Force calls at each min: [1, 8148, 52135]
	Total steps: 54664

Verification against reference:
True minima found: 3/3

Verification against reference (saddles):
True saddles found: 1/2
Missed saddles at positions:
[0.21248658 0.29298833]
Starting run 198
Identified minimum at [0.6234994  0.02803776] with energy -108.16672411685238
BFGS Hessian has condition number >1e6 and cannot be reliably trusted; reverting to default behavior. 
Eigenvalues: [2.50915089e-03 2.10813957e+06]
Identified minimum at [-0.05001081  0.4666941 ] with energy -80.76781812965899
Identified minimum at [-0.55822362  1.44172586] with energy -146.69951720995388
Simulation completed.


Energies of found minima:
Minimum 1: Position = [0.6234994  0.02803776], Energy = -108.16672411685238
Minimum 2: Position = [-0.05001081  0.4666941 ], Energy = -80.76781812965899
Minimum 3: Position = [-0.55822362  1.44172586], Energy = -146.69951720995388

Approximate saddle points between minima:
Saddle 1: Position = [0.22522099 0.32066652], Energy = -72.19160599556008
Saddle 2: Position = [-0.84238705  0.58154067], Energy = -40.14676388504486

Computational statistics:
	Total energy calls: 57714
	Energy calls at each min: [1, 8311, 57714]
	Total force calls: 57714
	Force calls at each min: [1, 8311, 57714]
	Total steps: 60610

Verification against reference:
True minima found: 3/3

Verification against reference (saddles):
True saddles found: 2/2
Starting run 117
Identified minimum at [0.6234994  0.02803776] with energy -108.16672411685238
Identified minimum at [-0.05001086  0.4666941 ] with energy -80.76781812965883
Identified minimum at [-0.55822364  1.44172583] with energy -146.699517209954
Simulation completed.


Energies of found minima:
Minimum 1: Position = [0.6234994  0.02803776], Energy = -108.16672411685238
Minimum 2: Position = [-0.05001086  0.4666941 ], Energy = -80.76781812965883
Minimum 3: Position = [-0.55822364  1.44172583], Energy = -146.699517209954

Approximate saddle points between minima:
Saddle 1: Position = [0.21989858 0.29519847], Energy = -72.2356149600891
Saddle 2: Position = [-0.8420418   0.60194696], Energy = -40.439548690795505

Computational statistics:
	Total energy calls: 47943
	Energy calls at each min: [1, 8874, 47943]
	Total force calls: 47943
	Force calls at each min: [1, 8874, 47943]
	Total steps: 50346

Verification against reference:
True minima found: 3/3

Verification against reference (saddles):
True saddles found: 2/2
Starting run 112
Identified minimum at [0.6234994  0.02803776] with energy -108.16672411685238
Identified minimum at [-0.05004898  0.46670316] with energy -80.767817947801
BFGS Hessian has condition number >1e6 and cannot be reliably trusted; reverting to default behavior. 
Eigenvalues: [3.37048651e-03 3.99863594e+04]
Identified minimum at [-0.55822364  1.44172584] with energy -146.69951720995402
Simulation completed.


Energies of found minima:
Minimum 1: Position = [0.6234994  0.02803776], Energy = -108.16672411685238
Minimum 2: Position = [-0.05004898  0.46670316], Energy = -80.767817947801
Minimum 3: Position = [-0.55822364  1.44172584], Energy = -146.69951720995402

Approximate saddle points between minima:
Saddle 1: Position = [0.24160108 0.29972631], Energy = -72.06558542965517
Saddle 2: Position = [-0.83307282  0.60896456], Energy = -40.576383748570464

Computational statistics:
	Total energy calls: 44390
	Energy calls at each min: [1, 6976, 44390]
	Total force calls: 44390
	Force calls at each min: [1, 6976, 44390]
	Total steps: 46432

Verification against reference:
True minima found: 3/3

Verification against reference (saddles):
True saddles found: 2/2
Starting run 155
Identified minimum at [0.6234994  0.02803776] with energy -108.16672411685238
Identified minimum at [-0.05001107  0.46669417] with energy -80.76781812965105
Identified minimum at [-0.55822365  1.44172582] with energy -146.69951720995388
Simulation completed.


Energies of found minima:
Minimum 1: Position = [0.6234994  0.02803776], Energy = -108.16672411685238
Minimum 2: Position = [-0.05001107  0.46669417], Energy = -80.76781812965105
Minimum 3: Position = [-0.55822365  1.44172582], Energy = -146.69951720995388

Approximate saddle points between minima:
Saddle 1: Position = [0.22664753 0.29138356], Energy = -72.24175021481446
Saddle 2: Position = [-0.81039856  0.61455848], Energy = -40.74867211492703

Computational statistics:
	Total energy calls: 25574
	Energy calls at each min: [1, 4083, 25574]
	Total force calls: 25574
	Force calls at each min: [1, 4083, 25574]
	Total steps: 26870

Verification against reference:
True minima found: 3/3

Verification against reference (saddles):
True saddles found: 2/2
Starting run 170
Identified minimum at [0.6234994  0.02803776] with energy -108.16672411685238
Identified minimum at [-0.05080285  0.4668981 ] with energy -80.76773706738561
Identified minimum at [-0.55822365  1.44172583] with energy -146.69951720995394
Simulation completed.


Energies of found minima:
Minimum 1: Position = [0.6234994  0.02803776], Energy = -108.16672411685238
Minimum 2: Position = [-0.05080285  0.4668981 ], Energy = -80.76773706738561
Minimum 3: Position = [-0.55822365  1.44172583], Energy = -146.69951720995394

Approximate saddle points between minima:
Saddle 1: Position = [0.37499119 0.26895007], Energy = -71.78196057199224
Saddle 2: Position = [-0.82649038  0.6056727 ], Energy = -40.61448556570245

Computational statistics:
	Total energy calls: 88188
	Energy calls at each min: [1, 15149, 88188]
	Total force calls: 88188
	Force calls at each min: [1, 15149, 88188]
	Total steps: 91719

Verification against reference:
True minima found: 3/3

Verification against reference (saddles):
True saddles found: 1/2
Missed saddles at positions:
[0.21248658 0.29298833]
Starting run 763
Identified minimum at [0.6234994  0.02803776] with energy -108.16672411685238
Identified minimum at [-0.55822364  1.44172584] with energy -146.699517209954
BFGS Hessian has condition number >1e6 and cannot be reliably trusted; reverting to default behavior. 
Eigenvalues: [4.71633856e-03 4.47311854e+05]
BFGS Hessian has condition number >1e6 and cannot be reliably trusted; reverting to default behavior. 
Eigenvalues: [1.05599356e-02 5.94813498e+06]
BFGS Hessian has condition number >1e6 and cannot be reliably trusted; reverting to default behavior. 
Eigenvalues: [6.30764468e-03 2.19156360e+06]
BFGS Hessian has condition number >1e6 and cannot be reliably trusted; reverting to default behavior. 
Eigenvalues: [2.28189483e-03 3.45954727e+03]
BFGS Hessian has condition number >1e6 and cannot be reliably trusted; reverting to default behavior. 
Eigenvalues: [2.59939718e-03 6.15701378e+03]
Simulation completed.


Energies of found minima:
Minimum 1: Position = [0.6234994  0.02803776], Energy = -108.16672411685238
Minimum 2: Position = [-0.55822364  1.44172584], Energy = -146.699517209954

Approximate saddle points between minima:
Saddle 1: Position = [-0.82836643  0.60916445], Energy = -40.61097110809781

Computational statistics:
	Total energy calls: 656898
	Energy calls at each min: [1, 30397]
	Total force calls: 656898
	Force calls at each min: [1, 30397]
	Total steps: 686011

Verification against reference:
True minima found: 2/3
Missed minima at positions:
[-0.05001082  0.4666941 ]

Verification against reference (saddles):
True saddles found: 1/2
Missed saddles at positions:
[0.21248658 0.29298833]
Starting run 234
Identified minimum at [0.6234994  0.02803776] with energy -108.16672411685238
Identified minimum at [-0.05001083  0.4666941 ] with energy -80.76781812965899
Identified minimum at [-0.55822364  1.44172583] with energy -146.699517209954
Simulation completed.


Energies of found minima:
Minimum 1: Position = [0.6234994  0.02803776], Energy = -108.16672411685238
Minimum 2: Position = [-0.05001083  0.4666941 ], Energy = -80.76781812965899
Minimum 3: Position = [-0.55822364  1.44172583], Energy = -146.699517209954

Approximate saddle points between minima:
Saddle 1: Position = [0.20092944 0.2853882 ], Energy = -72.2008282765965
Saddle 2: Position = [-0.81405403  0.64785698], Energy = -40.57938718460358

Computational statistics:
	Total energy calls: 35972
	Energy calls at each min: [1, 6243, 35972]
	Total force calls: 35972
	Force calls at each min: [1, 6243, 35972]
	Total steps: 37865

Verification against reference:
True minima found: 3/3

Verification against reference (saddles):
True saddles found: 2/2
Starting run 283
Identified minimum at [0.6234994  0.02803776] with energy -108.16672411685238
Identified minimum at [-0.05003694  0.46670006] with energy -80.76781804565053
Identified minimum at [-0.55822366  1.44172582] with energy -146.69951720995385
Simulation completed.


Energies of found minima:
Minimum 1: Position = [0.6234994  0.02803776], Energy = -108.16672411685238
Minimum 2: Position = [-0.05003694  0.46670006], Energy = -80.76781804565053
Minimum 3: Position = [-0.55822366  1.44172582], Energy = -146.69951720995385

Approximate saddle points between minima:
Saddle 1: Position = [0.21633239 0.2896418 ], Energy = -72.25684616012447
Saddle 2: Position = [-0.8457491  0.622027 ], Energy = -40.69530917683247

Computational statistics:
	Total energy calls: 24966
	Energy calls at each min: [1, 5992, 24966]
	Total force calls: 24966
	Force calls at each min: [1, 5992, 24966]
	Total steps: 26152

Verification against reference:
True minima found: 3/3

Verification against reference (saddles):
True saddles found: 2/2
