Starting run 156
Identified minimum at [0.6234994  0.02803776] with energy -108.16672411685238
Identified minimum at [-0.05004329  0.46670009] with energy -80.7678180066684
BFGS Hessian has condition number >1e6 and cannot be reliably trusted; reverting to default behavior. 
Eigenvalues: [5.67696989e-05 5.28061796e+07]
Identified minimum at [-0.55822364  1.44172583] with energy -146.699517209954
Simulation completed.


Energies of found minima:
Minimum 1: Position = [0.6234994  0.02803776], Energy = -108.16672411685238
Minimum 2: Position = [-0.05004329  0.46670009], Energy = -80.7678180066684
Minimum 3: Position = [-0.55822364  1.44172583], Energy = -146.699517209954

Approximate saddle points between minima:
Saddle 1: Position = [0.15158397 0.24991351], Energy = -70.91546797529986
Saddle 2: Position = [-0.82283697  0.57787412], Energy = -40.54761491280038

Computational statistics:
	Total energy calls: 22313
	Energy calls at each min: [1, 4294, 22313]
	Total force calls: 22313
	Force calls at each min: [1, 4294, 22313]
	Total steps: 23381

Verification against reference:
True minima found: 3/3

Verification against reference (saddles):
True saddles found: 1/2
Missed saddles at positions:
[0.21248658 0.29298833]
Starting run 290
Identified minimum at [0.6234994  0.02803776] with energy -108.16672411685238
Identified minimum at [-0.05001097  0.46669415] with energy -80.76781812965564
Identified minimum at [-0.55822362  1.44172585] with energy -146.69951720995397
Simulation completed.


Energies of found minima:
Minimum 1: Position = [0.6234994  0.02803776], Energy = -108.16672411685238
Minimum 2: Position = [-0.05001097  0.46669415], Energy = -80.76781812965564
Minimum 3: Position = [-0.55822362  1.44172585], Energy = -146.69951720995397

Approximate saddle points between minima:
Saddle 1: Position = [0.22169558 0.2906275 ], Energy = -72.25346890258112
Saddle 2: Position = [-0.87588281  0.59264236], Energy = -39.97250159549683

Computational statistics:
	Total energy calls: 38273
	Energy calls at each min: [1, 5637, 38273]
	Total force calls: 38273
	Force calls at each min: [1, 5637, 38273]
	Total steps: 40152

Verification against reference:
True minima found: 3/3

Verification against reference (saddles):
True saddles found: 1/2
Missed saddles at positions:
[-0.82200156  0.6243128 ]
Starting run 591
Identified minimum at [0.6234994  0.02803776] with energy -108.16672411685238
Identified minimum at [-0.05030065  0.46677875] with energy -80.76780655301233
Identified minimum at [-0.55822365  1.44172583] with energy -146.69951720995397
Simulation completed.


Energies of found minima:
Minimum 1: Position = [0.6234994  0.02803776], Energy = -108.16672411685238
Minimum 2: Position = [-0.05030065  0.46677875], Energy = -80.76780655301233
Minimum 3: Position = [-0.55822365  1.44172583], Energy = -146.69951720995397

Approximate saddle points between minima:
Saddle 1: Position = [0.22555578 0.30178834], Energy = -72.18571319254106
Saddle 2: Position = [-0.81960478  0.61115899], Energy = -40.68405282309561

Computational statistics:
	Total energy calls: 44186
	Energy calls at each min: [1, 8313, 44186]
	Total force calls: 44186
	Force calls at each min: [1, 8313, 44186]
	Total steps: 46096

Verification against reference:
True minima found: 3/3

Verification against reference (saddles):
True saddles found: 2/2
Starting run 485
Identified minimum at [0.6234994  0.02803776] with energy -108.16672411685238
Identified minimum at [-0.05075407  0.46689106] with energy -80.76774580023772
Identified minimum at [-0.55822365  1.44172583] with energy -146.69951720995397
Simulation completed.


Energies of found minima:
Minimum 1: Position = [0.6234994  0.02803776], Energy = -108.16672411685238
Minimum 2: Position = [-0.05075407  0.46689106], Energy = -80.76774580023772
Minimum 3: Position = [-0.55822365  1.44172583], Energy = -146.69951720995397

Approximate saddle points between minima:
Saddle 1: Position = [0.23459739 0.30016035], Energy = -72.12421262060174
Saddle 2: Position = [-0.83186584  0.61830962], Energy = -40.640291538636575

Computational statistics:
	Total energy calls: 16028
	Energy calls at each min: [1, 3255, 16028]
	Total force calls: 16028
	Force calls at each min: [1, 3255, 16028]
	Total steps: 16807

Verification against reference:
True minima found: 3/3

Verification against reference (saddles):
True saddles found: 2/2
Starting run 47
Identified minimum at [0.6234994  0.02803776] with energy -108.16672411685238
Identified minimum at [-0.05002351  0.46669714] with energy -80.76781810948374
Identified minimum at [-0.55822363  1.44172585] with energy -146.699517209954
Simulation completed.


Energies of found minima:
Minimum 1: Position = [0.6234994  0.02803776], Energy = -108.16672411685238
Minimum 2: Position = [-0.05002351  0.46669714], Energy = -80.76781810948374
Minimum 3: Position = [-0.55822363  1.44172585], Energy = -146.699517209954

Approximate saddle points between minima:
Saddle 1: Position = [0.21504854 0.28230368], Energy = -72.28817544740454
Saddle 2: Position = [-0.83726418  0.62012665], Energy = -40.65257475175591

Computational statistics:
	Total energy calls: 33932
	Energy calls at each min: [1, 7605, 33932]
	Total force calls: 33932
	Force calls at each min: [1, 7605, 33932]
	Total steps: 35549

Verification against reference:
True minima found: 3/3

Verification against reference (saddles):
True saddles found: 2/2
Starting run 671
Identified minimum at [0.6234994  0.02803776] with energy -108.16672411685238
Identified minimum at [-0.0500193   0.46669696] with energy -80.76781811875844
Identified minimum at [-0.55822362  1.44172585] with energy -146.69951720995397
Simulation completed.


Energies of found minima:
Minimum 1: Position = [0.6234994  0.02803776], Energy = -108.16672411685238
Minimum 2: Position = [-0.0500193   0.46669696], Energy = -80.76781811875844
Minimum 3: Position = [-0.55822362  1.44172585], Energy = -146.69951720995397

Approximate saddle points between minima:
Saddle 1: Position = [0.22298792 0.28140122], Energy = -72.33408374079556
Saddle 2: Position = [-0.84007353  0.56020616], Energy = -39.80898204630408

Computational statistics:
	Total energy calls: 58781
	Energy calls at each min: [1, 7706, 58781]
	Total force calls: 58781
	Force calls at each min: [1, 7706, 58781]
	Total steps: 61389

Verification against reference:
True minima found: 3/3

Verification against reference (saddles):
True saddles found: 1/2
Missed saddles at positions:
[-0.82200156  0.6243128 ]
Starting run 777
Identified minimum at [0.6234994  0.02803776] with energy -108.16672411685238
Identified minimum at [-0.05004662  0.46670343] with energy -80.76781796329723
BFGS Hessian has condition number >1e6 and cannot be reliably trusted; reverting to default behavior. 
Eigenvalues: [3.98442849e-03 2.28575646e+04]
Identified minimum at [-0.55822364  1.44172584] with energy -146.69951720995402
Simulation completed.


Energies of found minima:
Minimum 1: Position = [0.6234994  0.02803776], Energy = -108.16672411685238
Minimum 2: Position = [-0.05004662  0.46670343], Energy = -80.76781796329723
Minimum 3: Position = [-0.55822364  1.44172584], Energy = -146.69951720995402

Approximate saddle points between minima:
Saddle 1: Position = [0.20532114 0.2899801 ], Energy = -72.23416748219984
Saddle 2: Position = [-0.83685355  0.61689675], Energy = -40.623564687459336

Computational statistics:
	Total energy calls: 29781
	Energy calls at each min: [1, 5632, 29781]
	Total force calls: 29781
	Force calls at each min: [1, 5632, 29781]
	Total steps: 31228

Verification against reference:
True minima found: 3/3

Verification against reference (saddles):
True saddles found: 2/2
Starting run 358
Identified minimum at [0.6234994  0.02803776] with energy -108.16672411685238
Identified minimum at [-0.05011389  0.46672896] with energy -80.7678165146542
Identified minimum at [-0.55822363  1.44172585] with energy -146.699517209954
Simulation completed.


Energies of found minima:
Minimum 1: Position = [0.6234994  0.02803776], Energy = -108.16672411685238
Minimum 2: Position = [-0.05011389  0.46672896], Energy = -80.7678165146542
Minimum 3: Position = [-0.55822363  1.44172585], Energy = -146.699517209954

Approximate saddle points between minima:
Saddle 1: Position = [0.21822812 0.29294672], Energy = -72.24577882286165
Saddle 2: Position = [-0.79583168  0.48872443], Energy = -39.67877973085392

Computational statistics:
	Total energy calls: 36267
	Energy calls at each min: [1, 5290, 36267]
	Total force calls: 36267
	Force calls at each min: [1, 5290, 36267]
	Total steps: 37882

Verification against reference:
True minima found: 3/3

Verification against reference (saddles):
True saddles found: 1/2
Missed saddles at positions:
[-0.82200156  0.6243128 ]
Starting run 164
Identified minimum at [0.6234994  0.02803776] with energy -108.16672411685238
Identified minimum at [-0.0500109   0.46669413] with energy -80.76781812965818
Identified minimum at [-0.55822364  1.44172583] with energy -146.69951720995397
Simulation completed.


Energies of found minima:
Minimum 1: Position = [0.6234994  0.02803776], Energy = -108.16672411685238
Minimum 2: Position = [-0.0500109   0.46669413], Energy = -80.76781812965818
Minimum 3: Position = [-0.55822364  1.44172583], Energy = -146.69951720995397

Approximate saddle points between minima:
Saddle 1: Position = [0.21655871 0.29183617], Energy = -72.25010975426815
Saddle 2: Position = [-0.81814714  0.56633583], Energy = -40.59127045384202

Computational statistics:
	Total energy calls: 118570
	Energy calls at each min: [1, 20113, 118570]
	Total force calls: 118570
	Force calls at each min: [1, 20113, 118570]
	Total steps: 123645

Verification against reference:
True minima found: 3/3

Verification against reference (saddles):
True saddles found: 1/2
Missed saddles at positions:
[-0.82200156  0.6243128 ]
