Starting run 794
Identified minimum at [0.6234994  0.02803776] with energy -108.16672411685238
Identified minimum at [-0.05001334  0.46669476] with energy -80.76781812883772
Identified minimum at [-0.55822364  1.44172584] with energy -146.69951720995397
Simulation completed.


Energies of found minima:
Minimum 1: Position = [0.6234994  0.02803776], Energy = -108.16672411685238
Minimum 2: Position = [-0.05001334  0.46669476], Energy = -80.76781812883772
Minimum 3: Position = [-0.55822364  1.44172584], Energy = -146.69951720995397

Approximate saddle points between minima:
Saddle 1: Position = [0.20790623 0.29512912], Energy = -72.25308990330021
Saddle 2: Position = [-0.85652242  0.59278302], Energy = -40.1432564989815

Computational statistics:
	Total energy calls: 25672
	Energy calls at each min: [1, 4584, 25672]
	Total force calls: 25672
	Force calls at each min: [1, 4584, 25672]
	Total steps: 26965

Verification against reference:
True minima found: 3/3

Verification against reference (saddles):
True saddles found: 2/2
Starting run 679
Identified minimum at [0.6234994  0.02803776] with energy -108.16672411685238
BFGS Hessian has condition number >1e6 and cannot be reliably trusted; reverting to default behavior. 
Eigenvalues: [9.13847951e-04 3.88833939e+05]
BFGS Hessian has condition number >1e6 and cannot be reliably trusted; reverting to default behavior. 
Eigenvalues: [1.50607154e-03 2.58198749e+08]
Identified minimum at [-0.05002123  0.46669698] with energy -80.76781811517269
BFGS Hessian has condition number >1e6 and cannot be reliably trusted; reverting to default behavior. 
Eigenvalues: [2.63157526e-03 2.36198868e+06]
Identified minimum at [-0.55822365  1.44172583] with energy -146.6995172099539
Simulation completed.


Energies of found minima:
Minimum 1: Position = [0.6234994  0.02803776], Energy = -108.16672411685238
Minimum 2: Position = [-0.05002123  0.46669698], Energy = -80.76781811517269
Minimum 3: Position = [-0.55822365  1.44172583], Energy = -146.6995172099539

Approximate saddle points between minima:
Saddle 1: Position = [0.20743785 0.29502608], Energy = -72.25281125200158
Saddle 2: Position = [-0.81331343  0.59607196], Energy = -40.798688477019795

Computational statistics:
	Total energy calls: 40577
	Energy calls at each min: [1, 7912, 40577]
	Total force calls: 40577
	Force calls at each min: [1, 7912, 40577]
	Total steps: 42407

Verification against reference:
True minima found: 3/3

Verification against reference (saddles):
True saddles found: 2/2
Starting run 162
Identified minimum at [0.6234994  0.02803776] with energy -108.16672411685238
BFGS Hessian has condition number >1e6 and cannot be reliably trusted; reverting to default behavior. 
Eigenvalues: [5.78307285e-04 1.54555383e+07]
Identified minimum at [-0.05001087  0.46669411] with energy -80.76781812965878
BFGS Hessian has condition number >1e6 and cannot be reliably trusted; reverting to default behavior. 
Eigenvalues: [2.25047022e-03 3.05338513e+08]
Identified minimum at [-0.55822365  1.44172583] with energy -146.69951720995394
Simulation completed.


Energies of found minima:
Minimum 1: Position = [0.6234994  0.02803776], Energy = -108.16672411685238
Minimum 2: Position = [-0.05001087  0.46669411], Energy = -80.76781812965878
Minimum 3: Position = [-0.55822365  1.44172583], Energy = -146.69951720995394

Approximate saddle points between minima:
Saddle 1: Position = [0.24265017 0.31636581], Energy = -71.88480287125228
Saddle 2: Position = [-0.81736806  0.61489911], Energy = -40.69385532438403

Computational statistics:
	Total energy calls: 170858
	Energy calls at each min: [1, 29458, 170858]
	Total force calls: 170858
	Force calls at each min: [1, 29458, 170858]
	Total steps: 178701

Verification against reference:
True minima found: 3/3

Verification against reference (saddles):
True saddles found: 2/2
Starting run 314
Identified minimum at [0.6234994  0.02803776] with energy -108.16672411685238
Identified minimum at [-0.0508329  0.4668875] with energy -80.76773394562187
Identified minimum at [-0.55822364  1.44172584] with energy -146.699517209954
Simulation completed.


Energies of found minima:
Minimum 1: Position = [0.6234994  0.02803776], Energy = -108.16672411685238
Minimum 2: Position = [-0.0508329  0.4668875], Energy = -80.76773394562187
Minimum 3: Position = [-0.55822364  1.44172584], Energy = -146.699517209954

Approximate saddle points between minima:
Saddle 1: Position = [0.19943699 0.2849198 ], Energy = -72.18942516522003
Saddle 2: Position = [-0.86310216  0.61878523], Energy = -40.71475310185342

Computational statistics:
	Total energy calls: 22438
	Energy calls at each min: [1, 3604, 22438]
	Total force calls: 22438
	Force calls at each min: [1, 3604, 22438]
	Total steps: 23498

Verification against reference:
True minima found: 3/3

Verification against reference (saddles):
True saddles found: 2/2
Starting run 220
Identified minimum at [0.6234994  0.02803776] with energy -108.16672411685238
Identified minimum at [-0.05006879  0.46670995] with energy -80.76781768309628
BFGS Hessian has condition number >1e6 and cannot be reliably trusted; reverting to default behavior. 
Eigenvalues: [3.60220193e-03 1.44143094e+06]
Identified minimum at [-0.55822365  1.44172582] with energy -146.6995172099539
Simulation completed.


Energies of found minima:
Minimum 1: Position = [0.6234994  0.02803776], Energy = -108.16672411685238
Minimum 2: Position = [-0.05006879  0.46670995], Energy = -80.76781768309628
Minimum 3: Position = [-0.55822365  1.44172582], Energy = -146.6995172099539

Approximate saddle points between minima:
Saddle 1: Position = [0.24745693 0.28204141], Energy = -72.36360695895377
Saddle 2: Position = [-0.8466144   0.57008953], Energy = -39.83973987781061

Computational statistics:
	Total energy calls: 33860
	Energy calls at each min: [1, 5189, 33860]
	Total force calls: 33860
	Force calls at each min: [1, 5189, 33860]
	Total steps: 35515

Verification against reference:
True minima found: 3/3

Verification against reference (saddles):
True saddles found: 1/2
Missed saddles at positions:
[-0.82200156  0.6243128 ]
Starting run 648
Identified minimum at [0.6234994  0.02803776] with energy -108.16672411685238
Identified minimum at [-0.05001081  0.46669411] with energy -80.767818129659
BFGS Hessian has condition number >1e6 and cannot be reliably trusted; reverting to default behavior. 
Eigenvalues: [1.24344230e-03 1.37170836e+09]
Identified minimum at [-0.55822365  1.44172583] with energy -146.69951720995388
Simulation completed.


Energies of found minima:
Minimum 1: Position = [0.6234994  0.02803776], Energy = -108.16672411685238
Minimum 2: Position = [-0.05001081  0.46669411], Energy = -80.767818129659
Minimum 3: Position = [-0.55822365  1.44172583], Energy = -146.69951720995388

Approximate saddle points between minima:
Saddle 1: Position = [0.21363703 0.30229351], Energy = -72.26081465056902
Saddle 2: Position = [-0.80138673  0.61429743], Energy = -40.83816099148709

Computational statistics:
	Total energy calls: 177158
	Energy calls at each min: [1, 27731, 177158]
	Total force calls: 177158
	Force calls at each min: [1, 27731, 177158]
	Total steps: 185220

Verification against reference:
True minima found: 3/3

Verification against reference (saddles):
True saddles found: 2/2
Starting run 339
Identified minimum at [0.6234994  0.02803776] with energy -108.16672411685238
Identified minimum at [-0.05023005  0.46676185] with energy -80.76781127198574
Identified minimum at [-0.55822362  1.44172586] with energy -146.69951720995397
Simulation completed.


Energies of found minima:
Minimum 1: Position = [0.6234994  0.02803776], Energy = -108.16672411685238
Minimum 2: Position = [-0.05023005  0.46676185], Energy = -80.76781127198574
Minimum 3: Position = [-0.55822362  1.44172586], Energy = -146.69951720995397

Approximate saddle points between minima:
Saddle 1: Position = [0.26391685 0.30516948], Energy = -71.66403717945758
Saddle 2: Position = [-0.83650892  0.61335636], Energy = -40.59332170006058

Computational statistics:
	Total energy calls: 62639
	Energy calls at each min: [1, 11076, 62639]
	Total force calls: 62639
	Force calls at each min: [1, 11076, 62639]
	Total steps: 65221

Verification against reference:
True minima found: 3/3

Verification against reference (saddles):
True saddles found: 1/2
Missed saddles at positions:
[0.21248658 0.29298833]
Starting run 578
Identified minimum at [0.6234994  0.02803776] with energy -108.16672411685238
Identified minimum at [-0.05001102  0.46669417] with energy -80.7678181296535
BFGS Hessian has condition number >1e6 and cannot be reliably trusted; reverting to default behavior. 
Eigenvalues: [3.48369172e-03 1.25641841e+07]
Identified minimum at [-0.55822365  1.44172582] with energy -146.69951720995388
Simulation completed.


Energies of found minima:
Minimum 1: Position = [0.6234994  0.02803776], Energy = -108.16672411685238
Minimum 2: Position = [-0.05001102  0.46669417], Energy = -80.7678181296535
Minimum 3: Position = [-0.55822365  1.44172582], Energy = -146.69951720995388

Approximate saddle points between minima:
Saddle 1: Position = [0.21544879 0.29443465], Energy = -72.24619285640945
Saddle 2: Position = [-0.79965033  0.61822958], Energy = -40.80520044187965

Computational statistics:
	Total energy calls: 75924
	Energy calls at each min: [1, 12271, 75924]
	Total force calls: 75924
	Force calls at each min: [1, 12271, 75924]
	Total steps: 79329

Verification against reference:
True minima found: 3/3

Verification against reference (saddles):
True saddles found: 2/2
Starting run 180
Identified minimum at [0.6234994  0.02803776] with energy -108.16672411685238
Identified minimum at [-0.05001087  0.46669411] with energy -80.76781812965876
Identified minimum at [-0.55822363  1.44172585] with energy -146.699517209954
Simulation completed.


Energies of found minima:
Minimum 1: Position = [0.6234994  0.02803776], Energy = -108.16672411685238
Minimum 2: Position = [-0.05001087  0.46669411], Energy = -80.76781812965876
Minimum 3: Position = [-0.55822363  1.44172585], Energy = -146.699517209954

Approximate saddle points between minima:
Saddle 1: Position = [0.22821737 0.30661122], Energy = -72.14637821622256
Saddle 2: Position = [-0.83977071  0.59328397], Energy = -40.357617939928936

Computational statistics:
	Total energy calls: 79846
	Energy calls at each min: [1, 12982, 79846]
	Total force calls: 79846
	Force calls at each min: [1, 12982, 79846]
	Total steps: 83697

Verification against reference:
True minima found: 3/3

Verification against reference (saddles):
True saddles found: 2/2
