Starting run 766
Identified minimum at [0.6234994  0.02803776] with energy -108.16672411685238
Identified minimum at [-0.05001172  0.46669429] with energy -80.76781812956257
Identified minimum at [-0.55822364  1.44172584] with energy -146.699517209954
Simulation completed.


Energies of found minima:
Minimum 1: Position = [0.6234994  0.02803776], Energy = -108.16672411685238
Minimum 2: Position = [-0.05001172  0.46669429], Energy = -80.76781812956257
Minimum 3: Position = [-0.55822364  1.44172584], Energy = -146.699517209954

Approximate saddle points between minima:
Saddle 1: Position = [0.22209812 0.30443688], Energy = -72.20729167503339
Saddle 2: Position = [-0.87827077  0.60070032], Energy = -40.224319631449816

Computational statistics:
	Total energy calls: 45115
	Energy calls at each min: [1, 6409, 45115]
	Total force calls: 45115
	Force calls at each min: [1, 6409, 45115]
	Total steps: 47347

Verification against reference:
True minima found: 3/3

Verification against reference (saddles):
True saddles found: 1/2
Missed saddles at positions:
[-0.82200156  0.6243128 ]
Starting run 798
Identified minimum at [0.6234994  0.02803776] with energy -108.16672411685238
Identified minimum at [-0.05004331  0.46670079] with energy -80.76781800352296
BFGS Hessian has condition number >1e6 and cannot be reliably trusted; reverting to default behavior. 
Eigenvalues: [7.66292214e-06 9.24336540e+07]
Identified minimum at [-0.55822365  1.44172583] with energy -146.6995172099539
Simulation completed.


Energies of found minima:
Minimum 1: Position = [0.6234994  0.02803776], Energy = -108.16672411685238
Minimum 2: Position = [-0.05004331  0.46670079], Energy = -80.76781800352296
Minimum 3: Position = [-0.55822365  1.44172583], Energy = -146.6995172099539

Approximate saddle points between minima:
Saddle 1: Position = [0.18679715 0.25540755], Energy = -71.98163720562518
Saddle 2: Position = [-0.79406964  0.64985188], Energy = -40.333645719613315

Computational statistics:
	Total energy calls: 19547
	Energy calls at each min: [1, 3999, 19547]
	Total force calls: 19547
	Force calls at each min: [1, 3999, 19547]
	Total steps: 20493

Verification against reference:
True minima found: 3/3

Verification against reference (saddles):
True saddles found: 2/2
Starting run 711
Identified minimum at [0.6234994  0.02803776] with energy -108.16672411685238
Identified minimum at [-0.0500108  0.4666941] with energy -80.76781812965896
Identified minimum at [-0.55822365  1.44172583] with energy -146.6995172099539
Simulation completed.


Energies of found minima:
Minimum 1: Position = [0.6234994  0.02803776], Energy = -108.16672411685238
Minimum 2: Position = [-0.0500108  0.4666941], Energy = -80.76781812965896
Minimum 3: Position = [-0.55822365  1.44172583], Energy = -146.6995172099539

Approximate saddle points between minima:
Saddle 1: Position = [0.14210282 0.12472734], Energy = -70.89121815812248
Saddle 2: Position = [-0.85274732  0.58431778], Energy = -40.01389514488754

Computational statistics:
	Total energy calls: 40229
	Energy calls at each min: [1, 7148, 40229]
	Total force calls: 40229
	Force calls at each min: [1, 7148, 40229]
	Total steps: 42313

Verification against reference:
True minima found: 3/3

Verification against reference (saddles):
True saddles found: 0/2
Missed saddles at positions:
[0.21248658 0.29298833]
[-0.82200156  0.6243128 ]
Starting run 59
Identified minimum at [0.6234994  0.02803776] with energy -108.16672411685238
Identified minimum at [-0.05002399  0.46669828] with energy -80.76781810447763
Identified minimum at [-0.55822364  1.44172584] with energy -146.699517209954
Simulation completed.


Energies of found minima:
Minimum 1: Position = [0.6234994  0.02803776], Energy = -108.16672411685238
Minimum 2: Position = [-0.05002399  0.46669828], Energy = -80.76781810447763
Minimum 3: Position = [-0.55822364  1.44172584], Energy = -146.699517209954

Approximate saddle points between minima:
Saddle 1: Position = [0.20549202 0.30238869], Energy = -72.29719626337975
Saddle 2: Position = [-0.82396318  0.6140081 ], Energy = -40.6533372405048

Computational statistics:
	Total energy calls: 26924
	Energy calls at each min: [1, 4494, 26924]
	Total force calls: 26924
	Force calls at each min: [1, 4494, 26924]
	Total steps: 28228

Verification against reference:
True minima found: 3/3

Verification against reference (saddles):
True saddles found: 2/2
Starting run 77
Identified minimum at [0.6234994  0.02803776] with energy -108.16672411685238
Identified minimum at [-0.05006873  0.46670933] with energy -80.76781769232801
Identified minimum at [-0.55822365  1.44172582] with energy -146.69951720995388
Simulation completed.


Energies of found minima:
Minimum 1: Position = [0.6234994  0.02803776], Energy = -108.16672411685238
Minimum 2: Position = [-0.05006873  0.46670933], Energy = -80.76781769232801
Minimum 3: Position = [-0.55822365  1.44172582], Energy = -146.69951720995388

Approximate saddle points between minima:
Saddle 1: Position = [0.18842905 0.27832995], Energy = -72.04947993974577
Saddle 2: Position = [-0.8762878  0.5727551], Energy = -39.301654321899875

Computational statistics:
	Total energy calls: 22334
	Energy calls at each min: [1, 4708, 22334]
	Total force calls: 22334
	Force calls at each min: [1, 4708, 22334]
	Total steps: 23429

Verification against reference:
True minima found: 3/3

Verification against reference (saddles):
True saddles found: 1/2
Missed saddles at positions:
[-0.82200156  0.6243128 ]
Starting run 585
Identified minimum at [0.6234994  0.02803776] with energy -108.16672411685238
Identified minimum at [-0.0500108  0.4666941] with energy -80.76781812965896
Identified minimum at [-0.55822365  1.44172583] with energy -146.69951720995397
Simulation completed.


Energies of found minima:
Minimum 1: Position = [0.6234994  0.02803776], Energy = -108.16672411685238
Minimum 2: Position = [-0.0500108  0.4666941], Energy = -80.76781812965896
Minimum 3: Position = [-0.55822365  1.44172583], Energy = -146.69951720995397

Approximate saddle points between minima:
Saddle 1: Position = [0.181304  0.2285959], Energy = -72.0220066374981
Saddle 2: Position = [-0.82584177  0.63561869], Energy = -40.6975730025912

Computational statistics:
	Total energy calls: 92311
	Energy calls at each min: [1, 15141, 92311]
	Total force calls: 92311
	Force calls at each min: [1, 15141, 92311]
	Total steps: 96833

Verification against reference:
True minima found: 3/3

Verification against reference (saddles):
True saddles found: 1/2
Missed saddles at positions:
[0.21248658 0.29298833]
Starting run 502
Identified minimum at [0.6234994  0.02803776] with energy -108.16672411685238
Identified minimum at [-0.05039924  0.46680469] with energy -80.76779763505223
BFGS Hessian has condition number >1e6 and cannot be reliably trusted; reverting to default behavior. 
Eigenvalues: [3.52027826e-03 2.64355081e+08]
BFGS Hessian has condition number >1e6 and cannot be reliably trusted; reverting to default behavior. 
Eigenvalues: [3.35345572e-03 6.17871006e+06]
Identified minimum at [-0.55822362  1.44172586] with energy -146.69951720995397
Simulation completed.


Energies of found minima:
Minimum 1: Position = [0.6234994  0.02803776], Energy = -108.16672411685238
Minimum 2: Position = [-0.05039924  0.46680469], Energy = -80.76779763505223
Minimum 3: Position = [-0.55822362  1.44172586], Energy = -146.69951720995397

Approximate saddle points between minima:
Saddle 1: Position = [0.21672811 0.3082557 ], Energy = -72.25928054032649
Saddle 2: Position = [-0.86159826  0.60385237], Energy = -40.35621587466186

Computational statistics:
	Total energy calls: 56667
	Energy calls at each min: [1, 10178, 56667]
	Total force calls: 56667
	Force calls at each min: [1, 10178, 56667]
	Total steps: 59010

Verification against reference:
True minima found: 3/3

Verification against reference (saddles):
True saddles found: 2/2
Starting run 243
Identified minimum at [0.6234994  0.02803776] with energy -108.16672411685238
BFGS Hessian has condition number >1e6 and cannot be reliably trusted; reverting to default behavior. 
Eigenvalues: [7.62939453e-06 4.55957873e+11]
Identified minimum at [-0.05001079  0.4666941 ] with energy -80.76781812965893
BFGS Hessian has condition number >1e6 and cannot be reliably trusted; reverting to default behavior. 
Eigenvalues: [1.2665987e-07 1.4165040e+09]
BFGS Hessian has condition number >1e6 and cannot be reliably trusted; reverting to default behavior. 
Eigenvalues: [1.46536482e-03 1.56742080e+07]
BFGS Hessian has condition number >1e6 and cannot be reliably trusted; reverting to default behavior. 
Eigenvalues: [1.53416424e-03 9.24516756e+06]
BFGS Hessian has condition number >1e6 and cannot be reliably trusted; reverting to default behavior. 
Eigenvalues: [4.30617166e-03 7.06268969e+05]
BFGS Hessian has condition number >1e6 and cannot be reliably trusted; reverting to default behavior. 
Eigenvalues: [4.23332921e-03 4.36460578e+06]
Identified minimum at [-0.55822365  1.44172583] with energy -146.6995172099539
Simulation completed.


Energies of found minima:
Minimum 1: Position = [0.6234994  0.02803776], Energy = -108.16672411685238
Minimum 2: Position = [-0.05001079  0.4666941 ], Energy = -80.76781812965893
Minimum 3: Position = [-0.55822365  1.44172583], Energy = -146.6995172099539

Approximate saddle points between minima:
Saddle 1: Position = [0.20644452 0.27491773], Energy = -72.25833446819314
Saddle 2: Position = [-0.82867089  0.62699026], Energy = -40.68104787779613

Computational statistics:
	Total energy calls: 167464
	Energy calls at each min: [1, 25278, 167464]
	Total force calls: 167464
	Force calls at each min: [1, 25278, 167464]
	Total steps: 175182

Verification against reference:
True minima found: 3/3

Verification against reference (saddles):
True saddles found: 2/2
Starting run 246
Identified minimum at [0.6234994  0.02803776] with energy -108.16672411685238
Identified minimum at [-0.05001717  0.4666957 ] with energy -80.76781812451131
BFGS Hessian has condition number >1e6 and cannot be reliably trusted; reverting to default behavior. 
Eigenvalues: [7.03886524e-03 3.67548568e+07]
BFGS Hessian has condition number >1e6 and cannot be reliably trusted; reverting to default behavior. 
Eigenvalues: [3.43081128e-03 7.77999648e+06]
Identified minimum at [-0.55822363  1.44172585] with energy -146.69951720995397
Simulation completed.


Energies of found minima:
Minimum 1: Position = [0.6234994  0.02803776], Energy = -108.16672411685238
Minimum 2: Position = [-0.05001717  0.4666957 ], Energy = -80.76781812451131
Minimum 3: Position = [-0.55822363  1.44172585], Energy = -146.69951720995397

Approximate saddle points between minima:
Saddle 1: Position = [0.22429167 0.28568007], Energy = -72.29374274947541
Saddle 2: Position = [-0.83248331  0.62451733], Energy = -40.678661706182545

Computational statistics:
	Total energy calls: 113382
	Energy calls at each min: [1, 16934, 113382]
	Total force calls: 113382
	Force calls at each min: [1, 16934, 113382]
	Total steps: 118093

Verification against reference:
True minima found: 3/3

Verification against reference (saddles):
True saddles found: 2/2
