Starting run 544
Identified minimum at [0.6234994  0.02803776] with energy -108.1667241168524
Identified minimum at [-0.05006623  0.46671007] with energy -80.76781770987293
Identified minimum at [-0.55822362  1.44172585] with energy -146.69951720995394
Simulation completed.


Energies of found minima:
Minimum 1: Position = [0.6234994  0.02803776], Energy = -108.1667241168524
Minimum 2: Position = [-0.05006623  0.46671007], Energy = -80.76781770987293
Minimum 3: Position = [-0.55822362  1.44172585], Energy = -146.69951720995394

Approximate saddle points between minima:
Saddle 1: Position = [0.19201186 0.29046443], Energy = -72.18148174878489
Saddle 2: Position = [-0.84668061  0.5924778 ], Energy = -40.25319095972564

Computational statistics:
	Total energy calls: 25812
	Energy calls at each min: [1, 6062, 25812]
	Total force calls: 25812
	Force calls at each min: [1, 6062, 25812]
	Total steps: 27058

Verification against reference:
True minima found: 3/3

Verification against reference (saddles):
True saddles found: 2/2
Starting run 540
Identified minimum at [0.6234994  0.02803776] with energy -108.1667241168524
Identified minimum at [-0.0500108  0.4666941] with energy -80.76781812965895
Identified minimum at [-0.55822365  1.44172582] with energy -146.6995172099539
Simulation completed.


Energies of found minima:
Minimum 1: Position = [0.6234994  0.02803776], Energy = -108.1667241168524
Minimum 2: Position = [-0.0500108  0.4666941], Energy = -80.76781812965895
Minimum 3: Position = [-0.55822365  1.44172582], Energy = -146.6995172099539

Approximate saddle points between minima:
Saddle 1: Position = [0.18854645 0.29986468], Energy = -72.28950904734714
Saddle 2: Position = [-0.82483085  0.59281128], Energy = -40.58897788290393

Computational statistics:
	Total energy calls: 37638
	Energy calls at each min: [1, 6171, 37638]
	Total force calls: 37638
	Force calls at each min: [1, 6171, 37638]
	Total steps: 39580

Verification against reference:
True minima found: 3/3

Verification against reference (saddles):
True saddles found: 2/2
Starting run 317
Identified minimum at [0.6234994  0.02803776] with energy -108.1667241168524
BFGS Hessian has condition number >1e6 and cannot be reliably trusted; reverting to default behavior. 
Eigenvalues: [2.46915966e-03 1.06377400e+08]
Identified minimum at [-0.05001104  0.46669416] with energy -80.76781812965287
Identified minimum at [-0.55822363  1.44172585] with energy -146.69951720995397
Simulation completed.


Energies of found minima:
Minimum 1: Position = [0.6234994  0.02803776], Energy = -108.1667241168524
Minimum 2: Position = [-0.05001104  0.46669416], Energy = -80.76781812965287
Minimum 3: Position = [-0.55822363  1.44172585], Energy = -146.69951720995397

Approximate saddle points between minima:
Saddle 1: Position = [0.23615348 0.33347304], Energy = -71.98140584181436
Saddle 2: Position = [-0.8424666  0.6063151], Energy = -40.49097182692606

Computational statistics:
	Total energy calls: 28791
	Energy calls at each min: [1, 4693, 28791]
	Total force calls: 28791
	Force calls at each min: [1, 4693, 28791]
	Total steps: 30249

Verification against reference:
True minima found: 3/3

Verification against reference (saddles):
True saddles found: 2/2
Starting run 700
Identified minimum at [0.6234994  0.02803776] with energy -108.1667241168524
Identified minimum at [-0.05089762  0.46694084] with energy -80.76771260089633
BFGS Hessian has condition number >1e6 and cannot be reliably trusted; reverting to default behavior. 
Eigenvalues: [8.06755945e-03 1.23115869e+08]
Identified minimum at [-0.55822364  1.44172584] with energy -146.699517209954
Simulation completed.


Energies of found minima:
Minimum 1: Position = [0.6234994  0.02803776], Energy = -108.1667241168524
Minimum 2: Position = [-0.05089762  0.46694084], Energy = -80.76771260089633
Minimum 3: Position = [-0.55822364  1.44172584], Energy = -146.699517209954

Approximate saddle points between minima:
Saddle 1: Position = [0.1876389  0.28857299], Energy = -72.13401922466171
Saddle 2: Position = [-0.82558386  0.64229437], Energy = -40.719822668904065

Computational statistics:
	Total energy calls: 26322
	Energy calls at each min: [1, 4197, 26322]
	Total force calls: 26322
	Force calls at each min: [1, 4197, 26322]
	Total steps: 27515

Verification against reference:
True minima found: 3/3

Verification against reference (saddles):
True saddles found: 2/2
Starting run 480
Identified minimum at [0.6234994  0.02803776] with energy -108.1667241168524
Identified minimum at [-0.05002422  0.46669668] with energy -80.76781810854457
Identified minimum at [-0.55822362  1.44172585] with energy -146.69951720995394
Simulation completed.


Energies of found minima:
Minimum 1: Position = [0.6234994  0.02803776], Energy = -108.1667241168524
Minimum 2: Position = [-0.05002422  0.46669668], Energy = -80.76781810854457
Minimum 3: Position = [-0.55822362  1.44172585], Energy = -146.69951720995394

Approximate saddle points between minima:
Saddle 1: Position = [0.17711318 0.26846684], Energy = -71.79478097654626
Saddle 2: Position = [-0.86786678  0.58806121], Energy = -39.90405554545424

Computational statistics:
	Total energy calls: 20097
	Energy calls at each min: [1, 4243, 20097]
	Total force calls: 20097
	Force calls at each min: [1, 4243, 20097]
	Total steps: 21096

Verification against reference:
True minima found: 3/3

Verification against reference (saddles):
True saddles found: 1/2
Missed saddles at positions:
[-0.82200156  0.6243128 ]
Starting run 203
Identified minimum at [0.6234994  0.02803776] with energy -108.1667241168524
Identified minimum at [-0.0504806   0.46680202] with energy -80.76779087177715
BFGS Hessian has condition number >1e6 and cannot be reliably trusted; reverting to default behavior. 
Eigenvalues: [2.65167988e-03 5.39454242e+05]
Identified minimum at [-0.55822362  1.44172585] with energy -146.69951720995397
Simulation completed.


Energies of found minima:
Minimum 1: Position = [0.6234994  0.02803776], Energy = -108.1667241168524
Minimum 2: Position = [-0.0504806   0.46680202], Energy = -80.76779087177715
Minimum 3: Position = [-0.55822362  1.44172585], Energy = -146.69951720995397

Approximate saddle points between minima:
Saddle 1: Position = [0.20884925 0.30300589], Energy = -72.28755151097306
Saddle 2: Position = [-0.87360902  0.60804909], Energy = -40.45737883318422

Computational statistics:
	Total energy calls: 29840
	Energy calls at each min: [1, 4919, 29840]
	Total force calls: 29840
	Force calls at each min: [1, 4919, 29840]
	Total steps: 31216

Verification against reference:
True minima found: 3/3

Verification against reference (saddles):
True saddles found: 1/2
Missed saddles at positions:
[-0.82200156  0.6243128 ]
Starting run 29
Identified minimum at [0.6234994  0.02803776] with energy -108.1667241168524
BFGS Hessian has condition number >1e6 and cannot be reliably trusted; reverting to default behavior. 
Eigenvalues: [2.96667218e-03 5.75332702e+08]
Identified minimum at [-0.05001842  0.4666959 ] with energy -80.7678181224698
BFGS Hessian has condition number >1e6 and cannot be reliably trusted; reverting to default behavior. 
Eigenvalues: [3.31534445e-03 4.52683836e+08]
BFGS Hessian has condition number >1e6 and cannot be reliably trusted; reverting to default behavior. 
Eigenvalues: [1.44333218e-03 5.43295910e+07]
Identified minimum at [-0.55822363  1.44172585] with energy -146.699517209954
Simulation completed.


Energies of found minima:
Minimum 1: Position = [0.6234994  0.02803776], Energy = -108.1667241168524
Minimum 2: Position = [-0.05001842  0.4666959 ], Energy = -80.7678181224698
Minimum 3: Position = [-0.55822363  1.44172585], Energy = -146.699517209954

Approximate saddle points between minima:
Saddle 1: Position = [0.24563544 0.33526483], Energy = -71.71592254410149
Saddle 2: Position = [-0.83179365  0.64762022], Energy = -40.84626785194297

Computational statistics:
	Total energy calls: 49184
	Energy calls at each min: [1, 8654, 49184]
	Total force calls: 49184
	Force calls at each min: [1, 8654, 49184]
	Total steps: 51526

Verification against reference:
True minima found: 3/3

Verification against reference (saddles):
True saddles found: 1/2
Missed saddles at positions:
[0.21248658 0.29298833]
Starting run 407
Identified minimum at [0.6234994  0.02803776] with energy -108.1667241168524
BFGS Hessian has condition number >1e6 and cannot be reliably trusted; reverting to default behavior. 
Eigenvalues: [3.36986258e-03 2.62187953e+04]
Identified minimum at [-0.05001658  0.46669542] with energy -80.76781812557451
Identified minimum at [-0.55822364  1.44172583] with energy -146.69951720995397
Simulation completed.


Energies of found minima:
Minimum 1: Position = [0.6234994  0.02803776], Energy = -108.1667241168524
Minimum 2: Position = [-0.05001658  0.46669542], Energy = -80.76781812557451
Minimum 3: Position = [-0.55822364  1.44172583], Energy = -146.69951720995397

Approximate saddle points between minima:
Saddle 1: Position = [0.18813823 0.29692864], Energy = -72.2449077612094
Saddle 2: Position = [-0.82296258  0.61623466], Energy = -40.66058326219511

Computational statistics:
	Total energy calls: 115530
	Energy calls at each min: [1, 20636, 115530]
	Total force calls: 115530
	Force calls at each min: [1, 20636, 115530]
	Total steps: 120526

Verification against reference:
True minima found: 3/3

Verification against reference (saddles):
True saddles found: 2/2
Starting run 204
Identified minimum at [0.6234994  0.02803776] with energy -108.1667241168524
Identified minimum at [-0.05014071  0.46672991] with energy -80.76781587739886
Identified minimum at [-0.55822365  1.44172583] with energy -146.69951720995397
Simulation completed.


Energies of found minima:
Minimum 1: Position = [0.6234994  0.02803776], Energy = -108.1667241168524
Minimum 2: Position = [-0.05014071  0.46672991], Energy = -80.76781587739886
Minimum 3: Position = [-0.55822365  1.44172583], Energy = -146.69951720995397

Approximate saddle points between minima:
Saddle 1: Position = [0.23613412 0.28492736], Energy = -72.31164205245076
Saddle 2: Position = [-0.80341718  0.64159116], Energy = -40.51426786998141

Computational statistics:
	Total energy calls: 23100
	Energy calls at each min: [1, 5738, 23100]
	Total force calls: 23100
	Force calls at each min: [1, 5738, 23100]
	Total steps: 24170

Verification against reference:
True minima found: 3/3

Verification against reference (saddles):
True saddles found: 2/2
