Starting run 543
Identified minimum at [0.6234994  0.02803776] with energy -108.16672411685238
BFGS Hessian has condition number >1e6 and cannot be reliably trusted; reverting to default behavior. 
Eigenvalues: [5.03266376e-04 1.82538166e+08]
Identified minimum at [-0.05001758  0.46669571] with energy -80.76781812395112
BFGS Hessian has condition number >1e6 and cannot be reliably trusted; reverting to default behavior. 
Eigenvalues: [6.80995593e-03 1.34024030e+07]
Identified minimum at [-0.55822364  1.44172584] with energy -146.69951720995397
Simulation completed.


Energies of found minima:
Minimum 1: Position = [0.6234994  0.02803776], Energy = -108.16672411685238
Minimum 2: Position = [-0.05001758  0.46669571], Energy = -80.76781812395112
Minimum 3: Position = [-0.55822364  1.44172584], Energy = -146.69951720995397

Approximate saddle points between minima:
Saddle 1: Position = [0.23386298 0.28875765], Energy = -72.25632795140828
Saddle 2: Position = [-0.84434844  0.62387421], Energy = -40.71514781190707

Computational statistics:
	Total energy calls: 23837
	Energy calls at each min: [1, 5232, 23837]
	Total force calls: 23837
	Force calls at each min: [1, 5232, 23837]
	Total steps: 25009

Verification against reference:
True minima found: 3/3

Verification against reference (saddles):
True saddles found: 2/2
Starting run 696
Identified minimum at [0.6234994  0.02803776] with energy -108.16672411685238
Identified minimum at [-0.05001789  0.466696  ] with energy -80.76781812309079
Identified minimum at [-0.55822364  1.44172584] with energy -146.69951720995402
Simulation completed.


Energies of found minima:
Minimum 1: Position = [0.6234994  0.02803776], Energy = -108.16672411685238
Minimum 2: Position = [-0.05001789  0.466696  ], Energy = -80.76781812309079
Minimum 3: Position = [-0.55822364  1.44172584], Energy = -146.69951720995402

Approximate saddle points between minima:
Saddle 1: Position = [0.20583991 0.28624667], Energy = -72.23013680203411
Saddle 2: Position = [-0.82984258  0.63015506], Energy = -40.700996171366974

Computational statistics:
	Total energy calls: 30290
	Energy calls at each min: [1, 5528, 30290]
	Total force calls: 30290
	Force calls at each min: [1, 5528, 30290]
	Total steps: 31756

Verification against reference:
True minima found: 3/3

Verification against reference (saddles):
True saddles found: 2/2
Starting run 208
Identified minimum at [0.6234994  0.02803776] with energy -108.16672411685238
Identified minimum at [-0.05001079  0.4666941 ] with energy -80.7678181296589
BFGS Hessian has condition number >1e6 and cannot be reliably trusted; reverting to default behavior. 
Eigenvalues: [3.19739211e-03 1.93316781e+06]
Identified minimum at [-0.55822364  1.44172584] with energy -146.699517209954
Simulation completed.


Energies of found minima:
Minimum 1: Position = [0.6234994  0.02803776], Energy = -108.16672411685238
Minimum 2: Position = [-0.05001079  0.4666941 ], Energy = -80.7678181296589
Minimum 3: Position = [-0.55822364  1.44172584], Energy = -146.699517209954

Approximate saddle points between minima:
Saddle 1: Position = [0.20116749 0.29785911], Energy = -72.27064055131228
Saddle 2: Position = [-0.82292139  0.63037309], Energy = -40.66926470431012

Computational statistics:
	Total energy calls: 39778
	Energy calls at each min: [1, 8158, 39778]
	Total force calls: 39778
	Force calls at each min: [1, 8158, 39778]
	Total steps: 41751

Verification against reference:
True minima found: 3/3

Verification against reference (saddles):
True saddles found: 2/2
Starting run 504
Identified minimum at [0.6234994  0.02803776] with energy -108.16672411685238
BFGS Hessian has condition number >1e6 and cannot be reliably trusted; reverting to default behavior. 
Eigenvalues: [1.43348695e-03 1.51036423e+04]
Identified minimum at [-0.0500108  0.4666941] with energy -80.76781812965898
BFGS Hessian has condition number >1e6 and cannot be reliably trusted; reverting to default behavior. 
Eigenvalues: [1.70844432e-05 5.14610548e+05]
Identified minimum at [-0.55822365  1.44172583] with energy -146.69951720995394
Simulation completed.


Energies of found minima:
Minimum 1: Position = [0.6234994  0.02803776], Energy = -108.16672411685238
Minimum 2: Position = [-0.0500108  0.4666941], Energy = -80.76781812965898
Minimum 3: Position = [-0.55822365  1.44172583], Energy = -146.69951720995394

Approximate saddle points between minima:
Saddle 1: Position = [0.21127707 0.28645121], Energy = -72.25373318772338
Saddle 2: Position = [-0.81669945  0.61885009], Energy = -40.685892647719825

Computational statistics:
	Total energy calls: 78675
	Energy calls at each min: [1, 12065, 78675]
	Total force calls: 78675
	Force calls at each min: [1, 12065, 78675]
	Total steps: 82520

Verification against reference:
True minima found: 3/3

Verification against reference (saddles):
True saddles found: 2/2
Starting run 14
Identified minimum at [0.6234994  0.02803776] with energy -108.16672411685238
Identified minimum at [-0.05004017  0.466701  ] with energy -80.76781802249042
BFGS Hessian has condition number >1e6 and cannot be reliably trusted; reverting to default behavior. 
Eigenvalues: [2.38418579e-06 2.42346210e+09]
Identified minimum at [-0.55822365  1.44172583] with energy -146.6995172099539
Simulation completed.


Energies of found minima:
Minimum 1: Position = [0.6234994  0.02803776], Energy = -108.16672411685238
Minimum 2: Position = [-0.05004017  0.466701  ], Energy = -80.76781802249042
Minimum 3: Position = [-0.55822365  1.44172583], Energy = -146.6995172099539

Approximate saddle points between minima:
Saddle 1: Position = [0.22333906 0.28969597], Energy = -72.25893191949679
Saddle 2: Position = [-0.81564853  0.58893805], Energy = -40.759673022654816

Computational statistics:
	Total energy calls: 69000
	Energy calls at each min: [1, 9641, 69000]
	Total force calls: 69000
	Force calls at each min: [1, 9641, 69000]
	Total steps: 71920

Verification against reference:
True minima found: 3/3

Verification against reference (saddles):
True saddles found: 2/2
Starting run 749
Identified minimum at [0.6234994  0.02803776] with energy -108.16672411685238
Identified minimum at [-0.05001107  0.46669417] with energy -80.76781812965092
Identified minimum at [-0.55822365  1.44172582] with energy -146.69951720995388
Simulation completed.


Energies of found minima:
Minimum 1: Position = [0.6234994  0.02803776], Energy = -108.16672411685238
Minimum 2: Position = [-0.05001107  0.46669417], Energy = -80.76781812965092
Minimum 3: Position = [-0.55822365  1.44172582], Energy = -146.69951720995388

Approximate saddle points between minima:
Saddle 1: Position = [0.21292006 0.2870025 ], Energy = -72.25805666001062
Saddle 2: Position = [-0.8234277   0.61029372], Energy = -40.65256518190229

Computational statistics:
	Total energy calls: 55747
	Energy calls at each min: [1, 10614, 55747]
	Total force calls: 55747
	Force calls at each min: [1, 10614, 55747]
	Total steps: 58343

Verification against reference:
True minima found: 3/3

Verification against reference (saddles):
True saddles found: 2/2
Starting run 161
Identified minimum at [0.6234994  0.02803776] with energy -108.16672411685238
Identified minimum at [-0.05108834  0.46694584] with energy -80.76767385187232
BFGS Hessian has condition number >1e6 and cannot be reliably trusted; reverting to default behavior. 
Eigenvalues: [2.70782039e-07 3.81422915e+07]
Identified minimum at [-0.55822362  1.44172585] with energy -146.69951720995397
Simulation completed.


Energies of found minima:
Minimum 1: Position = [0.6234994  0.02803776], Energy = -108.16672411685238
Minimum 2: Position = [-0.05108834  0.46694584], Energy = -80.76767385187232
Minimum 3: Position = [-0.55822362  1.44172585], Energy = -146.69951720995397

Approximate saddle points between minima:
Saddle 1: Position = [0.25303063 0.30273903], Energy = -71.88468868793746
Saddle 2: Position = [-0.79540392  0.64352801], Energy = -40.43987126739955

Computational statistics:
	Total energy calls: 15842
	Energy calls at each min: [1, 3019, 15842]
	Total force calls: 15842
	Force calls at each min: [1, 3019, 15842]
	Total steps: 16603

Verification against reference:
True minima found: 2/3
Missed minima at positions:
[-0.05001082  0.4666941 ]

Verification against reference (saddles):
True saddles found: 2/2
Starting run 99
Identified minimum at [0.6234994  0.02803776] with energy -108.16672411685238
BFGS Hessian has condition number >1e6 and cannot be reliably trusted; reverting to default behavior. 
Eigenvalues: [4.13104504e-04 4.62302474e+02]
Identified minimum at [-0.05001081  0.4666941 ] with energy -80.76781812965902
Identified minimum at [-0.55822363  1.44172584] with energy -146.699517209954
Simulation completed.


Energies of found minima:
Minimum 1: Position = [0.6234994  0.02803776], Energy = -108.16672411685238
Minimum 2: Position = [-0.05001081  0.4666941 ], Energy = -80.76781812965902
Minimum 3: Position = [-0.55822363  1.44172584], Energy = -146.699517209954

Approximate saddle points between minima:
Saddle 1: Position = [0.23779091 0.29854519], Energy = -72.11409952300541
Saddle 2: Position = [-0.83156532  0.5851521 ], Energy = -40.40838007479422

Computational statistics:
	Total energy calls: 80379
	Energy calls at each min: [1, 13372, 80379]
	Total force calls: 80379
	Force calls at each min: [1, 13372, 80379]
	Total steps: 84295

Verification against reference:
True minima found: 3/3

Verification against reference (saddles):
True saddles found: 2/2
Starting run 133
Identified minimum at [0.6234994  0.02803776] with energy -108.16672411685238
Identified minimum at [-0.55822365  1.44172582] with energy -146.69951720995388
BFGS Hessian has condition number >1e6 and cannot be reliably trusted; reverting to default behavior. 
Eigenvalues: [1.19159343e-02 1.26138290e+06]
BFGS Hessian has condition number >1e6 and cannot be reliably trusted; reverting to default behavior. 
Eigenvalues: [5.93980832e-03 5.11275824e+06]
BFGS Hessian has condition number >1e6 and cannot be reliably trusted; reverting to default behavior. 
Eigenvalues: [2.65526822e-03 3.17430980e+05]
BFGS Hessian has condition number >1e6 and cannot be reliably trusted; reverting to default behavior. 
Eigenvalues: [4.98322956e-03 2.42150315e+07]
BFGS Hessian has condition number >1e6 and cannot be reliably trusted; reverting to default behavior. 
Eigenvalues: [3.18650358e-03 3.31745152e+04]
Simulation completed.


Energies of found minima:
Minimum 1: Position = [0.6234994  0.02803776], Energy = -108.16672411685238
Minimum 2: Position = [-0.55822365  1.44172582], Energy = -146.69951720995388

Approximate saddle points between minima:
Saddle 1: Position = [-0.8725479   0.58916371], Energy = -39.88979713188304

Computational statistics:
	Total energy calls: 649716
	Energy calls at each min: [1, 27620]
	Total force calls: 649716
	Force calls at each min: [1, 27620]
	Total steps: 679847

Verification against reference:
True minima found: 2/3
Missed minima at positions:
[-0.05001082  0.4666941 ]

Verification against reference (saddles):
True saddles found: 0/2
Missed saddles at positions:
[0.21248658 0.29298833]
[-0.82200156  0.6243128 ]
