Starting run 676
Identified minimum at [0.6234994  0.02803776] with energy -108.16672411685238
Identified minimum at [-0.05002442  0.46670332] with energy -80.76781806445365
Identified minimum at [-0.55822366  1.44172582] with energy -146.69951720995385
Simulation completed.


Energies of found minima:
Minimum 1: Position = [0.6234994  0.02803776], Energy = -108.16672411685238
Minimum 2: Position = [-0.05002442  0.46670332], Energy = -80.76781806445365
Minimum 3: Position = [-0.55822366  1.44172582], Energy = -146.69951720995385

Approximate saddle points between minima:
Saddle 1: Position = [0.20214409 0.27938284], Energy = -72.20268868436054
Saddle 2: Position = [-0.83084446  0.62527745], Energy = -40.67900419469106

Computational statistics:
	Total energy calls: 11729
	Energy calls at each min: [1, 2903, 11729]
	Total force calls: 11729
	Force calls at each min: [1, 2903, 11729]
	Total steps: 12291

Verification against reference:
True minima found: 3/3

Verification against reference (saddles):
True saddles found: 2/2
Starting run 825
Identified minimum at [0.6234994  0.02803776] with energy -108.16672411685238
Identified minimum at [-0.05070128  0.46687062] with energy -80.76775673068465
BFGS Hessian has condition number >1e6 and cannot be reliably trusted; reverting to default behavior. 
Eigenvalues: [6.87556862e-03 2.79423651e+05]
Identified minimum at [-0.55822365  1.44172583] with energy -146.6995172099539
Simulation completed.


Energies of found minima:
Minimum 1: Position = [0.6234994  0.02803776], Energy = -108.16672411685238
Minimum 2: Position = [-0.05070128  0.46687062], Energy = -80.76775673068465
Minimum 3: Position = [-0.55822365  1.44172583], Energy = -146.6995172099539

Approximate saddle points between minima:
Saddle 1: Position = [0.20242629 0.30100414], Energy = -72.2950806256236
Saddle 2: Position = [-0.86232241  0.59360988], Energy = -40.105672606953725

Computational statistics:
	Total energy calls: 40489
	Energy calls at each min: [1, 5947, 40489]
	Total force calls: 40489
	Force calls at each min: [1, 5947, 40489]
	Total steps: 42268

Verification against reference:
True minima found: 3/3

Verification against reference (saddles):
True saddles found: 1/2
Missed saddles at positions:
[-0.82200156  0.6243128 ]
Starting run 504
Identified minimum at [0.6234994  0.02803776] with energy -108.16672411685238
Identified minimum at [-0.0502939   0.46676257] with energy -80.76780804505553
BFGS Hessian has condition number >1e6 and cannot be reliably trusted; reverting to default behavior. 
Eigenvalues: [2.35177529e-03 1.72100278e+05]
BFGS Hessian has condition number >1e6 and cannot be reliably trusted; reverting to default behavior. 
Eigenvalues: [1.14081959e-02 2.01237833e+06]
BFGS Hessian has condition number >1e6 and cannot be reliably trusted; reverting to default behavior. 
Eigenvalues: [1.74138710e-03 9.92049265e+06]
Identified minimum at [-0.55822364  1.44172584] with energy -146.699517209954
Simulation completed.


Energies of found minima:
Minimum 1: Position = [0.6234994  0.02803776], Energy = -108.16672411685238
Minimum 2: Position = [-0.0502939   0.46676257], Energy = -80.76780804505553
Minimum 3: Position = [-0.55822364  1.44172584], Energy = -146.699517209954

Approximate saddle points between minima:
Saddle 1: Position = [0.2087217  0.31060888], Energy = -72.34408236038607
Saddle 2: Position = [-0.82439238  0.55886844], Energy = -40.29357459713554

Computational statistics:
	Total energy calls: 78585
	Energy calls at each min: [1, 9739, 78585]
	Total force calls: 78585
	Force calls at each min: [1, 9739, 78585]
	Total steps: 81623

Verification against reference:
True minima found: 3/3

Verification against reference (saddles):
True saddles found: 1/2
Missed saddles at positions:
[-0.82200156  0.6243128 ]
Starting run 732
Identified minimum at [0.6234994  0.02803776] with energy -108.16672411685238
Identified minimum at [-0.05001708  0.46669543] with energy -80.76781812494994
Identified minimum at [-0.55822363  1.44172584] with energy -146.69951720995402
Simulation completed.


Energies of found minima:
Minimum 1: Position = [0.6234994  0.02803776], Energy = -108.16672411685238
Minimum 2: Position = [-0.05001708  0.46669543], Energy = -80.76781812494994
Minimum 3: Position = [-0.55822363  1.44172584], Energy = -146.69951720995402

Approximate saddle points between minima:
Saddle 1: Position = [0.21411324 0.27872443], Energy = -72.30624805066384
Saddle 2: Position = [-0.82076998  0.62226295], Energy = -40.66661286232207

Computational statistics:
	Total energy calls: 40897
	Energy calls at each min: [1, 6373, 40897]
	Total force calls: 40897
	Force calls at each min: [1, 6373, 40897]
	Total steps: 42846

Verification against reference:
True minima found: 3/3

Verification against reference (saddles):
True saddles found: 2/2
Starting run 813
Identified minimum at [0.6234994  0.02803776] with energy -108.16672411685238
Identified minimum at [-0.05005904  0.46670615] with energy -80.76781783326786
BFGS Hessian has condition number >1e6 and cannot be reliably trusted; reverting to default behavior. 
Eigenvalues: [2.31514871e-03 6.06785511e+08]
Identified minimum at [-0.55822364  1.44172584] with energy -146.69951720995402
Simulation completed.


Energies of found minima:
Minimum 1: Position = [0.6234994  0.02803776], Energy = -108.16672411685238
Minimum 2: Position = [-0.05005904  0.46670615], Energy = -80.76781783326786
Minimum 3: Position = [-0.55822364  1.44172584], Energy = -146.69951720995402

Approximate saddle points between minima:
Saddle 1: Position = [0.23265626 0.29666826], Energy = -72.17042125697907
Saddle 2: Position = [-0.83018645  0.60425775], Energy = -40.571162635323375

Computational statistics:
	Total energy calls: 52607
	Energy calls at each min: [1, 7316, 52607]
	Total force calls: 52607
	Force calls at each min: [1, 7316, 52607]
	Total steps: 54848

Verification against reference:
True minima found: 3/3

Verification against reference (saddles):
True saddles found: 2/2
Starting run 73
Identified minimum at [0.6234994  0.02803776] with energy -108.16672411685238
Identified minimum at [-0.05001822  0.46669585] with energy -80.7678181228448
Identified minimum at [-0.55822366  1.44172582] with energy -146.69951720995383
Simulation completed.


Energies of found minima:
Minimum 1: Position = [0.6234994  0.02803776], Energy = -108.16672411685238
Minimum 2: Position = [-0.05001822  0.46669585], Energy = -80.7678181228448
Minimum 3: Position = [-0.55822366  1.44172582], Energy = -146.69951720995383

Approximate saddle points between minima:
Saddle 1: Position = [0.27834794 0.3280041 ], Energy = -70.78373337274392
Saddle 2: Position = [-0.82306796  0.58255545], Energy = -40.572675478843756

Computational statistics:
	Total energy calls: 14446
	Energy calls at each min: [1, 3050, 14446]
	Total force calls: 14446
	Force calls at each min: [1, 3050, 14446]
	Total steps: 15168

Verification against reference:
True minima found: 3/3

Verification against reference (saddles):
True saddles found: 1/2
Missed saddles at positions:
[0.21248658 0.29298833]
Starting run 210
Identified minimum at [0.6234994  0.02803776] with energy -108.16672411685238
Identified minimum at [-0.05001079  0.4666941 ] with energy -80.76781812965888
BFGS Hessian has condition number >1e6 and cannot be reliably trusted; reverting to default behavior. 
Eigenvalues: [1.99025620e-03 3.30335869e+05]
Identified minimum at [-0.55822362  1.44172586] with energy -146.6995172099539
Simulation completed.


Energies of found minima:
Minimum 1: Position = [0.6234994  0.02803776], Energy = -108.16672411685238
Minimum 2: Position = [-0.05001079  0.4666941 ], Energy = -80.76781812965888
Minimum 3: Position = [-0.55822362  1.44172586], Energy = -146.6995172099539

Approximate saddle points between minima:
Saddle 1: Position = [0.21096581 0.29938547], Energy = -72.26239650405618
Saddle 2: Position = [-0.8243148   0.63087276], Energy = -40.67590894461333

Computational statistics:
	Total energy calls: 88171
	Energy calls at each min: [1, 12745, 88171]
	Total force calls: 88171
	Force calls at each min: [1, 12745, 88171]
	Total steps: 92394

Verification against reference:
True minima found: 3/3

Verification against reference (saddles):
True saddles found: 2/2
Starting run 258
Identified minimum at [0.6234994  0.02803776] with energy -108.16672411685238
Identified minimum at [-0.05010849  0.4667172 ] with energy -80.76781693937573
Identified minimum at [-0.55822365  1.44172583] with energy -146.69951720995397
Simulation completed.


Energies of found minima:
Minimum 1: Position = [0.6234994  0.02803776], Energy = -108.16672411685238
Minimum 2: Position = [-0.05010849  0.4667172 ], Energy = -80.76781693937573
Minimum 3: Position = [-0.55822365  1.44172583], Energy = -146.69951720995397

Approximate saddle points between minima:
Saddle 1: Position = [0.19465688 0.27382932], Energy = -72.11400519344001
Saddle 2: Position = [-0.83268816  0.61452689], Energy = -40.61510634214227

Computational statistics:
	Total energy calls: 11353
	Energy calls at each min: [1, 4250, 11353]
	Total force calls: 11353
	Force calls at each min: [1, 4250, 11353]
	Total steps: 11872

Verification against reference:
True minima found: 3/3

Verification against reference (saddles):
True saddles found: 2/2
Starting run 967
Identified minimum at [0.6234994  0.02803776] with energy -108.16672411685238
Identified minimum at [-0.55822363  1.44172585] with energy -146.69951720995402
BFGS Hessian has condition number >1e6 and cannot be reliably trusted; reverting to default behavior. 
Eigenvalues: [2.26590782e-05 6.94323702e+07]
BFGS Hessian has condition number >1e6 and cannot be reliably trusted; reverting to default behavior. 
Eigenvalues: [1.44520155e-02 5.09802269e+05]
BFGS Hessian has condition number >1e6 and cannot be reliably trusted; reverting to default behavior. 
Eigenvalues: [3.14979418e-03 1.86390909e+06]
BFGS Hessian has condition number >1e6 and cannot be reliably trusted; reverting to default behavior. 
Eigenvalues: [9.94893257e-04 7.15010557e+06]
BFGS Hessian has condition number >1e6 and cannot be reliably trusted; reverting to default behavior. 
Eigenvalues: [3.58728599e-03 2.55004414e+07]
BFGS Hessian has condition number >1e6 and cannot be reliably trusted; reverting to default behavior. 
Eigenvalues: [1.80365123e-03 4.01884924e+05]
BFGS Hessian has condition number >1e6 and cannot be reliably trusted; reverting to default behavior. 
Eigenvalues: [6.87060893e-02 1.00174725e+07]
BFGS Hessian has condition number >1e6 and cannot be reliably trusted; reverting to default behavior. 
Eigenvalues: [7.63879536e-03 1.77657478e+07]
BFGS Hessian has condition number >1e6 and cannot be reliably trusted; reverting to default behavior. 
Eigenvalues: [5.02806483e-03 1.52479598e+07]
BFGS Hessian has condition number >1e6 and cannot be reliably trusted; reverting to default behavior. 
Eigenvalues: [2.5289919e-03 3.4463349e+06]
BFGS Hessian has condition number >1e6 and cannot be reliably trusted; reverting to default behavior. 
Eigenvalues: [2.56978720e-03 2.33360405e+07]
Simulation completed.


Energies of found minima:
Minimum 1: Position = [0.6234994  0.02803776], Energy = -108.16672411685238
Minimum 2: Position = [-0.55822363  1.44172585], Energy = -146.69951720995402

Approximate saddle points between minima:
Saddle 1: Position = [-0.76849698  0.66117273], Energy = -39.81596540581972

Computational statistics:
	Total energy calls: 643638
	Energy calls at each min: [1, 16205]
	Total force calls: 643638
	Force calls at each min: [1, 16205]
	Total steps: 674337

Verification against reference:
True minima found: 2/3
Missed minima at positions:
[-0.05001082  0.4666941 ]

Verification against reference (saddles):
True saddles found: 0/2
Missed saddles at positions:
[0.21248658 0.29298833]
[-0.82200156  0.6243128 ]
Starting run 348
Identified minimum at [0.6234994  0.02803776] with energy -108.16672411685238
BFGS Hessian has condition number >1e6 and cannot be reliably trusted; reverting to default behavior. 
Eigenvalues: [1.11696194e-03 2.26042910e+07]
Identified minimum at [-0.05018379  0.46673755] with energy -80.76781430676343
BFGS Hessian has condition number >1e6 and cannot be reliably trusted; reverting to default behavior. 
Eigenvalues: [6.35910779e-04 2.55666998e+08]
BFGS Hessian has condition number >1e6 and cannot be reliably trusted; reverting to default behavior. 
Eigenvalues: [4.40452620e-03 5.00318221e+06]
Identified minimum at [-0.55822363  1.44172585] with energy -146.699517209954
Simulation completed.


Energies of found minima:
Minimum 1: Position = [0.6234994  0.02803776], Energy = -108.16672411685238
Minimum 2: Position = [-0.05018379  0.46673755], Energy = -80.76781430676343
Minimum 3: Position = [-0.55822363  1.44172585], Energy = -146.699517209954

Approximate saddle points between minima:
Saddle 1: Position = [0.20172176 0.27495077], Energy = -72.20407611840918
Saddle 2: Position = [-0.82927294  0.61844375], Energy = -40.64526256220457

Computational statistics:
	Total energy calls: 21353
	Energy calls at each min: [1, 3561, 21353]
	Total force calls: 21353
	Force calls at each min: [1, 3561, 21353]
	Total steps: 22323

Verification against reference:
True minima found: 3/3

Verification against reference (saddles):
True saddles found: 2/2
