Starting run 710
Identified minimum at [0.6234994  0.02803776] with energy -108.16672411685238
Identified minimum at [-0.05001086  0.46669411] with energy -80.76781812965885
Identified minimum at [-0.55822365  1.44172583] with energy -146.6995172099539
Simulation completed.


Energies of found minima:
Minimum 1: Position = [0.6234994  0.02803776], Energy = -108.16672411685238
Minimum 2: Position = [-0.05001086  0.46669411], Energy = -80.76781812965885
Minimum 3: Position = [-0.55822365  1.44172583], Energy = -146.6995172099539

Approximate saddle points between minima:
Saddle 1: Position = [0.18600587 0.27636492], Energy = -72.00419743930941
Saddle 2: Position = [-0.82241114  0.63775547], Energy = -40.674408287686845

Computational statistics:
	Total energy calls: 89553
	Energy calls at each min: [1, 13979, 89553]
	Total force calls: 89553
	Force calls at each min: [1, 13979, 89553]
	Total steps: 93844

Verification against reference:
True minima found: 3/3

Verification against reference (saddles):
True saddles found: 2/2
Starting run 757
Identified minimum at [0.6234994  0.02803776] with energy -108.16672411685238
Identified minimum at [-0.050374    0.46678524] with energy -80.76780128078559
Identified minimum at [-0.55822362  1.44172585] with energy -146.69951720995394
Simulation completed.


Energies of found minima:
Minimum 1: Position = [0.6234994  0.02803776], Energy = -108.16672411685238
Minimum 2: Position = [-0.050374    0.46678524], Energy = -80.76780128078559
Minimum 3: Position = [-0.55822362  1.44172585], Energy = -146.69951720995394

Approximate saddle points between minima:
Saddle 1: Position = [0.20202775 0.31193931], Energy = -72.4130283057239
Saddle 2: Position = [-0.80700061  0.61184533], Energy = -40.80248953291539

Computational statistics:
	Total energy calls: 20246
	Energy calls at each min: [1, 4033, 20246]
	Total force calls: 20246
	Force calls at each min: [1, 4033, 20246]
	Total steps: 21189

Verification against reference:
True minima found: 3/3

Verification against reference (saddles):
True saddles found: 2/2
Starting run 470
Identified minimum at [0.6234994  0.02803776] with energy -108.16672411685238
Identified minimum at [-0.0500109   0.46669412] with energy -80.76781812965831
Identified minimum at [-0.55822363  1.44172585] with energy -146.699517209954
Simulation completed.


Energies of found minima:
Minimum 1: Position = [0.6234994  0.02803776], Energy = -108.16672411685238
Minimum 2: Position = [-0.0500109   0.46669412], Energy = -80.76781812965831
Minimum 3: Position = [-0.55822363  1.44172585], Energy = -146.699517209954

Approximate saddle points between minima:
Saddle 1: Position = [0.28353599 0.31404082], Energy = -70.99121607542688
Saddle 2: Position = [-0.15608715  0.07329759], Energy = -37.42608954953198

Computational statistics:
	Total energy calls: 32963
	Energy calls at each min: [1, 4902, 32963]
	Total force calls: 32963
	Force calls at each min: [1, 4902, 32963]
	Total steps: 34702

Verification against reference:
True minima found: 3/3

Verification against reference (saddles):
True saddles found: 0/2
Missed saddles at positions:
[0.21248658 0.29298833]
[-0.82200156  0.6243128 ]
Starting run 803
Identified minimum at [0.6234994  0.02803776] with energy -108.16672411685238
Identified minimum at [-0.05002883  0.4666988 ] with energy -80.76781808753114
Identified minimum at [-0.55822364  1.44172584] with energy -146.69951720995402
Simulation completed.


Energies of found minima:
Minimum 1: Position = [0.6234994  0.02803776], Energy = -108.16672411685238
Minimum 2: Position = [-0.05002883  0.4666988 ], Energy = -80.76781808753114
Minimum 3: Position = [-0.55822364  1.44172584], Energy = -146.69951720995402

Approximate saddle points between minima:
Saddle 1: Position = [0.16917379 0.27082534], Energy = -71.66298168377327
Saddle 2: Position = [-0.8438607   0.62304872], Energy = -40.701874378540275

Computational statistics:
	Total energy calls: 87325
	Energy calls at each min: [1, 13809, 87325]
	Total force calls: 87325
	Force calls at each min: [1, 13809, 87325]
	Total steps: 90837

Verification against reference:
True minima found: 3/3

Verification against reference (saddles):
True saddles found: 2/2
Starting run 775
Identified minimum at [0.6234994  0.02803776] with energy -108.16672411685238
Identified minimum at [-0.05065687  0.46687915] with energy -80.76776123414449
Identified minimum at [-0.55822365  1.44172583] with energy -146.69951720995397
Simulation completed.


Energies of found minima:
Minimum 1: Position = [0.6234994  0.02803776], Energy = -108.16672411685238
Minimum 2: Position = [-0.05065687  0.46687915], Energy = -80.76776123414449
Minimum 3: Position = [-0.55822365  1.44172583], Energy = -146.69951720995397

Approximate saddle points between minima:
Saddle 1: Position = [0.30856547 0.31149961], Energy = -70.35343549072088
Saddle 2: Position = [-0.84141808  0.58920562], Energy = -40.27923154661185

Computational statistics:
	Total energy calls: 16247
	Energy calls at each min: [1, 2857, 16247]
	Total force calls: 16247
	Force calls at each min: [1, 2857, 16247]
	Total steps: 17046

Verification against reference:
True minima found: 3/3

Verification against reference (saddles):
True saddles found: 1/2
Missed saddles at positions:
[0.21248658 0.29298833]
Starting run 461
Identified minimum at [0.6234994  0.02803776] with energy -108.16672411685238
Identified minimum at [-0.05001091  0.46669413] with energy -80.76781812965807
Identified minimum at [-0.55822362  1.44172586] with energy -146.6995172099539
Simulation completed.


Energies of found minima:
Minimum 1: Position = [0.6234994  0.02803776], Energy = -108.16672411685238
Minimum 2: Position = [-0.05001091  0.46669413], Energy = -80.76781812965807
Minimum 3: Position = [-0.55822362  1.44172586], Energy = -146.6995172099539

Approximate saddle points between minima:
Saddle 1: Position = [0.17223172 0.27499416], Energy = -71.77594673581739
Saddle 2: Position = [-0.82482321  0.62225289], Energy = -40.662260950785594

Computational statistics:
	Total energy calls: 26563
	Energy calls at each min: [1, 4833, 26563]
	Total force calls: 26563
	Force calls at each min: [1, 4833, 26563]
	Total steps: 27916

Verification against reference:
True minima found: 3/3

Verification against reference (saddles):
True saddles found: 2/2
Starting run 971
Identified minimum at [0.6234994  0.02803776] with energy -108.16672411685238
Identified minimum at [-0.05001084  0.46669411] with energy -80.767818129659
Identified minimum at [-0.55822364  1.44172584] with energy -146.699517209954
Simulation completed.


Energies of found minima:
Minimum 1: Position = [0.6234994  0.02803776], Energy = -108.16672411685238
Minimum 2: Position = [-0.05001084  0.46669411], Energy = -80.767818129659
Minimum 3: Position = [-0.55822364  1.44172584], Energy = -146.699517209954

Approximate saddle points between minima:
Saddle 1: Position = [0.19915761 0.28287518], Energy = -72.18084655304536
Saddle 2: Position = [-0.82222156  0.58273532], Energy = -40.59347342779948

Computational statistics:
	Total energy calls: 22049
	Energy calls at each min: [1, 4086, 22049]
	Total force calls: 22049
	Force calls at each min: [1, 4086, 22049]
	Total steps: 23183

Verification against reference:
True minima found: 3/3

Verification against reference (saddles):
True saddles found: 2/2
Starting run 239
Identified minimum at [0.6234994  0.02803776] with energy -108.16672411685238
Identified minimum at [-0.55822364  1.44172585] with energy -146.69951720995397
BFGS Hessian has condition number >1e6 and cannot be reliably trusted; reverting to default behavior. 
Eigenvalues: [2.34136316e-02 1.23666518e+07]
BFGS Hessian has condition number >1e6 and cannot be reliably trusted; reverting to default behavior. 
Eigenvalues: [2.52281073e-02 4.32029805e+06]
Simulation completed.


Energies of found minima:
Minimum 1: Position = [0.6234994  0.02803776], Energy = -108.16672411685238
Minimum 2: Position = [-0.55822364  1.44172585], Energy = -146.69951720995397

Approximate saddle points between minima:
Saddle 1: Position = [-0.82168934  0.60760802], Energy = -40.66616252726253

Computational statistics:
	Total energy calls: 643803
	Energy calls at each min: [1, 21019]
	Total force calls: 643803
	Force calls at each min: [1, 21019]
	Total steps: 672138

Verification against reference:
True minima found: 2/3
Missed minima at positions:
[-0.05001082  0.4666941 ]

Verification against reference (saddles):
True saddles found: 1/2
Missed saddles at positions:
[0.21248658 0.29298833]
Starting run 852
Identified minimum at [0.6234994  0.02803776] with energy -108.16672411685238
Identified minimum at [-0.05001161  0.46669432] with energy -80.76781812957627
Identified minimum at [-0.55822362  1.44172586] with energy -146.6995172099539
Simulation completed.


Energies of found minima:
Minimum 1: Position = [0.6234994  0.02803776], Energy = -108.16672411685238
Minimum 2: Position = [-0.05001161  0.46669432], Energy = -80.76781812957627
Minimum 3: Position = [-0.55822362  1.44172586], Energy = -146.6995172099539

Approximate saddle points between minima:
Saddle 1: Position = [0.21724058 0.29101206], Energy = -72.25261228174082
Saddle 2: Position = [-0.81236293  0.62923913], Energy = -40.646776845598154

Computational statistics:
	Total energy calls: 21162
	Energy calls at each min: [1, 4113, 21162]
	Total force calls: 21162
	Force calls at each min: [1, 4113, 21162]
	Total steps: 22212

Verification against reference:
True minima found: 3/3

Verification against reference (saddles):
True saddles found: 2/2
Starting run 420
Identified minimum at [0.6234994  0.02803776] with energy -108.16672411685238
Identified minimum at [-0.05001087  0.46669411] with energy -80.76781812965882
Identified minimum at [-0.55822365  1.44172583] with energy -146.6995172099539
Simulation completed.


Energies of found minima:
Minimum 1: Position = [0.6234994  0.02803776], Energy = -108.16672411685238
Minimum 2: Position = [-0.05001087  0.46669411], Energy = -80.76781812965882
Minimum 3: Position = [-0.55822365  1.44172583], Energy = -146.6995172099539

Approximate saddle points between minima:
Saddle 1: Position = [0.23219203 0.30501284], Energy = -72.1114015870883
Saddle 2: Position = [-0.7988051  0.6327508], Energy = -40.60782765336583

Computational statistics:
	Total energy calls: 64429
	Energy calls at each min: [1, 9894, 64429]
	Total force calls: 64429
	Force calls at each min: [1, 9894, 64429]
	Total steps: 67595

Verification against reference:
True minima found: 3/3

Verification against reference (saddles):
True saddles found: 2/2
