Starting run 925
Identified minimum at [0.6234994  0.02803776] with energy -108.16672411685238
Identified minimum at [-0.05007743  0.46671664] with energy -80.76781745481834
Identified minimum at [-0.55822364  1.44172583] with energy -146.69951720995397
Simulation completed.


Energies of found minima:
Minimum 1: Position = [0.6234994  0.02803776], Energy = -108.16672411685238
Minimum 2: Position = [-0.05007743  0.46671664], Energy = -80.76781745481834
Minimum 3: Position = [-0.55822364  1.44172583], Energy = -146.69951720995397

Approximate saddle points between minima:
Saddle 1: Position = [0.21219103 0.29717411], Energy = -72.2532526629053
Saddle 2: Position = [-0.8312316   0.58848766], Energy = -40.44547205175196

Computational statistics:
	Total energy calls: 35478
	Energy calls at each min: [1, 4967, 35478]
	Total force calls: 35478
	Force calls at each min: [1, 4967, 35478]
	Total steps: 37030

Verification against reference:
True minima found: 3/3

Verification against reference (saddles):
True saddles found: 2/2
Starting run 989
Identified minimum at [0.6234994  0.02803776] with energy -108.16672411685238
Identified minimum at [-0.55822363  1.44172585] with energy -146.69951720995397
BFGS Hessian has condition number >1e6 and cannot be reliably trusted; reverting to default behavior. 
Eigenvalues: [3.62585217e-03 3.55289961e+06]
BFGS Hessian has condition number >1e6 and cannot be reliably trusted; reverting to default behavior. 
Eigenvalues: [2.84048461e-03 2.47318354e+06]
BFGS Hessian has condition number >1e6 and cannot be reliably trusted; reverting to default behavior. 
Eigenvalues: [2.42247376e-03 4.69997500e+04]
BFGS Hessian has condition number >1e6 and cannot be reliably trusted; reverting to default behavior. 
Eigenvalues: [4.31575440e-03 6.44091041e+07]
Simulation completed.


Energies of found minima:
Minimum 1: Position = [0.6234994  0.02803776], Energy = -108.16672411685238
Minimum 2: Position = [-0.55822363  1.44172585], Energy = -146.69951720995397

Approximate saddle points between minima:
Saddle 1: Position = [-0.80810134  0.60806786], Energy = -40.8196065301818

Computational statistics:
	Total energy calls: 648507
	Energy calls at each min: [1, 11784]
	Total force calls: 648507
	Force calls at each min: [1, 11784]
	Total steps: 679921

Verification against reference:
True minima found: 2/3
Missed minima at positions:
[-0.05001082  0.4666941 ]

Verification against reference (saddles):
True saddles found: 1/2
Missed saddles at positions:
[0.21248658 0.29298833]
Starting run 596
Identified minimum at [0.6234994  0.02803776] with energy -108.16672411685238
Identified minimum at [-0.55822365  1.44172582] with energy -146.69951720995385
BFGS Hessian has condition number >1e6 and cannot be reliably trusted; reverting to default behavior. 
Eigenvalues: [4.64934617e-03 2.09601854e+06]
Simulation completed.


Energies of found minima:
Minimum 1: Position = [0.6234994  0.02803776], Energy = -108.16672411685238
Minimum 2: Position = [-0.55822365  1.44172582], Energy = -146.69951720995385

Approximate saddle points between minima:
Saddle 1: Position = [-0.81818719  0.59045069], Energy = -40.70780354976414

Computational statistics:
	Total energy calls: 640822
	Energy calls at each min: [1, 12658]
	Total force calls: 640822
	Force calls at each min: [1, 12658]
	Total steps: 672574

Verification against reference:
True minima found: 2/3
Missed minima at positions:
[-0.05001082  0.4666941 ]

Verification against reference (saddles):
True saddles found: 1/2
Missed saddles at positions:
[0.21248658 0.29298833]
Starting run 719
Identified minimum at [0.6234994  0.02803776] with energy -108.16672411685238
Identified minimum at [-0.0504633   0.46681298] with energy -80.76779143586546
BFGS Hessian has condition number >1e6 and cannot be reliably trusted; reverting to default behavior. 
Eigenvalues: [2.51039558e-03 1.51351512e+07]
Identified minimum at [-0.55822363  1.44172585] with energy -146.69951720995402
Simulation completed.


Energies of found minima:
Minimum 1: Position = [0.6234994  0.02803776], Energy = -108.16672411685238
Minimum 2: Position = [-0.0504633   0.46681298], Energy = -80.76779143586546
Minimum 3: Position = [-0.55822363  1.44172585], Energy = -146.69951720995402

Approximate saddle points between minima:
Saddle 1: Position = [0.24394603 0.30438141], Energy = -71.98034150303724
Saddle 2: Position = [-0.84027829  0.61964217], Energy = -40.650967151352006

Computational statistics:
	Total energy calls: 34832
	Energy calls at each min: [1, 5781, 34832]
	Total force calls: 34832
	Force calls at each min: [1, 5781, 34832]
	Total steps: 36181

Verification against reference:
True minima found: 3/3

Verification against reference (saddles):
True saddles found: 2/2
Starting run 669
Identified minimum at [0.6234994  0.02803776] with energy -108.16672411685238
Identified minimum at [-0.05158716  0.4669991 ] with energy -80.76752536499734
Identified minimum at [-0.55822364  1.44172584] with energy -146.699517209954
Simulation completed.


Energies of found minima:
Minimum 1: Position = [0.6234994  0.02803776], Energy = -108.16672411685238
Minimum 2: Position = [-0.05158716  0.4669991 ], Energy = -80.76752536499734
Minimum 3: Position = [-0.55822364  1.44172584], Energy = -146.699517209954

Approximate saddle points between minima:
Saddle 1: Position = [0.30864433 0.30043654], Energy = -70.88124990464716
Saddle 2: Position = [-0.82235563  0.63624441], Energy = -40.672010785343204

Computational statistics:
	Total energy calls: 12806
	Energy calls at each min: [1, 3581, 12806]
	Total force calls: 12806
	Force calls at each min: [1, 3581, 12806]
	Total steps: 13403

Verification against reference:
True minima found: 2/3
Missed minima at positions:
[-0.05001082  0.4666941 ]

Verification against reference (saddles):
True saddles found: 1/2
Missed saddles at positions:
[0.21248658 0.29298833]
Starting run 696
Identified minimum at [0.6234994  0.02803776] with energy -108.16672411685238
Identified minimum at [-0.05021418  0.46673383] with energy -80.76781324805853
Identified minimum at [-0.55822362  1.44172586] with energy -146.69951720995388
Simulation completed.


Energies of found minima:
Minimum 1: Position = [0.6234994  0.02803776], Energy = -108.16672411685238
Minimum 2: Position = [-0.05021418  0.46673383], Energy = -80.76781324805853
Minimum 3: Position = [-0.55822362  1.44172586], Energy = -146.69951720995388

Approximate saddle points between minima:
Saddle 1: Position = [0.25373345 0.29925558], Energy = -71.94165669055279
Saddle 2: Position = [-0.83669288  0.52707205], Energy = -39.012245064252355

Computational statistics:
	Total energy calls: 14663
	Energy calls at each min: [1, 3401, 14663]
	Total force calls: 14663
	Force calls at each min: [1, 3401, 14663]
	Total steps: 15348

Verification against reference:
True minima found: 3/3

Verification against reference (saddles):
True saddles found: 1/2
Missed saddles at positions:
[-0.82200156  0.6243128 ]
Starting run 170
Identified minimum at [0.6234994  0.02803776] with energy -108.16672411685238
Identified minimum at [-0.05001084  0.46669412] with energy -80.76781812965888
Identified minimum at [-0.55822362  1.44172586] with energy -146.69951720995394
Simulation completed.


Energies of found minima:
Minimum 1: Position = [0.6234994  0.02803776], Energy = -108.16672411685238
Minimum 2: Position = [-0.05001084  0.46669412], Energy = -80.76781812965888
Minimum 3: Position = [-0.55822362  1.44172586], Energy = -146.69951720995394

Approximate saddle points between minima:
Saddle 1: Position = [0.24777725 0.3330956 ], Energy = -71.66300244121348
Saddle 2: Position = [-0.82895747  0.60688877], Energy = -40.59616940195789

Computational statistics:
	Total energy calls: 19711
	Energy calls at each min: [1, 5224, 19711]
	Total force calls: 19711
	Force calls at each min: [1, 5224, 19711]
	Total steps: 20749

Verification against reference:
True minima found: 3/3

Verification against reference (saddles):
True saddles found: 1/2
Missed saddles at positions:
[0.21248658 0.29298833]
Starting run 605
Identified minimum at [0.6234994  0.02803776] with energy -108.16672411685238
Identified minimum at [-0.05046396  0.46680973] with energy -80.76779170876023
Identified minimum at [-0.55822365  1.44172582] with energy -146.69951720995388
Simulation completed.


Energies of found minima:
Minimum 1: Position = [0.6234994  0.02803776], Energy = -108.16672411685238
Minimum 2: Position = [-0.05046396  0.46680973], Energy = -80.76779170876023
Minimum 3: Position = [-0.55822365  1.44172582], Energy = -146.69951720995388

Approximate saddle points between minima:
Saddle 1: Position = [0.2123516  0.30978206], Energy = -72.30618523990594
Saddle 2: Position = [-0.83358904  0.60086312], Energy = -40.512241794098244

Computational statistics:
	Total energy calls: 65126
	Energy calls at each min: [1, 12057, 65126]
	Total force calls: 65126
	Force calls at each min: [1, 12057, 65126]
	Total steps: 67654

Verification against reference:
True minima found: 3/3

Verification against reference (saddles):
True saddles found: 2/2
Starting run 870
Identified minimum at [0.6234994  0.02803776] with energy -108.16672411685238
Identified minimum at [-0.05001078  0.4666941 ] with energy -80.76781812965883
Identified minimum at [-0.55822364  1.44172584] with energy -146.699517209954
Simulation completed.


Energies of found minima:
Minimum 1: Position = [0.6234994  0.02803776], Energy = -108.16672411685238
Minimum 2: Position = [-0.05001078  0.4666941 ], Energy = -80.76781812965883
Minimum 3: Position = [-0.55822364  1.44172584], Energy = -146.699517209954

Approximate saddle points between minima:
Saddle 1: Position = [0.1866111  0.29647169], Energy = -72.23364486012798
Saddle 2: Position = [-0.83831104  0.61902216], Energy = -40.64284229358282

Computational statistics:
	Total energy calls: 28607
	Energy calls at each min: [1, 5020, 28607]
	Total force calls: 28607
	Force calls at each min: [1, 5020, 28607]
	Total steps: 30119

Verification against reference:
True minima found: 3/3

Verification against reference (saddles):
True saddles found: 2/2
Starting run 979
Identified minimum at [0.6234994  0.02803776] with energy -108.16672411685238
Identified minimum at [-0.55822364  1.44172584] with energy -146.699517209954
BFGS Hessian has condition number >1e6 and cannot be reliably trusted; reverting to default behavior. 
Eigenvalues: [9.36489552e-04 7.36734228e+07]
BFGS Hessian has condition number >1e6 and cannot be reliably trusted; reverting to default behavior. 
Eigenvalues: [3.21365893e-04 1.21749539e+08]
Simulation completed.


Energies of found minima:
Minimum 1: Position = [0.6234994  0.02803776], Energy = -108.16672411685238
Minimum 2: Position = [-0.55822364  1.44172584], Energy = -146.699517209954

Approximate saddle points between minima:
Saddle 1: Position = [-0.85457814  0.60924324], Energy = -40.489823863412

Computational statistics:
	Total energy calls: 645232
	Energy calls at each min: [1, 9677]
	Total force calls: 645232
	Force calls at each min: [1, 9677]
	Total steps: 676045

Verification against reference:
True minima found: 2/3
Missed minima at positions:
[-0.05001082  0.4666941 ]

Verification against reference (saddles):
True saddles found: 1/2
Missed saddles at positions:
[0.21248658 0.29298833]
