Starting run 345
Identified minimum at [0.6234994  0.02803776] with energy -108.16672411685238
Identified minimum at [-0.05009446  0.46672438] with energy -80.76781700606445
Identified minimum at [-0.55822365  1.44172582] with energy -146.69951720995388
Simulation completed.


Energies of found minima:
Minimum 1: Position = [0.6234994  0.02803776], Energy = -108.16672411685238
Minimum 2: Position = [-0.05009446  0.46672438], Energy = -80.76781700606445
Minimum 3: Position = [-0.55822365  1.44172582], Energy = -146.69951720995388

Approximate saddle points between minima:
Saddle 1: Position = [0.26183007 0.35211008], Energy = -71.04094523609521
Saddle 2: Position = [-0.83491178  0.58585187], Energy = -40.350234644387626

Computational statistics:
	Total energy calls: 23486
	Energy calls at each min: [1, 4770, 23486]
	Total force calls: 23486
	Force calls at each min: [1, 4770, 23486]
	Total steps: 24590

Verification against reference:
True minima found: 3/3

Verification against reference (saddles):
True saddles found: 1/2
Missed saddles at positions:
[0.21248658 0.29298833]
Starting run 832
Identified minimum at [0.6234994  0.02803776] with energy -108.16672411685238
Identified minimum at [-0.05001147  0.46669428] with energy -80.76781812960452
Identified minimum at [-0.55822365  1.44172583] with energy -146.69951720995397
Simulation completed.


Energies of found minima:
Minimum 1: Position = [0.6234994  0.02803776], Energy = -108.16672411685238
Minimum 2: Position = [-0.05001147  0.46669428], Energy = -80.76781812960452
Minimum 3: Position = [-0.55822365  1.44172583], Energy = -146.69951720995397

Approximate saddle points between minima:
Saddle 1: Position = [0.20806284 0.2893035 ], Energy = -72.2410985430944
Saddle 2: Position = [-0.81614545  0.60473584], Energy = -40.73256583559077

Computational statistics:
	Total energy calls: 35653
	Energy calls at each min: [1, 5991, 35653]
	Total force calls: 35653
	Force calls at each min: [1, 5991, 35653]
	Total steps: 37352

Verification against reference:
True minima found: 3/3

Verification against reference (saddles):
True saddles found: 2/2
Starting run 408
Identified minimum at [0.6234994  0.02803776] with energy -108.16672411685238
Identified minimum at [-0.05074738  0.46687531] with energy -80.76774938182503
Identified minimum at [-0.55822358  1.44172591] with energy -146.699517209952
Simulation completed.


Energies of found minima:
Minimum 1: Position = [0.6234994  0.02803776], Energy = -108.16672411685238
Minimum 2: Position = [-0.05074738  0.46687531], Energy = -80.76774938182503
Minimum 3: Position = [-0.55822358  1.44172591], Energy = -146.699517209952

Approximate saddle points between minima:
Saddle 1: Position = [0.22716208 0.29079881], Energy = -72.24587001617257
Saddle 2: Position = [-0.82677409  0.65575675], Energy = -40.8213486698632

Computational statistics:
	Total energy calls: 59410
	Energy calls at each min: [1, 9896, 59410]
	Total force calls: 59410
	Force calls at each min: [1, 9896, 59410]
	Total steps: 61594

Verification against reference:
True minima found: 3/3

Verification against reference (saddles):
True saddles found: 2/2
Starting run 916
Identified minimum at [0.6234994  0.02803776] with energy -108.16672411685238
BFGS Hessian has condition number >1e6 and cannot be reliably trusted; reverting to default behavior. 
Eigenvalues: [1.52307226e-03 4.63651011e+06]
BFGS Hessian has condition number >1e6 and cannot be reliably trusted; reverting to default behavior. 
Eigenvalues: [5.69403172e-04 2.48246621e+09]
Identified minimum at [-0.55822363  1.44172585] with energy -146.699517209954
BFGS Hessian has condition number >1e6 and cannot be reliably trusted; reverting to default behavior. 
Eigenvalues: [3.01934779e-03 5.88130972e+06]
BFGS Hessian has condition number >1e6 and cannot be reliably trusted; reverting to default behavior. 
Eigenvalues: [1.39970779e-02 3.17194772e+10]
BFGS Hessian has condition number >1e6 and cannot be reliably trusted; reverting to default behavior. 
Eigenvalues: [9.15039564e-03 4.88778465e+07]
BFGS Hessian has condition number >1e6 and cannot be reliably trusted; reverting to default behavior. 
Eigenvalues: [1.41112633e-03 7.73100090e+03]
BFGS Hessian has condition number >1e6 and cannot be reliably trusted; reverting to default behavior. 
Eigenvalues: [3.69303010e-03 1.84246653e+06]
Simulation completed.


Energies of found minima:
Minimum 1: Position = [0.6234994  0.02803776], Energy = -108.16672411685238
Minimum 2: Position = [-0.55822363  1.44172585], Energy = -146.699517209954

Approximate saddle points between minima:
Saddle 1: Position = [-0.82075716  0.62213826], Energy = -40.66673292679927

Computational statistics:
	Total energy calls: 630275
	Energy calls at each min: [1, 39769]
	Total force calls: 630275
	Force calls at each min: [1, 39769]
	Total steps: 655685

Verification against reference:
True minima found: 2/3
Missed minima at positions:
[-0.05001082  0.4666941 ]

Verification against reference (saddles):
True saddles found: 1/2
Missed saddles at positions:
[0.21248658 0.29298833]
Starting run 463
Identified minimum at [0.6234994  0.02803776] with energy -108.16672411685238
Identified minimum at [-0.05001562  0.4666953 ] with energy -80.76781812672631
Identified minimum at [-0.55822364  1.44172584] with energy -146.699517209954
Simulation completed.


Energies of found minima:
Minimum 1: Position = [0.6234994  0.02803776], Energy = -108.16672411685238
Minimum 2: Position = [-0.05001562  0.4666953 ], Energy = -80.76781812672631
Minimum 3: Position = [-0.55822364  1.44172584], Energy = -146.699517209954

Approximate saddle points between minima:
Saddle 1: Position = [0.21777619 0.29663928], Energy = -72.23851552556157
Saddle 2: Position = [-0.79402871  0.64457308], Energy = -40.41527863419811

Computational statistics:
	Total energy calls: 16822
	Energy calls at each min: [1, 3449, 16822]
	Total force calls: 16822
	Force calls at each min: [1, 3449, 16822]
	Total steps: 17672

Verification against reference:
True minima found: 3/3

Verification against reference (saddles):
True saddles found: 2/2
Starting run 823
Identified minimum at [0.6234994  0.02803776] with energy -108.16672411685238
Identified minimum at [-0.05003463  0.46669995] with energy -80.76781805789639
Identified minimum at [-0.55822364  1.44172584] with energy -146.69951720995402
Simulation completed.


Energies of found minima:
Minimum 1: Position = [0.6234994  0.02803776], Energy = -108.16672411685238
Minimum 2: Position = [-0.05003463  0.46669995], Energy = -80.76781805789639
Minimum 3: Position = [-0.55822364  1.44172584], Energy = -146.69951720995402

Approximate saddle points between minima:
Saddle 1: Position = [0.18502528 0.25743858], Energy = -71.93268039555926
Saddle 2: Position = [-0.82359396  0.57788742], Energy = -40.52830084927801

Computational statistics:
	Total energy calls: 45228
	Energy calls at each min: [1, 7058, 45228]
	Total force calls: 45228
	Force calls at each min: [1, 7058, 45228]
	Total steps: 47299

Verification against reference:
True minima found: 3/3

Verification against reference (saddles):
True saddles found: 2/2
Starting run 664
Identified minimum at [0.6234994  0.02803776] with energy -108.16672411685238
Identified minimum at [-0.05002078  0.46669619] with energy -80.76781811776189
Identified minimum at [-0.55822362  1.44172585] with energy -146.699517209954
Simulation completed.


Energies of found minima:
Minimum 1: Position = [0.6234994  0.02803776], Energy = -108.16672411685238
Minimum 2: Position = [-0.05002078  0.46669619], Energy = -80.76781811776189
Minimum 3: Position = [-0.55822362  1.44172585], Energy = -146.699517209954

Approximate saddle points between minima:
Saddle 1: Position = [0.19219476 0.27512576], Energy = -72.08306362959196
Saddle 2: Position = [-0.80993416  0.63672532], Energy = -40.593008810222884

Computational statistics:
	Total energy calls: 19525
	Energy calls at each min: [1, 4011, 19525]
	Total force calls: 19525
	Force calls at each min: [1, 4011, 19525]
	Total steps: 20481

Verification against reference:
True minima found: 3/3

Verification against reference (saddles):
True saddles found: 2/2
Starting run 185
Identified minimum at [0.6234994  0.02803776] with energy -108.16672411685238
Identified minimum at [-0.0500135   0.46669502] with energy -80.76781812856395
Identified minimum at [-0.55822365  1.44172583] with energy -146.6995172099539
Simulation completed.


Energies of found minima:
Minimum 1: Position = [0.6234994  0.02803776], Energy = -108.16672411685238
Minimum 2: Position = [-0.0500135   0.46669502], Energy = -80.76781812856395
Minimum 3: Position = [-0.55822365  1.44172583], Energy = -146.6995172099539

Approximate saddle points between minima:
Saddle 1: Position = [0.27546303 0.33637727], Energy = -70.71555961043967
Saddle 2: Position = [-0.82314312  0.59653235], Energy = -40.630515090492906

Computational statistics:
	Total energy calls: 14837
	Energy calls at each min: [1, 1970, 14837]
	Total force calls: 14837
	Force calls at each min: [1, 1970, 14837]
	Total steps: 15567

Verification against reference:
True minima found: 3/3

Verification against reference (saddles):
True saddles found: 1/2
Missed saddles at positions:
[0.21248658 0.29298833]
Starting run 558
Identified minimum at [0.6234994  0.02803776] with energy -108.16672411685238
Identified minimum at [-0.05103842  0.4669806 ] with energy -80.76767626815376
Identified minimum at [-0.55822361  1.44172587] with energy -146.69951720995363
Simulation completed.


Energies of found minima:
Minimum 1: Position = [0.6234994  0.02803776], Energy = -108.16672411685238
Minimum 2: Position = [-0.05103842  0.4669806 ], Energy = -80.76767626815376
Minimum 3: Position = [-0.55822361  1.44172587], Energy = -146.69951720995363

Approximate saddle points between minima:
Saddle 1: Position = [0.25497599 0.30214755], Energy = -71.86876662710253
Saddle 2: Position = [-0.81100175  0.62387011], Energy = -40.68178307851194

Computational statistics:
	Total energy calls: 16750
	Energy calls at each min: [1, 3003, 16750]
	Total force calls: 16750
	Force calls at each min: [1, 3003, 16750]
	Total steps: 17512

Verification against reference:
True minima found: 2/3
Missed minima at positions:
[-0.05001082  0.4666941 ]

Verification against reference (saddles):
True saddles found: 2/2
Starting run 562
Identified minimum at [0.6234994  0.02803776] with energy -108.16672411685238
Identified minimum at [-0.05001151  0.4666943 ] with energy -80.76781812959585
Identified minimum at [-0.55822362  1.44172586] with energy -146.69951720995394
Simulation completed.


Energies of found minima:
Minimum 1: Position = [0.6234994  0.02803776], Energy = -108.16672411685238
Minimum 2: Position = [-0.05001151  0.4666943 ], Energy = -80.76781812959585
Minimum 3: Position = [-0.55822362  1.44172586], Energy = -146.69951720995394

Approximate saddle points between minima:
Saddle 1: Position = [0.20752858 0.2881641 ], Energy = -72.23856979404741
Saddle 2: Position = [-0.83241276  0.62530118], Energy = -40.683511482946855

Computational statistics:
	Total energy calls: 20540
	Energy calls at each min: [1, 3529, 20540]
	Total force calls: 20540
	Force calls at each min: [1, 3529, 20540]
	Total steps: 21570

Verification against reference:
True minima found: 3/3

Verification against reference (saddles):
True saddles found: 2/2
