Starting run 221
Identified minimum at [0.6234994  0.02803776] with energy -108.16672411685238
Identified minimum at [-0.05001724  0.46669547] with energy -80.76781812469858
Identified minimum at [-0.55822363  1.44172585] with energy -146.699517209954
Simulation completed.


Energies of found minima:
Minimum 1: Position = [0.6234994  0.02803776], Energy = -108.16672411685238
Minimum 2: Position = [-0.05001724  0.46669547], Energy = -80.76781812469858
Minimum 3: Position = [-0.55822363  1.44172585], Energy = -146.699517209954

Approximate saddle points between minima:
Saddle 1: Position = [0.21593797 0.29314033], Energy = -72.24747371611438
Saddle 2: Position = [-0.83624401  0.62683463], Energy = -40.71007726995312

Computational statistics:
	Total energy calls: 47147
	Energy calls at each min: [1, 7629, 47147]
	Total force calls: 47147
	Force calls at each min: [1, 7629, 47147]
	Total steps: 49379

Verification against reference:
True minima found: 3/3

Verification against reference (saddles):
True saddles found: 2/2
Starting run 644
Identified minimum at [0.6234994  0.02803776] with energy -108.16672411685238
Identified minimum at [-0.05010973  0.4667173 ] with energy -80.76781691264878
Identified minimum at [-0.55822363  1.44172584] with energy -146.699517209954
Simulation completed.


Energies of found minima:
Minimum 1: Position = [0.6234994  0.02803776], Energy = -108.16672411685238
Minimum 2: Position = [-0.05010973  0.4667173 ], Energy = -80.76781691264878
Minimum 3: Position = [-0.55822363  1.44172584], Energy = -146.699517209954

Approximate saddle points between minima:
Saddle 1: Position = [0.15251983 0.2910117 ], Energy = -71.84294187695846
Saddle 2: Position = [-0.82248037  0.59193132], Energy = -40.627967176185365

Computational statistics:
	Total energy calls: 26937
	Energy calls at each min: [1, 4694, 26937]
	Total force calls: 26937
	Force calls at each min: [1, 4694, 26937]
	Total steps: 28219

Verification against reference:
True minima found: 3/3

Verification against reference (saddles):
True saddles found: 1/2
Missed saddles at positions:
[0.21248658 0.29298833]
Starting run 993
Identified minimum at [0.6234994  0.02803776] with energy -108.16672411685238
Identified minimum at [-0.05035002  0.46676463] with energy -80.76780434067996
Identified minimum at [-0.55822365  1.44172583] with energy -146.69951720995397
Simulation completed.


Energies of found minima:
Minimum 1: Position = [0.6234994  0.02803776], Energy = -108.16672411685238
Minimum 2: Position = [-0.05035002  0.46676463], Energy = -80.76780434067996
Minimum 3: Position = [-0.55822365  1.44172583], Energy = -146.69951720995397

Approximate saddle points between minima:
Saddle 1: Position = [0.19440694 0.24739054], Energy = -72.24572438924076
Saddle 2: Position = [-0.81046858  0.63738152], Energy = -40.59155278474833

Computational statistics:
	Total energy calls: 14596
	Energy calls at each min: [1, 2742, 14596]
	Total force calls: 14596
	Force calls at each min: [1, 2742, 14596]
	Total steps: 15339

Verification against reference:
True minima found: 3/3

Verification against reference (saddles):
True saddles found: 2/2
Starting run 407
Identified minimum at [0.6234994  0.02803776] with energy -108.16672411685238
Identified minimum at [-0.05053952  0.46690639] with energy -80.76776873056424
BFGS Hessian has condition number >1e6 and cannot be reliably trusted; reverting to default behavior. 
Eigenvalues: [4.37979922e-02 1.87483888e+08]
Identified minimum at [-0.55822364  1.44172584] with energy -146.699517209954
Simulation completed.


Energies of found minima:
Minimum 1: Position = [0.6234994  0.02803776], Energy = -108.16672411685238
Minimum 2: Position = [-0.05053952  0.46690639], Energy = -80.76776873056424
Minimum 3: Position = [-0.55822364  1.44172584], Energy = -146.699517209954

Approximate saddle points between minima:
Saddle 1: Position = [0.21596289 0.29192448], Energy = -72.24997811172513
Saddle 2: Position = [-0.83878755  0.63089276], Energy = -40.76618137351298

Computational statistics:
	Total energy calls: 62860
	Energy calls at each min: [1, 11814, 62860]
	Total force calls: 62860
	Force calls at each min: [1, 11814, 62860]
	Total steps: 65223

Verification against reference:
True minima found: 3/3

Verification against reference (saddles):
True saddles found: 2/2
Starting run 155
Identified minimum at [0.6234994  0.02803776] with energy -108.16672411685238
Identified minimum at [-0.05057664  0.46685182] with energy -80.76777513310026
Identified minimum at [-0.55822364  1.44172583] with energy -146.69951720995397
Simulation completed.


Energies of found minima:
Minimum 1: Position = [0.6234994  0.02803776], Energy = -108.16672411685238
Minimum 2: Position = [-0.05057664  0.46685182], Energy = -80.76777513310026
Minimum 3: Position = [-0.55822364  1.44172583], Energy = -146.69951720995397

Approximate saddle points between minima:
Saddle 1: Position = [0.22544347 0.28687226], Energy = -72.28351591162811
Saddle 2: Position = [-0.82403881  0.63906931], Energy = -40.691918173780934

Computational statistics:
	Total energy calls: 15987
	Energy calls at each min: [1, 3442, 15987]
	Total force calls: 15987
	Force calls at each min: [1, 3442, 15987]
	Total steps: 16753

Verification against reference:
True minima found: 3/3

Verification against reference (saddles):
True saddles found: 2/2
Starting run 516
Identified minimum at [0.6234994  0.02803776] with energy -108.16672411685238
Identified minimum at [-0.0507287   0.46694963] with energy -80.7677364851134
Identified minimum at [-0.55822362  1.44172586] with energy -146.69951720995388
Simulation completed.


Energies of found minima:
Minimum 1: Position = [0.6234994  0.02803776], Energy = -108.16672411685238
Minimum 2: Position = [-0.0507287   0.46694963], Energy = -80.7677364851134
Minimum 3: Position = [-0.55822362  1.44172586], Energy = -146.69951720995388

Approximate saddle points between minima:
Saddle 1: Position = [0.22940741 0.31341289], Energy = -72.11748202555887
Saddle 2: Position = [-0.84379675  0.51298419], Energy = -38.11246697456403

Computational statistics:
	Total energy calls: 42431
	Energy calls at each min: [1, 6825, 42431]
	Total force calls: 42431
	Force calls at each min: [1, 6825, 42431]
	Total steps: 44183

Verification against reference:
True minima found: 3/3

Verification against reference (saddles):
True saddles found: 1/2
Missed saddles at positions:
[-0.82200156  0.6243128 ]
Starting run 109
Identified minimum at [0.6234994  0.02803776] with energy -108.16672411685238
BFGS Hessian has condition number >1e6 and cannot be reliably trusted; reverting to default behavior. 
Eigenvalues: [6.72586117e-04 6.96536027e+07]
BFGS Hessian has condition number >1e6 and cannot be reliably trusted; reverting to default behavior. 
Eigenvalues: [5.79930417e-03 8.24691463e+07]
Identified minimum at [-0.5582235   1.44172602] with energy -146.69951720994163
BFGS Hessian has condition number >1e6 and cannot be reliably trusted; reverting to default behavior. 
Eigenvalues: [5.92105091e-04 9.86812607e+07]
BFGS Hessian has condition number >1e6 and cannot be reliably trusted; reverting to default behavior. 
Eigenvalues: [5.34389168e-04 2.00700165e+08]
BFGS Hessian has condition number >1e6 and cannot be reliably trusted; reverting to default behavior. 
Eigenvalues: [9.79155302e-04 4.73182390e+08]
BFGS Hessian has condition number >1e6 and cannot be reliably trusted; reverting to default behavior. 
Eigenvalues: [4.65731137e-06 7.76976646e+10]
BFGS Hessian has condition number >1e6 and cannot be reliably trusted; reverting to default behavior. 
Eigenvalues: [2.02467088e-02 1.97566066e+08]
BFGS Hessian has condition number >1e6 and cannot be reliably trusted; reverting to default behavior. 
Eigenvalues: [1.05983019e-03 1.78053932e+09]
BFGS Hessian has condition number >1e6 and cannot be reliably trusted; reverting to default behavior. 
Eigenvalues: [7.7075325e-05 4.2702094e+07]
BFGS Hessian has condition number >1e6 and cannot be reliably trusted; reverting to default behavior. 
Eigenvalues: [4.54744368e-04 3.13739704e+05]
BFGS Hessian has condition number >1e6 and cannot be reliably trusted; reverting to default behavior. 
Eigenvalues: [5.32730622e-03 5.10990565e+06]
BFGS Hessian has condition number >1e6 and cannot be reliably trusted; reverting to default behavior. 
Eigenvalues: [2.21432415e-02 5.69066968e+07]
Simulation completed.


Energies of found minima:
Minimum 1: Position = [0.6234994  0.02803776], Energy = -108.16672411685238
Minimum 2: Position = [-0.5582235   1.44172602], Energy = -146.69951720994163

Approximate saddle points between minima:
Saddle 1: Position = [-0.82116411  0.58400962], Energy = -40.62439071053808

Computational statistics:
	Total energy calls: 619268
	Energy calls at each min: [1, 57174]
	Total force calls: 619268
	Force calls at each min: [1, 57174]
	Total steps: 640401

Verification against reference:
True minima found: 2/3
Missed minima at positions:
[-0.05001082  0.4666941 ]

Verification against reference (saddles):
True saddles found: 1/2
Missed saddles at positions:
[0.21248658 0.29298833]
Starting run 585
Identified minimum at [0.6234994  0.02803776] with energy -108.16672411685238
Identified minimum at [-0.05001285  0.46669454] with energy -80.76781812916204
Identified minimum at [-0.55822365  1.44172582] with energy -146.69951720995388
Simulation completed.


Energies of found minima:
Minimum 1: Position = [0.6234994  0.02803776], Energy = -108.16672411685238
Minimum 2: Position = [-0.05001285  0.46669454], Energy = -80.76781812916204
Minimum 3: Position = [-0.55822365  1.44172582], Energy = -146.69951720995388

Approximate saddle points between minima:
Saddle 1: Position = [0.22437581 0.29026982], Energy = -72.25396428395504
Saddle 2: Position = [-0.79834545  0.62498529], Energy = -40.72006682722502

Computational statistics:
	Total energy calls: 13872
	Energy calls at each min: [1, 2451, 13872]
	Total force calls: 13872
	Force calls at each min: [1, 2451, 13872]
	Total steps: 14559

Verification against reference:
True minima found: 3/3

Verification against reference (saddles):
True saddles found: 2/2
Starting run 205
Identified minimum at [0.6234994  0.02803776] with energy -108.16672411685238
Identified minimum at [-0.05056239  0.4668349 ] with energy -80.76777897661599
BFGS Hessian has condition number >1e6 and cannot be reliably trusted; reverting to default behavior. 
Eigenvalues: [8.28579068e-05 1.30777349e+09]
Identified minimum at [-0.55822363  1.44172584] with energy -146.69951720995402
Simulation completed.


Energies of found minima:
Minimum 1: Position = [0.6234994  0.02803776], Energy = -108.16672411685238
Minimum 2: Position = [-0.05056239  0.4668349 ], Energy = -80.76777897661599
Minimum 3: Position = [-0.55822363  1.44172584], Energy = -146.69951720995402

Approximate saddle points between minima:
Saddle 1: Position = [0.2076395  0.29934005], Energy = -72.2714309716099
Saddle 2: Position = [-0.82068352  0.62107253], Energy = -40.667763446255705

Computational statistics:
	Total energy calls: 69412
	Energy calls at each min: [1, 12794, 69412]
	Total force calls: 69412
	Force calls at each min: [1, 12794, 69412]
	Total steps: 72104

Verification against reference:
True minima found: 3/3

Verification against reference (saddles):
True saddles found: 2/2
Starting run 593
Identified minimum at [0.6234994  0.02803776] with energy -108.16672411685238
Identified minimum at [-0.05001087  0.46669413] with energy -80.76781812965862
BFGS Hessian has condition number >1e6 and cannot be reliably trusted; reverting to default behavior. 
Eigenvalues: [1.48302480e-03 2.11429166e+07]
Identified minimum at [-0.55822363  1.44172584] with energy -146.699517209954
Simulation completed.


Energies of found minima:
Minimum 1: Position = [0.6234994  0.02803776], Energy = -108.16672411685238
Minimum 2: Position = [-0.05001087  0.46669413], Energy = -80.76781812965862
Minimum 3: Position = [-0.55822363  1.44172584], Energy = -146.699517209954

Approximate saddle points between minima:
Saddle 1: Position = [0.2142988  0.29616925], Energy = -72.24762671540273
Saddle 2: Position = [-0.83269591  0.61821064], Energy = -40.638574278746304

Computational statistics:
	Total energy calls: 18038
	Energy calls at each min: [1, 2348, 18038]
	Total force calls: 18038
	Force calls at each min: [1, 2348, 18038]
	Total steps: 18952

Verification against reference:
True minima found: 3/3

Verification against reference (saddles):
True saddles found: 2/2
