Starting run 282
Identified minimum at [0.6234994  0.02803776] with energy -108.16672411685238
BFGS Hessian has condition number >1e6 and cannot be reliably trusted; reverting to default behavior. 
Eigenvalues: [1.66396164e-03 1.05565443e+07]
Identified minimum at [-0.05001098  0.46669414] with energy -80.76781812965623
Identified minimum at [-0.55822365  1.44172583] with energy -146.69951720995397
Simulation completed.


Energies of found minima:
Minimum 1: Position = [0.6234994  0.02803776], Energy = -108.16672411685238
Minimum 2: Position = [-0.05001098  0.46669414], Energy = -80.76781812965623
Minimum 3: Position = [-0.55822365  1.44172583], Energy = -146.69951720995397

Approximate saddle points between minima:
Saddle 1: Position = [0.19517615 0.28497169], Energy = -72.15867364537446
Saddle 2: Position = [-0.89909444  0.58386141], Energy = -39.47684714285308

Computational statistics:
	Total energy calls: 21308
	Energy calls at each min: [1, 3777, 21308]
	Total force calls: 21308
	Force calls at each min: [1, 3777, 21308]
	Total steps: 22403

Verification against reference:
True minima found: 3/3

Verification against reference (saddles):
True saddles found: 1/2
Missed saddles at positions:
[-0.82200156  0.6243128 ]
Starting run 611
Identified minimum at [0.6234994  0.02803776] with energy -108.16672411685238
Identified minimum at [-0.05001202  0.46669436] with energy -80.76781812948686
Identified minimum at [-0.55822365  1.44172582] with energy -146.69951720995385
Simulation completed.


Energies of found minima:
Minimum 1: Position = [0.6234994  0.02803776], Energy = -108.16672411685238
Minimum 2: Position = [-0.05001202  0.46669436], Energy = -80.76781812948686
Minimum 3: Position = [-0.55822365  1.44172582], Energy = -146.69951720995385

Approximate saddle points between minima:
Saddle 1: Position = [0.22630146 0.28419676], Energy = -72.31320966284122
Saddle 2: Position = [-0.82750124  0.61691208], Energy = -40.644000626731554

Computational statistics:
	Total energy calls: 73674
	Energy calls at each min: [1, 10792, 73674]
	Total force calls: 73674
	Force calls at each min: [1, 10792, 73674]
	Total steps: 77017

Verification against reference:
True minima found: 3/3

Verification against reference (saddles):
True saddles found: 2/2
Starting run 744
Identified minimum at [0.6234994  0.02803776] with energy -108.16672411685238
Identified minimum at [-0.05015956  0.46672389] with energy -80.76781550317851
Identified minimum at [-0.55822362  1.44172586] with energy -146.6995172099539
Simulation completed.


Energies of found minima:
Minimum 1: Position = [0.6234994  0.02803776], Energy = -108.16672411685238
Minimum 2: Position = [-0.05015956  0.46672389], Energy = -80.76781550317851
Minimum 3: Position = [-0.55822362  1.44172586], Energy = -146.6995172099539

Approximate saddle points between minima:
Saddle 1: Position = [0.1508024  0.28507559], Energy = -71.64234859818355
Saddle 2: Position = [-0.79563595  0.61944007], Energy = -40.823532005404175

Computational statistics:
	Total energy calls: 24889
	Energy calls at each min: [1, 4126, 24889]
	Total force calls: 24889
	Force calls at each min: [1, 4126, 24889]
	Total steps: 26078

Verification against reference:
True minima found: 3/3

Verification against reference (saddles):
True saddles found: 1/2
Missed saddles at positions:
[0.21248658 0.29298833]
Starting run 88
Identified minimum at [0.6234994  0.02803776] with energy -108.16672411685238
Identified minimum at [-0.05049308  0.46680217] with energy -80.76778963962145
Identified minimum at [-0.55822365  1.44172582] with energy -146.69951720995385
Simulation completed.


Energies of found minima:
Minimum 1: Position = [0.6234994  0.02803776], Energy = -108.16672411685238
Minimum 2: Position = [-0.05049308  0.46680217], Energy = -80.76778963962145
Minimum 3: Position = [-0.55822365  1.44172582], Energy = -146.69951720995385

Approximate saddle points between minima:
Saddle 1: Position = [0.20878836 0.28445514], Energy = -72.2462657073583
Saddle 2: Position = [-0.85005712  0.53653724], Energy = -38.78958091983935

Computational statistics:
	Total energy calls: 11813
	Energy calls at each min: [1, 2475, 11813]
	Total force calls: 11813
	Force calls at each min: [1, 2475, 11813]
	Total steps: 12393

Verification against reference:
True minima found: 3/3

Verification against reference (saddles):
True saddles found: 1/2
Missed saddles at positions:
[-0.82200156  0.6243128 ]
Starting run 899
Identified minimum at [0.6234994  0.02803776] with energy -108.16672411685238
Identified minimum at [-0.05028251  0.46686229] with energy -80.76779554911822
Identified minimum at [-0.55822362  1.44172586] with energy -146.6995172099538
Simulation completed.


Energies of found minima:
Minimum 1: Position = [0.6234994  0.02803776], Energy = -108.16672411685238
Minimum 2: Position = [-0.05028251  0.46686229], Energy = -80.76779554911822
Minimum 3: Position = [-0.55822362  1.44172586], Energy = -146.6995172099538

Approximate saddle points between minima:
Saddle 1: Position = [0.25880207 0.3078308 ], Energy = -71.69881034616412
Saddle 2: Position = [-0.80403196  0.60899495], Energy = -40.86461030553649

Computational statistics:
	Total energy calls: 5673
	Energy calls at each min: [1, 1630, 5673]
	Total force calls: 5673
	Force calls at each min: [1, 1630, 5673]
	Total steps: 5939

Verification against reference:
True minima found: 3/3

Verification against reference (saddles):
True saddles found: 2/2
Starting run 488
Identified minimum at [0.6234994  0.02803776] with energy -108.16672411685238
Identified minimum at [-0.05001714  0.46669611] with energy -80.76781812386923
Identified minimum at [-0.5582236   1.44172588] with energy -146.69951720995337
Simulation completed.


Energies of found minima:
Minimum 1: Position = [0.6234994  0.02803776], Energy = -108.16672411685238
Minimum 2: Position = [-0.05001714  0.46669611], Energy = -80.76781812386923
Minimum 3: Position = [-0.5582236   1.44172588], Energy = -146.69951720995337

Approximate saddle points between minima:
Saddle 1: Position = [0.2266413  0.29928866], Energy = -72.18883337774574
Saddle 2: Position = [-0.82593856  0.56766941], Energy = -40.36263147503845

Computational statistics:
	Total energy calls: 10002
	Energy calls at each min: [1, 2276, 10002]
	Total force calls: 10002
	Force calls at each min: [1, 2276, 10002]
	Total steps: 10488

Verification against reference:
True minima found: 3/3

Verification against reference (saddles):
True saddles found: 1/2
Missed saddles at positions:
[-0.82200156  0.6243128 ]
Starting run 443
Identified minimum at [0.6234994  0.02803776] with energy -108.16672411685238
BFGS Hessian has condition number >1e6 and cannot be reliably trusted; reverting to default behavior. 
Eigenvalues: [8.00341484e-04 7.97225964e+05]
BFGS Hessian has condition number >1e6 and cannot be reliably trusted; reverting to default behavior. 
Eigenvalues: [1.44050235e-03 8.49999186e+07]
Identified minimum at [-0.05001261  0.46669448] with energy -80.76781812927341
BFGS Hessian has condition number >1e6 and cannot be reliably trusted; reverting to default behavior. 
Eigenvalues: [3.21584940e-03 5.86962928e+09]
Identified minimum at [-0.55822364  1.44172584] with energy -146.699517209954
Simulation completed.


Energies of found minima:
Minimum 1: Position = [0.6234994  0.02803776], Energy = -108.16672411685238
Minimum 2: Position = [-0.05001261  0.46669448], Energy = -80.76781812927341
Minimum 3: Position = [-0.55822364  1.44172584], Energy = -146.699517209954

Approximate saddle points between minima:
Saddle 1: Position = [0.17382873 0.26548512], Energy = -71.70170238140165
Saddle 2: Position = [-0.83871043  0.62009182], Energy = -40.65375308993527

Computational statistics:
	Total energy calls: 21699
	Energy calls at each min: [1, 4650, 21699]
	Total force calls: 21699
	Force calls at each min: [1, 4650, 21699]
	Total steps: 22729

Verification against reference:
True minima found: 3/3

Verification against reference (saddles):
True saddles found: 2/2
Starting run 24
Identified minimum at [0.6234994  0.02803776] with energy -108.16672411685238
Identified minimum at [-0.05042561  0.46679821] with energy -80.76779614949663
Identified minimum at [-0.55822364  1.44172584] with energy -146.699517209954
Simulation completed.


Energies of found minima:
Minimum 1: Position = [0.6234994  0.02803776], Energy = -108.16672411685238
Minimum 2: Position = [-0.05042561  0.46679821], Energy = -80.76779614949663
Minimum 3: Position = [-0.55822364  1.44172584], Energy = -146.699517209954

Approximate saddle points between minima:
Saddle 1: Position = [0.22580157 0.31337959], Energy = -72.16801733465948
Saddle 2: Position = [-0.82869084  0.62487462], Energy = -40.672259884062164

Computational statistics:
	Total energy calls: 31924
	Energy calls at each min: [1, 6087, 31924]
	Total force calls: 31924
	Force calls at each min: [1, 6087, 31924]
	Total steps: 33358

Verification against reference:
True minima found: 3/3

Verification against reference (saddles):
True saddles found: 2/2
Starting run 599
Identified minimum at [0.6234994  0.02803776] with energy -108.16672411685238
Identified minimum at [-0.55822365  1.44172583] with energy -146.6995172099539
BFGS Hessian has condition number >1e6 and cannot be reliably trusted; reverting to default behavior. 
Eigenvalues: [7.16745853e-06 2.44825513e+08]
BFGS Hessian has condition number >1e6 and cannot be reliably trusted; reverting to default behavior. 
Eigenvalues: [9.48865176e-03 8.25429802e+06]
BFGS Hessian has condition number >1e6 and cannot be reliably trusted; reverting to default behavior. 
Eigenvalues: [2.72593487e-03 7.27892591e+03]
BFGS Hessian has condition number >1e6 and cannot be reliably trusted; reverting to default behavior. 
Eigenvalues: [3.71339510e-03 2.82517545e+06]
BFGS Hessian has condition number >1e6 and cannot be reliably trusted; reverting to default behavior. 
Eigenvalues: [2.19792128e-07 3.10772930e+08]
BFGS Hessian has condition number >1e6 and cannot be reliably trusted; reverting to default behavior. 
Eigenvalues: [2.04042299e-03 7.25664020e+07]
BFGS Hessian has condition number >1e6 and cannot be reliably trusted; reverting to default behavior. 
Eigenvalues: [5.05472766e-03 5.96231529e+06]
BFGS Hessian has condition number >1e6 and cannot be reliably trusted; reverting to default behavior. 
Eigenvalues: [1.31345354e-03 1.09566260e+07]
BFGS Hessian has condition number >1e6 and cannot be reliably trusted; reverting to default behavior. 
Eigenvalues: [2.75671482e-07 1.57696453e+08]
BFGS Hessian has condition number >1e6 and cannot be reliably trusted; reverting to default behavior. 
Eigenvalues: [2.16691894e-03 9.23208557e+06]
Simulation completed.


Energies of found minima:
Minimum 1: Position = [0.6234994  0.02803776], Energy = -108.16672411685238
Minimum 2: Position = [-0.55822365  1.44172583], Energy = -146.6995172099539

Approximate saddle points between minima:
Saddle 1: Position = [-0.74570549  0.65502325], Energy = -39.91427712099188

Computational statistics:
	Total energy calls: 651526
	Energy calls at each min: [1, 12150]
	Total force calls: 651526
	Force calls at each min: [1, 12150]
	Total steps: 683331

Verification against reference:
True minima found: 2/3
Missed minima at positions:
[-0.05001082  0.4666941 ]

Verification against reference (saddles):
True saddles found: 0/2
Missed saddles at positions:
[0.21248658 0.29298833]
[-0.82200156  0.6243128 ]
Starting run 559
Identified minimum at [0.6234994  0.02803776] with energy -108.16672411685238
Identified minimum at [-0.55822361  1.44172587] with energy -146.6995172099537
BFGS Hessian has condition number >1e6 and cannot be reliably trusted; reverting to default behavior. 
Eigenvalues: [6.59024453e-03 4.67927615e+06]
BFGS Hessian has condition number >1e6 and cannot be reliably trusted; reverting to default behavior. 
Eigenvalues: [1.56038454e-03 5.09356718e+03]
BFGS Hessian has condition number >1e6 and cannot be reliably trusted; reverting to default behavior. 
Eigenvalues: [8.16846092e-03 1.94200693e+07]
BFGS Hessian has condition number >1e6 and cannot be reliably trusted; reverting to default behavior. 
Eigenvalues: [4.76837158e-07 3.06799757e+09]
Simulation completed.


Energies of found minima:
Minimum 1: Position = [0.6234994  0.02803776], Energy = -108.16672411685238
Minimum 2: Position = [-0.55822361  1.44172587], Energy = -146.6995172099537

Approximate saddle points between minima:
Saddle 1: Position = [-0.84268409  0.60882266], Energy = -40.5210119000472

Computational statistics:
	Total energy calls: 646870
	Energy calls at each min: [1, 16440]
	Total force calls: 646870
	Force calls at each min: [1, 16440]
	Total steps: 676763

Verification against reference:
True minima found: 2/3
Missed minima at positions:
[-0.05001082  0.4666941 ]

Verification against reference (saddles):
True saddles found: 1/2
Missed saddles at positions:
[0.21248658 0.29298833]
