Starting run 225
Identified minimum at [0.6234994  0.02803776] with energy -108.16672411685238
BFGS Hessian has condition number >1e6 and cannot be reliably trusted; reverting to default behavior. 
Eigenvalues: [2.89190545e-03 7.38433514e+05]
Identified minimum at [-0.050559    0.46682643] with energy -80.76778033729198
BFGS Hessian has condition number >1e6 and cannot be reliably trusted; reverting to default behavior. 
Eigenvalues: [2.50118392e-03 2.28698842e+06]
Identified minimum at [-0.55822365  1.44172582] with energy -146.69951720995385
Simulation completed.


Energies of found minima:
Minimum 1: Position = [0.6234994  0.02803776], Energy = -108.16672411685238
Minimum 2: Position = [-0.050559    0.46682643], Energy = -80.76778033729198
Minimum 3: Position = [-0.55822365  1.44172582], Energy = -146.69951720995385

Approximate saddle points between minima:
Saddle 1: Position = [0.25413567 0.28699921], Energy = -72.21815440212019
Saddle 2: Position = [-0.84917675  0.60814975], Energy = -40.48484763950927

Computational statistics:
	Total energy calls: 37073
	Energy calls at each min: [1, 6049, 37073]
	Total force calls: 37073
	Force calls at each min: [1, 6049, 37073]
	Total steps: 38651

Verification against reference:
True minima found: 3/3

Verification against reference (saddles):
True saddles found: 2/2
Starting run 730
Identified minimum at [0.6234994  0.02803776] with energy -108.16672411685238
Identified minimum at [-0.0500108  0.4666941] with energy -80.76781812965896
BFGS Hessian has condition number >1e6 and cannot be reliably trusted; reverting to default behavior. 
Eigenvalues: [2.96489795e-03 3.82743301e+05]
Identified minimum at [-0.55822365  1.44172583] with energy -146.69951720995397
Simulation completed.


Energies of found minima:
Minimum 1: Position = [0.6234994  0.02803776], Energy = -108.16672411685238
Minimum 2: Position = [-0.0500108  0.4666941], Energy = -80.76781812965896
Minimum 3: Position = [-0.55822365  1.44172583], Energy = -146.69951720995397

Approximate saddle points between minima:
Saddle 1: Position = [0.21902249 0.30155006], Energy = -72.22967113111574
Saddle 2: Position = [-0.80711189  0.63454778], Energy = -40.59865875334408

Computational statistics:
	Total energy calls: 47477
	Energy calls at each min: [1, 10343, 47477]
	Total force calls: 47477
	Force calls at each min: [1, 10343, 47477]
	Total steps: 49843

Verification against reference:
True minima found: 3/3

Verification against reference (saddles):
True saddles found: 2/2
Starting run 621
Identified minimum at [0.6234994  0.02803776] with energy -108.16672411685238
Identified minimum at [-0.05001106  0.46669417] with energy -80.7678181296512
Identified minimum at [-0.55822365  1.44172583] with energy -146.69951720995394
Simulation completed.


Energies of found minima:
Minimum 1: Position = [0.6234994  0.02803776], Energy = -108.16672411685238
Minimum 2: Position = [-0.05001106  0.46669417], Energy = -80.7678181296512
Minimum 3: Position = [-0.55822365  1.44172583], Energy = -146.69951720995394

Approximate saddle points between minima:
Saddle 1: Position = [0.25913125 0.34871937], Energy = -71.1781707076884
Saddle 2: Position = [-0.78856468  0.66537204], Energy = -40.02073306787925

Computational statistics:
	Total energy calls: 60052
	Energy calls at each min: [1, 8675, 60052]
	Total force calls: 60052
	Force calls at each min: [1, 8675, 60052]
	Total steps: 62856

Verification against reference:
True minima found: 3/3

Verification against reference (saddles):
True saddles found: 0/2
Missed saddles at positions:
[0.21248658 0.29298833]
[-0.82200156  0.6243128 ]
Starting run 311
Identified minimum at [0.6234994  0.02803776] with energy -108.16672411685238
Identified minimum at [-0.0500118   0.46669427] with energy -80.76781812954916
Identified minimum at [-0.55822363  1.44172584] with energy -146.699517209954
Simulation completed.


Energies of found minima:
Minimum 1: Position = [0.6234994  0.02803776], Energy = -108.16672411685238
Minimum 2: Position = [-0.0500118   0.46669427], Energy = -80.76781812954916
Minimum 3: Position = [-0.55822363  1.44172584], Energy = -146.699517209954

Approximate saddle points between minima:
Saddle 1: Position = [0.23138242 0.33469052], Energy = -72.10795367307273
Saddle 2: Position = [-0.81592798  0.62194282], Energy = -40.67793547172164

Computational statistics:
	Total energy calls: 62524
	Energy calls at each min: [1, 11156, 62524]
	Total force calls: 62524
	Force calls at each min: [1, 11156, 62524]
	Total steps: 65395

Verification against reference:
True minima found: 3/3

Verification against reference (saddles):
True saddles found: 2/2
Starting run 814
Identified minimum at [0.6234994  0.02803776] with energy -108.16672411685238
Identified minimum at [-0.05057213  0.46682509] with energy -80.76777899985635
BFGS Hessian has condition number >1e6 and cannot be reliably trusted; reverting to default behavior. 
Eigenvalues: [1.35972974e-02 4.51252926e+05]
BFGS Hessian has condition number >1e6 and cannot be reliably trusted; reverting to default behavior. 
Eigenvalues: [1.58063986e-02 8.47928740e+06]
BFGS Hessian has condition number >1e6 and cannot be reliably trusted; reverting to default behavior. 
Eigenvalues: [4.26121056e-03 1.73896900e+09]
Identified minimum at [-0.55822365  1.44172582] with energy -146.69951720995385
Simulation completed.


Energies of found minima:
Minimum 1: Position = [0.6234994  0.02803776], Energy = -108.16672411685238
Minimum 2: Position = [-0.05057213  0.46682509], Energy = -80.76777899985635
Minimum 3: Position = [-0.55822365  1.44172582], Energy = -146.69951720995385

Approximate saddle points between minima:
Saddle 1: Position = [0.23605989 0.30260531], Energy = -72.0889774204239
Saddle 2: Position = [-0.81955646  0.577544  ], Energy = -40.63132870368494

Computational statistics:
	Total energy calls: 59645
	Energy calls at each min: [1, 7811, 59645]
	Total force calls: 59645
	Force calls at each min: [1, 7811, 59645]
	Total steps: 62175

Verification against reference:
True minima found: 3/3

Verification against reference (saddles):
True saddles found: 2/2
Starting run 283
Identified minimum at [0.6234994  0.02803776] with energy -108.16672411685238
Identified minimum at [-0.05001171  0.46669432] with energy -80.76781812956119
Identified minimum at [-0.55822365  1.44172583] with energy -146.6995172099539
Simulation completed.


Energies of found minima:
Minimum 1: Position = [0.6234994  0.02803776], Energy = -108.16672411685238
Minimum 2: Position = [-0.05001171  0.46669432], Energy = -80.76781812956119
Minimum 3: Position = [-0.55822365  1.44172583], Energy = -146.6995172099539

Approximate saddle points between minima:
Saddle 1: Position = [0.19917769 0.28527833], Energy = -72.1889854397531
Saddle 2: Position = [-0.82908463  0.60366401], Energy = -40.57933700634358

Computational statistics:
	Total energy calls: 13944
	Energy calls at each min: [1, 2998, 13944]
	Total force calls: 13944
	Force calls at each min: [1, 2998, 13944]
	Total steps: 14654

Verification against reference:
True minima found: 3/3

Verification against reference (saddles):
True saddles found: 2/2
Starting run 904
Identified minimum at [0.6234994  0.02803776] with energy -108.16672411685238
Identified minimum at [-0.05017299  0.46673483] with energy -80.76781476929656
BFGS Hessian has condition number >1e6 and cannot be reliably trusted; reverting to default behavior. 
Eigenvalues: [1.46478415e-04 2.34881108e+09]
Identified minimum at [-0.55822365  1.44172583] with energy -146.6995172099539
Simulation completed.


Energies of found minima:
Minimum 1: Position = [0.6234994  0.02803776], Energy = -108.16672411685238
Minimum 2: Position = [-0.05017299  0.46673483], Energy = -80.76781476929656
Minimum 3: Position = [-0.55822365  1.44172583], Energy = -146.6995172099539

Approximate saddle points between minima:
Saddle 1: Position = [0.23822726 0.27922701], Energy = -72.42006430899278
Saddle 2: Position = [-0.81825558  0.61001871], Energy = -40.69773703334728

Computational statistics:
	Total energy calls: 67508
	Energy calls at each min: [1, 12046, 67508]
	Total force calls: 67508
	Force calls at each min: [1, 12046, 67508]
	Total steps: 70209

Verification against reference:
True minima found: 3/3

Verification against reference (saddles):
True saddles found: 2/2
Starting run 415
Identified minimum at [0.6234994  0.02803776] with energy -108.16672411685238
Identified minimum at [-0.05069051  0.46685919] with energy -80.76775988669911
Identified minimum at [-0.55822366  1.44172582] with energy -146.69951720995385
Simulation completed.


Energies of found minima:
Minimum 1: Position = [0.6234994  0.02803776], Energy = -108.16672411685238
Minimum 2: Position = [-0.05069051  0.46685919], Energy = -80.76775988669911
Minimum 3: Position = [-0.55822366  1.44172582], Energy = -146.69951720995385

Approximate saddle points between minima:
Saddle 1: Position = [0.212266   0.31008221], Energy = -72.30892562694888
Saddle 2: Position = [-0.8326256   0.64151971], Energy = -40.804248724596036

Computational statistics:
	Total energy calls: 46496
	Energy calls at each min: [1, 6487, 46496]
	Total force calls: 46496
	Force calls at each min: [1, 6487, 46496]
	Total steps: 48311

Verification against reference:
True minima found: 3/3

Verification against reference (saddles):
True saddles found: 2/2
Starting run 343
Identified minimum at [0.6234994  0.02803776] with energy -108.16672411685238
Identified minimum at [-0.05025798  0.46675689] with energy -80.76781028513626
Identified minimum at [-0.55822363  1.44172584] with energy -146.69951720995402
Simulation completed.


Energies of found minima:
Minimum 1: Position = [0.6234994  0.02803776], Energy = -108.16672411685238
Minimum 2: Position = [-0.05025798  0.46675689], Energy = -80.76781028513626
Minimum 3: Position = [-0.55822363  1.44172584], Energy = -146.69951720995402

Approximate saddle points between minima:
Saddle 1: Position = [0.23189786 0.29985047], Energy = -72.14854473069697
Saddle 2: Position = [-0.82941085  0.61086021], Energy = -40.61108889210996

Computational statistics:
	Total energy calls: 22378
	Energy calls at each min: [1, 3818, 22378]
	Total force calls: 22378
	Force calls at each min: [1, 3818, 22378]
	Total steps: 23442

Verification against reference:
True minima found: 3/3

Verification against reference (saddles):
True saddles found: 2/2
Starting run 159
Identified minimum at [0.6234994  0.02803776] with energy -108.16672411685238
Identified minimum at [-0.5582236   1.44172589] with energy -146.69951720995323
BFGS Hessian has condition number >1e6 and cannot be reliably trusted; reverting to default behavior. 
Eigenvalues: [3.73771414e-04 2.44517320e+07]
BFGS Hessian has condition number >1e6 and cannot be reliably trusted; reverting to default behavior. 
Eigenvalues: [2.97692325e-03 1.46002749e+08]
BFGS Hessian has condition number >1e6 and cannot be reliably trusted; reverting to default behavior. 
Eigenvalues: [5.96228056e-05 1.64750573e+07]
BFGS Hessian has condition number >1e6 and cannot be reliably trusted; reverting to default behavior. 
Eigenvalues: [2.43605687e-03 6.06388724e+03]
BFGS Hessian has condition number >1e6 and cannot be reliably trusted; reverting to default behavior. 
Eigenvalues: [5.71807388e-03 9.75473768e+03]
BFGS Hessian has condition number >1e6 and cannot be reliably trusted; reverting to default behavior. 
Eigenvalues: [5.29994533e-04 3.43111978e+05]
BFGS Hessian has condition number >1e6 and cannot be reliably trusted; reverting to default behavior. 
Eigenvalues: [4.38726718e-03 1.17146490e+06]
BFGS Hessian has condition number >1e6 and cannot be reliably trusted; reverting to default behavior. 
Eigenvalues: [9.53443348e-04 3.93919866e+07]
BFGS Hessian has condition number >1e6 and cannot be reliably trusted; reverting to default behavior. 
Eigenvalues: [1.42739341e-03 5.76215207e+07]
Simulation completed.


Energies of found minima:
Minimum 1: Position = [0.6234994  0.02803776], Energy = -108.16672411685238
Minimum 2: Position = [-0.5582236   1.44172589], Energy = -146.69951720995323

Approximate saddle points between minima:
Saddle 1: Position = [-0.82844755  0.57268105], Energy = -40.350534078108225

Computational statistics:
	Total energy calls: 654253
	Energy calls at each min: [1, 12235]
	Total force calls: 654253
	Force calls at each min: [1, 12235]
	Total steps: 684480

Verification against reference:
True minima found: 2/3
Missed minima at positions:
[-0.05001082  0.4666941 ]

Verification against reference (saddles):
True saddles found: 0/2
Missed saddles at positions:
[0.21248658 0.29298833]
[-0.82200156  0.6243128 ]
