Starting run 749
Identified minimum at [0.6234994  0.02803776] with energy -108.16672411685238
Identified minimum at [-0.55822365  1.44172583] with energy -146.69951720995397
BFGS Hessian has condition number >1e6 and cannot be reliably trusted; reverting to default behavior. 
Eigenvalues: [6.51561312e-03 1.93592770e+06]
BFGS Hessian has condition number >1e6 and cannot be reliably trusted; reverting to default behavior. 
Eigenvalues: [6.07747585e-04 1.56620283e+08]
BFGS Hessian has condition number >1e6 and cannot be reliably trusted; reverting to default behavior. 
Eigenvalues: [1.63021198e-02 1.99075921e+07]
BFGS Hessian has condition number >1e6 and cannot be reliably trusted; reverting to default behavior. 
Eigenvalues: [4.42023762e-03 4.95293360e+07]
BFGS Hessian has condition number >1e6 and cannot be reliably trusted; reverting to default behavior. 
Eigenvalues: [4.78589907e-04 1.72075663e+07]
BFGS Hessian has condition number >1e6 and cannot be reliably trusted; reverting to default behavior. 
Eigenvalues: [7.19893293e-03 1.99138917e+05]
BFGS Hessian has condition number >1e6 and cannot be reliably trusted; reverting to default behavior. 
Eigenvalues: [4.63376753e-04 5.51691236e+07]
Simulation completed.


Energies of found minima:
Minimum 1: Position = [0.6234994  0.02803776], Energy = -108.16672411685238
Minimum 2: Position = [-0.55822365  1.44172583], Energy = -146.69951720995397

Approximate saddle points between minima:
Saddle 1: Position = [-0.79186566  0.62273083], Energy = -40.79952490590404

Computational statistics:
	Total energy calls: 647218
	Energy calls at each min: [1, 19572]
	Total force calls: 647218
	Force calls at each min: [1, 19572]
	Total steps: 676559

Verification against reference:
True minima found: 2/3
Missed minima at positions:
[-0.05001082  0.4666941 ]

Verification against reference (saddles):
True saddles found: 1/2
Missed saddles at positions:
[0.21248658 0.29298833]
Starting run 400
Identified minimum at [0.6234994  0.02803776] with energy -108.16672411685238
BFGS Hessian has condition number >1e6 and cannot be reliably trusted; reverting to default behavior. 
Eigenvalues: [5.93005097e-04 1.65167446e+08]
BFGS Hessian has condition number >1e6 and cannot be reliably trusted; reverting to default behavior. 
Eigenvalues: [1.17301906e-03 9.78744360e+04]
BFGS Hessian has eigenvalue(s) <= 0 and cannot be reliably trusted; reverting to default behavior. 
Eigenvalues: [-3.81469727e-06  9.79290240e+10]
Identified minimum at [-0.05001079  0.4666941 ] with energy -80.7678181296589
Identified minimum at [-0.55822361  1.44172586] with energy -146.69951720995383
Simulation completed.


Energies of found minima:
Minimum 1: Position = [0.6234994  0.02803776], Energy = -108.16672411685238
Minimum 2: Position = [-0.05001079  0.4666941 ], Energy = -80.7678181296589
Minimum 3: Position = [-0.55822361  1.44172586], Energy = -146.69951720995383

Approximate saddle points between minima:
Saddle 1: Position = [0.24116702 0.31559601], Energy = -71.91757669018068
Saddle 2: Position = [-0.828878    0.62514493], Energy = -40.67376140089979

Computational statistics:
	Total energy calls: 149058
	Energy calls at each min: [1, 24604, 149058]
	Total force calls: 149058
	Force calls at each min: [1, 24604, 149058]
	Total steps: 155780

Verification against reference:
True minima found: 3/3

Verification against reference (saddles):
True saddles found: 2/2
Starting run 47
Identified minimum at [0.6234994  0.02803776] with energy -108.16672411685238
Identified minimum at [-0.0503472   0.46677364] with energy -80.76780401063345
Identified minimum at [-0.55822363  1.44172585] with energy -146.699517209954
Simulation completed.


Energies of found minima:
Minimum 1: Position = [0.6234994  0.02803776], Energy = -108.16672411685238
Minimum 2: Position = [-0.0503472   0.46677364], Energy = -80.76780401063345
Minimum 3: Position = [-0.55822363  1.44172585], Energy = -146.699517209954

Approximate saddle points between minima:
Saddle 1: Position = [0.18889013 0.29847906], Energy = -72.26917593224351
Saddle 2: Position = [-0.80908444  0.66197004], Energy = -40.46297457262048

Computational statistics:
	Total energy calls: 18721
	Energy calls at each min: [1, 4100, 18721]
	Total force calls: 18721
	Force calls at each min: [1, 4100, 18721]
	Total steps: 19558

Verification against reference:
True minima found: 3/3

Verification against reference (saddles):
True saddles found: 2/2
Starting run 685
Identified minimum at [0.6234994  0.02803776] with energy -108.16672411685238
Identified minimum at [-0.05001647  0.46669524] with energy -80.76781812587436
Identified minimum at [-0.55822362  1.44172586] with energy -146.69951720995388
Simulation completed.


Energies of found minima:
Minimum 1: Position = [0.6234994  0.02803776], Energy = -108.16672411685238
Minimum 2: Position = [-0.05001647  0.46669524], Energy = -80.76781812587436
Minimum 3: Position = [-0.55822362  1.44172586], Energy = -146.69951720995388

Approximate saddle points between minima:
Saddle 1: Position = [0.15221568 0.14068859], Energy = -71.66800442441365
Saddle 2: Position = [-0.81835189  0.6048937 ], Energy = -40.70448139293258

Computational statistics:
	Total energy calls: 6287
	Energy calls at each min: [1, 2593, 6287]
	Total force calls: 6287
	Force calls at each min: [1, 2593, 6287]
	Total steps: 6600

Verification against reference:
True minima found: 3/3

Verification against reference (saddles):
True saddles found: 1/2
Missed saddles at positions:
[0.21248658 0.29298833]
Starting run 146
Identified minimum at [0.6234994  0.02803776] with energy -108.16672411685238
Identified minimum at [-0.55822365  1.44172583] with energy -146.69951720995397
BFGS Hessian has condition number >1e6 and cannot be reliably trusted; reverting to default behavior. 
Eigenvalues: [1.62849853e-02 1.01832386e+06]
BFGS Hessian has condition number >1e6 and cannot be reliably trusted; reverting to default behavior. 
Eigenvalues: [2.32156157e-03 8.50691385e+06]
BFGS Hessian has condition number >1e6 and cannot be reliably trusted; reverting to default behavior. 
Eigenvalues: [2.60700472e-06 1.36341850e+07]
BFGS Hessian has condition number >1e6 and cannot be reliably trusted; reverting to default behavior. 
Eigenvalues: [6.26263162e-03 1.28695603e+07]
Simulation completed.


Energies of found minima:
Minimum 1: Position = [0.6234994  0.02803776], Energy = -108.16672411685238
Minimum 2: Position = [-0.55822365  1.44172583], Energy = -146.69951720995397

Approximate saddle points between minima:
Saddle 1: Position = [-0.83036407  0.62345902], Energy = -40.668456964884584

Computational statistics:
	Total energy calls: 638523
	Energy calls at each min: [1, 21423]
	Total force calls: 638523
	Force calls at each min: [1, 21423]
	Total steps: 668192

Verification against reference:
True minima found: 2/3
Missed minima at positions:
[-0.05001082  0.4666941 ]

Verification against reference (saddles):
True saddles found: 1/2
Missed saddles at positions:
[0.21248658 0.29298833]
Starting run 912
Identified minimum at [0.6234994  0.02803776] with energy -108.16672411685238
Identified minimum at [-0.05001305  0.46669464] with energy -80.76781812903485
BFGS Hessian has condition number >1e6 and cannot be reliably trusted; reverting to default behavior. 
Eigenvalues: [2.41786242e-04 3.28747006e+08]
BFGS Hessian has condition number >1e6 and cannot be reliably trusted; reverting to default behavior. 
Eigenvalues: [1.13762617e-02 4.35475263e+09]
Identified minimum at [-0.55822362  1.44172585] with energy -146.69951720995394
Simulation completed.


Energies of found minima:
Minimum 1: Position = [0.6234994  0.02803776], Energy = -108.16672411685238
Minimum 2: Position = [-0.05001305  0.46669464], Energy = -80.76781812903485
Minimum 3: Position = [-0.55822362  1.44172585], Energy = -146.69951720995394

Approximate saddle points between minima:
Saddle 1: Position = [0.2175957  0.28525324], Energy = -72.2808526755527
Saddle 2: Position = [-0.82139927  0.61999955], Energy = -40.66664930447027

Computational statistics:
	Total energy calls: 57522
	Energy calls at each min: [1, 9249, 57522]
	Total force calls: 57522
	Force calls at each min: [1, 9249, 57522]
	Total steps: 60064

Verification against reference:
True minima found: 3/3

Verification against reference (saddles):
True saddles found: 2/2
Starting run 342
Identified minimum at [0.6234994  0.02803776] with energy -108.16672411685238
Identified minimum at [-0.05001124  0.46669422] with energy -80.76781812963591
Identified minimum at [-0.55822362  1.44172585] with energy -146.69951720995394
Simulation completed.


Energies of found minima:
Minimum 1: Position = [0.6234994  0.02803776], Energy = -108.16672411685238
Minimum 2: Position = [-0.05001124  0.46669422], Energy = -80.76781812963591
Minimum 3: Position = [-0.55822362  1.44172585], Energy = -146.69951720995394

Approximate saddle points between minima:
Saddle 1: Position = [0.21788962 0.29103194], Energy = -72.25257605534446
Saddle 2: Position = [-0.82979882  0.62282656], Energy = -40.66472401819121

Computational statistics:
	Total energy calls: 23476
	Energy calls at each min: [1, 4698, 23476]
	Total force calls: 23476
	Force calls at each min: [1, 4698, 23476]
	Total steps: 24632

Verification against reference:
True minima found: 3/3

Verification against reference (saddles):
True saddles found: 2/2
Starting run 300
Identified minimum at [0.6234994  0.02803776] with energy -108.16672411685238
Identified minimum at [-0.05001087  0.46669411] with energy -80.76781812965883
BFGS Hessian has condition number >1e6 and cannot be reliably trusted; reverting to default behavior. 
Eigenvalues: [6.67327319e-03 5.81909720e+05]
Identified minimum at [-0.55822365  1.44172583] with energy -146.6995172099539
Simulation completed.


Energies of found minima:
Minimum 1: Position = [0.6234994  0.02803776], Energy = -108.16672411685238
Minimum 2: Position = [-0.05001087  0.46669411], Energy = -80.76781812965883
Minimum 3: Position = [-0.55822365  1.44172583], Energy = -146.6995172099539

Approximate saddle points between minima:
Saddle 1: Position = [0.2200079  0.28308671], Energy = -72.30540737245855
Saddle 2: Position = [-0.81854687  0.6420034 ], Energy = -40.64004037358144

Computational statistics:
	Total energy calls: 153511
	Energy calls at each min: [1, 22486, 153511]
	Total force calls: 153511
	Force calls at each min: [1, 22486, 153511]
	Total steps: 160445

Verification against reference:
True minima found: 3/3

Verification against reference (saddles):
True saddles found: 2/2
Starting run 970
Identified minimum at [0.6234994  0.02803776] with energy -108.16672411685238
Identified minimum at [-0.05001079  0.4666941 ] with energy -80.76781812965893
Identified minimum at [-0.55822362  1.44172585] with energy -146.69951720995394
Simulation completed.


Energies of found minima:
Minimum 1: Position = [0.6234994  0.02803776], Energy = -108.16672411685238
Minimum 2: Position = [-0.05001079  0.4666941 ], Energy = -80.76781812965893
Minimum 3: Position = [-0.55822362  1.44172585], Energy = -146.69951720995394

Approximate saddle points between minima:
Saddle 1: Position = [0.2496003  0.30131104], Energy = -71.95424250418758
Saddle 2: Position = [-0.82633944  0.62608243], Energy = -40.6717683316644

Computational statistics:
	Total energy calls: 20964
	Energy calls at each min: [1, 4551, 20964]
	Total force calls: 20964
	Force calls at each min: [1, 4551, 20964]
	Total steps: 22074

Verification against reference:
True minima found: 3/3

Verification against reference (saddles):
True saddles found: 2/2
Starting run 773
Identified minimum at [0.6234994  0.02803776] with energy -108.16672411685238
Identified minimum at [-0.0500298   0.46669836] with energy -80.76781808554838
Identified minimum at [-0.55822364  1.44172583] with energy -146.69951720995397
Simulation completed.


Energies of found minima:
Minimum 1: Position = [0.6234994  0.02803776], Energy = -108.16672411685238
Minimum 2: Position = [-0.0500298   0.46669836], Energy = -80.76781808554838
Minimum 3: Position = [-0.55822364  1.44172583], Energy = -146.69951720995397

Approximate saddle points between minima:
Saddle 1: Position = [0.1829219  0.26259209], Energy = -71.88573211286167
Saddle 2: Position = [-0.81531788  0.60664579], Energy = -40.73754641257483

Computational statistics:
	Total energy calls: 8124
	Energy calls at each min: [1, 3416, 8124]
	Total force calls: 8124
	Force calls at each min: [1, 3416, 8124]
	Total steps: 8533

Verification against reference:
True minima found: 3/3

Verification against reference (saddles):
True saddles found: 2/2
