Starting run 615
Identified minimum at [0.6234994  0.02803776] with energy -108.16672411685238
Identified minimum at [-0.05040381  0.46680951] with energy -80.76779677469554
BFGS Hessian has condition number >1e6 and cannot be reliably trusted; reverting to default behavior. 
Eigenvalues: [1.35842368e-02 7.23162582e+06]
Identified minimum at [-0.55822365  1.44172583] with energy -146.69951720995388
Simulation completed.


Energies of found minima:
Minimum 1: Position = [0.6234994  0.02803776], Energy = -108.16672411685238
Minimum 2: Position = [-0.05040381  0.46680951], Energy = -80.76779677469554
Minimum 3: Position = [-0.55822365  1.44172583], Energy = -146.69951720995388

Approximate saddle points between minima:
Saddle 1: Position = [0.20966641 0.32001643], Energy = -72.42650703098737
Saddle 2: Position = [-0.83949551  0.62073891], Energy = -40.661561826215774

Computational statistics:
	Total energy calls: 42555
	Energy calls at each min: [1, 7252, 42555]
	Total force calls: 42555
	Force calls at each min: [1, 7252, 42555]
	Total steps: 44330

Verification against reference:
True minima found: 3/3

Verification against reference (saddles):
True saddles found: 2/2
Starting run 831
Identified minimum at [0.6234994  0.02803776] with energy -108.16672411685238
Identified minimum at [-0.05001081  0.4666941 ] with energy -80.76781812965899
BFGS Hessian has condition number >1e6 and cannot be reliably trusted; reverting to default behavior. 
Eigenvalues: [3.48081952e-03 2.64590319e+07]
Identified minimum at [-0.55822365  1.44172583] with energy -146.69951720995394
Simulation completed.


Energies of found minima:
Minimum 1: Position = [0.6234994  0.02803776], Energy = -108.16672411685238
Minimum 2: Position = [-0.05001081  0.4666941 ], Energy = -80.76781812965899
Minimum 3: Position = [-0.55822365  1.44172583], Energy = -146.69951720995394

Approximate saddle points between minima:
Saddle 1: Position = [0.21462736 0.28952837], Energy = -72.25506201725734
Saddle 2: Position = [-0.83225902  0.62041836], Energy = -40.652666577528976

Computational statistics:
	Total energy calls: 43803
	Energy calls at each min: [1, 5547, 43803]
	Total force calls: 43803
	Force calls at each min: [1, 5547, 43803]
	Total steps: 45951

Verification against reference:
True minima found: 3/3

Verification against reference (saddles):
True saddles found: 2/2
Starting run 712
Identified minimum at [0.6234994  0.02803776] with energy -108.16672411685238
Identified minimum at [-0.05001716  0.46669557] with energy -80.76781812468576
Identified minimum at [-0.55822363  1.44172584] with energy -146.69951720995397
Simulation completed.


Energies of found minima:
Minimum 1: Position = [0.6234994  0.02803776], Energy = -108.16672411685238
Minimum 2: Position = [-0.05001716  0.46669557], Energy = -80.76781812468576
Minimum 3: Position = [-0.55822363  1.44172584], Energy = -146.69951720995397

Approximate saddle points between minima:
Saddle 1: Position = [0.23159335 0.27751127], Energy = -72.42876459231486
Saddle 2: Position = [-0.85769995  0.59403033], Energy = -40.158547040290784

Computational statistics:
	Total energy calls: 57243
	Energy calls at each min: [1, 8432, 57243]
	Total force calls: 57243
	Force calls at each min: [1, 8432, 57243]
	Total steps: 59765

Verification against reference:
True minima found: 3/3

Verification against reference (saddles):
True saddles found: 2/2
Starting run 388
Identified minimum at [0.6234994  0.02803776] with energy -108.16672411685238
Identified minimum at [-0.5582236   1.44172589] with energy -146.6995172099532
BFGS Hessian has condition number >1e6 and cannot be reliably trusted; reverting to default behavior. 
Eigenvalues: [5.96866012e-04 5.30330394e+08]
BFGS Hessian has condition number >1e6 and cannot be reliably trusted; reverting to default behavior. 
Eigenvalues: [1.61613525e-02 6.46867104e+05]
BFGS Hessian has condition number >1e6 and cannot be reliably trusted; reverting to default behavior. 
Eigenvalues: [1.55878654e-03 4.48948644e+04]
BFGS Hessian has condition number >1e6 and cannot be reliably trusted; reverting to default behavior. 
Eigenvalues: [1.52893335e-02 2.17615529e+06]
BFGS Hessian has condition number >1e6 and cannot be reliably trusted; reverting to default behavior. 
Eigenvalues: [8.94999132e-04 5.95077800e+07]
BFGS Hessian has condition number >1e6 and cannot be reliably trusted; reverting to default behavior. 
Eigenvalues: [8.46746378e-04 7.87812686e+06]
BFGS Hessian has condition number >1e6 and cannot be reliably trusted; reverting to default behavior. 
Eigenvalues: [1.55947008e-03 2.23574150e+06]
BFGS Hessian has condition number >1e6 and cannot be reliably trusted; reverting to default behavior. 
Eigenvalues: [4.30382688e-03 2.82150426e+06]
BFGS Hessian has condition number >1e6 and cannot be reliably trusted; reverting to default behavior. 
Eigenvalues: [3.49070012e-03 1.20085725e+06]
BFGS Hessian has condition number >1e6 and cannot be reliably trusted; reverting to default behavior. 
Eigenvalues: [1.58983469e-03 7.01167432e+08]
BFGS Hessian has condition number >1e6 and cannot be reliably trusted; reverting to default behavior. 
Eigenvalues: [1.88079212e-03 1.68715272e+07]
Simulation completed.


Energies of found minima:
Minimum 1: Position = [0.6234994  0.02803776], Energy = -108.16672411685238
Minimum 2: Position = [-0.5582236   1.44172589], Energy = -146.6995172099532

Approximate saddle points between minima:
Saddle 1: Position = [-0.81013457  0.6281147 ], Energy = -40.65360110469122

Computational statistics:
	Total energy calls: 649517
	Energy calls at each min: [1, 8985]
	Total force calls: 649517
	Force calls at each min: [1, 8985]
	Total steps: 681062

Verification against reference:
True minima found: 2/3
Missed minima at positions:
[-0.05001082  0.4666941 ]

Verification against reference (saddles):
True saddles found: 1/2
Missed saddles at positions:
[0.21248658 0.29298833]
Starting run 982
Identified minimum at [0.6234994  0.02803776] with energy -108.16672411685238
Identified minimum at [-0.05014968  0.46672913] with energy -80.76781566133774
Identified minimum at [-0.55822362  1.44172586] with energy -146.6995172099539
Simulation completed.


Energies of found minima:
Minimum 1: Position = [0.6234994  0.02803776], Energy = -108.16672411685238
Minimum 2: Position = [-0.05014968  0.46672913], Energy = -80.76781566133774
Minimum 3: Position = [-0.55822362  1.44172586], Energy = -146.6995172099539

Approximate saddle points between minima:
Saddle 1: Position = [0.95323202 0.06774751], Energy = -63.28561730423172
Saddle 2: Position = [-0.81456142  0.54163719], Energy = -40.38799597744901

Computational statistics:
	Total energy calls: 13795
	Energy calls at each min: [1, 4146, 13795]
	Total force calls: 13795
	Force calls at each min: [1, 4146, 13795]
	Total steps: 14506

Verification against reference:
True minima found: 3/3

Verification against reference (saddles):
True saddles found: 0/2
Missed saddles at positions:
[0.21248658 0.29298833]
[-0.82200156  0.6243128 ]
Starting run 939
Identified minimum at [0.6234994  0.02803776] with energy -108.16672411685238
Identified minimum at [-0.55822358  1.44172591] with energy -146.6995172099522
BFGS Hessian has condition number >1e6 and cannot be reliably trusted; reverting to default behavior. 
Eigenvalues: [3.00491438e-03 3.54014088e+07]
BFGS Hessian has condition number >1e6 and cannot be reliably trusted; reverting to default behavior. 
Eigenvalues: [7.57238409e-03 1.03468907e+07]
BFGS Hessian has condition number >1e6 and cannot be reliably trusted; reverting to default behavior. 
Eigenvalues: [8.72237585e-03 3.10085809e+06]
BFGS Hessian has condition number >1e6 and cannot be reliably trusted; reverting to default behavior. 
Eigenvalues: [2.97592841e-02 8.62255870e+07]
BFGS Hessian has condition number >1e6 and cannot be reliably trusted; reverting to default behavior. 
Eigenvalues: [4.31940169e-03 2.49241998e+06]
Simulation completed.


Energies of found minima:
Minimum 1: Position = [0.6234994  0.02803776], Energy = -108.16672411685238
Minimum 2: Position = [-0.55822358  1.44172591], Energy = -146.6995172099522

Approximate saddle points between minima:
Saddle 1: Position = [-0.86527828  0.59093955], Energy = -40.00962447623801

Computational statistics:
	Total energy calls: 649466
	Energy calls at each min: [1, 23028]
	Total force calls: 649466
	Force calls at each min: [1, 23028]
	Total steps: 677855

Verification against reference:
True minima found: 2/3
Missed minima at positions:
[-0.05001082  0.4666941 ]

Verification against reference (saddles):
True saddles found: 0/2
Missed saddles at positions:
[0.21248658 0.29298833]
[-0.82200156  0.6243128 ]
Starting run 344
Identified minimum at [0.6234994  0.02803776] with energy -108.16672411685238
Identified minimum at [-0.05091826  0.46690141] with energy -80.76771660340667
Identified minimum at [-0.55822362  1.44172586] with energy -146.69951720995388
Simulation completed.


Energies of found minima:
Minimum 1: Position = [0.6234994  0.02803776], Energy = -108.16672411685238
Minimum 2: Position = [-0.05091826  0.46690141], Energy = -80.76771660340667
Minimum 3: Position = [-0.55822362  1.44172586], Energy = -146.69951720995388

Approximate saddle points between minima:
Saddle 1: Position = [0.2150289  0.31149821], Energy = -72.29093579618979
Saddle 2: Position = [-0.83604126  0.62722858], Energy = -40.71257943964608

Computational statistics:
	Total energy calls: 25140
	Energy calls at each min: [1, 3369, 25140]
	Total force calls: 25140
	Force calls at each min: [1, 3369, 25140]
	Total steps: 26329

Verification against reference:
True minima found: 3/3

Verification against reference (saddles):
True saddles found: 2/2
Starting run 57
Identified minimum at [0.6234994  0.02803776] with energy -108.16672411685238
Identified minimum at [-0.55822362  1.44172586] with energy -146.6995172099539
BFGS Hessian has condition number >1e6 and cannot be reliably trusted; reverting to default behavior. 
Eigenvalues: [8.36684299e-04 4.56090406e+06]
BFGS Hessian has condition number >1e6 and cannot be reliably trusted; reverting to default behavior. 
Eigenvalues: [3.32152768e-03 5.16447706e+06]
BFGS Hessian has condition number >1e6 and cannot be reliably trusted; reverting to default behavior. 
Eigenvalues: [4.91355124e-03 6.99790431e+03]
BFGS Hessian has condition number >1e6 and cannot be reliably trusted; reverting to default behavior. 
Eigenvalues: [3.90487415e-03 1.37525116e+06]
BFGS Hessian has condition number >1e6 and cannot be reliably trusted; reverting to default behavior. 
Eigenvalues: [9.35306260e-03 2.29023404e+04]
BFGS Hessian has condition number >1e6 and cannot be reliably trusted; reverting to default behavior. 
Eigenvalues: [1.70983999e-03 9.01416983e+03]
BFGS Hessian has condition number >1e6 and cannot be reliably trusted; reverting to default behavior. 
Eigenvalues: [3.10213413e-03 4.55739296e+05]
BFGS Hessian has condition number >1e6 and cannot be reliably trusted; reverting to default behavior. 
Eigenvalues: [3.66556924e-06 1.14312484e+07]
Simulation completed.


Energies of found minima:
Minimum 1: Position = [0.6234994  0.02803776], Energy = -108.16672411685238
Minimum 2: Position = [-0.55822362  1.44172586], Energy = -146.6995172099539

Approximate saddle points between minima:
Saddle 1: Position = [-0.82449534  0.5893266 ], Energy = -40.57887980264317

Computational statistics:
	Total energy calls: 639956
	Energy calls at each min: [1, 17404]
	Total force calls: 639956
	Force calls at each min: [1, 17404]
	Total steps: 670017

Verification against reference:
True minima found: 2/3
Missed minima at positions:
[-0.05001082  0.4666941 ]

Verification against reference (saddles):
True saddles found: 1/2
Missed saddles at positions:
[0.21248658 0.29298833]
Starting run 216
Identified minimum at [0.6234994  0.02803776] with energy -108.16672411685238
BFGS Hessian has condition number >1e6 and cannot be reliably trusted; reverting to default behavior. 
Eigenvalues: [2.14322284e-03 1.27469732e+07]
Identified minimum at [-0.55822363  1.44172584] with energy -146.69951720995402
BFGS Hessian has condition number >1e6 and cannot be reliably trusted; reverting to default behavior. 
Eigenvalues: [9.74099814e-04 2.08940052e+06]
BFGS Hessian has condition number >1e6 and cannot be reliably trusted; reverting to default behavior. 
Eigenvalues: [3.96238756e-04 2.00531026e+06]
BFGS Hessian has condition number >1e6 and cannot be reliably trusted; reverting to default behavior. 
Eigenvalues: [1.10602959e-02 2.19241767e+06]
BFGS Hessian has condition number >1e6 and cannot be reliably trusted; reverting to default behavior. 
Eigenvalues: [1.13337301e-04 3.90642222e+08]
BFGS Hessian has condition number >1e6 and cannot be reliably trusted; reverting to default behavior. 
Eigenvalues: [1.05028215e-02 7.65866598e+05]
BFGS Hessian has condition number >1e6 and cannot be reliably trusted; reverting to default behavior. 
Eigenvalues: [5.40522704e-03 3.68821109e+06]
BFGS Hessian has condition number >1e6 and cannot be reliably trusted; reverting to default behavior. 
Eigenvalues: [3.25944624e-02 3.02822562e+07]
BFGS Hessian has condition number >1e6 and cannot be reliably trusted; reverting to default behavior. 
Eigenvalues: [4.01822040e-02 1.24620887e+07]
Simulation completed.


Energies of found minima:
Minimum 1: Position = [0.6234994  0.02803776], Energy = -108.16672411685238
Minimum 2: Position = [-0.55822363  1.44172584], Energy = -146.69951720995402

Approximate saddle points between minima:
Saddle 1: Position = [-0.83771646  0.60807223], Energy = -40.539377784490064

Computational statistics:
	Total energy calls: 626638
	Energy calls at each min: [1, 46687]
	Total force calls: 626638
	Force calls at each min: [1, 46687]
	Total steps: 652045

Verification against reference:
True minima found: 2/3
Missed minima at positions:
[-0.05001082  0.4666941 ]

Verification against reference (saddles):
True saddles found: 1/2
Missed saddles at positions:
[0.21248658 0.29298833]
Starting run 28
Identified minimum at [0.6234994  0.02803776] with energy -108.16672411685238
BFGS Hessian has condition number >1e6 and cannot be reliably trusted; reverting to default behavior. 
Eigenvalues: [2.11969018e-06 3.83914580e+08]
BFGS Hessian has condition number >1e6 and cannot be reliably trusted; reverting to default behavior. 
Eigenvalues: [1.54972076e-06 2.00960981e+09]
Identified minimum at [-0.55822365  1.44172583] with energy -146.69951720995394
BFGS Hessian has condition number >1e6 and cannot be reliably trusted; reverting to default behavior. 
Eigenvalues: [2.32464261e-03 5.11004195e+07]
BFGS Hessian has condition number >1e6 and cannot be reliably trusted; reverting to default behavior. 
Eigenvalues: [9.40358684e-03 3.81033940e+06]
BFGS Hessian has condition number >1e6 and cannot be reliably trusted; reverting to default behavior. 
Eigenvalues: [1.17888871e-03 1.60262613e+03]
BFGS Hessian has condition number >1e6 and cannot be reliably trusted; reverting to default behavior. 
Eigenvalues: [1.02204829e-02 6.58934285e+08]
BFGS Hessian has condition number >1e6 and cannot be reliably trusted; reverting to default behavior. 
Eigenvalues: [1.76994345e-02 2.97026253e+06]
BFGS Hessian has condition number >1e6 and cannot be reliably trusted; reverting to default behavior. 
Eigenvalues: [1.12834101e-02 3.47234021e+06]
BFGS Hessian has condition number >1e6 and cannot be reliably trusted; reverting to default behavior. 
Eigenvalues: [6.77890878e-03 6.20850188e+06]
Simulation completed.


Energies of found minima:
Minimum 1: Position = [0.6234994  0.02803776], Energy = -108.16672411685238
Minimum 2: Position = [-0.55822365  1.44172583], Energy = -146.69951720995394

Approximate saddle points between minima:
Saddle 1: Position = [-0.8203821   0.63993294], Energy = -40.65819751237119

Computational statistics:
	Total energy calls: 642318
	Energy calls at each min: [1, 34077]
	Total force calls: 642318
	Force calls at each min: [1, 34077]
	Total steps: 669534

Verification against reference:
True minima found: 2/3
Missed minima at positions:
[-0.05001082  0.4666941 ]

Verification against reference (saddles):
True saddles found: 1/2
Missed saddles at positions:
[0.21248658 0.29298833]
