Starting run 746
Identified minimum at [0.6234994  0.02803776] with energy -108.16672411685238
Identified minimum at [-0.05085927  0.46697304] with energy -80.76771090130535
Identified minimum at [-0.55822364  1.44172583] with energy -146.69951720995397
Simulation completed.


Energies of found minima:
Minimum 1: Position = [0.6234994  0.02803776], Energy = -108.16672411685238
Minimum 2: Position = [-0.05085927  0.46697304], Energy = -80.76771090130535
Minimum 3: Position = [-0.55822364  1.44172583], Energy = -146.69951720995397

Approximate saddle points between minima:
Saddle 1: Position = [0.21939763 0.32045576], Energy = -72.28710553978105
Saddle 2: Position = [-0.81749126  0.64929653], Energy = -40.626182523255196

Computational statistics:
	Total energy calls: 19494
	Energy calls at each min: [1, 3065, 19494]
	Total force calls: 19494
	Force calls at each min: [1, 3065, 19494]
	Total steps: 20375

Verification against reference:
True minima found: 3/3

Verification against reference (saddles):
True saddles found: 2/2
Starting run 386
Identified minimum at [0.6234994  0.02803776] with energy -108.16672411685238
Identified minimum at [-0.05079531  0.46693713] with energy -80.7677301453661
Identified minimum at [-0.55822366  1.44172582] with energy -146.6995172099538
Simulation completed.


Energies of found minima:
Minimum 1: Position = [0.6234994  0.02803776], Energy = -108.16672411685238
Minimum 2: Position = [-0.05079531  0.46693713], Energy = -80.7677301453661
Minimum 3: Position = [-0.55822366  1.44172582], Energy = -146.6995172099538

Approximate saddle points between minima:
Saddle 1: Position = [0.2817515  0.29746845], Energy = -71.58208694997099
Saddle 2: Position = [-0.80401324  0.63545692], Energy = -40.58113601484472

Computational statistics:
	Total energy calls: 13263
	Energy calls at each min: [1, 2226, 13263]
	Total force calls: 13263
	Force calls at each min: [1, 2226, 13263]
	Total steps: 13912

Verification against reference:
True minima found: 3/3

Verification against reference (saddles):
True saddles found: 1/2
Missed saddles at positions:
[0.21248658 0.29298833]
Starting run 711
Identified minimum at [0.6234994  0.02803776] with energy -108.16672411685238
Identified minimum at [-0.05001147  0.46669424] with energy -80.76781812960881
Identified minimum at [-0.55822365  1.44172583] with energy -146.6995172099539
Simulation completed.


Energies of found minima:
Minimum 1: Position = [0.6234994  0.02803776], Energy = -108.16672411685238
Minimum 2: Position = [-0.05001147  0.46669424], Energy = -80.76781812960881
Minimum 3: Position = [-0.55822365  1.44172583], Energy = -146.6995172099539

Approximate saddle points between minima:
Saddle 1: Position = [0.26406411 0.31368972], Energy = -71.47981137514728
Saddle 2: Position = [-0.84294761  0.62011444], Energy = -40.66107525579952

Computational statistics:
	Total energy calls: 68352
	Energy calls at each min: [1, 11632, 68352]
	Total force calls: 68352
	Force calls at each min: [1, 11632, 68352]
	Total steps: 71486

Verification against reference:
True minima found: 3/3

Verification against reference (saddles):
True saddles found: 1/2
Missed saddles at positions:
[0.21248658 0.29298833]
Starting run 259
Identified minimum at [0.6234994  0.02803776] with energy -108.16672411685238
Identified minimum at [-0.55822313  1.44172647] with energy -146.69951720980663
BFGS Hessian has condition number >1e6 and cannot be reliably trusted; reverting to default behavior. 
Eigenvalues: [7.7787647e-04 5.4216098e+06]
BFGS Hessian has condition number >1e6 and cannot be reliably trusted; reverting to default behavior. 
Eigenvalues: [2.49445979e-03 2.76514269e+04]
BFGS Hessian has condition number >1e6 and cannot be reliably trusted; reverting to default behavior. 
Eigenvalues: [6.9393958e-03 1.8694250e+07]
BFGS Hessian has condition number >1e6 and cannot be reliably trusted; reverting to default behavior. 
Eigenvalues: [2.57721061e-03 3.75424409e+03]
BFGS Hessian has condition number >1e6 and cannot be reliably trusted; reverting to default behavior. 
Eigenvalues: [3.69325280e-05 2.99878311e+06]
BFGS Hessian has condition number >1e6 and cannot be reliably trusted; reverting to default behavior. 
Eigenvalues: [8.26169403e-03 1.18583447e+06]
BFGS Hessian has condition number >1e6 and cannot be reliably trusted; reverting to default behavior. 
Eigenvalues: [2.58401781e-03 3.50255465e+06]
BFGS Hessian has condition number >1e6 and cannot be reliably trusted; reverting to default behavior. 
Eigenvalues: [4.87699758e-03 6.61080397e+05]
Simulation completed.


Energies of found minima:
Minimum 1: Position = [0.6234994  0.02803776], Energy = -108.16672411685238
Minimum 2: Position = [-0.55822313  1.44172647], Energy = -146.69951720980663

Approximate saddle points between minima:
Saddle 1: Position = [-0.8072022   0.61929663], Energy = -40.73538494131321

Computational statistics:
	Total energy calls: 650682
	Energy calls at each min: [1, 16107]
	Total force calls: 650682
	Force calls at each min: [1, 16107]
	Total steps: 680715

Verification against reference:
True minima found: 2/3
Missed minima at positions:
[-0.05001082  0.4666941 ]

Verification against reference (saddles):
True saddles found: 1/2
Missed saddles at positions:
[0.21248658 0.29298833]
Starting run 424
Identified minimum at [0.6234994  0.02803776] with energy -108.16672411685238
Identified minimum at [-0.05020343  0.46674355] with energy -80.7678133440973
Identified minimum at [-0.55822366  1.44172582] with energy -146.69951720995383
Simulation completed.


Energies of found minima:
Minimum 1: Position = [0.6234994  0.02803776], Energy = -108.16672411685238
Minimum 2: Position = [-0.05020343  0.46674355], Energy = -80.7678133440973
Minimum 3: Position = [-0.55822366  1.44172582], Energy = -146.69951720995383

Approximate saddle points between minima:
Saddle 1: Position = [0.19132311 0.25249729], Energy = -72.11348425308505
Saddle 2: Position = [-0.81843559  0.5728604 ], Energy = -40.6336199080671

Computational statistics:
	Total energy calls: 31156
	Energy calls at each min: [1, 6894, 31156]
	Total force calls: 31156
	Force calls at each min: [1, 6894, 31156]
	Total steps: 32562

Verification against reference:
True minima found: 3/3

Verification against reference (saddles):
True saddles found: 1/2
Missed saddles at positions:
[-0.82200156  0.6243128 ]
Starting run 741
Identified minimum at [0.6234994  0.02803776] with energy -108.16672411685238
Identified minimum at [-0.05001084  0.46669411] with energy -80.76781812965899
Identified minimum at [-0.55822362  1.44172585] with energy -146.69951720995394
Simulation completed.


Energies of found minima:
Minimum 1: Position = [0.6234994  0.02803776], Energy = -108.16672411685238
Minimum 2: Position = [-0.05001084  0.46669411], Energy = -80.76781812965899
Minimum 3: Position = [-0.55822362  1.44172585], Energy = -146.69951720995394

Approximate saddle points between minima:
Saddle 1: Position = [0.16355275 0.28918258], Energy = -71.9228391155687
Saddle 2: Position = [-0.83958749  0.6218814 ], Energy = -40.67383982474601

Computational statistics:
	Total energy calls: 29224
	Energy calls at each min: [1, 5388, 29224]
	Total force calls: 29224
	Force calls at each min: [1, 5388, 29224]
	Total steps: 30671

Verification against reference:
True minima found: 3/3

Verification against reference (saddles):
True saddles found: 2/2
Starting run 270
Identified minimum at [0.6234994  0.02803776] with energy -108.16672411685238
Identified minimum at [-0.05001087  0.46669411] with energy -80.76781812965878
Identified minimum at [-0.55822366  1.44172582] with energy -146.69951720995385
Simulation completed.


Energies of found minima:
Minimum 1: Position = [0.6234994  0.02803776], Energy = -108.16672411685238
Minimum 2: Position = [-0.05001087  0.46669411], Energy = -80.76781812965878
Minimum 3: Position = [-0.55822366  1.44172582], Energy = -146.69951720995385

Approximate saddle points between minima:
Saddle 1: Position = [0.24254481 0.32862727], Energy = -71.82307709117899
Saddle 2: Position = [-0.82517947  0.63546645], Energy = -40.691930592123796

Computational statistics:
	Total energy calls: 28803
	Energy calls at each min: [1, 5294, 28803]
	Total force calls: 28803
	Force calls at each min: [1, 5294, 28803]
	Total steps: 30322

Verification against reference:
True minima found: 3/3

Verification against reference (saddles):
True saddles found: 2/2
Starting run 418
Identified minimum at [0.6234994  0.02803776] with energy -108.16672411685238
Identified minimum at [-0.05043994  0.46687591] with energy -80.76778374904701
Identified minimum at [-0.55822365  1.44172583] with energy -146.69951720995394
Simulation completed.


Energies of found minima:
Minimum 1: Position = [0.6234994  0.02803776], Energy = -108.16672411685238
Minimum 2: Position = [-0.05043994  0.46687591], Energy = -80.76778374904701
Minimum 3: Position = [-0.55822365  1.44172583], Energy = -146.69951720995394

Approximate saddle points between minima:
Saddle 1: Position = [0.23285185 0.31847886], Energy = -72.05564316641093
Saddle 2: Position = [-0.81905029  0.61373397], Energy = -40.684787595529585

Computational statistics:
	Total energy calls: 34235
	Energy calls at each min: [1, 6214, 34235]
	Total force calls: 34235
	Force calls at each min: [1, 6214, 34235]
	Total steps: 35632

Verification against reference:
True minima found: 3/3

Verification against reference (saddles):
True saddles found: 2/2
Starting run 671
Identified minimum at [0.6234994  0.02803776] with energy -108.16672411685238
Identified minimum at [-0.05001099  0.46669415] with energy -80.76781812965531
Identified minimum at [-0.55822365  1.44172583] with energy -146.69951720995397
Simulation completed.


Energies of found minima:
Minimum 1: Position = [0.6234994  0.02803776], Energy = -108.16672411685238
Minimum 2: Position = [-0.05001099  0.46669415], Energy = -80.76781812965531
Minimum 3: Position = [-0.55822365  1.44172583], Energy = -146.69951720995397

Approximate saddle points between minima:
Saddle 1: Position = [0.27760757 0.33796489], Energy = -70.60502914446946
Saddle 2: Position = [-0.83210787  0.57441359], Energy = -40.27562277427255

Computational statistics:
	Total energy calls: 20204
	Energy calls at each min: [1, 3402, 20204]
	Total force calls: 20204
	Force calls at each min: [1, 3402, 20204]
	Total steps: 21244

Verification against reference:
True minima found: 3/3

Verification against reference (saddles):
True saddles found: 0/2
Missed saddles at positions:
[0.21248658 0.29298833]
[-0.82200156  0.6243128 ]
Starting run 545
Identified minimum at [0.6234994  0.02803776] with energy -108.16672411685238
Identified minimum at [-0.05028055  0.46677092] with energy -80.76780824599145
Identified minimum at [-0.55822363  1.44172584] with energy -146.69951720995397
Simulation completed.


Energies of found minima:
Minimum 1: Position = [0.6234994  0.02803776], Energy = -108.16672411685238
Minimum 2: Position = [-0.05028055  0.46677092], Energy = -80.76780824599145
Minimum 3: Position = [-0.55822363  1.44172584], Energy = -146.69951720995397

Approximate saddle points between minima:
Saddle 1: Position = [0.25316015 0.30426107], Energy = -71.85586097122378
Saddle 2: Position = [-0.8414619  0.6006414], Energy = -40.428567316740654

Computational statistics:
	Total energy calls: 23217
	Energy calls at each min: [1, 3427, 23217]
	Total force calls: 23217
	Force calls at each min: [1, 3427, 23217]
	Total steps: 24295

Verification against reference:
True minima found: 3/3

Verification against reference (saddles):
True saddles found: 2/2
