Starting run 932
Identified minimum at [0.6234994  0.02803776] with energy -108.16672411685238
Identified minimum at [-0.05004107  0.466701  ] with energy -80.76781801699472
Identified minimum at [-0.55822363  1.44172585] with energy -146.699517209954
Simulation completed.


Energies of found minima:
Minimum 1: Position = [0.6234994  0.02803776], Energy = -108.16672411685238
Minimum 2: Position = [-0.05004107  0.466701  ], Energy = -80.76781801699472
Minimum 3: Position = [-0.55822363  1.44172585], Energy = -146.699517209954

Approximate saddle points between minima:
Saddle 1: Position = [0.23182862 0.31270873], Energy = -72.08376483041373
Saddle 2: Position = [-0.82967346  0.62032229], Energy = -40.653091177153314

Computational statistics:
	Total energy calls: 37543
	Energy calls at each min: [1, 6132, 37543]
	Total force calls: 37543
	Force calls at each min: [1, 6132, 37543]
	Total steps: 39337

Verification against reference:
True minima found: 3/3

Verification against reference (saddles):
True saddles found: 2/2
Starting run 879
Identified minimum at [0.6234994  0.02803776] with energy -108.16672411685238
Identified minimum at [-0.55822364  1.44172584] with energy -146.699517209954
BFGS Hessian has condition number >1e6 and cannot be reliably trusted; reverting to default behavior. 
Eigenvalues: [4.89445764e-03 3.89049902e+06]
BFGS Hessian has condition number >1e6 and cannot be reliably trusted; reverting to default behavior. 
Eigenvalues: [7.55848363e-04 6.66132161e+07]
BFGS Hessian has condition number >1e6 and cannot be reliably trusted; reverting to default behavior. 
Eigenvalues: [1.63209495e-03 6.36773059e+04]
BFGS Hessian has condition number >1e6 and cannot be reliably trusted; reverting to default behavior. 
Eigenvalues: [6.83876181e-02 5.09985482e+06]
BFGS Hessian has condition number >1e6 and cannot be reliably trusted; reverting to default behavior. 
Eigenvalues: [4.61623915e-03 5.96055990e+04]
BFGS Hessian has condition number >1e6 and cannot be reliably trusted; reverting to default behavior. 
Eigenvalues: [1.13248825e-06 2.06820607e+09]
BFGS Hessian has condition number >1e6 and cannot be reliably trusted; reverting to default behavior. 
Eigenvalues: [1.03463070e-03 8.00565877e+06]
BFGS Hessian has condition number >1e6 and cannot be reliably trusted; reverting to default behavior. 
Eigenvalues: [3.99869122e-03 3.62398235e+07]
BFGS Hessian has condition number >1e6 and cannot be reliably trusted; reverting to default behavior. 
Eigenvalues: [7.68208504e-03 4.79023729e+07]
BFGS Hessian has condition number >1e6 and cannot be reliably trusted; reverting to default behavior. 
Eigenvalues: [1.64254010e-03 3.50688977e+07]
BFGS Hessian has condition number >1e6 and cannot be reliably trusted; reverting to default behavior. 
Eigenvalues: [3.15308571e-04 2.42352041e+09]
Simulation completed.


Energies of found minima:
Minimum 1: Position = [0.6234994  0.02803776], Energy = -108.16672411685238
Minimum 2: Position = [-0.55822364  1.44172584], Energy = -146.699517209954

Approximate saddle points between minima:
Saddle 1: Position = [-0.84584454  0.6219072 ], Energy = -40.69395410566392

Computational statistics:
	Total energy calls: 651922
	Energy calls at each min: [1, 13330]
	Total force calls: 651922
	Force calls at each min: [1, 13330]
	Total steps: 683009

Verification against reference:
True minima found: 2/3
Missed minima at positions:
[-0.05001082  0.4666941 ]

Verification against reference (saddles):
True saddles found: 1/2
Missed saddles at positions:
[0.21248658 0.29298833]
Starting run 83
Identified minimum at [0.6234994  0.02803776] with energy -108.16672411685238
Identified minimum at [-0.05009135  0.46671009] with energy -80.76781736136019
Identified minimum at [-0.55822366  1.44172582] with energy -146.69951720995385
Simulation completed.


Energies of found minima:
Minimum 1: Position = [0.6234994  0.02803776], Energy = -108.16672411685238
Minimum 2: Position = [-0.05009135  0.46671009], Energy = -80.76781736136019
Minimum 3: Position = [-0.55822366  1.44172582], Energy = -146.69951720995385

Approximate saddle points between minima:
Saddle 1: Position = [0.17933478 0.27228173], Energy = -71.86792178916053
Saddle 2: Position = [-0.8192927   0.58010017], Energy = -40.65149981509086

Computational statistics:
	Total energy calls: 19335
	Energy calls at each min: [1, 3871, 19335]
	Total force calls: 19335
	Force calls at each min: [1, 3871, 19335]
	Total steps: 20313

Verification against reference:
True minima found: 3/3

Verification against reference (saddles):
True saddles found: 2/2
Starting run 564
Identified minimum at [0.6234994  0.02803776] with energy -108.16672411685238
Identified minimum at [-0.05010709  0.46671324] with energy -80.76781703133865
Identified minimum at [-0.55822363  1.44172585] with energy -146.69951720995402
Simulation completed.


Energies of found minima:
Minimum 1: Position = [0.6234994  0.02803776], Energy = -108.16672411685238
Minimum 2: Position = [-0.05010709  0.46671324], Energy = -80.76781703133865
Minimum 3: Position = [-0.55822363  1.44172585], Energy = -146.69951720995402

Approximate saddle points between minima:
Saddle 1: Position = [0.22504906 0.27582175], Energy = -72.4175995148519
Saddle 2: Position = [-0.87450583  0.61000632], Energy = -40.51905039867401

Computational statistics:
	Total energy calls: 20607
	Energy calls at each min: [1, 3296, 20607]
	Total force calls: 20607
	Force calls at each min: [1, 3296, 20607]
	Total steps: 21604

Verification against reference:
True minima found: 3/3

Verification against reference (saddles):
True saddles found: 1/2
Missed saddles at positions:
[-0.82200156  0.6243128 ]
Starting run 723
Identified minimum at [0.6234994  0.02803776] with energy -108.16672411685238
Identified minimum at [-0.05001415  0.46669524] with energy -80.76781812796243
Identified minimum at [-0.55822363  1.44172585] with energy -146.699517209954
Simulation completed.


Energies of found minima:
Minimum 1: Position = [0.6234994  0.02803776], Energy = -108.16672411685238
Minimum 2: Position = [-0.05001415  0.46669524], Energy = -80.76781812796243
Minimum 3: Position = [-0.55822363  1.44172585], Energy = -146.699517209954

Approximate saddle points between minima:
Saddle 1: Position = [0.22960139 0.28792294], Energy = -72.27248887071096
Saddle 2: Position = [-0.82196728  0.62550537], Energy = -40.664843116738815

Computational statistics:
	Total energy calls: 40875
	Energy calls at each min: [1, 6417, 40875]
	Total force calls: 40875
	Force calls at each min: [1, 6417, 40875]
	Total steps: 42707

Verification against reference:
True minima found: 3/3

Verification against reference (saddles):
True saddles found: 2/2
Starting run 607
Identified minimum at [0.6234994  0.02803776] with energy -108.16672411685238
Identified minimum at [-0.05109776  0.46698558] with energy -80.76766252715547
BFGS Hessian has condition number >1e6 and cannot be reliably trusted; reverting to default behavior. 
Eigenvalues: [1.65402889e-05 5.11333506e+09]
Identified minimum at [-0.55822364  1.44172583] with energy -146.69951720995397
Simulation completed.


Energies of found minima:
Minimum 1: Position = [0.6234994  0.02803776], Energy = -108.16672411685238
Minimum 2: Position = [-0.05109776  0.46698558], Energy = -80.76766252715547
Minimum 3: Position = [-0.55822364  1.44172583], Energy = -146.69951720995397

Approximate saddle points between minima:
Saddle 1: Position = [0.25419527 0.29190101], Energy = -72.09671663898754
Saddle 2: Position = [-0.83018611  0.62176964], Energy = -40.65986152819346

Computational statistics:
	Total energy calls: 62286
	Energy calls at each min: [1, 11633, 62286]
	Total force calls: 62286
	Force calls at each min: [1, 11633, 62286]
	Total steps: 64545

Verification against reference:
True minima found: 2/3
Missed minima at positions:
[-0.05001082  0.4666941 ]

Verification against reference (saddles):
True saddles found: 2/2
Starting run 179
Identified minimum at [0.6234994  0.02803776] with energy -108.16672411685238
Identified minimum at [-0.55822365  1.44172583] with energy -146.69951720995394
BFGS Hessian has condition number >1e6 and cannot be reliably trusted; reverting to default behavior. 
Eigenvalues: [1.45409761e-03 6.86329060e+05]
BFGS Hessian has condition number >1e6 and cannot be reliably trusted; reverting to default behavior. 
Eigenvalues: [1.08448213e-02 1.13873943e+07]
BFGS Hessian has condition number >1e6 and cannot be reliably trusted; reverting to default behavior. 
Eigenvalues: [8.14661384e-04 1.10498238e+08]
Simulation completed.


Energies of found minima:
Minimum 1: Position = [0.6234994  0.02803776], Energy = -108.16672411685238
Minimum 2: Position = [-0.55822365  1.44172583], Energy = -146.69951720995394

Approximate saddle points between minima:
Saddle 1: Position = [-0.81039353  0.63030795], Energy = -40.638207364876536

Computational statistics:
	Total energy calls: 647415
	Energy calls at each min: [1, 14051]
	Total force calls: 647415
	Force calls at each min: [1, 14051]
	Total steps: 678335

Verification against reference:
True minima found: 2/3
Missed minima at positions:
[-0.05001082  0.4666941 ]

Verification against reference (saddles):
True saddles found: 1/2
Missed saddles at positions:
[0.21248658 0.29298833]
Starting run 753
Identified minimum at [0.6234994  0.02803776] with energy -108.16672411685238
BFGS Hessian has condition number >1e6 and cannot be reliably trusted; reverting to default behavior. 
Eigenvalues: [2.11284007e-03 4.63749886e+06]
Identified minimum at [-0.05001381  0.4666948 ] with energy -80.76781812855207
Identified minimum at [-0.55822361  1.44172586] with energy -146.69951720995383
Simulation completed.


Energies of found minima:
Minimum 1: Position = [0.6234994  0.02803776], Energy = -108.16672411685238
Minimum 2: Position = [-0.05001381  0.4666948 ], Energy = -80.76781812855207
Minimum 3: Position = [-0.55822361  1.44172586], Energy = -146.69951720995383

Approximate saddle points between minima:
Saddle 1: Position = [0.22569598 0.31392448], Energy = -72.16991282460515
Saddle 2: Position = [-0.84271798  0.61763725], Energy = -40.62986696605418

Computational statistics:
	Total energy calls: 24193
	Energy calls at each min: [1, 4360, 24193]
	Total force calls: 24193
	Force calls at each min: [1, 4360, 24193]
	Total steps: 25367

Verification against reference:
True minima found: 3/3

Verification against reference (saddles):
True saddles found: 2/2
Starting run 548
Identified minimum at [0.6234994  0.02803776] with energy -108.16672411685238
Identified minimum at [-0.05034475  0.46677307] with energy -80.76780421549978
BFGS Hessian has condition number >1e6 and cannot be reliably trusted; reverting to default behavior. 
Eigenvalues: [9.00938665e-03 2.54358976e+04]
Identified minimum at [-0.5582236   1.44172589] with energy -146.69951720995329
Simulation completed.


Energies of found minima:
Minimum 1: Position = [0.6234994  0.02803776], Energy = -108.16672411685238
Minimum 2: Position = [-0.05034475  0.46677307], Energy = -80.76780421549978
Minimum 3: Position = [-0.5582236   1.44172589], Energy = -146.69951720995329

Approximate saddle points between minima:
Saddle 1: Position = [0.17350547 0.25402765], Energy = -71.62688194081767
Saddle 2: Position = [-0.79350683  0.64005353], Energy = -40.48703284592618

Computational statistics:
	Total energy calls: 16191
	Energy calls at each min: [1, 3834, 16191]
	Total force calls: 16191
	Force calls at each min: [1, 3834, 16191]
	Total steps: 16925

Verification against reference:
True minima found: 3/3

Verification against reference (saddles):
True saddles found: 1/2
Missed saddles at positions:
[0.21248658 0.29298833]
Starting run 713
Identified minimum at [0.6234994  0.02803776] with energy -108.16672411685238
Identified minimum at [-0.05006698  0.46670933] with energy -80.7678177121421
Identified minimum at [-0.55822363  1.44172584] with energy -146.69951720995397
Simulation completed.


Energies of found minima:
Minimum 1: Position = [0.6234994  0.02803776], Energy = -108.16672411685238
Minimum 2: Position = [-0.05006698  0.46670933], Energy = -80.7678177121421
Minimum 3: Position = [-0.55822363  1.44172584], Energy = -146.69951720995397

Approximate saddle points between minima:
Saddle 1: Position = [0.22353252 0.30007391], Energy = -72.2048742887539
Saddle 2: Position = [-0.82825509  0.61208501], Energy = -40.623381890058475

Computational statistics:
	Total energy calls: 47409
	Energy calls at each min: [1, 7573, 47409]
	Total force calls: 47409
	Force calls at each min: [1, 7573, 47409]
	Total steps: 49493

Verification against reference:
True minima found: 3/3

Verification against reference (saddles):
True saddles found: 2/2
