Starting run 995
Identified minimum at [0.6234994  0.02803776] with energy -108.16672411685238
Identified minimum at [-0.05003082  0.4667156 ] with energy -80.76781780948463
Identified minimum at [-0.55822362  1.44172586] with energy -146.69951720995394
Simulation completed.


Energies of found minima:
Minimum 1: Position = [0.6234994  0.02803776], Energy = -108.16672411685238
Minimum 2: Position = [-0.05003082  0.4667156 ], Energy = -80.76781780948463
Minimum 3: Position = [-0.55822362  1.44172586], Energy = -146.69951720995394

Approximate saddle points between minima:
Saddle 1: Position = [0.20760607 0.2729233 ], Energy = -72.28295846495396
Saddle 2: Position = [-0.78121141  0.47137438], Energy = -39.71119162830988

Computational statistics:
	Total energy calls: 12411
	Energy calls at each min: [1, 2661, 12411]
	Total force calls: 12411
	Force calls at each min: [1, 2661, 12411]
	Total steps: 13036

Verification against reference:
True minima found: 3/3

Verification against reference (saddles):
True saddles found: 1/2
Missed saddles at positions:
[-0.82200156  0.6243128 ]
Starting run 455
Identified minimum at [0.6234994  0.02803776] with energy -108.16672411685238
Identified minimum at [-0.05053163  0.46679161] with energy -80.76778639198535
Identified minimum at [-0.55822362  1.44172586] with energy -146.69951720995397
Simulation completed.


Energies of found minima:
Minimum 1: Position = [0.6234994  0.02803776], Energy = -108.16672411685238
Minimum 2: Position = [-0.05053163  0.46679161], Energy = -80.76778639198535
Minimum 3: Position = [-0.55822362  1.44172586], Energy = -146.69951720995397

Approximate saddle points between minima:
Saddle 1: Position = [0.27487746 0.31079108], Energy = -71.3009567076684
Saddle 2: Position = [-0.89938009  0.52786244], Energy = -36.63543098403826

Computational statistics:
	Total energy calls: 22020
	Energy calls at each min: [1, 3378, 22020]
	Total force calls: 22020
	Force calls at each min: [1, 3378, 22020]
	Total steps: 23076

Verification against reference:
True minima found: 3/3

Verification against reference (saddles):
True saddles found: 0/2
Missed saddles at positions:
[0.21248658 0.29298833]
[-0.82200156  0.6243128 ]
Starting run 874
Identified minimum at [0.6234994  0.02803776] with energy -108.16672411685238
BFGS Hessian has condition number >1e6 and cannot be reliably trusted; reverting to default behavior. 
Eigenvalues: [4.69293175e-03 6.53548210e+05]
Identified minimum at [-0.05001803  0.46669664] with energy -80.76781812150237
Identified minimum at [-0.55822365  1.44172583] with energy -146.69951720995388
Simulation completed.


Energies of found minima:
Minimum 1: Position = [0.6234994  0.02803776], Energy = -108.16672411685238
Minimum 2: Position = [-0.05001803  0.46669664], Energy = -80.76781812150237
Minimum 3: Position = [-0.55822365  1.44172583], Energy = -146.69951720995388

Approximate saddle points between minima:
Saddle 1: Position = [0.21646897 0.31394465], Energy = -72.28890239777242
Saddle 2: Position = [-0.82575855  0.62354696], Energy = -40.66470559030129

Computational statistics:
	Total energy calls: 14627
	Energy calls at each min: [1, 2687, 14627]
	Total force calls: 14627
	Force calls at each min: [1, 2687, 14627]
	Total steps: 15347

Verification against reference:
True minima found: 3/3

Verification against reference (saddles):
True saddles found: 2/2
Starting run 61
Identified minimum at [0.6234994  0.02803776] with energy -108.16672411685238
Identified minimum at [-0.05001128  0.4666942 ] with energy -80.76781812963443
BFGS Hessian has condition number >1e6 and cannot be reliably trusted; reverting to default behavior. 
Eigenvalues: [8.46038759e-03 4.46852834e+09]
Identified minimum at [-0.55822363  1.44172584] with energy -146.69951720995397
Simulation completed.


Energies of found minima:
Minimum 1: Position = [0.6234994  0.02803776], Energy = -108.16672411685238
Minimum 2: Position = [-0.05001128  0.4666942 ], Energy = -80.76781812963443
Minimum 3: Position = [-0.55822363  1.44172584], Energy = -146.69951720995397

Approximate saddle points between minima:
Saddle 1: Position = [0.18320634 0.29196055], Energy = -72.14939071595508
Saddle 2: Position = [-0.79879474  0.6264671 ], Energy = -40.69676062278595

Computational statistics:
	Total energy calls: 21986
	Energy calls at each min: [1, 4525, 21986]
	Total force calls: 21986
	Force calls at each min: [1, 4525, 21986]
	Total steps: 23101

Verification against reference:
True minima found: 3/3

Verification against reference (saddles):
True saddles found: 2/2
Starting run 566
Identified minimum at [0.6234994  0.02803776] with energy -108.16672411685238
BFGS Hessian has condition number >1e6 and cannot be reliably trusted; reverting to default behavior. 
Eigenvalues: [3.20018048e-03 2.64753155e+06]
Identified minimum at [-0.05003245  0.46669753] with energy -80.76781807629808
Identified minimum at [-0.55822365  1.44172583] with energy -146.69951720995394
Simulation completed.


Energies of found minima:
Minimum 1: Position = [0.6234994  0.02803776], Energy = -108.16672411685238
Minimum 2: Position = [-0.05003245  0.46669753], Energy = -80.76781807629808
Minimum 3: Position = [-0.55822365  1.44172583], Energy = -146.69951720995394

Approximate saddle points between minima:
Saddle 1: Position = [0.13782652 0.28445189], Energy = -71.40375927005071
Saddle 2: Position = [-0.79936781  0.62537447], Energy = -40.709581377389355

Computational statistics:
	Total energy calls: 11044
	Energy calls at each min: [1, 2753, 11044]
	Total force calls: 11044
	Force calls at each min: [1, 2753, 11044]
	Total steps: 11568

Verification against reference:
True minima found: 3/3

Verification against reference (saddles):
True saddles found: 1/2
Missed saddles at positions:
[0.21248658 0.29298833]
Starting run 999
Identified minimum at [0.6234994  0.02803776] with energy -108.16672411685238
Identified minimum at [-0.05029979  0.46674986] with energy -80.76780829891065
Identified minimum at [-0.55822362  1.44172586] with energy -146.69951720995388
Simulation completed.


Energies of found minima:
Minimum 1: Position = [0.6234994  0.02803776], Energy = -108.16672411685238
Minimum 2: Position = [-0.05029979  0.46674986], Energy = -80.76780829891065
Minimum 3: Position = [-0.55822362  1.44172586], Energy = -146.69951720995388

Approximate saddle points between minima:
Saddle 1: Position = [0.1530686 0.2736971], Energy = -71.38654077156653
Saddle 2: Position = [-0.87184415  0.59200455], Energy = -39.98197154334469

Computational statistics:
	Total energy calls: 10313
	Energy calls at each min: [1, 2308, 10313]
	Total force calls: 10313
	Force calls at each min: [1, 2308, 10313]
	Total steps: 10807

Verification against reference:
True minima found: 3/3

Verification against reference (saddles):
True saddles found: 0/2
Missed saddles at positions:
[0.21248658 0.29298833]
[-0.82200156  0.6243128 ]
Starting run 894
Identified minimum at [0.6234994  0.02803776] with energy -108.16672411685238
Identified minimum at [-0.05003691  0.46669933] with energy -80.76781804886116
Identified minimum at [-0.55822366  1.44172582] with energy -146.6995172099538
Simulation completed.


Energies of found minima:
Minimum 1: Position = [0.6234994  0.02803776], Energy = -108.16672411685238
Minimum 2: Position = [-0.05003691  0.46669933], Energy = -80.76781804886116
Minimum 3: Position = [-0.55822366  1.44172582], Energy = -146.6995172099538

Approximate saddle points between minima:
Saddle 1: Position = [0.10525797 0.15530394], Energy = -67.51237719235576
Saddle 2: Position = [-0.86420027  0.54801947], Energy = -38.711633046381834

Computational statistics:
	Total energy calls: 16263
	Energy calls at each min: [1, 3343, 16263]
	Total force calls: 16263
	Force calls at each min: [1, 3343, 16263]
	Total steps: 17089

Verification against reference:
True minima found: 3/3

Verification against reference (saddles):
True saddles found: 0/2
Missed saddles at positions:
[0.21248658 0.29298833]
[-0.82200156  0.6243128 ]
Starting run 48
Identified minimum at [0.6234994  0.02803776] with energy -108.16672411685238
Identified minimum at [-0.55822366  1.44172582] with energy -146.69951720995383
BFGS Hessian has condition number >1e6 and cannot be reliably trusted; reverting to default behavior. 
Eigenvalues: [3.35667359e-02 4.07000445e+05]
BFGS Hessian has condition number >1e6 and cannot be reliably trusted; reverting to default behavior. 
Eigenvalues: [3.62098217e-06 4.81578382e+08]
BFGS Hessian has condition number >1e6 and cannot be reliably trusted; reverting to default behavior. 
Eigenvalues: [7.45058060e-08 3.08580897e+08]
BFGS Hessian has condition number >1e6 and cannot be reliably trusted; reverting to default behavior. 
Eigenvalues: [9.57213031e-03 1.09097124e+07]
BFGS Hessian has condition number >1e6 and cannot be reliably trusted; reverting to default behavior. 
Eigenvalues: [5.48955053e-04 4.16230034e+07]
BFGS Hessian has condition number >1e6 and cannot be reliably trusted; reverting to default behavior. 
Eigenvalues: [4.51749202e-03 6.42976754e+08]
BFGS Hessian has condition number >1e6 and cannot be reliably trusted; reverting to default behavior. 
Eigenvalues: [3.56224179e-03 1.05288348e+09]
BFGS Hessian has condition number >1e6 and cannot be reliably trusted; reverting to default behavior. 
Eigenvalues: [1.79601295e-03 8.05607642e+03]
BFGS Hessian has condition number >1e6 and cannot be reliably trusted; reverting to default behavior. 
Eigenvalues: [8.23842827e-04 2.85599276e+06]
BFGS Hessian has condition number >1e6 and cannot be reliably trusted; reverting to default behavior. 
Eigenvalues: [6.34785742e-04 1.94521493e+07]
BFGS Hessian has condition number >1e6 and cannot be reliably trusted; reverting to default behavior. 
Eigenvalues: [3.99791449e-03 2.17814027e+08]
BFGS Hessian has condition number >1e6 and cannot be reliably trusted; reverting to default behavior. 
Eigenvalues: [9.81029581e-03 1.68729031e+05]
BFGS Hessian has condition number >1e6 and cannot be reliably trusted; reverting to default behavior. 
Eigenvalues: [8.05577689e-03 1.66251965e+05]
BFGS Hessian has condition number >1e6 and cannot be reliably trusted; reverting to default behavior. 
Eigenvalues: [1.08590164e-02 8.21000981e+05]
BFGS Hessian has condition number >1e6 and cannot be reliably trusted; reverting to default behavior. 
Eigenvalues: [3.46317654e-03 9.01625435e+06]
Simulation completed.


Energies of found minima:
Minimum 1: Position = [0.6234994  0.02803776], Energy = -108.16672411685238
Minimum 2: Position = [-0.55822366  1.44172582], Energy = -146.69951720995383

Approximate saddle points between minima:
Saddle 1: Position = [-0.81957016  0.59685967], Energy = -40.688969543625184

Computational statistics:
	Total energy calls: 644363
	Energy calls at each min: [1, 17150]
	Total force calls: 644363
	Force calls at each min: [1, 17150]
	Total steps: 673683

Verification against reference:
True minima found: 2/3
Missed minima at positions:
[-0.05001082  0.4666941 ]

Verification against reference (saddles):
True saddles found: 1/2
Missed saddles at positions:
[0.21248658 0.29298833]
Starting run 84
Identified minimum at [0.6234994  0.02803776] with energy -108.16672411685238
Identified minimum at [-0.05001893  0.4666954 ] with energy -80.76781812215296
Identified minimum at [-0.55822364  1.44172584] with energy -146.69951720995402
Simulation completed.


Energies of found minima:
Minimum 1: Position = [0.6234994  0.02803776], Energy = -108.16672411685238
Minimum 2: Position = [-0.05001893  0.4666954 ], Energy = -80.76781812215296
Minimum 3: Position = [-0.55822364  1.44172584], Energy = -146.69951720995402

Approximate saddle points between minima:
Saddle 1: Position = [0.2006601  0.26762363], Energy = -72.21629330946055
Saddle 2: Position = [-0.80903951  0.62490983], Energy = -40.67951168595988

Computational statistics:
	Total energy calls: 13932
	Energy calls at each min: [1, 3248, 13932]
	Total force calls: 13932
	Force calls at each min: [1, 3248, 13932]
	Total steps: 14637

Verification against reference:
True minima found: 3/3

Verification against reference (saddles):
True saddles found: 2/2
Starting run 268
Identified minimum at [0.6234994  0.02803776] with energy -108.16672411685238
Identified minimum at [-0.55822363  1.44172584] with energy -146.69951720995402
BFGS Hessian has condition number >1e6 and cannot be reliably trusted; reverting to default behavior. 
Eigenvalues: [4.41244122e-03 2.92773205e+06]
BFGS Hessian has condition number >1e6 and cannot be reliably trusted; reverting to default behavior. 
Eigenvalues: [2.27548694e-03 7.99498239e+06]
BFGS Hessian has condition number >1e6 and cannot be reliably trusted; reverting to default behavior. 
Eigenvalues: [2.0330362e-03 1.3002023e+08]
BFGS Hessian has condition number >1e6 and cannot be reliably trusted; reverting to default behavior. 
Eigenvalues: [2.82929165e-03 6.70659037e+06]
BFGS Hessian has condition number >1e6 and cannot be reliably trusted; reverting to default behavior. 
Eigenvalues: [8.75799108e-03 7.23702905e+04]
BFGS Hessian has condition number >1e6 and cannot be reliably trusted; reverting to default behavior. 
Eigenvalues: [1.21172330e-03 2.12710897e+06]
BFGS Hessian has condition number >1e6 and cannot be reliably trusted; reverting to default behavior. 
Eigenvalues: [1.56419817e-03 8.41993274e+06]
Simulation completed.


Energies of found minima:
Minimum 1: Position = [0.6234994  0.02803776], Energy = -108.16672411685238
Minimum 2: Position = [-0.55822363  1.44172584], Energy = -146.69951720995402

Approximate saddle points between minima:
Saddle 1: Position = [-0.80399616  0.63245747], Energy = -40.61317945527216

Computational statistics:
	Total energy calls: 647576
	Energy calls at each min: [1, 10610]
	Total force calls: 647576
	Force calls at each min: [1, 10610]
	Total steps: 678305

Verification against reference:
True minima found: 2/3
Missed minima at positions:
[-0.05001082  0.4666941 ]

Verification against reference (saddles):
True saddles found: 1/2
Missed saddles at positions:
[0.21248658 0.29298833]
