Starting run 784
Identified minimum at [0.6234994  0.02803776] with energy -108.16672411685238
Identified minimum at [-0.05004122  0.46670057] with energy -80.76781801825109
Identified minimum at [-0.55822365  1.44172582] with energy -146.69951720995385
Simulation completed.


Energies of found minima:
Minimum 1: Position = [0.6234994  0.02803776], Energy = -108.16672411685238
Minimum 2: Position = [-0.05004122  0.46670057], Energy = -80.76781801825109
Minimum 3: Position = [-0.55822365  1.44172582], Energy = -146.69951720995385

Approximate saddle points between minima:
Saddle 1: Position = [0.21923113 0.30568918], Energy = -72.2311863458732
Saddle 2: Position = [-0.83464558  0.57532781], Energy = -40.22453748255079

Computational statistics:
	Total energy calls: 14938
	Energy calls at each min: [1, 2816, 14938]
	Total force calls: 14938
	Force calls at each min: [1, 2816, 14938]
	Total steps: 15694

Verification against reference:
True minima found: 3/3

Verification against reference (saddles):
True saddles found: 1/2
Missed saddles at positions:
[-0.82200156  0.6243128 ]
Starting run 22
Identified minimum at [0.6234994  0.02803776] with energy -108.16672411685238
Identified minimum at [-0.05002436  0.46669709] with energy -80.76781810731893
Identified minimum at [-0.55822366  1.44172582] with energy -146.6995172099538
Simulation completed.


Energies of found minima:
Minimum 1: Position = [0.6234994  0.02803776], Energy = -108.16672411685238
Minimum 2: Position = [-0.05002436  0.46669709], Energy = -80.76781810731893
Minimum 3: Position = [-0.55822366  1.44172582], Energy = -146.6995172099538

Approximate saddle points between minima:
Saddle 1: Position = [0.21283047 0.310263  ], Energy = -72.30495824508033
Saddle 2: Position = [-0.81566412  0.592453  ], Energy = -40.75924011242843

Computational statistics:
	Total energy calls: 48124
	Energy calls at each min: [1, 7121, 48124]
	Total force calls: 48124
	Force calls at each min: [1, 7121, 48124]
	Total steps: 50350

Verification against reference:
True minima found: 3/3

Verification against reference (saddles):
True saddles found: 2/2
Starting run 658
Identified minimum at [0.6234994  0.02803776] with energy -108.16672411685238
Identified minimum at [-0.55822362  1.44172586] with energy -146.6995172099539
BFGS Hessian has condition number >1e6 and cannot be reliably trusted; reverting to default behavior. 
Eigenvalues: [4.36184337e-04 3.74086434e+03]
BFGS Hessian has condition number >1e6 and cannot be reliably trusted; reverting to default behavior. 
Eigenvalues: [9.96896095e-04 3.67643456e+05]
BFGS Hessian has condition number >1e6 and cannot be reliably trusted; reverting to default behavior. 
Eigenvalues: [3.24400165e-03 7.50647240e+03]
BFGS Hessian has condition number >1e6 and cannot be reliably trusted; reverting to default behavior. 
Eigenvalues: [7.66776502e-04 4.20883063e+07]
Simulation completed.


Energies of found minima:
Minimum 1: Position = [0.6234994  0.02803776], Energy = -108.16672411685238
Minimum 2: Position = [-0.55822362  1.44172586], Energy = -146.6995172099539

Approximate saddle points between minima:
Saddle 1: Position = [-0.82008788  0.5497125 ], Energy = -40.30542814951352

Computational statistics:
	Total energy calls: 644930
	Energy calls at each min: [1, 17923]
	Total force calls: 644930
	Force calls at each min: [1, 17923]
	Total steps: 674988

Verification against reference:
True minima found: 2/3
Missed minima at positions:
[-0.05001082  0.4666941 ]

Verification against reference (saddles):
True saddles found: 0/2
Missed saddles at positions:
[0.21248658 0.29298833]
[-0.82200156  0.6243128 ]
Starting run 331
Identified minimum at [0.6234994  0.02803776] with energy -108.16672411685238
Identified minimum at [-0.05001088  0.46669412] with energy -80.76781812965864
Identified minimum at [-0.55822362  1.44172586] with energy -146.6995172099539
Simulation completed.


Energies of found minima:
Minimum 1: Position = [0.6234994  0.02803776], Energy = -108.16672411685238
Minimum 2: Position = [-0.05001088  0.46669412], Energy = -80.76781812965864
Minimum 3: Position = [-0.55822362  1.44172586], Energy = -146.6995172099539

Approximate saddle points between minima:
Saddle 1: Position = [0.17794727 0.28905479], Energy = -72.06392688616782
Saddle 2: Position = [-0.83908614  0.61693457], Energy = -40.621970620460885

Computational statistics:
	Total energy calls: 37162
	Energy calls at each min: [1, 6255, 37162]
	Total force calls: 37162
	Force calls at each min: [1, 6255, 37162]
	Total steps: 38985

Verification against reference:
True minima found: 3/3

Verification against reference (saddles):
True saddles found: 2/2
Starting run 776
Identified minimum at [0.6234994  0.02803776] with energy -108.16672411685238
Identified minimum at [-0.05029107  0.4667323 ] with energy -80.76780927919395
Identified minimum at [-0.55822365  1.44172583] with energy -146.6995172099539
Simulation completed.


Energies of found minima:
Minimum 1: Position = [0.6234994  0.02803776], Energy = -108.16672411685238
Minimum 2: Position = [-0.05029107  0.4667323 ], Energy = -80.76780927919395
Minimum 3: Position = [-0.55822365  1.44172583], Energy = -146.6995172099539

Approximate saddle points between minima:
Saddle 1: Position = [0.25666442 0.29820923], Energy = -71.92823969800233
Saddle 2: Position = [-0.83409096  0.57370097], Energy = -40.21563440451292

Computational statistics:
	Total energy calls: 14694
	Energy calls at each min: [1, 2333, 14694]
	Total force calls: 14694
	Force calls at each min: [1, 2333, 14694]
	Total steps: 15416

Verification against reference:
True minima found: 3/3

Verification against reference (saddles):
True saddles found: 1/2
Missed saddles at positions:
[-0.82200156  0.6243128 ]
Starting run 891
Identified minimum at [0.6234994  0.02803776] with energy -108.16672411685238
Identified minimum at [-0.05001078  0.46669409] with energy -80.7678181296588
Identified minimum at [-0.55822362  1.44172586] with energy -146.6995172099539
Simulation completed.


Energies of found minima:
Minimum 1: Position = [0.6234994  0.02803776], Energy = -108.16672411685238
Minimum 2: Position = [-0.05001078  0.46669409], Energy = -80.7678181296588
Minimum 3: Position = [-0.55822362  1.44172586], Energy = -146.6995172099539

Approximate saddle points between minima:
Saddle 1: Position = [0.17543891 0.21926637], Energy = -71.88917871976716
Saddle 2: Position = [-0.81489844  0.62023493], Energy = -40.68842922585927

Computational statistics:
	Total energy calls: 14764
	Energy calls at each min: [1, 3690, 14764]
	Total force calls: 14764
	Force calls at each min: [1, 3690, 14764]
	Total steps: 15536

Verification against reference:
True minima found: 3/3

Verification against reference (saddles):
True saddles found: 1/2
Missed saddles at positions:
[0.21248658 0.29298833]
Starting run 594
Identified minimum at [0.6234994  0.02803776] with energy -108.16672411685238
Identified minimum at [-0.05007945  0.46670655] with energy -80.76781758193773
Identified minimum at [-0.55822362  1.44172586] with energy -146.6995172099539
Simulation completed.


Energies of found minima:
Minimum 1: Position = [0.6234994  0.02803776], Energy = -108.16672411685238
Minimum 2: Position = [-0.05007945  0.46670655], Energy = -80.76781758193773
Minimum 3: Position = [-0.55822362  1.44172586], Energy = -146.6995172099539

Approximate saddle points between minima:
Saddle 1: Position = [0.27040019 0.31060783], Energy = -71.40693888006717
Saddle 2: Position = [-0.83333395  0.62336184], Energy = -40.67287098897114

Computational statistics:
	Total energy calls: 14424
	Energy calls at each min: [1, 2859, 14424]
	Total force calls: 14424
	Force calls at each min: [1, 2859, 14424]
	Total steps: 15153

Verification against reference:
True minima found: 3/3

Verification against reference (saddles):
True saddles found: 1/2
Missed saddles at positions:
[0.21248658 0.29298833]
Starting run 884
Identified minimum at [0.6234994  0.02803776] with energy -108.16672411685238
Identified minimum at [-0.05004136  0.46670021] with energy -80.76781801902291
Identified minimum at [-0.55822364  1.44172584] with energy -146.69951720995402
Simulation completed.


Energies of found minima:
Minimum 1: Position = [0.6234994  0.02803776], Energy = -108.16672411685238
Minimum 2: Position = [-0.05004136  0.46670021], Energy = -80.76781801902291
Minimum 3: Position = [-0.55822364  1.44172584], Energy = -146.69951720995402

Approximate saddle points between minima:
Saddle 1: Position = [0.16406171 0.26685271], Energy = -71.49898541977402
Saddle 2: Position = [-0.83959981  0.62745446], Energy = -40.73412408637926

Computational statistics:
	Total energy calls: 18412
	Energy calls at each min: [1, 3143, 18412]
	Total force calls: 18412
	Force calls at each min: [1, 3143, 18412]
	Total steps: 19287

Verification against reference:
True minima found: 3/3

Verification against reference (saddles):
True saddles found: 1/2
Missed saddles at positions:
[0.21248658 0.29298833]
Starting run 591
Identified minimum at [0.6234994  0.02803776] with energy -108.16672411685238
Identified minimum at [-0.05001082  0.4666941 ] with energy -80.76781812965902
Identified minimum at [-0.55822362  1.44172586] with energy -146.69951720995388
Simulation completed.


Energies of found minima:
Minimum 1: Position = [0.6234994  0.02803776], Energy = -108.16672411685238
Minimum 2: Position = [-0.05001082  0.4666941 ], Energy = -80.76781812965902
Minimum 3: Position = [-0.55822362  1.44172586], Energy = -146.69951720995388

Approximate saddle points between minima:
Saddle 1: Position = [0.14425659 0.12984095], Energy = -71.06058394898236
Saddle 2: Position = [-0.80338333  0.64807118], Energy = -40.45055707470586

Computational statistics:
	Total energy calls: 16278
	Energy calls at each min: [1, 3580, 16278]
	Total force calls: 16278
	Force calls at each min: [1, 3580, 16278]
	Total steps: 17137

Verification against reference:
True minima found: 3/3

Verification against reference (saddles):
True saddles found: 1/2
Missed saddles at positions:
[0.21248658 0.29298833]
Starting run 547
Identified minimum at [0.6234994  0.02803776] with energy -108.16672411685238
BFGS Hessian has condition number >1e6 and cannot be reliably trusted; reverting to default behavior. 
Eigenvalues: [7.10802153e-03 1.74832356e+07]
BFGS Hessian has condition number >1e6 and cannot be reliably trusted; reverting to default behavior. 
Eigenvalues: [5.63990208e-04 1.60644429e+03]
Identified minimum at [-0.55822363  1.44172585] with energy -146.699517209954
BFGS Hessian has condition number >1e6 and cannot be reliably trusted; reverting to default behavior. 
Eigenvalues: [6.95891678e-04 2.99060790e+08]
BFGS Hessian has condition number >1e6 and cannot be reliably trusted; reverting to default behavior. 
Eigenvalues: [1.59004187e-03 2.91740847e+03]
BFGS Hessian has condition number >1e6 and cannot be reliably trusted; reverting to default behavior. 
Eigenvalues: [3.75376715e-03 2.95976896e+06]
BFGS Hessian has condition number >1e6 and cannot be reliably trusted; reverting to default behavior. 
Eigenvalues: [7.55324930e-03 4.74610975e+06]
BFGS Hessian has condition number >1e6 and cannot be reliably trusted; reverting to default behavior. 
Eigenvalues: [4.28305651e-03 8.24083938e+03]
BFGS Hessian has condition number >1e6 and cannot be reliably trusted; reverting to default behavior. 
Eigenvalues: [6.40580848e-03 1.54069392e+07]
Simulation completed.


Energies of found minima:
Minimum 1: Position = [0.6234994  0.02803776], Energy = -108.16672411685238
Minimum 2: Position = [-0.55822363  1.44172585], Energy = -146.699517209954

Approximate saddle points between minima:
Saddle 1: Position = [-0.8370542   0.63977794], Energy = -40.845334882453486

Computational statistics:
	Total energy calls: 640635
	Energy calls at each min: [1, 20511]
	Total force calls: 640635
	Force calls at each min: [1, 20511]
	Total steps: 669925

Verification against reference:
True minima found: 2/3
Missed minima at positions:
[-0.05001082  0.4666941 ]

Verification against reference (saddles):
True saddles found: 1/2
Missed saddles at positions:
[0.21248658 0.29298833]
