Starting run 727
Identified minimum at [0.6234994  0.02803776] with energy -108.16672411685238
Identified minimum at [-0.55822364  1.44172584] with energy -146.69951720995402
BFGS Hessian has condition number >1e6 and cannot be reliably trusted; reverting to default behavior. 
Eigenvalues: [1.59165308e-03 1.18184554e+06]
BFGS Hessian has condition number >1e6 and cannot be reliably trusted; reverting to default behavior. 
Eigenvalues: [3.27238627e-03 3.16218977e+07]
BFGS Hessian has condition number >1e6 and cannot be reliably trusted; reverting to default behavior. 
Eigenvalues: [9.46965627e-03 1.25986622e+07]
BFGS Hessian has condition number >1e6 and cannot be reliably trusted; reverting to default behavior. 
Eigenvalues: [7.33159855e-03 3.18401830e+07]
Simulation completed.


Energies of found minima:
Minimum 1: Position = [0.6234994  0.02803776], Energy = -108.16672411685238
Minimum 2: Position = [-0.55822364  1.44172584], Energy = -146.69951720995402

Approximate saddle points between minima:
Saddle 1: Position = [-0.81619138  0.65975602], Energy = -40.61545322759895

Computational statistics:
	Total energy calls: 638922
	Energy calls at each min: [1, 27047]
	Total force calls: 638922
	Force calls at each min: [1, 27047]
	Total steps: 666259

Verification against reference:
True minima found: 2/3
Missed minima at positions:
[-0.05001082  0.4666941 ]

Verification against reference (saddles):
True saddles found: 1/2
Missed saddles at positions:
[0.21248658 0.29298833]
Starting run 131
Identified minimum at [0.6234994  0.02803776] with energy -108.16672411685238
Identified minimum at [-0.0500108   0.46669411] with energy -80.76781812965893
BFGS Hessian has condition number >1e6 and cannot be reliably trusted; reverting to default behavior. 
Eigenvalues: [7.19620381e-04 1.62232229e+08]
Identified minimum at [-0.55822364  1.44172583] with energy -146.699517209954
Simulation completed.


Energies of found minima:
Minimum 1: Position = [0.6234994  0.02803776], Energy = -108.16672411685238
Minimum 2: Position = [-0.0500108   0.46669411], Energy = -80.76781812965893
Minimum 3: Position = [-0.55822364  1.44172583], Energy = -146.699517209954

Approximate saddle points between minima:
Saddle 1: Position = [0.20439069 0.29015019], Energy = -72.23179334916847
Saddle 2: Position = [-0.83554338  0.58318745], Energy = -40.3065891044067

Computational statistics:
	Total energy calls: 45130
	Energy calls at each min: [1, 5979, 45130]
	Total force calls: 45130
	Force calls at each min: [1, 5979, 45130]
	Total steps: 47324

Verification against reference:
True minima found: 3/3

Verification against reference (saddles):
True saddles found: 2/2
Starting run 520
Identified minimum at [0.6234994  0.02803776] with energy -108.16672411685238
Identified minimum at [-0.05001086  0.46669411] with energy -80.76781812965888
Identified minimum at [-0.55822365  1.44172583] with energy -146.69951720995388
Simulation completed.


Energies of found minima:
Minimum 1: Position = [0.6234994  0.02803776], Energy = -108.16672411685238
Minimum 2: Position = [-0.05001086  0.46669411], Energy = -80.76781812965888
Minimum 3: Position = [-0.55822365  1.44172583], Energy = -146.69951720995388

Approximate saddle points between minima:
Saddle 1: Position = [0.25477664 0.28757987], Energy = -72.1996246964602
Saddle 2: Position = [-0.8063587   0.63183809], Energy = -40.62163969474621

Computational statistics:
	Total energy calls: 56111
	Energy calls at each min: [1, 10512, 56111]
	Total force calls: 56111
	Force calls at each min: [1, 10512, 56111]
	Total steps: 58875

Verification against reference:
True minima found: 3/3

Verification against reference (saddles):
True saddles found: 2/2
Starting run 524
Identified minimum at [0.6234994  0.02803776] with energy -108.16672411685238
Identified minimum at [-0.0501379   0.46672532] with energy -80.7678160849792
BFGS Hessian has condition number >1e6 and cannot be reliably trusted; reverting to default behavior. 
Eigenvalues: [1.04353902e-03 1.58654945e+07]
Identified minimum at [-0.55822364  1.44172584] with energy -146.69951720995402
Simulation completed.


Energies of found minima:
Minimum 1: Position = [0.6234994  0.02803776], Energy = -108.16672411685238
Minimum 2: Position = [-0.0501379   0.46672532], Energy = -80.7678160849792
Minimum 3: Position = [-0.55822364  1.44172584], Energy = -146.69951720995402

Approximate saddle points between minima:
Saddle 1: Position = [0.24365815 0.35585899], Energy = -71.75379263874869
Saddle 2: Position = [-0.78906238  0.4881893 ], Energy = -40.08302419235595

Computational statistics:
	Total energy calls: 36493
	Energy calls at each min: [1, 5754, 36493]
	Total force calls: 36493
	Force calls at each min: [1, 5754, 36493]
	Total steps: 38107

Verification against reference:
True minima found: 3/3

Verification against reference (saddles):
True saddles found: 0/2
Missed saddles at positions:
[0.21248658 0.29298833]
[-0.82200156  0.6243128 ]
Starting run 2
Identified minimum at [0.6234994  0.02803776] with energy -108.16672411685238
Identified minimum at [-0.05001703  0.46669545] with energy -80.76781812499644
BFGS Hessian has condition number >1e6 and cannot be reliably trusted; reverting to default behavior. 
Eigenvalues: [2.88144243e-03 3.23458081e+06]
Identified minimum at [-0.55822366  1.44172582] with energy -146.69951720995383
Simulation completed.


Energies of found minima:
Minimum 1: Position = [0.6234994  0.02803776], Energy = -108.16672411685238
Minimum 2: Position = [-0.05001703  0.46669545], Energy = -80.76781812499644
Minimum 3: Position = [-0.55822366  1.44172582], Energy = -146.69951720995383

Approximate saddle points between minima:
Saddle 1: Position = [0.20528874 0.30772552], Energy = -72.34348654346734
Saddle 2: Position = [-0.82473741  0.58780043], Energy = -40.566118319335644

Computational statistics:
	Total energy calls: 106177
	Energy calls at each min: [1, 15638, 106177]
	Total force calls: 106177
	Force calls at each min: [1, 15638, 106177]
	Total steps: 110452

Verification against reference:
True minima found: 3/3

Verification against reference (saddles):
True saddles found: 2/2
Starting run 620
Identified minimum at [0.6234994  0.02803776] with energy -108.16672411685238
Identified minimum at [-0.05001087  0.46669411] with energy -80.76781812965882
BFGS Hessian has condition number >1e6 and cannot be reliably trusted; reverting to default behavior. 
Eigenvalues: [3.30395252e-03 5.27881671e+07]
BFGS Hessian has condition number >1e6 and cannot be reliably trusted; reverting to default behavior. 
Eigenvalues: [1.77866477e-03 7.72095754e+05]
Identified minimum at [-0.55822366  1.44172582] with energy -146.69951720995383
Simulation completed.


Energies of found minima:
Minimum 1: Position = [0.6234994  0.02803776], Energy = -108.16672411685238
Minimum 2: Position = [-0.05001087  0.46669411], Energy = -80.76781812965882
Minimum 3: Position = [-0.55822366  1.44172582], Energy = -146.69951720995383

Approximate saddle points between minima:
Saddle 1: Position = [0.21514876 0.29726334], Energy = -72.24591971399444
Saddle 2: Position = [-0.85690855  0.59050146], Energy = -40.08907361392475

Computational statistics:
	Total energy calls: 79821
	Energy calls at each min: [1, 9150, 79821]
	Total force calls: 79821
	Force calls at each min: [1, 9150, 79821]
	Total steps: 83753

Verification against reference:
True minima found: 3/3

Verification against reference (saddles):
True saddles found: 2/2
Starting run 100
Identified minimum at [0.6234994  0.02803776] with energy -108.16672411685238
BFGS Hessian has condition number >1e6 and cannot be reliably trusted; reverting to default behavior. 
Eigenvalues: [5.07877499e-04 9.95002119e+06]
Identified minimum at [-0.05001086  0.4666941 ] with energy -80.76781812965882
BFGS Hessian has condition number >1e6 and cannot be reliably trusted; reverting to default behavior. 
Eigenvalues: [2.40664824e-03 4.95304813e+07]
Identified minimum at [-0.55822365  1.44172583] with energy -146.69951720995397
Simulation completed.


Energies of found minima:
Minimum 1: Position = [0.6234994  0.02803776], Energy = -108.16672411685238
Minimum 2: Position = [-0.05001086  0.4666941 ], Energy = -80.76781812965882
Minimum 3: Position = [-0.55822365  1.44172583], Energy = -146.69951720995397

Approximate saddle points between minima:
Saddle 1: Position = [0.20605352 0.3049878 ], Energy = -72.31502317098966
Saddle 2: Position = [-0.8189392   0.61151039], Energy = -40.68916812934422

Computational statistics:
	Total energy calls: 148258
	Energy calls at each min: [1, 21989, 148258]
	Total force calls: 148258
	Force calls at each min: [1, 21989, 148258]
	Total steps: 154904

Verification against reference:
True minima found: 3/3

Verification against reference (saddles):
True saddles found: 2/2
Starting run 572
Identified minimum at [0.6234994  0.02803776] with energy -108.16672411685238
Identified minimum at [-0.05001146  0.46669429] with energy -80.76781812960272
Identified minimum at [-0.55822362  1.44172585] with energy -146.69951720995397
Simulation completed.


Energies of found minima:
Minimum 1: Position = [0.6234994  0.02803776], Energy = -108.16672411685238
Minimum 2: Position = [-0.05001146  0.46669429], Energy = -80.76781812960272
Minimum 3: Position = [-0.55822362  1.44172585], Energy = -146.69951720995397

Approximate saddle points between minima:
Saddle 1: Position = [0.19608667 0.28629349], Energy = -72.17306343384237
Saddle 2: Position = [-0.86344257  0.55712741], Energy = -39.05225258719331

Computational statistics:
	Total energy calls: 19921
	Energy calls at each min: [1, 2902, 19921]
	Total force calls: 19921
	Force calls at each min: [1, 2902, 19921]
	Total steps: 20932

Verification against reference:
True minima found: 3/3

Verification against reference (saddles):
True saddles found: 1/2
Missed saddles at positions:
[-0.82200156  0.6243128 ]
Starting run 759
Identified minimum at [0.6234994  0.02803776] with energy -108.16672411685238
Identified minimum at [-0.55822362  1.44172586] with energy -146.69951720995385
BFGS Hessian has condition number >1e6 and cannot be reliably trusted; reverting to default behavior. 
Eigenvalues: [2.53731012e-03 1.12962934e+08]
BFGS Hessian has condition number >1e6 and cannot be reliably trusted; reverting to default behavior. 
Eigenvalues: [6.47523813e-03 1.07582650e+08]
BFGS Hessian has condition number >1e6 and cannot be reliably trusted; reverting to default behavior. 
Eigenvalues: [3.39383585e-03 3.49646227e+07]
BFGS Hessian has condition number >1e6 and cannot be reliably trusted; reverting to default behavior. 
Eigenvalues: [3.46650183e-03 2.63245035e+08]
BFGS Hessian has condition number >1e6 and cannot be reliably trusted; reverting to default behavior. 
Eigenvalues: [5.43528004e-05 2.42939023e+07]
BFGS Hessian has condition number >1e6 and cannot be reliably trusted; reverting to default behavior. 
Eigenvalues: [3.71838059e-02 5.74967105e+05]
BFGS Hessian has condition number >1e6 and cannot be reliably trusted; reverting to default behavior. 
Eigenvalues: [2.88328645e-03 9.25860680e+06]
BFGS Hessian has condition number >1e6 and cannot be reliably trusted; reverting to default behavior. 
Eigenvalues: [3.82657688e-03 7.56949319e+03]
BFGS Hessian has condition number >1e6 and cannot be reliably trusted; reverting to default behavior. 
Eigenvalues: [1.59770157e-03 1.90185671e+07]
BFGS Hessian has condition number >1e6 and cannot be reliably trusted; reverting to default behavior. 
Eigenvalues: [4.89139035e-02 3.88841965e+08]
BFGS Hessian has condition number >1e6 and cannot be reliably trusted; reverting to default behavior. 
Eigenvalues: [5.86925910e-03 3.45249047e+04]
Simulation completed.


Energies of found minima:
Minimum 1: Position = [0.6234994  0.02803776], Energy = -108.16672411685238
Minimum 2: Position = [-0.55822362  1.44172586], Energy = -146.69951720995385

Approximate saddle points between minima:
Saddle 1: Position = [-0.25071033  0.17184037], Energy = -38.38804252890853

Computational statistics:
	Total energy calls: 647898
	Energy calls at each min: [1, 18787]
	Total force calls: 647898
	Force calls at each min: [1, 18787]
	Total steps: 677878

Verification against reference:
True minima found: 2/3
Missed minima at positions:
[-0.05001082  0.4666941 ]

Verification against reference (saddles):
True saddles found: 0/2
Missed saddles at positions:
[0.21248658 0.29298833]
[-0.82200156  0.6243128 ]
Starting run 403
Identified minimum at [0.6234994  0.02803776] with energy -108.16672411685238
BFGS Hessian has condition number >1e6 and cannot be reliably trusted; reverting to default behavior. 
Eigenvalues: [4.14132673e-03 7.45368575e+03]
Identified minimum at [-0.05003501  0.4666995 ] with energy -80.7678180581279
BFGS Hessian has condition number >1e6 and cannot be reliably trusted; reverting to default behavior. 
Eigenvalues: [5.82029717e-03 3.14229447e+06]
BFGS Hessian has condition number >1e6 and cannot be reliably trusted; reverting to default behavior. 
Eigenvalues: [3.16867771e-03 1.90874823e+04]
Identified minimum at [-0.55822365  1.44172582] with energy -146.69951720995388
Simulation completed.


Energies of found minima:
Minimum 1: Position = [0.6234994  0.02803776], Energy = -108.16672411685238
Minimum 2: Position = [-0.05003501  0.4666995 ], Energy = -80.7678180581279
Minimum 3: Position = [-0.55822365  1.44172582], Energy = -146.69951720995388

Approximate saddle points between minima:
Saddle 1: Position = [0.17234207 0.23272227], Energy = -71.6204432071132
Saddle 2: Position = [-0.80347304  0.61804696], Energy = -40.77504457380935

Computational statistics:
	Total energy calls: 80042
	Energy calls at each min: [1, 12986, 80042]
	Total force calls: 80042
	Force calls at each min: [1, 12986, 80042]
	Total steps: 83285

Verification against reference:
True minima found: 3/3

Verification against reference (saddles):
True saddles found: 1/2
Missed saddles at positions:
[0.21248658 0.29298833]
