Starting run 267
Identified minimum at [0.6234994  0.02803776] with energy -108.16672411685238
Identified minimum at [-0.05042196  0.46679541] with energy -80.76779669856687
Identified minimum at [-0.55822365  1.44172583] with energy -146.69951720995394
Simulation completed.


Energies of found minima:
Minimum 1: Position = [0.6234994  0.02803776], Energy = -108.16672411685238
Minimum 2: Position = [-0.05042196  0.46679541], Energy = -80.76779669856687
Minimum 3: Position = [-0.55822365  1.44172583], Energy = -146.69951720995394

Approximate saddle points between minima:
Saddle 1: Position = [0.2516068 0.2886356], Energy = -72.19135506810844
Saddle 2: Position = [-0.77995591  0.64193622], Energy = -40.41853004366662

Computational statistics:
	Total energy calls: 17924
	Energy calls at each min: [1, 4202, 17924]
	Total force calls: 17924
	Force calls at each min: [1, 4202, 17924]
	Total steps: 18724

Verification against reference:
True minima found: 3/3

Verification against reference (saddles):
True saddles found: 2/2
Starting run 505
Identified minimum at [0.6234994  0.02803776] with energy -108.16672411685238
Identified minimum at [-0.05013519  0.46672214] with energy -80.7678162314816
BFGS Hessian has condition number >1e6 and cannot be reliably trusted; reverting to default behavior. 
Eigenvalues: [2.22288072e-05 6.23732786e+07]
BFGS Hessian has condition number >1e6 and cannot be reliably trusted; reverting to default behavior. 
Eigenvalues: [1.42683473e+00 2.04275689e+06]
Identified minimum at [-0.55822365  1.44172583] with energy -146.6995172099539
Simulation completed.


Energies of found minima:
Minimum 1: Position = [0.6234994  0.02803776], Energy = -108.16672411685238
Minimum 2: Position = [-0.05013519  0.46672214], Energy = -80.7678162314816
Minimum 3: Position = [-0.55822365  1.44172583], Energy = -146.6995172099539

Approximate saddle points between minima:
Saddle 1: Position = [0.16930181 0.21832506], Energy = -71.60923765870899
Saddle 2: Position = [-0.83246099  0.63706736], Energy = -40.766048338014336

Computational statistics:
	Total energy calls: 65039
	Energy calls at each min: [1, 13461, 65039]
	Total force calls: 65039
	Force calls at each min: [1, 13461, 65039]
	Total steps: 67519

Verification against reference:
True minima found: 3/3

Verification against reference (saddles):
True saddles found: 1/2
Missed saddles at positions:
[0.21248658 0.29298833]
Starting run 469
Identified minimum at [0.6234994  0.02803776] with energy -108.16672411685238
Identified minimum at [-0.05046508  0.46687298] with energy -80.76778235015269
Identified minimum at [-0.55822352  1.44172601] with energy -146.6995172099427
Simulation completed.


Energies of found minima:
Minimum 1: Position = [0.6234994  0.02803776], Energy = -108.16672411685238
Minimum 2: Position = [-0.05046508  0.46687298], Energy = -80.76778235015269
Minimum 3: Position = [-0.55822352  1.44172601], Energy = -146.6995172099427

Approximate saddle points between minima:
Saddle 1: Position = [0.23482771 0.3214884 ], Energy = -72.01427986901933
Saddle 2: Position = [-0.82571298  0.61611213], Energy = -40.64835974809529

Computational statistics:
	Total energy calls: 11638
	Energy calls at each min: [1, 2458, 11638]
	Total force calls: 11638
	Force calls at each min: [1, 2458, 11638]
	Total steps: 12164

Verification against reference:
True minima found: 3/3

Verification against reference (saddles):
True saddles found: 2/2
Starting run 350
Identified minimum at [0.6234994  0.02803776] with energy -108.16672411685238
Identified minimum at [-0.05001079  0.46669411] with energy -80.76781812965889
Identified minimum at [-0.55822363  1.44172584] with energy -146.69951720995402
Simulation completed.


Energies of found minima:
Minimum 1: Position = [0.6234994  0.02803776], Energy = -108.16672411685238
Minimum 2: Position = [-0.05001079  0.46669411], Energy = -80.76781812965889
Minimum 3: Position = [-0.55822363  1.44172584], Energy = -146.69951720995402

Approximate saddle points between minima:
Saddle 1: Position = [0.15944571 0.21728718], Energy = -71.13424992391705
Saddle 2: Position = [-0.86235721  0.59935722], Energy = -40.24564085486239

Computational statistics:
	Total energy calls: 31938
	Energy calls at each min: [1, 6807, 31938]
	Total force calls: 31938
	Force calls at each min: [1, 6807, 31938]
	Total steps: 33590

Verification against reference:
True minima found: 3/3

Verification against reference (saddles):
True saddles found: 1/2
Missed saddles at positions:
[0.21248658 0.29298833]
Starting run 646
Identified minimum at [0.6234994  0.02803776] with energy -108.16672411685238
Identified minimum at [-0.05062025  0.46690419] with energy -80.76776079738767
Identified minimum at [-0.55822365  1.44172583] with energy -146.69951720995397
Simulation completed.


Energies of found minima:
Minimum 1: Position = [0.6234994  0.02803776], Energy = -108.16672411685238
Minimum 2: Position = [-0.05062025  0.46690419], Energy = -80.76776079738767
Minimum 3: Position = [-0.55822365  1.44172583], Energy = -146.69951720995397

Approximate saddle points between minima:
Saddle 1: Position = [0.22053427 0.29476219], Energy = -72.23539921269254
Saddle 2: Position = [-0.83004342  0.60073863], Energy = -40.55244876821706

Computational statistics:
	Total energy calls: 24086
	Energy calls at each min: [1, 3314, 24086]
	Total force calls: 24086
	Force calls at each min: [1, 3314, 24086]
	Total steps: 25188

Verification against reference:
True minima found: 3/3

Verification against reference (saddles):
True saddles found: 2/2
Starting run 428
Identified minimum at [0.6234994  0.02803776] with energy -108.16672411685238
BFGS Hessian has condition number >1e6 and cannot be reliably trusted; reverting to default behavior. 
Eigenvalues: [1.64876610e-02 1.01582335e+08]
Identified minimum at [-0.55822365  1.44172583] with energy -146.69951720995394
BFGS Hessian has condition number >1e6 and cannot be reliably trusted; reverting to default behavior. 
Eigenvalues: [5.91874123e-04 3.23564873e+09]
BFGS Hessian has condition number >1e6 and cannot be reliably trusted; reverting to default behavior. 
Eigenvalues: [8.29638913e-04 4.82112607e+07]
BFGS Hessian has condition number >1e6 and cannot be reliably trusted; reverting to default behavior. 
Eigenvalues: [2.98461625e-02 3.05509600e+07]
BFGS Hessian has condition number >1e6 and cannot be reliably trusted; reverting to default behavior. 
Eigenvalues: [1.05882064e-05 1.46385998e+09]
BFGS Hessian has condition number >1e6 and cannot be reliably trusted; reverting to default behavior. 
Eigenvalues: [2.09074318e-02 3.21929122e+08]
BFGS Hessian has condition number >1e6 and cannot be reliably trusted; reverting to default behavior. 
Eigenvalues: [1.20437167e-02 2.16674896e+04]
BFGS Hessian has condition number >1e6 and cannot be reliably trusted; reverting to default behavior. 
Eigenvalues: [9.27657448e-03 3.94036899e+07]
BFGS Hessian has condition number >1e6 and cannot be reliably trusted; reverting to default behavior. 
Eigenvalues: [5.29926047e-03 1.23780397e+08]
Simulation completed.


Energies of found minima:
Minimum 1: Position = [0.6234994  0.02803776], Energy = -108.16672411685238
Minimum 2: Position = [-0.55822365  1.44172583], Energy = -146.69951720995394

Approximate saddle points between minima:
Saddle 1: Position = [-0.81617071  0.63471558], Energy = -40.634157978657264

Computational statistics:
	Total energy calls: 646697
	Energy calls at each min: [1, 29231]
	Total force calls: 646697
	Force calls at each min: [1, 29231]
	Total steps: 673990

Verification against reference:
True minima found: 2/3
Missed minima at positions:
[-0.05001082  0.4666941 ]

Verification against reference (saddles):
True saddles found: 1/2
Missed saddles at positions:
[0.21248658 0.29298833]
Starting run 192
Identified minimum at [0.6234994  0.02803776] with energy -108.16672411685238
Identified minimum at [-0.05001146  0.46669437] with energy -80.76781812958507
Identified minimum at [-0.55822362  1.44172586] with energy -146.6995172099539
Simulation completed.


Energies of found minima:
Minimum 1: Position = [0.6234994  0.02803776], Energy = -108.16672411685238
Minimum 2: Position = [-0.05001146  0.46669437], Energy = -80.76781812958507
Minimum 3: Position = [-0.55822362  1.44172586], Energy = -146.6995172099539

Approximate saddle points between minima:
Saddle 1: Position = [0.2782234  0.31446788], Energy = -71.11984172727264
Saddle 2: Position = [-0.83577262  0.60722884], Energy = -40.54453169163503

Computational statistics:
	Total energy calls: 11453
	Energy calls at each min: [1, 2783, 11453]
	Total force calls: 11453
	Force calls at each min: [1, 2783, 11453]
	Total steps: 12045

Verification against reference:
True minima found: 3/3

Verification against reference (saddles):
True saddles found: 1/2
Missed saddles at positions:
[0.21248658 0.29298833]
Starting run 672
Identified minimum at [0.6234994  0.02803776] with energy -108.16672411685238
Identified minimum at [-0.05001148  0.46669433] with energy -80.76781812959238
Identified minimum at [-0.55822362  1.44172585] with energy -146.69951720995397
Simulation completed.


Energies of found minima:
Minimum 1: Position = [0.6234994  0.02803776], Energy = -108.16672411685238
Minimum 2: Position = [-0.05001148  0.46669433], Energy = -80.76781812959238
Minimum 3: Position = [-0.55822362  1.44172585], Energy = -146.69951720995397

Approximate saddle points between minima:
Saddle 1: Position = [0.18877375 0.27130058], Energy = -72.02043514524264
Saddle 2: Position = [-0.82454321  0.60716038], Energy = -40.637635063368464

Computational statistics:
	Total energy calls: 16551
	Energy calls at each min: [1, 3363, 16551]
	Total force calls: 16551
	Force calls at each min: [1, 3363, 16551]
	Total steps: 17394

Verification against reference:
True minima found: 3/3

Verification against reference (saddles):
True saddles found: 2/2
Starting run 217
Identified minimum at [0.6234994  0.02803776] with energy -108.16672411685238
Identified minimum at [-0.55822361  1.44172587] with energy -146.69951720995368
BFGS Hessian has condition number >1e6 and cannot be reliably trusted; reverting to default behavior. 
Eigenvalues: [1.22918934e-03 1.50233999e+08]
BFGS Hessian has condition number >1e6 and cannot be reliably trusted; reverting to default behavior. 
Eigenvalues: [5.55872917e-04 4.61256398e+09]
BFGS Hessian has condition number >1e6 and cannot be reliably trusted; reverting to default behavior. 
Eigenvalues: [1.46178100e-03 1.82750922e+04]
BFGS Hessian has condition number >1e6 and cannot be reliably trusted; reverting to default behavior. 
Eigenvalues: [1.17773078e-02 2.53307991e+06]
BFGS Hessian has condition number >1e6 and cannot be reliably trusted; reverting to default behavior. 
Eigenvalues: [3.63588333e-06 1.70695674e+09]
BFGS Hessian has condition number >1e6 and cannot be reliably trusted; reverting to default behavior. 
Eigenvalues: [2.22512637e-02 4.54115801e+05]
BFGS Hessian has condition number >1e6 and cannot be reliably trusted; reverting to default behavior. 
Eigenvalues: [1.18357963e-02 2.82018031e+08]
BFGS Hessian has condition number >1e6 and cannot be reliably trusted; reverting to default behavior. 
Eigenvalues: [4.67936601e-03 1.25132636e+08]
BFGS Hessian has condition number >1e6 and cannot be reliably trusted; reverting to default behavior. 
Eigenvalues: [2.29213387e-04 2.20879246e+08]
BFGS Hessian has condition number >1e6 and cannot be reliably trusted; reverting to default behavior. 
Eigenvalues: [4.04435150e-03 4.81405679e+03]
Simulation completed.


Energies of found minima:
Minimum 1: Position = [0.6234994  0.02803776], Energy = -108.16672411685238
Minimum 2: Position = [-0.55822361  1.44172587], Energy = -146.69951720995368

Approximate saddle points between minima:
Saddle 1: Position = [-0.83830075  0.5914695 ], Energy = -40.35705098967148

Computational statistics:
	Total energy calls: 630547
	Energy calls at each min: [1, 40348]
	Total force calls: 630547
	Force calls at each min: [1, 40348]
	Total steps: 655565

Verification against reference:
True minima found: 2/3
Missed minima at positions:
[-0.05001082  0.4666941 ]

Verification against reference (saddles):
True saddles found: 1/2
Missed saddles at positions:
[0.21248658 0.29298833]
Starting run 175
Identified minimum at [0.6234994  0.02803776] with energy -108.16672411685238
Identified minimum at [-0.05016959  0.46674302] with energy -80.76781454014574
Identified minimum at [-0.55822365  1.44172582] with energy -146.69951720995385
Simulation completed.


Energies of found minima:
Minimum 1: Position = [0.6234994  0.02803776], Energy = -108.16672411685238
Minimum 2: Position = [-0.05016959  0.46674302], Energy = -80.76781454014574
Minimum 3: Position = [-0.55822365  1.44172582], Energy = -146.69951720995385

Approximate saddle points between minima:
Saddle 1: Position = [0.22292636 0.30061511], Energy = -72.20711132190723
Saddle 2: Position = [-0.79616785  0.65994792], Energy = -40.22788667871812

Computational statistics:
	Total energy calls: 13524
	Energy calls at each min: [1, 3322, 13524]
	Total force calls: 13524
	Force calls at each min: [1, 3322, 13524]
	Total steps: 14192

Verification against reference:
True minima found: 3/3

Verification against reference (saddles):
True saddles found: 2/2
