Starting run 139
Identified minimum at [0.6234994  0.02803776] with energy -108.16672411685238
Identified minimum at [-0.55822364  1.44172584] with energy -146.69951720995402
BFGS Hessian has condition number >1e6 and cannot be reliably trusted; reverting to default behavior. 
Eigenvalues: [4.5252312e-04 2.2298238e+07]
BFGS Hessian has condition number >1e6 and cannot be reliably trusted; reverting to default behavior. 
Eigenvalues: [1.89596415e-03 3.82349506e+08]
BFGS Hessian has condition number >1e6 and cannot be reliably trusted; reverting to default behavior. 
Eigenvalues: [2.99260113e-03 1.56043481e+07]
BFGS Hessian has condition number >1e6 and cannot be reliably trusted; reverting to default behavior. 
Eigenvalues: [4.50615364e-03 8.03224522e+06]
BFGS Hessian has condition number >1e6 and cannot be reliably trusted; reverting to default behavior. 
Eigenvalues: [1.02600001e-03 1.55426730e+07]
BFGS Hessian has condition number >1e6 and cannot be reliably trusted; reverting to default behavior. 
Eigenvalues: [1.9993335e-03 1.4786493e+08]
Simulation completed.


Energies of found minima:
Minimum 1: Position = [0.6234994  0.02803776], Energy = -108.16672411685238
Minimum 2: Position = [-0.55822364  1.44172584], Energy = -146.69951720995402

Approximate saddle points between minima:
Saddle 1: Position = [-0.8425494   0.58350753], Energy = -40.175029368748746

Computational statistics:
	Total energy calls: 647080
	Energy calls at each min: [1, 23431]
	Total force calls: 647080
	Force calls at each min: [1, 23431]
	Total steps: 675401

Verification against reference:
True minima found: 2/3
Missed minima at positions:
[-0.05001082  0.4666941 ]

Verification against reference (saddles):
True saddles found: 1/2
Missed saddles at positions:
[0.21248658 0.29298833]
Starting run 580
Identified minimum at [0.6234994  0.02803776] with energy -108.16672411685238
Identified minimum at [-0.05001087  0.46669411] with energy -80.76781812965882
Identified minimum at [-0.55822366  1.44172582] with energy -146.69951720995383
Simulation completed.


Energies of found minima:
Minimum 1: Position = [0.6234994  0.02803776], Energy = -108.16672411685238
Minimum 2: Position = [-0.05001087  0.46669411], Energy = -80.76781812965882
Minimum 3: Position = [-0.55822366  1.44172582], Energy = -146.69951720995383

Approximate saddle points between minima:
Saddle 1: Position = [0.16972901 0.18738852], Energy = -72.1371859433505
Saddle 2: Position = [-0.88441263  0.55064212], Energy = -38.24630527070504

Computational statistics:
	Total energy calls: 25704
	Energy calls at each min: [1, 4428, 25704]
	Total force calls: 25704
	Force calls at each min: [1, 4428, 25704]
	Total steps: 27081

Verification against reference:
True minima found: 3/3

Verification against reference (saddles):
True saddles found: 0/2
Missed saddles at positions:
[0.21248658 0.29298833]
[-0.82200156  0.6243128 ]
Starting run 245
Identified minimum at [0.6234994  0.02803776] with energy -108.16672411685238
Identified minimum at [-0.05015638  0.46675752] with energy -80.76781405350387
Identified minimum at [-0.55822363  1.44172584] with energy -146.699517209954
Simulation completed.


Energies of found minima:
Minimum 1: Position = [0.6234994  0.02803776], Energy = -108.16672411685238
Minimum 2: Position = [-0.05015638  0.46675752], Energy = -80.76781405350387
Minimum 3: Position = [-0.55822363  1.44172584], Energy = -146.699517209954

Approximate saddle points between minima:
Saddle 1: Position = [0.18158477 0.29267625], Energy = -72.1506059020094
Saddle 2: Position = [-0.83850466  0.62107756], Energy = -40.66329052499997

Computational statistics:
	Total energy calls: 20277
	Energy calls at each min: [1, 4532, 20277]
	Total force calls: 20277
	Force calls at each min: [1, 4532, 20277]
	Total steps: 21226

Verification against reference:
True minima found: 3/3

Verification against reference (saddles):
True saddles found: 2/2
Starting run 802
Identified minimum at [0.6234994  0.02803776] with energy -108.16672411685238
Identified minimum at [-0.05001183  0.46669431] with energy -80.76781812953698
Identified minimum at [-0.55822366  1.44172582] with energy -146.69951720995385
Simulation completed.


Energies of found minima:
Minimum 1: Position = [0.6234994  0.02803776], Energy = -108.16672411685238
Minimum 2: Position = [-0.05001183  0.46669431], Energy = -80.76781812953698
Minimum 3: Position = [-0.55822366  1.44172582], Energy = -146.69951720995385

Approximate saddle points between minima:
Saddle 1: Position = [0.25126195 0.31962589], Energy = -71.67742950971248
Saddle 2: Position = [-0.83779368  0.6271066 ], Energy = -40.72040958364606

Computational statistics:
	Total energy calls: 79458
	Energy calls at each min: [1, 14718, 79458]
	Total force calls: 79458
	Force calls at each min: [1, 14718, 79458]
	Total steps: 82722

Verification against reference:
True minima found: 3/3

Verification against reference (saddles):
True saddles found: 2/2
Starting run 875
Identified minimum at [0.6234994  0.02803776] with energy -108.16672411685238
Identified minimum at [-0.05007934  0.46671061] with energy -80.76781753979537
Identified minimum at [-0.55822362  1.44172586] with energy -146.69951720995394
Simulation completed.


Energies of found minima:
Minimum 1: Position = [0.6234994  0.02803776], Energy = -108.16672411685238
Minimum 2: Position = [-0.05007934  0.46671061], Energy = -80.76781753979537
Minimum 3: Position = [-0.55822362  1.44172586], Energy = -146.69951720995394

Approximate saddle points between minima:
Saddle 1: Position = [0.13730888 0.29147937], Energy = -71.65350101206742
Saddle 2: Position = [-0.79293174  0.62520214], Energy = -40.747336366821216

Computational statistics:
	Total energy calls: 13388
	Energy calls at each min: [1, 3404, 13388]
	Total force calls: 13388
	Force calls at each min: [1, 3404, 13388]
	Total steps: 14045

Verification against reference:
True minima found: 3/3

Verification against reference (saddles):
True saddles found: 1/2
Missed saddles at positions:
[0.21248658 0.29298833]
Starting run 987
Identified minimum at [0.6234994  0.02803776] with energy -108.16672411685238
Identified minimum at [-0.55822364  1.44172584] with energy -146.69951720995402
BFGS Hessian has condition number >1e6 and cannot be reliably trusted; reverting to default behavior. 
Eigenvalues: [2.19536480e-04 2.37930718e+07]
BFGS Hessian has condition number >1e6 and cannot be reliably trusted; reverting to default behavior. 
Eigenvalues: [1.49756670e-04 5.44086277e+06]
BFGS Hessian has condition number >1e6 and cannot be reliably trusted; reverting to default behavior. 
Eigenvalues: [4.09918465e-03 2.86199347e+06]
BFGS Hessian has condition number >1e6 and cannot be reliably trusted; reverting to default behavior. 
Eigenvalues: [4.76819277e-03 1.98747473e+09]
BFGS Hessian has condition number >1e6 and cannot be reliably trusted; reverting to default behavior. 
Eigenvalues: [1.88554178e-03 4.00085074e+06]
BFGS Hessian has condition number >1e6 and cannot be reliably trusted; reverting to default behavior. 
Eigenvalues: [4.75241477e-03 5.15613955e+07]
BFGS Hessian has condition number >1e6 and cannot be reliably trusted; reverting to default behavior. 
Eigenvalues: [5.92729601e-03 3.37631197e+04]
BFGS Hessian has condition number >1e6 and cannot be reliably trusted; reverting to default behavior. 
Eigenvalues: [9.97947949e-03 1.06351626e+04]
Simulation completed.


Energies of found minima:
Minimum 1: Position = [0.6234994  0.02803776], Energy = -108.16672411685238
Minimum 2: Position = [-0.55822364  1.44172584], Energy = -146.69951720995402

Approximate saddle points between minima:
Saddle 1: Position = [-0.81184511  0.63821747], Energy = -40.59488439853999

Computational statistics:
	Total energy calls: 647233
	Energy calls at each min: [1, 8710]
	Total force calls: 647233
	Force calls at each min: [1, 8710]
	Total steps: 678805

Verification against reference:
True minima found: 2/3
Missed minima at positions:
[-0.05001082  0.4666941 ]

Verification against reference (saddles):
True saddles found: 1/2
Missed saddles at positions:
[0.21248658 0.29298833]
Starting run 199
Identified minimum at [0.6234994  0.02803776] with energy -108.16672411685238
Identified minimum at [-0.05072946  0.46685888] with energy -80.76775437865719
Identified minimum at [-0.55822365  1.44172583] with energy -146.69951720995394
Simulation completed.


Energies of found minima:
Minimum 1: Position = [0.6234994  0.02803776], Energy = -108.16672411685238
Minimum 2: Position = [-0.05072946  0.46685888], Energy = -80.76775437865719
Minimum 3: Position = [-0.55822365  1.44172583], Energy = -146.69951720995394

Approximate saddle points between minima:
Saddle 1: Position = [0.20288126 0.26311989], Energy = -72.28537412072228
Saddle 2: Position = [-0.77911887  0.65331247], Energy = -40.13088079893981

Computational statistics:
	Total energy calls: 12301
	Energy calls at each min: [1, 2270, 12301]
	Total force calls: 12301
	Force calls at each min: [1, 2270, 12301]
	Total steps: 12892

Verification against reference:
True minima found: 3/3

Verification against reference (saddles):
True saddles found: 1/2
Missed saddles at positions:
[-0.82200156  0.6243128 ]
Starting run 847
Identified minimum at [0.6234994  0.02803776] with energy -108.16672411685238
Identified minimum at [-0.05072882  0.46693081] with energy -80.76774119222154
BFGS Hessian has condition number >1e6 and cannot be reliably trusted; reverting to default behavior. 
Eigenvalues: [1.50718086e-03 8.95047433e+05]
Identified minimum at [-0.55822364  1.44172584] with energy -146.699517209954
Simulation completed.


Energies of found minima:
Minimum 1: Position = [0.6234994  0.02803776], Energy = -108.16672411685238
Minimum 2: Position = [-0.05072882  0.46693081], Energy = -80.76774119222154
Minimum 3: Position = [-0.55822364  1.44172584], Energy = -146.699517209954

Approximate saddle points between minima:
Saddle 1: Position = [0.24112953 0.29270518], Energy = -72.17034598635713
Saddle 2: Position = [-0.8235142   0.60083441], Energy = -40.635880778329835

Computational statistics:
	Total energy calls: 21122
	Energy calls at each min: [1, 3137, 21122]
	Total force calls: 21122
	Force calls at each min: [1, 3137, 21122]
	Total steps: 22077

Verification against reference:
True minima found: 3/3

Verification against reference (saddles):
True saddles found: 2/2
Starting run 949
Identified minimum at [0.6234994  0.02803776] with energy -108.16672411685238
BFGS Hessian has condition number >1e6 and cannot be reliably trusted; reverting to default behavior. 
Eigenvalues: [1.60281430e-03 1.76560143e+07]
Identified minimum at [-0.55822364  1.44172584] with energy -146.69951720995402
BFGS Hessian has condition number >1e6 and cannot be reliably trusted; reverting to default behavior. 
Eigenvalues: [7.95802101e-04 4.64200848e+07]
BFGS Hessian has condition number >1e6 and cannot be reliably trusted; reverting to default behavior. 
Eigenvalues: [8.58574922e-03 1.63653817e+04]
BFGS Hessian has condition number >1e6 and cannot be reliably trusted; reverting to default behavior. 
Eigenvalues: [4.05125320e-07 6.04382529e+08]
BFGS Hessian has condition number >1e6 and cannot be reliably trusted; reverting to default behavior. 
Eigenvalues: [4.61844204e-03 1.19958538e+07]
BFGS Hessian has condition number >1e6 and cannot be reliably trusted; reverting to default behavior. 
Eigenvalues: [1.20668598e-02 6.07448995e+06]
Simulation completed.


Energies of found minima:
Minimum 1: Position = [0.6234994  0.02803776], Energy = -108.16672411685238
Minimum 2: Position = [-0.55822364  1.44172584], Energy = -146.69951720995402

Approximate saddle points between minima:
Saddle 1: Position = [-0.84607337  0.57630831], Energy = -39.97828808176783

Computational statistics:
	Total energy calls: 649744
	Energy calls at each min: [1, 14951]
	Total force calls: 649744
	Force calls at each min: [1, 14951]
	Total steps: 679140

Verification against reference:
True minima found: 2/3
Missed minima at positions:
[-0.05001082  0.4666941 ]

Verification against reference (saddles):
True saddles found: 0/2
Missed saddles at positions:
[0.21248658 0.29298833]
[-0.82200156  0.6243128 ]
Starting run 71
Identified minimum at [0.6234994  0.02803776] with energy -108.16672411685238
Identified minimum at [-0.05001102  0.46669417] with energy -80.76781812965353
Identified minimum at [-0.55822362  1.44172586] with energy -146.69951720995397
Simulation completed.


Energies of found minima:
Minimum 1: Position = [0.6234994  0.02803776], Energy = -108.16672411685238
Minimum 2: Position = [-0.05001102  0.46669417], Energy = -80.76781812965353
Minimum 3: Position = [-0.55822362  1.44172586], Energy = -146.69951720995397

Approximate saddle points between minima:
Saddle 1: Position = [0.14580138 0.13745651], Energy = -71.1318685811531
Saddle 2: Position = [-0.81557786  0.63125854], Energy = -40.64314875251049

Computational statistics:
	Total energy calls: 22152
	Energy calls at each min: [1, 5326, 22152]
	Total force calls: 22152
	Force calls at each min: [1, 5326, 22152]
	Total steps: 23296

Verification against reference:
True minima found: 3/3

Verification against reference (saddles):
True saddles found: 1/2
Missed saddles at positions:
[0.21248658 0.29298833]
