Starting run 914
Identified minimum at [0.6234994  0.02803776] with energy -108.16672411685238
Identified minimum at [-0.0501727   0.46674515] with energy -80.76781434028624
BFGS Hessian has condition number >1e6 and cannot be reliably trusted; reverting to default behavior. 
Eigenvalues: [1.00080844e-02 6.97887055e+06]
BFGS Hessian has condition number >1e6 and cannot be reliably trusted; reverting to default behavior. 
Eigenvalues: [9.69998951e-03 3.55533679e+05]
Identified minimum at [-0.55822366  1.44172582] with energy -146.69951720995385
Simulation completed.


Energies of found minima:
Minimum 1: Position = [0.6234994  0.02803776], Energy = -108.16672411685238
Minimum 2: Position = [-0.0501727   0.46674515], Energy = -80.76781434028624
Minimum 3: Position = [-0.55822366  1.44172582], Energy = -146.69951720995385

Approximate saddle points between minima:
Saddle 1: Position = [0.21513636 0.30879564], Energy = -72.27583176480272
Saddle 2: Position = [-0.84274166  0.60575225], Energy = -40.48219705755003

Computational statistics:
	Total energy calls: 41368
	Energy calls at each min: [1, 7346, 41368]
	Total force calls: 41368
	Force calls at each min: [1, 7346, 41368]
	Total steps: 43151

Verification against reference:
True minima found: 3/3

Verification against reference (saddles):
True saddles found: 2/2
Starting run 647
Identified minimum at [0.6234994  0.02803776] with energy -108.16672411685238
Identified minimum at [-0.05012717  0.46675744] with energy -80.76781469515501
Identified minimum at [-0.55822361  1.44172586] with energy -146.69951720995383
Simulation completed.


Energies of found minima:
Minimum 1: Position = [0.6234994  0.02803776], Energy = -108.16672411685238
Minimum 2: Position = [-0.05012717  0.46675744], Energy = -80.76781469515501
Minimum 3: Position = [-0.55822361  1.44172586], Energy = -146.69951720995383

Approximate saddle points between minima:
Saddle 1: Position = [0.18509085 0.26786779], Energy = -71.94477519941651
Saddle 2: Position = [-0.80175657  0.4916555 ], Energy = -39.45085282116054

Computational statistics:
	Total energy calls: 23794
	Energy calls at each min: [1, 4298, 23794]
	Total force calls: 23794
	Force calls at each min: [1, 4298, 23794]
	Total steps: 24859

Verification against reference:
True minima found: 3/3

Verification against reference (saddles):
True saddles found: 1/2
Missed saddles at positions:
[-0.82200156  0.6243128 ]
Starting run 353
Identified minimum at [0.6234994  0.02803776] with energy -108.16672411685238
Identified minimum at [-0.05001386  0.46669483] with energy -80.7678181285022
Identified minimum at [-0.55822362  1.44172585] with energy -146.69951720995397
Simulation completed.


Energies of found minima:
Minimum 1: Position = [0.6234994  0.02803776], Energy = -108.16672411685238
Minimum 2: Position = [-0.05001386  0.46669483], Energy = -80.7678181285022
Minimum 3: Position = [-0.55822362  1.44172585], Energy = -146.69951720995397

Approximate saddle points between minima:
Saddle 1: Position = [0.22613783 0.31094368], Energy = -72.16316534376526
Saddle 2: Position = [-0.82585984  0.62435653], Energy = -40.666649019892574

Computational statistics:
	Total energy calls: 19731
	Energy calls at each min: [1, 3884, 19731]
	Total force calls: 19731
	Force calls at each min: [1, 3884, 19731]
	Total steps: 20688

Verification against reference:
True minima found: 3/3

Verification against reference (saddles):
True saddles found: 2/2
Starting run 650
Identified minimum at [0.6234994  0.02803776] with energy -108.16672411685238
BFGS Hessian has condition number >1e6 and cannot be reliably trusted; reverting to default behavior. 
Eigenvalues: [1.06607623e-03 6.99844877e+03]
Identified minimum at [-0.05001084  0.46669411] with energy -80.76781812965896
Identified minimum at [-0.55822363  1.44172585] with energy -146.69951720995397
Simulation completed.


Energies of found minima:
Minimum 1: Position = [0.6234994  0.02803776], Energy = -108.16672411685238
Minimum 2: Position = [-0.05001084  0.46669411], Energy = -80.76781812965896
Minimum 3: Position = [-0.55822363  1.44172585], Energy = -146.69951720995397

Approximate saddle points between minima:
Saddle 1: Position = [0.17807392 0.24492029], Energy = -71.76732570722112
Saddle 2: Position = [-0.85059348  0.61644585], Energy = -40.62101412220496

Computational statistics:
	Total energy calls: 37521
	Energy calls at each min: [1, 6646, 37521]
	Total force calls: 37521
	Force calls at each min: [1, 6646, 37521]
	Total steps: 39470

Verification against reference:
True minima found: 3/3

Verification against reference (saddles):
True saddles found: 1/2
Missed saddles at positions:
[0.21248658 0.29298833]
Starting run 895
Identified minimum at [0.6234994  0.02803776] with energy -108.16672411685238
Identified minimum at [-0.05015437  0.46672804] with energy -80.76781555894827
Identified minimum at [-0.55822364  1.44172584] with energy -146.699517209954
Simulation completed.


Energies of found minima:
Minimum 1: Position = [0.6234994  0.02803776], Energy = -108.16672411685238
Minimum 2: Position = [-0.05015437  0.46672804], Energy = -80.76781555894827
Minimum 3: Position = [-0.55822364  1.44172584], Energy = -146.699517209954

Approximate saddle points between minima:
Saddle 1: Position = [0.13904928 0.2463604 ], Energy = -70.41565438893237
Saddle 2: Position = [-0.84236981  0.60465026], Energy = -40.47083269037809

Computational statistics:
	Total energy calls: 13756
	Energy calls at each min: [1, 2261, 13756]
	Total force calls: 13756
	Force calls at each min: [1, 2261, 13756]
	Total steps: 14447

Verification against reference:
True minima found: 3/3

Verification against reference (saddles):
True saddles found: 1/2
Missed saddles at positions:
[0.21248658 0.29298833]
Starting run 484
Identified minimum at [0.6234994  0.02803776] with energy -108.16672411685238
BFGS Hessian has condition number >1e6 and cannot be reliably trusted; reverting to default behavior. 
Eigenvalues: [3.60480836e-03 6.53046223e+06]
Identified minimum at [-0.05094315  0.46693674] with energy -80.76770527048382
Identified minimum at [-0.55822366  1.44172582] with energy -146.69951720995383
Simulation completed.


Energies of found minima:
Minimum 1: Position = [0.6234994  0.02803776], Energy = -108.16672411685238
Minimum 2: Position = [-0.05094315  0.46693674], Energy = -80.76770527048382
Minimum 3: Position = [-0.55822366  1.44172582], Energy = -146.69951720995383

Approximate saddle points between minima:
Saddle 1: Position = [0.20754752 0.27430538], Energy = -72.27383625208152
Saddle 2: Position = [-0.84119741  0.58301509], Energy = -40.192891747113336

Computational statistics:
	Total energy calls: 12765
	Energy calls at each min: [1, 3712, 12765]
	Total force calls: 12765
	Force calls at each min: [1, 3712, 12765]
	Total steps: 13401

Verification against reference:
True minima found: 3/3

Verification against reference (saddles):
True saddles found: 2/2
Starting run 770
Identified minimum at [0.6234994  0.02803776] with energy -108.16672411685238
Identified minimum at [-0.05001088  0.46669411] with energy -80.76781812965862
Identified minimum at [-0.55822364  1.44172584] with energy -146.699517209954
Simulation completed.


Energies of found minima:
Minimum 1: Position = [0.6234994  0.02803776], Energy = -108.16672411685238
Minimum 2: Position = [-0.05001088  0.46669411], Energy = -80.76781812965862
Minimum 3: Position = [-0.55822364  1.44172584], Energy = -146.699517209954

Approximate saddle points between minima:
Saddle 1: Position = [0.15366095 0.27085445], Energy = -71.33588406555941
Saddle 2: Position = [-0.81915926  0.61620469], Energy = -40.680005507642576

Computational statistics:
	Total energy calls: 33629
	Energy calls at each min: [1, 5772, 33629]
	Total force calls: 33629
	Force calls at each min: [1, 5772, 33629]
	Total steps: 35405

Verification against reference:
True minima found: 3/3

Verification against reference (saddles):
True saddles found: 1/2
Missed saddles at positions:
[0.21248658 0.29298833]
Starting run 928
Identified minimum at [0.6234994  0.02803776] with energy -108.16672411685238
Identified minimum at [-0.55822363  1.44172585] with energy -146.69951720995394
BFGS Hessian has condition number >1e6 and cannot be reliably trusted; reverting to default behavior. 
Eigenvalues: [6.45986339e-02 1.20093272e+06]
BFGS Hessian has condition number >1e6 and cannot be reliably trusted; reverting to default behavior. 
Eigenvalues: [5.27206763e-03 4.32995557e+05]
BFGS Hessian has condition number >1e6 and cannot be reliably trusted; reverting to default behavior. 
Eigenvalues: [2.25007534e-06 6.56694735e+08]
BFGS Hessian has condition number >1e6 and cannot be reliably trusted; reverting to default behavior. 
Eigenvalues: [6.96547329e-04 1.29567026e+08]
BFGS Hessian has condition number >1e6 and cannot be reliably trusted; reverting to default behavior. 
Eigenvalues: [1.63223181e-03 3.07381285e+06]
BFGS Hessian has condition number >1e6 and cannot be reliably trusted; reverting to default behavior. 
Eigenvalues: [2.14973707e-02 4.37001019e+07]
BFGS Hessian has condition number >1e6 and cannot be reliably trusted; reverting to default behavior. 
Eigenvalues: [5.86766936e-03 2.02586135e+07]
BFGS Hessian has condition number >1e6 and cannot be reliably trusted; reverting to default behavior. 
Eigenvalues: [9.93867335e-03 3.12696888e+07]
BFGS Hessian has condition number >1e6 and cannot be reliably trusted; reverting to default behavior. 
Eigenvalues: [1.39258448e-02 6.20675841e+07]
BFGS Hessian has condition number >1e6 and cannot be reliably trusted; reverting to default behavior. 
Eigenvalues: [2.05773860e-03 2.79227255e+08]
Simulation completed.


Energies of found minima:
Minimum 1: Position = [0.6234994  0.02803776], Energy = -108.16672411685238
Minimum 2: Position = [-0.55822363  1.44172585], Energy = -146.69951720995394

Approximate saddle points between minima:
Saddle 1: Position = [-0.80947941  0.61585581], Energy = -40.74706898615575

Computational statistics:
	Total energy calls: 637311
	Energy calls at each min: [1, 28331]
	Total force calls: 637311
	Force calls at each min: [1, 28331]
	Total steps: 664306

Verification against reference:
True minima found: 2/3
Missed minima at positions:
[-0.05001082  0.4666941 ]

Verification against reference (saddles):
True saddles found: 1/2
Missed saddles at positions:
[0.21248658 0.29298833]
Starting run 242
Identified minimum at [0.6234994  0.02803776] with energy -108.16672411685238
Identified minimum at [-0.05001108  0.46669417] with energy -80.7678181296506
Identified minimum at [-0.55822362  1.44172585] with energy -146.69951720995394
Simulation completed.


Energies of found minima:
Minimum 1: Position = [0.6234994  0.02803776], Energy = -108.16672411685238
Minimum 2: Position = [-0.05001108  0.46669417], Energy = -80.7678181296506
Minimum 3: Position = [-0.55822362  1.44172585], Energy = -146.69951720995394

Approximate saddle points between minima:
Saddle 1: Position = [0.17303128 0.26413547], Energy = -71.67262283430713
Saddle 2: Position = [-0.82034822  0.62499291], Energy = -40.6644752486619

Computational statistics:
	Total energy calls: 29402
	Energy calls at each min: [1, 4717, 29402]
	Total force calls: 29402
	Force calls at each min: [1, 4717, 29402]
	Total steps: 30834

Verification against reference:
True minima found: 3/3

Verification against reference (saddles):
True saddles found: 2/2
Starting run 796
Identified minimum at [0.6234994  0.02803776] with energy -108.16672411685238
Identified minimum at [-0.55822366  1.44172582] with energy -146.69951720995377
BFGS Hessian has condition number >1e6 and cannot be reliably trusted; reverting to default behavior. 
Eigenvalues: [1.14665180e-03 1.94010314e+07]
BFGS Hessian has condition number >1e6 and cannot be reliably trusted; reverting to default behavior. 
Eigenvalues: [2.30391714e-04 3.83400824e+06]
BFGS Hessian has condition number >1e6 and cannot be reliably trusted; reverting to default behavior. 
Eigenvalues: [8.15962681e-03 1.47796644e+06]
BFGS Hessian has condition number >1e6 and cannot be reliably trusted; reverting to default behavior. 
Eigenvalues: [3.08493449e-03 5.21887922e+04]
BFGS Hessian has condition number >1e6 and cannot be reliably trusted; reverting to default behavior. 
Eigenvalues: [1.08326599e-03 3.51386777e+07]
Simulation completed.


Energies of found minima:
Minimum 1: Position = [0.6234994  0.02803776], Energy = -108.16672411685238
Minimum 2: Position = [-0.55822366  1.44172582], Energy = -146.69951720995377

Approximate saddle points between minima:
Saddle 1: Position = [-0.80181394  0.63206759], Energy = -40.61663088387054

Computational statistics:
	Total energy calls: 638912
	Energy calls at each min: [1, 11130]
	Total force calls: 638912
	Force calls at each min: [1, 11130]
	Total steps: 670589

Verification against reference:
True minima found: 2/3
Missed minima at positions:
[-0.05001082  0.4666941 ]

Verification against reference (saddles):
True saddles found: 1/2
Missed saddles at positions:
[0.21248658 0.29298833]
