Starting run 952
Identified minimum at [0.6234994  0.02803776] with energy -108.16672411685238
Identified minimum at [-0.05001129  0.46669421] with energy -80.76781812963267
Identified minimum at [-0.55822362  1.44172586] with energy -146.69951720995397
Simulation completed.


Energies of found minima:
Minimum 1: Position = [0.6234994  0.02803776], Energy = -108.16672411685238
Minimum 2: Position = [-0.05001129  0.46669421], Energy = -80.76781812963267
Minimum 3: Position = [-0.55822362  1.44172586], Energy = -146.69951720995397

Approximate saddle points between minima:
Saddle 1: Position = [0.15983822 0.19916512], Energy = -71.32536051258933
Saddle 2: Position = [-0.83489426  0.61226732], Energy = -40.590523402547916

Computational statistics:
	Total energy calls: 12573
	Energy calls at each min: [1, 3604, 12573]
	Total force calls: 12573
	Force calls at each min: [1, 3604, 12573]
	Total steps: 13187

Verification against reference:
True minima found: 3/3

Verification against reference (saddles):
True saddles found: 1/2
Missed saddles at positions:
[0.21248658 0.29298833]
Starting run 950
Identified minimum at [0.6234994  0.02803776] with energy -108.16672411685238
Identified minimum at [-0.05001084  0.46669411] with energy -80.76781812965898
Identified minimum at [-0.55822365  1.44172583] with energy -146.69951720995397
Simulation completed.


Energies of found minima:
Minimum 1: Position = [0.6234994  0.02803776], Energy = -108.16672411685238
Minimum 2: Position = [-0.05001084  0.46669411], Energy = -80.76781812965898
Minimum 3: Position = [-0.55822365  1.44172583], Energy = -146.69951720995397

Approximate saddle points between minima:
Saddle 1: Position = [0.24490719 0.29999006], Energy = -72.02852304278805
Saddle 2: Position = [-0.84857783  0.5686181 ], Energy = -39.75907144326035

Computational statistics:
	Total energy calls: 27962
	Energy calls at each min: [1, 4033, 27962]
	Total force calls: 27962
	Force calls at each min: [1, 4033, 27962]
	Total steps: 29406

Verification against reference:
True minima found: 3/3

Verification against reference (saddles):
True saddles found: 1/2
Missed saddles at positions:
[-0.82200156  0.6243128 ]
Starting run 840
Identified minimum at [0.6234994  0.02803776] with energy -108.16672411685238
Identified minimum at [-0.05001087  0.46669411] with energy -80.76781812965876
BFGS Hessian has condition number >1e6 and cannot be reliably trusted; reverting to default behavior. 
Eigenvalues: [5.43892384e-07 3.81507310e+07]
Identified minimum at [-0.55822362  1.44172586] with energy -146.69951720995397
Simulation completed.


Energies of found minima:
Minimum 1: Position = [0.6234994  0.02803776], Energy = -108.16672411685238
Minimum 2: Position = [-0.05001087  0.46669411], Energy = -80.76781812965876
Minimum 3: Position = [-0.55822362  1.44172586], Energy = -146.69951720995397

Approximate saddle points between minima:
Saddle 1: Position = [0.27374558 0.29128035], Energy = -71.92033300146039
Saddle 2: Position = [-0.83856124  0.62456686], Energy = -40.69848517695544

Computational statistics:
	Total energy calls: 48495
	Energy calls at each min: [1, 8949, 48495]
	Total force calls: 48495
	Force calls at each min: [1, 8949, 48495]
	Total steps: 50949

Verification against reference:
True minima found: 3/3

Verification against reference (saddles):
True saddles found: 1/2
Missed saddles at positions:
[0.21248658 0.29298833]
Starting run 204
Identified minimum at [0.6234994  0.02803776] with energy -108.16672411685238
Identified minimum at [-0.05009995  0.46671885] with energy -80.76781706531226
Identified minimum at [-0.55822363  1.44172584] with energy -146.699517209954
Simulation completed.


Energies of found minima:
Minimum 1: Position = [0.6234994  0.02803776], Energy = -108.16672411685238
Minimum 2: Position = [-0.05009995  0.46671885], Energy = -80.76781706531226
Minimum 3: Position = [-0.55822363  1.44172584], Energy = -146.699517209954

Approximate saddle points between minima:
Saddle 1: Position = [0.21200769 0.31780956], Energy = -72.37322148966098
Saddle 2: Position = [-0.8156685   0.59333403], Energy = -40.758676306454134

Computational statistics:
	Total energy calls: 76181
	Energy calls at each min: [1, 12518, 76181]
	Total force calls: 76181
	Force calls at each min: [1, 12518, 76181]
	Total steps: 79153

Verification against reference:
True minima found: 3/3

Verification against reference (saddles):
True saddles found: 2/2
Starting run 65
Identified minimum at [0.6234994  0.02803776] with energy -108.16672411685238
BFGS Hessian has condition number >1e6 and cannot be reliably trusted; reverting to default behavior. 
Eigenvalues: [7.59234536e-04 3.84427368e+07]
Identified minimum at [-0.05028821  0.46678562] with energy -80.76780664395356
Identified minimum at [-0.55822366  1.44172582] with energy -146.69951720995383
Simulation completed.


Energies of found minima:
Minimum 1: Position = [0.6234994  0.02803776], Energy = -108.16672411685238
Minimum 2: Position = [-0.05028821  0.46678562], Energy = -80.76780664395356
Minimum 3: Position = [-0.55822366  1.44172582], Energy = -146.69951720995383

Approximate saddle points between minima:
Saddle 1: Position = [0.32287806 0.28934   ], Energy = -71.18366278236553
Saddle 2: Position = [-0.82221847  0.58503808], Energy = -40.605391941837645

Computational statistics:
	Total energy calls: 14807
	Energy calls at each min: [1, 2639, 14807]
	Total force calls: 14807
	Force calls at each min: [1, 2639, 14807]
	Total steps: 15522

Verification against reference:
True minima found: 3/3

Verification against reference (saddles):
True saddles found: 1/2
Missed saddles at positions:
[0.21248658 0.29298833]
Starting run 138
Identified minimum at [0.6234994  0.02803776] with energy -108.16672411685238
BFGS Hessian has condition number >1e6 and cannot be reliably trusted; reverting to default behavior. 
Eigenvalues: [1.02287531e-03 7.56207028e+09]
Identified minimum at [-0.55822362  1.44172585] with energy -146.69951720995397
BFGS Hessian has condition number >1e6 and cannot be reliably trusted; reverting to default behavior. 
Eigenvalues: [1.01987273e-03 2.31113281e+08]
BFGS Hessian has condition number >1e6 and cannot be reliably trusted; reverting to default behavior. 
Eigenvalues: [5.39142638e-06 4.04801773e+07]
BFGS Hessian has condition number >1e6 and cannot be reliably trusted; reverting to default behavior. 
Eigenvalues: [8.54192208e-03 7.95045286e+06]
BFGS Hessian has condition number >1e6 and cannot be reliably trusted; reverting to default behavior. 
Eigenvalues: [3.66566709e-03 1.57557550e+06]
BFGS Hessian has condition number >1e6 and cannot be reliably trusted; reverting to default behavior. 
Eigenvalues: [4.30076747e-03 5.45281220e+06]
BFGS Hessian has condition number >1e6 and cannot be reliably trusted; reverting to default behavior. 
Eigenvalues: [1.24569462e-02 3.20675079e+05]
BFGS Hessian has condition number >1e6 and cannot be reliably trusted; reverting to default behavior. 
Eigenvalues: [4.93514999e-03 7.33450226e+05]
BFGS Hessian has condition number >1e6 and cannot be reliably trusted; reverting to default behavior. 
Eigenvalues: [6.23347037e-03 1.56983252e+04]
Simulation completed.


Energies of found minima:
Minimum 1: Position = [0.6234994  0.02803776], Energy = -108.16672411685238
Minimum 2: Position = [-0.55822362  1.44172585], Energy = -146.69951720995397

Approximate saddle points between minima:
Saddle 1: Position = [-0.85010981  0.59556559], Energy = -40.265625201842084

Computational statistics:
	Total energy calls: 647349
	Energy calls at each min: [1, 24437]
	Total force calls: 647349
	Force calls at each min: [1, 24437]
	Total steps: 675898

Verification against reference:
True minima found: 2/3
Missed minima at positions:
[-0.05001082  0.4666941 ]

Verification against reference (saddles):
True saddles found: 1/2
Missed saddles at positions:
[0.21248658 0.29298833]
Starting run 82
Identified minimum at [0.6234994  0.02803776] with energy -108.16672411685238
Identified minimum at [-0.05001397  0.46669528] with energy -80.76781812802727
Identified minimum at [-0.55822362  1.44172585] with energy -146.69951720995397
Simulation completed.


Energies of found minima:
Minimum 1: Position = [0.6234994  0.02803776], Energy = -108.16672411685238
Minimum 2: Position = [-0.05001397  0.46669528], Energy = -80.76781812802727
Minimum 3: Position = [-0.55822362  1.44172585], Energy = -146.69951720995397

Approximate saddle points between minima:
Saddle 1: Position = [0.21637955 0.31795928], Energy = -72.31566537754179
Saddle 2: Position = [-0.8438382   0.61936173], Energy = -40.65320199407361

Computational statistics:
	Total energy calls: 12113
	Energy calls at each min: [1, 3141, 12113]
	Total force calls: 12113
	Force calls at each min: [1, 3141, 12113]
	Total steps: 12734

Verification against reference:
True minima found: 3/3

Verification against reference (saddles):
True saddles found: 2/2
Starting run 473
Identified minimum at [0.6234994  0.02803776] with energy -108.16672411685238
Identified minimum at [-0.05001097  0.46669414] with energy -80.76781812965645
Identified minimum at [-0.55822364  1.44172584] with energy -146.69951720995402
Simulation completed.


Energies of found minima:
Minimum 1: Position = [0.6234994  0.02803776], Energy = -108.16672411685238
Minimum 2: Position = [-0.05001097  0.46669414], Energy = -80.76781812965645
Minimum 3: Position = [-0.55822364  1.44172584], Energy = -146.69951720995402

Approximate saddle points between minima:
Saddle 1: Position = [0.21976889 0.30848492], Energy = -72.23143961183641
Saddle 2: Position = [-0.81770058  0.5822605 ], Energy = -40.699998545159985

Computational statistics:
	Total energy calls: 16297
	Energy calls at each min: [1, 3947, 16297]
	Total force calls: 16297
	Force calls at each min: [1, 3947, 16297]
	Total steps: 17123

Verification against reference:
True minima found: 3/3

Verification against reference (saddles):
True saddles found: 2/2
Starting run 886
Identified minimum at [0.6234994  0.02803776] with energy -108.16672411685238
Identified minimum at [-0.05008213  0.46671081] with energy -80.76781749731126
Identified minimum at [-0.55822365  1.44172583] with energy -146.6995172099539
Simulation completed.


Energies of found minima:
Minimum 1: Position = [0.6234994  0.02803776], Energy = -108.16672411685238
Minimum 2: Position = [-0.05008213  0.46671081], Energy = -80.76781749731126
Minimum 3: Position = [-0.55822365  1.44172583], Energy = -146.6995172099539

Approximate saddle points between minima:
Saddle 1: Position = [0.19455386 0.30250784], Energy = -72.32612945330851
Saddle 2: Position = [-0.84355292  0.57851637], Energy = -40.07233390863102

Computational statistics:
	Total energy calls: 13972
	Energy calls at each min: [1, 3140, 13972]
	Total force calls: 13972
	Force calls at each min: [1, 3140, 13972]
	Total steps: 14658

Verification against reference:
True minima found: 3/3

Verification against reference (saddles):
True saddles found: 1/2
Missed saddles at positions:
[-0.82200156  0.6243128 ]
Starting run 984
Identified minimum at [0.6234994  0.02803776] with energy -108.16672411685238
Identified minimum at [-0.05002143  0.4666975 ] with energy -80.76781811321148
Identified minimum at [-0.55822363  1.44172585] with energy -146.699517209954
Simulation completed.


Energies of found minima:
Minimum 1: Position = [0.6234994  0.02803776], Energy = -108.16672411685238
Minimum 2: Position = [-0.05002143  0.4666975 ], Energy = -80.76781811321148
Minimum 3: Position = [-0.55822363  1.44172585], Energy = -146.699517209954

Approximate saddle points between minima:
Saddle 1: Position = [0.23190785 0.28225315], Energy = -72.3510517153271
Saddle 2: Position = [-0.16937784  0.10857159], Energy = -39.087759840969376

Computational statistics:
	Total energy calls: 18875
	Energy calls at each min: [1, 2955, 18875]
	Total force calls: 18875
	Force calls at each min: [1, 2955, 18875]
	Total steps: 19820

Verification against reference:
True minima found: 3/3

Verification against reference (saddles):
True saddles found: 1/2
Missed saddles at positions:
[-0.82200156  0.6243128 ]
