Starting run 76
Identified minimum at [0.6234994  0.02803776] with energy -108.16672411685238
Identified minimum at [-0.05004003  0.46670172] with energy -80.767818018823
Identified minimum at [-0.55822362  1.44172586] with energy -146.69951720995394
Simulation completed.


Energies of found minima:
Minimum 1: Position = [0.6234994  0.02803776], Energy = -108.16672411685238
Minimum 2: Position = [-0.05004003  0.46670172], Energy = -80.767818018823
Minimum 3: Position = [-0.55822362  1.44172586], Energy = -146.69951720995394

Approximate saddle points between minima:
Saddle 1: Position = [0.23510181 0.32569989], Energy = -72.0046529096806
Saddle 2: Position = [-0.82455888  0.6116649 ], Energy = -40.646045343902145

Computational statistics:
	Total energy calls: 13976
	Energy calls at each min: [1, 1933, 13976]
	Total force calls: 13976
	Force calls at each min: [1, 1933, 13976]
	Total steps: 14645

Verification against reference:
True minima found: 3/3

Verification against reference (saddles):
True saddles found: 2/2
