Starting run 67
Identified minimum at [0.6234994  0.02803776] with energy -108.16672411685238
Identified minimum at [-0.05002848  0.46669862] with energy -80.76781808950945
Identified minimum at [-0.55822363  1.44172584] with energy -146.69951720995402
Simulation completed.


Energies of found minima:
Minimum 1: Position = [0.6234994  0.02803776], Energy = -108.16672411685238
Minimum 2: Position = [-0.05002848  0.46669862], Energy = -80.76781808950945
Minimum 3: Position = [-0.55822363  1.44172584], Energy = -146.69951720995402

Approximate saddle points between minima:
Saddle 1: Position = [0.22519509 0.32918881], Energy = -72.22955744410893
Saddle 2: Position = [-0.85106449  0.61429891], Energy = -40.58467683545328

Computational statistics:
	Total energy calls: 7232
	Energy calls at each min: [1, 984, 7232]
	Total force calls: 7232
	Force calls at each min: [1, 984, 7232]
	Total steps: 7592

Verification against reference:
True minima found: 3/3

Verification against reference (saddles):
True saddles found: 2/2
