Starting run 71
Identified minimum at [0.6234994  0.02803776] with energy -108.16672411685238
Identified minimum at [-0.05003427  0.46670016] with energy -80.76781805858626
Identified minimum at [-0.55822363  1.44172584] with energy -146.699517209954
Simulation completed.


Energies of found minima:
Minimum 1: Position = [0.6234994  0.02803776], Energy = -108.16672411685238
Minimum 2: Position = [-0.05003427  0.46670016], Energy = -80.76781805858626
Minimum 3: Position = [-0.55822363  1.44172584], Energy = -146.699517209954

Approximate saddle points between minima:
Saddle 1: Position = [0.19649602 0.41218036], Energy = -74.12373381130978
Saddle 2: Position = [-0.19372639  0.34987275], Energy = -67.81721790528476

Computational statistics:
	Total energy calls: 913
	Energy calls at each min: [1, 412, 913]
	Total force calls: 913
	Force calls at each min: [1, 412, 913]
	Total steps: 465

Verification against reference:
True minima found: 3/3

Verification against reference (saddles):
True saddles found: 0/2
Missed saddles at positions:
[0.21248658 0.29298833]
[-0.82200156  0.6243128 ]
