Starting run 88
Identified minimum at [0.6234994  0.02803776] with energy -108.16672411685238
Identified minimum at [-0.05001344  0.46669471] with energy -80.76781812881104
Identified minimum at [-0.55822363  1.44172584] with energy -146.699517209954
Simulation completed.


Energies of found minima:
Minimum 1: Position = [0.6234994  0.02803776], Energy = -108.16672411685238
Minimum 2: Position = [-0.05001344  0.46669471], Energy = -80.76781812881104
Minimum 3: Position = [-0.55822363  1.44172584], Energy = -146.699517209954

Approximate saddle points between minima:
Saddle 1: Position = [0.18407291 0.22925361], Energy = -72.12525012658293
Saddle 2: Position = [-0.32097565  0.48745182], Energy = -73.1339708243916

Computational statistics:
	Total energy calls: 488
	Energy calls at each min: [1, 419, 488]
	Total force calls: 488
	Force calls at each min: [1, 419, 488]
	Total steps: 228

Verification against reference:
True minima found: 3/3

Verification against reference (saddles):
True saddles found: 0/2
Missed saddles at positions:
[0.21248658 0.29298833]
[-0.82200156  0.6243128 ]
