Starting run 91
Identified minimum at [0.6234994  0.02803776] with energy -108.16672411685238
BFGS Hessian has condition number >1e6 and cannot be reliably trusted; reverting to default behavior. 
Eigenvalues: [4.74974513e-05 9.98772710e+08]
Identified minimum at [-0.05001085  0.46669411] with energy -80.76781812965895
BFGS Hessian has condition number >1e6 and cannot be reliably trusted; reverting to default behavior. 
Eigenvalues: [7.22800498e-03 2.75960798e+07]
Identified minimum at [-0.55822365  1.44172583] with energy -146.69951720995397
Simulation completed.


Energies of found minima:
Minimum 1: Position = [0.6234994  0.02803776], Energy = -108.16672411685238
Minimum 2: Position = [-0.05001085  0.46669411], Energy = -80.76781812965895
Minimum 3: Position = [-0.55822365  1.44172583], Energy = -146.69951720995397

Approximate saddle points between minima:
Saddle 1: Position = [0.21078984 0.29752252], Energy = -72.25706926130653
Saddle 2: Position = [-0.83669105  0.5880781 ], Energy = -40.34334901989024

Computational statistics:
	Total energy calls: 149358
	Energy calls at each min: [1, 25522, 149358]
	Total force calls: 149358
	Force calls at each min: [1, 25522, 149358]
	Total steps: 156144

Verification against reference:
True minima found: 3/3

Verification against reference (saddles):
True saddles found: 2/2
