Starting run 13
Identified minimum at [0.6234994  0.02803776] with energy -108.16672411685238
Identified minimum at [-0.05001093  0.46669413] with energy -80.7678181296577
Identified minimum at [-0.55822363  1.44172585] with energy -146.69951720995397
Simulation completed.


Energies of found minima:
Minimum 1: Position = [0.6234994  0.02803776], Energy = -108.16672411685238
Minimum 2: Position = [-0.05001093  0.46669413], Energy = -80.7678181296577
Minimum 3: Position = [-0.55822363  1.44172585], Energy = -146.69951720995397

Approximate saddle points between minima:
Saddle 1: Position = [0.19875782 0.17451322], Energy = -74.44255084533386
Saddle 2: Position = [-0.45475693  0.49531967], Energy = -64.80087823516176

Computational statistics:
	Total energy calls: 1232
	Energy calls at each min: [1, 621, 1232]
	Total force calls: 1232
	Force calls at each min: [1, 621, 1232]
	Total steps: 618

Verification against reference:
True minima found: 3/3

Verification against reference (saddles):
True saddles found: 0/2
Missed saddles at positions:
[0.21248658 0.29298833]
[-0.82200156  0.6243128 ]
