Starting run 74
Identified minimum at [0.6234994  0.02803776] with energy -108.16672411685238
Identified minimum at [-0.05004436  0.46670276] with energy -80.76781798423893
Identified minimum at [-0.55822364  1.44172584] with energy -146.699517209954
Simulation completed.


Energies of found minima:
Minimum 1: Position = [0.6234994  0.02803776], Energy = -108.16672411685238
Minimum 2: Position = [-0.05004436  0.46670276], Energy = -80.76781798423893
Minimum 3: Position = [-0.55822364  1.44172584], Energy = -146.699517209954

Approximate saddle points between minima:
Saddle 1: Position = [0.02230983 0.46644208], Energy = -80.13106383055772
Saddle 2: Position = [0.04337391 0.09708664], Energy = -60.25923649581651

Computational statistics:
	Total energy calls: 1287
	Energy calls at each min: [1, 274, 1287]
	Total force calls: 1287
	Force calls at each min: [1, 274, 1287]
	Total steps: 619

Verification against reference:
True minima found: 3/3

Verification against reference (saddles):
True saddles found: 0/2
Missed saddles at positions:
[0.21248658 0.29298833]
[-0.82200156  0.6243128 ]
