Starting run 32
Identified minimum at [0.6234994  0.02803776] with energy -108.16672411685238
Identified minimum at [-0.05001205  0.4666944 ] with energy -80.7678181294696
Identified minimum at [-0.55822363  1.44172584] with energy -146.699517209954
Simulation completed.


Energies of found minima:
Minimum 1: Position = [0.6234994  0.02803776], Energy = -108.16672411685238
Minimum 2: Position = [-0.05001205  0.4666944 ], Energy = -80.7678181294696
Minimum 3: Position = [-0.55822363  1.44172584], Energy = -146.699517209954

Approximate saddle points between minima:
Saddle 1: Position = [0.16503931 0.44111449], Energy = -75.56647027580958
Saddle 2: Position = [0.25090459 0.35563098], Energy = -71.46708217480685

Computational statistics:
	Total energy calls: 3121
	Energy calls at each min: [1, 1730, 3121]
	Total force calls: 3121
	Force calls at each min: [1, 1730, 3121]
	Total steps: 1741

Verification against reference:
True minima found: 3/3

Verification against reference (saddles):
True saddles found: 0/2
Missed saddles at positions:
[0.21248658 0.29298833]
[-0.82200156  0.6243128 ]
