Starting run 93
Identified minimum at [0.6234994  0.02803776] with energy -108.16672411685238
Identified minimum at [-0.55822364  1.44172584] with energy -146.69951720995402
Identified minimum at [-0.05001082  0.46669411] with energy -80.76781812965903
Simulation completed.


Energies of found minima:
Minimum 1: Position = [0.6234994  0.02803776], Energy = -108.16672411685238
Minimum 2: Position = [-0.55822364  1.44172584], Energy = -146.69951720995402
Minimum 3: Position = [-0.05001082  0.46669411], Energy = -80.76781812965903

Approximate saddle points between minima:
Saddle 1: Position = [-0.03802864  0.46690893], Energy = -80.75012778828788
Saddle 2: Position = [-0.08438438  0.45747419], Energy = -80.51906695835531

Computational statistics:
	Total energy calls: 15992
	Energy calls at each min: [1, 2358, 15992]
	Total force calls: 15992
	Force calls at each min: [1, 2358, 15992]
	Total steps: 8671

Verification against reference:
True minima found: 3/3

Verification against reference (saddles):
True saddles found: 0/2
Missed saddles at positions:
[0.21248658 0.29298833]
[-0.82200156  0.6243128 ]
