Starting run 18
Identified minimum at [0.6234994  0.02803776] with energy -108.16672411685238
Identified minimum at [-0.05001084  0.46669411] with energy -80.767818129659
Identified minimum at [-0.55822363  1.44172584] with energy -146.699517209954
Simulation completed.


Energies of found minima:
Minimum 1: Position = [0.6234994  0.02803776], Energy = -108.16672411685238
Minimum 2: Position = [-0.05001084  0.46669411], Energy = -80.767818129659
Minimum 3: Position = [-0.55822363  1.44172584], Energy = -146.699517209954

Approximate saddle points between minima:
Saddle 1: Position = [-0.06020564  0.46495405], Energy = -80.75052634387227
Saddle 2: Position = [-0.55204443  0.5556601 ], Energy = -55.58359100706751

Computational statistics:
	Total energy calls: 1812
	Energy calls at each min: [1, 492, 1812]
	Total force calls: 1812
	Force calls at each min: [1, 492, 1812]
	Total steps: 877

Verification against reference:
True minima found: 3/3

Verification against reference (saddles):
True saddles found: 0/2
Missed saddles at positions:
[0.21248658 0.29298833]
[-0.82200156  0.6243128 ]
