Starting run 39
Identified minimum at [0.6234994  0.02803776] with energy -108.16672411685238
Identified minimum at [-0.05001386  0.46669481] with energy -80.76781812851878
Identified minimum at [-0.55822363  1.44172584] with energy -146.699517209954
Simulation completed.


Energies of found minima:
Minimum 1: Position = [0.6234994  0.02803776], Energy = -108.16672411685238
Minimum 2: Position = [-0.05001386  0.46669481], Energy = -80.76781812851878
Minimum 3: Position = [-0.55822363  1.44172584], Energy = -146.699517209954

Approximate saddle points between minima:
Saddle 1: Position = [0.25217007 0.36550222], Energy = -71.37686738818222
Saddle 2: Position = [0.25399465 0.24580728], Energy = -73.71009239701498

Computational statistics:
	Total energy calls: 2501
	Energy calls at each min: [1, 1831, 2501]
	Total force calls: 2501
	Force calls at each min: [1, 1831, 2501]
	Total steps: 1390

Verification against reference:
True minima found: 3/3

Verification against reference (saddles):
True saddles found: 0/2
Missed saddles at positions:
[0.21248658 0.29298833]
[-0.82200156  0.6243128 ]
