Starting run 77
Identified minimum at [0.6234994  0.02803776] with energy -108.16672411685238
Identified minimum at [-0.55822363  1.44172584] with energy -146.69951720995402
Identified minimum at [-0.05002927  0.46669882] with energy -80.76781808585561
Simulation completed.


Energies of found minima:
Minimum 1: Position = [0.6234994  0.02803776], Energy = -108.16672411685238
Minimum 2: Position = [-0.55822363  1.44172584], Energy = -146.69951720995402
Minimum 3: Position = [-0.05002927  0.46669882], Energy = -80.76781808585561

Approximate saddle points between minima:
Saddle 1: Position = [-0.07247516  0.46537358], Energy = -80.70210639413021
Saddle 2: Position = [-1.11864287  0.80632901], Energy = -64.90365050082089

Computational statistics:
	Total energy calls: 2601
	Energy calls at each min: [1, 339, 2601]
	Total force calls: 2601
	Force calls at each min: [1, 339, 2601]
	Total steps: 1261

Verification against reference:
True minima found: 3/3

Verification against reference (saddles):
True saddles found: 0/2
Missed saddles at positions:
[0.21248658 0.29298833]
[-0.82200156  0.6243128 ]
