Starting run 9
Identified minimum at [0.6234994  0.02803776] with energy -108.16672411685238
Identified minimum at [-0.05003419  0.4667001 ] with energy -80.76781805923899
Identified minimum at [-0.55822364  1.44172584] with energy -146.699517209954
Simulation completed.


Energies of found minima:
Minimum 1: Position = [0.6234994  0.02803776], Energy = -108.16672411685238
Minimum 2: Position = [-0.05003419  0.4667001 ], Energy = -80.76781805923899
Minimum 3: Position = [-0.55822364  1.44172584], Energy = -146.699517209954

Approximate saddle points between minima:
Saddle 1: Position = [0.21106414 0.42219471], Energy = -73.31612071698945
Saddle 2: Position = [-0.65612555  0.52212445], Energy = -49.77475600079096

Computational statistics:
	Total energy calls: 772
	Energy calls at each min: [1, 236, 772]
	Total force calls: 772
	Force calls at each min: [1, 236, 772]
	Total steps: 365

Verification against reference:
True minima found: 3/3

Verification against reference (saddles):
True saddles found: 0/2
Missed saddles at positions:
[0.21248658 0.29298833]
[-0.82200156  0.6243128 ]
