Starting run 65
Identified minimum at [0.6234994  0.02803776] with energy -108.16672411685238
Identified minimum at [-0.05002851  0.46669863] with energy -80.76781808937343
Identified minimum at [-0.55822364  1.44172584] with energy -146.699517209954
Simulation completed.


Energies of found minima:
Minimum 1: Position = [0.6234994  0.02803776], Energy = -108.16672411685238
Minimum 2: Position = [-0.05002851  0.46669863], Energy = -80.76781808937343
Minimum 3: Position = [-0.55822364  1.44172584], Energy = -146.699517209954

Approximate saddle points between minima:
Saddle 1: Position = [0.23075223 0.34398208], Energy = -72.16667114711555
Saddle 2: Position = [-0.85132249  0.60737301], Energy = -40.46409832183744

Computational statistics:
	Total energy calls: 3237
	Energy calls at each min: [1, 1319, 3237]
	Total force calls: 3237
	Force calls at each min: [1, 1319, 3237]
	Total steps: 3394

Verification against reference:
True minima found: 3/3

Verification against reference (saddles):
True saddles found: 1/2
Missed saddles at positions:
[0.21248658 0.29298833]
