Starting run 62
Identified minimum at [0.6234994  0.02803776] with energy -108.16672411685238
Identified minimum at [-0.05002206  0.46669692] with energy -80.7678181135463
Identified minimum at [-0.55822363  1.44172584] with energy -146.69951720995402
Simulation completed.


Energies of found minima:
Minimum 1: Position = [0.6234994  0.02803776], Energy = -108.16672411685238
Minimum 2: Position = [-0.05002206  0.46669692], Energy = -80.7678181135463
Minimum 3: Position = [-0.55822363  1.44172584], Energy = -146.69951720995402

Approximate saddle points between minima:
Saddle 1: Position = [0.25031568 0.35484361], Energy = -71.49335070518424
Saddle 2: Position = [-0.51230525  0.49836531], Energy = -60.649780112163896

Computational statistics:
	Total energy calls: 425
	Energy calls at each min: [1, 264, 425]
	Total force calls: 425
	Force calls at each min: [1, 264, 425]
	Total steps: 219

Verification against reference:
True minima found: 3/3

Verification against reference (saddles):
True saddles found: 0/2
Missed saddles at positions:
[0.21248658 0.29298833]
[-0.82200156  0.6243128 ]
