Starting run 24
Identified minimum at [0.6234994  0.02803776] with energy -108.16672411685238
Identified minimum at [-0.05001247  0.46669456] with energy -80.76781812929764
Identified minimum at [-0.55822363  1.44172584] with energy -146.69951720995402
Simulation completed.


Energies of found minima:
Minimum 1: Position = [0.6234994  0.02803776], Energy = -108.16672411685238
Minimum 2: Position = [-0.05001247  0.46669456], Energy = -80.76781812929764
Minimum 3: Position = [-0.55822363  1.44172584], Energy = -146.69951720995402

Approximate saddle points between minima:
Saddle 1: Position = [0.22085507 0.40977959], Energy = -72.85814508792816
Saddle 2: Position = [0.10671963 0.02226399], Energy = -63.62782121657013

Computational statistics:
	Total energy calls: 1387
	Energy calls at each min: [1, 476, 1387]
	Total force calls: 1387
	Force calls at each min: [1, 476, 1387]
	Total steps: 692

Verification against reference:
True minima found: 3/3

Verification against reference (saddles):
True saddles found: 0/2
Missed saddles at positions:
[0.21248658 0.29298833]
[-0.82200156  0.6243128 ]
