Starting run 34
Identified minimum at [0.6234994  0.02803776] with energy -108.16672411685238
Identified minimum at [-0.55822363  1.44172584] with energy -146.69951720995402
Identified minimum at [-0.05001328  0.4666947 ] with energy -80.76781812890309
Simulation completed.


Energies of found minima:
Minimum 1: Position = [0.6234994  0.02803776], Energy = -108.16672411685238
Minimum 2: Position = [-0.55822363  1.44172584], Energy = -146.69951720995402
Minimum 3: Position = [-0.05001328  0.4666947 ], Energy = -80.76781812890309

Approximate saddle points between minima:
Saddle 1: Position = [0.23605461 0.24624956], Energy = -73.32502626898682
Saddle 2: Position = [-1.09146874  0.66495346], Energy = -49.59986570699607

Computational statistics:
	Total energy calls: 16367
	Energy calls at each min: [1, 1940, 16367]
	Total force calls: 16367
	Force calls at each min: [1, 1940, 16367]
	Total steps: 8907

Verification against reference:
True minima found: 3/3

Verification against reference (saddles):
True saddles found: 0/2
Missed saddles at positions:
[0.21248658 0.29298833]
[-0.82200156  0.6243128 ]
