Starting run 79
Identified minimum at [0.6234994  0.02803776] with energy -108.16672411685238
Identified minimum at [-0.05003194  0.46669953] with energy -80.7678180720986
Identified minimum at [-0.55822363  1.44172584] with energy -146.69951720995402
Simulation completed.


Energies of found minima:
Minimum 1: Position = [0.6234994  0.02803776], Energy = -108.16672411685238
Minimum 2: Position = [-0.05003194  0.46669953], Energy = -80.7678180720986
Minimum 3: Position = [-0.55822363  1.44172584], Energy = -146.69951720995402

Approximate saddle points between minima:
Saddle 1: Position = [-0.16275876  0.45519776], Energy = -79.02928675807239
Saddle 2: Position = [-0.42218961  0.49340028], Energy = -67.02651691672276

Computational statistics:
	Total energy calls: 882
	Energy calls at each min: [1, 340, 882]
	Total force calls: 882
	Force calls at each min: [1, 340, 882]
	Total steps: 413

Verification against reference:
True minima found: 3/3

Verification against reference (saddles):
True saddles found: 0/2
Missed saddles at positions:
[0.21248658 0.29298833]
[-0.82200156  0.6243128 ]
