Starting run 16
Identified minimum at [0.6234994  0.02803776] with energy -108.16672411685238
Identified minimum at [-0.05001082  0.4666941 ] with energy -80.76781812965905
Identified minimum at [-0.55822363  1.44172585] with energy -146.69951720995397
Simulation completed.


Energies of found minima:
Minimum 1: Position = [0.6234994  0.02803776], Energy = -108.16672411685238
Minimum 2: Position = [-0.05001082  0.4666941 ], Energy = -80.76781812965905
Minimum 3: Position = [-0.55822363  1.44172585], Energy = -146.69951720995397

Approximate saddle points between minima:
Saddle 1: Position = [0.03019856 0.46530589], Energy = -79.99628049925818
Saddle 2: Position = [0.14637843 0.41783312], Energy = -76.36097087639048

Computational statistics:
	Total energy calls: 530
	Energy calls at each min: [1, 476, 530]
	Total force calls: 530
	Force calls at each min: [1, 476, 530]
	Total steps: 270

Verification against reference:
True minima found: 3/3

Verification against reference (saddles):
True saddles found: 0/2
Missed saddles at positions:
[0.21248658 0.29298833]
[-0.82200156  0.6243128 ]
