Starting run 45
Identified minimum at [0.6234994  0.02803776] with energy -108.16672411685238
Identified minimum at [-0.05653491  0.46837458] with energy -80.76230613928143
Identified minimum at [-0.5582236   1.44172588] with energy -146.69951720995337
Simulation completed.


Energies of found minima:
Minimum 1: Position = [0.6234994  0.02803776], Energy = -108.16672411685238
Minimum 2: Position = [-0.05653491  0.46837458], Energy = -80.76230613928143
Minimum 3: Position = [-0.5582236   1.44172588], Energy = -146.69951720995337

Approximate saddle points between minima:
Saddle 1: Position = [0.11047382 0.25485295], Energy = -69.58566084135005
Saddle 2: Position = [-0.84966479  0.5868804 ], Energy = -40.112930768379144

Computational statistics:
	Total energy calls: 4493
	Energy calls at each min: [1, 1113, 4493]
	Total force calls: 4493
	Force calls at each min: [1, 1113, 4493]
	Total steps: 4714

Verification against reference:
True minima found: 2/3
Missed minima at positions:
[-0.05001082  0.4666941 ]

Verification against reference (saddles):
True saddles found: 1/2
Missed saddles at positions:
[0.21248658 0.29298833]
