Starting run 40
Identified minimum at [0.6234994  0.02803776] with energy -108.16672411685238
Identified minimum at [-0.05639158  0.46833436] with energy -80.76255072887032
Identified minimum at [-0.55822362  1.44172587] with energy -146.6995172099537
Simulation completed.


Energies of found minima:
Minimum 1: Position = [0.6234994  0.02803776], Energy = -108.16672411685238
Minimum 2: Position = [-0.05639158  0.46833436], Energy = -80.76255072887032
Minimum 3: Position = [-0.55822362  1.44172587], Energy = -146.6995172099537

Approximate saddle points between minima:
Saddle 1: Position = [0.12485962 0.21476443], Energy = -69.30439275752028
Saddle 2: Position = [-0.84304289  0.61260429], Energy = -40.566980141800784

Computational statistics:
	Total energy calls: 4539
	Energy calls at each min: [1, 1080, 4539]
	Total force calls: 4539
	Force calls at each min: [1, 1080, 4539]
	Total steps: 4758

Verification against reference:
True minima found: 2/3
Missed minima at positions:
[-0.05001082  0.4666941 ]

Verification against reference (saddles):
True saddles found: 1/2
Missed saddles at positions:
[0.21248658 0.29298833]
