Starting run 28
Identified minimum at [0.6234994  0.02803776] with energy -108.16672411685238
Identified minimum at [-0.05001522  0.46669533] with energy -80.76781812705958
Identified minimum at [-0.55822363  1.44172584] with energy -146.699517209954
Simulation completed.


Energies of found minima:
Minimum 1: Position = [0.6234994  0.02803776], Energy = -108.16672411685238
Minimum 2: Position = [-0.05001522  0.46669533], Energy = -80.76781812705958
Minimum 3: Position = [-0.55822363  1.44172584], Energy = -146.699517209954

Approximate saddle points between minima:
Saddle 1: Position = [0.21964481 0.40806121], Energy = -72.93123185582832
Saddle 2: Position = [0.14494081 0.15752288], Energy = -70.8243239260415

Computational statistics:
	Total energy calls: 970
	Energy calls at each min: [1, 611, 970]
	Total force calls: 970
	Force calls at each min: [1, 611, 970]
	Total steps: 446

Verification against reference:
True minima found: 3/3

Verification against reference (saddles):
True saddles found: 0/2
Missed saddles at positions:
[0.21248658 0.29298833]
[-0.82200156  0.6243128 ]
