Starting run 43
Identified minimum at [0.6234994  0.02803776] with energy -108.16672411685238
Identified minimum at [-0.05349067  0.46755138] with energy -80.76628139373483
Identified minimum at [-0.55822362  1.44172586] with energy -146.69951720995385
Simulation completed.


Energies of found minima:
Minimum 1: Position = [0.6234994  0.02803776], Energy = -108.16672411685238
Minimum 2: Position = [-0.05349067  0.46755138], Energy = -80.76628139373483
Minimum 3: Position = [-0.55822362  1.44172586], Energy = -146.69951720995385

Approximate saddle points between minima:
Saddle 1: Position = [0.07266898 0.1643396 ], Energy = -64.88570979548123
Saddle 2: Position = [-0.82439164  0.58965226], Energy = -40.58248973734638

Computational statistics:
	Total energy calls: 2602
	Energy calls at each min: [1, 1371, 2602]
	Total force calls: 2602
	Force calls at each min: [1, 1371, 2602]
	Total steps: 2731

Verification against reference:
True minima found: 2/3
Missed minima at positions:
[-0.05001082  0.4666941 ]

Verification against reference (saddles):
True saddles found: 1/2
Missed saddles at positions:
[0.21248658 0.29298833]
