Starting run 99
Identified minimum at [0.6234994  0.02803776] with energy -108.16672411685238
Desired error not necessarily achieved due to precision loss.
Identified minimum at [-0.55822363  1.44172585] with energy -146.699517209954
Identified minimum at [-0.05001082  0.4666941 ] with energy -80.76781812965903
Simulation completed.


Energies of found minima:
Minimum 1: Position = [0.6234994  0.02803776], Energy = -108.16672411685238
Minimum 2: Position = [-0.55822363  1.44172585], Energy = -146.699517209954
Minimum 3: Position = [-0.05001082  0.4666941 ], Energy = -80.76781812965903

Approximate saddle points between minima:
Saddle 1: Position = [0.2970971  0.05019728], Energy = -87.3651499834435
Saddle 2: Position = [-0.16181933  0.44433052], Energy = -78.62111089185646

Computational statistics:
	Total energy calls: 14446
	Energy calls at each min: [1, 2587, 14446]
	Total force calls: 14446
	Force calls at each min: [1, 2587, 14446]
	Total steps: 7465

Verification against reference:
True minima found: 3/3

Verification against reference (saddles):
True saddles found: 0/2
Missed saddles at positions:
[0.21248658 0.29298833]
[-0.82200156  0.6243128 ]
