Starting run 1
Identified minimum at [0.6234994  0.02803776] with energy -108.16672411685238
Identified minimum at [-0.05001896  0.46669612] with energy -80.76781812125972
Identified minimum at [-0.55822363  1.44172584] with energy -146.69951720995402
Simulation completed.


Energies of found minima:
Minimum 1: Position = [0.6234994  0.02803776], Energy = -108.16672411685238
Minimum 2: Position = [-0.05001896  0.46669612], Energy = -80.76781812125972
Minimum 3: Position = [-0.55822363  1.44172584], Energy = -146.69951720995402

Approximate saddle points between minima:
Saddle 1: Position = [0.24839822 0.35157223], Energy = -71.57723818709584
Saddle 2: Position = [-0.59681323  0.50748929], Energy = -54.26531716735342

Computational statistics:
	Total energy calls: 540
	Energy calls at each min: [1, 249, 540]
	Total force calls: 540
	Force calls at each min: [1, 249, 540]
	Total steps: 258

Verification against reference:
True minima found: 3/3

Verification against reference (saddles):
True saddles found: 0/2
Missed saddles at positions:
[0.21248658 0.29298833]
[-0.82200156  0.6243128 ]
