Starting run 80
Identified minimum at [0.6234994  0.02803776] with energy -108.16672411685238
Identified minimum at [-0.55822363  1.44172584] with energy -146.699517209954
Identified minimum at [-0.05001138  0.46669425] with energy -80.76781812961842
Simulation completed.


Energies of found minima:
Minimum 1: Position = [0.6234994  0.02803776], Energy = -108.16672411685238
Minimum 2: Position = [-0.55822363  1.44172584], Energy = -146.699517209954
Minimum 3: Position = [-0.05001138  0.46669425], Energy = -80.76781812961842

Approximate saddle points between minima:
Saddle 1: Position = [0.50356478 0.03586151], Energy = -104.67603445559227
Saddle 2: Position = [0.23955679 0.26605813], Energy = -72.74767808273117

Computational statistics:
	Total energy calls: 1764
	Energy calls at each min: [1, 44, 1764]
	Total force calls: 1764
	Force calls at each min: [1, 44, 1764]
	Total steps: 837

Verification against reference:
True minima found: 3/3

Verification against reference (saddles):
True saddles found: 1/2
Missed saddles at positions:
[-0.82200156  0.6243128 ]
