Starting run 46
Identified minimum at [0.6234994  0.02803776] with energy -108.16672411685238
Identified minimum at [-0.05557844  0.46814181] with energy -80.76378785717336
Identified minimum at [-0.55822359  1.4417259 ] with energy -146.6995172099527
Simulation completed.


Energies of found minima:
Minimum 1: Position = [0.6234994  0.02803776], Energy = -108.16672411685238
Minimum 2: Position = [-0.05557844  0.46814181], Energy = -80.76378785717336
Minimum 3: Position = [-0.55822359  1.4417259 ], Energy = -146.6995172099527

Approximate saddle points between minima:
Saddle 1: Position = [0.09069156 0.16506256], Energy = -66.38589802592102
Saddle 2: Position = [-0.8597502   0.57861633], Energy = -39.7641736838371

Computational statistics:
	Total energy calls: 3870
	Energy calls at each min: [1, 1300, 3870]
	Total force calls: 3870
	Force calls at each min: [1, 1300, 3870]
	Total steps: 4055

Verification against reference:
True minima found: 2/3
Missed minima at positions:
[-0.05001082  0.4666941 ]

Verification against reference (saddles):
True saddles found: 0/2
Missed saddles at positions:
[0.21248658 0.29298833]
[-0.82200156  0.6243128 ]
