Starting run 3
Identified minimum at [0.6234994  0.02803776] with energy -108.16672411685238
Identified minimum at [-0.05006548  0.46670861] with energy -80.76781773840062
Identified minimum at [-0.55822363  1.44172584] with energy -146.69951720995402
Simulation completed.


Energies of found minima:
Minimum 1: Position = [0.6234994  0.02803776], Energy = -108.16672411685238
Minimum 2: Position = [-0.05006548  0.46670861], Energy = -80.76781773840062
Minimum 3: Position = [-0.55822363  1.44172584], Energy = -146.69951720995402

Approximate saddle points between minima:
Saddle 1: Position = [-0.16715692  0.45638036], Energy = -78.94704325351498
Saddle 2: Position = [-0.59698685  0.50751814], Energy = -54.25209533713165

Computational statistics:
	Total energy calls: 360
	Energy calls at each min: [1, 226, 360]
	Total force calls: 360
	Force calls at each min: [1, 226, 360]
	Total steps: 166

Verification against reference:
True minima found: 3/3

Verification against reference (saddles):
True saddles found: 0/2
Missed saddles at positions:
[0.21248658 0.29298833]
[-0.82200156  0.6243128 ]
