Starting run 58
Identified minimum at [0.6234994  0.02803776] with energy -108.16672411685238
Identified minimum at [-0.05074224  0.46688556] with energy -80.76774848814273
Identified minimum at [-0.55822362  1.44172586] with energy -146.6995172099539
Simulation completed.


Energies of found minima:
Minimum 1: Position = [0.6234994  0.02803776], Energy = -108.16672411685238
Minimum 2: Position = [-0.05074224  0.46688556], Energy = -80.76774848814273
Minimum 3: Position = [-0.55822362  1.44172586], Energy = -146.6995172099539

Approximate saddle points between minima:
Saddle 1: Position = [0.1760495  0.28131443], Energy = -71.92255453526153
Saddle 2: Position = [-0.85791688  0.61423162], Energy = -40.59112462397951

Computational statistics:
	Total energy calls: 5519
	Energy calls at each min: [1, 1409, 5519]
	Total force calls: 5519
	Force calls at each min: [1, 1409, 5519]
	Total steps: 5790

Verification against reference:
True minima found: 3/3

Verification against reference (saddles):
True saddles found: 2/2
