Starting run 51
Identified minimum at [0.6234994  0.02803776] with energy -108.16672411685238
Identified minimum at [-0.05032522  0.46677295] with energy -80.7678055060439
Identified minimum at [-0.55822363  1.44172584] with energy -146.69951720995402
Simulation completed.


Energies of found minima:
Minimum 1: Position = [0.6234994  0.02803776], Energy = -108.16672411685238
Minimum 2: Position = [-0.05032522  0.46677295], Energy = -80.7678055060439
Minimum 3: Position = [-0.55822363  1.44172584], Energy = -146.69951720995402

Approximate saddle points between minima:
Saddle 1: Position = [0.15548154 0.44764617], Energy = -75.94379404291126
Saddle 2: Position = [-0.59566191  0.50633152], Energy = -54.35778128641987

Computational statistics:
	Total energy calls: 950
	Energy calls at each min: [1, 237, 950]
	Total force calls: 950
	Force calls at each min: [1, 237, 950]
	Total steps: 450

Verification against reference:
True minima found: 3/3

Verification against reference (saddles):
True saddles found: 0/2
Missed saddles at positions:
[0.21248658 0.29298833]
[-0.82200156  0.6243128 ]
