Starting run 5
Identified minimum at [0.6234994  0.02803776] with energy -108.16672411685238
Identified minimum at [-0.05001979  0.46669633] with energy -80.76781811944193
Identified minimum at [-0.55822363  1.44172584] with energy -146.699517209954
Simulation completed.


Energies of found minima:
Minimum 1: Position = [0.6234994  0.02803776], Energy = -108.16672411685238
Minimum 2: Position = [-0.05001979  0.46669633], Energy = -80.76781811944193
Minimum 3: Position = [-0.55822363  1.44172584], Energy = -146.699517209954

Approximate saddle points between minima:
Saddle 1: Position = [0.25299677 0.34752633], Energy = -71.41990427209768
Saddle 2: Position = [0.09731243 0.16338654], Energy = -66.91000665824947

Computational statistics:
	Total energy calls: 544
	Energy calls at each min: [1, 111, 544]
	Total force calls: 544
	Force calls at each min: [1, 111, 544]
	Total steps: 255

Verification against reference:
True minima found: 3/3

Verification against reference (saddles):
True saddles found: 0/2
Missed saddles at positions:
[0.21248658 0.29298833]
[-0.82200156  0.6243128 ]
