Starting run 5
Identified minimum at [0.6234994  0.02803776] with energy -108.16672411685238
Identified minimum at [-0.05006339  0.46670776] with energy -80.76781777126519
Identified minimum at [-0.55822363  1.44172584] with energy -146.699517209954
Simulation completed.


Energies of found minima:
Minimum 1: Position = [0.6234994  0.02803776], Energy = -108.16672411685238
Minimum 2: Position = [-0.05006339  0.46670776], Energy = -80.76781777126519
Minimum 3: Position = [-0.55822363  1.44172584], Energy = -146.699517209954

Approximate saddle points between minima:
Saddle 1: Position = [-0.10609208  0.46468127], Energy = -80.37862630778727
Saddle 2: Position = [-0.10931255  0.30278299], Energy = -65.02443763580372

Computational statistics:
	Total energy calls: 466
	Energy calls at each min: [1, 151, 466]
	Total force calls: 466
	Force calls at each min: [1, 151, 466]
	Total steps: 213

Verification against reference:
True minima found: 3/3

Verification against reference (saddles):
True saddles found: 0/2
Missed saddles at positions:
[0.21248658 0.29298833]
[-0.82200156  0.6243128 ]
