Starting run 85
Identified minimum at [0.6234994  0.02803776] with energy -108.16672411685238
Identified minimum at [-0.55822363  1.44172584] with energy -146.699517209954
Identified minimum at [-0.0500201   0.46669635] with energy -80.76781811882043
Simulation completed.


Energies of found minima:
Minimum 1: Position = [0.6234994  0.02803776], Energy = -108.16672411685238
Minimum 2: Position = [-0.55822363  1.44172584], Energy = -146.699517209954
Minimum 3: Position = [-0.0500201   0.46669635], Energy = -80.76781811882043

Approximate saddle points between minima:
Saddle 1: Position = [0.50356478 0.03586151], Energy = -104.67603445559227
Saddle 2: Position = [-1.13712734  0.68741614], Energy = -52.049579417695256

Computational statistics:
	Total energy calls: 3237
	Energy calls at each min: [1, 44, 3237]
	Total force calls: 3237
	Force calls at each min: [1, 44, 3237]
	Total steps: 1573

Verification against reference:
True minima found: 3/3

Verification against reference (saddles):
True saddles found: 0/2
Missed saddles at positions:
[0.21248658 0.29298833]
[-0.82200156  0.6243128 ]
