Starting run 40
Identified minimum at [0.6234994  0.02803776] with energy -108.16672411685238
Identified minimum at [-0.052782    0.46736589] with energy -80.76685004913854
Identified minimum at [-0.5582236   1.44172588] with energy -146.69951720995334
Simulation completed.


Energies of found minima:
Minimum 1: Position = [0.6234994  0.02803776], Energy = -108.16672411685238
Minimum 2: Position = [-0.052782    0.46736589], Energy = -80.76685004913854
Minimum 3: Position = [-0.5582236   1.44172588], Energy = -146.69951720995334

Approximate saddle points between minima:
Saddle 1: Position = [0.17306103 0.10722316], Energy = -74.09276597033804
Saddle 2: Position = [-1.15892932  0.57399489], Energy = -38.28556029399221

Computational statistics:
	Total energy calls: 386
	Energy calls at each min: [1, 191, 386]
	Total force calls: 386
	Force calls at each min: [1, 191, 386]
	Total steps: 192

Verification against reference:
True minima found: 2/3
Missed minima at positions:
[-0.05001082  0.4666941 ]

Verification against reference (saddles):
True saddles found: 0/2
Missed saddles at positions:
[0.21248658 0.29298833]
[-0.82200156  0.6243128 ]
