Starting run 50
Identified minimum at [0.6234994  0.02803776] with energy -108.16672411685238
Identified minimum at [-0.05035968  0.46678191] with energy -80.76780256325813
Identified minimum at [-0.55822363  1.44172584] with energy -146.69951720995402
Simulation completed.


Energies of found minima:
Minimum 1: Position = [0.6234994  0.02803776], Energy = -108.16672411685238
Minimum 2: Position = [-0.05035968  0.46678191], Energy = -80.76780256325813
Minimum 3: Position = [-0.55822363  1.44172584], Energy = -146.69951720995402

Approximate saddle points between minima:
Saddle 1: Position = [0.19227907 0.12724904], Energy = -75.56482934054716
Saddle 2: Position = [0.02090249 0.0332974 ], Energy = -54.05513502911072

Computational statistics:
	Total energy calls: 1028
	Energy calls at each min: [1, 266, 1028]
	Total force calls: 1028
	Force calls at each min: [1, 266, 1028]
	Total steps: 493

Verification against reference:
True minima found: 3/3

Verification against reference (saddles):
True saddles found: 0/2
Missed saddles at positions:
[0.21248658 0.29298833]
[-0.82200156  0.6243128 ]
