Starting run 69
Identified minimum at [0.6234994  0.02803776] with energy -108.16672411685238
Identified minimum at [-0.0500224   0.46669702] with energy -80.76781811252252
Identified minimum at [-0.55822363  1.44172584] with energy -146.69951720995402
Simulation completed.


Energies of found minima:
Minimum 1: Position = [0.6234994  0.02803776], Energy = -108.16672411685238
Minimum 2: Position = [-0.0500224   0.46669702], Energy = -80.76781811252252
Minimum 3: Position = [-0.55822363  1.44172584], Energy = -146.69951720995402

Approximate saddle points between minima:
Saddle 1: Position = [-0.22606395  0.44483009], Energy = -76.44818653773166
Saddle 2: Position = [0.20137586 0.52464311], Energy = -67.92729176965568

Computational statistics:
	Total energy calls: 551
	Energy calls at each min: [1, 125, 551]
	Total force calls: 551
	Force calls at each min: [1, 125, 551]
	Total steps: 281

Verification against reference:
True minima found: 3/3

Verification against reference (saddles):
True saddles found: 0/2
Missed saddles at positions:
[0.21248658 0.29298833]
[-0.82200156  0.6243128 ]
