Starting run 59
Identified minimum at [0.6234994  0.02803776] with energy -108.16672411685238
Identified minimum at [-0.05195493  0.46723336] with energy -80.76731152820494
Identified minimum at [-0.55822364  1.44172584] with energy -146.69951720995402
Simulation completed.


Energies of found minima:
Minimum 1: Position = [0.6234994  0.02803776], Energy = -108.16672411685238
Minimum 2: Position = [-0.05195493  0.46723336], Energy = -80.76731152820494
Minimum 3: Position = [-0.55822364  1.44172584], Energy = -146.69951720995402

Approximate saddle points between minima:
Saddle 1: Position = [0.18755016 0.43625135], Energy = -74.45963573938414
Saddle 2: Position = [0.25796814 0.35504808], Energy = -71.17910360671276

Computational statistics:
	Total energy calls: 366
	Energy calls at each min: [1, 254, 366]
	Total force calls: 366
	Force calls at each min: [1, 254, 366]
	Total steps: 171

Verification against reference:
True minima found: 2/3
Missed minima at positions:
[-0.05001082  0.4666941 ]

Verification against reference (saddles):
True saddles found: 0/2
Missed saddles at positions:
[0.21248658 0.29298833]
[-0.82200156  0.6243128 ]
