Starting run 47
Identified minimum at [0.6234994  0.02803776] with energy -108.16672411685238
Identified minimum at [-0.55822364  1.44172584] with energy -146.69951720995402
Identified minimum at [-0.05595385  0.46825704] with energy -80.76320093216722
Simulation completed.


Energies of found minima:
Minimum 1: Position = [0.6234994  0.02803776], Energy = -108.16672411685238
Minimum 2: Position = [-0.55822364  1.44172584], Energy = -146.69951720995402
Minimum 3: Position = [-0.05595385  0.46825704], Energy = -80.76320093216722

Approximate saddle points between minima:
Saddle 1: Position = [0.24370738 0.09421239], Energy = -81.43926431865579
Saddle 2: Position = [-0.63992926  0.45752584], Energy = -49.572113661613514

Computational statistics:
	Total energy calls: 1148
	Energy calls at each min: [1, 168, 1148]
	Total force calls: 1148
	Force calls at each min: [1, 168, 1148]
	Total steps: 558

Verification against reference:
True minima found: 2/3
Missed minima at positions:
[-0.05001082  0.4666941 ]

Verification against reference (saddles):
True saddles found: 0/2
Missed saddles at positions:
[0.21248658 0.29298833]
[-0.82200156  0.6243128 ]
