Starting run 382
Identified minimum at position [0.6234994  0.02803776] with unbiased energy -108.16672411685238
Identified minimum at position [-0.0507048  0.4669857] with unbiased energy -80.76772896636284
Identified minimum at position [-0.55822362  1.44172586] with unbiased energy -146.6995172099539
Simulation completed.


Energies of found minima:
Minimum 1: Position = [0.6234994  0.02803776], Energy = -108.16672411685238
Minimum 2: Position = [-0.0507048  0.4669857], Energy = -80.76772896636284
Minimum 3: Position = [-0.55822362  1.44172586], Energy = -146.6995172099539

Approximate saddle points between minima:
Saddle 1: Position = [0.34760664 0.33658816], Energy = -67.37781081805971
Saddle 2: Position = [-0.82301053  0.48871864], Energy = -38.02346186000193

Computational statistics:
	Total energy calls: 5132
	Energy calls at each min: [1, 1155, 5132]
	Total force calls: 5132
	Force calls at each min: [1, 1155, 5132]
	Total steps: 5401

Verification against reference:
True minima found: 3/3

Verification against reference (saddles):
True saddles found: 0/2
Missed saddles at positions:
[0.21248658 0.29298833]
[-0.82200156  0.6243128 ]
Starting run 1545
Identified minimum at position [0.6234994  0.02803776] with unbiased energy -108.16672411685238
Identified minimum at position [-0.05012124  0.46671605] with unbiased energy -80.7678166848346
Identified minimum at position [-0.55822364  1.44172583] with unbiased energy -146.699517209954
Simulation completed.


Energies of found minima:
Minimum 1: Position = [0.6234994  0.02803776], Energy = -108.16672411685238
Minimum 2: Position = [-0.05012124  0.46671605], Energy = -80.7678166848346
Minimum 3: Position = [-0.55822364  1.44172583], Energy = -146.699517209954

Approximate saddle points between minima:
Saddle 1: Position = [0.18704237 0.26354065], Energy = -71.97489764335796
Saddle 2: Position = [-0.05766906  0.74599393], Energy = -29.38970242540611

Computational statistics:
	Total energy calls: 8640
	Energy calls at each min: [1, 801, 8640]
	Total force calls: 8640
	Force calls at each min: [1, 801, 8640]
	Total steps: 9099

Verification against reference:
True minima found: 3/3

Verification against reference (saddles):
True saddles found: 1/2
Missed saddles at positions:
[-0.82200156  0.6243128 ]
Starting run 609
Identified minimum at position [0.6234994  0.02803776] with unbiased energy -108.16672411685238
Identified minimum at position [-0.05012152  0.46671619] with unbiased energy -80.76781667628973
Identified minimum at position [-0.55822363  1.44172584] with unbiased energy -146.699517209954
Simulation completed.


Energies of found minima:
Minimum 1: Position = [0.6234994  0.02803776], Energy = -108.16672411685238
Minimum 2: Position = [-0.05012152  0.46671619], Energy = -80.76781667628973
Minimum 3: Position = [-0.55822363  1.44172584], Energy = -146.699517209954

Approximate saddle points between minima:
Saddle 1: Position = [0.87314817 0.15805491], Energy = -56.28636911329728
Saddle 2: Position = [-0.17959519  0.71887566], Energy = -38.24674714651883

Computational statistics:
	Total energy calls: 4760
	Energy calls at each min: [1, 1754, 4760]
	Total force calls: 4760
	Force calls at each min: [1, 1754, 4760]
	Total steps: 5013

Verification against reference:
True minima found: 3/3

Verification against reference (saddles):
True saddles found: 0/2
Missed saddles at positions:
[0.21248658 0.29298833]
[-0.82200156  0.6243128 ]
Starting run 474
Identified minimum at position [0.6234994  0.02803776] with unbiased energy -108.16672411685238
Identified minimum at position [-0.05001118  0.46669417] with unbiased energy -80.76781812964396
Identified minimum at position [-0.55822363  1.44172584] with unbiased energy -146.699517209954
Simulation completed.


Energies of found minima:
Minimum 1: Position = [0.6234994  0.02803776], Energy = -108.16672411685238
Minimum 2: Position = [-0.05001118  0.46669417], Energy = -80.76781812964396
Minimum 3: Position = [-0.55822363  1.44172584], Energy = -146.699517209954

Approximate saddle points between minima:
Saddle 1: Position = [0.22979523 0.3172137 ], Energy = -72.1089981727847
Saddle 2: Position = [0.45355434 0.58362521], Energy = -29.14030738485244

Computational statistics:
	Total energy calls: 5968
	Energy calls at each min: [1, 452, 5968]
	Total force calls: 5968
	Force calls at each min: [1, 452, 5968]
	Total steps: 6297

Verification against reference:
True minima found: 3/3

Verification against reference (saddles):
True saddles found: 1/2
Missed saddles at positions:
[-0.82200156  0.6243128 ]
Starting run 387
Identified minimum at position [0.6234994  0.02803776] with unbiased energy -108.16672411685238
Identified minimum at position [-0.05016221  0.46676686] with unbiased energy -80.76781318814326
Identified minimum at position [-0.55822363  1.44172585] with unbiased energy -146.699517209954
Simulation completed.


Energies of found minima:
Minimum 1: Position = [0.6234994  0.02803776], Energy = -108.16672411685238
Minimum 2: Position = [-0.05016221  0.46676686], Energy = -80.76781318814326
Minimum 3: Position = [-0.55822363  1.44172585], Energy = -146.699517209954

Approximate saddle points between minima:
Saddle 1: Position = [0.21881974 0.30323666], Energy = -72.2315716841874
Saddle 2: Position = [0.5994884  0.44854676], Energy = -25.235726018634992

Computational statistics:
	Total energy calls: 9303
	Energy calls at each min: [1, 1357, 9303]
	Total force calls: 9303
	Force calls at each min: [1, 1357, 9303]
	Total steps: 9786

Verification against reference:
True minima found: 3/3

Verification against reference (saddles):
True saddles found: 1/2
Missed saddles at positions:
[-0.82200156  0.6243128 ]
Starting run 1618
Identified minimum at position [0.6234994  0.02803776] with unbiased energy -108.16672411685238
Identified minimum at position [-0.55822362  1.44172586] with unbiased energy -146.69951720995388
Approximate Hessian has condition number >1e6 and cannot be reliably trusted; reverting to default behavior. 
Eigenvalues: [2.61988142e-04 7.44751357e+05]
Approximate Hessian has condition number >1e6 and cannot be reliably trusted; reverting to default behavior. 
Eigenvalues: [1.90896928e-04 4.62939822e+06]
Approximate Hessian has condition number >1e6 and cannot be reliably trusted; reverting to default behavior. 
Eigenvalues: [3.05348032e-04 1.84021087e+03]
Approximate Hessian has condition number >1e6 and cannot be reliably trusted; reverting to default behavior. 
Eigenvalues: [1.24153309e-03 6.04389120e+03]
Approximate Hessian has condition number >1e6 and cannot be reliably trusted; reverting to default behavior. 
Eigenvalues: [4.22302288e-04 1.26607485e+05]
Simulation completed.


Energies of found minima:
Minimum 1: Position = [0.6234994  0.02803776], Energy = -108.16672411685238
Minimum 2: Position = [-0.55822362  1.44172586], Energy = -146.69951720995388

Approximate saddle points between minima:
Saddle 1: Position = [0.47072808 0.84784688], Energy = 36.581560081146755

Computational statistics:
	Total energy calls: 668815
	Energy calls at each min: [1, 5595]
	Total force calls: 668815
	Force calls at each min: [1, 5595]
	Total steps: 705504

Verification against reference:
True minima found: 2/3
Missed minima at positions:
[-0.05001082  0.4666941 ]

Verification against reference (saddles):
True saddles found: 0/2
Missed saddles at positions:
[0.21248658 0.29298833]
[-0.82200156  0.6243128 ]
Starting run 35
Identified minimum at position [0.6234994  0.02803776] with unbiased energy -108.16672411685238
Identified minimum at position [-0.0504384   0.46678391] with unbiased energy -80.76779615939684
Identified minimum at position [-0.55822364  1.44172584] with unbiased energy -146.69951720995402
Simulation completed.


Energies of found minima:
Minimum 1: Position = [0.6234994  0.02803776], Energy = -108.16672411685238
Minimum 2: Position = [-0.0504384   0.46678391], Energy = -80.76779615939684
Minimum 3: Position = [-0.55822364  1.44172584], Energy = -146.69951720995402

Approximate saddle points between minima:
Saddle 1: Position = [0.19169108 0.27761735], Energy = -72.08590771863604
Saddle 2: Position = [-0.75572094  0.73057717], Energy = -38.0563504806951

Computational statistics:
	Total energy calls: 12171
	Energy calls at each min: [1, 1822, 12171]
	Total force calls: 12171
	Force calls at each min: [1, 1822, 12171]
	Total steps: 12792

Verification against reference:
True minima found: 3/3

Verification against reference (saddles):
True saddles found: 1/2
Missed saddles at positions:
[-0.82200156  0.6243128 ]
Starting run 1598
Identified minimum at position [0.6234994  0.02803776] with unbiased energy -108.16672411685238
Identified minimum at position [-0.05014711  0.4667247 ] with unbiased energy -80.76781585317713
Identified minimum at position [-0.55822363  1.44172585] with unbiased energy -146.699517209954
Simulation completed.


Energies of found minima:
Minimum 1: Position = [0.6234994  0.02803776], Energy = -108.16672411685238
Minimum 2: Position = [-0.05014711  0.4667247 ], Energy = -80.76781585317713
Minimum 3: Position = [-0.55822363  1.44172585], Energy = -146.699517209954

Approximate saddle points between minima:
Saddle 1: Position = [0.87521078 0.15832209], Energy = -55.72383611962273
Saddle 2: Position = [0.46944664 0.7343828 ], Energy = 9.528315439126885

Computational statistics:
	Total energy calls: 7027
	Energy calls at each min: [1, 1439, 7027]
	Total force calls: 7027
	Force calls at each min: [1, 1439, 7027]
	Total steps: 7407

Verification against reference:
True minima found: 3/3

Verification against reference (saddles):
True saddles found: 0/2
Missed saddles at positions:
[0.21248658 0.29298833]
[-0.82200156  0.6243128 ]
Starting run 1586
Identified minimum at position [0.6234994  0.02803776] with unbiased energy -108.16672411685238
Identified minimum at position [-0.05001107  0.46669415] with unbiased energy -80.7678181296519
Identified minimum at position [-0.55822365  1.44172583] with unbiased energy -146.6995172099539
Simulation completed.


Energies of found minima:
Minimum 1: Position = [0.6234994  0.02803776], Energy = -108.16672411685238
Minimum 2: Position = [-0.05001107  0.46669415], Energy = -80.7678181296519
Minimum 3: Position = [-0.55822365  1.44172583], Energy = -146.6995172099539

Approximate saddle points between minima:
Saddle 1: Position = [0.11607586 0.1621148 ], Energy = -68.44114656393107
Saddle 2: Position = [-0.83606107  0.43754687], Energy = -33.46913399839487

Computational statistics:
	Total energy calls: 3834
	Energy calls at each min: [1, 427, 3834]
	Total force calls: 3834
	Force calls at each min: [1, 427, 3834]
	Total steps: 4046

Verification against reference:
True minima found: 3/3

Verification against reference (saddles):
True saddles found: 0/2
Missed saddles at positions:
[0.21248658 0.29298833]
[-0.82200156  0.6243128 ]
