Starting run 673
Identified minimum at position [0.6234994  0.02803776] with unbiased energy -108.16672411685238
Identified minimum at position [-0.050014    0.46669543] with unbiased energy -80.767818127808
Identified minimum at position [-0.55822362  1.44172586] with unbiased energy -146.69951720995388
Simulation completed.


Energies of found minima:
Minimum 1: Position = [0.6234994  0.02803776], Energy = -108.16672411685238
Minimum 2: Position = [-0.050014    0.46669543], Energy = -80.767818127808
Minimum 3: Position = [-0.55822362  1.44172586], Energy = -146.69951720995388

Approximate saddle points between minima:
Saddle 1: Position = [0.22974892 0.30816054], Energy = -72.1245211962129
Saddle 2: Position = [-0.7135711   0.67315197], Energy = -38.819086630988366

Computational statistics:
	Total energy calls: 10141
	Energy calls at each min: [1, 1783, 10141]
	Total force calls: 10141
	Force calls at each min: [1, 1783, 10141]
	Total steps: 10659

Verification against reference:
True minima found: 3/3

Verification against reference (saddles):
True saddles found: 1/2
Missed saddles at positions:
[-0.82200156  0.6243128 ]
Starting run 529
Identified minimum at position [0.6234994  0.02803776] with unbiased energy -108.16672411685238
Identified minimum at position [-0.0506997   0.46686087] with unbiased energy -80.76775837875377
Identified minimum at position [-0.55822363  1.44172584] with unbiased energy -146.69951720995402
Simulation completed.


Energies of found minima:
Minimum 1: Position = [0.6234994  0.02803776], Energy = -108.16672411685238
Minimum 2: Position = [-0.0506997   0.46686087], Energy = -80.76775837875377
Minimum 3: Position = [-0.55822363  1.44172584], Energy = -146.69951720995402

Approximate saddle points between minima:
Saddle 1: Position = [0.22458075 0.30982194], Energy = -72.1818744310434
Saddle 2: Position = [-0.7913899   0.49768276], Energy = -40.35374854169766

Computational statistics:
	Total energy calls: 7648
	Energy calls at each min: [1, 1556, 7648]
	Total force calls: 7648
	Force calls at each min: [1, 1556, 7648]
	Total steps: 8050

Verification against reference:
True minima found: 3/3

Verification against reference (saddles):
True saddles found: 1/2
Missed saddles at positions:
[-0.82200156  0.6243128 ]
Starting run 24
Identified minimum at position [0.6234994  0.02803776] with unbiased energy -108.16672411685238
Identified minimum at position [-0.05032368  0.46677872] with unbiased energy -80.7678051876229
Identified minimum at position [-0.55822362  1.44172586] with unbiased energy -146.69951720995388
Simulation completed.


Energies of found minima:
Minimum 1: Position = [0.6234994  0.02803776], Energy = -108.16672411685238
Minimum 2: Position = [-0.05032368  0.46677872], Energy = -80.7678051876229
Minimum 3: Position = [-0.55822362  1.44172586], Energy = -146.69951720995388

Approximate saddle points between minima:
Saddle 1: Position = [0.12184925 0.17011595], Energy = -68.90539337190262
Saddle 2: Position = [-0.77465992  0.66506111], Energy = -39.79050559359057

Computational statistics:
	Total energy calls: 10779
	Energy calls at each min: [1, 1881, 10779]
	Total force calls: 10779
	Force calls at each min: [1, 1881, 10779]
	Total steps: 11320

Verification against reference:
True minima found: 3/3

Verification against reference (saddles):
True saddles found: 0/2
Missed saddles at positions:
[0.21248658 0.29298833]
[-0.82200156  0.6243128 ]
Starting run 464
Identified minimum at position [0.6234994  0.02803776] with unbiased energy -108.16672411685238
Identified minimum at position [-0.0501262   0.46671823] with unbiased energy -80.76781653206221
Identified minimum at position [-0.55822362  1.44172586] with unbiased energy -146.69951720995394
Simulation completed.


Energies of found minima:
Minimum 1: Position = [0.6234994  0.02803776], Energy = -108.16672411685238
Minimum 2: Position = [-0.0501262   0.46671823], Energy = -80.76781653206221
Minimum 3: Position = [-0.55822362  1.44172586], Energy = -146.69951720995394

Approximate saddle points between minima:
Saddle 1: Position = [ 0.89389082 -0.07247039], Energy = -67.18642198619538
Saddle 2: Position = [ 0.1487283 -0.1737282], Energy = -28.568934728510513

Computational statistics:
	Total energy calls: 3666
	Energy calls at each min: [1, 1327, 3666]
	Total force calls: 3666
	Force calls at each min: [1, 1327, 3666]
	Total steps: 3861

Verification against reference:
True minima found: 3/3

Verification against reference (saddles):
True saddles found: 0/2
Missed saddles at positions:
[0.21248658 0.29298833]
[-0.82200156  0.6243128 ]
Starting run 745
Identified minimum at position [0.6234994  0.02803776] with unbiased energy -108.16672411685238
Identified minimum at position [-0.05001111  0.46669417] with unbiased energy -80.76781812964903
Identified minimum at position [-0.55822365  1.44172583] with unbiased energy -146.699517209954
Simulation completed.


Energies of found minima:
Minimum 1: Position = [0.6234994  0.02803776], Energy = -108.16672411685238
Minimum 2: Position = [-0.05001111  0.46669417], Energy = -80.76781812964903
Minimum 3: Position = [-0.55822365  1.44172583], Energy = -146.699517209954

Approximate saddle points between minima:
Saddle 1: Position = [0.12188726 0.12093407], Energy = -68.92416697504547
Saddle 2: Position = [-0.73935025  0.68470737], Energy = -38.5140911390522

Computational statistics:
	Total energy calls: 2303
	Energy calls at each min: [1, 830, 2303]
	Total force calls: 2303
	Force calls at each min: [1, 830, 2303]
	Total steps: 2425

Verification against reference:
True minima found: 3/3

Verification against reference (saddles):
True saddles found: 0/2
Missed saddles at positions:
[0.21248658 0.29298833]
[-0.82200156  0.6243128 ]
Starting run 411
Identified minimum at position [0.6234994  0.02803776] with unbiased energy -108.16672411685238
Identified minimum at position [-0.05012453  0.46671724] with unbiased energy -80.76781658882197
Identified minimum at position [-0.55822366  1.44172582] with unbiased energy -146.69951720995385
Simulation completed.


Energies of found minima:
Minimum 1: Position = [0.6234994  0.02803776], Energy = -108.16672411685238
Minimum 2: Position = [-0.05012453  0.46671724], Energy = -80.76781658882197
Minimum 3: Position = [-0.55822366  1.44172582], Energy = -146.69951720995385

Approximate saddle points between minima:
Saddle 1: Position = [0.21882869 0.32072475], Energy = -72.29785369458449
Saddle 2: Position = [-0.69655126  0.74080388], Energy = -34.635037704794414

Computational statistics:
	Total energy calls: 7321
	Energy calls at each min: [1, 1060, 7321]
	Total force calls: 7321
	Force calls at each min: [1, 1060, 7321]
	Total steps: 7711

Verification against reference:
True minima found: 3/3

Verification against reference (saddles):
True saddles found: 1/2
Missed saddles at positions:
[-0.82200156  0.6243128 ]
Starting run 1428
Identified minimum at position [0.6234994  0.02803776] with unbiased energy -108.16672411685238
Identified minimum at position [-0.05001125  0.46669426] with unbiased energy -80.76781812962976
Identified minimum at position [-0.55822362  1.44172586] with unbiased energy -146.6995172099539
Simulation completed.


Energies of found minima:
Minimum 1: Position = [0.6234994  0.02803776], Energy = -108.16672411685238
Minimum 2: Position = [-0.05001125  0.46669426], Energy = -80.76781812962976
Minimum 3: Position = [-0.55822362  1.44172586], Energy = -146.6995172099539

Approximate saddle points between minima:
Saddle 1: Position = [ 0.17060419 -0.08046255], Energy = -56.07167670849338
Saddle 2: Position = [-0.51590348  0.22954143], Energy = -27.33491190704555

Computational statistics:
	Total energy calls: 6037
	Energy calls at each min: [1, 1306, 6037]
	Total force calls: 6037
	Force calls at each min: [1, 1306, 6037]
	Total steps: 6363

Verification against reference:
True minima found: 3/3

Verification against reference (saddles):
True saddles found: 0/2
Missed saddles at positions:
[0.21248658 0.29298833]
[-0.82200156  0.6243128 ]
Starting run 506
Identified minimum at position [0.6234994  0.02803776] with unbiased energy -108.16672411685238
Identified minimum at position [-0.05004372  0.46670111] with unbiased energy -80.76781799911116
Identified minimum at position [-0.55822361  1.44172586] with unbiased energy -146.6995172099538
Simulation completed.


Energies of found minima:
Minimum 1: Position = [0.6234994  0.02803776], Energy = -108.16672411685238
Minimum 2: Position = [-0.05004372  0.46670111], Energy = -80.76781799911116
Minimum 3: Position = [-0.55822361  1.44172586], Energy = -146.6995172099538

Approximate saddle points between minima:
Saddle 1: Position = [0.14910382 0.1338706 ], Energy = -71.47248841411616
Saddle 2: Position = [-0.75456815  0.66971786], Energy = -39.3623101264012

Computational statistics:
	Total energy calls: 9903
	Energy calls at each min: [1, 2225, 9903]
	Total force calls: 9903
	Force calls at each min: [1, 2225, 9903]
	Total steps: 10415

Verification against reference:
True minima found: 3/3

Verification against reference (saddles):
True saddles found: 0/2
Missed saddles at positions:
[0.21248658 0.29298833]
[-0.82200156  0.6243128 ]
Starting run 889
Identified minimum at position [0.6234994  0.02803776] with unbiased energy -108.16672411685238
Identified minimum at position [-0.05032146  0.4667619 ] with unbiased energy -80.76780640625417
Identified minimum at position [-0.55822364  1.44172584] with unbiased energy -146.699517209954
Simulation completed.


Energies of found minima:
Minimum 1: Position = [0.6234994  0.02803776], Energy = -108.16672411685238
Minimum 2: Position = [-0.05032146  0.4667619 ], Energy = -80.76780640625417
Minimum 3: Position = [-0.55822364  1.44172584], Energy = -146.699517209954

Approximate saddle points between minima:
Saddle 1: Position = [0.22481337 0.30699461], Energy = -72.18065403334035
Saddle 2: Position = [-0.88212131  0.59774448], Energy = -40.115063923910355

Computational statistics:
	Total energy calls: 2178
	Energy calls at each min: [1, 1098, 2178]
	Total force calls: 2178
	Force calls at each min: [1, 1098, 2178]
	Total steps: 2294

Verification against reference:
True minima found: 3/3

Verification against reference (saddles):
True saddles found: 1/2
Missed saddles at positions:
[-0.82200156  0.6243128 ]
