Starting run 334
Identified minimum at position [0.6234994  0.02803776] with unbiased energy -108.16672411685238
Identified minimum at position [-0.05484142  0.46760437] with unbiased energy -80.76508282091828
Identified minimum at position [-0.55822364  1.44172584] with unbiased energy -146.699517209954
Simulation completed.


Energies of found minima:
Minimum 1: Position = [0.6234994  0.02803776], Energy = -108.16672411685238
Minimum 2: Position = [-0.05484142  0.46760437], Energy = -80.76508282091828
Minimum 3: Position = [-0.55822364  1.44172584], Energy = -146.699517209954

Approximate saddle points between minima:
Saddle 1: Position = [0.22310375 0.30487812], Energy = -72.19859601457497
Saddle 2: Position = [-0.1116239   0.04881111], Energy = -40.0824800546953

Computational statistics:
	Total energy calls: 18413
	Energy calls at each min: [1, 2957, 18413]
	Total force calls: 18413
	Force calls at each min: [1, 2957, 18413]
	Total steps: 19325

Verification against reference:
True minima found: 2/3
Missed minima at positions:
[-0.05001082  0.4666941 ]

Verification against reference (saddles):
True saddles found: 1/2
Missed saddles at positions:
[-0.82200156  0.6243128 ]
Starting run 904
Identified minimum at position [0.6234994  0.02803776] with unbiased energy -108.16672411685238
Identified minimum at position [-0.05027345  0.46675794] with unbiased energy -80.76780943253259
Identified minimum at position [-0.55822363  1.44172585] with unbiased energy -146.69951720995402
Simulation completed.


Energies of found minima:
Minimum 1: Position = [0.6234994  0.02803776], Energy = -108.16672411685238
Minimum 2: Position = [-0.05027345  0.46675794], Energy = -80.76780943253259
Minimum 3: Position = [-0.55822363  1.44172585], Energy = -146.69951720995402

Approximate saddle points between minima:
Saddle 1: Position = [0.40463611 0.35785501], Energy = -61.98552017977969
Saddle 2: Position = [-0.04027411 -0.0366455 ], Energy = -39.087821776251026

Computational statistics:
	Total energy calls: 4968
	Energy calls at each min: [1, 1369, 4968]
	Total force calls: 4968
	Force calls at each min: [1, 1369, 4968]
	Total steps: 5239

Verification against reference:
True minima found: 3/3

Verification against reference (saddles):
True saddles found: 0/2
Missed saddles at positions:
[0.21248658 0.29298833]
[-0.82200156  0.6243128 ]
Starting run 788
Identified minimum at position [0.6234994  0.02803776] with unbiased energy -108.16672411685238
Identified minimum at position [-0.05012358  0.46671792] with unbiased energy -80.76781659946698
Identified minimum at position [-0.55822362  1.44172586] with unbiased energy -146.6995172099539
Simulation completed.


Energies of found minima:
Minimum 1: Position = [0.6234994  0.02803776], Energy = -108.16672411685238
Minimum 2: Position = [-0.05012358  0.46671792], Energy = -80.76781659946698
Minimum 3: Position = [-0.55822362  1.44172586], Energy = -146.6995172099539

Approximate saddle points between minima:
Saddle 1: Position = [0.39321726 0.30818524], Energy = -67.07220247698592
Saddle 2: Position = [-0.1153049   0.86270534], Energy = -2.3839753392156844

Computational statistics:
	Total energy calls: 8448
	Energy calls at each min: [1, 916, 8448]
	Total force calls: 8448
	Force calls at each min: [1, 916, 8448]
	Total steps: 8902

Verification against reference:
True minima found: 3/3

Verification against reference (saddles):
True saddles found: 0/2
Missed saddles at positions:
[0.21248658 0.29298833]
[-0.82200156  0.6243128 ]
Starting run 514
Identified minimum at position [0.6234994  0.02803776] with unbiased energy -108.16672411685238
Identified minimum at position [-0.0501098   0.46671628] with unbiased energy -80.76781692978659
Identified minimum at position [-0.55822365  1.44172582] with unbiased energy -146.69951720995385
Simulation completed.


Energies of found minima:
Minimum 1: Position = [0.6234994  0.02803776], Energy = -108.16672411685238
Minimum 2: Position = [-0.0501098   0.46671628], Energy = -80.76781692978659
Minimum 3: Position = [-0.55822365  1.44172582], Energy = -146.69951720995385

Approximate saddle points between minima:
Saddle 1: Position = [0.22111627 0.27979506], Energy = -72.34227873485753
Saddle 2: Position = [-0.30092279  0.21594407], Energy = -40.48289589632586

Computational statistics:
	Total energy calls: 10808
	Energy calls at each min: [1, 720, 10808]
	Total force calls: 10808
	Force calls at each min: [1, 720, 10808]
	Total steps: 11354

Verification against reference:
True minima found: 3/3

Verification against reference (saddles):
True saddles found: 1/2
Missed saddles at positions:
[-0.82200156  0.6243128 ]
Starting run 530
Identified minimum at position [0.6234994  0.02803776] with unbiased energy -108.16672411685238
Identified minimum at position [-0.05002902  0.46669812] with unbiased energy -80.76781808930443
Identified minimum at position [-0.55822362  1.44172585] with unbiased energy -146.69951720995397
Simulation completed.


Energies of found minima:
Minimum 1: Position = [0.6234994  0.02803776], Energy = -108.16672411685238
Minimum 2: Position = [-0.05002902  0.46669812], Energy = -80.76781808930443
Minimum 3: Position = [-0.55822362  1.44172585], Energy = -146.69951720995397

Approximate saddle points between minima:
Saddle 1: Position = [0.17906286 0.25463347], Energy = -71.78100662615904
Saddle 2: Position = [-0.83205292  0.61157328], Energy = -40.59943660885378

Computational statistics:
	Total energy calls: 3958
	Energy calls at each min: [1, 1308, 3958]
	Total force calls: 3958
	Force calls at each min: [1, 1308, 3958]
	Total steps: 4164

Verification against reference:
True minima found: 3/3

Verification against reference (saddles):
True saddles found: 1/2
Missed saddles at positions:
[0.21248658 0.29298833]
Starting run 1368
Identified minimum at position [0.6234994  0.02803776] with unbiased energy -108.16672411685238
Identified minimum at position [-0.05004628  0.46670103] with unbiased energy -80.76781798125717
Identified minimum at position [-0.55822362  1.44172586] with unbiased energy -146.69951720995388
Simulation completed.


Energies of found minima:
Minimum 1: Position = [0.6234994  0.02803776], Energy = -108.16672411685238
Minimum 2: Position = [-0.05004628  0.46670103], Energy = -80.76781798125717
Minimum 3: Position = [-0.55822362  1.44172586], Energy = -146.69951720995388

Approximate saddle points between minima:
Saddle 1: Position = [0.41797969 0.35745878], Energy = -60.88519145422249
Saddle 2: Position = [-0.45899615  0.07795431], Energy = -11.291530017600106

Computational statistics:
	Total energy calls: 11100
	Energy calls at each min: [1, 1904, 11100]
	Total force calls: 11100
	Force calls at each min: [1, 1904, 11100]
	Total steps: 11703

Verification against reference:
True minima found: 3/3

Verification against reference (saddles):
True saddles found: 0/2
Missed saddles at positions:
[0.21248658 0.29298833]
[-0.82200156  0.6243128 ]
Starting run 1103
Identified minimum at position [0.6234994  0.02803776] with unbiased energy -108.16672411685238
Identified minimum at position [-0.05001522  0.46669496] with unbiased energy -80.76781812737644
Identified minimum at position [-0.55822364  1.44172584] with unbiased energy -146.699517209954
Simulation completed.


Energies of found minima:
Minimum 1: Position = [0.6234994  0.02803776], Energy = -108.16672411685238
Minimum 2: Position = [-0.05001522  0.46669496], Energy = -80.76781812737644
Minimum 3: Position = [-0.55822364  1.44172584], Energy = -146.699517209954

Approximate saddle points between minima:
Saddle 1: Position = [0.98558942 0.04291272], Energy = -57.137385768298
Saddle 2: Position = [-0.72225833  0.72332272], Energy = -36.472552897366256

Computational statistics:
	Total energy calls: 3543
	Energy calls at each min: [1, 1818, 3543]
	Total force calls: 3543
	Force calls at each min: [1, 1818, 3543]
	Total steps: 3739

Verification against reference:
True minima found: 3/3

Verification against reference (saddles):
True saddles found: 0/2
Missed saddles at positions:
[0.21248658 0.29298833]
[-0.82200156  0.6243128 ]
Starting run 1264
Identified minimum at position [0.6234994  0.02803776] with unbiased energy -108.16672411685238
Identified minimum at position [-0.05001086  0.46669412] with unbiased energy -80.7678181296588
Identified minimum at position [-0.55822364  1.44172583] with unbiased energy -146.69951720995397
Simulation completed.


Energies of found minima:
Minimum 1: Position = [0.6234994  0.02803776], Energy = -108.16672411685238
Minimum 2: Position = [-0.05001086  0.46669412], Energy = -80.7678181296588
Minimum 3: Position = [-0.55822364  1.44172583], Energy = -146.69951720995397

Approximate saddle points between minima:
Saddle 1: Position = [ 0.98175664 -0.02922104], Energy = -55.81551003144949
Saddle 2: Position = [0.52030526 0.61387431], Energy = -11.639497055313164

Computational statistics:
	Total energy calls: 6709
	Energy calls at each min: [1, 1759, 6709]
	Total force calls: 6709
	Force calls at each min: [1, 1759, 6709]
	Total steps: 7079

Verification against reference:
True minima found: 3/3

Verification against reference (saddles):
True saddles found: 0/2
Missed saddles at positions:
[0.21248658 0.29298833]
[-0.82200156  0.6243128 ]
Starting run 307
Identified minimum at position [0.6234994  0.02803776] with unbiased energy -108.16672411685238
Identified minimum at position [-0.05001244  0.46669454] with unbiased energy -80.767818129315
Identified minimum at position [-0.55822364  1.44172583] with unbiased energy -146.699517209954
Simulation completed.


Energies of found minima:
Minimum 1: Position = [0.6234994  0.02803776], Energy = -108.16672411685238
Minimum 2: Position = [-0.05001244  0.46669454], Energy = -80.767818129315
Minimum 3: Position = [-0.55822364  1.44172583], Energy = -146.699517209954

Approximate saddle points between minima:
Saddle 1: Position = [0.2553045 0.3042172], Energy = -71.82468895248537
Saddle 2: Position = [0.21934485 0.73975183], Energy = -17.28272887171528

Computational statistics:
	Total energy calls: 8264
	Energy calls at each min: [1, 467, 8264]
	Total force calls: 8264
	Force calls at each min: [1, 467, 8264]
	Total steps: 8730

Verification against reference:
True minima found: 3/3

Verification against reference (saddles):
True saddles found: 1/2
Missed saddles at positions:
[-0.82200156  0.6243128 ]
