Starting run 667
Identified minimum at position [0.6234994  0.02803776] with unbiased energy -108.16672411685238
Identified minimum at position [-0.05001158  0.46669427] with unbiased energy -80.76781812958936
Identified minimum at position [-0.55822365  1.44172582] with unbiased energy -146.6995172099539
Simulation completed.


Energies of found minima:
Minimum 1: Position = [0.6234994  0.02803776], Energy = -108.16672411685238
Minimum 2: Position = [-0.05001158  0.46669427], Energy = -80.76781812958936
Minimum 3: Position = [-0.55822365  1.44172582], Energy = -146.6995172099539

Approximate saddle points between minima:
Saddle 1: Position = [0.23196337 0.32121079], Energy = -72.07012705072398
Saddle 2: Position = [-0.83494134  0.63827954], Energy = -40.80376609004816

Computational statistics:
	Total energy calls: 9826
	Energy calls at each min: [1, 1605, 9826]
	Total force calls: 9826
	Force calls at each min: [1, 1605, 9826]
	Total steps: 10334

Verification against reference:
True minima found: 3/3

Verification against reference (saddles):
True saddles found: 2/2
Starting run 528
Identified minimum at position [0.6234994  0.02803776] with unbiased energy -108.16672411685238
Identified minimum at position [-0.05001122  0.4666942 ] with unbiased energy -80.76781812963995
Identified minimum at position [-0.55822364  1.44172583] with unbiased energy -146.69951720995397
Simulation completed.


Energies of found minima:
Minimum 1: Position = [0.6234994  0.02803776], Energy = -108.16672411685238
Minimum 2: Position = [-0.05001122  0.4666942 ], Energy = -80.76781812963995
Minimum 3: Position = [-0.55822364  1.44172583], Energy = -146.69951720995397

Approximate saddle points between minima:
Saddle 1: Position = [0.17285691 0.25176661], Energy = -71.60183522076635
Saddle 2: Position = [-0.61891551  0.71628442], Energy = -34.30514431117119

Computational statistics:
	Total energy calls: 10213
	Energy calls at each min: [1, 1605, 10213]
	Total force calls: 10213
	Force calls at each min: [1, 1605, 10213]
	Total steps: 10752

Verification against reference:
True minima found: 3/3

Verification against reference (saddles):
True saddles found: 0/2
Missed saddles at positions:
[0.21248658 0.29298833]
[-0.82200156  0.6243128 ]
Starting run 554
Identified minimum at position [0.6234994  0.02803776] with unbiased energy -108.16672411685238
Identified minimum at position [-0.05012055  0.46671575] with unbiased energy -80.76781670517569
Identified minimum at position [-0.55822362  1.44172586] with unbiased energy -146.6995172099539
Simulation completed.


Energies of found minima:
Minimum 1: Position = [0.6234994  0.02803776], Energy = -108.16672411685238
Minimum 2: Position = [-0.05012055  0.46671575], Energy = -80.76781670517569
Minimum 3: Position = [-0.55822362  1.44172586], Energy = -146.6995172099539

Approximate saddle points between minima:
Saddle 1: Position = [0.24925802 0.31698049], Energy = -71.74863656985671
Saddle 2: Position = [-0.6907175  0.687566 ], Energy = -37.6579942843232

Computational statistics:
	Total energy calls: 7209
	Energy calls at each min: [1, 1076, 7209]
	Total force calls: 7209
	Force calls at each min: [1, 1076, 7209]
	Total steps: 7584

Verification against reference:
True minima found: 3/3

Verification against reference (saddles):
True saddles found: 1/2
Missed saddles at positions:
[-0.82200156  0.6243128 ]
Starting run 488
Identified minimum at position [0.6234994  0.02803776] with unbiased energy -108.16672411685238
Identified minimum at position [-0.05002565  0.46669715] with unbiased energy -80.76781810340805
Identified minimum at position [-0.55822365  1.44172582] with unbiased energy -146.69951720995388
Simulation completed.


Energies of found minima:
Minimum 1: Position = [0.6234994  0.02803776], Energy = -108.16672411685238
Minimum 2: Position = [-0.05002565  0.46669715], Energy = -80.76781810340805
Minimum 3: Position = [-0.55822365  1.44172582], Energy = -146.69951720995388

Approximate saddle points between minima:
Saddle 1: Position = [0.23988716 0.29004286], Energy = -72.21919996759131
Saddle 2: Position = [-0.84128951  0.63395116], Energy = -40.825123794049155

Computational statistics:
	Total energy calls: 12525
	Energy calls at each min: [1, 2656, 12525]
	Total force calls: 12525
	Force calls at each min: [1, 2656, 12525]
	Total steps: 13144

Verification against reference:
True minima found: 3/3

Verification against reference (saddles):
True saddles found: 2/2
Starting run 160
Identified minimum at position [0.6234994  0.02803776] with unbiased energy -108.16672411685238
Identified minimum at position [-0.05013185  0.4667183 ] with unbiased energy -80.7678163914267
Identified minimum at position [-0.55822363  1.44172584] with unbiased energy -146.699517209954
Simulation completed.


Energies of found minima:
Minimum 1: Position = [0.6234994  0.02803776], Energy = -108.16672411685238
Minimum 2: Position = [-0.05013185  0.4667183 ], Energy = -80.7678163914267
Minimum 3: Position = [-0.55822363  1.44172584], Energy = -146.699517209954

Approximate saddle points between minima:
Saddle 1: Position = [0.28094728 0.37674468], Energy = -69.77374564859457
Saddle 2: Position = [-0.20877236 -0.25904642], Energy = 14.774647230795999

Computational statistics:
	Total energy calls: 9093
	Energy calls at each min: [1, 438, 9093]
	Total force calls: 9093
	Force calls at each min: [1, 438, 9093]
	Total steps: 9577

Verification against reference:
True minima found: 3/3

Verification against reference (saddles):
True saddles found: 0/2
Missed saddles at positions:
[0.21248658 0.29298833]
[-0.82200156  0.6243128 ]
Starting run 982
Identified minimum at position [0.6234994  0.02803776] with unbiased energy -108.16672411685238
Identified minimum at position [-0.05297447  0.46737954] with unbiased energy -80.7667299961658
Identified minimum at position [-0.55822365  1.44172583] with unbiased energy -146.69951720995397
Simulation completed.


Energies of found minima:
Minimum 1: Position = [0.6234994  0.02803776], Energy = -108.16672411685238
Minimum 2: Position = [-0.05297447  0.46737954], Energy = -80.7667299961658
Minimum 3: Position = [-0.55822365  1.44172583], Energy = -146.69951720995397

Approximate saddle points between minima:
Saddle 1: Position = [0.25851088 0.28918183], Energy = -72.13258488199449
Saddle 2: Position = [-0.74891356  0.65716597], Energy = -39.824878485254054

Computational statistics:
	Total energy calls: 13966
	Energy calls at each min: [1, 1913, 13966]
	Total force calls: 13966
	Force calls at each min: [1, 1913, 13966]
	Total steps: 14654

Verification against reference:
True minima found: 2/3
Missed minima at positions:
[-0.05001082  0.4666941 ]

Verification against reference (saddles):
True saddles found: 1/2
Missed saddles at positions:
[-0.82200156  0.6243128 ]
Starting run 362
Identified minimum at position [0.6234994  0.02803776] with unbiased energy -108.16672411685238
Identified minimum at position [-0.05015017  0.46672949] with unbiased energy -80.76781563688728
Approximate Hessian has condition number >1e6 and cannot be reliably trusted; reverting to default behavior. 
Eigenvalues: [2.32930422e-03 4.01457349e+05]
Identified minimum at position [-0.55822365  1.44172582] with unbiased energy -146.69951720995385
Simulation completed.


Energies of found minima:
Minimum 1: Position = [0.6234994  0.02803776], Energy = -108.16672411685238
Minimum 2: Position = [-0.05015017  0.46672949], Energy = -80.76781563688728
Minimum 3: Position = [-0.55822365  1.44172582], Energy = -146.69951720995385

Approximate saddle points between minima:
Saddle 1: Position = [0.27348801 0.30303133], Energy = -71.54704242350397
Saddle 2: Position = [-0.07357967 -0.05880491], Energy = -32.11536384969488

Computational statistics:
	Total energy calls: 12349
	Energy calls at each min: [1, 1866, 12349]
	Total force calls: 12349
	Force calls at each min: [1, 1866, 12349]
	Total steps: 13001

Verification against reference:
True minima found: 3/3

Verification against reference (saddles):
True saddles found: 0/2
Missed saddles at positions:
[0.21248658 0.29298833]
[-0.82200156  0.6243128 ]
Starting run 1340
Identified minimum at position [0.6234994  0.02803776] with unbiased energy -108.16672411685238
Identified minimum at position [-0.05014498  0.46673957] with unbiased energy -80.76781538847123
Identified minimum at position [-0.55822364  1.44172583] with unbiased energy -146.69951720995397
Simulation completed.


Energies of found minima:
Minimum 1: Position = [0.6234994  0.02803776], Energy = -108.16672411685238
Minimum 2: Position = [-0.05014498  0.46673957], Energy = -80.76781538847123
Minimum 3: Position = [-0.55822364  1.44172583], Energy = -146.69951720995397

Approximate saddle points between minima:
Saddle 1: Position = [0.27854916 0.28826076], Energy = -71.97686319053359
Saddle 2: Position = [-0.72452466  0.66236647], Energy = -39.51232161046207

Computational statistics:
	Total energy calls: 7021
	Energy calls at each min: [1, 1730, 7021]
	Total force calls: 7021
	Force calls at each min: [1, 1730, 7021]
	Total steps: 7387

Verification against reference:
True minima found: 3/3

Verification against reference (saddles):
True saddles found: 0/2
Missed saddles at positions:
[0.21248658 0.29298833]
[-0.82200156  0.6243128 ]
Starting run 145
Identified minimum at position [0.6234994  0.02803776] with unbiased energy -108.16672411685238
Identified minimum at position [-0.05001343  0.4666948 ] with unbiased energy -80.76781812876575
Identified minimum at position [-0.55822362  1.44172586] with unbiased energy -146.69951720995394
Simulation completed.


Energies of found minima:
Minimum 1: Position = [0.6234994  0.02803776], Energy = -108.16672411685238
Minimum 2: Position = [-0.05001343  0.4666948 ], Energy = -80.76781812876575
Minimum 3: Position = [-0.55822362  1.44172586], Energy = -146.69951720995394

Approximate saddle points between minima:
Saddle 1: Position = [0.04158965 0.1156291 ], Energy = -60.7241222527658
Saddle 2: Position = [0.30013031 0.77142329], Energy = -1.56248429181246

Computational statistics:
	Total energy calls: 7467
	Energy calls at each min: [1, 1328, 7467]
	Total force calls: 7467
	Force calls at each min: [1, 1328, 7467]
	Total steps: 7889

Verification against reference:
True minima found: 3/3

Verification against reference (saddles):
True saddles found: 0/2
Missed saddles at positions:
[0.21248658 0.29298833]
[-0.82200156  0.6243128 ]
