Starting run 524
Identified minimum at position [0.6234994  0.02803776] with unbiased energy -108.16672411685238
Identified minimum at position [-0.05009983  0.46671858] with unbiased energy -80.76781707342701
Identified minimum at position [-0.55822362  1.44172586] with unbiased energy -146.6995172099539
Simulation completed.


Energies of found minima:
Minimum 1: Position = [0.6234994  0.02803776], Energy = -108.16672411685238
Minimum 2: Position = [-0.05009983  0.46671858], Energy = -80.76781707342701
Minimum 3: Position = [-0.55822362  1.44172586], Energy = -146.6995172099539

Approximate saddle points between minima:
Saddle 1: Position = [0.31535956 0.34204468], Energy = -68.82395096773874
Saddle 2: Position = [0.46465042 0.5506383 ], Energy = -33.52661558961682

Computational statistics:
	Total energy calls: 11901
	Energy calls at each min: [1, 1803, 11901]
	Total force calls: 11901
	Force calls at each min: [1, 1803, 11901]
	Total steps: 12532

Verification against reference:
True minima found: 3/3

Verification against reference (saddles):
True saddles found: 0/2
Missed saddles at positions:
[0.21248658 0.29298833]
[-0.82200156  0.6243128 ]
Starting run 54
Identified minimum at position [0.6234994  0.02803776] with unbiased energy -108.16672411685238
Identified minimum at position [-0.05001221  0.46669448] with unbiased energy -80.76781812940506
Identified minimum at position [-0.55822362  1.44172586] with unbiased energy -146.69951720995394
Simulation completed.


Energies of found minima:
Minimum 1: Position = [0.6234994  0.02803776], Energy = -108.16672411685238
Minimum 2: Position = [-0.05001221  0.46669448], Energy = -80.76781812940506
Minimum 3: Position = [-0.55822362  1.44172586], Energy = -146.69951720995394

Approximate saddle points between minima:
Saddle 1: Position = [0.20906327 0.29450191], Energy = -72.25104647953421
Saddle 2: Position = [-0.87520868  0.6007117 ], Energy = -40.23103169249235

Computational statistics:
	Total energy calls: 6761
	Energy calls at each min: [1, 1403, 6761]
	Total force calls: 6761
	Force calls at each min: [1, 1403, 6761]
	Total steps: 7122

Verification against reference:
True minima found: 3/3

Verification against reference (saddles):
True saddles found: 1/2
Missed saddles at positions:
[-0.82200156  0.6243128 ]
Starting run 431
Identified minimum at position [0.6234994  0.02803776] with unbiased energy -108.16672411685238
Identified minimum at position [-0.05013544  0.46671989] with unbiased energy -80.7678162710476
Identified minimum at position [-0.55822362  1.44172586] with unbiased energy -146.69951720995388
Simulation completed.


Energies of found minima:
Minimum 1: Position = [0.6234994  0.02803776], Energy = -108.16672411685238
Minimum 2: Position = [-0.05013544  0.46671989], Energy = -80.7678162710476
Minimum 3: Position = [-0.55822362  1.44172586], Energy = -146.69951720995388

Approximate saddle points between minima:
Saddle 1: Position = [0.16994276 0.25076686], Energy = -71.51150836795338
Saddle 2: Position = [-0.70647864  0.71459656], Energy = -36.243800257542986

Computational statistics:
	Total energy calls: 6703
	Energy calls at each min: [1, 994, 6703]
	Total force calls: 6703
	Force calls at each min: [1, 994, 6703]
	Total steps: 7064

Verification against reference:
True minima found: 3/3

Verification against reference (saddles):
True saddles found: 0/2
Missed saddles at positions:
[0.21248658 0.29298833]
[-0.82200156  0.6243128 ]
Starting run 797
Identified minimum at position [0.6234994  0.02803776] with unbiased energy -108.16672411685238
Identified minimum at position [-0.05004448  0.4667006 ] with unbiased energy -80.76781799631215
Identified minimum at position [-0.55822363  1.44172585] with unbiased energy -146.699517209954
Simulation completed.


Energies of found minima:
Minimum 1: Position = [0.6234994  0.02803776], Energy = -108.16672411685238
Minimum 2: Position = [-0.05004448  0.4667006 ], Energy = -80.76781799631215
Minimum 3: Position = [-0.55822363  1.44172585], Energy = -146.699517209954

Approximate saddle points between minima:
Saddle 1: Position = [0.381801   0.29114048], Energy = -69.25916753997495
Saddle 2: Position = [1.06967239 0.01832498], Energy = -26.969514805486057

Computational statistics:
	Total energy calls: 3896
	Energy calls at each min: [1, 825, 3896]
	Total force calls: 3896
	Force calls at each min: [1, 825, 3896]
	Total steps: 4113

Verification against reference:
True minima found: 3/3

Verification against reference (saddles):
True saddles found: 0/2
Missed saddles at positions:
[0.21248658 0.29298833]
[-0.82200156  0.6243128 ]
Starting run 1427
Identified minimum at position [0.6234994  0.02803776] with unbiased energy -108.16672411685238
Identified minimum at position [-0.05004659  0.46670111] with unbiased energy -80.76781797857834
Approximate Hessian has condition number >1e6 and cannot be reliably trusted; reverting to default behavior. 
Eigenvalues: [8.01312970e-04 3.53227556e+06]
Identified minimum at position [-0.55822364  1.44172583] with unbiased energy -146.69951720995397
Simulation completed.


Energies of found minima:
Minimum 1: Position = [0.6234994  0.02803776], Energy = -108.16672411685238
Minimum 2: Position = [-0.05004659  0.46670111], Energy = -80.76781797857834
Minimum 3: Position = [-0.55822364  1.44172583], Energy = -146.69951720995397

Approximate saddle points between minima:
Saddle 1: Position = [0.3621937  0.29115894], Energy = -69.95923545281647
Saddle 2: Position = [-0.31779902  0.05924764], Energy = -20.698831298677504

Computational statistics:
	Total energy calls: 6175
	Energy calls at each min: [1, 787, 6175]
	Total force calls: 6175
	Force calls at each min: [1, 787, 6175]
	Total steps: 6520

Verification against reference:
True minima found: 3/3

Verification against reference (saddles):
True saddles found: 0/2
Missed saddles at positions:
[0.21248658 0.29298833]
[-0.82200156  0.6243128 ]
Starting run 433
Identified minimum at position [0.6234994  0.02803776] with unbiased energy -108.16672411685238
Identified minimum at position [-0.0500112  0.4666942] with unbiased energy -80.7678181296409
Identified minimum at position [-0.55822362  1.44172585] with unbiased energy -146.69951720995397
Simulation completed.


Energies of found minima:
Minimum 1: Position = [0.6234994  0.02803776], Energy = -108.16672411685238
Minimum 2: Position = [-0.0500112  0.4666942], Energy = -80.7678181296409
Minimum 3: Position = [-0.55822362  1.44172585], Energy = -146.69951720995397

Approximate saddle points between minima:
Saddle 1: Position = [0.07891243 0.14722878], Energy = -65.10803278637894
Saddle 2: Position = [1.04644126 0.01190417], Energy = -36.74117228720928

Computational statistics:
	Total energy calls: 4496
	Energy calls at each min: [1, 1185, 4496]
	Total force calls: 4496
	Force calls at each min: [1, 1185, 4496]
	Total steps: 4744

Verification against reference:
True minima found: 3/3

Verification against reference (saddles):
True saddles found: 0/2
Missed saddles at positions:
[0.21248658 0.29298833]
[-0.82200156  0.6243128 ]
Starting run 1052
Identified minimum at position [0.6234994  0.02803776] with unbiased energy -108.16672411685238
Identified minimum at position [-0.05001509  0.46669545] with unbiased energy -80.76781812702613
Identified minimum at position [-0.55822365  1.44172582] with unbiased energy -146.69951720995388
Simulation completed.


Energies of found minima:
Minimum 1: Position = [0.6234994  0.02803776], Energy = -108.16672411685238
Minimum 2: Position = [-0.05001509  0.46669545], Energy = -80.76781812702613
Minimum 3: Position = [-0.55822365  1.44172582], Energy = -146.69951720995388

Approximate saddle points between minima:
Saddle 1: Position = [0.2890115  0.29581355], Energy = -71.51876733896711
Saddle 2: Position = [-0.63915476  0.25827876], Energy = -23.519889104764026

Computational statistics:
	Total energy calls: 6638
	Energy calls at each min: [1, 1140, 6638]
	Total force calls: 6638
	Force calls at each min: [1, 1140, 6638]
	Total steps: 6985

Verification against reference:
True minima found: 3/3

Verification against reference (saddles):
True saddles found: 0/2
Missed saddles at positions:
[0.21248658 0.29298833]
[-0.82200156  0.6243128 ]
Starting run 1326
Identified minimum at position [0.6234994  0.02803776] with unbiased energy -108.16672411685238
Identified minimum at position [-0.55822363  1.44172584] with unbiased energy -146.69951720995402
Approximate Hessian has condition number >1e6 and cannot be reliably trusted; reverting to default behavior. 
Eigenvalues: [7.88400968e-04 1.65641272e+06]
Approximate Hessian has condition number >1e6 and cannot be reliably trusted; reverting to default behavior. 
Eigenvalues: [8.83327797e-04 2.91044936e+07]
Approximate Hessian has condition number >1e6 and cannot be reliably trusted; reverting to default behavior. 
Eigenvalues: [1.05553342e-03 1.99718428e+07]
Approximate Hessian has condition number >1e6 and cannot be reliably trusted; reverting to default behavior. 
Eigenvalues: [1.90896075e-03 1.96356789e+05]
Approximate Hessian has condition number >1e6 and cannot be reliably trusted; reverting to default behavior. 
Eigenvalues: [8.32480814e-03 8.46699890e+04]
Approximate Hessian has condition number >1e6 and cannot be reliably trusted; reverting to default behavior. 
Eigenvalues: [3.12549149e-03 6.82349789e+05]
Approximate Hessian has condition number >1e6 and cannot be reliably trusted; reverting to default behavior. 
Eigenvalues: [4.73795818e-04 6.23462327e+02]
Approximate Hessian has condition number >1e6 and cannot be reliably trusted; reverting to default behavior. 
Eigenvalues: [6.45257533e-04 2.27124739e+08]
Approximate Hessian has condition number >1e6 and cannot be reliably trusted; reverting to default behavior. 
Eigenvalues: [5.96128404e-04 5.79242393e+07]
Simulation completed.


Energies of found minima:
Minimum 1: Position = [0.6234994  0.02803776], Energy = -108.16672411685238
Minimum 2: Position = [-0.55822363  1.44172584], Energy = -146.69951720995402

Approximate saddle points between minima:
Saddle 1: Position = [-0.88161792  0.59480915], Energy = -40.013708335148785

Computational statistics:
	Total energy calls: 651472
	Energy calls at each min: [1, 8547]
	Total force calls: 651472
	Force calls at each min: [1, 8547]
	Total steps: 684872

Verification against reference:
True minima found: 2/3
Missed minima at positions:
[-0.05001082  0.4666941 ]

Verification against reference (saddles):
True saddles found: 0/2
Missed saddles at positions:
[0.21248658 0.29298833]
[-0.82200156  0.6243128 ]
Starting run 712
Identified minimum at position [0.6234994  0.02803776] with unbiased energy -108.16672411685238
Identified minimum at position [-0.05002486  0.4666969 ] with unbiased energy -80.76781810629048
Identified minimum at position [-0.55822362  1.44172585] with unbiased energy -146.69951720995397
Simulation completed.


Energies of found minima:
Minimum 1: Position = [0.6234994  0.02803776], Energy = -108.16672411685238
Minimum 2: Position = [-0.05002486  0.4666969 ], Energy = -80.76781810629048
Minimum 3: Position = [-0.55822362  1.44172585], Energy = -146.69951720995397

Approximate saddle points between minima:
Saddle 1: Position = [0.39907251 0.26992174], Energy = -71.03601609543153
Saddle 2: Position = [-0.82763447  0.63428897], Energy = -40.70635834482915

Computational statistics:
	Total energy calls: 3318
	Energy calls at each min: [1, 1246, 3318]
	Total force calls: 3318
	Force calls at each min: [1, 1246, 3318]
	Total steps: 3487

Verification against reference:
True minima found: 3/3

Verification against reference (saddles):
True saddles found: 1/2
Missed saddles at positions:
[0.21248658 0.29298833]
