Starting run 304
Identified minimum at position [0.6234994  0.02803776] with unbiased energy -108.16672411685238
Identified minimum at position [-0.05013795  0.46672098] with unbiased energy -80.76781618409288
Identified minimum at position [-0.55822365  1.44172583] with unbiased energy -146.69951720995394
Simulation completed.


Energies of found minima:
Minimum 1: Position = [0.6234994  0.02803776], Energy = -108.16672411685238
Minimum 2: Position = [-0.05013795  0.46672098], Energy = -80.76781618409288
Minimum 3: Position = [-0.55822365  1.44172583], Energy = -146.69951720995394

Approximate saddle points between minima:
Saddle 1: Position = [ 0.89674266 -0.08787151], Energy = -61.02156046210959
Saddle 2: Position = [0.28617164 0.77842484], Energy = -1.0662030585447013

Computational statistics:
	Total energy calls: 6696
	Energy calls at each min: [1, 1461, 6696]
	Total force calls: 6696
	Force calls at each min: [1, 1461, 6696]
	Total steps: 7050

Verification against reference:
True minima found: 3/3

Verification against reference (saddles):
True saddles found: 0/2
Missed saddles at positions:
[0.21248658 0.29298833]
[-0.82200156  0.6243128 ]
Starting run 728
Identified minimum at position [0.6234994  0.02803776] with unbiased energy -108.16672411685238
Identified minimum at position [-0.05001381  0.46669471] with unbiased energy -80.76781812859824
Identified minimum at position [-0.55822362  1.44172586] with unbiased energy -146.69951720995385
Simulation completed.


Energies of found minima:
Minimum 1: Position = [0.6234994  0.02803776], Energy = -108.16672411685238
Minimum 2: Position = [-0.05001381  0.46669471], Energy = -80.76781812859824
Minimum 3: Position = [-0.55822362  1.44172586], Energy = -146.69951720995385

Approximate saddle points between minima:
Saddle 1: Position = [0.17572364 0.24200073], Energy = -71.6997183247505
Saddle 2: Position = [0.55973578 0.46033792], Energy = -30.819978689197733

Computational statistics:
	Total energy calls: 7452
	Energy calls at each min: [1, 1365, 7452]
	Total force calls: 7452
	Force calls at each min: [1, 1365, 7452]
	Total steps: 7842

Verification against reference:
True minima found: 3/3

Verification against reference (saddles):
True saddles found: 0/2
Missed saddles at positions:
[0.21248658 0.29298833]
[-0.82200156  0.6243128 ]
Starting run 1612
Identified minimum at position [0.6234994  0.02803776] with unbiased energy -108.16672411685238
Identified minimum at position [-0.05002491  0.46669695] with unbiased energy -80.76781810605328
Identified minimum at position [-0.55822362  1.44172586] with unbiased energy -146.6995172099539
Simulation completed.


Energies of found minima:
Minimum 1: Position = [0.6234994  0.02803776], Energy = -108.16672411685238
Minimum 2: Position = [-0.05002491  0.46669695], Energy = -80.76781810605328
Minimum 3: Position = [-0.55822362  1.44172586], Energy = -146.6995172099539

Approximate saddle points between minima:
Saddle 1: Position = [ 0.64320649 -0.13653863], Energy = -67.31107617844646
Saddle 2: Position = [-0.35792579 -0.22581454], Energy = 16.285219189452178

Computational statistics:
	Total energy calls: 9512
	Energy calls at each min: [1, 1115, 9512]
	Total force calls: 9512
	Force calls at each min: [1, 1115, 9512]
	Total steps: 10020

Verification against reference:
True minima found: 3/3

Verification against reference (saddles):
True saddles found: 0/2
Missed saddles at positions:
[0.21248658 0.29298833]
[-0.82200156  0.6243128 ]
Starting run 1215
Identified minimum at position [0.6234994  0.02803776] with unbiased energy -108.16672411685238
Identified minimum at position [-0.05002421  0.46669948] with unbiased energy -80.76781809797934
Identified minimum at position [-0.55822362  1.44172586] with unbiased energy -146.69951720995388
Simulation completed.


Energies of found minima:
Minimum 1: Position = [0.6234994  0.02803776], Energy = -108.16672411685238
Minimum 2: Position = [-0.05002421  0.46669948], Energy = -80.76781809797934
Minimum 3: Position = [-0.55822362  1.44172586], Energy = -146.69951720995388

Approximate saddle points between minima:
Saddle 1: Position = [0.39765112 0.2880866 ], Energy = -68.95270800592476
Saddle 2: Position = [-0.22440424  0.01632164], Energy = -25.24326675875542

Computational statistics:
	Total energy calls: 7862
	Energy calls at each min: [1, 1293, 7862]
	Total force calls: 7862
	Force calls at each min: [1, 1293, 7862]
	Total steps: 8285

Verification against reference:
True minima found: 3/3

Verification against reference (saddles):
True saddles found: 0/2
Missed saddles at positions:
[0.21248658 0.29298833]
[-0.82200156  0.6243128 ]
Starting run 226
Identified minimum at position [0.6234994  0.02803776] with unbiased energy -108.16672411685238
Identified minimum at position [-0.05002572  0.46669714] with unbiased energy -80.76781810321151
Identified minimum at position [-0.55822364  1.44172584] with unbiased energy -146.699517209954
Simulation completed.


Energies of found minima:
Minimum 1: Position = [0.6234994  0.02803776], Energy = -108.16672411685238
Minimum 2: Position = [-0.05002572  0.46669714], Energy = -80.76781810321151
Minimum 3: Position = [-0.55822364  1.44172584], Energy = -146.699517209954

Approximate saddle points between minima:
Saddle 1: Position = [0.21236359 0.29041477], Energy = -72.2501808178979
Saddle 2: Position = [-0.12904958 -0.03642825], Energy = -29.217142106172435

Computational statistics:
	Total energy calls: 7550
	Energy calls at each min: [1, 1265, 7550]
	Total force calls: 7550
	Force calls at each min: [1, 1265, 7550]
	Total steps: 7950

Verification against reference:
True minima found: 3/3

Verification against reference (saddles):
True saddles found: 1/2
Missed saddles at positions:
[-0.82200156  0.6243128 ]
Starting run 408
Identified minimum at position [0.6234994  0.02803776] with unbiased energy -108.16672411685238
Identified minimum at position [-0.55822368  1.44172585] with unbiased energy -146.69951720995041
Approximate Hessian has condition number >1e6 and cannot be reliably trusted; reverting to default behavior. 
Eigenvalues: [3.06095043e-03 1.76583472e+07]
Approximate Hessian has condition number >1e6 and cannot be reliably trusted; reverting to default behavior. 
Eigenvalues: [9.39679914e-04 4.06163124e+06]
Approximate Hessian has condition number >1e6 and cannot be reliably trusted; reverting to default behavior. 
Eigenvalues: [1.42949625e-03 4.04084057e+05]
Approximate Hessian has condition number >1e6 and cannot be reliably trusted; reverting to default behavior. 
Eigenvalues: [1.30816770e-03 2.49729755e+06]
Simulation completed.


Energies of found minima:
Minimum 1: Position = [0.6234994  0.02803776], Energy = -108.16672411685238
Minimum 2: Position = [-0.55822368  1.44172585], Energy = -146.69951720995041

Approximate saddle points between minima:
Saddle 1: Position = [-0.15384888 -0.20641688], Energy = 2.0104654737173533

Computational statistics:
	Total energy calls: 651286
	Energy calls at each min: [1, 11235]
	Total force calls: 651286
	Force calls at each min: [1, 11235]
	Total steps: 686206

Verification against reference:
True minima found: 2/3
Missed minima at positions:
[-0.05001082  0.4666941 ]

Verification against reference (saddles):
True saddles found: 0/2
Missed saddles at positions:
[0.21248658 0.29298833]
[-0.82200156  0.6243128 ]
Starting run 860
Identified minimum at position [0.6234994  0.02803776] with unbiased energy -108.16672411685238
Identified minimum at position [-0.0510813   0.46692478] with unbiased energy -80.7676794080597
Approximate Hessian has condition number >1e6 and cannot be reliably trusted; reverting to default behavior. 
Eigenvalues: [3.45609151e-04 3.38651236e+07]
Identified minimum at position [-0.55822365  1.44172583] with unbiased energy -146.69951720995394
Simulation completed.


Energies of found minima:
Minimum 1: Position = [0.6234994  0.02803776], Energy = -108.16672411685238
Minimum 2: Position = [-0.0510813   0.46692478], Energy = -80.7676794080597
Minimum 3: Position = [-0.55822365  1.44172583], Energy = -146.69951720995394

Approximate saddle points between minima:
Saddle 1: Position = [0.29785097 0.37877195], Energy = -68.7093570481062
Saddle 2: Position = [0.69417331 0.33754229], Energy = -28.169095001535226

Computational statistics:
	Total energy calls: 14991
	Energy calls at each min: [1, 1983, 14991]
	Total force calls: 14991
	Force calls at each min: [1, 1983, 14991]
	Total steps: 15720

Verification against reference:
True minima found: 2/3
Missed minima at positions:
[-0.05001082  0.4666941 ]

Verification against reference (saddles):
True saddles found: 0/2
Missed saddles at positions:
[0.21248658 0.29298833]
[-0.82200156  0.6243128 ]
Starting run 1193
Identified minimum at position [0.6234994  0.02803776] with unbiased energy -108.16672411685238
Identified minimum at position [-0.05099478  0.46691503] with unbiased energy -80.76769943737062
Identified minimum at position [-0.55822364  1.44172584] with unbiased energy -146.699517209954
Simulation completed.


Energies of found minima:
Minimum 1: Position = [0.6234994  0.02803776], Energy = -108.16672411685238
Minimum 2: Position = [-0.05099478  0.46691503], Energy = -80.76769943737062
Minimum 3: Position = [-0.55822364  1.44172584], Energy = -146.699517209954

Approximate saddle points between minima:
Saddle 1: Position = [0.27737466 0.31839162], Energy = -71.0405309395249
Saddle 2: Position = [-0.82064988  0.62896577], Energy = -40.66164412824677

Computational statistics:
	Total energy calls: 5111
	Energy calls at each min: [1, 1546, 5111]
	Total force calls: 5111
	Force calls at each min: [1, 1546, 5111]
	Total steps: 5382

Verification against reference:
True minima found: 2/3
Missed minima at positions:
[-0.05001082  0.4666941 ]

Verification against reference (saddles):
True saddles found: 1/2
Missed saddles at positions:
[0.21248658 0.29298833]
Starting run 1249
Identified minimum at position [0.6234994  0.02803776] with unbiased energy -108.16672411685238
Identified minimum at position [-0.05001293  0.46669468] with unbiased energy -80.76781812907126
Identified minimum at position [-0.55822362  1.44172586] with unbiased energy -146.6995172099539
Simulation completed.


Energies of found minima:
Minimum 1: Position = [0.6234994  0.02803776], Energy = -108.16672411685238
Minimum 2: Position = [-0.05001293  0.46669468], Energy = -80.76781812907126
Minimum 3: Position = [-0.55822362  1.44172586], Energy = -146.6995172099539

Approximate saddle points between minima:
Saddle 1: Position = [ 1.01207412 -0.01011151], Energy = -48.46095424277294
Saddle 2: Position = [-0.83582808  0.46623799], Energy = -35.82210234682057

Computational statistics:
	Total energy calls: 3765
	Energy calls at each min: [1, 1910, 3765]
	Total force calls: 3765
	Force calls at each min: [1, 1910, 3765]
	Total steps: 3966

Verification against reference:
True minima found: 3/3

Verification against reference (saddles):
True saddles found: 0/2
Missed saddles at positions:
[0.21248658 0.29298833]
[-0.82200156  0.6243128 ]
