Starting run 343
Identified minimum at position [0.6234994  0.02803776] with unbiased energy -108.16672411685238
Identified minimum at position [-0.05001382  0.46669488] with unbiased energy -80.767818128497
Identified minimum at position [-0.55822365  1.44172583] with unbiased energy -146.69951720995397
Simulation completed.


Energies of found minima:
Minimum 1: Position = [0.6234994  0.02803776], Energy = -108.16672411685238
Minimum 2: Position = [-0.05001382  0.46669488], Energy = -80.767818128497
Minimum 3: Position = [-0.55822365  1.44172583], Energy = -146.69951720995397

Approximate saddle points between minima:
Saddle 1: Position = [0.21516443 0.28447228], Energy = -72.27640529438796
Saddle 2: Position = [-0.19169355  0.11915918], Energy = -37.92883904714391

Computational statistics:
	Total energy calls: 12328
	Energy calls at each min: [1, 1526, 12328]
	Total force calls: 12328
	Force calls at each min: [1, 1526, 12328]
	Total steps: 12967

Verification against reference:
True minima found: 3/3

Verification against reference (saddles):
True saddles found: 1/2
Missed saddles at positions:
[-0.82200156  0.6243128 ]
Starting run 1038
Identified minimum at position [0.6234994  0.02803776] with unbiased energy -108.16672411685238
Identified minimum at position [-0.05005571  0.46670297] with unbiased energy -80.767817891233
Identified minimum at position [-0.55822365  1.44172582] with unbiased energy -146.6995172099539
Simulation completed.


Energies of found minima:
Minimum 1: Position = [0.6234994  0.02803776], Energy = -108.16672411685238
Minimum 2: Position = [-0.05005571  0.46670297], Energy = -80.767817891233
Minimum 3: Position = [-0.55822365  1.44172582], Energy = -146.6995172099539

Approximate saddle points between minima:
Saddle 1: Position = [0.21045996 0.29017811], Energy = -72.247139632109
Saddle 2: Position = [0.50208971 0.4926982 ], Energy = -36.28321013166436

Computational statistics:
	Total energy calls: 7494
	Energy calls at each min: [1, 949, 7494]
	Total force calls: 7494
	Force calls at each min: [1, 949, 7494]
	Total steps: 7883

Verification against reference:
True minima found: 3/3

Verification against reference (saddles):
True saddles found: 1/2
Missed saddles at positions:
[-0.82200156  0.6243128 ]
Starting run 1134
Identified minimum at position [0.6234994  0.02803776] with unbiased energy -108.16672411685238
Identified minimum at position [-0.05002227  0.46669665] with unbiased energy -80.76781811365845
Identified minimum at position [-0.55822364  1.44172583] with unbiased energy -146.699517209954
Simulation completed.


Energies of found minima:
Minimum 1: Position = [0.6234994  0.02803776], Energy = -108.16672411685238
Minimum 2: Position = [-0.05002227  0.46669665], Energy = -80.76781811365845
Minimum 3: Position = [-0.55822364  1.44172583], Energy = -146.699517209954

Approximate saddle points between minima:
Saddle 1: Position = [0.13414232 0.14628003], Energy = -70.01577327970483
Saddle 2: Position = [-0.8084404   0.60873376], Energy = -40.81041098345337

Computational statistics:
	Total energy calls: 18555
	Energy calls at each min: [1, 3281, 18555]
	Total force calls: 18555
	Force calls at each min: [1, 3281, 18555]
	Total steps: 19479

Verification against reference:
True minima found: 3/3

Verification against reference (saddles):
True saddles found: 1/2
Missed saddles at positions:
[0.21248658 0.29298833]
Starting run 441
Identified minimum at position [0.6234994  0.02803776] with unbiased energy -108.16672411685238
Identified minimum at position [-0.05001521  0.46669511] with unbiased energy -80.76781812728562
Identified minimum at position [-0.55822365  1.44172582] with unbiased energy -146.69951720995385
Simulation completed.


Energies of found minima:
Minimum 1: Position = [0.6234994  0.02803776], Energy = -108.16672411685238
Minimum 2: Position = [-0.05001521  0.46669511], Energy = -80.76781812728562
Minimum 3: Position = [-0.55822365  1.44172582], Energy = -146.69951720995385

Approximate saddle points between minima:
Saddle 1: Position = [0.33599121 0.33330673], Energy = -68.17232863009077
Saddle 2: Position = [-0.69187764  0.33955704], Energy = -32.49457517673248

Computational statistics:
	Total energy calls: 4015
	Energy calls at each min: [1, 1228, 4015]
	Total force calls: 4015
	Force calls at each min: [1, 1228, 4015]
	Total steps: 4230

Verification against reference:
True minima found: 3/3

Verification against reference (saddles):
True saddles found: 0/2
Missed saddles at positions:
[0.21248658 0.29298833]
[-0.82200156  0.6243128 ]
Starting run 787
Identified minimum at position [0.6234994  0.02803776] with unbiased energy -108.16672411685238
Identified minimum at position [-0.05005663  0.46670336] with unbiased energy -80.76781787997712
Identified minimum at position [-0.55822365  1.44172583] with unbiased energy -146.69951720995388
Simulation completed.


Energies of found minima:
Minimum 1: Position = [0.6234994  0.02803776], Energy = -108.16672411685238
Minimum 2: Position = [-0.05005663  0.46670336], Energy = -80.76781787997712
Minimum 3: Position = [-0.55822365  1.44172583], Energy = -146.69951720995388

Approximate saddle points between minima:
Saddle 1: Position = [0.0865188  0.25435798], Energy = -68.64013558262997
Saddle 2: Position = [-0.27806158  0.10898623], Energy = -29.139931468928037

Computational statistics:
	Total energy calls: 4709
	Energy calls at each min: [1, 1004, 4709]
	Total force calls: 4709
	Force calls at each min: [1, 1004, 4709]
	Total steps: 4957

Verification against reference:
True minima found: 3/3

Verification against reference (saddles):
True saddles found: 0/2
Missed saddles at positions:
[0.21248658 0.29298833]
[-0.82200156  0.6243128 ]
Starting run 111
Identified minimum at position [0.6234994  0.02803776] with unbiased energy -108.16672411685238
Identified minimum at position [-0.050039    0.46670169] with unbiased energy -80.76781802491281
Identified minimum at position [-0.55822362  1.44172586] with unbiased energy -146.69951720995394
Simulation completed.


Energies of found minima:
Minimum 1: Position = [0.6234994  0.02803776], Energy = -108.16672411685238
Minimum 2: Position = [-0.050039    0.46670169], Energy = -80.76781802491281
Minimum 3: Position = [-0.55822362  1.44172586], Energy = -146.69951720995394

Approximate saddle points between minima:
Saddle 1: Position = [0.97195257 0.03025997], Energy = -62.39428770462857
Saddle 2: Position = [-0.74216616  0.65868598], Energy = -39.73570584592097

Computational statistics:
	Total energy calls: 4385
	Energy calls at each min: [1, 1459, 4385]
	Total force calls: 4385
	Force calls at each min: [1, 1459, 4385]
	Total steps: 4627

Verification against reference:
True minima found: 3/3

Verification against reference (saddles):
True saddles found: 0/2
Missed saddles at positions:
[0.21248658 0.29298833]
[-0.82200156  0.6243128 ]
Starting run 522
Identified minimum at position [0.6234994  0.02803776] with unbiased energy -108.16672411685238
Identified minimum at position [-0.05001237  0.46669447] with unbiased energy -80.76781812936181
Identified minimum at position [-0.55822365  1.44172582] with unbiased energy -146.69951720995388
Simulation completed.


Energies of found minima:
Minimum 1: Position = [0.6234994  0.02803776], Energy = -108.16672411685238
Minimum 2: Position = [-0.05001237  0.46669447], Energy = -80.76781812936181
Minimum 3: Position = [-0.55822365  1.44172582], Energy = -146.69951720995388

Approximate saddle points between minima:
Saddle 1: Position = [0.19616002 0.28473121], Energy = -72.16484887570059
Saddle 2: Position = [-0.83695267  0.49701711], Energy = -37.68031580458641

Computational statistics:
	Total energy calls: 9434
	Energy calls at each min: [1, 1702, 9434]
	Total force calls: 9434
	Force calls at each min: [1, 1702, 9434]
	Total steps: 9935

Verification against reference:
True minima found: 3/3

Verification against reference (saddles):
True saddles found: 1/2
Missed saddles at positions:
[-0.82200156  0.6243128 ]
Starting run 1591
Identified minimum at position [0.6234994  0.02803776] with unbiased energy -108.16672411685238
Identified minimum at position [-0.05001116  0.4666942 ] with unbiased energy -80.76781812964416
Identified minimum at position [-0.55822362  1.44172586] with unbiased energy -146.69951720995388
Simulation completed.


Energies of found minima:
Minimum 1: Position = [0.6234994  0.02803776], Energy = -108.16672411685238
Minimum 2: Position = [-0.05001116  0.4666942 ], Energy = -80.76781812964416
Minimum 3: Position = [-0.55822362  1.44172586], Energy = -146.69951720995388

Approximate saddle points between minima:
Saddle 1: Position = [0.04639809 0.22942798], Energy = -65.41968357212285
Saddle 2: Position = [0.88398051 0.24442141], Energy = -18.17246280367145

Computational statistics:
	Total energy calls: 7859
	Energy calls at each min: [1, 811, 7859]
	Total force calls: 7859
	Force calls at each min: [1, 811, 7859]
	Total steps: 8283

Verification against reference:
True minima found: 3/3

Verification against reference (saddles):
True saddles found: 0/2
Missed saddles at positions:
[0.21248658 0.29298833]
[-0.82200156  0.6243128 ]
Starting run 427
Identified minimum at position [0.6234994  0.02803776] with unbiased energy -108.16672411685238
Identified minimum at position [-0.05005665  0.46670336] with unbiased energy -80.76781787982067
Identified minimum at position [-0.55822362  1.44172586] with unbiased energy -146.69951720995388
Simulation completed.


Energies of found minima:
Minimum 1: Position = [0.6234994  0.02803776], Energy = -108.16672411685238
Minimum 2: Position = [-0.05005665  0.46670336], Energy = -80.76781787982067
Minimum 3: Position = [-0.55822362  1.44172586], Energy = -146.69951720995388

Approximate saddle points between minima:
Saddle 1: Position = [ 0.9132896  -0.07043623], Energy = -63.623476535402474
Saddle 2: Position = [-0.80820747  0.66111   ], Energy = -40.44647600125538

Computational statistics:
	Total energy calls: 2659
	Energy calls at each min: [1, 1585, 2659]
	Total force calls: 2659
	Force calls at each min: [1, 1585, 2659]
	Total steps: 2799

Verification against reference:
True minima found: 3/3

Verification against reference (saddles):
True saddles found: 1/2
Missed saddles at positions:
[0.21248658 0.29298833]
