Starting run 1608
Identified minimum at position [0.6234994  0.02803776] with unbiased energy -108.16672411685238
Identified minimum at position [-0.05001117  0.4666942 ] with unbiased energy -80.76781812964323
Identified minimum at position [-0.55822362  1.44172586] with unbiased energy -146.69951720995388
Simulation completed.


Energies of found minima:
Minimum 1: Position = [0.6234994  0.02803776], Energy = -108.16672411685238
Minimum 2: Position = [-0.05001117  0.4666942 ], Energy = -80.76781812964323
Minimum 3: Position = [-0.55822362  1.44172586], Energy = -146.69951720995388

Approximate saddle points between minima:
Saddle 1: Position = [0.96485488 0.10087798], Energy = -51.92751001489037
Saddle 2: Position = [-0.94794938  0.47126076], Energy = -30.43958435609926

Computational statistics:
	Total energy calls: 2853
	Energy calls at each min: [1, 1184, 2853]
	Total force calls: 2853
	Force calls at each min: [1, 1184, 2853]
	Total steps: 3004

Verification against reference:
True minima found: 3/3

Verification against reference (saddles):
True saddles found: 0/2
Missed saddles at positions:
[0.21248658 0.29298833]
[-0.82200156  0.6243128 ]
Starting run 1595
Identified minimum at position [0.6234994  0.02803776] with unbiased energy -108.16672411685238
Identified minimum at position [-0.05002688  0.46669786] with unbiased energy -80.76781809762123
Identified minimum at position [-0.55822362  1.44172585] with unbiased energy -146.69951720995394
Simulation completed.


Energies of found minima:
Minimum 1: Position = [0.6234994  0.02803776], Energy = -108.16672411685238
Minimum 2: Position = [-0.05002688  0.46669786], Energy = -80.76781809762123
Minimum 3: Position = [-0.55822362  1.44172585], Energy = -146.69951720995394

Approximate saddle points between minima:
Saddle 1: Position = [ 0.14955502 -0.02987689], Energy = -63.008747654544955
Saddle 2: Position = [ 0.14050672 -0.17298361], Energy = -28.119782391361205

Computational statistics:
	Total energy calls: 5597
	Energy calls at each min: [1, 1133, 5597]
	Total force calls: 5597
	Force calls at each min: [1, 1133, 5597]
	Total steps: 5897

Verification against reference:
True minima found: 3/3

Verification against reference (saddles):
True saddles found: 0/2
Missed saddles at positions:
[0.21248658 0.29298833]
[-0.82200156  0.6243128 ]
Starting run 824
Identified minimum at position [0.6234994  0.02803776] with unbiased energy -108.16672411685238
Identified minimum at position [-0.05032921  0.46683075] with unbiased energy -80.76779894041474
Identified minimum at position [-0.55822362  1.44172586] with unbiased energy -146.6995172099539
Simulation completed.


Energies of found minima:
Minimum 1: Position = [0.6234994  0.02803776], Energy = -108.16672411685238
Minimum 2: Position = [-0.05032921  0.46683075], Energy = -80.76779894041474
Minimum 3: Position = [-0.55822362  1.44172586], Energy = -146.6995172099539

Approximate saddle points between minima:
Saddle 1: Position = [0.28246939 0.33193746], Energy = -70.55058151873007
Saddle 2: Position = [-0.77030643  0.65300681], Energy = -40.076625057319504

Computational statistics:
	Total energy calls: 16255
	Energy calls at each min: [1, 1858, 16255]
	Total force calls: 16255
	Force calls at each min: [1, 1858, 16255]
	Total steps: 17050

Verification against reference:
True minima found: 3/3

Verification against reference (saddles):
True saddles found: 0/2
Missed saddles at positions:
[0.21248658 0.29298833]
[-0.82200156  0.6243128 ]
Starting run 1220
Identified minimum at position [0.6234994  0.02803776] with unbiased energy -108.16672411685238
Identified minimum at position [-0.05015149  0.46673044] with unbiased energy -80.76781557009011
Identified minimum at position [-0.55822364  1.44172584] with unbiased energy -146.69951720995402
Simulation completed.


Energies of found minima:
Minimum 1: Position = [0.6234994  0.02803776], Energy = -108.16672411685238
Minimum 2: Position = [-0.05015149  0.46673044], Energy = -80.76781557009011
Minimum 3: Position = [-0.55822364  1.44172584], Energy = -146.69951720995402

Approximate saddle points between minima:
Saddle 1: Position = [ 0.76293549 -0.12681103], Energy = -64.51955727567129
Saddle 2: Position = [-0.47192169  0.23527317], Energy = -31.340625011241926

Computational statistics:
	Total energy calls: 8549
	Energy calls at each min: [1, 1514, 8549]
	Total force calls: 8549
	Force calls at each min: [1, 1514, 8549]
	Total steps: 9001

Verification against reference:
True minima found: 3/3

Verification against reference (saddles):
True saddles found: 0/2
Missed saddles at positions:
[0.21248658 0.29298833]
[-0.82200156  0.6243128 ]
Starting run 1043
Identified minimum at position [0.6234994  0.02803776] with unbiased energy -108.16672411685238
Identified minimum at position [-0.0501309   0.46671782] with unbiased energy -80.76781642345563
Identified minimum at position [-0.55822364  1.44172583] with unbiased energy -146.69951720995397
Simulation completed.


Energies of found minima:
Minimum 1: Position = [0.6234994  0.02803776], Energy = -108.16672411685238
Minimum 2: Position = [-0.0501309   0.46671782], Energy = -80.76781642345563
Minimum 3: Position = [-0.55822364  1.44172583], Energy = -146.69951720995397

Approximate saddle points between minima:
Saddle 1: Position = [ 0.49598168 -0.12353064], Energy = -71.35978714821641
Saddle 2: Position = [-0.87637673  0.51302748], Energy = -36.642023572737514

Computational statistics:
	Total energy calls: 5121
	Energy calls at each min: [1, 1387, 5121]
	Total force calls: 5121
	Force calls at each min: [1, 1387, 5121]
	Total steps: 5389

Verification against reference:
True minima found: 3/3

Verification against reference (saddles):
True saddles found: 0/2
Missed saddles at positions:
[0.21248658 0.29298833]
[-0.82200156  0.6243128 ]
Starting run 205
Identified minimum at position [0.6234994  0.02803776] with unbiased energy -108.16672411685238
Identified minimum at position [-0.05001352  0.46669483] with unbiased energy -80.7678181287025
Identified minimum at position [-0.55822362  1.44172585] with unbiased energy -146.69951720995394
Simulation completed.


Energies of found minima:
Minimum 1: Position = [0.6234994  0.02803776], Energy = -108.16672411685238
Minimum 2: Position = [-0.05001352  0.46669483], Energy = -80.7678181287025
Minimum 3: Position = [-0.55822362  1.44172585], Energy = -146.69951720995394

Approximate saddle points between minima:
Saddle 1: Position = [0.54151552 0.24249503], Energy = -69.75100943071055
Saddle 2: Position = [-0.85698124  0.60766462], Energy = -40.453427896221505

Computational statistics:
	Total energy calls: 2781
	Energy calls at each min: [1, 1912, 2781]
	Total force calls: 2781
	Force calls at each min: [1, 1912, 2781]
	Total steps: 2925

Verification against reference:
True minima found: 3/3

Verification against reference (saddles):
True saddles found: 1/2
Missed saddles at positions:
[0.21248658 0.29298833]
Starting run 1524
Identified minimum at position [0.6234994  0.02803776] with unbiased energy -108.16672411685238
Identified minimum at position [-0.05005773  0.46670366] with unbiased energy -80.76781786740705
Identified minimum at position [-0.55822362  1.44172586] with unbiased energy -146.69951720995388
Simulation completed.


Energies of found minima:
Minimum 1: Position = [0.6234994  0.02803776], Energy = -108.16672411685238
Minimum 2: Position = [-0.05005773  0.46670366], Energy = -80.76781786740705
Minimum 3: Position = [-0.55822362  1.44172586], Energy = -146.69951720995388

Approximate saddle points between minima:
Saddle 1: Position = [0.19383001 0.29241672], Energy = -72.20907413207144
Saddle 2: Position = [-0.76158881  0.37329484], Energy = -31.854982444245184

Computational statistics:
	Total energy calls: 4635
	Energy calls at each min: [1, 1248, 4635]
	Total force calls: 4635
	Force calls at each min: [1, 1248, 4635]
	Total steps: 4877

Verification against reference:
True minima found: 3/3

Verification against reference (saddles):
True saddles found: 1/2
Missed saddles at positions:
[-0.82200156  0.6243128 ]
Starting run 749
Identified minimum at position [0.6234994  0.02803776] with unbiased energy -108.16672411685238
Identified minimum at position [-0.05028733  0.46687891] with unbiased energy -80.76779176636269
Identified minimum at position [-0.55822362  1.44172586] with unbiased energy -146.69951720995385
Simulation completed.


Energies of found minima:
Minimum 1: Position = [0.6234994  0.02803776], Energy = -108.16672411685238
Minimum 2: Position = [-0.05028733  0.46687891], Energy = -80.76779176636269
Minimum 3: Position = [-0.55822362  1.44172586], Energy = -146.69951720995385

Approximate saddle points between minima:
Saddle 1: Position = [0.30906172 0.3125668 ], Energy = -70.28936222916377
Saddle 2: Position = [ 1.01614342 -0.12193579], Energy = -12.71719083433669

Computational statistics:
	Total energy calls: 6533
	Energy calls at each min: [1, 908, 6533]
	Total force calls: 6533
	Force calls at each min: [1, 908, 6533]
	Total steps: 6879

Verification against reference:
True minima found: 3/3

Verification against reference (saddles):
True saddles found: 0/2
Missed saddles at positions:
[0.21248658 0.29298833]
[-0.82200156  0.6243128 ]
Starting run 1346
Identified minimum at position [0.6234994  0.02803776] with unbiased energy -108.16672411685238
Identified minimum at position [-0.05040574  0.46677524] with unbiased energy -80.76779949672311
Identified minimum at position [-0.55822196  1.44172785] with unbiased energy -146.69951720844426
Simulation completed.


Energies of found minima:
Minimum 1: Position = [0.6234994  0.02803776], Energy = -108.16672411685238
Minimum 2: Position = [-0.05040574  0.46677524], Energy = -80.76779949672311
Minimum 3: Position = [-0.55822196  1.44172785], Energy = -146.69951720844426

Approximate saddle points between minima:
Saddle 1: Position = [0.09148495 0.18095321], Energy = -66.67767040057275
Saddle 2: Position = [-0.54432313  0.30023457], Energy = -37.210920125291054

Computational statistics:
	Total energy calls: 10234
	Energy calls at each min: [1, 1601, 10234]
	Total force calls: 10234
	Force calls at each min: [1, 1601, 10234]
	Total steps: 10777

Verification against reference:
True minima found: 3/3

Verification against reference (saddles):
True saddles found: 0/2
Missed saddles at positions:
[0.21248658 0.29298833]
[-0.82200156  0.6243128 ]
