Starting run 177
Identified minimum at position [0.6234994  0.02803776] with unbiased energy -108.16672411685238
Identified minimum at position [-0.05313377  0.46701985] with unbiased energy -80.76672700727724
Identified minimum at position [-0.55822364  1.44172584] with unbiased energy -146.69951720995402
Simulation completed.


Energies of found minima:
Minimum 1: Position = [0.6234994  0.02803776], Energy = -108.16672411685238
Minimum 2: Position = [-0.05313377  0.46701985], Energy = -80.76672700727724
Minimum 3: Position = [-0.55822364  1.44172584], Energy = -146.69951720995402

Approximate saddle points between minima:
Saddle 1: Position = [0.1233686  0.27816011], Energy = -70.8657980987964
Saddle 2: Position = [0.36421089 0.59899276], Energy = -38.61009279986202

Computational statistics:
	Total energy calls: 16377
	Energy calls at each min: [1, 2269, 16377]
	Total force calls: 16377
	Force calls at each min: [1, 2269, 16377]
	Total steps: 17192

Verification against reference:
True minima found: 2/3
Missed minima at positions:
[-0.05001082  0.4666941 ]

Verification against reference (saddles):
True saddles found: 0/2
Missed saddles at positions:
[0.21248658 0.29298833]
[-0.82200156  0.6243128 ]
Starting run 1381
Identified minimum at position [0.6234994  0.02803776] with unbiased energy -108.16672411685238
Identified minimum at position [-0.05007003  0.46670962] with unbiased energy -80.7678176732087
Identified minimum at position [-0.55822366  1.44172582] with unbiased energy -146.69951720995383
Simulation completed.


Energies of found minima:
Minimum 1: Position = [0.6234994  0.02803776], Energy = -108.16672411685238
Minimum 2: Position = [-0.05007003  0.46670962], Energy = -80.7678176732087
Minimum 3: Position = [-0.55822366  1.44172582], Energy = -146.69951720995383

Approximate saddle points between minima:
Saddle 1: Position = [0.14235332 0.21173514], Energy = -70.2507717223785
Saddle 2: Position = [0.47843687 0.53671552], Energy = -33.64658123815416

Computational statistics:
	Total energy calls: 8401
	Energy calls at each min: [1, 991, 8401]
	Total force calls: 8401
	Force calls at each min: [1, 991, 8401]
	Total steps: 8847

Verification against reference:
True minima found: 3/3

Verification against reference (saddles):
True saddles found: 0/2
Missed saddles at positions:
[0.21248658 0.29298833]
[-0.82200156  0.6243128 ]
Starting run 412
Identified minimum at position [0.6234994  0.02803776] with unbiased energy -108.16672411685238
Identified minimum at position [-0.05013484  0.46671977] with unbiased energy -80.7678162887524
Identified minimum at position [-0.55822365  1.44172583] with unbiased energy -146.69951720995388
Simulation completed.


Energies of found minima:
Minimum 1: Position = [0.6234994  0.02803776], Energy = -108.16672411685238
Minimum 2: Position = [-0.05013484  0.46671977], Energy = -80.7678162887524
Minimum 3: Position = [-0.55822365  1.44172583], Energy = -146.69951720995388

Approximate saddle points between minima:
Saddle 1: Position = [ 0.83988745 -0.10717608], Energy = -63.57799384829319
Saddle 2: Position = [-0.0862779 -0.064334 ], Energy = -29.89282980119429

Computational statistics:
	Total energy calls: 6845
	Energy calls at each min: [1, 1468, 6845]
	Total force calls: 6845
	Force calls at each min: [1, 1468, 6845]
	Total steps: 7201

Verification against reference:
True minima found: 3/3

Verification against reference (saddles):
True saddles found: 0/2
Missed saddles at positions:
[0.21248658 0.29298833]
[-0.82200156  0.6243128 ]
Starting run 983
Identified minimum at position [0.6234994  0.02803776] with unbiased energy -108.16672411685238
Identified minimum at position [-0.05191007  0.46760069] with unbiased energy -80.76704523936941
Identified minimum at position [-0.55822365  1.44172582] with unbiased energy -146.69951720995385
Simulation completed.


Energies of found minima:
Minimum 1: Position = [0.6234994  0.02803776], Energy = -108.16672411685238
Minimum 2: Position = [-0.05191007  0.46760069], Energy = -80.76704523936941
Minimum 3: Position = [-0.55822365  1.44172582], Energy = -146.69951720995385

Approximate saddle points between minima:
Saddle 1: Position = [0.25490262 0.32840659], Energy = -71.49577775855968
Saddle 2: Position = [-0.7968996   0.64118815], Energy = -40.48259120458461

Computational statistics:
	Total energy calls: 12492
	Energy calls at each min: [1, 2844, 12492]
	Total force calls: 12492
	Force calls at each min: [1, 2844, 12492]
	Total steps: 13100

Verification against reference:
True minima found: 2/3
Missed minima at positions:
[-0.05001082  0.4666941 ]

Verification against reference (saddles):
True saddles found: 1/2
Missed saddles at positions:
[0.21248658 0.29298833]
Starting run 814
Identified minimum at position [0.6234994  0.02803776] with unbiased energy -108.16672411685238
Identified minimum at position [-0.05004182  0.46670035] with unbiased energy -80.76781801544152
Identified minimum at position [-0.55822362  1.44172585] with unbiased energy -146.69951720995394
Simulation completed.


Energies of found minima:
Minimum 1: Position = [0.6234994  0.02803776], Energy = -108.16672411685238
Minimum 2: Position = [-0.05004182  0.46670035], Energy = -80.76781801544152
Minimum 3: Position = [-0.55822362  1.44172585], Energy = -146.69951720995394

Approximate saddle points between minima:
Saddle 1: Position = [0.15847461 0.22175056], Energy = -71.06589338505529
Saddle 2: Position = [-0.84415155  0.62560505], Energy = -40.737748757510076

Computational statistics:
	Total energy calls: 15206
	Energy calls at each min: [1, 2743, 15206]
	Total force calls: 15206
	Force calls at each min: [1, 2743, 15206]
	Total steps: 15949

Verification against reference:
True minima found: 3/3

Verification against reference (saddles):
True saddles found: 1/2
Missed saddles at positions:
[0.21248658 0.29298833]
Starting run 796
Identified minimum at position [0.6234994  0.02803776] with unbiased energy -108.16672411685238
Identified minimum at position [-0.05010589  0.46671201] with unbiased energy -80.7678170709626
Identified minimum at position [-0.55822364  1.44172583] with unbiased energy -146.69951720995397
Simulation completed.


Energies of found minima:
Minimum 1: Position = [0.6234994  0.02803776], Energy = -108.16672411685238
Minimum 2: Position = [-0.05010589  0.46671201], Energy = -80.7678170709626
Minimum 3: Position = [-0.55822364  1.44172583], Energy = -146.69951720995397

Approximate saddle points between minima:
Saddle 1: Position = [0.08357125 0.07756447], Energy = -64.00207290012048
Saddle 2: Position = [-0.90812533  0.43121814], Energy = -28.452335339323895

Computational statistics:
	Total energy calls: 3014
	Energy calls at each min: [1, 793, 3014]
	Total force calls: 3014
	Force calls at each min: [1, 793, 3014]
	Total steps: 3181

Verification against reference:
True minima found: 3/3

Verification against reference (saddles):
True saddles found: 0/2
Missed saddles at positions:
[0.21248658 0.29298833]
[-0.82200156  0.6243128 ]
Starting run 313
Identified minimum at position [0.6234994  0.02803776] with unbiased energy -108.16672411685238
Identified minimum at position [-0.05054767  0.46682287] with unbiased energy -80.76778197155433
Identified minimum at position [-0.55822362  1.44172586] with unbiased energy -146.69951720995385
Simulation completed.


Energies of found minima:
Minimum 1: Position = [0.6234994  0.02803776], Energy = -108.16672411685238
Minimum 2: Position = [-0.05054767  0.46682287], Energy = -80.76778197155433
Minimum 3: Position = [-0.55822362  1.44172586], Energy = -146.69951720995385

Approximate saddle points between minima:
Saddle 1: Position = [0.18291822 0.26450899], Energy = -71.89068101084882
Saddle 2: Position = [-0.40395559  0.11335276], Energy = -19.26377933828355

Computational statistics:
	Total energy calls: 5178
	Energy calls at each min: [1, 483, 5178]
	Total force calls: 5178
	Force calls at each min: [1, 483, 5178]
	Total steps: 5461

Verification against reference:
True minima found: 3/3

Verification against reference (saddles):
True saddles found: 1/2
Missed saddles at positions:
[-0.82200156  0.6243128 ]
Starting run 612
Identified minimum at position [0.6234994  0.02803776] with unbiased energy -108.16672411685238
Identified minimum at position [-0.05001169  0.46669433] with unbiased energy -80.76781812956281
Identified minimum at position [-0.55822362  1.44172585] with unbiased energy -146.69951720995394
Simulation completed.


Energies of found minima:
Minimum 1: Position = [0.6234994  0.02803776], Energy = -108.16672411685238
Minimum 2: Position = [-0.05001169  0.46669433], Energy = -80.76781812956281
Minimum 3: Position = [-0.55822362  1.44172585], Energy = -146.69951720995394

Approximate saddle points between minima:
Saddle 1: Position = [0.9387978  0.01467737], Energy = -72.07898768673186
Saddle 2: Position = [-0.74426956  0.66687651], Energy = -39.36684760966529

Computational statistics:
	Total energy calls: 3411
	Energy calls at each min: [1, 1094, 3411]
	Total force calls: 3411
	Force calls at each min: [1, 1094, 3411]
	Total steps: 3599

Verification against reference:
True minima found: 3/3

Verification against reference (saddles):
True saddles found: 0/2
Missed saddles at positions:
[0.21248658 0.29298833]
[-0.82200156  0.6243128 ]
Starting run 1578
Identified minimum at position [0.6234994  0.02803776] with unbiased energy -108.16672411685238
Identified minimum at position [-0.05005568  0.46670296] with unbiased energy -80.76781789160907
Identified minimum at position [-0.55822364  1.44172584] with unbiased energy -146.699517209954
Simulation completed.


Energies of found minima:
Minimum 1: Position = [0.6234994  0.02803776], Energy = -108.16672411685238
Minimum 2: Position = [-0.05005568  0.46670296], Energy = -80.76781789160907
Minimum 3: Position = [-0.55822364  1.44172584], Energy = -146.699517209954

Approximate saddle points between minima:
Saddle 1: Position = [ 0.43566108 -0.14785204], Energy = -58.72947512404676
Saddle 2: Position = [0.42889635 0.65224262], Energy = -17.44471010020532

Computational statistics:
	Total energy calls: 8068
	Energy calls at each min: [1, 1699, 8068]
	Total force calls: 8068
	Force calls at each min: [1, 1699, 8068]
	Total steps: 8491

Verification against reference:
True minima found: 3/3

Verification against reference (saddles):
True saddles found: 0/2
Missed saddles at positions:
[0.21248658 0.29298833]
[-0.82200156  0.6243128 ]
