Starting run 1313
Identified minimum at position [0.6234994  0.02803776] with unbiased energy -108.16672411685238
Identified minimum at position [-0.05129798  0.46699503] with unbiased energy -80.76761218454563
Identified minimum at position [-0.55822364  1.44172583] with unbiased energy -146.699517209954
Simulation completed.


Energies of found minima:
Minimum 1: Position = [0.6234994  0.02803776], Energy = -108.16672411685238
Minimum 2: Position = [-0.05129798  0.46699503], Energy = -80.76761218454563
Minimum 3: Position = [-0.55822364  1.44172583], Energy = -146.699517209954

Approximate saddle points between minima:
Saddle 1: Position = [0.10692984 0.11169182], Energy = -67.34530278100289
Saddle 2: Position = [-0.75153144  0.69690174], Energy = -38.39533711899044

Computational statistics:
	Total energy calls: 15957
	Energy calls at each min: [1, 2581, 15957]
	Total force calls: 15957
	Force calls at each min: [1, 2581, 15957]
	Total steps: 16731

Verification against reference:
True minima found: 2/3
Missed minima at positions:
[-0.05001082  0.4666941 ]

Verification against reference (saddles):
True saddles found: 0/2
Missed saddles at positions:
[0.21248658 0.29298833]
[-0.82200156  0.6243128 ]
Starting run 922
Identified minimum at position [0.6234994  0.02803776] with unbiased energy -108.16672411685238
Identified minimum at position [-0.05001866  0.466696  ] with unbiased energy -80.7678181219353
Identified minimum at position [-0.55822363  1.44172585] with unbiased energy -146.699517209954
Simulation completed.


Energies of found minima:
Minimum 1: Position = [0.6234994  0.02803776], Energy = -108.16672411685238
Minimum 2: Position = [-0.05001866  0.466696  ], Energy = -80.7678181219353
Minimum 3: Position = [-0.55822363  1.44172585], Energy = -146.699517209954

Approximate saddle points between minima:
Saddle 1: Position = [0.46571663 0.31613685], Energy = -61.43925965918062
Saddle 2: Position = [-0.2543735   0.80429186], Energy = -17.120586335513348

Computational statistics:
	Total energy calls: 7327
	Energy calls at each min: [1, 1696, 7327]
	Total force calls: 7327
	Force calls at each min: [1, 1696, 7327]
	Total steps: 7731

Verification against reference:
True minima found: 3/3

Verification against reference (saddles):
True saddles found: 0/2
Missed saddles at positions:
[0.21248658 0.29298833]
[-0.82200156  0.6243128 ]
Starting run 1417
Identified minimum at position [0.6234994  0.02803776] with unbiased energy -108.16672411685238
Identified minimum at position [-0.05005566  0.46670298] with unbiased energy -80.76781789171828
Identified minimum at position [-0.55822271  1.44172696] with unbiased energy -146.6995172094868
Simulation completed.


Energies of found minima:
Minimum 1: Position = [0.6234994  0.02803776], Energy = -108.16672411685238
Minimum 2: Position = [-0.05005566  0.46670298], Energy = -80.76781789171828
Minimum 3: Position = [-0.55822271  1.44172696], Energy = -146.6995172094868

Approximate saddle points between minima:
Saddle 1: Position = [0.11692585 0.19946106], Energy = -68.67584007375777
Saddle 2: Position = [-0.03952791 -0.23028906], Energy = 0.20142680636806887

Computational statistics:
	Total energy calls: 9129
	Energy calls at each min: [1, 1121, 9129]
	Total force calls: 9129
	Force calls at each min: [1, 1121, 9129]
	Total steps: 9621

Verification against reference:
True minima found: 3/3

Verification against reference (saddles):
True saddles found: 0/2
Missed saddles at positions:
[0.21248658 0.29298833]
[-0.82200156  0.6243128 ]
Starting run 907
Identified minimum at position [0.6234994  0.02803776] with unbiased energy -108.16672411685238
Identified minimum at position [-0.05001109  0.46669416] with unbiased energy -80.76781812965055
Identified minimum at position [-0.55822365  1.44172582] with unbiased energy -146.6995172099539
Simulation completed.


Energies of found minima:
Minimum 1: Position = [0.6234994  0.02803776], Energy = -108.16672411685238
Minimum 2: Position = [-0.05001109  0.46669416], Energy = -80.76781812965055
Minimum 3: Position = [-0.55822365  1.44172582], Energy = -146.6995172099539

Approximate saddle points between minima:
Saddle 1: Position = [0.25936686 0.28897797], Energy = -72.13185394153703
Saddle 2: Position = [-0.77743683  0.42893664], Energy = -36.78324762964516

Computational statistics:
	Total energy calls: 5161
	Energy calls at each min: [1, 1361, 5161]
	Total force calls: 5161
	Force calls at each min: [1, 1361, 5161]
	Total steps: 5441

Verification against reference:
True minima found: 3/3

Verification against reference (saddles):
True saddles found: 1/2
Missed saddles at positions:
[-0.82200156  0.6243128 ]
Starting run 1093
Identified minimum at position [0.6234994  0.02803776] with unbiased energy -108.16672411685238
Identified minimum at position [-0.05005564  0.46670296] with unbiased energy -80.76781789188863
Identified minimum at position [-0.55822363  1.44172585] with unbiased energy -146.699517209954
Simulation completed.


Energies of found minima:
Minimum 1: Position = [0.6234994  0.02803776], Energy = -108.16672411685238
Minimum 2: Position = [-0.05005564  0.46670296], Energy = -80.76781789188863
Minimum 3: Position = [-0.55822363  1.44172585], Energy = -146.699517209954

Approximate saddle points between minima:
Saddle 1: Position = [ 0.87508395 -0.10276887], Energy = -59.315599047482706
Saddle 2: Position = [0.55346409 0.49942984], Energy = -26.42799456927561

Computational statistics:
	Total energy calls: 7071
	Energy calls at each min: [1, 1530, 7071]
	Total force calls: 7071
	Force calls at each min: [1, 1530, 7071]
	Total steps: 7447

Verification against reference:
True minima found: 3/3

Verification against reference (saddles):
True saddles found: 0/2
Missed saddles at positions:
[0.21248658 0.29298833]
[-0.82200156  0.6243128 ]
Starting run 1570
Identified minimum at position [0.6234994  0.02803776] with unbiased energy -108.16672411685238
Identified minimum at position [-0.05002725  0.46669734] with unbiased energy -80.76781809773605
Identified minimum at position [-0.55822365  1.44172583] with unbiased energy -146.69951720995394
Simulation completed.


Energies of found minima:
Minimum 1: Position = [0.6234994  0.02803776], Energy = -108.16672411685238
Minimum 2: Position = [-0.05002725  0.46669734], Energy = -80.76781809773605
Minimum 3: Position = [-0.55822365  1.44172583], Energy = -146.69951720995394

Approximate saddle points between minima:
Saddle 1: Position = [0.13185591 0.09742659], Energy = -69.80168855134941
Saddle 2: Position = [-0.27969522 -0.01376624], Energy = -16.84252343483863

Computational statistics:
	Total energy calls: 4327
	Energy calls at each min: [1, 761, 4327]
	Total force calls: 4327
	Force calls at each min: [1, 761, 4327]
	Total steps: 4563

Verification against reference:
True minima found: 3/3

Verification against reference (saddles):
True saddles found: 0/2
Missed saddles at positions:
[0.21248658 0.29298833]
[-0.82200156  0.6243128 ]
Starting run 354
Identified minimum at position [0.6234994  0.02803776] with unbiased energy -108.16672411685238
Identified minimum at position [-0.05005717  0.46670393] with unbiased energy -80.76781787093874
Identified minimum at position [-0.55822365  1.44172583] with unbiased energy -146.69951720995394
Simulation completed.


Energies of found minima:
Minimum 1: Position = [0.6234994  0.02803776], Energy = -108.16672411685238
Minimum 2: Position = [-0.05005717  0.46670393], Energy = -80.76781787093874
Minimum 3: Position = [-0.55822365  1.44172583], Energy = -146.69951720995394

Approximate saddle points between minima:
Saddle 1: Position = [0.3261704  0.27711446], Energy = -71.96863983551563
Saddle 2: Position = [-0.73108216  0.70416144], Energy = -37.50301326821426

Computational statistics:
	Total energy calls: 8675
	Energy calls at each min: [1, 1226, 8675]
	Total force calls: 8675
	Force calls at each min: [1, 1226, 8675]
	Total steps: 9108

Verification against reference:
True minima found: 3/3

Verification against reference (saddles):
True saddles found: 0/2
Missed saddles at positions:
[0.21248658 0.29298833]
[-0.82200156  0.6243128 ]
Starting run 541
Identified minimum at position [0.6234994  0.02803776] with unbiased energy -108.16672411685238
Identified minimum at position [-0.05001205  0.46669443] with unbiased energy -80.76781812946417
Identified minimum at position [-0.55822365  1.44172583] with unbiased energy -146.6995172099539
Simulation completed.


Energies of found minima:
Minimum 1: Position = [0.6234994  0.02803776], Energy = -108.16672411685238
Minimum 2: Position = [-0.05001205  0.46669443], Energy = -80.76781812946417
Minimum 3: Position = [-0.55822365  1.44172583], Energy = -146.6995172099539

Approximate saddle points between minima:
Saddle 1: Position = [0.16932509 0.28964322], Energy = -71.99460799826723
Saddle 2: Position = [-0.82726116  0.59026167], Energy = -40.53179433737024

Computational statistics:
	Total energy calls: 3988
	Energy calls at each min: [1, 1632, 3988]
	Total force calls: 3988
	Force calls at each min: [1, 1632, 3988]
	Total steps: 4202

Verification against reference:
True minima found: 3/3

Verification against reference (saddles):
True saddles found: 2/2
Starting run 658
Identified minimum at position [0.6234994  0.02803776] with unbiased energy -108.16672411685238
Identified minimum at position [-0.05043476  0.46679285] with unbiased energy -80.76779582403904
Identified minimum at position [-0.55822362  1.44172586] with unbiased energy -146.69951720995388
Simulation completed.


Energies of found minima:
Minimum 1: Position = [0.6234994  0.02803776], Energy = -108.16672411685238
Minimum 2: Position = [-0.05043476  0.46679285], Energy = -80.76779582403904
Minimum 3: Position = [-0.55822362  1.44172586], Energy = -146.69951720995388

Approximate saddle points between minima:
Saddle 1: Position = [0.26838489 0.33678578], Energy = -70.96539664598049
Saddle 2: Position = [-0.79704437  0.64218509], Energy = -40.46893631879841

Computational statistics:
	Total energy calls: 14350
	Energy calls at each min: [1, 2270, 14350]
	Total force calls: 14350
	Force calls at each min: [1, 2270, 14350]
	Total steps: 15055

Verification against reference:
True minima found: 3/3

Verification against reference (saddles):
True saddles found: 1/2
Missed saddles at positions:
[0.21248658 0.29298833]
