Starting run 672
Identified minimum at position [0.6234994  0.02803776] with unbiased energy -108.16672411685238
Identified minimum at position [-0.05001428  0.46669496] with unbiased energy -80.76781812813758
Identified minimum at position [-0.55822362  1.44172586] with unbiased energy -146.69951720995394
Simulation completed.


Energies of found minima:
Minimum 1: Position = [0.6234994  0.02803776], Energy = -108.16672411685238
Minimum 2: Position = [-0.05001428  0.46669496], Energy = -80.76781812813758
Minimum 3: Position = [-0.55822362  1.44172586], Energy = -146.69951720995394

Approximate saddle points between minima:
Saddle 1: Position = [0.37676179 0.2765724 ], Energy = -70.92052471285905
Saddle 2: Position = [-0.85697957  0.52625732], Energy = -38.10856527840636

Computational statistics:
	Total energy calls: 12016
	Energy calls at each min: [1, 1987, 12016]
	Total force calls: 12016
	Force calls at each min: [1, 1987, 12016]
	Total steps: 12637

Verification against reference:
True minima found: 3/3

Verification against reference (saddles):
True saddles found: 0/2
Missed saddles at positions:
[0.21248658 0.29298833]
[-0.82200156  0.6243128 ]
Starting run 269
Identified minimum at position [0.6234994  0.02803776] with unbiased energy -108.16672411685238
Identified minimum at position [-0.05014019  0.46672186] with unbiased energy -80.76781610652506
Identified minimum at position [-0.55822363  1.44172585] with unbiased energy -146.69951720995397
Simulation completed.


Energies of found minima:
Minimum 1: Position = [0.6234994  0.02803776], Energy = -108.16672411685238
Minimum 2: Position = [-0.05014019  0.46672186], Energy = -80.76781610652506
Minimum 3: Position = [-0.55822363  1.44172585], Energy = -146.69951720995397

Approximate saddle points between minima:
Saddle 1: Position = [0.29347637 0.36809602], Energy = -69.22884046579509
Saddle 2: Position = [-0.83616257  0.50180081], Energy = -37.96814297220834

Computational statistics:
	Total energy calls: 6851
	Energy calls at each min: [1, 1491, 6851]
	Total force calls: 6851
	Force calls at each min: [1, 1491, 6851]
	Total steps: 7216

Verification against reference:
True minima found: 3/3

Verification against reference (saddles):
True saddles found: 0/2
Missed saddles at positions:
[0.21248658 0.29298833]
[-0.82200156  0.6243128 ]
Starting run 1293
Identified minimum at position [0.6234994  0.02803776] with unbiased energy -108.16672411685238
Identified minimum at position [-0.05012048  0.46671574] with unbiased energy -80.76781670696923
Identified minimum at position [-0.55822362  1.44172586] with unbiased energy -146.6995172099539
Simulation completed.


Energies of found minima:
Minimum 1: Position = [0.6234994  0.02803776], Energy = -108.16672411685238
Minimum 2: Position = [-0.05012048  0.46671574], Energy = -80.76781670696923
Minimum 3: Position = [-0.55822362  1.44172586], Energy = -146.6995172099539

Approximate saddle points between minima:
Saddle 1: Position = [0.1547262  0.21400712], Energy = -70.91015028945101
Saddle 2: Position = [0.68946571 0.38240864], Energy = -18.968385354721505

Computational statistics:
	Total energy calls: 6042
	Energy calls at each min: [1, 965, 6042]
	Total force calls: 6042
	Force calls at each min: [1, 965, 6042]
	Total steps: 6314

Verification against reference:
True minima found: 3/3

Verification against reference (saddles):
True saddles found: 0/2
Missed saddles at positions:
[0.21248658 0.29298833]
[-0.82200156  0.6243128 ]
Starting run 975
Identified minimum at position [0.6234994  0.02803776] with unbiased energy -108.16672411685238
Identified minimum at position [-0.0504813   0.46681047] with unbiased energy -80.76779002132682
Identified minimum at position [-0.55822365  1.44172582] with unbiased energy -146.69951720995388
Simulation completed.


Energies of found minima:
Minimum 1: Position = [0.6234994  0.02803776], Energy = -108.16672411685238
Minimum 2: Position = [-0.0504813   0.46681047], Energy = -80.76779002132682
Minimum 3: Position = [-0.55822365  1.44172582], Energy = -146.69951720995388

Approximate saddle points between minima:
Saddle 1: Position = [0.22273883 0.28383189], Energy = -72.3080641215833
Saddle 2: Position = [-0.84417192  0.56876121], Energy = -39.8731368681603

Computational statistics:
	Total energy calls: 10273
	Energy calls at each min: [1, 2723, 10273]
	Total force calls: 10273
	Force calls at each min: [1, 2723, 10273]
	Total steps: 10788

Verification against reference:
True minima found: 3/3

Verification against reference (saddles):
True saddles found: 1/2
Missed saddles at positions:
[-0.82200156  0.6243128 ]
Starting run 1187
Identified minimum at position [0.6234994  0.02803776] with unbiased energy -108.16672411685238
Identified minimum at position [-0.0509035   0.46686751] with unbiased energy -80.76772417177472
Identified minimum at position [-0.55822364  1.44172584] with unbiased energy -146.699517209954
Simulation completed.


Energies of found minima:
Minimum 1: Position = [0.6234994  0.02803776], Energy = -108.16672411685238
Minimum 2: Position = [-0.0509035   0.46686751], Energy = -80.76772417177472
Minimum 3: Position = [-0.55822364  1.44172584], Energy = -146.699517209954

Approximate saddle points between minima:
Saddle 1: Position = [0.30496138 0.31469365], Energy = -70.33002452437948
Saddle 2: Position = [-0.74787017  0.38631528], Energy = -34.49492045425449

Computational statistics:
	Total energy calls: 8284
	Energy calls at each min: [1, 1925, 8284]
	Total force calls: 8284
	Force calls at each min: [1, 1925, 8284]
	Total steps: 8715

Verification against reference:
True minima found: 3/3

Verification against reference (saddles):
True saddles found: 0/2
Missed saddles at positions:
[0.21248658 0.29298833]
[-0.82200156  0.6243128 ]
Starting run 665
Identified minimum at position [0.6234994  0.02803776] with unbiased energy -108.16672411685238
Identified minimum at position [-0.0501343   0.46671884] with unbiased energy -80.76781631962808
Approximate Hessian has condition number >1e6 and cannot be reliably trusted; reverting to default behavior. 
Eigenvalues: [6.90184639e-04 1.38391816e+06]
Identified minimum at position [-0.5582236   1.44172591] with unbiased energy -146.69951720995226
Simulation completed.


Energies of found minima:
Minimum 1: Position = [0.6234994  0.02803776], Energy = -108.16672411685238
Minimum 2: Position = [-0.0501343   0.46671884], Energy = -80.76781631962808
Minimum 3: Position = [-0.5582236   1.44172591], Energy = -146.69951720995226

Approximate saddle points between minima:
Saddle 1: Position = [0.15596194 0.23655814], Energy = -70.96134473483855
Saddle 2: Position = [ 0.39673605 -0.18953112], Energy = -39.38283753789062

Computational statistics:
	Total energy calls: 18385
	Energy calls at each min: [1, 2590, 18385]
	Total force calls: 18385
	Force calls at each min: [1, 2590, 18385]
	Total steps: 19294

Verification against reference:
True minima found: 3/3

Verification against reference (saddles):
True saddles found: 0/2
Missed saddles at positions:
[0.21248658 0.29298833]
[-0.82200156  0.6243128 ]
Starting run 1530
Identified minimum at position [0.6234994  0.02803776] with unbiased energy -108.16672411685238
Identified minimum at position [-0.0500295   0.46669915] with unbiased energy -80.76781808353803
Identified minimum at position [-0.55822365  1.44172583] with unbiased energy -146.69951720995397
Simulation completed.


Energies of found minima:
Minimum 1: Position = [0.6234994  0.02803776], Energy = -108.16672411685238
Minimum 2: Position = [-0.0500295   0.46669915], Energy = -80.76781808353803
Minimum 3: Position = [-0.55822365  1.44172583], Energy = -146.69951720995397

Approximate saddle points between minima:
Saddle 1: Position = [0.22683593 0.31306115], Energy = -72.15378771395281
Saddle 2: Position = [-0.75966295  0.6783068 ], Energy = -39.15682371958658

Computational statistics:
	Total energy calls: 5760
	Energy calls at each min: [1, 1528, 5760]
	Total force calls: 5760
	Force calls at each min: [1, 1528, 5760]
	Total steps: 6071

Verification against reference:
True minima found: 3/3

Verification against reference (saddles):
True saddles found: 1/2
Missed saddles at positions:
[-0.82200156  0.6243128 ]
Starting run 882
Identified minimum at position [0.6234994  0.02803776] with unbiased energy -108.16672411685238
Identified minimum at position [-0.05003149  0.46669957] with unbiased energy -80.76781807380374
Identified minimum at position [-0.55822362  1.44172585] with unbiased energy -146.69951720995394
Simulation completed.


Energies of found minima:
Minimum 1: Position = [0.6234994  0.02803776], Energy = -108.16672411685238
Minimum 2: Position = [-0.05003149  0.46669957], Energy = -80.76781807380374
Minimum 3: Position = [-0.55822362  1.44172585], Energy = -146.69951720995394

Approximate saddle points between minima:
Saddle 1: Position = [0.38216806 0.27632522], Energy = -70.79206643337687
Saddle 2: Position = [-0.83182638  0.58847675], Energy = -40.434450228772114

Computational statistics:
	Total energy calls: 2329
	Energy calls at each min: [1, 1399, 2329]
	Total force calls: 2329
	Force calls at each min: [1, 1399, 2329]
	Total steps: 2452

Verification against reference:
True minima found: 3/3

Verification against reference (saddles):
True saddles found: 1/2
Missed saddles at positions:
[0.21248658 0.29298833]
Starting run 1453
Identified minimum at position [0.6234994  0.02803776] with unbiased energy -108.16672411685238
Identified minimum at position [-0.05006002  0.46670479] with unbiased energy -80.7678178360026
Identified minimum at position [-0.55822363  1.44172584] with unbiased energy -146.699517209954
Simulation completed.


Energies of found minima:
Minimum 1: Position = [0.6234994  0.02803776], Energy = -108.16672411685238
Minimum 2: Position = [-0.05006002  0.46670479], Energy = -80.7678178360026
Minimum 3: Position = [-0.55822363  1.44172584], Energy = -146.699517209954

Approximate saddle points between minima:
Saddle 1: Position = [ 0.73766282 -0.14486085], Energy = -58.05363161991073
Saddle 2: Position = [ 0.44837992 -0.28913511], Energy = 3.8936687224016993

Computational statistics:
	Total energy calls: 9617
	Energy calls at each min: [1, 1219, 9617]
	Total force calls: 9617
	Force calls at each min: [1, 1219, 9617]
	Total steps: 10137

Verification against reference:
True minima found: 3/3

Verification against reference (saddles):
True saddles found: 0/2
Missed saddles at positions:
[0.21248658 0.29298833]
[-0.82200156  0.6243128 ]
