Starting run 193
Identified minimum at position [0.6234994  0.02803776] with unbiased energy -108.16672411685238
Identified minimum at position [-0.05027226  0.46676718] with unbiased energy -80.76780893817883
Identified minimum at position [-0.55822365  1.44172583] with unbiased energy -146.6995172099539
Simulation completed.


Energies of found minima:
Minimum 1: Position = [0.6234994  0.02803776], Energy = -108.16672411685238
Minimum 2: Position = [-0.05027226  0.46676718], Energy = -80.76780893817883
Minimum 3: Position = [-0.55822365  1.44172583], Energy = -146.6995172099539

Approximate saddle points between minima:
Saddle 1: Position = [0.13062043 0.26605243], Energy = -70.62279398587121
Saddle 2: Position = [-0.18134922  0.02291139], Energy = -30.264989512108162

Computational statistics:
	Total energy calls: 12438
	Energy calls at each min: [1, 1610, 12438]
	Total force calls: 12438
	Force calls at each min: [1, 1610, 12438]
	Total steps: 13072

Verification against reference:
True minima found: 3/3

Verification against reference (saddles):
True saddles found: 0/2
Missed saddles at positions:
[0.21248658 0.29298833]
[-0.82200156  0.6243128 ]
Starting run 1033
Identified minimum at position [0.6234994  0.02803776] with unbiased energy -108.16672411685238
Identified minimum at position [-0.0500137   0.46669481] with unbiased energy -80.76781812861012
Identified minimum at position [-0.55822362  1.44172586] with unbiased energy -146.69951720995394
Simulation completed.


Energies of found minima:
Minimum 1: Position = [0.6234994  0.02803776], Energy = -108.16672411685238
Minimum 2: Position = [-0.0500137   0.46669481], Energy = -80.76781812861012
Minimum 3: Position = [-0.55822362  1.44172586], Energy = -146.69951720995394

Approximate saddle points between minima:
Saddle 1: Position = [0.22501094 0.29187978], Energy = -72.24103260566439
Saddle 2: Position = [-0.7939319   0.64562396], Energy = -40.39792394228145

Computational statistics:
	Total energy calls: 5903
	Energy calls at each min: [1, 1101, 5903]
	Total force calls: 5903
	Force calls at each min: [1, 1101, 5903]
	Total steps: 6214

Verification against reference:
True minima found: 3/3

Verification against reference (saddles):
True saddles found: 2/2
Starting run 1467
Identified minimum at position [0.6234994  0.02803776] with unbiased energy -108.16672411685238
Identified minimum at position [-0.05141905  0.46703328] with unbiased energy -80.76756887140422
Identified minimum at position [-0.55822364  1.44172583] with unbiased energy -146.69951720995397
Simulation completed.


Energies of found minima:
Minimum 1: Position = [0.6234994  0.02803776], Energy = -108.16672411685238
Minimum 2: Position = [-0.05141905  0.46703328], Energy = -80.76756887140422
Minimum 3: Position = [-0.55822364  1.44172583], Energy = -146.69951720995397

Approximate saddle points between minima:
Saddle 1: Position = [0.22877904 0.30591384], Energy = -72.14279935291458
Saddle 2: Position = [-0.12183197 -0.00413292], Energy = -33.854452119759785

Computational statistics:
	Total energy calls: 20513
	Energy calls at each min: [1, 2460, 20513]
	Total force calls: 20513
	Force calls at each min: [1, 2460, 20513]
	Total steps: 21516

Verification against reference:
True minima found: 2/3
Missed minima at positions:
[-0.05001082  0.4666941 ]

Verification against reference (saddles):
True saddles found: 1/2
Missed saddles at positions:
[-0.82200156  0.6243128 ]
Starting run 1407
Identified minimum at position [0.6234994  0.02803776] with unbiased energy -108.16672411685238
Identified minimum at position [-0.05001097  0.46669414] with unbiased energy -80.76781812965635
Identified minimum at position [-0.55822366  1.44172582] with unbiased energy -146.6995172099538
Simulation completed.


Energies of found minima:
Minimum 1: Position = [0.6234994  0.02803776], Energy = -108.16672411685238
Minimum 2: Position = [-0.05001097  0.46669414], Energy = -80.76781812965635
Minimum 3: Position = [-0.55822366  1.44172582], Energy = -146.6995172099538

Approximate saddle points between minima:
Saddle 1: Position = [0.11622764 0.13097785], Energy = -68.4071477849711
Saddle 2: Position = [-0.71419576  0.39163768], Energy = -37.72099658282612

Computational statistics:
	Total energy calls: 5217
	Energy calls at each min: [1, 1332, 5217]
	Total force calls: 5217
	Force calls at each min: [1, 1332, 5217]
	Total steps: 5508

Verification against reference:
True minima found: 3/3

Verification against reference (saddles):
True saddles found: 0/2
Missed saddles at positions:
[0.21248658 0.29298833]
[-0.82200156  0.6243128 ]
Starting run 245
Identified minimum at position [0.6234994  0.02803776] with unbiased energy -108.16672411685238
Identified minimum at position [-0.05004299  0.46671999] with unbiased energy -80.76781764261187
Identified minimum at position [-0.55822362  1.44172586] with unbiased energy -146.6995172099539
Simulation completed.


Energies of found minima:
Minimum 1: Position = [0.6234994  0.02803776], Energy = -108.16672411685238
Minimum 2: Position = [-0.05004299  0.46671999], Energy = -80.76781764261187
Minimum 3: Position = [-0.55822362  1.44172586], Energy = -146.6995172099539

Approximate saddle points between minima:
Saddle 1: Position = [0.20959838 0.27982011], Energy = -72.26550853289689
Saddle 2: Position = [0.67266606 0.39553468], Energy = -19.755667218866236

Computational statistics:
	Total energy calls: 8570
	Energy calls at each min: [1, 1488, 8570]
	Total force calls: 8570
	Force calls at each min: [1, 1488, 8570]
	Total steps: 9028

Verification against reference:
True minima found: 3/3

Verification against reference (saddles):
True saddles found: 1/2
Missed saddles at positions:
[-0.82200156  0.6243128 ]
Starting run 1023
Identified minimum at position [0.6234994  0.02803776] with unbiased energy -108.16672411685238
Identified minimum at position [-0.05036972  0.46678499] with unbiased energy -80.76780161120146
Identified minimum at position [-0.55822365  1.44172582] with unbiased energy -146.69951720995388
Simulation completed.


Energies of found minima:
Minimum 1: Position = [0.6234994  0.02803776], Energy = -108.16672411685238
Minimum 2: Position = [-0.05036972  0.46678499], Energy = -80.76780161120146
Minimum 3: Position = [-0.55822365  1.44172582], Energy = -146.69951720995388

Approximate saddle points between minima:
Saddle 1: Position = [0.27382244 0.32461929], Energy = -71.00118042998538
Saddle 2: Position = [-0.82443175  0.6294001 ], Energy = -40.67374123806215

Computational statistics:
	Total energy calls: 8529
	Energy calls at each min: [1, 1198, 8529]
	Total force calls: 8529
	Force calls at each min: [1, 1198, 8529]
	Total steps: 8970

Verification against reference:
True minima found: 3/3

Verification against reference (saddles):
True saddles found: 1/2
Missed saddles at positions:
[0.21248658 0.29298833]
Starting run 676
Identified minimum at position [0.6234994  0.02803776] with unbiased energy -108.16672411685238
Identified minimum at position [-0.05002563  0.46669707] with unbiased energy -80.76781810362064
Identified minimum at position [-0.55822361  1.44172586] with unbiased energy -146.69951720995385
Simulation completed.


Energies of found minima:
Minimum 1: Position = [0.6234994  0.02803776], Energy = -108.16672411685238
Minimum 2: Position = [-0.05002563  0.46669707], Energy = -80.76781810362064
Minimum 3: Position = [-0.55822361  1.44172586], Energy = -146.69951720995385

Approximate saddle points between minima:
Saddle 1: Position = [0.12364621 0.18376535], Energy = -69.04544480418923
Saddle 2: Position = [-0.18949023  0.11357718], Energy = -37.62396257509752

Computational statistics:
	Total energy calls: 11950
	Energy calls at each min: [1, 2171, 11950]
	Total force calls: 11950
	Force calls at each min: [1, 2171, 11950]
	Total steps: 12559

Verification against reference:
True minima found: 3/3

Verification against reference (saddles):
True saddles found: 0/2
Missed saddles at positions:
[0.21248658 0.29298833]
[-0.82200156  0.6243128 ]
Starting run 1060
Identified minimum at position [0.6234994  0.02803776] with unbiased energy -108.16672411685238
Identified minimum at position [-0.05013814  0.46672057] with unbiased energy -80.76781618736514
Identified minimum at position [-0.55822364  1.44172584] with unbiased energy -146.699517209954
Simulation completed.


Energies of found minima:
Minimum 1: Position = [0.6234994  0.02803776], Energy = -108.16672411685238
Minimum 2: Position = [-0.05013814  0.46672057], Energy = -80.76781618736514
Minimum 3: Position = [-0.55822364  1.44172584], Energy = -146.699517209954

Approximate saddle points between minima:
Saddle 1: Position = [0.25775673 0.30018558], Energy = -71.87104657020203
Saddle 2: Position = [-0.86823662  0.55289319], Energy = -38.771968113792084

Computational statistics:
	Total energy calls: 4033
	Energy calls at each min: [1, 804, 4033]
	Total force calls: 4033
	Force calls at each min: [1, 804, 4033]
	Total steps: 4245

Verification against reference:
True minima found: 3/3

Verification against reference (saddles):
True saddles found: 1/2
Missed saddles at positions:
[-0.82200156  0.6243128 ]
Starting run 1478
Identified minimum at position [0.6234994  0.02803776] with unbiased energy -108.16672411685238
Identified minimum at position [-0.05007712  0.46670801] with unbiased energy -80.76781760163199
Identified minimum at position [-0.55822363  1.44172585] with unbiased energy -146.69951720995402
Simulation completed.


Energies of found minima:
Minimum 1: Position = [0.6234994  0.02803776], Energy = -108.16672411685238
Minimum 2: Position = [-0.05007712  0.46670801], Energy = -80.76781760163199
Minimum 3: Position = [-0.55822363  1.44172585], Energy = -146.69951720995402

Approximate saddle points between minima:
Saddle 1: Position = [0.25574017 0.30303679], Energy = -71.84066157652097
Saddle 2: Position = [-0.81761097  0.59177957], Energy = -40.720723869625644

Computational statistics:
	Total energy calls: 10266
	Energy calls at each min: [1, 2608, 10266]
	Total force calls: 10266
	Force calls at each min: [1, 2608, 10266]
	Total steps: 10796

Verification against reference:
True minima found: 3/3

Verification against reference (saddles):
True saddles found: 2/2
