Starting run 1244
Identified minimum at position [0.6234994  0.02803776] with unbiased energy -108.16672411685238
Identified minimum at position [-0.05001503  0.46669471] with unbiased energy -80.76781812765886
Identified minimum at position [-0.55822363  1.44172585] with unbiased energy -146.699517209954
Simulation completed.


Energies of found minima:
Minimum 1: Position = [0.6234994  0.02803776], Energy = -108.16672411685238
Minimum 2: Position = [-0.05001503  0.46669471], Energy = -80.76781812765886
Minimum 3: Position = [-0.55822363  1.44172585], Energy = -146.699517209954

Approximate saddle points between minima:
Saddle 1: Position = [0.95946588 0.02417319], Energy = -66.32651243626972
Saddle 2: Position = [-0.11098785  0.89594854], Energy = 3.8002334525193255

Computational statistics:
	Total energy calls: 9370
	Energy calls at each min: [1, 1491, 9370]
	Total force calls: 9370
	Force calls at each min: [1, 1491, 9370]
	Total steps: 9886

Verification against reference:
True minima found: 3/3

Verification against reference (saddles):
True saddles found: 0/2
Missed saddles at positions:
[0.21248658 0.29298833]
[-0.82200156  0.6243128 ]
Starting run 32
Identified minimum at position [0.6234994  0.02803776] with unbiased energy -108.16672411685238
Identified minimum at position [-0.05014422  0.46683053] with unbiased energy -80.76780516195048
Identified minimum at position [-0.55822364  1.44172584] with unbiased energy -146.69951720995402
Simulation completed.


Energies of found minima:
Minimum 1: Position = [0.6234994  0.02803776], Energy = -108.16672411685238
Minimum 2: Position = [-0.05014422  0.46683053], Energy = -80.76780516195048
Minimum 3: Position = [-0.55822364  1.44172584], Energy = -146.69951720995402

Approximate saddle points between minima:
Saddle 1: Position = [0.25927165 0.40519231], Energy = -70.63301122716396
Saddle 2: Position = [-0.50667295  0.28440209], Energy = -37.21955047838736

Computational statistics:
	Total energy calls: 13619
	Energy calls at each min: [1, 2046, 13619]
	Total force calls: 13619
	Force calls at each min: [1, 2046, 13619]
	Total steps: 14302

Verification against reference:
True minima found: 3/3

Verification against reference (saddles):
True saddles found: 0/2
Missed saddles at positions:
[0.21248658 0.29298833]
[-0.82200156  0.6243128 ]
Starting run 1331
Identified minimum at position [0.6234994  0.02803776] with unbiased energy -108.16672411685238
Identified minimum at position [-0.05059867  0.46685795] with unbiased energy -80.7677717209129
Identified minimum at position [-0.55822364  1.44172584] with unbiased energy -146.69951720995397
Simulation completed.


Energies of found minima:
Minimum 1: Position = [0.6234994  0.02803776], Energy = -108.16672411685238
Minimum 2: Position = [-0.05059867  0.46685795], Energy = -80.7677717209129
Minimum 3: Position = [-0.55822364  1.44172584], Energy = -146.69951720995397

Approximate saddle points between minima:
Saddle 1: Position = [0.25659547 0.3112609 ], Energy = -71.67886740802541
Saddle 2: Position = [0.13775856 0.6816865 ], Energy = -39.37946625073612

Computational statistics:
	Total energy calls: 11754
	Energy calls at each min: [1, 1414, 11754]
	Total force calls: 11754
	Force calls at each min: [1, 1414, 11754]
	Total steps: 12351

Verification against reference:
True minima found: 3/3

Verification against reference (saddles):
True saddles found: 1/2
Missed saddles at positions:
[-0.82200156  0.6243128 ]
Starting run 73
Identified minimum at position [0.6234994  0.02803776] with unbiased energy -108.16672411685238
Identified minimum at position [-0.05003151  0.46669959] with unbiased energy -80.76781807362293
Identified minimum at position [-0.55822365  1.44172582] with unbiased energy -146.69951720995388
Simulation completed.


Energies of found minima:
Minimum 1: Position = [0.6234994  0.02803776], Energy = -108.16672411685238
Minimum 2: Position = [-0.05003151  0.46669959], Energy = -80.76781807362293
Minimum 3: Position = [-0.55822365  1.44172582], Energy = -146.69951720995388

Approximate saddle points between minima:
Saddle 1: Position = [0.35428009 0.29502222], Energy = -69.89800958537617
Saddle 2: Position = [-0.78544554  0.64970575], Energy = -40.2621892971906

Computational statistics:
	Total energy calls: 4127
	Energy calls at each min: [1, 1793, 4127]
	Total force calls: 4127
	Force calls at each min: [1, 1793, 4127]
	Total steps: 4347

Verification against reference:
True minima found: 3/3

Verification against reference (saddles):
True saddles found: 1/2
Missed saddles at positions:
[0.21248658 0.29298833]
Starting run 442
Identified minimum at position [0.6234994  0.02803776] with unbiased energy -108.16672411685238
Identified minimum at position [-0.0500251   0.46669704] with unbiased energy -80.76781810528561
Identified minimum at position [-0.55822366  1.44172582] with unbiased energy -146.69951720995383
Simulation completed.


Energies of found minima:
Minimum 1: Position = [0.6234994  0.02803776], Energy = -108.16672411685238
Minimum 2: Position = [-0.0500251   0.46669704], Energy = -80.76781810528561
Minimum 3: Position = [-0.55822366  1.44172582], Energy = -146.69951720995383

Approximate saddle points between minima:
Saddle 1: Position = [0.2189436  0.28666041], Energy = -72.27568897946858
Saddle 2: Position = [0.35197446 0.87227852], Energy = 27.0121933269415

Computational statistics:
	Total energy calls: 9096
	Energy calls at each min: [1, 1110, 9096]
	Total force calls: 9096
	Force calls at each min: [1, 1110, 9096]
	Total steps: 9588

Verification against reference:
True minima found: 3/3

Verification against reference (saddles):
True saddles found: 1/2
Missed saddles at positions:
[-0.82200156  0.6243128 ]
Starting run 1432
Identified minimum at position [0.6234994  0.02803776] with unbiased energy -108.16672411685238
Identified minimum at position [-0.05003215  0.46670121] with unbiased energy -80.76781806130622
Identified minimum at position [-0.55822364  1.44172584] with unbiased energy -146.699517209954
Simulation completed.


Energies of found minima:
Minimum 1: Position = [0.6234994  0.02803776], Energy = -108.16672411685238
Minimum 2: Position = [-0.05003215  0.46670121], Energy = -80.76781806130622
Minimum 3: Position = [-0.55822364  1.44172584], Energy = -146.699517209954

Approximate saddle points between minima:
Saddle 1: Position = [0.31715905 0.36450591], Energy = -67.92464022407562
Saddle 2: Position = [-0.16116907 -0.13902193], Energy = -10.138236328992832

Computational statistics:
	Total energy calls: 4847
	Energy calls at each min: [1, 1069, 4847]
	Total force calls: 4847
	Force calls at each min: [1, 1069, 4847]
	Total steps: 5104

Verification against reference:
True minima found: 3/3

Verification against reference (saddles):
True saddles found: 0/2
Missed saddles at positions:
[0.21248658 0.29298833]
[-0.82200156  0.6243128 ]
Starting run 1590
Identified minimum at position [0.6234994  0.02803776] with unbiased energy -108.16672411685238
Identified minimum at position [-0.05001381  0.46669515] with unbiased energy -80.76781812826619
Identified minimum at position [-0.55822365  1.44172583] with unbiased energy -146.6995172099539
Simulation completed.


Energies of found minima:
Minimum 1: Position = [0.6234994  0.02803776], Energy = -108.16672411685238
Minimum 2: Position = [-0.05001381  0.46669515], Energy = -80.76781812826619
Minimum 3: Position = [-0.55822365  1.44172583], Energy = -146.6995172099539

Approximate saddle points between minima:
Saddle 1: Position = [0.28815573 0.34923126], Energy = -69.92526646374907
Saddle 2: Position = [-0.70756699  0.31469551], Energy = -27.611778164757123

Computational statistics:
	Total energy calls: 3245
	Energy calls at each min: [1, 991, 3245]
	Total force calls: 3245
	Force calls at each min: [1, 991, 3245]
	Total steps: 3420

Verification against reference:
True minima found: 3/3

Verification against reference (saddles):
True saddles found: 0/2
Missed saddles at positions:
[0.21248658 0.29298833]
[-0.82200156  0.6243128 ]
Starting run 1402
Identified minimum at position [0.6234994  0.02803776] with unbiased energy -108.16672411685238
Identified minimum at position [-0.05013091  0.46671788] with unbiased energy -80.7678164222634
Identified minimum at position [-0.55822363  1.44172585] with unbiased energy -146.699517209954
Simulation completed.


Energies of found minima:
Minimum 1: Position = [0.6234994  0.02803776], Energy = -108.16672411685238
Minimum 2: Position = [-0.05013091  0.46671788], Energy = -80.7678164222634
Minimum 3: Position = [-0.55822363  1.44172585], Energy = -146.699517209954

Approximate saddle points between minima:
Saddle 1: Position = [0.27605902 0.33753261], Energy = -70.67204513707648
Saddle 2: Position = [0.39585153 0.71725869], Energy = -5.173053497459897

Computational statistics:
	Total energy calls: 7904
	Energy calls at each min: [1, 452, 7904]
	Total force calls: 7904
	Force calls at each min: [1, 452, 7904]
	Total steps: 8321

Verification against reference:
True minima found: 3/3

Verification against reference (saddles):
True saddles found: 0/2
Missed saddles at positions:
[0.21248658 0.29298833]
[-0.82200156  0.6243128 ]
Starting run 1145
Identified minimum at position [0.6234994  0.02803776] with unbiased energy -108.16672411685238
Identified minimum at position [-0.55822363  1.44172585] with unbiased energy -146.699517209954
Approximate Hessian has condition number >1e6 and cannot be reliably trusted; reverting to default behavior. 
Eigenvalues: [6.37979247e-05 9.63468698e+06]
Approximate Hessian has condition number >1e6 and cannot be reliably trusted; reverting to default behavior. 
Eigenvalues: [9.24719498e-04 3.29281773e+07]
Approximate Hessian has condition number >1e6 and cannot be reliably trusted; reverting to default behavior. 
Eigenvalues: [2.82933796e-03 1.93823859e+07]
Approximate Hessian has condition number >1e6 and cannot be reliably trusted; reverting to default behavior. 
Eigenvalues: [1.49011612e-08 3.76574716e+08]
Approximate Hessian has condition number >1e6 and cannot be reliably trusted; reverting to default behavior. 
Eigenvalues: [4.17239964e-04 1.56960565e+07]
Approximate Hessian has condition number >1e6 and cannot be reliably trusted; reverting to default behavior. 
Eigenvalues: [1.82569609e-04 2.04648586e+06]
Simulation completed.


Energies of found minima:
Minimum 1: Position = [0.6234994  0.02803776], Energy = -108.16672411685238
Minimum 2: Position = [-0.55822363  1.44172585], Energy = -146.699517209954

Approximate saddle points between minima:
Saddle 1: Position = [-0.29778435  0.1355213 ], Energy = -30.298778019020812

Computational statistics:
	Total energy calls: 651253
	Energy calls at each min: [1, 20976]
	Total force calls: 651253
	Force calls at each min: [1, 20976]
	Total steps: 683403

Verification against reference:
True minima found: 2/3
Missed minima at positions:
[-0.05001082  0.4666941 ]

Verification against reference (saddles):
True saddles found: 0/2
Missed saddles at positions:
[0.21248658 0.29298833]
[-0.82200156  0.6243128 ]
