Starting run 640
Identified minimum at position [0.6234994  0.02803776] with unbiased energy -108.16672411685238
Identified minimum at position [-0.05002474  0.46669684] with unbiased energy -80.7678181067538
Identified minimum at position [-0.55822362  1.44172586] with unbiased energy -146.6995172099539
Simulation completed.


Energies of found minima:
Minimum 1: Position = [0.6234994  0.02803776], Energy = -108.16672411685238
Minimum 2: Position = [-0.05002474  0.46669684], Energy = -80.7678181067538
Minimum 3: Position = [-0.55822362  1.44172586], Energy = -146.6995172099539

Approximate saddle points between minima:
Saddle 1: Position = [0.99681012 0.10469877], Energy = -40.412631413212836
Saddle 2: Position = [ 0.21539603 -0.17002733], Energy = -35.14651831678509

Computational statistics:
	Total energy calls: 5223
	Energy calls at each min: [1, 1736, 5223]
	Total force calls: 5223
	Force calls at each min: [1, 1736, 5223]
	Total steps: 5510

Verification against reference:
True minima found: 3/3

Verification against reference (saddles):
True saddles found: 0/2
Missed saddles at positions:
[0.21248658 0.29298833]
[-0.82200156  0.6243128 ]
Starting run 284
Identified minimum at position [0.6234994  0.02803776] with unbiased energy -108.16672411685238
Identified minimum at position [-0.05012111  0.46671601] with unbiased energy -80.7678166884225
Identified minimum at position [-0.55822363  1.44172584] with unbiased energy -146.699517209954
Simulation completed.


Energies of found minima:
Minimum 1: Position = [0.6234994  0.02803776], Energy = -108.16672411685238
Minimum 2: Position = [-0.05012111  0.46671601], Energy = -80.7678166884225
Minimum 3: Position = [-0.55822363  1.44172584], Energy = -146.699517209954

Approximate saddle points between minima:
Saddle 1: Position = [0.25913099 0.35570741], Energy = -71.1253705021628
Saddle 2: Position = [-0.45321913  0.81873191], Energy = -17.463211501815508

Computational statistics:
	Total energy calls: 6351
	Energy calls at each min: [1, 1067, 6351]
	Total force calls: 6351
	Force calls at each min: [1, 1067, 6351]
	Total steps: 6694

Verification against reference:
True minima found: 3/3

Verification against reference (saddles):
True saddles found: 0/2
Missed saddles at positions:
[0.21248658 0.29298833]
[-0.82200156  0.6243128 ]
Starting run 467
Identified minimum at position [0.6234994  0.02803776] with unbiased energy -108.16672411685238
Identified minimum at position [-0.050136    0.46672029] with unbiased energy -80.76781624881951
Identified minimum at position [-0.55822365  1.44172583] with unbiased energy -146.69951720995394
Simulation completed.


Energies of found minima:
Minimum 1: Position = [0.6234994  0.02803776], Energy = -108.16672411685238
Minimum 2: Position = [-0.050136    0.46672029], Energy = -80.76781624881951
Minimum 3: Position = [-0.55822365  1.44172583], Energy = -146.69951720995394

Approximate saddle points between minima:
Saddle 1: Position = [ 0.57504723 -0.1602269 ], Energy = -57.07494916014997
Saddle 2: Position = [ 0.15386883 -0.28661768], Energy = 6.615058132675884

Computational statistics:
	Total energy calls: 6982
	Energy calls at each min: [1, 1632, 6982]
	Total force calls: 6982
	Force calls at each min: [1, 1632, 6982]
	Total steps: 7355

Verification against reference:
True minima found: 3/3

Verification against reference (saddles):
True saddles found: 0/2
Missed saddles at positions:
[0.21248658 0.29298833]
[-0.82200156  0.6243128 ]
Starting run 1446
Identified minimum at position [0.6234994  0.02803776] with unbiased energy -108.16672411685238
Identified minimum at position [-0.05001132  0.46669424] with unbiased energy -80.76781812962572
Identified minimum at position [-0.55822363  1.44172585] with unbiased energy -146.69951720995397
Simulation completed.


Energies of found minima:
Minimum 1: Position = [0.6234994  0.02803776], Energy = -108.16672411685238
Minimum 2: Position = [-0.05001132  0.46669424], Energy = -80.76781812962572
Minimum 3: Position = [-0.55822363  1.44172585], Energy = -146.69951720995397

Approximate saddle points between minima:
Saddle 1: Position = [0.0898763  0.20146062], Energy = -66.96285763403404
Saddle 2: Position = [0.21054849 0.75180644], Energy = -14.642319691142312

Computational statistics:
	Total energy calls: 6962
	Energy calls at each min: [1, 760, 6962]
	Total force calls: 6962
	Force calls at each min: [1, 760, 6962]
	Total steps: 7341

Verification against reference:
True minima found: 3/3

Verification against reference (saddles):
True saddles found: 0/2
Missed saddles at positions:
[0.21248658 0.29298833]
[-0.82200156  0.6243128 ]
Starting run 1364
Identified minimum at position [0.6234994  0.02803776] with unbiased energy -108.16672411685238
Identified minimum at position [-0.05012062  0.46671579] with unbiased energy -80.76781670314519
Identified minimum at position [-0.55822362  1.44172585] with unbiased energy -146.69951720995397
Simulation completed.


Energies of found minima:
Minimum 1: Position = [0.6234994  0.02803776], Energy = -108.16672411685238
Minimum 2: Position = [-0.05012062  0.46671579], Energy = -80.76781670314519
Minimum 3: Position = [-0.55822362  1.44172585], Energy = -146.69951720995397

Approximate saddle points between minima:
Saddle 1: Position = [0.26503744 0.33085611], Energy = -71.16391359612345
Saddle 2: Position = [-0.78197899  0.70184522], Energy = -39.46697570766659

Computational statistics:
	Total energy calls: 7614
	Energy calls at each min: [1, 1062, 7614]
	Total force calls: 7614
	Force calls at each min: [1, 1062, 7614]
	Total steps: 8012

Verification against reference:
True minima found: 3/3

Verification against reference (saddles):
True saddles found: 0/2
Missed saddles at positions:
[0.21248658 0.29298833]
[-0.82200156  0.6243128 ]
Starting run 1395
Identified minimum at position [0.6234994  0.02803776] with unbiased energy -108.16672411685238
Identified minimum at position [-0.05001415  0.46669486] with unbiased energy -80.7678181282961
Identified minimum at position [-0.55822364  1.44172583] with unbiased energy -146.69951720995397
Simulation completed.


Energies of found minima:
Minimum 1: Position = [0.6234994  0.02803776], Energy = -108.16672411685238
Minimum 2: Position = [-0.05001415  0.46669486], Energy = -80.7678181282961
Minimum 3: Position = [-0.55822364  1.44172583], Energy = -146.69951720995397

Approximate saddle points between minima:
Saddle 1: Position = [0.132938   0.25171208], Energy = -70.30411236404146
Saddle 2: Position = [-0.33256548  0.09079366], Energy = -22.57772264160884

Computational statistics:
	Total energy calls: 6193
	Energy calls at each min: [1, 778, 6193]
	Total force calls: 6193
	Force calls at each min: [1, 778, 6193]
	Total steps: 6524

Verification against reference:
True minima found: 3/3

Verification against reference (saddles):
True saddles found: 0/2
Missed saddles at positions:
[0.21248658 0.29298833]
[-0.82200156  0.6243128 ]
Starting run 1226
Identified minimum at position [0.6234994  0.02803776] with unbiased energy -108.16672411685238
Identified minimum at position [-0.05025385  0.46673468] with unbiased energy -80.76781134695243
Identified minimum at position [-0.55822362  1.44172586] with unbiased energy -146.6995172099539
Simulation completed.


Energies of found minima:
Minimum 1: Position = [0.6234994  0.02803776], Energy = -108.16672411685238
Minimum 2: Position = [-0.05025385  0.46673468], Energy = -80.76781134695243
Minimum 3: Position = [-0.55822362  1.44172586], Energy = -146.6995172099539

Approximate saddle points between minima:
Saddle 1: Position = [0.34617444 0.39494244], Energy = -64.57774774210144
Saddle 2: Position = [-0.01747396 -0.08077273], Energy = -34.653633538876036

Computational statistics:
	Total energy calls: 6592
	Energy calls at each min: [1, 1248, 6592]
	Total force calls: 6592
	Force calls at each min: [1, 1248, 6592]
	Total steps: 6956

Verification against reference:
True minima found: 3/3

Verification against reference (saddles):
True saddles found: 0/2
Missed saddles at positions:
[0.21248658 0.29298833]
[-0.82200156  0.6243128 ]
Starting run 963
Identified minimum at position [0.6234994  0.02803776] with unbiased energy -108.16672411685238
Identified minimum at position [-0.05001651  0.46669522] with unbiased energy -80.76781812584099
Identified minimum at position [-0.55822364  1.44172583] with unbiased energy -146.69951720995397
Simulation completed.


Energies of found minima:
Minimum 1: Position = [0.6234994  0.02803776], Energy = -108.16672411685238
Minimum 2: Position = [-0.05001651  0.46669522], Energy = -80.76781812584099
Minimum 3: Position = [-0.55822364  1.44172583], Energy = -146.69951720995397

Approximate saddle points between minima:
Saddle 1: Position = [ 0.80251791 -0.12606015], Energy = -60.31980428606771
Saddle 2: Position = [-0.83964416  0.60326655], Energy = -40.47567231832764

Computational statistics:
	Total energy calls: 1892
	Energy calls at each min: [1, 1557, 1892]
	Total force calls: 1892
	Force calls at each min: [1, 1557, 1892]
	Total steps: 1996

Verification against reference:
True minima found: 3/3

Verification against reference (saddles):
True saddles found: 1/2
Missed saddles at positions:
[0.21248658 0.29298833]
Starting run 1515
Identified minimum at position [0.6234994  0.02803776] with unbiased energy -108.16672411685238
Identified minimum at position [-0.05003325  0.46669897] with unbiased energy -80.76781806869877
Identified minimum at position [-0.55822362  1.44172586] with unbiased energy -146.6995172099539
Simulation completed.


Energies of found minima:
Minimum 1: Position = [0.6234994  0.02803776], Energy = -108.16672411685238
Minimum 2: Position = [-0.05003325  0.46669897], Energy = -80.76781806869877
Minimum 3: Position = [-0.55822362  1.44172586], Energy = -146.6995172099539

Approximate saddle points between minima:
Saddle 1: Position = [0.292302   0.37679889], Energy = -69.10022463886794
Saddle 2: Position = [-0.52579955  0.30305476], Energy = -39.03478656092559

Computational statistics:
	Total energy calls: 7946
	Energy calls at each min: [1, 1510, 7946]
	Total force calls: 7946
	Force calls at each min: [1, 1510, 7946]
	Total steps: 8369

Verification against reference:
True minima found: 3/3

Verification against reference (saddles):
True saddles found: 0/2
Missed saddles at positions:
[0.21248658 0.29298833]
[-0.82200156  0.6243128 ]
