Starting run 1443
Identified minimum at position [0.6234994  0.02803776] with unbiased energy -108.16672411685238
Identified minimum at position [-0.05003035  0.46669816] with unbiased energy -80.76781808397509
Identified minimum at position [-0.55822365  1.44172583] with unbiased energy -146.69951720995394
Simulation completed.


Energies of found minima:
Minimum 1: Position = [0.6234994  0.02803776], Energy = -108.16672411685238
Minimum 2: Position = [-0.05003035  0.46669816], Energy = -80.76781808397509
Minimum 3: Position = [-0.55822365  1.44172583], Energy = -146.69951720995394

Approximate saddle points between minima:
Saddle 1: Position = [0.30181457 0.31568528], Energy = -70.39171462616244
Saddle 2: Position = [-0.77990075  0.64833473], Energy = -40.258152803239554

Computational statistics:
	Total energy calls: 3506
	Energy calls at each min: [1, 614, 3506]
	Total force calls: 3506
	Force calls at each min: [1, 614, 3506]
	Total steps: 3699

Verification against reference:
True minima found: 3/3

Verification against reference (saddles):
True saddles found: 1/2
Missed saddles at positions:
[0.21248658 0.29298833]
Starting run 124
Identified minimum at position [0.6234994  0.02803776] with unbiased energy -108.16672411685238
Identified minimum at position [-0.05013118  0.46671799] with unbiased energy -80.76781641370391
Identified minimum at position [-0.55822364  1.44172583] with unbiased energy -146.69951720995397
Simulation completed.


Energies of found minima:
Minimum 1: Position = [0.6234994  0.02803776], Energy = -108.16672411685238
Minimum 2: Position = [-0.05013118  0.46671799], Energy = -80.76781641370391
Minimum 3: Position = [-0.55822364  1.44172583], Energy = -146.69951720995397

Approximate saddle points between minima:
Saddle 1: Position = [ 0.68162209 -0.16433485], Energy = -52.07360163136552
Saddle 2: Position = [0.25221604 0.79390353], Energy = -0.09877563167847114

Computational statistics:
	Total energy calls: 6974
	Energy calls at each min: [1, 1265, 6974]
	Total force calls: 6974
	Force calls at each min: [1, 1265, 6974]
	Total steps: 7340

Verification against reference:
True minima found: 3/3

Verification against reference (saddles):
True saddles found: 0/2
Missed saddles at positions:
[0.21248658 0.29298833]
[-0.82200156  0.6243128 ]
Starting run 866
Identified minimum at position [0.6234994  0.02803776] with unbiased energy -108.16672411685238
Identified minimum at position [-0.05001696  0.46669546] with unbiased energy -80.76781812506171
Identified minimum at position [-0.55822364  1.44172583] with unbiased energy -146.69951720995397
Simulation completed.


Energies of found minima:
Minimum 1: Position = [0.6234994  0.02803776], Energy = -108.16672411685238
Minimum 2: Position = [-0.05001696  0.46669546], Energy = -80.76781812506171
Minimum 3: Position = [-0.55822364  1.44172583], Energy = -146.69951720995397

Approximate saddle points between minima:
Saddle 1: Position = [0.12656783 0.24209894], Energy = -69.83999929776937
Saddle 2: Position = [-0.56583906  0.70098853], Energy = -36.39360492204446

Computational statistics:
	Total energy calls: 9045
	Energy calls at each min: [1, 1612, 9045]
	Total force calls: 9045
	Force calls at each min: [1, 1612, 9045]
	Total steps: 9532

Verification against reference:
True minima found: 3/3

Verification against reference (saddles):
True saddles found: 0/2
Missed saddles at positions:
[0.21248658 0.29298833]
[-0.82200156  0.6243128 ]
Starting run 1188
Identified minimum at position [0.6234994  0.02803776] with unbiased energy -108.16672411685238
Identified minimum at position [-0.05001219  0.46669447] with unbiased energy -80.76781812941297
Identified minimum at position [-0.55822364  1.44172584] with unbiased energy -146.69951720995402
Simulation completed.


Energies of found minima:
Minimum 1: Position = [0.6234994  0.02803776], Energy = -108.16672411685238
Minimum 2: Position = [-0.05001219  0.46669447], Energy = -80.76781812941297
Minimum 3: Position = [-0.55822364  1.44172584], Energy = -146.69951720995402

Approximate saddle points between minima:
Saddle 1: Position = [0.83386924 0.15128279], Energy = -66.76672428507591
Saddle 2: Position = [-0.90478418  0.60007846], Energy = -40.214290776733534

Computational statistics:
	Total energy calls: 3983
	Energy calls at each min: [1, 1879, 3983]
	Total force calls: 3983
	Force calls at each min: [1, 1879, 3983]
	Total steps: 4196

Verification against reference:
True minima found: 3/3

Verification against reference (saddles):
True saddles found: 0/2
Missed saddles at positions:
[0.21248658 0.29298833]
[-0.82200156  0.6243128 ]
Starting run 189
Identified minimum at position [0.6234994  0.02803776] with unbiased energy -108.16672411685238
Identified minimum at position [-0.05005583  0.46670693] with unbiased energy -80.76781785435617
Identified minimum at position [-0.55822362  1.44172586] with unbiased energy -146.69951720995388
Simulation completed.


Energies of found minima:
Minimum 1: Position = [0.6234994  0.02803776], Energy = -108.16672411685238
Minimum 2: Position = [-0.05005583  0.46670693], Energy = -80.76781785435617
Minimum 3: Position = [-0.55822362  1.44172586], Energy = -146.69951720995388

Approximate saddle points between minima:
Saddle 1: Position = [0.25228757 0.36037878], Energy = -71.39195827352574
Saddle 2: Position = [-0.85380927  0.52201311], Energy = -38.05739975100293

Computational statistics:
	Total energy calls: 9581
	Energy calls at each min: [1, 1348, 9581]
	Total force calls: 9581
	Force calls at each min: [1, 1348, 9581]
	Total steps: 10063

Verification against reference:
True minima found: 3/3

Verification against reference (saddles):
True saddles found: 0/2
Missed saddles at positions:
[0.21248658 0.29298833]
[-0.82200156  0.6243128 ]
Starting run 1403
Identified minimum at position [0.6234994  0.02803776] with unbiased energy -108.16672411685238
Identified minimum at position [-0.0501355  0.4667199] with unbiased energy -80.76781626933062
Identified minimum at position [-0.55822363  1.44172585] with unbiased energy -146.699517209954
Simulation completed.


Energies of found minima:
Minimum 1: Position = [0.6234994  0.02803776], Energy = -108.16672411685238
Minimum 2: Position = [-0.0501355  0.4667199], Energy = -80.76781626933062
Minimum 3: Position = [-0.55822363  1.44172585], Energy = -146.699517209954

Approximate saddle points between minima:
Saddle 1: Position = [0.44570624 0.26425174], Energy = -70.20825386929478
Saddle 2: Position = [ 0.53933558 -0.26951836], Energy = -3.0664042698008416

Computational statistics:
	Total energy calls: 8372
	Energy calls at each min: [1, 928, 8372]
	Total force calls: 8372
	Force calls at each min: [1, 928, 8372]
	Total steps: 8767

Verification against reference:
True minima found: 3/3

Verification against reference (saddles):
True saddles found: 0/2
Missed saddles at positions:
[0.21248658 0.29298833]
[-0.82200156  0.6243128 ]
Starting run 829
Identified minimum at position [0.6234994  0.02803776] with unbiased energy -108.16672411685238
Identified minimum at position [-0.05001394  0.46669496] with unbiased energy -80.76781812837169
Identified minimum at position [-0.55822364  1.44172584] with unbiased energy -146.699517209954
Simulation completed.


Energies of found minima:
Minimum 1: Position = [0.6234994  0.02803776], Energy = -108.16672411685238
Minimum 2: Position = [-0.05001394  0.46669496], Energy = -80.76781812837169
Minimum 3: Position = [-0.55822364  1.44172584], Energy = -146.699517209954

Approximate saddle points between minima:
Saddle 1: Position = [0.2508398  0.32202967], Energy = -71.6628603661201
Saddle 2: Position = [-0.18712106  0.09619351], Energy = -36.29813659177316

Computational statistics:
	Total energy calls: 15216
	Energy calls at each min: [1, 2252, 15216]
	Total force calls: 15216
	Force calls at each min: [1, 2252, 15216]
	Total steps: 15999

Verification against reference:
True minima found: 3/3

Verification against reference (saddles):
True saddles found: 1/2
Missed saddles at positions:
[-0.82200156  0.6243128 ]
Starting run 1399
Identified minimum at position [0.6234994  0.02803776] with unbiased energy -108.16672411685238
Identified minimum at position [-0.05005607  0.46670316] with unbiased energy -80.76781788667553
Identified minimum at position [-0.55822351  1.44172599] with unbiased energy -146.69951720994592
Simulation completed.


Energies of found minima:
Minimum 1: Position = [0.6234994  0.02803776], Energy = -108.16672411685238
Minimum 2: Position = [-0.05005607  0.46670316], Energy = -80.76781788667553
Minimum 3: Position = [-0.55822351  1.44172599], Energy = -146.69951720994592

Approximate saddle points between minima:
Saddle 1: Position = [ 0.64941808 -0.1281816 ], Energy = -70.94692104890372
Saddle 2: Position = [-0.80680644  0.47665272], Energy = -38.33079695915539

Computational statistics:
	Total energy calls: 4372
	Energy calls at each min: [1, 1412, 4372]
	Total force calls: 4372
	Force calls at each min: [1, 1412, 4372]
	Total steps: 4604

Verification against reference:
True minima found: 3/3

Verification against reference (saddles):
True saddles found: 0/2
Missed saddles at positions:
[0.21248658 0.29298833]
[-0.82200156  0.6243128 ]
Starting run 905
Identified minimum at position [0.6234994  0.02803776] with unbiased energy -108.16672411685238
Identified minimum at position [-0.05004651  0.46670127] with unbiased energy -80.7678179784317
Identified minimum at position [-0.55822362  1.44172586] with unbiased energy -146.6995172099539
Simulation completed.


Energies of found minima:
Minimum 1: Position = [0.6234994  0.02803776], Energy = -108.16672411685238
Minimum 2: Position = [-0.05004651  0.46670127], Energy = -80.7678179784317
Minimum 3: Position = [-0.55822362  1.44172586], Energy = -146.6995172099539

Approximate saddle points between minima:
Saddle 1: Position = [0.9630758  0.02207728], Energy = -65.34271766271024
Saddle 2: Position = [-0.77339175  0.63624667], Energy = -40.585913612576945

Computational statistics:
	Total energy calls: 2661
	Energy calls at each min: [1, 1471, 2661]
	Total force calls: 2661
	Force calls at each min: [1, 1471, 2661]
	Total steps: 2807

Verification against reference:
True minima found: 3/3

Verification against reference (saddles):
True saddles found: 0/2
Missed saddles at positions:
[0.21248658 0.29298833]
[-0.82200156  0.6243128 ]
