Starting run 1128
Identified minimum at position [0.6234994  0.02803776] with unbiased energy -108.16672411685238
Identified minimum at position [-0.05005558  0.46670294] with unbiased energy -80.76781789267181
Identified minimum at position [-0.55822364  1.44172584] with unbiased energy -146.699517209954
Simulation completed.


Energies of found minima:
Minimum 1: Position = [0.6234994  0.02803776], Energy = -108.16672411685238
Minimum 2: Position = [-0.05005558  0.46670294], Energy = -80.76781789267181
Minimum 3: Position = [-0.55822364  1.44172584], Energy = -146.699517209954

Approximate saddle points between minima:
Saddle 1: Position = [0.92090395 0.12673141], Energy = -56.13967083609029
Saddle 2: Position = [0.53693987 0.70985364], Energy = 14.321085280713092

Computational statistics:
	Total energy calls: 4914
	Energy calls at each min: [1, 1182, 4914]
	Total force calls: 4914
	Force calls at each min: [1, 1182, 4914]
	Total steps: 5174

Verification against reference:
True minima found: 3/3

Verification against reference (saddles):
True saddles found: 0/2
Missed saddles at positions:
[0.21248658 0.29298833]
[-0.82200156  0.6243128 ]
Starting run 410
Identified minimum at position [0.6234994  0.02803776] with unbiased energy -108.16672411685238
Identified minimum at position [-0.05012296  0.46671663] with unbiased energy -80.76781663581438
Identified minimum at position [-0.55822362  1.44172585] with unbiased energy -146.69951720995397
Simulation completed.


Energies of found minima:
Minimum 1: Position = [0.6234994  0.02803776], Energy = -108.16672411685238
Minimum 2: Position = [-0.05012296  0.46671663], Energy = -80.76781663581438
Minimum 3: Position = [-0.55822362  1.44172585], Energy = -146.69951720995397

Approximate saddle points between minima:
Saddle 1: Position = [0.24154242 0.31874544], Energy = -71.89087240156823
Saddle 2: Position = [0.27484689 0.72670335], Energy = -16.059902469492165

Computational statistics:
	Total energy calls: 7383
	Energy calls at each min: [1, 701, 7383]
	Total force calls: 7383
	Force calls at each min: [1, 701, 7383]
	Total steps: 7768

Verification against reference:
True minima found: 3/3

Verification against reference (saddles):
True saddles found: 1/2
Missed saddles at positions:
[-0.82200156  0.6243128 ]
Starting run 1232
Identified minimum at position [0.6234994  0.02803776] with unbiased energy -108.16672411685238
Identified minimum at position [-0.05001373  0.46669468] with unbiased energy -80.76781812865666
Identified minimum at position [-0.55822364  1.44172584] with unbiased energy -146.699517209954
Simulation completed.


Energies of found minima:
Minimum 1: Position = [0.6234994  0.02803776], Energy = -108.16672411685238
Minimum 2: Position = [-0.05001373  0.46669468], Energy = -80.76781812865666
Minimum 3: Position = [-0.55822364  1.44172584], Energy = -146.699517209954

Approximate saddle points between minima:
Saddle 1: Position = [0.2745351  0.31272911], Energy = -71.25827096207078
Saddle 2: Position = [-0.6497223   0.36306832], Energy = -39.09670657306215

Computational statistics:
	Total energy calls: 2952
	Energy calls at each min: [1, 445, 2952]
	Total force calls: 2952
	Force calls at each min: [1, 445, 2952]
	Total steps: 3106

Verification against reference:
True minima found: 3/3

Verification against reference (saddles):
True saddles found: 0/2
Missed saddles at positions:
[0.21248658 0.29298833]
[-0.82200156  0.6243128 ]
Starting run 142
Identified minimum at position [0.6234994  0.02803776] with unbiased energy -108.16672411685238
Identified minimum at position [-0.05013162  0.46671821] with unbiased energy -80.76781639884399
Identified minimum at position [-0.55822365  1.44172583] with unbiased energy -146.69951720995394
Simulation completed.


Energies of found minima:
Minimum 1: Position = [0.6234994  0.02803776], Energy = -108.16672411685238
Minimum 2: Position = [-0.05013162  0.46671821], Energy = -80.76781639884399
Minimum 3: Position = [-0.55822365  1.44172583], Energy = -146.69951720995394

Approximate saddle points between minima:
Saddle 1: Position = [0.28015175 0.37539167], Energy = -69.84288528573668
Saddle 2: Position = [-0.19747723 -0.24545276], Energy = 11.811957610326072

Computational statistics:
	Total energy calls: 5901
	Energy calls at each min: [1, 911, 5901]
	Total force calls: 5901
	Force calls at each min: [1, 911, 5901]
	Total steps: 6209

Verification against reference:
True minima found: 3/3

Verification against reference (saddles):
True saddles found: 0/2
Missed saddles at positions:
[0.21248658 0.29298833]
[-0.82200156  0.6243128 ]
Starting run 559
Identified minimum at position [0.6234994  0.02803776] with unbiased energy -108.16672411685238
Identified minimum at position [-0.05003149  0.46669957] with unbiased energy -80.76781807378937
Identified minimum at position [-0.55822364  1.44172583] with unbiased energy -146.69951720995397
Simulation completed.


Energies of found minima:
Minimum 1: Position = [0.6234994  0.02803776], Energy = -108.16672411685238
Minimum 2: Position = [-0.05003149  0.46669957], Energy = -80.76781807378937
Minimum 3: Position = [-0.55822364  1.44172583], Energy = -146.69951720995397

Approximate saddle points between minima:
Saddle 1: Position = [0.27685052 0.312744  ], Energy = -71.20124645278008
Saddle 2: Position = [-0.12063853  0.00899014], Energy = -35.380794828510645

Computational statistics:
	Total energy calls: 6075
	Energy calls at each min: [1, 944, 6075]
	Total force calls: 6075
	Force calls at each min: [1, 944, 6075]
	Total steps: 6406

Verification against reference:
True minima found: 3/3

Verification against reference (saddles):
True saddles found: 0/2
Missed saddles at positions:
[0.21248658 0.29298833]
[-0.82200156  0.6243128 ]
Starting run 428
Identified minimum at position [0.6234994  0.02803776] with unbiased energy -108.16672411685238
Identified minimum at position [-0.05012621  0.46671803] with unbiased energy -80.76781653517529
Identified minimum at position [-0.55822365  1.44172583] with unbiased energy -146.6995172099539
Simulation completed.


Energies of found minima:
Minimum 1: Position = [0.6234994  0.02803776], Energy = -108.16672411685238
Minimum 2: Position = [-0.05012621  0.46671803], Energy = -80.76781653517529
Minimum 3: Position = [-0.55822365  1.44172583], Energy = -146.6995172099539

Approximate saddle points between minima:
Saddle 1: Position = [0.57461303 0.23590582], Energy = -69.24496319843722
Saddle 2: Position = [-0.16291021  0.81185344], Energy = -14.33754379265747

Computational statistics:
	Total energy calls: 11191
	Energy calls at each min: [1, 1097, 11191]
	Total force calls: 11191
	Force calls at each min: [1, 1097, 11191]
	Total steps: 11783

Verification against reference:
True minima found: 3/3

Verification against reference (saddles):
True saddles found: 0/2
Missed saddles at positions:
[0.21248658 0.29298833]
[-0.82200156  0.6243128 ]
Starting run 175
Identified minimum at position [0.6234994  0.02803776] with unbiased energy -108.16672411685238
Identified minimum at position [-0.0507274  0.4669141] with unbiased energy -80.76774514835887
Identified minimum at position [-0.55822365  1.44172583] with unbiased energy -146.6995172099539
Simulation completed.


Energies of found minima:
Minimum 1: Position = [0.6234994  0.02803776], Energy = -108.16672411685238
Minimum 2: Position = [-0.0507274  0.4669141], Energy = -80.76774514835887
Minimum 3: Position = [-0.55822365  1.44172583], Energy = -146.6995172099539

Approximate saddle points between minima:
Saddle 1: Position = [0.22675712 0.3322337 ], Energy = -72.21079317941806
Saddle 2: Position = [-0.78151106  0.63606265], Energy = -40.564910337057235

Computational statistics:
	Total energy calls: 13026
	Energy calls at each min: [1, 1993, 13026]
	Total force calls: 13026
	Force calls at each min: [1, 1993, 13026]
	Total steps: 13663

Verification against reference:
True minima found: 3/3

Verification against reference (saddles):
True saddles found: 2/2
Starting run 628
Identified minimum at position [0.6234994  0.02803776] with unbiased energy -108.16672411685238
Identified minimum at position [-0.55822361  1.44172586] with unbiased energy -146.69951720995383
Approximate Hessian has condition number >1e6 and cannot be reliably trusted; reverting to default behavior. 
Eigenvalues: [3.86159401e-04 7.14400345e+06]
Approximate Hessian has condition number >1e6 and cannot be reliably trusted; reverting to default behavior. 
Eigenvalues: [6.17043581e-04 3.57742199e+07]
Approximate Hessian has condition number >1e6 and cannot be reliably trusted; reverting to default behavior. 
Eigenvalues: [2.38418579e-07 6.79864525e+09]
Approximate Hessian has condition number >1e6 and cannot be reliably trusted; reverting to default behavior. 
Eigenvalues: [3.46898625e-04 1.90316468e+06]
Approximate Hessian has condition number >1e6 and cannot be reliably trusted; reverting to default behavior. 
Eigenvalues: [5.42288792e-04 5.72303240e+05]
Approximate Hessian has condition number >1e6 and cannot be reliably trusted; reverting to default behavior. 
Eigenvalues: [1.9414659e-04 5.6899391e+04]
Simulation completed.


Energies of found minima:
Minimum 1: Position = [0.6234994  0.02803776], Energy = -108.16672411685238
Minimum 2: Position = [-0.55822361  1.44172586], Energy = -146.69951720995383

Approximate saddle points between minima:
Saddle 1: Position = [-0.23081573  0.79152134], Energy = -19.861419493012807

Computational statistics:
	Total energy calls: 652537
	Energy calls at each min: [1, 4978]
	Total force calls: 652537
	Force calls at each min: [1, 4978]
	Total steps: 688491

Verification against reference:
True minima found: 2/3
Missed minima at positions:
[-0.05001082  0.4666941 ]

Verification against reference (saddles):
True saddles found: 0/2
Missed saddles at positions:
[0.21248658 0.29298833]
[-0.82200156  0.6243128 ]
Starting run 964
Identified minimum at position [0.6234994  0.02803776] with unbiased energy -108.16672411685238
Identified minimum at position [-0.05002475  0.46669684] with unbiased energy -80.76781810672871
Identified minimum at position [-0.55822362  1.44172586] with unbiased energy -146.6995172099539
Simulation completed.


Energies of found minima:
Minimum 1: Position = [0.6234994  0.02803776], Energy = -108.16672411685238
Minimum 2: Position = [-0.05002475  0.46669684], Energy = -80.76781810672871
Minimum 3: Position = [-0.55822362  1.44172586], Energy = -146.6995172099539

Approximate saddle points between minima:
Saddle 1: Position = [ 0.4790035  -0.14033196], Energy = -63.87056991509043
Saddle 2: Position = [1.10471166 0.06298969], Energy = -5.7818092143147055

Computational statistics:
	Total energy calls: 6860
	Energy calls at each min: [1, 1132, 6860]
	Total force calls: 6860
	Force calls at each min: [1, 1132, 6860]
	Total steps: 7231

Verification against reference:
True minima found: 3/3

Verification against reference (saddles):
True saddles found: 0/2
Missed saddles at positions:
[0.21248658 0.29298833]
[-0.82200156  0.6243128 ]
