Starting run 181
Identified minimum at position [0.6234994  0.02803776] with unbiased energy -108.16672411685238
Identified minimum at position [-0.05003318  0.46669949] with unbiased energy -80.7678180668847
Identified minimum at position [-0.55822362  1.44172586] with unbiased energy -146.6995172099539
Simulation completed.


Energies of found minima:
Minimum 1: Position = [0.6234994  0.02803776], Energy = -108.16672411685238
Minimum 2: Position = [-0.05003318  0.46669949], Energy = -80.7678180668847
Minimum 3: Position = [-0.55822362  1.44172586], Energy = -146.6995172099539

Approximate saddle points between minima:
Saddle 1: Position = [0.12889427 0.20978276], Energy = -69.48649874678341
Saddle 2: Position = [-0.20358904  0.10464915], Energy = -35.486489675422646

Computational statistics:
	Total energy calls: 14799
	Energy calls at each min: [1, 1776, 14799]
	Total force calls: 14799
	Force calls at each min: [1, 1776, 14799]
	Total steps: 15573

Verification against reference:
True minima found: 3/3

Verification against reference (saddles):
True saddles found: 0/2
Missed saddles at positions:
[0.21248658 0.29298833]
[-0.82200156  0.6243128 ]
Starting run 957
Identified minimum at position [0.6234994  0.02803776] with unbiased energy -108.16672411685238
Identified minimum at position [-0.05001129  0.46669419] with unbiased energy -80.76781812963335
Identified minimum at position [-0.55822362  1.44172586] with unbiased energy -146.6995172099539
Simulation completed.


Energies of found minima:
Minimum 1: Position = [0.6234994  0.02803776], Energy = -108.16672411685238
Minimum 2: Position = [-0.05001129  0.46669419], Energy = -80.76781812963335
Minimum 3: Position = [-0.55822362  1.44172586], Energy = -146.6995172099539

Approximate saddle points between minima:
Saddle 1: Position = [0.3071039  0.30992632], Energy = -70.46987566025871
Saddle 2: Position = [-0.53649952  0.72122192], Energy = -33.50728898978202

Computational statistics:
	Total energy calls: 3393
	Energy calls at each min: [1, 922, 3393]
	Total force calls: 3393
	Force calls at each min: [1, 922, 3393]
	Total steps: 3581

Verification against reference:
True minima found: 3/3

Verification against reference (saddles):
True saddles found: 0/2
Missed saddles at positions:
[0.21248658 0.29298833]
[-0.82200156  0.6243128 ]
Starting run 767
Identified minimum at position [0.6234994  0.02803776] with unbiased energy -108.16672411685238
Identified minimum at position [-0.05002629  0.4666977 ] with unbiased energy -80.76781809999021
Identified minimum at position [-0.55822362  1.44172585] with unbiased energy -146.69951720995394
Simulation completed.


Energies of found minima:
Minimum 1: Position = [0.6234994  0.02803776], Energy = -108.16672411685238
Minimum 2: Position = [-0.05002629  0.4666977 ], Energy = -80.76781809999021
Minimum 3: Position = [-0.55822362  1.44172585], Energy = -146.69951720995394

Approximate saddle points between minima:
Saddle 1: Position = [0.08150043 0.17302858], Energy = -65.77333626057933
Saddle 2: Position = [-0.5423392   0.28076728], Energy = -34.048776169960355

Computational statistics:
	Total energy calls: 4122
	Energy calls at each min: [1, 1144, 4122]
	Total force calls: 4122
	Force calls at each min: [1, 1144, 4122]
	Total steps: 4345

Verification against reference:
True minima found: 3/3

Verification against reference (saddles):
True saddles found: 0/2
Missed saddles at positions:
[0.21248658 0.29298833]
[-0.82200156  0.6243128 ]
Starting run 271
Identified minimum at position [0.6234994  0.02803776] with unbiased energy -108.16672411685238
Identified minimum at position [-0.05001113  0.46669419] with unbiased energy -80.76781812964636
Identified minimum at position [-0.55822362  1.44172586] with unbiased energy -146.69951720995385
Simulation completed.


Energies of found minima:
Minimum 1: Position = [0.6234994  0.02803776], Energy = -108.16672411685238
Minimum 2: Position = [-0.05001113  0.46669419], Energy = -80.76781812964636
Minimum 3: Position = [-0.55822362  1.44172586], Energy = -146.69951720995385

Approximate saddle points between minima:
Saddle 1: Position = [0.94287453 0.00615706], Energy = -70.80178055911998
Saddle 2: Position = [-0.82161636  0.57082224], Energy = -40.52446994509398

Computational statistics:
	Total energy calls: 3633
	Energy calls at each min: [1, 1168, 3633]
	Total force calls: 3633
	Force calls at each min: [1, 1168, 3633]
	Total steps: 3832

Verification against reference:
True minima found: 3/3

Verification against reference (saddles):
True saddles found: 0/2
Missed saddles at positions:
[0.21248658 0.29298833]
[-0.82200156  0.6243128 ]
Starting run 526
Identified minimum at position [0.6234994  0.02803776] with unbiased energy -108.16672411685238
Identified minimum at position [-0.05001984  0.46669592] with unbiased energy -80.7678181199965
Identified minimum at position [-0.55822362  1.44172586] with unbiased energy -146.69951720995397
Simulation completed.


Energies of found minima:
Minimum 1: Position = [0.6234994  0.02803776], Energy = -108.16672411685238
Minimum 2: Position = [-0.05001984  0.46669592], Energy = -80.7678181199965
Minimum 3: Position = [-0.55822362  1.44172586], Energy = -146.69951720995397

Approximate saddle points between minima:
Saddle 1: Position = [0.10840717 0.16629868], Energy = -67.83442060395868
Saddle 2: Position = [-0.9088741   0.59105803], Energy = -39.778803444794136

Computational statistics:
	Total energy calls: 10256
	Energy calls at each min: [1, 1476, 10256]
	Total force calls: 10256
	Force calls at each min: [1, 1476, 10256]
	Total steps: 10798

Verification against reference:
True minima found: 3/3

Verification against reference (saddles):
True saddles found: 0/2
Missed saddles at positions:
[0.21248658 0.29298833]
[-0.82200156  0.6243128 ]
Starting run 1165
Identified minimum at position [0.6234994  0.02803776] with unbiased energy -108.16672411685238
Identified minimum at position [-0.05582261  0.46762833] with unbiased energy -80.76395712053333
Identified minimum at position [-0.55822365  1.44172583] with unbiased energy -146.6995172099539
Simulation completed.


Energies of found minima:
Minimum 1: Position = [0.6234994  0.02803776], Energy = -108.16672411685238
Minimum 2: Position = [-0.05582261  0.46762833], Energy = -80.76395712053333
Minimum 3: Position = [-0.55822365  1.44172583], Energy = -146.6995172099539

Approximate saddle points between minima:
Saddle 1: Position = [0.17861254 0.2932561 ], Energy = -72.14190817894632
Saddle 2: Position = [0.56319876 0.43457163], Energy = -33.69975833906736

Computational statistics:
	Total energy calls: 12269
	Energy calls at each min: [1, 1661, 12269]
	Total force calls: 12269
	Force calls at each min: [1, 1661, 12269]
	Total steps: 12896

Verification against reference:
True minima found: 2/3
Missed minima at positions:
[-0.05001082  0.4666941 ]

Verification against reference (saddles):
True saddles found: 1/2
Missed saddles at positions:
[-0.82200156  0.6243128 ]
Starting run 1462
Identified minimum at position [0.6234994  0.02803776] with unbiased energy -108.16672411685238
Identified minimum at position [-0.05001244  0.46669461] with unbiased energy -80.76781812928508
Identified minimum at position [-0.55822365  1.44172582] with unbiased energy -146.69951720995385
Simulation completed.


Energies of found minima:
Minimum 1: Position = [0.6234994  0.02803776], Energy = -108.16672411685238
Minimum 2: Position = [-0.05001244  0.46669461], Energy = -80.76781812928508
Minimum 3: Position = [-0.55822365  1.44172582], Energy = -146.69951720995385

Approximate saddle points between minima:
Saddle 1: Position = [0.22473927 0.28737024], Energy = -72.27830759881172
Saddle 2: Position = [0.98848662 0.1303252 ], Energy = -34.63227520351185

Computational statistics:
	Total energy calls: 22408
	Energy calls at each min: [1, 2867, 22408]
	Total force calls: 22408
	Force calls at each min: [1, 2867, 22408]
	Total steps: 23504

Verification against reference:
True minima found: 3/3

Verification against reference (saddles):
True saddles found: 1/2
Missed saddles at positions:
[-0.82200156  0.6243128 ]
Starting run 884
Identified minimum at position [0.6234994  0.02803776] with unbiased energy -108.16672411685238
Identified minimum at position [-0.05001087  0.46669411] with unbiased energy -80.76781812965879
Identified minimum at position [-0.55822362  1.44172585] with unbiased energy -146.6995172099539
Simulation completed.


Energies of found minima:
Minimum 1: Position = [0.6234994  0.02803776], Energy = -108.16672411685238
Minimum 2: Position = [-0.05001087  0.46669411], Energy = -80.76781812965879
Minimum 3: Position = [-0.55822362  1.44172585], Energy = -146.6995172099539

Approximate saddle points between minima:
Saddle 1: Position = [0.17914189 0.23941876], Energy = -71.83235148857548
Saddle 2: Position = [-0.9204443   0.55977577], Energy = -37.99459774253432

Computational statistics:
	Total energy calls: 5832
	Energy calls at each min: [1, 1255, 5832]
	Total force calls: 5832
	Force calls at each min: [1, 1255, 5832]
	Total steps: 6149

Verification against reference:
True minima found: 3/3

Verification against reference (saddles):
True saddles found: 0/2
Missed saddles at positions:
[0.21248658 0.29298833]
[-0.82200156  0.6243128 ]
Starting run 1397
Identified minimum at position [0.6234994  0.02803776] with unbiased energy -108.16672411685238
Identified minimum at position [-0.05002529  0.4666971 ] with unbiased energy -80.76781810460204
Identified minimum at position [-0.55822365  1.44172583] with unbiased energy -146.69951720995397
Simulation completed.


Energies of found minima:
Minimum 1: Position = [0.6234994  0.02803776], Energy = -108.16672411685238
Minimum 2: Position = [-0.05002529  0.4666971 ], Energy = -80.76781810460204
Minimum 3: Position = [-0.55822365  1.44172583], Energy = -146.69951720995397

Approximate saddle points between minima:
Saddle 1: Position = [ 0.57455486 -0.15184675], Energy = -61.01393064900219
Saddle 2: Position = [-0.81738584  0.47317776], Energy = -37.44465686862735

Computational statistics:
	Total energy calls: 5590
	Energy calls at each min: [1, 1814, 5590]
	Total force calls: 5590
	Force calls at each min: [1, 1814, 5590]
	Total steps: 5886

Verification against reference:
True minima found: 3/3

Verification against reference (saddles):
True saddles found: 0/2
Missed saddles at positions:
[0.21248658 0.29298833]
[-0.82200156  0.6243128 ]
