Starting run 1030
Identified minimum at position [0.6234994  0.02803776] with unbiased energy -108.16672411685238
Identified minimum at position [-0.05002675  0.46669981] with unbiased energy -80.76781808928538
Identified minimum at position [-0.55822364  1.44172584] with unbiased energy -146.69951720995402
Simulation completed.


Energies of found minima:
Minimum 1: Position = [0.6234994  0.02803776], Energy = -108.16672411685238
Minimum 2: Position = [-0.05002675  0.46669981], Energy = -80.76781808928538
Minimum 3: Position = [-0.55822364  1.44172584], Energy = -146.69951720995402

Approximate saddle points between minima:
Saddle 1: Position = [0.29729286 0.32312965], Energy = -70.27048452476046
Saddle 2: Position = [-0.84320557  0.5554456 ], Energy = -39.60106403434365

Computational statistics:
	Total energy calls: 4505
	Energy calls at each min: [1, 1016, 4505]
	Total force calls: 4505
	Force calls at each min: [1, 1016, 4505]
	Total steps: 4743

Verification against reference:
True minima found: 3/3

Verification against reference (saddles):
True saddles found: 0/2
Missed saddles at positions:
[0.21248658 0.29298833]
[-0.82200156  0.6243128 ]
Starting run 867
Identified minimum at position [0.6234994  0.02803776] with unbiased energy -108.16672411685238
Identified minimum at position [-0.0500194   0.46669625] with unbiased energy -80.767818120264
Identified minimum at position [-0.55822365  1.44172582] with unbiased energy -146.69951720995388
Simulation completed.


Energies of found minima:
Minimum 1: Position = [0.6234994  0.02803776], Energy = -108.16672411685238
Minimum 2: Position = [-0.0500194   0.46669625], Energy = -80.767818120264
Minimum 3: Position = [-0.55822365  1.44172582], Energy = -146.69951720995388

Approximate saddle points between minima:
Saddle 1: Position = [0.08397603 0.18448654], Energy = -66.1852336982652
Saddle 2: Position = [-0.8220295   0.58295396], Energy = -40.59913895208594

Computational statistics:
	Total energy calls: 4186
	Energy calls at each min: [1, 1296, 4186]
	Total force calls: 4186
	Force calls at each min: [1, 1296, 4186]
	Total steps: 4409

Verification against reference:
True minima found: 3/3

Verification against reference (saddles):
True saddles found: 1/2
Missed saddles at positions:
[0.21248658 0.29298833]
Starting run 60
Identified minimum at position [0.6234994  0.02803776] with unbiased energy -108.16672411685238
Identified minimum at position [-0.05004023  0.46670259] with unbiased energy -80.76781801129894
Identified minimum at position [-0.55822365  1.44172583] with unbiased energy -146.69951720995397
Simulation completed.


Energies of found minima:
Minimum 1: Position = [0.6234994  0.02803776], Energy = -108.16672411685238
Minimum 2: Position = [-0.05004023  0.46670259], Energy = -80.76781801129894
Minimum 3: Position = [-0.55822365  1.44172583], Energy = -146.69951720995397

Approximate saddle points between minima:
Saddle 1: Position = [0.24384377 0.29130393], Energy = -72.17888681858562
Saddle 2: Position = [-0.59432042  0.70709286], Energy = -35.34291716925454

Computational statistics:
	Total energy calls: 5803
	Energy calls at each min: [1, 1057, 5803]
	Total force calls: 5803
	Force calls at each min: [1, 1057, 5803]
	Total steps: 6109

Verification against reference:
True minima found: 3/3

Verification against reference (saddles):
True saddles found: 1/2
Missed saddles at positions:
[-0.82200156  0.6243128 ]
Starting run 1184
Identified minimum at position [0.6234994  0.02803776] with unbiased energy -108.16672411685238
Identified minimum at position [-0.05026191  0.46681167] with unbiased energy -80.767804956546
Identified minimum at position [-0.55822364  1.44172584] with unbiased energy -146.699517209954
Simulation completed.


Energies of found minima:
Minimum 1: Position = [0.6234994  0.02803776], Energy = -108.16672411685238
Minimum 2: Position = [-0.05026191  0.46681167], Energy = -80.767804956546
Minimum 3: Position = [-0.55822364  1.44172584], Energy = -146.699517209954

Approximate saddle points between minima:
Saddle 1: Position = [0.11656204 0.24761836], Energy = -69.57946968880951
Saddle 2: Position = [-0.79857274  0.64109088], Energy = -40.492125890319

Computational statistics:
	Total energy calls: 5633
	Energy calls at each min: [1, 1778, 5633]
	Total force calls: 5633
	Force calls at each min: [1, 1778, 5633]
	Total steps: 5924

Verification against reference:
True minima found: 3/3

Verification against reference (saddles):
True saddles found: 1/2
Missed saddles at positions:
[0.21248658 0.29298833]
Starting run 855
Identified minimum at position [0.6234994  0.02803776] with unbiased energy -108.16672411685238
Identified minimum at position [-0.05008634  0.46671353] with unbiased energy -80.76781739333222
Identified minimum at position [-0.55822363  1.44172584] with unbiased energy -146.69951720995402
Simulation completed.


Energies of found minima:
Minimum 1: Position = [0.6234994  0.02803776], Energy = -108.16672411685238
Minimum 2: Position = [-0.05008634  0.46671353], Energy = -80.76781739333222
Minimum 3: Position = [-0.55822363  1.44172584], Energy = -146.69951720995402

Approximate saddle points between minima:
Saddle 1: Position = [0.1989728 0.2964766], Energy = -72.25862310722835
Saddle 2: Position = [-0.79022029  0.63411879], Energy = -40.591801066512744

Computational statistics:
	Total energy calls: 6296
	Energy calls at each min: [1, 1774, 6296]
	Total force calls: 6296
	Force calls at each min: [1, 1774, 6296]
	Total steps: 6624

Verification against reference:
True minima found: 3/3

Verification against reference (saddles):
True saddles found: 2/2
Starting run 18
Identified minimum at position [0.6234994  0.02803776] with unbiased energy -108.16672411685238
Identified minimum at position [-0.05001713  0.46669573] with unbiased energy -80.76781812451735
Identified minimum at position [-0.55822364  1.44172583] with unbiased energy -146.699517209954
Simulation completed.


Energies of found minima:
Minimum 1: Position = [0.6234994  0.02803776], Energy = -108.16672411685238
Minimum 2: Position = [-0.05001713  0.46669573], Energy = -80.76781812451735
Minimum 3: Position = [-0.55822364  1.44172583], Energy = -146.699517209954

Approximate saddle points between minima:
Saddle 1: Position = [0.23559561 0.29192183], Energy = -72.20879013925816
Saddle 2: Position = [-0.82705662  0.60854867], Energy = -40.61901750808767

Computational statistics:
	Total energy calls: 5477
	Energy calls at each min: [1, 1708, 5477]
	Total force calls: 5477
	Force calls at each min: [1, 1708, 5477]
	Total steps: 5762

Verification against reference:
True minima found: 3/3

Verification against reference (saddles):
True saddles found: 2/2
Starting run 1181
Identified minimum at position [0.6234994  0.02803776] with unbiased energy -108.16672411685238
Identified minimum at position [-0.05031142  0.46676199] with unbiased energy -80.76780703308692
Approximate Hessian has condition number >1e6 and cannot be reliably trusted; reverting to default behavior. 
Eigenvalues: [3.07721992e-03 3.59095021e+05]
Identified minimum at position [-0.55822351  1.44172601] with unbiased energy -146.69951720994314
Simulation completed.


Energies of found minima:
Minimum 1: Position = [0.6234994  0.02803776], Energy = -108.16672411685238
Minimum 2: Position = [-0.05031142  0.46676199], Energy = -80.76780703308692
Minimum 3: Position = [-0.55822351  1.44172601], Energy = -146.69951720994314

Approximate saddle points between minima:
Saddle 1: Position = [0.37582286 0.28087627], Energy = -70.5012458929703
Saddle 2: Position = [0.02748964 0.71622189], Energy = -35.17714554228654

Computational statistics:
	Total energy calls: 8662
	Energy calls at each min: [1, 2021, 8662]
	Total force calls: 8662
	Force calls at each min: [1, 2021, 8662]
	Total steps: 9116

Verification against reference:
True minima found: 3/3

Verification against reference (saddles):
True saddles found: 0/2
Missed saddles at positions:
[0.21248658 0.29298833]
[-0.82200156  0.6243128 ]
Starting run 966
Identified minimum at position [0.6234994  0.02803776] with unbiased energy -108.16672411685238
Identified minimum at position [-0.0500558   0.46670303] with unbiased energy -80.76781788999676
Identified minimum at position [-0.55822366  1.44172582] with unbiased energy -146.69951720995385
Simulation completed.


Energies of found minima:
Minimum 1: Position = [0.6234994  0.02803776], Energy = -108.16672411685238
Minimum 2: Position = [-0.0500558   0.46670303], Energy = -80.76781788999676
Minimum 3: Position = [-0.55822366  1.44172582], Energy = -146.69951720995385

Approximate saddle points between minima:
Saddle 1: Position = [ 0.40963    -0.13925366], Energy = -60.63251422211678
Saddle 2: Position = [0.33729539 0.67412037], Energy = -23.775489999814027

Computational statistics:
	Total energy calls: 2154
	Energy calls at each min: [1, 801, 2154]
	Total force calls: 2154
	Force calls at each min: [1, 801, 2154]
	Total steps: 2266

Verification against reference:
True minima found: 3/3

Verification against reference (saddles):
True saddles found: 0/2
Missed saddles at positions:
[0.21248658 0.29298833]
[-0.82200156  0.6243128 ]
Starting run 1483
Identified minimum at position [0.6234994  0.02803776] with unbiased energy -108.16672411685238
Identified minimum at position [-0.05037441  0.46675805] with unbiased energy -80.76780283247109
Identified minimum at position [-0.55822365  1.44172583] with unbiased energy -146.6995172099539
Simulation completed.


Energies of found minima:
Minimum 1: Position = [0.6234994  0.02803776], Energy = -108.16672411685238
Minimum 2: Position = [-0.05037441  0.46675805], Energy = -80.76780283247109
Minimum 3: Position = [-0.55822365  1.44172583], Energy = -146.6995172099539

Approximate saddle points between minima:
Saddle 1: Position = [0.33775067 0.29657377], Energy = -70.30721844097766
Saddle 2: Position = [-0.79578978  0.47447172], Energy = -38.91611680712644

Computational statistics:
	Total energy calls: 11939
	Energy calls at each min: [1, 1710, 11939]
	Total force calls: 11939
	Force calls at each min: [1, 1710, 11939]
	Total steps: 12555

Verification against reference:
True minima found: 3/3

Verification against reference (saddles):
True saddles found: 0/2
Missed saddles at positions:
[0.21248658 0.29298833]
[-0.82200156  0.6243128 ]
