Starting run 1442
Identified minimum at position [0.6234994  0.02803776] with unbiased energy -108.16672411685238
Identified minimum at position [-0.05001121  0.46669418] with unbiased energy -80.7678181296413
Identified minimum at position [-0.55822364  1.44172584] with unbiased energy -146.69951720995402
Simulation completed.


Energies of found minima:
Minimum 1: Position = [0.6234994  0.02803776], Energy = -108.16672411685238
Minimum 2: Position = [-0.05001121  0.46669418], Energy = -80.7678181296413
Minimum 3: Position = [-0.55822364  1.44172584], Energy = -146.69951720995402

Approximate saddle points between minima:
Saddle 1: Position = [0.30235951 0.31385061], Energy = -70.44803267163522
Saddle 2: Position = [-0.80996145  0.61533157], Energy = -40.74696992007293

Computational statistics:
	Total energy calls: 2531
	Energy calls at each min: [1, 713, 2531]
	Total force calls: 2531
	Force calls at each min: [1, 713, 2531]
	Total steps: 2673

Verification against reference:
True minima found: 3/3

Verification against reference (saddles):
True saddles found: 1/2
Missed saddles at positions:
[0.21248658 0.29298833]
Starting run 358
Identified minimum at position [0.6234994  0.02803776] with unbiased energy -108.16672411685238
Identified minimum at position [-0.0502131  0.4667404] with unbiased energy -80.76781308247264
Identified minimum at position [-0.55822362  1.44172586] with unbiased energy -146.6995172099539
Simulation completed.


Energies of found minima:
Minimum 1: Position = [0.6234994  0.02803776], Energy = -108.16672411685238
Minimum 2: Position = [-0.0502131  0.4667404], Energy = -80.76781308247264
Minimum 3: Position = [-0.55822362  1.44172586], Energy = -146.6995172099539

Approximate saddle points between minima:
Saddle 1: Position = [0.12060889 0.20406102], Energy = -68.94858106378803
Saddle 2: Position = [0.31253227 0.6360664 ], Energy = -36.27943674355108

Computational statistics:
	Total energy calls: 12084
	Energy calls at each min: [1, 1734, 12084]
	Total force calls: 12084
	Force calls at each min: [1, 1734, 12084]
	Total steps: 12690

Verification against reference:
True minima found: 3/3

Verification against reference (saddles):
True saddles found: 0/2
Missed saddles at positions:
[0.21248658 0.29298833]
[-0.82200156  0.6243128 ]
Starting run 332
Identified minimum at position [0.6234994  0.02803776] with unbiased energy -108.16672411685238
Identified minimum at position [-0.05150259  0.46726611] with unbiased energy -80.7674415263021
Identified minimum at position [-0.55822363  1.44172585] with unbiased energy -146.699517209954
Simulation completed.


Energies of found minima:
Minimum 1: Position = [0.6234994  0.02803776], Energy = -108.16672411685238
Minimum 2: Position = [-0.05150259  0.46726611], Energy = -80.7674415263021
Minimum 3: Position = [-0.55822363  1.44172585], Energy = -146.699517209954

Approximate saddle points between minima:
Saddle 1: Position = [0.25614363 0.31381715], Energy = -71.6472691387696
Saddle 2: Position = [-0.86559967  0.51147498], Energy = -37.02434801357137

Computational statistics:
	Total energy calls: 19658
	Energy calls at each min: [1, 4024, 19658]
	Total force calls: 19658
	Force calls at each min: [1, 4024, 19658]
	Total steps: 20621

Verification against reference:
True minima found: 2/3
Missed minima at positions:
[-0.05001082  0.4666941 ]

Verification against reference (saddles):
True saddles found: 1/2
Missed saddles at positions:
[-0.82200156  0.6243128 ]
Starting run 299
Identified minimum at position [0.6234994  0.02803776] with unbiased energy -108.16672411685238
Identified minimum at position [-0.05002694  0.46669784] with unbiased energy -80.76781809745995
Identified minimum at position [-0.55822365  1.44172583] with unbiased energy -146.69951720995394
Simulation completed.


Energies of found minima:
Minimum 1: Position = [0.6234994  0.02803776], Energy = -108.16672411685238
Minimum 2: Position = [-0.05002694  0.46669784], Energy = -80.76781809745995
Minimum 3: Position = [-0.55822365  1.44172583], Energy = -146.69951720995394

Approximate saddle points between minima:
Saddle 1: Position = [ 0.14873411 -0.02923894], Energy = -63.00266469899895
Saddle 2: Position = [-0.57712577  0.31361788], Energy = -37.041030313826106

Computational statistics:
	Total energy calls: 3796
	Energy calls at each min: [1, 1142, 3796]
	Total force calls: 3796
	Force calls at each min: [1, 1142, 3796]
	Total steps: 3995

Verification against reference:
True minima found: 3/3

Verification against reference (saddles):
True saddles found: 0/2
Missed saddles at positions:
[0.21248658 0.29298833]
[-0.82200156  0.6243128 ]
Starting run 1435
Identified minimum at position [0.6234994  0.02803776] with unbiased energy -108.16672411685238
Identified minimum at position [-0.05006402  0.46670547] with unbiased energy -80.76781778802649
Identified minimum at position [-0.55822362  1.44172585] with unbiased energy -146.6995172099539
Simulation completed.


Energies of found minima:
Minimum 1: Position = [0.6234994  0.02803776], Energy = -108.16672411685238
Minimum 2: Position = [-0.05006402  0.46670547], Energy = -80.76781778802649
Minimum 3: Position = [-0.55822362  1.44172585], Energy = -146.6995172099539

Approximate saddle points between minima:
Saddle 1: Position = [0.08977996 0.21885573], Energy = -67.41938536829659
Saddle 2: Position = [-0.71832723  0.67376872], Energy = -38.807489822815405

Computational statistics:
	Total energy calls: 3616
	Energy calls at each min: [1, 1088, 3616]
	Total force calls: 3616
	Force calls at each min: [1, 1088, 3616]
	Total steps: 3805

Verification against reference:
True minima found: 3/3

Verification against reference (saddles):
True saddles found: 0/2
Missed saddles at positions:
[0.21248658 0.29298833]
[-0.82200156  0.6243128 ]
Starting run 366
Identified minimum at position [0.6234994  0.02803776] with unbiased energy -108.16672411685238
Identified minimum at position [-0.05284343  0.46729206] with unbiased energy -80.76685211094681
Identified minimum at position [-0.55822365  1.44172582] with unbiased energy -146.6995172099539
Simulation completed.


Energies of found minima:
Minimum 1: Position = [0.6234994  0.02803776], Energy = -108.16672411685238
Minimum 2: Position = [-0.05284343  0.46729206], Energy = -80.76685211094681
Minimum 3: Position = [-0.55822365  1.44172582], Energy = -146.6995172099539

Approximate saddle points between minima:
Saddle 1: Position = [0.11649106 0.12629407], Energy = -68.41595093428901
Saddle 2: Position = [-0.76454853  0.68337735], Energy = -39.127758499280674

Computational statistics:
	Total energy calls: 7055
	Energy calls at each min: [1, 1073, 7055]
	Total force calls: 7055
	Force calls at each min: [1, 1073, 7055]
	Total steps: 7418

Verification against reference:
True minima found: 2/3
Missed minima at positions:
[-0.05001082  0.4666941 ]

Verification against reference (saddles):
True saddles found: 0/2
Missed saddles at positions:
[0.21248658 0.29298833]
[-0.82200156  0.6243128 ]
Starting run 1491
Identified minimum at position [0.6234994  0.02803776] with unbiased energy -108.16672411685238
Identified minimum at position [-0.05032932  0.46692482] with unbiased energy -80.76777822601528
Identified minimum at position [-0.55822365  1.44172583] with unbiased energy -146.69951720995397
Simulation completed.


Energies of found minima:
Minimum 1: Position = [0.6234994  0.02803776], Energy = -108.16672411685238
Minimum 2: Position = [-0.05032932  0.46692482], Energy = -80.76777822601528
Minimum 3: Position = [-0.55822365  1.44172583], Energy = -146.69951720995397

Approximate saddle points between minima:
Saddle 1: Position = [0.20775773 0.2803271 ], Energy = -72.24933004944697
Saddle 2: Position = [0.44832842 0.60323911], Energy = -25.886883755482224

Computational statistics:
	Total energy calls: 16385
	Energy calls at each min: [1, 2226, 16385]
	Total force calls: 16385
	Force calls at each min: [1, 2226, 16385]
	Total steps: 17225

Verification against reference:
True minima found: 3/3

Verification against reference (saddles):
True saddles found: 1/2
Missed saddles at positions:
[-0.82200156  0.6243128 ]
Starting run 1337
Identified minimum at position [0.6234994  0.02803776] with unbiased energy -108.16672411685238
Identified minimum at position [-0.0500429   0.46670155] with unbiased energy -80.7678180021866
Approximate Hessian has condition number >1e6 and cannot be reliably trusted; reverting to default behavior. 
Eigenvalues: [6.55066309e-04 1.21224051e+06]
Identified minimum at position [-0.55822365  1.44172583] with unbiased energy -146.69951720995394
Simulation completed.


Energies of found minima:
Minimum 1: Position = [0.6234994  0.02803776], Energy = -108.16672411685238
Minimum 2: Position = [-0.0500429   0.46670155], Energy = -80.7678180021866
Minimum 3: Position = [-0.55822365  1.44172583], Energy = -146.69951720995394

Approximate saddle points between minima:
Saddle 1: Position = [0.22432942 0.31452956], Energy = -72.189729511432
Saddle 2: Position = [-0.83067333  0.56284078], Energy = -40.14904557849428

Computational statistics:
	Total energy calls: 6462
	Energy calls at each min: [1, 1175, 6462]
	Total force calls: 6462
	Force calls at each min: [1, 1175, 6462]
	Total steps: 6799

Verification against reference:
True minima found: 3/3

Verification against reference (saddles):
True saddles found: 1/2
Missed saddles at positions:
[-0.82200156  0.6243128 ]
Starting run 1029
Identified minimum at position [0.6234994  0.02803776] with unbiased energy -108.16672411685238
Identified minimum at position [-0.05004173  0.46670029] with unbiased energy -80.76781801626397
Identified minimum at position [-0.55822364  1.44172583] with unbiased energy -146.699517209954
Simulation completed.


Energies of found minima:
Minimum 1: Position = [0.6234994  0.02803776], Energy = -108.16672411685238
Minimum 2: Position = [-0.05004173  0.46670029], Energy = -80.76781801626397
Minimum 3: Position = [-0.55822364  1.44172583], Energy = -146.699517209954

Approximate saddle points between minima:
Saddle 1: Position = [0.27690386 0.38238754], Energy = -69.91338463598815
Saddle 2: Position = [-0.81551565  0.60448474], Energy = -40.74142547582254

Computational statistics:
	Total energy calls: 1759
	Energy calls at each min: [1, 1106, 1759]
	Total force calls: 1759
	Force calls at each min: [1, 1106, 1759]
	Total steps: 1853

Verification against reference:
True minima found: 3/3

Verification against reference (saddles):
True saddles found: 1/2
Missed saddles at positions:
[0.21248658 0.29298833]
