Starting run 148
Identified minimum at position [0.6234994  0.02803776] with unbiased energy -108.16672411685238
Identified minimum at position [-0.05001189  0.4666943 ] with unbiased energy -80.76781812952572
Identified minimum at position [-0.55822362  1.44172585] with unbiased energy -146.69951720995397
Simulation completed.


Energies of found minima:
Minimum 1: Position = [0.6234994  0.02803776], Energy = -108.16672411685238
Minimum 2: Position = [-0.05001189  0.4666943 ], Energy = -80.76781812952572
Minimum 3: Position = [-0.55822362  1.44172585], Energy = -146.69951720995397

Approximate saddle points between minima:
Saddle 1: Position = [0.08200037 0.20138753], Energy = -66.44464176954526
Saddle 2: Position = [0.87896263 0.22769283], Energy = -26.488322154536192

Computational statistics:
	Total energy calls: 5143
	Energy calls at each min: [1, 484, 5143]
	Total force calls: 5143
	Force calls at each min: [1, 484, 5143]
	Total steps: 5428

Verification against reference:
True minima found: 3/3

Verification against reference (saddles):
True saddles found: 0/2
Missed saddles at positions:
[0.21248658 0.29298833]
[-0.82200156  0.6243128 ]
Starting run 1484
Identified minimum at position [0.6234994  0.02803776] with unbiased energy -108.16672411685238
Identified minimum at position [-0.0500185   0.46669604] with unbiased energy -80.76781812212836
Identified minimum at position [-0.55822365  1.44172583] with unbiased energy -146.6995172099539
Simulation completed.


Energies of found minima:
Minimum 1: Position = [0.6234994  0.02803776], Energy = -108.16672411685238
Minimum 2: Position = [-0.0500185   0.46669604], Energy = -80.76781812212836
Minimum 3: Position = [-0.55822365  1.44172583], Energy = -146.6995172099539

Approximate saddle points between minima:
Saddle 1: Position = [0.22910032 0.32009318], Energy = -72.12230450835663
Saddle 2: Position = [-0.2147788   0.07482014], Energy = -31.70489452059994

Computational statistics:
	Total energy calls: 13682
	Energy calls at each min: [1, 1598, 13682]
	Total force calls: 13682
	Force calls at each min: [1, 1598, 13682]
	Total steps: 14384

Verification against reference:
True minima found: 3/3

Verification against reference (saddles):
True saddles found: 1/2
Missed saddles at positions:
[-0.82200156  0.6243128 ]
Starting run 83
Identified minimum at position [0.6234994  0.02803776] with unbiased energy -108.16672411685238
Identified minimum at position [-0.05050431  0.46685222] with unbiased energy -80.76778251938632
Identified minimum at position [-0.55822362  1.44172586] with unbiased energy -146.69951720995394
Simulation completed.


Energies of found minima:
Minimum 1: Position = [0.6234994  0.02803776], Energy = -108.16672411685238
Minimum 2: Position = [-0.05050431  0.46685222], Energy = -80.76778251938632
Minimum 3: Position = [-0.55822362  1.44172586], Energy = -146.69951720995394

Approximate saddle points between minima:
Saddle 1: Position = [0.54134716 0.28867633], Energy = -59.75218282012748
Saddle 2: Position = [-0.07693323 -0.09850262], Energy = -25.183261180332806

Computational statistics:
	Total energy calls: 10028
	Energy calls at each min: [1, 1432, 10028]
	Total force calls: 10028
	Force calls at each min: [1, 1432, 10028]
	Total steps: 10557

Verification against reference:
True minima found: 3/3

Verification against reference (saddles):
True saddles found: 0/2
Missed saddles at positions:
[0.21248658 0.29298833]
[-0.82200156  0.6243128 ]
Starting run 1566
Identified minimum at position [0.6234994  0.02803776] with unbiased energy -108.16672411685238
Identified minimum at position [-0.0500112  0.4666942] with unbiased energy -80.76781812964039
Identified minimum at position [-0.55822362  1.44172586] with unbiased energy -146.6995172099539
Simulation completed.


Energies of found minima:
Minimum 1: Position = [0.6234994  0.02803776], Energy = -108.16672411685238
Minimum 2: Position = [-0.0500112  0.4666942], Energy = -80.76781812964039
Minimum 3: Position = [-0.55822362  1.44172586], Energy = -146.6995172099539

Approximate saddle points between minima:
Saddle 1: Position = [0.14756957 0.1742724 ], Energy = -70.8231259184025
Saddle 2: Position = [1.07248154e+00 9.42172991e-04], Energy = -25.475472856708507

Computational statistics:
	Total energy calls: 7805
	Energy calls at each min: [1, 973, 7805]
	Total force calls: 7805
	Force calls at each min: [1, 973, 7805]
	Total steps: 8235

Verification against reference:
True minima found: 3/3

Verification against reference (saddles):
True saddles found: 0/2
Missed saddles at positions:
[0.21248658 0.29298833]
[-0.82200156  0.6243128 ]
Starting run 852
Identified minimum at position [0.6234994  0.02803776] with unbiased energy -108.16672411685238
Identified minimum at position [-0.05043931  0.46682864] with unbiased energy -80.76779165205755
Identified minimum at position [-0.55822357  1.44172594] with unbiased energy -146.6995172099504
Simulation completed.


Energies of found minima:
Minimum 1: Position = [0.6234994  0.02803776], Energy = -108.16672411685238
Minimum 2: Position = [-0.05043931  0.46682864], Energy = -80.76779165205755
Minimum 3: Position = [-0.55822357  1.44172594], Energy = -146.6995172099504

Approximate saddle points between minima:
Saddle 1: Position = [0.11785952 0.13606245], Energy = -68.5720595422669
Saddle 2: Position = [-0.39469877  0.71294394], Energy = -37.184312283995354

Computational statistics:
	Total energy calls: 9879
	Energy calls at each min: [1, 1474, 9879]
	Total force calls: 9879
	Force calls at each min: [1, 1474, 9879]
	Total steps: 10396

Verification against reference:
True minima found: 3/3

Verification against reference (saddles):
True saddles found: 0/2
Missed saddles at positions:
[0.21248658 0.29298833]
[-0.82200156  0.6243128 ]
Starting run 1594
Identified minimum at position [0.6234994  0.02803776] with unbiased energy -108.16672411685238
Identified minimum at position [-0.05002965  0.46669972] with unbiased energy -80.76781808021046
Identified minimum at position [-0.55822362  1.44172586] with unbiased energy -146.69951720995388
Simulation completed.


Energies of found minima:
Minimum 1: Position = [0.6234994  0.02803776], Energy = -108.16672411685238
Minimum 2: Position = [-0.05002965  0.46669972], Energy = -80.76781808021046
Minimum 3: Position = [-0.55822362  1.44172586], Energy = -146.69951720995388

Approximate saddle points between minima:
Saddle 1: Position = [ 0.1141264  -0.06632296], Energy = -52.44880121618049
Saddle 2: Position = [-0.60271658  0.84303675], Energy = -25.20085127617454

Computational statistics:
	Total energy calls: 3286
	Energy calls at each min: [1, 1388, 3286]
	Total force calls: 3286
	Force calls at each min: [1, 1388, 3286]
	Total steps: 3457

Verification against reference:
True minima found: 3/3

Verification against reference (saddles):
True saddles found: 0/2
Missed saddles at positions:
[0.21248658 0.29298833]
[-0.82200156  0.6243128 ]
Starting run 644
Identified minimum at position [0.6234994  0.02803776] with unbiased energy -108.16672411685238
Identified minimum at position [-0.05012585  0.46671805] with unbiased energy -80.76781654353908
Identified minimum at position [-0.55822328  1.44172625] with unbiased energy -146.69951720989033
Simulation completed.


Energies of found minima:
Minimum 1: Position = [0.6234994  0.02803776], Energy = -108.16672411685238
Minimum 2: Position = [-0.05012585  0.46671805], Energy = -80.76781654353908
Minimum 3: Position = [-0.55822328  1.44172625], Energy = -146.69951720989033

Approximate saddle points between minima:
Saddle 1: Position = [0.53510303 0.2448764 ], Energy = -69.58358571586433
Saddle 2: Position = [0.42392404 0.7958206 ], Energy = 18.547825233007757

Computational statistics:
	Total energy calls: 6168
	Energy calls at each min: [1, 959, 6168]
	Total force calls: 6168
	Force calls at each min: [1, 959, 6168]
	Total steps: 6494

Verification against reference:
True minima found: 3/3

Verification against reference (saddles):
True saddles found: 0/2
Missed saddles at positions:
[0.21248658 0.29298833]
[-0.82200156  0.6243128 ]
Starting run 943
Identified minimum at position [0.6234994  0.02803776] with unbiased energy -108.16672411685238
Identified minimum at position [-0.05001115  0.46669419] with unbiased energy -80.76781812964508
Identified minimum at position [-0.55822362  1.44172586] with unbiased energy -146.69951720995388
Simulation completed.


Energies of found minima:
Minimum 1: Position = [0.6234994  0.02803776], Energy = -108.16672411685238
Minimum 2: Position = [-0.05001115  0.46669419], Energy = -80.76781812964508
Minimum 3: Position = [-0.55822362  1.44172586], Energy = -146.69951720995388

Approximate saddle points between minima:
Saddle 1: Position = [0.04748644 0.24080871], Energy = -66.12914664499898
Saddle 2: Position = [-0.02829067  0.75466005], Energy = -26.235068349702154

Computational statistics:
	Total energy calls: 6569
	Energy calls at each min: [1, 857, 6569]
	Total force calls: 6569
	Force calls at each min: [1, 857, 6569]
	Total steps: 6929

Verification against reference:
True minima found: 3/3

Verification against reference (saddles):
True saddles found: 0/2
Missed saddles at positions:
[0.21248658 0.29298833]
[-0.82200156  0.6243128 ]
Starting run 1166
Identified minimum at position [0.6234994  0.02803776] with unbiased energy -108.16672411685238
Identified minimum at position [-0.0507416   0.46703407] with unbiased energy -80.76770733485375
Identified minimum at position [-0.55822364  1.44172583] with unbiased energy -146.699517209954
Simulation completed.


Energies of found minima:
Minimum 1: Position = [0.6234994  0.02803776], Energy = -108.16672411685238
Minimum 2: Position = [-0.0507416   0.46703407], Energy = -80.76770733485375
Minimum 3: Position = [-0.55822364  1.44172583], Energy = -146.699517209954

Approximate saddle points between minima:
Saddle 1: Position = [0.2713965  0.29772206], Energy = -71.74102080820893
Saddle 2: Position = [-0.16653151  0.04601001], Energy = -33.97450716332444

Computational statistics:
	Total energy calls: 13658
	Energy calls at each min: [1, 2344, 13658]
	Total force calls: 13658
	Force calls at each min: [1, 2344, 13658]
	Total steps: 14353

Verification against reference:
True minima found: 3/3

Verification against reference (saddles):
True saddles found: 0/2
Missed saddles at positions:
[0.21248658 0.29298833]
[-0.82200156  0.6243128 ]
