Starting run 482
Identified minimum at position [0.6234994  0.02803776] with unbiased energy -108.16672411685238
Identified minimum at position [-0.05012059  0.46671577] with unbiased energy -80.7678167040451
Identified minimum at position [-0.55822365  1.44172583] with unbiased energy -146.69951720995394
Simulation completed.


Energies of found minima:
Minimum 1: Position = [0.6234994  0.02803776], Energy = -108.16672411685238
Minimum 2: Position = [-0.05012059  0.46671577], Energy = -80.7678167040451
Minimum 3: Position = [-0.55822365  1.44172583], Energy = -146.69951720995394

Approximate saddle points between minima:
Saddle 1: Position = [ 0.39720001 -0.13364821], Energy = -61.944972405670555
Saddle 2: Position = [-0.78187307  0.39796116], Energy = -33.29297675532696

Computational statistics:
	Total energy calls: 2338
	Energy calls at each min: [1, 1173, 2338]
	Total force calls: 2338
	Force calls at each min: [1, 1173, 2338]
	Total steps: 2461

Verification against reference:
True minima found: 3/3

Verification against reference (saddles):
True saddles found: 0/2
Missed saddles at positions:
[0.21248658 0.29298833]
[-0.82200156  0.6243128 ]
Starting run 178
Identified minimum at position [0.6234994  0.02803776] with unbiased energy -108.16672411685238
Identified minimum at position [-0.05014529  0.46672086] with unbiased energy -80.76781598639218
Identified minimum at position [-0.55822365  1.44172583] with unbiased energy -146.69951720995394
Simulation completed.


Energies of found minima:
Minimum 1: Position = [0.6234994  0.02803776], Energy = -108.16672411685238
Minimum 2: Position = [-0.05014529  0.46672086], Energy = -80.76781598639218
Minimum 3: Position = [-0.55822365  1.44172583], Energy = -146.69951720995394

Approximate saddle points between minima:
Saddle 1: Position = [0.17349193 0.2863834 ], Energy = -71.97397742536455
Saddle 2: Position = [-0.82932532  0.58949128], Energy = -40.48864418985099

Computational statistics:
	Total energy calls: 10995
	Energy calls at each min: [1, 1750, 10995]
	Total force calls: 10995
	Force calls at each min: [1, 1750, 10995]
	Total steps: 11536

Verification against reference:
True minima found: 3/3

Verification against reference (saddles):
True saddles found: 2/2
Starting run 152
Identified minimum at position [0.6234994  0.02803776] with unbiased energy -108.16672411685238
Identified minimum at position [-0.050014    0.46669481] with unbiased energy -80.7678181284259
Identified minimum at position [-0.55822362  1.44172586] with unbiased energy -146.69951720995394
Simulation completed.


Energies of found minima:
Minimum 1: Position = [0.6234994  0.02803776], Energy = -108.16672411685238
Minimum 2: Position = [-0.050014    0.46669481], Energy = -80.7678181284259
Minimum 3: Position = [-0.55822362  1.44172586], Energy = -146.69951720995394

Approximate saddle points between minima:
Saddle 1: Position = [0.28156703 0.34993945], Energy = -70.21396790586947
Saddle 2: Position = [0.48503927 0.5909351 ], Energy = -22.592302064659798

Computational statistics:
	Total energy calls: 3688
	Energy calls at each min: [1, 461, 3688]
	Total force calls: 3688
	Force calls at each min: [1, 461, 3688]
	Total steps: 3887

Verification against reference:
True minima found: 3/3

Verification against reference (saddles):
True saddles found: 0/2
Missed saddles at positions:
[0.21248658 0.29298833]
[-0.82200156  0.6243128 ]
Starting run 1273
Identified minimum at position [0.6234994  0.02803776] with unbiased energy -108.16672411685238
Identified minimum at position [-0.0500556   0.46670295] with unbiased energy -80.7678178924192
Approximate Hessian has condition number >1e6 and cannot be reliably trusted; reverting to default behavior. 
Eigenvalues: [1.38618733e-03 1.58890934e+06]
Identified minimum at position [-0.55822364  1.44172583] with unbiased energy -146.69951720995397
Simulation completed.


Energies of found minima:
Minimum 1: Position = [0.6234994  0.02803776], Energy = -108.16672411685238
Minimum 2: Position = [-0.0500556   0.46670295], Energy = -80.7678178924192
Minimum 3: Position = [-0.55822364  1.44172583], Energy = -146.69951720995397

Approximate saddle points between minima:
Saddle 1: Position = [ 0.51837959 -0.13977568], Energy = -65.51194165328398
Saddle 2: Position = [-0.67629201  0.75430847], Energy = -33.02460678707396

Computational statistics:
	Total energy calls: 5730
	Energy calls at each min: [1, 1912, 5730]
	Total force calls: 5730
	Force calls at each min: [1, 1912, 5730]
	Total steps: 6024

Verification against reference:
True minima found: 3/3

Verification against reference (saddles):
True saddles found: 0/2
Missed saddles at positions:
[0.21248658 0.29298833]
[-0.82200156  0.6243128 ]
Starting run 1575
Identified minimum at position [0.6234994  0.02803776] with unbiased energy -108.16672411685238
Identified minimum at position [-0.05001375  0.46669471] with unbiased energy -80.76781812863452
Identified minimum at position [-0.55822363  1.44172585] with unbiased energy -146.699517209954
Simulation completed.


Energies of found minima:
Minimum 1: Position = [0.6234994  0.02803776], Energy = -108.16672411685238
Minimum 2: Position = [-0.05001375  0.46669471], Energy = -80.76781812863452
Minimum 3: Position = [-0.55822363  1.44172585], Energy = -146.699517209954

Approximate saddle points between minima:
Saddle 1: Position = [0.28639731 0.32947185], Energy = -70.4689616944003
Saddle 2: Position = [-0.69033047  0.69717958], Energy = -36.94283481610813

Computational statistics:
	Total energy calls: 1644
	Energy calls at each min: [1, 738, 1644]
	Total force calls: 1644
	Force calls at each min: [1, 738, 1644]
	Total steps: 1731

Verification against reference:
True minima found: 3/3

Verification against reference (saddles):
True saddles found: 0/2
Missed saddles at positions:
[0.21248658 0.29298833]
[-0.82200156  0.6243128 ]
Starting run 1277
Identified minimum at position [0.6234994  0.02803776] with unbiased energy -108.16672411685238
Identified minimum at position [-0.05013654  0.46672067] with unbiased energy -80.76781622737789
Identified minimum at position [-0.55822365  1.44172582] with unbiased energy -146.69951720995385
Simulation completed.


Energies of found minima:
Minimum 1: Position = [0.6234994  0.02803776], Energy = -108.16672411685238
Minimum 2: Position = [-0.05013654  0.46672067], Energy = -80.76781622737789
Minimum 3: Position = [-0.55822365  1.44172582], Energy = -146.69951720995385

Approximate saddle points between minima:
Saddle 1: Position = [0.29300032 0.42865164], Energy = -67.5350577881961
Saddle 2: Position = [-0.69308125  0.70113749], Energy = -36.71105683780794

Computational statistics:
	Total energy calls: 2549
	Energy calls at each min: [1, 1356, 2549]
	Total force calls: 2549
	Force calls at each min: [1, 1356, 2549]
	Total steps: 2682

Verification against reference:
True minima found: 3/3

Verification against reference (saddles):
True saddles found: 0/2
Missed saddles at positions:
[0.21248658 0.29298833]
[-0.82200156  0.6243128 ]
Starting run 48
Identified minimum at position [0.6234994  0.02803776] with unbiased energy -108.16672411685238
Identified minimum at position [-0.05009127  0.46671121] with unbiased energy -80.76781734937302
Identified minimum at position [-0.55822362  1.44172586] with unbiased energy -146.69951720995388
Simulation completed.


Energies of found minima:
Minimum 1: Position = [0.6234994  0.02803776], Energy = -108.16672411685238
Minimum 2: Position = [-0.05009127  0.46671121], Energy = -80.76781734937302
Minimum 3: Position = [-0.55822362  1.44172586], Energy = -146.69951720995388

Approximate saddle points between minima:
Saddle 1: Position = [0.19848627 0.29620881], Energy = -72.25583849240354
Saddle 2: Position = [-0.79024747  0.6534617 ], Energy = -40.236154923829005

Computational statistics:
	Total energy calls: 3776
	Energy calls at each min: [1, 1317, 3776]
	Total force calls: 3776
	Force calls at each min: [1, 1317, 3776]
	Total steps: 3969

Verification against reference:
True minima found: 3/3

Verification against reference (saddles):
True saddles found: 2/2
Starting run 786
Identified minimum at position [0.6234994  0.02803776] with unbiased energy -108.16672411685238
Identified minimum at position [-0.05007179  0.46670867] with unbiased energy -80.76781766419346
Identified minimum at position [-0.55822362  1.44172586] with unbiased energy -146.69951720995388
Simulation completed.


Energies of found minima:
Minimum 1: Position = [0.6234994  0.02803776], Energy = -108.16672411685238
Minimum 2: Position = [-0.05007179  0.46670867], Energy = -80.76781766419346
Minimum 3: Position = [-0.55822362  1.44172586], Energy = -146.69951720995388

Approximate saddle points between minima:
Saddle 1: Position = [ 0.68747388 -0.13583148], Energy = -65.91643250356353
Saddle 2: Position = [0.25366444 0.65268884], Energy = -38.120441114098575

Computational statistics:
	Total energy calls: 3474
	Energy calls at each min: [1, 1397, 3474]
	Total force calls: 3474
	Force calls at each min: [1, 1397, 3474]
	Total steps: 3655

Verification against reference:
True minima found: 3/3

Verification against reference (saddles):
True saddles found: 0/2
Missed saddles at positions:
[0.21248658 0.29298833]
[-0.82200156  0.6243128 ]
Starting run 1031
Identified minimum at position [0.6234994  0.02803776] with unbiased energy -108.16672411685238
Identified minimum at position [-0.05014336  0.46671905] with unbiased energy -80.76781607217565
Identified minimum at position [-0.55822365  1.44172582] with unbiased energy -146.69951720995388
Simulation completed.


Energies of found minima:
Minimum 1: Position = [0.6234994  0.02803776], Energy = -108.16672411685238
Minimum 2: Position = [-0.05014336  0.46671905], Energy = -80.76781607217565
Minimum 3: Position = [-0.55822365  1.44172582], Energy = -146.69951720995388

Approximate saddle points between minima:
Saddle 1: Position = [0.08523552 0.15494473], Energy = -65.78678916975123
Saddle 2: Position = [-0.80055354  0.64280348], Energy = -40.481919977400466

Computational statistics:
	Total energy calls: 6773
	Energy calls at each min: [1, 1399, 6773]
	Total force calls: 6773
	Force calls at each min: [1, 1399, 6773]
	Total steps: 7139

Verification against reference:
True minima found: 3/3

Verification against reference (saddles):
True saddles found: 1/2
Missed saddles at positions:
[0.21248658 0.29298833]
