Starting run 50
Identified minimum at position [0.6234994  0.02803776] with unbiased energy -108.16672411685238
Identified minimum at position [-0.05015854  0.46672598] with unbiased energy -80.7678154877957
Approximate Hessian has condition number >1e6 and cannot be reliably trusted; reverting to default behavior. 
Eigenvalues: [3.63482861e-03 2.41635119e+06]
Identified minimum at position [-0.55821573  1.44173484] with unbiased energy -146.6995171794074
Simulation completed.


Energies of found minima:
Minimum 1: Position = [0.6234994  0.02803776], Energy = -108.16672411685238
Minimum 2: Position = [-0.05015854  0.46672598], Energy = -80.7678154877957
Minimum 3: Position = [-0.55821573  1.44173484], Energy = -146.6995171794074

Approximate saddle points between minima:
Saddle 1: Position = [0.29492367 0.28820548], Energy = -71.76547243454812
Saddle 2: Position = [-0.24390183 -0.00418695], Energy = -21.225902709619586

Computational statistics:
	Total energy calls: 14370
	Energy calls at each min: [1, 1101, 14370]
	Total force calls: 14370
	Force calls at each min: [1, 1101, 14370]
	Total steps: 15118

Verification against reference:
True minima found: 3/3

Verification against reference (saddles):
True saddles found: 0/2
Missed saddles at positions:
[0.21248658 0.29298833]
[-0.82200156  0.6243128 ]
Starting run 493
Identified minimum at position [0.6234994  0.02803776] with unbiased energy -108.16672411685238
Identified minimum at position [-0.05009892  0.46671258] with unbiased energy -80.76781719747426
Identified minimum at position [-0.55822364  1.44172584] with unbiased energy -146.699517209954
Simulation completed.


Energies of found minima:
Minimum 1: Position = [0.6234994  0.02803776], Energy = -108.16672411685238
Minimum 2: Position = [-0.05009892  0.46671258], Energy = -80.76781719747426
Minimum 3: Position = [-0.55822364  1.44172584], Energy = -146.699517209954

Approximate saddle points between minima:
Saddle 1: Position = [0.20658845 0.2769993 ], Energy = -72.25065637518463
Saddle 2: Position = [-0.76718388  0.66063847], Energy = -39.81827496036489

Computational statistics:
	Total energy calls: 11965
	Energy calls at each min: [1, 1761, 11965]
	Total force calls: 11965
	Force calls at each min: [1, 1761, 11965]
	Total steps: 12557

Verification against reference:
True minima found: 3/3

Verification against reference (saddles):
True saddles found: 1/2
Missed saddles at positions:
[-0.82200156  0.6243128 ]
Starting run 984
Identified minimum at position [0.6234994  0.02803776] with unbiased energy -108.16672411685238
Identified minimum at position [-0.05063659  0.46701047] with unbiased energy -80.76772808061489
Identified minimum at position [-0.55822366  1.44172582] with unbiased energy -146.6995172099538
Simulation completed.


Energies of found minima:
Minimum 1: Position = [0.6234994  0.02803776], Energy = -108.16672411685238
Minimum 2: Position = [-0.05063659  0.46701047], Energy = -80.76772808061489
Minimum 3: Position = [-0.55822366  1.44172582], Energy = -146.6995172099538

Approximate saddle points between minima:
Saddle 1: Position = [0.24862592 0.31076211], Energy = -71.8314789819129
Saddle 2: Position = [0.56303245 0.39877015], Energy = -38.641043330362194

Computational statistics:
	Total energy calls: 19228
	Energy calls at each min: [1, 3205, 19228]
	Total force calls: 19228
	Force calls at each min: [1, 3205, 19228]
	Total steps: 20165

Verification against reference:
True minima found: 3/3

Verification against reference (saddles):
True saddles found: 1/2
Missed saddles at positions:
[-0.82200156  0.6243128 ]
Starting run 958
Identified minimum at position [0.6234994  0.02803776] with unbiased energy -108.16672411685238
Identified minimum at position [-0.05001181  0.46669428] with unbiased energy -80.76781812954607
Identified minimum at position [-0.55822362  1.44172586] with unbiased energy -146.6995172099539
Simulation completed.


Energies of found minima:
Minimum 1: Position = [0.6234994  0.02803776], Energy = -108.16672411685238
Minimum 2: Position = [-0.05001181  0.46669428], Energy = -80.76781812954607
Minimum 3: Position = [-0.55822362  1.44172586], Energy = -146.6995172099539

Approximate saddle points between minima:
Saddle 1: Position = [0.0912225 0.1328891], Energy = -66.0412240510236
Saddle 2: Position = [-0.84335868  0.38645921], Energy = -27.592607314930817

Computational statistics:
	Total energy calls: 4328
	Energy calls at each min: [1, 504, 4328]
	Total force calls: 4328
	Force calls at each min: [1, 504, 4328]
	Total steps: 4568

Verification against reference:
True minima found: 3/3

Verification against reference (saddles):
True saddles found: 0/2
Missed saddles at positions:
[0.21248658 0.29298833]
[-0.82200156  0.6243128 ]
Starting run 476
Identified minimum at position [0.6234994  0.02803776] with unbiased energy -108.16672411685238
Identified minimum at position [-0.05029398  0.46683944] with unbiased energy -80.7677993323859
Identified minimum at position [-0.55822363  1.44172584] with unbiased energy -146.69951720995402
Simulation completed.


Energies of found minima:
Minimum 1: Position = [0.6234994  0.02803776], Energy = -108.16672411685238
Minimum 2: Position = [-0.05029398  0.46683944], Energy = -80.7677993323859
Minimum 3: Position = [-0.55822363  1.44172584], Energy = -146.69951720995402

Approximate saddle points between minima:
Saddle 1: Position = [0.55614683 0.27428895], Energy = -61.503026872990404
Saddle 2: Position = [-0.72045119  0.34434833], Energy = -31.04140044152966

Computational statistics:
	Total energy calls: 2277
	Energy calls at each min: [1, 1308, 2277]
	Total force calls: 2277
	Force calls at each min: [1, 1308, 2277]
	Total steps: 2398

Verification against reference:
True minima found: 3/3

Verification against reference (saddles):
True saddles found: 0/2
Missed saddles at positions:
[0.21248658 0.29298833]
[-0.82200156  0.6243128 ]
Starting run 1121
Identified minimum at position [0.6234994  0.02803776] with unbiased energy -108.16672411685238
Identified minimum at position [-0.05004053  0.46669965] with unbiased energy -80.7678180264583
Identified minimum at position [-0.55822366  1.44172582] with unbiased energy -146.6995172099538
Simulation completed.


Energies of found minima:
Minimum 1: Position = [0.6234994  0.02803776], Energy = -108.16672411685238
Minimum 2: Position = [-0.05004053  0.46669965], Energy = -80.7678180264583
Minimum 3: Position = [-0.55822366  1.44172582], Energy = -146.6995172099538

Approximate saddle points between minima:
Saddle 1: Position = [0.3634823  0.32237777], Energy = -67.42934569045356
Saddle 2: Position = [-0.68561757  0.74102756], Energy = -34.10121243717293

Computational statistics:
	Total energy calls: 4835
	Energy calls at each min: [1, 623, 4835]
	Total force calls: 4835
	Force calls at each min: [1, 623, 4835]
	Total steps: 5107

Verification against reference:
True minima found: 3/3

Verification against reference (saddles):
True saddles found: 0/2
Missed saddles at positions:
[0.21248658 0.29298833]
[-0.82200156  0.6243128 ]
Starting run 977
Identified minimum at position [0.6234994  0.02803776] with unbiased energy -108.16672411685238
Identified minimum at position [-0.05003914  0.46669995] with unbiased energy -80.7678180337466
Identified minimum at position [-0.55822365  1.44172583] with unbiased energy -146.6995172099539
Simulation completed.


Energies of found minima:
Minimum 1: Position = [0.6234994  0.02803776], Energy = -108.16672411685238
Minimum 2: Position = [-0.05003914  0.46669995], Energy = -80.7678180337466
Minimum 3: Position = [-0.55822365  1.44172583], Energy = -146.6995172099539

Approximate saddle points between minima:
Saddle 1: Position = [0.17700031 0.29170365], Energy = -72.10255057476542
Saddle 2: Position = [-0.81329742  0.48780692], Energy = -38.55381665660781

Computational statistics:
	Total energy calls: 14331
	Energy calls at each min: [1, 2805, 14331]
	Total force calls: 14331
	Force calls at each min: [1, 2805, 14331]
	Total steps: 15046

Verification against reference:
True minima found: 3/3

Verification against reference (saddles):
True saddles found: 1/2
Missed saddles at positions:
[-0.82200156  0.6243128 ]
Starting run 734
Identified minimum at position [0.6234994  0.02803776] with unbiased energy -108.16672411685238
Identified minimum at position [-0.05121574  0.46709054] with unbiased energy -80.76760170237482
Identified minimum at position [-0.55822366  1.44172582] with unbiased energy -146.69951720995383
Simulation completed.


Energies of found minima:
Minimum 1: Position = [0.6234994  0.02803776], Energy = -108.16672411685238
Minimum 2: Position = [-0.05121574  0.46709054], Energy = -80.76760170237482
Minimum 3: Position = [-0.55822366  1.44172582], Energy = -146.69951720995383

Approximate saddle points between minima:
Saddle 1: Position = [0.51051706 0.28425641], Energy = -63.10462802577405
Saddle 2: Position = [-0.04293591 -0.10031127], Energy = -28.327763551092637

Computational statistics:
	Total energy calls: 9813
	Energy calls at each min: [1, 1456, 9813]
	Total force calls: 9813
	Force calls at each min: [1, 1456, 9813]
	Total steps: 10292

Verification against reference:
True minima found: 2/3
Missed minima at positions:
[-0.05001082  0.4666941 ]

Verification against reference (saddles):
True saddles found: 0/2
Missed saddles at positions:
[0.21248658 0.29298833]
[-0.82200156  0.6243128 ]
Starting run 987
Identified minimum at position [0.6234994  0.02803776] with unbiased energy -108.16672411685238
Identified minimum at position [-0.050153    0.46672537] with unbiased energy -80.76781566812707
Identified minimum at position [-0.55822356  1.44172594] with unbiased energy -146.69951720995047
Simulation completed.


Energies of found minima:
Minimum 1: Position = [0.6234994  0.02803776], Energy = -108.16672411685238
Minimum 2: Position = [-0.050153    0.46672537], Energy = -80.76781566812707
Minimum 3: Position = [-0.55822356  1.44172594], Energy = -146.69951720995047

Approximate saddle points between minima:
Saddle 1: Position = [0.16625521 0.22877514], Energy = -71.38978811746097
Saddle 2: Position = [-0.85431698  0.57131805], Energy = -39.68823220806888

Computational statistics:
	Total energy calls: 13213
	Energy calls at each min: [1, 1764, 13213]
	Total force calls: 13213
	Force calls at each min: [1, 1764, 13213]
	Total steps: 13865

Verification against reference:
True minima found: 3/3

Verification against reference (saddles):
True saddles found: 0/2
Missed saddles at positions:
[0.21248658 0.29298833]
[-0.82200156  0.6243128 ]
