Starting run 671
Identified minimum at position [0.6234994  0.02803776] with unbiased energy -108.16672411685238
Identified minimum at position [-0.05014674  0.46672428] with unbiased energy -80.76781587357709
Identified minimum at position [-0.55822365  1.44172582] with unbiased energy -146.69951720995388
Simulation completed.


Energies of found minima:
Minimum 1: Position = [0.6234994  0.02803776], Energy = -108.16672411685238
Minimum 2: Position = [-0.05014674  0.46672428], Energy = -80.76781587357709
Minimum 3: Position = [-0.55822365  1.44172582], Energy = -146.69951720995388

Approximate saddle points between minima:
Saddle 1: Position = [0.19249927 0.28705649], Energy = -72.15365767783192
Saddle 2: Position = [-0.82413895  0.60405128], Energy = -40.63526635214188

Computational statistics:
	Total energy calls: 10341
	Energy calls at each min: [1, 1814, 10341]
	Total force calls: 10341
	Force calls at each min: [1, 1814, 10341]
	Total steps: 10873

Verification against reference:
True minima found: 3/3

Verification against reference (saddles):
True saddles found: 2/2
Starting run 339
Identified minimum at position [0.6234994  0.02803776] with unbiased energy -108.16672411685238
Identified minimum at position [-0.0502644   0.46674614] with unbiased energy -80.76781044996264
Identified minimum at position [-0.55822365  1.44172582] with unbiased energy -146.69951720995385
Simulation completed.


Energies of found minima:
Minimum 1: Position = [0.6234994  0.02803776], Energy = -108.16672411685238
Minimum 2: Position = [-0.0502644   0.46674614], Energy = -80.76781044996264
Minimum 3: Position = [-0.55822365  1.44172582], Energy = -146.69951720995385

Approximate saddle points between minima:
Saddle 1: Position = [0.20530718 0.31013839], Energy = -72.36718542697912
Saddle 2: Position = [-0.78668249  0.62438067], Energy = -40.80876097209723

Computational statistics:
	Total energy calls: 12172
	Energy calls at each min: [1, 2303, 12172]
	Total force calls: 12172
	Force calls at each min: [1, 2303, 12172]
	Total steps: 12782

Verification against reference:
True minima found: 3/3

Verification against reference (saddles):
True saddles found: 2/2
Starting run 380
Identified minimum at position [0.6234994  0.02803776] with unbiased energy -108.16672411685238
Identified minimum at position [-0.05002044  0.46669625] with unbiased energy -80.76781811834228
Identified minimum at position [-0.55822362  1.44172586] with unbiased energy -146.6995172099539
Simulation completed.


Energies of found minima:
Minimum 1: Position = [0.6234994  0.02803776], Energy = -108.16672411685238
Minimum 2: Position = [-0.05002044  0.46669625], Energy = -80.76781811834228
Minimum 3: Position = [-0.55822362  1.44172586], Energy = -146.6995172099539

Approximate saddle points between minima:
Saddle 1: Position = [0.10117848 0.20171328], Energy = -67.69911398378139
Saddle 2: Position = [-0.84827312  0.55165507], Energy = -39.336496563951066

Computational statistics:
	Total energy calls: 3366
	Energy calls at each min: [1, 2072, 3366]
	Total force calls: 3366
	Force calls at each min: [1, 2072, 3366]
	Total steps: 3545

Verification against reference:
True minima found: 3/3

Verification against reference (saddles):
True saddles found: 0/2
Missed saddles at positions:
[0.21248658 0.29298833]
[-0.82200156  0.6243128 ]
Starting run 202
Identified minimum at position [0.6234994  0.02803776] with unbiased energy -108.16672411685238
Identified minimum at position [-0.05001141  0.46669422] with unbiased energy -80.76781812961858
Identified minimum at position [-0.55822365  1.44172583] with unbiased energy -146.69951720995394
Simulation completed.


Energies of found minima:
Minimum 1: Position = [0.6234994  0.02803776], Energy = -108.16672411685238
Minimum 2: Position = [-0.05001141  0.46669422], Energy = -80.76781812961858
Minimum 3: Position = [-0.55822365  1.44172583], Energy = -146.69951720995394

Approximate saddle points between minima:
Saddle 1: Position = [0.21462585 0.28538935], Energy = -72.26984297713352
Saddle 2: Position = [-0.18202602  0.11302045], Energy = -38.27544573405038

Computational statistics:
	Total energy calls: 9716
	Energy calls at each min: [1, 1522, 9716]
	Total force calls: 9716
	Force calls at each min: [1, 1522, 9716]
	Total steps: 10230

Verification against reference:
True minima found: 3/3

Verification against reference (saddles):
True saddles found: 1/2
Missed saddles at positions:
[-0.82200156  0.6243128 ]
Starting run 285
Identified minimum at position [0.6234994  0.02803776] with unbiased energy -108.16672411685238
Identified minimum at position [-0.05012168  0.46671637] with unbiased energy -80.76781666980735
Identified minimum at position [-0.55822364  1.44172584] with unbiased energy -146.699517209954
Simulation completed.


Energies of found minima:
Minimum 1: Position = [0.6234994  0.02803776], Energy = -108.16672411685238
Minimum 2: Position = [-0.05012168  0.46671637], Energy = -80.76781666980735
Minimum 3: Position = [-0.55822364  1.44172584], Energy = -146.699517209954

Approximate saddle points between minima:
Saddle 1: Position = [ 0.75592255 -0.17385775], Energy = -40.97489301350443
Saddle 2: Position = [-0.6345546   0.69123758], Energy = -37.16328777660328

Computational statistics:
	Total energy calls: 4841
	Energy calls at each min: [1, 2040, 4841]
	Total force calls: 4841
	Force calls at each min: [1, 2040, 4841]
	Total steps: 5099

Verification against reference:
True minima found: 3/3

Verification against reference (saddles):
True saddles found: 0/2
Missed saddles at positions:
[0.21248658 0.29298833]
[-0.82200156  0.6243128 ]
Starting run 632
Identified minimum at position [0.6234994  0.02803776] with unbiased energy -108.16672411685238
Identified minimum at position [-0.05001837  0.46669549] with unbiased energy -80.7678181230209
Identified minimum at position [-0.55822365  1.44172583] with unbiased energy -146.6995172099539
Simulation completed.


Energies of found minima:
Minimum 1: Position = [0.6234994  0.02803776], Energy = -108.16672411685238
Minimum 2: Position = [-0.05001837  0.46669549], Energy = -80.7678181230209
Minimum 3: Position = [-0.55822365  1.44172583], Energy = -146.6995172099539

Approximate saddle points between minima:
Saddle 1: Position = [0.11764984 0.04008861], Energy = -66.23846438372291
Saddle 2: Position = [-0.47477861  0.79050843], Energy = -22.07687778297093

Computational statistics:
	Total energy calls: 4232
	Energy calls at each min: [1, 685, 4232]
	Total force calls: 4232
	Force calls at each min: [1, 685, 4232]
	Total steps: 4465

Verification against reference:
True minima found: 3/3

Verification against reference (saddles):
True saddles found: 0/2
Missed saddles at positions:
[0.21248658 0.29298833]
[-0.82200156  0.6243128 ]
Starting run 1410
Identified minimum at position [0.6234994  0.02803776] with unbiased energy -108.16672411685238
Identified minimum at position [-0.05022362  0.46673741] with unbiased energy -80.76781273278726
Identified minimum at position [-0.55822362  1.44172585] with unbiased energy -146.69951720995394
Simulation completed.


Energies of found minima:
Minimum 1: Position = [0.6234994  0.02803776], Energy = -108.16672411685238
Minimum 2: Position = [-0.05022362  0.46673741], Energy = -80.76781273278726
Minimum 3: Position = [-0.55822362  1.44172585], Energy = -146.69951720995394

Approximate saddle points between minima:
Saddle 1: Position = [0.29984122 0.30264683], Energy = -70.99511606252864
Saddle 2: Position = [0.05831108 0.72942749], Energy = -30.158834241494773

Computational statistics:
	Total energy calls: 4296
	Energy calls at each min: [1, 1263, 4296]
	Total force calls: 4296
	Force calls at each min: [1, 1263, 4296]
	Total steps: 4527

Verification against reference:
True minima found: 3/3

Verification against reference (saddles):
True saddles found: 0/2
Missed saddles at positions:
[0.21248658 0.29298833]
[-0.82200156  0.6243128 ]
Starting run 1092
Identified minimum at position [0.6234994  0.02803776] with unbiased energy -108.16672411685238
Identified minimum at position [-0.05005576  0.46670301] with unbiased energy -80.76781789046855
Identified minimum at position [-0.55822362  1.44172585] with unbiased energy -146.69951720995397
Simulation completed.


Energies of found minima:
Minimum 1: Position = [0.6234994  0.02803776], Energy = -108.16672411685238
Minimum 2: Position = [-0.05005576  0.46670301], Energy = -80.76781789046855
Minimum 3: Position = [-0.55822362  1.44172585], Energy = -146.69951720995397

Approximate saddle points between minima:
Saddle 1: Position = [0.26791114 0.31471211], Energy = -71.37035750814603
Saddle 2: Position = [-0.8260734  0.6121334], Energy = -40.63693709042701

Computational statistics:
	Total energy calls: 2986
	Energy calls at each min: [1, 448, 2986]
	Total force calls: 2986
	Force calls at each min: [1, 448, 2986]
	Total steps: 3140

Verification against reference:
True minima found: 3/3

Verification against reference (saddles):
True saddles found: 1/2
Missed saddles at positions:
[0.21248658 0.29298833]
Starting run 1042
Identified minimum at position [0.6234994  0.02803776] with unbiased energy -108.16672411685238
Identified minimum at position [-0.05316711  0.46751242] with unbiased energy -80.76652580529512
Identified minimum at position [-0.55822362  1.44172585] with unbiased energy -146.69951720995397
Simulation completed.


Energies of found minima:
Minimum 1: Position = [0.6234994  0.02803776], Energy = -108.16672411685238
Minimum 2: Position = [-0.05316711  0.46751242], Energy = -80.76652580529512
Minimum 3: Position = [-0.55822362  1.44172585], Energy = -146.69951720995397

Approximate saddle points between minima:
Saddle 1: Position = [0.27571229 0.32268142], Energy = -70.98637764734647
Saddle 2: Position = [-0.86022152  0.53606183], Energy = -38.38891191140897

Computational statistics:
	Total energy calls: 1828
	Energy calls at each min: [1, 596, 1828]
	Total force calls: 1828
	Force calls at each min: [1, 596, 1828]
	Total steps: 1919

Verification against reference:
True minima found: 2/3
Missed minima at positions:
[-0.05001082  0.4666941 ]

Verification against reference (saddles):
True saddles found: 0/2
Missed saddles at positions:
[0.21248658 0.29298833]
[-0.82200156  0.6243128 ]
