Starting run 342
Identified minimum at position [0.6234994  0.02803776] with unbiased energy -108.16672411685238
Identified minimum at position [-0.0500171   0.46669574] with unbiased energy -80.76781812454706
Identified minimum at position [-0.55822366  1.44172582] with unbiased energy -146.69951720995385
Simulation completed.


Energies of found minima:
Minimum 1: Position = [0.6234994  0.02803776], Energy = -108.16672411685238
Minimum 2: Position = [-0.0500171   0.46669574], Energy = -80.76781812454706
Minimum 3: Position = [-0.55822366  1.44172582], Energy = -146.69951720995385

Approximate saddle points between minima:
Saddle 1: Position = [0.21599465 0.30577189], Energy = -72.2567942223678
Saddle 2: Position = [-0.8227228   0.60480533], Energy = -40.65275326364979

Computational statistics:
	Total energy calls: 10588
	Energy calls at each min: [1, 1511, 10588]
	Total force calls: 10588
	Force calls at each min: [1, 1511, 10588]
	Total steps: 11139

Verification against reference:
True minima found: 3/3

Verification against reference (saddles):
True saddles found: 2/2
Starting run 701
Identified minimum at position [0.6234994  0.02803776] with unbiased energy -108.16672411685238
Identified minimum at position [-0.05117119  0.46691766] with unbiased energy -80.76765964563204
Identified minimum at position [-0.55822363  1.44172584] with unbiased energy -146.69951720995402
Simulation completed.


Energies of found minima:
Minimum 1: Position = [0.6234994  0.02803776], Energy = -108.16672411685238
Minimum 2: Position = [-0.05117119  0.46691766], Energy = -80.76765964563204
Minimum 3: Position = [-0.55822363  1.44172584], Energy = -146.69951720995402

Approximate saddle points between minima:
Saddle 1: Position = [0.13656451 0.17573327], Energy = -69.99985571538534
Saddle 2: Position = [-0.8365205  0.5712079], Energy = -40.11561193958565

Computational statistics:
	Total energy calls: 5133
	Energy calls at each min: [1, 1275, 5133]
	Total force calls: 5133
	Force calls at each min: [1, 1275, 5133]
	Total steps: 5399

Verification against reference:
True minima found: 2/3
Missed minima at positions:
[-0.05001082  0.4666941 ]

Verification against reference (saddles):
True saddles found: 0/2
Missed saddles at positions:
[0.21248658 0.29298833]
[-0.82200156  0.6243128 ]
Starting run 235
Identified minimum at position [0.6234994  0.02803776] with unbiased energy -108.16672411685238
Identified minimum at position [-0.05002966  0.4666992 ] with unbiased energy -80.7678180827831
Identified minimum at position [-0.55822365  1.44172583] with unbiased energy -146.69951720995397
Simulation completed.


Energies of found minima:
Minimum 1: Position = [0.6234994  0.02803776], Energy = -108.16672411685238
Minimum 2: Position = [-0.05002966  0.4666992 ], Energy = -80.7678180827831
Minimum 3: Position = [-0.55822365  1.44172583], Energy = -146.69951720995397

Approximate saddle points between minima:
Saddle 1: Position = [0.30071297 0.32130445], Energy = -70.21456017145763
Saddle 2: Position = [0.55767379 0.47279067], Energy = -29.476556695929055

Computational statistics:
	Total energy calls: 9518
	Energy calls at each min: [1, 1058, 9518]
	Total force calls: 9518
	Force calls at each min: [1, 1058, 9518]
	Total steps: 10031

Verification against reference:
True minima found: 3/3

Verification against reference (saddles):
True saddles found: 0/2
Missed saddles at positions:
[0.21248658 0.29298833]
[-0.82200156  0.6243128 ]
Starting run 132
Identified minimum at position [0.6234994  0.02803776] with unbiased energy -108.16672411685238
Identified minimum at position [-0.05001117  0.46669417] with unbiased energy -80.76781812964472
Identified minimum at position [-0.55822365  1.44172582] with unbiased energy -146.69951720995388
Simulation completed.


Energies of found minima:
Minimum 1: Position = [0.6234994  0.02803776], Energy = -108.16672411685238
Minimum 2: Position = [-0.05001117  0.46669417], Energy = -80.76781812964472
Minimum 3: Position = [-0.55822365  1.44172582], Energy = -146.69951720995388

Approximate saddle points between minima:
Saddle 1: Position = [0.2505815  0.34535524], Energy = -71.51760029848366
Saddle 2: Position = [-0.49862719  0.07435072], Energy = -8.105290699460735

Computational statistics:
	Total energy calls: 7857
	Energy calls at each min: [1, 479, 7857]
	Total force calls: 7857
	Force calls at each min: [1, 479, 7857]
	Total steps: 8292

Verification against reference:
True minima found: 3/3

Verification against reference (saddles):
True saddles found: 0/2
Missed saddles at positions:
[0.21248658 0.29298833]
[-0.82200156  0.6243128 ]
Starting run 1572
Identified minimum at position [0.6234994  0.02803776] with unbiased energy -108.16672411685238
Identified minimum at position [-0.05001118  0.46669418] with unbiased energy -80.76781812964394
Identified minimum at position [-0.55822364  1.44172584] with unbiased energy -146.699517209954
Simulation completed.


Energies of found minima:
Minimum 1: Position = [0.6234994  0.02803776], Energy = -108.16672411685238
Minimum 2: Position = [-0.05001118  0.46669418], Energy = -80.76781812964394
Minimum 3: Position = [-0.55822364  1.44172584], Energy = -146.699517209954

Approximate saddle points between minima:
Saddle 1: Position = [0.17694721 0.30105148], Energy = -72.28947848145292
Saddle 2: Position = [-0.7183733   0.39534745], Energy = -37.82642561069592

Computational statistics:
	Total energy calls: 3062
	Energy calls at each min: [1, 457, 3062]
	Total force calls: 3062
	Force calls at each min: [1, 457, 3062]
	Total steps: 3227

Verification against reference:
True minima found: 3/3

Verification against reference (saddles):
True saddles found: 1/2
Missed saddles at positions:
[-0.82200156  0.6243128 ]
Starting run 845
Identified minimum at position [0.6234994  0.02803776] with unbiased energy -108.16672411685238
Identified minimum at position [-0.05030004  0.46675796] with unbiased energy -80.76780793108182
Approximate Hessian has condition number >1e6 and cannot be reliably trusted; reverting to default behavior. 
Eigenvalues: [1.00049203e-03 1.46304347e+06]
Identified minimum at position [-0.55822365  1.44172582] with unbiased energy -146.69951720995388
Simulation completed.


Energies of found minima:
Minimum 1: Position = [0.6234994  0.02803776], Energy = -108.16672411685238
Minimum 2: Position = [-0.05030004  0.46675796], Energy = -80.76780793108182
Minimum 3: Position = [-0.55822365  1.44172582], Energy = -146.69951720995388

Approximate saddle points between minima:
Saddle 1: Position = [0.22394746 0.2827306 ], Energy = -72.32322490039112
Saddle 2: Position = [-0.82013494  0.64824214], Energy = -40.66427391665363

Computational statistics:
	Total energy calls: 9484
	Energy calls at each min: [1, 1274, 9484]
	Total force calls: 9484
	Force calls at each min: [1, 1274, 9484]
	Total steps: 9941

Verification against reference:
True minima found: 3/3

Verification against reference (saddles):
True saddles found: 2/2
Starting run 550
Identified minimum at position [0.6234994  0.02803776] with unbiased energy -108.16672411685238
Identified minimum at position [-0.05002714  0.46669779] with unbiased energy -80.76781809695277
Identified minimum at position [-0.55822364  1.44172583] with unbiased energy -146.69951720995397
Simulation completed.


Energies of found minima:
Minimum 1: Position = [0.6234994  0.02803776], Energy = -108.16672411685238
Minimum 2: Position = [-0.05002714  0.46669779], Energy = -80.76781809695277
Minimum 3: Position = [-0.55822364  1.44172583], Energy = -146.69951720995397

Approximate saddle points between minima:
Saddle 1: Position = [0.36351666 0.27557431], Energy = -71.36564884006808
Saddle 2: Position = [-0.12895315 -0.03642707], Energy = -29.22763040940302

Computational statistics:
	Total energy calls: 5674
	Energy calls at each min: [1, 1235, 5674]
	Total force calls: 5674
	Force calls at each min: [1, 1235, 5674]
	Total steps: 5977

Verification against reference:
True minima found: 3/3

Verification against reference (saddles):
True saddles found: 0/2
Missed saddles at positions:
[0.21248658 0.29298833]
[-0.82200156  0.6243128 ]
Starting run 1189
Identified minimum at position [0.6234994  0.02803776] with unbiased energy -108.16672411685238
Identified minimum at position [-0.05001217  0.46669447] with unbiased energy -80.76781812941965
Identified minimum at position [-0.55822363  1.44172585] with unbiased energy -146.69951720995402
Simulation completed.


Energies of found minima:
Minimum 1: Position = [0.6234994  0.02803776], Energy = -108.16672411685238
Minimum 2: Position = [-0.05001217  0.46669447], Energy = -80.76781812941965
Minimum 3: Position = [-0.55822363  1.44172585], Energy = -146.69951720995402

Approximate saddle points between minima:
Saddle 1: Position = [0.22124121 0.29108689], Energy = -72.2510918417693
Saddle 2: Position = [0.51817097 0.49512895], Energy = -33.271382949423554

Computational statistics:
	Total energy calls: 8512
	Energy calls at each min: [1, 1472, 8512]
	Total force calls: 8512
	Force calls at each min: [1, 1472, 8512]
	Total steps: 8966

Verification against reference:
True minima found: 3/3

Verification against reference (saddles):
True saddles found: 1/2
Missed saddles at positions:
[-0.82200156  0.6243128 ]
Starting run 363
Identified minimum at position [0.6234994  0.02803776] with unbiased energy -108.16672411685238
Identified minimum at position [-0.05007811  0.46671187] with unbiased energy -80.76781753813674
Identified minimum at position [-0.55822364  1.44172584] with unbiased energy -146.699517209954
Simulation completed.


Energies of found minima:
Minimum 1: Position = [0.6234994  0.02803776], Energy = -108.16672411685238
Minimum 2: Position = [-0.05007811  0.46671187], Energy = -80.76781753813674
Minimum 3: Position = [-0.55822364  1.44172584], Energy = -146.699517209954

Approximate saddle points between minima:
Saddle 1: Position = [0.15837977 0.24971967], Energy = -71.13911380566341
Saddle 2: Position = [-0.83881498  0.62834345], Energy = -40.73897918004876

Computational statistics:
	Total energy calls: 5701
	Energy calls at each min: [1, 2045, 5701]
	Total force calls: 5701
	Force calls at each min: [1, 2045, 5701]
	Total steps: 6000

Verification against reference:
True minima found: 3/3

Verification against reference (saddles):
True saddles found: 1/2
Missed saddles at positions:
[0.21248658 0.29298833]
