Starting run 645
Identified minimum at position [0.6234994  0.02803776] with unbiased energy -108.16672411685238
Identified minimum at position [-0.05014703  0.46672832] with unbiased energy -80.76781575881309
Identified minimum at position [-0.55822365  1.44172583] with unbiased energy -146.69951720995394
Simulation completed.


Energies of found minima:
Minimum 1: Position = [0.6234994  0.02803776], Energy = -108.16672411685238
Minimum 2: Position = [-0.05014703  0.46672832], Energy = -80.76781575881309
Minimum 3: Position = [-0.55822365  1.44172583], Energy = -146.69951720995394

Approximate saddle points between minima:
Saddle 1: Position = [0.28177499 0.36896788], Energy = -69.8637781316698
Saddle 2: Position = [-0.71239491  0.31080379], Energy = -26.67066601083996

Computational statistics:
	Total energy calls: 5333
	Energy calls at each min: [1, 1344, 5333]
	Total force calls: 5333
	Force calls at each min: [1, 1344, 5333]
	Total steps: 5619

Verification against reference:
True minima found: 3/3

Verification against reference (saddles):
True saddles found: 0/2
Missed saddles at positions:
[0.21248658 0.29298833]
[-0.82200156  0.6243128 ]
Starting run 368
Identified minimum at position [0.6234994  0.02803776] with unbiased energy -108.16672411685238
Approximate Hessian has condition number >1e6 and cannot be reliably trusted; reverting to default behavior. 
Eigenvalues: [2.15342804e-03 7.84973280e+07]
Identified minimum at position [-0.05005689  0.46670344] with unbiased energy -80.76781787697539
Identified minimum at position [-0.55822365  1.44172583] with unbiased energy -146.6995172099539
Simulation completed.


Energies of found minima:
Minimum 1: Position = [0.6234994  0.02803776], Energy = -108.16672411685238
Minimum 2: Position = [-0.05005689  0.46670344], Energy = -80.76781787697539
Minimum 3: Position = [-0.55822365  1.44172583], Energy = -146.6995172099539

Approximate saddle points between minima:
Saddle 1: Position = [0.19609092 0.28975655], Energy = -72.1962789162015
Saddle 2: Position = [-0.77790018  0.67676505], Energy = -39.60209642716411

Computational statistics:
	Total energy calls: 8250
	Energy calls at each min: [1, 1411, 8250]
	Total force calls: 8250
	Force calls at each min: [1, 1411, 8250]
	Total steps: 8684

Verification against reference:
True minima found: 3/3

Verification against reference (saddles):
True saddles found: 1/2
Missed saddles at positions:
[-0.82200156  0.6243128 ]
Starting run 1147
Identified minimum at position [0.6234994  0.02803776] with unbiased energy -108.16672411685238
Identified minimum at position [-0.0500994   0.46675197] with unbiased energy -80.76781552121214
Approximate Hessian has condition number >1e6 and cannot be reliably trusted; reverting to default behavior. 
Eigenvalues: [5.45661896e-06 1.23433279e+08]
Approximate Hessian has condition number >1e6 and cannot be reliably trusted; reverting to default behavior. 
Eigenvalues: [5.74178877e-03 6.18751075e+06]
Identified minimum at position [-0.55822364  1.44172583] with unbiased energy -146.69951720995397
Simulation completed.


Energies of found minima:
Minimum 1: Position = [0.6234994  0.02803776], Energy = -108.16672411685238
Minimum 2: Position = [-0.0500994   0.46675197], Energy = -80.76781552121214
Minimum 3: Position = [-0.55822364  1.44172583], Energy = -146.69951720995397

Approximate saddle points between minima:
Saddle 1: Position = [0.27914337 0.30448665], Energy = -71.3917134057899
Saddle 2: Position = [-0.61781373  0.70065121], Energy = -36.112253469221336

Computational statistics:
	Total energy calls: 16863
	Energy calls at each min: [1, 2060, 16863]
	Total force calls: 16863
	Force calls at each min: [1, 2060, 16863]
	Total steps: 17688

Verification against reference:
True minima found: 3/3

Verification against reference (saddles):
True saddles found: 0/2
Missed saddles at positions:
[0.21248658 0.29298833]
[-0.82200156  0.6243128 ]
Starting run 457
Identified minimum at position [0.6234994  0.02803776] with unbiased energy -108.16672411685238
Identified minimum at position [-0.05003839  0.46669869] with unbiased energy -80.7678180424632
Identified minimum at position [-0.55822363  1.44172584] with unbiased energy -146.699517209954
Simulation completed.


Energies of found minima:
Minimum 1: Position = [0.6234994  0.02803776], Energy = -108.16672411685238
Minimum 2: Position = [-0.05003839  0.46669869], Energy = -80.7678180424632
Minimum 3: Position = [-0.55822363  1.44172584], Energy = -146.699517209954

Approximate saddle points between minima:
Saddle 1: Position = [ 0.37929526 -0.16519057], Energy = -48.57046337554487
Saddle 2: Position = [-0.45666051  0.78113786], Energy = -23.267461577084347

Computational statistics:
	Total energy calls: 5970
	Energy calls at each min: [1, 1827, 5970]
	Total force calls: 5970
	Force calls at each min: [1, 1827, 5970]
	Total steps: 6298

Verification against reference:
True minima found: 3/3

Verification against reference (saddles):
True saddles found: 0/2
Missed saddles at positions:
[0.21248658 0.29298833]
[-0.82200156  0.6243128 ]
Starting run 497
Identified minimum at position [0.6234994  0.02803776] with unbiased energy -108.16672411685238
Identified minimum at position [-0.05346069  0.46752914] with unbiased energy -80.7663183738359
Identified minimum at position [-0.55822356  1.44172594] with unbiased energy -146.69951720995005
Simulation completed.


Energies of found minima:
Minimum 1: Position = [0.6234994  0.02803776], Energy = -108.16672411685238
Minimum 2: Position = [-0.05346069  0.46752914], Energy = -80.7663183738359
Minimum 3: Position = [-0.55822356  1.44172594], Energy = -146.69951720995005

Approximate saddle points between minima:
Saddle 1: Position = [0.15557173 0.23378116], Energy = -70.934674853112
Saddle 2: Position = [-0.83954431  0.59637717], Energy = -40.39805126252318

Computational statistics:
	Total energy calls: 11421
	Energy calls at each min: [1, 2344, 11421]
	Total force calls: 11421
	Force calls at each min: [1, 2344, 11421]
	Total steps: 11982

Verification against reference:
True minima found: 2/3
Missed minima at positions:
[-0.05001082  0.4666941 ]

Verification against reference (saddles):
True saddles found: 1/2
Missed saddles at positions:
[0.21248658 0.29298833]
Starting run 1440
Identified minimum at position [0.6234994  0.02803776] with unbiased energy -108.16672411685238
Identified minimum at position [-0.05001249  0.46669456] with unbiased energy -80.7678181292926
Identified minimum at position [-0.55822365  1.44172583] with unbiased energy -146.69951720995394
Simulation completed.


Energies of found minima:
Minimum 1: Position = [0.6234994  0.02803776], Energy = -108.16672411685238
Minimum 2: Position = [-0.05001249  0.46669456], Energy = -80.7678181292926
Minimum 3: Position = [-0.55822365  1.44172583], Energy = -146.69951720995394

Approximate saddle points between minima:
Saddle 1: Position = [0.20107383 0.3064794 ], Energy = -72.35414431309883
Saddle 2: Position = [-0.71836474  0.70497413], Energy = -37.08479118953296

Computational statistics:
	Total energy calls: 2305
	Energy calls at each min: [1, 1192, 2305]
	Total force calls: 2305
	Force calls at each min: [1, 1192, 2305]
	Total steps: 2433

Verification against reference:
True minima found: 3/3

Verification against reference (saddles):
True saddles found: 1/2
Missed saddles at positions:
[-0.82200156  0.6243128 ]
Starting run 1429
Identified minimum at position [0.6234994  0.02803776] with unbiased energy -108.16672411685238
Identified minimum at position [-0.05001305  0.46669468] with unbiased energy -80.7678181290174
Identified minimum at position [-0.55822365  1.44172583] with unbiased energy -146.69951720995397
Simulation completed.


Energies of found minima:
Minimum 1: Position = [0.6234994  0.02803776], Energy = -108.16672411685238
Minimum 2: Position = [-0.05001305  0.46669468], Energy = -80.7678181290174
Minimum 3: Position = [-0.55822365  1.44172583], Energy = -146.69951720995397

Approximate saddle points between minima:
Saddle 1: Position = [0.9483579  0.12409294], Energy = -49.47840132860074
Saddle 2: Position = [-0.48118804  0.74971057], Energy = -28.84173269037673

Computational statistics:
	Total energy calls: 3522
	Energy calls at each min: [1, 1708, 3522]
	Total force calls: 3522
	Force calls at each min: [1, 1708, 3522]
	Total steps: 3712

Verification against reference:
True minima found: 3/3

Verification against reference (saddles):
True saddles found: 0/2
Missed saddles at positions:
[0.21248658 0.29298833]
[-0.82200156  0.6243128 ]
Starting run 970
Identified minimum at position [0.6234994  0.02803776] with unbiased energy -108.16672411685238
Identified minimum at position [-0.05027448  0.46676597] with unbiased energy -80.76780890250092
Identified minimum at position [-0.55822362  1.44172586] with unbiased energy -146.6995172099539
Simulation completed.


Energies of found minima:
Minimum 1: Position = [0.6234994  0.02803776], Energy = -108.16672411685238
Minimum 2: Position = [-0.05027448  0.46676597], Energy = -80.76780890250092
Minimum 3: Position = [-0.55822362  1.44172586], Energy = -146.6995172099539

Approximate saddle points between minima:
Saddle 1: Position = [ 0.10214022 -0.07403408], Energy = -49.52834157166965
Saddle 2: Position = [0.45907204 0.78909303], Energy = 21.686692780139097

Computational statistics:
	Total energy calls: 4585
	Energy calls at each min: [1, 1690, 4585]
	Total force calls: 4585
	Force calls at each min: [1, 1690, 4585]
	Total steps: 4829

Verification against reference:
True minima found: 3/3

Verification against reference (saddles):
True saddles found: 0/2
Missed saddles at positions:
[0.21248658 0.29298833]
[-0.82200156  0.6243128 ]
Starting run 1519
Identified minimum at position [0.6234994  0.02803776] with unbiased energy -108.16672411685238
Identified minimum at position [-0.0500184   0.46669583] with unbiased energy -80.76781812258913
Identified minimum at position [-0.55822365  1.44172583] with unbiased energy -146.69951720995394
Simulation completed.


Energies of found minima:
Minimum 1: Position = [0.6234994  0.02803776], Energy = -108.16672411685238
Minimum 2: Position = [-0.0500184   0.46669583], Energy = -80.76781812258913
Minimum 3: Position = [-0.55822365  1.44172583], Energy = -146.69951720995394

Approximate saddle points between minima:
Saddle 1: Position = [0.24763335 0.29572551], Energy = -72.07214244632607
Saddle 2: Position = [-0.81695022  0.59872677], Energy = -40.73139637933237

Computational statistics:
	Total energy calls: 3813
	Energy calls at each min: [1, 907, 3813]
	Total force calls: 3813
	Force calls at each min: [1, 907, 3813]
	Total steps: 4015

Verification against reference:
True minima found: 3/3

Verification against reference (saddles):
True saddles found: 2/2
