Starting run 990
Identified minimum at position [0.6234994  0.02803776] with unbiased energy -108.16672411685238
Identified minimum at position [-0.05001447  0.46669508] with unbiased energy -80.7678181279162
Identified minimum at position [-0.55822365  1.44172582] with unbiased energy -146.6995172099539
Simulation completed.


Energies of found minima:
Minimum 1: Position = [0.6234994  0.02803776], Energy = -108.16672411685238
Minimum 2: Position = [-0.05001447  0.46669508], Energy = -80.7678181279162
Minimum 3: Position = [-0.55822365  1.44172582], Energy = -146.6995172099539

Approximate saddle points between minima:
Saddle 1: Position = [0.94830626 0.03566385], Energy = -68.85562383804734
Saddle 2: Position = [-0.82481507  0.61301121], Energy = -40.64674412504833

Computational statistics:
	Total energy calls: 12334
	Energy calls at each min: [1, 2756, 12334]
	Total force calls: 12334
	Force calls at each min: [1, 2756, 12334]
	Total steps: 12969

Verification against reference:
True minima found: 3/3

Verification against reference (saddles):
True saddles found: 1/2
Missed saddles at positions:
[0.21248658 0.29298833]
Starting run 540
Identified minimum at position [0.6234994  0.02803776] with unbiased energy -108.16672411685238
Identified minimum at position [-0.05005579  0.46670322] with unbiased energy -80.76781788892211
Identified minimum at position [-0.55822365  1.44172583] with unbiased energy -146.69951720995394
Simulation completed.


Energies of found minima:
Minimum 1: Position = [0.6234994  0.02803776], Energy = -108.16672411685238
Minimum 2: Position = [-0.05005579  0.46670322], Energy = -80.76781788892211
Minimum 3: Position = [-0.55822365  1.44172583], Energy = -146.69951720995394

Approximate saddle points between minima:
Saddle 1: Position = [0.13876013 0.13976309], Energy = -70.47397391828065
Saddle 2: Position = [0.59228291 0.37559569], Energy = -37.61790621110558

Computational statistics:
	Total energy calls: 6418
	Energy calls at each min: [1, 1332, 6418]
	Total force calls: 6418
	Force calls at each min: [1, 1332, 6418]
	Total steps: 6758

Verification against reference:
True minima found: 3/3

Verification against reference (saddles):
True saddles found: 0/2
Missed saddles at positions:
[0.21248658 0.29298833]
[-0.82200156  0.6243128 ]
Starting run 935
Identified minimum at position [0.6234994  0.02803776] with unbiased energy -108.16672411685238
Identified minimum at position [-0.05014304  0.46675079] with unbiased energy -80.76781482497552
Identified minimum at position [-0.55822363  1.44172585] with unbiased energy -146.699517209954
Simulation completed.


Energies of found minima:
Minimum 1: Position = [0.6234994  0.02803776], Energy = -108.16672411685238
Minimum 2: Position = [-0.05014304  0.46675079], Energy = -80.76781482497552
Minimum 3: Position = [-0.55822363  1.44172585], Energy = -146.699517209954

Approximate saddle points between minima:
Saddle 1: Position = [ 0.93811278 -0.08446205], Energy = -52.643424551305515
Saddle 2: Position = [0.18718009 0.80711581], Energy = -1.7609344862761418

Computational statistics:
	Total energy calls: 9837
	Energy calls at each min: [1, 1838, 9837]
	Total force calls: 9837
	Force calls at each min: [1, 1838, 9837]
	Total steps: 10362

Verification against reference:
True minima found: 3/3

Verification against reference (saddles):
True saddles found: 0/2
Missed saddles at positions:
[0.21248658 0.29298833]
[-0.82200156  0.6243128 ]
Starting run 1571
Identified minimum at position [0.6234994  0.02803776] with unbiased energy -108.16672411685238
Identified minimum at position [-0.0500537   0.46670288] with unbiased energy -80.76781791022609
Identified minimum at position [-0.55822362  1.44172586] with unbiased energy -146.6995172099539
Simulation completed.


Energies of found minima:
Minimum 1: Position = [0.6234994  0.02803776], Energy = -108.16672411685238
Minimum 2: Position = [-0.0500537   0.46670288], Energy = -80.76781791022609
Minimum 3: Position = [-0.55822362  1.44172586], Energy = -146.6995172099539

Approximate saddle points between minima:
Saddle 1: Position = [0.0726247 0.1466015], Energy = -64.52896691305929
Saddle 2: Position = [-0.69893985  0.39578641], Energy = -39.39826244783471

Computational statistics:
	Total energy calls: 2638
	Energy calls at each min: [1, 1016, 2638]
	Total force calls: 2638
	Force calls at each min: [1, 1016, 2638]
	Total steps: 2782

Verification against reference:
True minima found: 3/3

Verification against reference (saddles):
True saddles found: 0/2
Missed saddles at positions:
[0.21248658 0.29298833]
[-0.82200156  0.6243128 ]
Starting run 926
Identified minimum at position [0.6234994  0.02803776] with unbiased energy -108.16672411685238
Identified minimum at position [-0.05001387  0.46669472] with unbiased energy -80.76781812855292
Identified minimum at position [-0.55822365  1.44172583] with unbiased energy -146.6995172099539
Simulation completed.


Energies of found minima:
Minimum 1: Position = [0.6234994  0.02803776], Energy = -108.16672411685238
Minimum 2: Position = [-0.05001387  0.46669472], Energy = -80.76781812855292
Minimum 3: Position = [-0.55822365  1.44172583], Energy = -146.6995172099539

Approximate saddle points between minima:
Saddle 1: Position = [0.05083024 0.18527882], Energy = -63.73957181447513
Saddle 2: Position = [-0.75056901  0.39802104], Energy = -35.64896151249104

Computational statistics:
	Total energy calls: 2646
	Energy calls at each min: [1, 1441, 2646]
	Total force calls: 2646
	Force calls at each min: [1, 1441, 2646]
	Total steps: 2787

Verification against reference:
True minima found: 3/3

Verification against reference (saddles):
True saddles found: 0/2
Missed saddles at positions:
[0.21248658 0.29298833]
[-0.82200156  0.6243128 ]
Starting run 518
Identified minimum at position [0.6234994  0.02803776] with unbiased energy -108.16672411685238
Identified minimum at position [-0.05212531  0.46727924] with unbiased energy -80.76721953274138
Identified minimum at position [-0.55822362  1.44172585] with unbiased energy -146.69951720995397
Simulation completed.


Energies of found minima:
Minimum 1: Position = [0.6234994  0.02803776], Energy = -108.16672411685238
Minimum 2: Position = [-0.05212531  0.46727924], Energy = -80.76721953274138
Minimum 3: Position = [-0.55822362  1.44172585], Energy = -146.69951720995397

Approximate saddle points between minima:
Saddle 1: Position = [0.25195335 0.34869462], Energy = -71.45322516831625
Saddle 2: Position = [-0.8042292   0.48882634], Energy = -39.16048828302014

Computational statistics:
	Total energy calls: 11165
	Energy calls at each min: [1, 2191, 11165]
	Total force calls: 11165
	Force calls at each min: [1, 2191, 11165]
	Total steps: 11731

Verification against reference:
True minima found: 2/3
Missed minima at positions:
[-0.05001082  0.4666941 ]

Verification against reference (saddles):
True saddles found: 0/2
Missed saddles at positions:
[0.21248658 0.29298833]
[-0.82200156  0.6243128 ]
Starting run 1494
Identified minimum at position [0.6234994  0.02803776] with unbiased energy -108.16672411685238
Identified minimum at position [-0.05001179  0.46669436] with unbiased energy -80.76781812953651
Identified minimum at position [-0.55822365  1.44172583] with unbiased energy -146.6995172099539
Simulation completed.


Energies of found minima:
Minimum 1: Position = [0.6234994  0.02803776], Energy = -108.16672411685238
Minimum 2: Position = [-0.05001179  0.46669436], Energy = -80.76781812953651
Minimum 3: Position = [-0.55822365  1.44172583], Energy = -146.6995172099539

Approximate saddle points between minima:
Saddle 1: Position = [0.16640756 0.25345872], Energy = -71.41927255399915
Saddle 2: Position = [-0.25573663  0.11126778], Energy = -31.343686084336376

Computational statistics:
	Total energy calls: 10506
	Energy calls at each min: [1, 1417, 10506]
	Total force calls: 10506
	Force calls at each min: [1, 1417, 10506]
	Total steps: 11065

Verification against reference:
True minima found: 3/3

Verification against reference (saddles):
True saddles found: 0/2
Missed saddles at positions:
[0.21248658 0.29298833]
[-0.82200156  0.6243128 ]
Starting run 1447
Identified minimum at position [0.6234994  0.02803776] with unbiased energy -108.16672411685238
Identified minimum at position [-0.0500135   0.46669499] with unbiased energy -80.76781812858638
Identified minimum at position [-0.55822363  1.44172585] with unbiased energy -146.699517209954
Simulation completed.


Energies of found minima:
Minimum 1: Position = [0.6234994  0.02803776], Energy = -108.16672411685238
Minimum 2: Position = [-0.0500135   0.46669499], Energy = -80.76781812858638
Minimum 3: Position = [-0.55822363  1.44172585], Energy = -146.699517209954

Approximate saddle points between minima:
Saddle 1: Position = [0.93665731 0.08598122], Energy = -63.95830181415437
Saddle 2: Position = [-0.74035886  0.6931943 ], Energy = -38.19446023458691

Computational statistics:
	Total energy calls: 1823
	Energy calls at each min: [1, 1178, 1823]
	Total force calls: 1823
	Force calls at each min: [1, 1178, 1823]
	Total steps: 1920

Verification against reference:
True minima found: 3/3

Verification against reference (saddles):
True saddles found: 0/2
Missed saddles at positions:
[0.21248658 0.29298833]
[-0.82200156  0.6243128 ]
Starting run 108
Identified minimum at position [0.6234994  0.02803776] with unbiased energy -108.16672411685238
Identified minimum at position [-0.0500116   0.46669431] with unbiased energy -80.7678181295795
Identified minimum at position [-0.55822365  1.44172583] with unbiased energy -146.6995172099539
Simulation completed.


Energies of found minima:
Minimum 1: Position = [0.6234994  0.02803776], Energy = -108.16672411685238
Minimum 2: Position = [-0.0500116   0.46669431], Energy = -80.7678181295795
Minimum 3: Position = [-0.55822365  1.44172583], Energy = -146.6995172099539

Approximate saddle points between minima:
Saddle 1: Position = [0.98984663 0.00843143], Energy = -57.11570471681807
Saddle 2: Position = [1.08852809 0.05385496], Energy = -15.23280196320141

Computational statistics:
	Total energy calls: 6543
	Energy calls at each min: [1, 1888, 6543]
	Total force calls: 6543
	Force calls at each min: [1, 1888, 6543]
	Total steps: 6900

Verification against reference:
True minima found: 3/3

Verification against reference (saddles):
True saddles found: 0/2
Missed saddles at positions:
[0.21248658 0.29298833]
[-0.82200156  0.6243128 ]
