Starting run 105
Identified minimum at position [0.6234994  0.02803776] with unbiased energy -108.16672411685238
Identified minimum at position [-0.0501222   0.46671655] with unbiased energy -80.76781665484717
Approximate Hessian has condition number >1e6 and cannot be reliably trusted; reverting to default behavior. 
Eigenvalues: [3.71795787e-04 4.62201662e+02]
Identified minimum at position [-0.55821628  1.4417349 ] with unbiased energy -146.69951717936365
Simulation completed.


Energies of found minima:
Minimum 1: Position = [0.6234994  0.02803776], Energy = -108.16672411685238
Minimum 2: Position = [-0.0501222   0.46671655], Energy = -80.76781665484717
Minimum 3: Position = [-0.55821628  1.4417349 ], Energy = -146.69951717936365

Approximate saddle points between minima:
Saddle 1: Position = [ 0.60913492 -0.14151682], Energy = -65.64513665162379
Saddle 2: Position = [0.19511665 0.78991357], Energy = -5.577276332455185

Computational statistics:
	Total energy calls: 12367
	Energy calls at each min: [1, 1549, 12367]
	Total force calls: 12367
	Force calls at each min: [1, 1549, 12367]
	Total steps: 13029

Verification against reference:
True minima found: 3/3

Verification against reference (saddles):
True saddles found: 0/2
Missed saddles at positions:
[0.21248658 0.29298833]
[-0.82200156  0.6243128 ]
Starting run 1580
Identified minimum at position [0.6234994  0.02803776] with unbiased energy -108.16672411685238
Identified minimum at position [-0.05012141  0.46671614] with unbiased energy -80.76781667941498
Identified minimum at position [-0.55822362  1.44172586] with unbiased energy -146.6995172099539
Simulation completed.


Energies of found minima:
Minimum 1: Position = [0.6234994  0.02803776], Energy = -108.16672411685238
Minimum 2: Position = [-0.05012141  0.46671614], Energy = -80.76781667941498
Minimum 3: Position = [-0.55822362  1.44172586], Energy = -146.6995172099539

Approximate saddle points between minima:
Saddle 1: Position = [0.28184179 0.35772709], Energy = -70.05862909179862
Saddle 2: Position = [0.36258626 0.70014955], Energy = -13.873528499230858

Computational statistics:
	Total energy calls: 7764
	Energy calls at each min: [1, 843, 7764]
	Total force calls: 7764
	Force calls at each min: [1, 843, 7764]
	Total steps: 8179

Verification against reference:
True minima found: 3/3

Verification against reference (saddles):
True saddles found: 0/2
Missed saddles at positions:
[0.21248658 0.29298833]
[-0.82200156  0.6243128 ]
Starting run 919
Identified minimum at position [0.6234994  0.02803776] with unbiased energy -108.16672411685238
Identified minimum at position [-0.05001178  0.46669435] with unbiased energy -80.76781812954172
Identified minimum at position [-0.55822362  1.44172586] with unbiased energy -146.69951720995388
Simulation completed.


Energies of found minima:
Minimum 1: Position = [0.6234994  0.02803776], Energy = -108.16672411685238
Minimum 2: Position = [-0.05001178  0.46669435], Energy = -80.76781812954172
Minimum 3: Position = [-0.55822362  1.44172586], Energy = -146.69951720995388

Approximate saddle points between minima:
Saddle 1: Position = [0.94656302 0.01114638], Energy = -69.97132307283164
Saddle 2: Position = [-0.39054087  0.75302833], Energy = -28.51165884243726

Computational statistics:
	Total energy calls: 5236
	Energy calls at each min: [1, 1138, 5236]
	Total force calls: 5236
	Force calls at each min: [1, 1138, 5236]
	Total steps: 5524

Verification against reference:
True minima found: 3/3

Verification against reference (saddles):
True saddles found: 0/2
Missed saddles at positions:
[0.21248658 0.29298833]
[-0.82200156  0.6243128 ]
Starting run 1343
Identified minimum at position [0.6234994  0.02803776] with unbiased energy -108.16672411685238
Identified minimum at position [-0.05005334  0.46670248] with unbiased energy -80.7678179159095
Identified minimum at position [-0.55822365  1.44172583] with unbiased energy -146.69951720995388
Simulation completed.


Energies of found minima:
Minimum 1: Position = [0.6234994  0.02803776], Energy = -108.16672411685238
Minimum 2: Position = [-0.05005334  0.46670248], Energy = -80.7678179159095
Minimum 3: Position = [-0.55822365  1.44172583], Energy = -146.69951720995388

Approximate saddle points between minima:
Saddle 1: Position = [0.1784018  0.29145349], Energy = -72.1085108620247
Saddle 2: Position = [-0.80910982  0.63005912], Energy = -40.63901913596604

Computational statistics:
	Total energy calls: 6300
	Energy calls at each min: [1, 843, 6300]
	Total force calls: 6300
	Force calls at each min: [1, 843, 6300]
	Total steps: 6632

Verification against reference:
True minima found: 3/3

Verification against reference (saddles):
True saddles found: 2/2
Starting run 1365
Identified minimum at position [0.6234994  0.02803776] with unbiased energy -108.16672411685238
Identified minimum at position [-0.05012577  0.46671676] with unbiased energy -80.76781656683838
Approximate Hessian has condition number >1e6 and cannot be reliably trusted; reverting to default behavior. 
Eigenvalues: [1.61240285e-03 6.27771933e+06]
Identified minimum at position [-0.55822329  1.44172634] with unbiased energy -146.69951720985566
Simulation completed.


Energies of found minima:
Minimum 1: Position = [0.6234994  0.02803776], Energy = -108.16672411685238
Minimum 2: Position = [-0.05012577  0.46671676], Energy = -80.76781656683838
Minimum 3: Position = [-0.55822329  1.44172634], Energy = -146.69951720985566

Approximate saddle points between minima:
Saddle 1: Position = [0.15567345 0.21453567], Energy = -70.95696521073748
Saddle 2: Position = [-0.43827776  0.15692618], Energy = -22.03218506895397

Computational statistics:
	Total energy calls: 8933
	Energy calls at each min: [1, 1167, 8933]
	Total force calls: 8933
	Force calls at each min: [1, 1167, 8933]
	Total steps: 9409

Verification against reference:
True minima found: 3/3

Verification against reference (saddles):
True saddles found: 0/2
Missed saddles at positions:
[0.21248658 0.29298833]
[-0.82200156  0.6243128 ]
Starting run 941
Identified minimum at position [0.6234994  0.02803776] with unbiased energy -108.16672411685238
Identified minimum at position [-0.05010166  0.46671562] with unbiased energy -80.76781709947373
Identified minimum at position [-0.55822364  1.44172584] with unbiased energy -146.69951720995402
Simulation completed.


Energies of found minima:
Minimum 1: Position = [0.6234994  0.02803776], Energy = -108.16672411685238
Minimum 2: Position = [-0.05010166  0.46671562], Energy = -80.76781709947373
Minimum 3: Position = [-0.55822364  1.44172584], Energy = -146.69951720995402

Approximate saddle points between minima:
Saddle 1: Position = [0.67295494 0.23542289], Energy = -60.457708827319166
Saddle 2: Position = [-0.59191911  0.78574263], Energy = -26.677275104029928

Computational statistics:
	Total energy calls: 5968
	Energy calls at each min: [1, 1443, 5968]
	Total force calls: 5968
	Force calls at each min: [1, 1443, 5968]
	Total steps: 6302

Verification against reference:
True minima found: 3/3

Verification against reference (saddles):
True saddles found: 0/2
Missed saddles at positions:
[0.21248658 0.29298833]
[-0.82200156  0.6243128 ]
Starting run 897
Identified minimum at position [0.6234994  0.02803776] with unbiased energy -108.16672411685238
Identified minimum at position [-0.0501474   0.46672827] with unbiased energy -80.76781575023588
Identified minimum at position [-0.55822363  1.44172585] with unbiased energy -146.69951720995397
Simulation completed.


Energies of found minima:
Minimum 1: Position = [0.6234994  0.02803776], Energy = -108.16672411685238
Minimum 2: Position = [-0.0501474   0.46672827], Energy = -80.76781575023588
Minimum 3: Position = [-0.55822363  1.44172585], Energy = -146.69951720995397

Approximate saddle points between minima:
Saddle 1: Position = [0.14474891 0.23900387], Energy = -70.52927941399491
Saddle 2: Position = [-0.44164441  0.1704319 ], Energy = -23.613358912848994

Computational statistics:
	Total energy calls: 8214
	Energy calls at each min: [1, 1045, 8214]
	Total force calls: 8214
	Force calls at each min: [1, 1045, 8214]
	Total steps: 8646

Verification against reference:
True minima found: 3/3

Verification against reference (saddles):
True saddles found: 0/2
Missed saddles at positions:
[0.21248658 0.29298833]
[-0.82200156  0.6243128 ]
Starting run 71
Identified minimum at position [0.6234994  0.02803776] with unbiased energy -108.16672411685238
Identified minimum at position [-0.05014372  0.46672662] with unbiased energy -80.76781589718755
Identified minimum at position [-0.55822362  1.44172585] with unbiased energy -146.69951720995397
Simulation completed.


Energies of found minima:
Minimum 1: Position = [0.6234994  0.02803776], Energy = -108.16672411685238
Minimum 2: Position = [-0.05014372  0.46672662], Energy = -80.76781589718755
Minimum 3: Position = [-0.55822362  1.44172585], Energy = -146.69951720995397

Approximate saddle points between minima:
Saddle 1: Position = [ 0.91406844 -0.05450667], Energy = -68.25613670604051
Saddle 2: Position = [0.12155282 0.76527612], Energy = -16.905646592857465

Computational statistics:
	Total energy calls: 11578
	Energy calls at each min: [1, 1822, 11578]
	Total force calls: 11578
	Force calls at each min: [1, 1822, 11578]
	Total steps: 12133

Verification against reference:
True minima found: 3/3

Verification against reference (saddles):
True saddles found: 0/2
Missed saddles at positions:
[0.21248658 0.29298833]
[-0.82200156  0.6243128 ]
Starting run 485
Identified minimum at position [0.6234994  0.02803776] with unbiased energy -108.16672411685238
Identified minimum at position [-0.05032555  0.46678411] with unbiased energy -80.76780464112701
Identified minimum at position [-0.55822365  1.44172582] with unbiased energy -146.69951720995385
Simulation completed.


Energies of found minima:
Minimum 1: Position = [0.6234994  0.02803776], Energy = -108.16672411685238
Minimum 2: Position = [-0.05032555  0.46678411], Energy = -80.76780464112701
Minimum 3: Position = [-0.55822365  1.44172582], Energy = -146.69951720995385

Approximate saddle points between minima:
Saddle 1: Position = [0.56953279 0.32018638], Energy = -50.635958522127204
Saddle 2: Position = [ 0.43491033 -0.21108464], Energy = -31.216766921884755

Computational statistics:
	Total energy calls: 4947
	Energy calls at each min: [1, 1380, 4947]
	Total force calls: 4947
	Force calls at each min: [1, 1380, 4947]
	Total steps: 5204

Verification against reference:
True minima found: 3/3

Verification against reference (saddles):
True saddles found: 0/2
Missed saddles at positions:
[0.21248658 0.29298833]
[-0.82200156  0.6243128 ]
