Starting run 1148
Identified minimum at position [0.6234994  0.02803776] with unbiased energy -108.16672411685238
Identified minimum at position [-0.05022901  0.46676901] with unbiased energy -80.7678108063742
Identified minimum at position [-0.55822363  1.44172585] with unbiased energy -146.69951720995397
Simulation completed.


Energies of found minima:
Minimum 1: Position = [0.6234994  0.02803776], Energy = -108.16672411685238
Minimum 2: Position = [-0.05022901  0.46676901], Energy = -80.7678108063742
Minimum 3: Position = [-0.55822363  1.44172585], Energy = -146.69951720995397

Approximate saddle points between minima:
Saddle 1: Position = [0.2459023  0.31883417], Energy = -71.80130401134682
Saddle 2: Position = [-0.17391458  0.10098757], Energy = -37.99497537906207

Computational statistics:
	Total energy calls: 17976
	Energy calls at each min: [1, 1953, 17976]
	Total force calls: 17976
	Force calls at each min: [1, 1953, 17976]
	Total steps: 18847

Verification against reference:
True minima found: 3/3

Verification against reference (saddles):
True saddles found: 1/2
Missed saddles at positions:
[-0.82200156  0.6243128 ]
Starting run 1094
Identified minimum at position [0.6234994  0.02803776] with unbiased energy -108.16672411685238
Identified minimum at position [-0.05012077  0.46671586] with unbiased energy -80.76781669862388
Identified minimum at position [-0.55822354  1.44172597] with unbiased energy -146.69951720994783
Simulation completed.


Energies of found minima:
Minimum 1: Position = [0.6234994  0.02803776], Energy = -108.16672411685238
Minimum 2: Position = [-0.05012077  0.46671586], Energy = -80.76781669862388
Minimum 3: Position = [-0.55822354  1.44172597], Energy = -146.69951720994783

Approximate saddle points between minima:
Saddle 1: Position = [ 0.84938582 -0.13603984], Energy = -48.320388760501515
Saddle 2: Position = [0.32053898 0.87964626], Energy = 25.28202108351223

Computational statistics:
	Total energy calls: 10586
	Energy calls at each min: [1, 1683, 10586]
	Total force calls: 10586
	Force calls at each min: [1, 1683, 10586]
	Total steps: 11153

Verification against reference:
True minima found: 3/3

Verification against reference (saddles):
True saddles found: 0/2
Missed saddles at positions:
[0.21248658 0.29298833]
[-0.82200156  0.6243128 ]
Starting run 793
Identified minimum at position [0.6234994  0.02803776] with unbiased energy -108.16672411685238
Identified minimum at position [-0.05001256  0.46669455] with unbiased energy -80.76781812927014
Identified minimum at position [-0.55822364  1.44172583] with unbiased energy -146.699517209954
Simulation completed.


Energies of found minima:
Minimum 1: Position = [0.6234994  0.02803776], Energy = -108.16672411685238
Minimum 2: Position = [-0.05001256  0.46669455], Energy = -80.76781812927014
Minimum 3: Position = [-0.55822364  1.44172583], Energy = -146.699517209954

Approximate saddle points between minima:
Saddle 1: Position = [0.2536256  0.30562834], Energy = -71.82519521398659
Saddle 2: Position = [0.61137127 0.41368417], Energy = -28.287862830871177

Computational statistics:
	Total energy calls: 4428
	Energy calls at each min: [1, 519, 4428]
	Total force calls: 4428
	Force calls at each min: [1, 519, 4428]
	Total steps: 4675

Verification against reference:
True minima found: 3/3

Verification against reference (saddles):
True saddles found: 1/2
Missed saddles at positions:
[-0.82200156  0.6243128 ]
Starting run 1066
Identified minimum at position [0.6234994  0.02803776] with unbiased energy -108.16672411685238
Identified minimum at position [-0.05004443  0.46670081] with unbiased energy -80.76781799567944
Identified minimum at position [-0.55822362  1.44172586] with unbiased energy -146.69951720995397
Simulation completed.


Energies of found minima:
Minimum 1: Position = [0.6234994  0.02803776], Energy = -108.16672411685238
Minimum 2: Position = [-0.05004443  0.46670081], Energy = -80.76781799567944
Minimum 3: Position = [-0.55822362  1.44172586], Energy = -146.69951720995397

Approximate saddle points between minima:
Saddle 1: Position = [0.14748689 0.14877989], Energy = -71.14676805449666
Saddle 2: Position = [-0.87225393  0.4731057 ], Energy = -34.21694039320447

Computational statistics:
	Total energy calls: 3536
	Energy calls at each min: [1, 679, 3536]
	Total force calls: 3536
	Force calls at each min: [1, 679, 3536]
	Total steps: 3730

Verification against reference:
True minima found: 3/3

Verification against reference (saddles):
True saddles found: 0/2
Missed saddles at positions:
[0.21248658 0.29298833]
[-0.82200156  0.6243128 ]
Starting run 1034
Identified minimum at position [0.6234994  0.02803776] with unbiased energy -108.16672411685238
Identified minimum at position [-0.0522243   0.46710733] with unbiased energy -80.76724504938409
Identified minimum at position [-0.55822364  1.44172583] with unbiased energy -146.69951720995397
Simulation completed.


Energies of found minima:
Minimum 1: Position = [0.6234994  0.02803776], Energy = -108.16672411685238
Minimum 2: Position = [-0.0522243   0.46710733], Energy = -80.76724504938409
Minimum 3: Position = [-0.55822364  1.44172583], Energy = -146.69951720995397

Approximate saddle points between minima:
Saddle 1: Position = [0.13809084 0.23491001], Energy = -70.20019808561209
Saddle 2: Position = [-0.49228125  0.70459651], Energy = -36.93297458319637

Computational statistics:
	Total energy calls: 7240
	Energy calls at each min: [1, 1270, 7240]
	Total force calls: 7240
	Force calls at each min: [1, 1270, 7240]
	Total steps: 7619

Verification against reference:
True minima found: 2/3
Missed minima at positions:
[-0.05001082  0.4666941 ]

Verification against reference (saddles):
True saddles found: 0/2
Missed saddles at positions:
[0.21248658 0.29298833]
[-0.82200156  0.6243128 ]
Starting run 454
Identified minimum at position [0.6234994  0.02803776] with unbiased energy -108.16672411685238
Identified minimum at position [-0.05030913  0.46672766] with unbiased energy -80.7678081654025
Identified minimum at position [-0.55822365  1.44172583] with unbiased energy -146.69951720995394
Simulation completed.


Energies of found minima:
Minimum 1: Position = [0.6234994  0.02803776], Energy = -108.16672411685238
Minimum 2: Position = [-0.05030913  0.46672766], Energy = -80.7678081654025
Minimum 3: Position = [-0.55822365  1.44172583], Energy = -146.69951720995394

Approximate saddle points between minima:
Saddle 1: Position = [0.1283165  0.10788148], Energy = -69.51425373077768
Saddle 2: Position = [-0.82400434  0.45755476], Energy = -35.92650107860976

Computational statistics:
	Total energy calls: 1981
	Energy calls at each min: [1, 1044, 1981]
	Total force calls: 1981
	Force calls at each min: [1, 1044, 1981]
	Total steps: 2087

Verification against reference:
True minima found: 3/3

Verification against reference (saddles):
True saddles found: 0/2
Missed saddles at positions:
[0.21248658 0.29298833]
[-0.82200156  0.6243128 ]
Starting run 446
Identified minimum at position [0.6234994  0.02803776] with unbiased energy -108.16672411685238
Identified minimum at position [-0.05012079  0.46671587] with unbiased energy -80.76781669783102
Identified minimum at position [-0.55822364  1.44172583] with unbiased energy -146.69951720995397
Simulation completed.


Energies of found minima:
Minimum 1: Position = [0.6234994  0.02803776], Energy = -108.16672411685238
Minimum 2: Position = [-0.05012079  0.46671587], Energy = -80.76781669783102
Minimum 3: Position = [-0.55822364  1.44172583], Energy = -146.69951720995397

Approximate saddle points between minima:
Saddle 1: Position = [ 0.87965912 -0.0845017 ], Energy = -65.77810885637592
Saddle 2: Position = [-0.26962848  0.13383242], Energy = -32.48038808775719

Computational statistics:
	Total energy calls: 4453
	Energy calls at each min: [1, 1796, 4453]
	Total force calls: 4453
	Force calls at each min: [1, 1796, 4453]
	Total steps: 4686

Verification against reference:
True minima found: 3/3

Verification against reference (saddles):
True saddles found: 0/2
Missed saddles at positions:
[0.21248658 0.29298833]
[-0.82200156  0.6243128 ]
Starting run 913
Identified minimum at position [0.6234994  0.02803776] with unbiased energy -108.16672411685238
Identified minimum at position [-0.05005664  0.46670336] with unbiased energy -80.76781787989128
Identified minimum at position [-0.55822357  1.44172595] with unbiased energy -146.69951720994922
Simulation completed.


Energies of found minima:
Minimum 1: Position = [0.6234994  0.02803776], Energy = -108.16672411685238
Minimum 2: Position = [-0.05005664  0.46670336], Energy = -80.76781787989128
Minimum 3: Position = [-0.55822357  1.44172595], Energy = -146.69951720994922

Approximate saddle points between minima:
Saddle 1: Position = [ 0.91324983 -0.07049444], Energy = -63.6133755176741
Saddle 2: Position = [-0.73415694  0.65233321], Energy = -40.063690535728455

Computational statistics:
	Total energy calls: 5453
	Energy calls at each min: [1, 1540, 5453]
	Total force calls: 5453
	Force calls at each min: [1, 1540, 5453]
	Total steps: 5740

Verification against reference:
True minima found: 3/3

Verification against reference (saddles):
True saddles found: 0/2
Missed saddles at positions:
[0.21248658 0.29298833]
[-0.82200156  0.6243128 ]
Starting run 391
Identified minimum at position [0.6234994  0.02803776] with unbiased energy -108.16672411685238
Identified minimum at position [-0.05005581  0.46670304] with unbiased energy -80.76781788984414
Identified minimum at position [-0.55822364  1.44172584] with unbiased energy -146.69951720995402
Simulation completed.


Energies of found minima:
Minimum 1: Position = [0.6234994  0.02803776], Energy = -108.16672411685238
Minimum 2: Position = [-0.05005581  0.46670304], Energy = -80.76781788984414
Minimum 3: Position = [-0.55822364  1.44172584], Energy = -146.69951720995402

Approximate saddle points between minima:
Saddle 1: Position = [0.20454943 0.2672393 ], Energy = -72.28049397399688
Saddle 2: Position = [-0.75272682  0.36812219], Energy = -31.856083103053454

Computational statistics:
	Total energy calls: 6135
	Energy calls at each min: [1, 1232, 6135]
	Total force calls: 6135
	Force calls at each min: [1, 1232, 6135]
	Total steps: 6454

Verification against reference:
True minima found: 3/3

Verification against reference (saddles):
True saddles found: 1/2
Missed saddles at positions:
[-0.82200156  0.6243128 ]
