Starting run 323
Identified minimum at position [0.6234994  0.02803776] with unbiased energy -108.16672411685238
Identified minimum at position [-0.05010706  0.46685486] with unbiased energy -80.76780048683182
Identified minimum at position [-0.55822362  1.44172586] with unbiased energy -146.6995172099539
Simulation completed.


Energies of found minima:
Minimum 1: Position = [0.6234994  0.02803776], Energy = -108.16672411685238
Minimum 2: Position = [-0.05010706  0.46685486], Energy = -80.76780048683182
Minimum 3: Position = [-0.55822362  1.44172586], Energy = -146.6995172099539

Approximate saddle points between minima:
Saddle 1: Position = [ 0.08537479 -0.0411925 ], Energy = -53.39541098828848
Saddle 2: Position = [0.65054209 0.44980969], Energy = -14.878250343899765

Computational statistics:
	Total energy calls: 4577
	Energy calls at each min: [1, 1548, 4577]
	Total force calls: 4577
	Force calls at each min: [1, 1548, 4577]
	Total steps: 4815

Verification against reference:
True minima found: 3/3

Verification against reference (saddles):
True saddles found: 0/2
Missed saddles at positions:
[0.21248658 0.29298833]
[-0.82200156  0.6243128 ]
Starting run 172
Identified minimum at position [0.6234994  0.02803776] with unbiased energy -108.16672411685238
Identified minimum at position [-0.05003929  0.46669982] with unbiased energy -80.76781803344515
Identified minimum at position [-0.55822363  1.44172585] with unbiased energy -146.69951720995397
Simulation completed.


Energies of found minima:
Minimum 1: Position = [0.6234994  0.02803776], Energy = -108.16672411685238
Minimum 2: Position = [-0.05003929  0.46669982], Energy = -80.76781803344515
Minimum 3: Position = [-0.55822363  1.44172585], Energy = -146.69951720995397

Approximate saddle points between minima:
Saddle 1: Position = [0.23028342 0.28549423], Energy = -72.30247834117813
Saddle 2: Position = [-0.79699863  0.68787462], Energy = -40.08444808800757

Computational statistics:
	Total energy calls: 15355
	Energy calls at each min: [1, 1657, 15355]
	Total force calls: 15355
	Force calls at each min: [1, 1657, 15355]
	Total steps: 16113

Verification against reference:
True minima found: 3/3

Verification against reference (saddles):
True saddles found: 1/2
Missed saddles at positions:
[-0.82200156  0.6243128 ]
Starting run 861
Identified minimum at position [0.6234994  0.02803776] with unbiased energy -108.16672411685238
Identified minimum at position [-0.05044926  0.46677958] with unbiased energy -80.76779544792275
Identified minimum at position [-0.55822338  1.44172617] with unbiased energy -146.69951720991227
Simulation completed.


Energies of found minima:
Minimum 1: Position = [0.6234994  0.02803776], Energy = -108.16672411685238
Minimum 2: Position = [-0.05044926  0.46677958], Energy = -80.76779544792275
Minimum 3: Position = [-0.55822338  1.44172617], Energy = -146.69951720991227

Approximate saddle points between minima:
Saddle 1: Position = [0.27518397 0.32136656], Energy = -71.03178889766491
Saddle 2: Position = [-0.70265345  0.34159616], Energy = -31.981062150004046

Computational statistics:
	Total energy calls: 6097
	Energy calls at each min: [1, 1474, 6097]
	Total force calls: 6097
	Force calls at each min: [1, 1474, 6097]
	Total steps: 6417

Verification against reference:
True minima found: 3/3

Verification against reference (saddles):
True saddles found: 0/2
Missed saddles at positions:
[0.21248658 0.29298833]
[-0.82200156  0.6243128 ]
Starting run 1281
Identified minimum at position [0.6234994  0.02803776] with unbiased energy -108.16672411685238
Identified minimum at position [-0.05001123  0.46669419] with unbiased energy -80.76781812963958
Identified minimum at position [-0.55822365  1.44172583] with unbiased energy -146.6995172099539
Simulation completed.


Energies of found minima:
Minimum 1: Position = [0.6234994  0.02803776], Energy = -108.16672411685238
Minimum 2: Position = [-0.05001123  0.46669419], Energy = -80.76781812963958
Minimum 3: Position = [-0.55822365  1.44172583], Energy = -146.6995172099539

Approximate saddle points between minima:
Saddle 1: Position = [0.30009737 0.32027551], Energy = -70.27378810018601
Saddle 2: Position = [-0.68154948  0.72506316], Energy = -34.830681091435196

Computational statistics:
	Total energy calls: 4826
	Energy calls at each min: [1, 803, 4826]
	Total force calls: 4826
	Force calls at each min: [1, 803, 4826]
	Total steps: 5090

Verification against reference:
True minima found: 3/3

Verification against reference (saddles):
True saddles found: 0/2
Missed saddles at positions:
[0.21248658 0.29298833]
[-0.82200156  0.6243128 ]
Starting run 217
Identified minimum at position [0.6234994  0.02803776] with unbiased energy -108.16672411685238
Identified minimum at position [-0.05001237  0.46669451] with unbiased energy -80.76781812934543
Identified minimum at position [-0.55822362  1.44172585] with unbiased energy -146.69951720995394
Simulation completed.


Energies of found minima:
Minimum 1: Position = [0.6234994  0.02803776], Energy = -108.16672411685238
Minimum 2: Position = [-0.05001237  0.46669451], Energy = -80.76781812934543
Minimum 3: Position = [-0.55822362  1.44172585], Energy = -146.69951720995394

Approximate saddle points between minima:
Saddle 1: Position = [0.23034895 0.29678269], Energy = -72.18304012174474
Saddle 2: Position = [-0.1638653   0.11615236], Energy = -40.26900245052893

Computational statistics:
	Total energy calls: 6533
	Energy calls at each min: [1, 1636, 6533]
	Total force calls: 6533
	Force calls at each min: [1, 1636, 6533]
	Total steps: 6882

Verification against reference:
True minima found: 3/3

Verification against reference (saddles):
True saddles found: 1/2
Missed saddles at positions:
[-0.82200156  0.6243128 ]
Starting run 347
Identified minimum at position [0.6234994  0.02803776] with unbiased energy -108.16672411685238
Identified minimum at position [-0.05056432  0.46685798] with unbiased energy -80.76777555960592
Identified minimum at position [-0.55822362  1.44172585] with unbiased energy -146.69951720995397
Simulation completed.


Energies of found minima:
Minimum 1: Position = [0.6234994  0.02803776], Energy = -108.16672411685238
Minimum 2: Position = [-0.05056432  0.46685798], Energy = -80.76777555960592
Minimum 3: Position = [-0.55822362  1.44172585], Energy = -146.69951720995397

Approximate saddle points between minima:
Saddle 1: Position = [0.21725462 0.28411705], Energy = -72.28686754008929
Saddle 2: Position = [-0.84093818  0.62046533], Energy = -40.6612118593511

Computational statistics:
	Total energy calls: 9884
	Energy calls at each min: [1, 2071, 9884]
	Total force calls: 9884
	Force calls at each min: [1, 2071, 9884]
	Total steps: 10390

Verification against reference:
True minima found: 3/3

Verification against reference (saddles):
True saddles found: 2/2
Starting run 131
Identified minimum at position [0.6234994  0.02803776] with unbiased energy -108.16672411685238
Identified minimum at position [-0.05004039  0.46669979] with unbiased energy -80.7678180268172
Identified minimum at position [-0.55822365  1.44172583] with unbiased energy -146.69951720995394
Simulation completed.


Energies of found minima:
Minimum 1: Position = [0.6234994  0.02803776], Energy = -108.16672411685238
Minimum 2: Position = [-0.05004039  0.46669979], Energy = -80.7678180268172
Minimum 3: Position = [-0.55822365  1.44172583], Energy = -146.69951720995394

Approximate saddle points between minima:
Saddle 1: Position = [1.00471602 0.03402819], Energy = -51.56225618336413
Saddle 2: Position = [-0.72547296  0.70654986], Energy = -37.22846459499227

Computational statistics:
	Total energy calls: 3203
	Energy calls at each min: [1, 1351, 3203]
	Total force calls: 3203
	Force calls at each min: [1, 1351, 3203]
	Total steps: 3380

Verification against reference:
True minima found: 3/3

Verification against reference (saddles):
True saddles found: 0/2
Missed saddles at positions:
[0.21248658 0.29298833]
[-0.82200156  0.6243128 ]
Starting run 920
Identified minimum at position [0.6234994  0.02803776] with unbiased energy -108.16672411685238
Identified minimum at position [-0.05002359  0.46669668] with unbiased energy -80.76781811029078
Identified minimum at position [-0.55822362  1.44172586] with unbiased energy -146.6995172099539
Simulation completed.


Energies of found minima:
Minimum 1: Position = [0.6234994  0.02803776], Energy = -108.16672411685238
Minimum 2: Position = [-0.05002359  0.46669668], Energy = -80.76781811029078
Minimum 3: Position = [-0.55822362  1.44172586], Energy = -146.6995172099539

Approximate saddle points between minima:
Saddle 1: Position = [0.13004867 0.09912356], Energy = -69.62634976459167
Saddle 2: Position = [-0.27729646  0.15936532], Energy = -34.74492645501378

Computational statistics:
	Total energy calls: 5643
	Energy calls at each min: [1, 967, 5643]
	Total force calls: 5643
	Force calls at each min: [1, 967, 5643]
	Total steps: 5954

Verification against reference:
True minima found: 3/3

Verification against reference (saddles):
True saddles found: 0/2
Missed saddles at positions:
[0.21248658 0.29298833]
[-0.82200156  0.6243128 ]
Starting run 1265
Identified minimum at position [0.6234994  0.02803776] with unbiased energy -108.16672411685238
Identified minimum at position [-0.0501865   0.46674654] with unbiased energy -80.76781382106083
Identified minimum at position [-0.55822362  1.44172586] with unbiased energy -146.69951720995388
Simulation completed.


Energies of found minima:
Minimum 1: Position = [0.6234994  0.02803776], Energy = -108.16672411685238
Minimum 2: Position = [-0.0501865   0.46674654], Energy = -80.76781382106083
Minimum 3: Position = [-0.55822362  1.44172586], Energy = -146.69951720995388

Approximate saddle points between minima:
Saddle 1: Position = [0.43036662 0.29616168], Energy = -66.41774603301727
Saddle 2: Position = [-0.77341741  0.34969841], Energy = -27.874632572902716

Computational statistics:
	Total energy calls: 5310
	Energy calls at each min: [1, 1485, 5310]
	Total force calls: 5310
	Force calls at each min: [1, 1485, 5310]
	Total steps: 5602

Verification against reference:
True minima found: 3/3

Verification against reference (saddles):
True saddles found: 0/2
Missed saddles at positions:
[0.21248658 0.29298833]
[-0.82200156  0.6243128 ]
