Starting run 649
Identified minimum at position [0.6234994  0.02803776] with unbiased energy -108.16672411685238
Identified minimum at position [-0.05001665  0.46669574] with unbiased energy -80.76781812508196
Identified minimum at position [-0.55822362  1.44172586] with unbiased energy -146.6995172099539
Simulation completed.


Energies of found minima:
Minimum 1: Position = [0.6234994  0.02803776], Energy = -108.16672411685238
Minimum 2: Position = [-0.05001665  0.46669574], Energy = -80.76781812508196
Minimum 3: Position = [-0.55822362  1.44172586], Energy = -146.6995172099539

Approximate saddle points between minima:
Saddle 1: Position = [0.2409636  0.33992545], Energy = -71.84702729994856
Saddle 2: Position = [-0.81546508  0.62140137], Energy = -40.68145343049261

Computational statistics:
	Total energy calls: 9797
	Energy calls at each min: [1, 2292, 9797]
	Total force calls: 9797
	Force calls at each min: [1, 2292, 9797]
	Total steps: 10290

Verification against reference:
True minima found: 3/3

Verification against reference (saddles):
True saddles found: 1/2
Missed saddles at positions:
[0.21248658 0.29298833]
Starting run 1013
Identified minimum at position [0.6234994  0.02803776] with unbiased energy -108.16672411685238
Identified minimum at position [-0.05040186  0.46684489] with unbiased energy -80.76779214121476
Identified minimum at position [-0.55822364  1.44172583] with unbiased energy -146.69951720995397
Simulation completed.


Energies of found minima:
Minimum 1: Position = [0.6234994  0.02803776], Energy = -108.16672411685238
Minimum 2: Position = [-0.05040186  0.46684489], Energy = -80.76779214121476
Minimum 3: Position = [-0.55822364  1.44172583], Energy = -146.69951720995397

Approximate saddle points between minima:
Saddle 1: Position = [0.21812687 0.30671163], Energy = -72.24234773887324
Saddle 2: Position = [-0.85526773  0.6123082 ], Energy = -40.54906649043951

Computational statistics:
	Total energy calls: 9281
	Energy calls at each min: [1, 1585, 9281]
	Total force calls: 9281
	Force calls at each min: [1, 1585, 9281]
	Total steps: 9764

Verification against reference:
True minima found: 3/3

Verification against reference (saddles):
True saddles found: 2/2
Starting run 28
Identified minimum at position [0.6234994  0.02803776] with unbiased energy -108.16672411685238
Identified minimum at position [-0.05016639  0.46710158] with unbiased energy -80.76770350573463
Approximate Hessian has condition number >1e6 and cannot be reliably trusted; reverting to default behavior. 
Eigenvalues: [9.06864181e-04 1.68211785e+08]
Identified minimum at position [-0.55822365  1.44172583] with unbiased energy -146.69951720995388
Simulation completed.


Energies of found minima:
Minimum 1: Position = [0.6234994  0.02803776], Energy = -108.16672411685238
Minimum 2: Position = [-0.05016639  0.46710158], Energy = -80.76770350573463
Minimum 3: Position = [-0.55822365  1.44172583], Energy = -146.69951720995388

Approximate saddle points between minima:
Saddle 1: Position = [0.36861748 0.34019346], Energy = -65.90710235598735
Saddle 2: Position = [-0.81822003  0.62676761], Energy = -40.66089101916542

Computational statistics:
	Total energy calls: 9806
	Energy calls at each min: [1, 2502, 9806]
	Total force calls: 9806
	Force calls at each min: [1, 2502, 9806]
	Total steps: 10293

Verification against reference:
True minima found: 3/3

Verification against reference (saddles):
True saddles found: 1/2
Missed saddles at positions:
[0.21248658 0.29298833]
Starting run 1315
Identified minimum at position [0.6234994  0.02803776] with unbiased energy -108.16672411685238
Identified minimum at position [-0.05002022  0.4666965 ] with unbiased energy -80.76781811831307
Identified minimum at position [-0.55822362  1.44172586] with unbiased energy -146.6995172099539
Simulation completed.


Energies of found minima:
Minimum 1: Position = [0.6234994  0.02803776], Energy = -108.16672411685238
Minimum 2: Position = [-0.05002022  0.4666965 ], Energy = -80.76781811831307
Minimum 3: Position = [-0.55822362  1.44172586], Energy = -146.6995172099539

Approximate saddle points between minima:
Saddle 1: Position = [0.23639229 0.29797289], Energy = -72.13155257589472
Saddle 2: Position = [-0.83838488  0.60635523], Energy = -40.51808014332306

Computational statistics:
	Total energy calls: 8378
	Energy calls at each min: [1, 2476, 8378]
	Total force calls: 8378
	Force calls at each min: [1, 2476, 8378]
	Total steps: 8816

Verification against reference:
True minima found: 3/3

Verification against reference (saddles):
True saddles found: 2/2
Starting run 839
Identified minimum at position [0.6234994  0.02803776] with unbiased energy -108.16672411685238
Identified minimum at position [-0.05005943  0.46670549] with unbiased energy -80.76781783589692
Identified minimum at position [-0.55822365  1.44172583] with unbiased energy -146.69951720995397
Simulation completed.


Energies of found minima:
Minimum 1: Position = [0.6234994  0.02803776], Energy = -108.16672411685238
Minimum 2: Position = [-0.05005943  0.46670549], Energy = -80.76781783589692
Minimum 3: Position = [-0.55822365  1.44172583], Energy = -146.69951720995397

Approximate saddle points between minima:
Saddle 1: Position = [0.19629776 0.27444814], Energy = -72.13659684267161
Saddle 2: Position = [-0.78129596  0.65397012], Energy = -40.13454782315445

Computational statistics:
	Total energy calls: 7196
	Energy calls at each min: [1, 1535, 7196]
	Total force calls: 7196
	Force calls at each min: [1, 1535, 7196]
	Total steps: 7560

Verification against reference:
True minima found: 3/3

Verification against reference (saddles):
True saddles found: 1/2
Missed saddles at positions:
[-0.82200156  0.6243128 ]
Starting run 144
Identified minimum at position [0.6234994  0.02803776] with unbiased energy -108.16672411685238
Identified minimum at position [-0.05001245  0.46669453] with unbiased energy -80.76781812931462
Identified minimum at position [-0.55822363  1.44172584] with unbiased energy -146.699517209954
Simulation completed.


Energies of found minima:
Minimum 1: Position = [0.6234994  0.02803776], Energy = -108.16672411685238
Minimum 2: Position = [-0.05001245  0.46669453], Energy = -80.76781812931462
Minimum 3: Position = [-0.55822363  1.44172584], Energy = -146.699517209954

Approximate saddle points between minima:
Saddle 1: Position = [0.09888945 0.14387116], Energy = -66.87010781650338
Saddle 2: Position = [ 1.15107815 -0.0206502 ], Energy = 16.080796535806428

Computational statistics:
	Total energy calls: 8478
	Energy calls at each min: [1, 519, 8478]
	Total force calls: 8478
	Force calls at each min: [1, 519, 8478]
	Total steps: 8957

Verification against reference:
True minima found: 3/3

Verification against reference (saddles):
True saddles found: 0/2
Missed saddles at positions:
[0.21248658 0.29298833]
[-0.82200156  0.6243128 ]
Starting run 980
Identified minimum at position [0.6234994  0.02803776] with unbiased energy -108.16672411685238
Identified minimum at position [-0.05058015  0.46689879] with unbiased energy -80.7677663528573
Identified minimum at position [-0.55822365  1.44172582] with unbiased energy -146.69951720995385
Simulation completed.


Energies of found minima:
Minimum 1: Position = [0.6234994  0.02803776], Energy = -108.16672411685238
Minimum 2: Position = [-0.05058015  0.46689879], Energy = -80.7677663528573
Minimum 3: Position = [-0.55822365  1.44172582], Energy = -146.69951720995385

Approximate saddle points between minima:
Saddle 1: Position = [0.4443157  0.26645123], Energy = -69.92194964495282
Saddle 2: Position = [-0.64749249  0.36651517], Energy = -39.746924627412824

Computational statistics:
	Total energy calls: 14729
	Energy calls at each min: [1, 3750, 14729]
	Total force calls: 14729
	Force calls at each min: [1, 3750, 14729]
	Total steps: 15454

Verification against reference:
True minima found: 3/3

Verification against reference (saddles):
True saddles found: 0/2
Missed saddles at positions:
[0.21248658 0.29298833]
[-0.82200156  0.6243128 ]
Starting run 458
Identified minimum at position [0.6234994  0.02803776] with unbiased energy -108.16672411685238
Identified minimum at position [-0.0500152   0.46669564] with unbiased energy -80.76781812665993
Identified minimum at position [-0.55822365  1.44172583] with unbiased energy -146.6995172099539
Simulation completed.


Energies of found minima:
Minimum 1: Position = [0.6234994  0.02803776], Energy = -108.16672411685238
Minimum 2: Position = [-0.0500152   0.46669564], Energy = -80.76781812665993
Minimum 3: Position = [-0.55822365  1.44172583], Energy = -146.6995172099539

Approximate saddle points between minima:
Saddle 1: Position = [0.93911907 0.17069646], Energy = -34.28839553504048
Saddle 2: Position = [-0.71660136  0.30030265], Energy = -24.764898038912627

Computational statistics:
	Total energy calls: 4544
	Energy calls at each min: [1, 1190, 4544]
	Total force calls: 4544
	Force calls at each min: [1, 1190, 4544]
	Total steps: 4786

Verification against reference:
True minima found: 3/3

Verification against reference (saddles):
True saddles found: 0/2
Missed saddles at positions:
[0.21248658 0.29298833]
[-0.82200156  0.6243128 ]
Starting run 611
Identified minimum at position [0.6234994  0.02803776] with unbiased energy -108.16672411685238
Identified minimum at position [-0.05013318  0.46671885] with unbiased energy -80.76781634819545
Identified minimum at position [-0.55822362  1.44172586] with unbiased energy -146.69951720995388
Simulation completed.


Energies of found minima:
Minimum 1: Position = [0.6234994  0.02803776], Energy = -108.16672411685238
Minimum 2: Position = [-0.05013318  0.46671885], Energy = -80.76781634819545
Minimum 3: Position = [-0.55822362  1.44172586], Energy = -146.69951720995388

Approximate saddle points between minima:
Saddle 1: Position = [0.87082285 0.1662004 ], Energy = -53.67651974018405
Saddle 2: Position = [0.11712947 0.71533796], Energy = -31.165547070766788

Computational statistics:
	Total energy calls: 6670
	Energy calls at each min: [1, 1511, 6670]
	Total force calls: 6670
	Force calls at each min: [1, 1511, 6670]
	Total steps: 7024

Verification against reference:
True minima found: 3/3

Verification against reference (saddles):
True saddles found: 0/2
Missed saddles at positions:
[0.21248658 0.29298833]
[-0.82200156  0.6243128 ]
