Starting run 944
Identified minimum at position [0.6234994  0.02803776] with unbiased energy -108.16672411685238
Identified minimum at position [-0.55822363  1.44172585] with unbiased energy -146.699517209954
Approximate Hessian has condition number >1e6 and cannot be reliably trusted; reverting to default behavior. 
Eigenvalues: [1.88681404e-03 2.98036309e+03]
Approximate Hessian has condition number >1e6 and cannot be reliably trusted; reverting to default behavior. 
Eigenvalues: [7.87964843e-04 6.88175407e+04]
Simulation completed.


Energies of found minima:
Minimum 1: Position = [0.6234994  0.02803776], Energy = -108.16672411685238
Minimum 2: Position = [-0.55822363  1.44172585], Energy = -146.699517209954

Approximate saddle points between minima:
Saddle 1: Position = [-0.54654201  0.7847354 ], Energy = -24.830037625883577

Computational statistics:
	Total energy calls: 645162
	Energy calls at each min: [1, 5318]
	Total force calls: 645162
	Force calls at each min: [1, 5318]
	Total steps: 680836

Verification against reference:
True minima found: 2/3
Missed minima at positions:
[-0.05001082  0.4666941 ]

Verification against reference (saddles):
True saddles found: 0/2
Missed saddles at positions:
[0.21248658 0.29298833]
[-0.82200156  0.6243128 ]
Starting run 290
Identified minimum at position [0.6234994  0.02803776] with unbiased energy -108.16672411685238
Identified minimum at position [-0.05001183  0.4666943 ] with unbiased energy -80.76781812954032
Identified minimum at position [-0.55822362  1.44172586] with unbiased energy -146.69951720995394
Simulation completed.


Energies of found minima:
Minimum 1: Position = [0.6234994  0.02803776], Energy = -108.16672411685238
Minimum 2: Position = [-0.05001183  0.4666943 ], Energy = -80.76781812954032
Minimum 3: Position = [-0.55822362  1.44172586], Energy = -146.69951720995394

Approximate saddle points between minima:
Saddle 1: Position = [0.10722202 0.15853252], Energy = -67.69636718202997
Saddle 2: Position = [0.59410514 0.54573698], Energy = -10.960817944036023

Computational statistics:
	Total energy calls: 7539
	Energy calls at each min: [1, 1057, 7539]
	Total force calls: 7539
	Force calls at each min: [1, 1057, 7539]
	Total steps: 7957

Verification against reference:
True minima found: 3/3

Verification against reference (saddles):
True saddles found: 0/2
Missed saddles at positions:
[0.21248658 0.29298833]
[-0.82200156  0.6243128 ]
Starting run 1071
Identified minimum at position [0.6234994  0.02803776] with unbiased energy -108.16672411685238
Identified minimum at position [-0.05001372  0.46669468] with unbiased energy -80.76781812866525
Identified minimum at position [-0.55822362  1.44172586] with unbiased energy -146.69951720995385
Simulation completed.


Energies of found minima:
Minimum 1: Position = [0.6234994  0.02803776], Energy = -108.16672411685238
Minimum 2: Position = [-0.05001372  0.46669468], Energy = -80.76781812866525
Minimum 3: Position = [-0.55822362  1.44172586], Energy = -146.69951720995385

Approximate saddle points between minima:
Saddle 1: Position = [0.35513891 0.29432118], Energy = -69.92618717533153
Saddle 2: Position = [-0.80594282  0.64683289], Energy = -40.488383291945055

Computational statistics:
	Total energy calls: 1783
	Energy calls at each min: [1, 1259, 1783]
	Total force calls: 1783
	Force calls at each min: [1, 1259, 1783]
	Total steps: 1879

Verification against reference:
True minima found: 3/3

Verification against reference (saddles):
True saddles found: 1/2
Missed saddles at positions:
[0.21248658 0.29298833]
Starting run 872
Identified minimum at position [0.6234994  0.02803776] with unbiased energy -108.16672411685238
Identified minimum at position [-0.05008787  0.46672706] with unbiased energy -80.76781701017978
Identified minimum at position [-0.55822364  1.44172584] with unbiased energy -146.699517209954
Simulation completed.


Energies of found minima:
Minimum 1: Position = [0.6234994  0.02803776], Energy = -108.16672411685238
Minimum 2: Position = [-0.05008787  0.46672706], Energy = -80.76781701017978
Minimum 3: Position = [-0.55822364  1.44172584], Energy = -146.699517209954

Approximate saddle points between minima:
Saddle 1: Position = [0.23858209 0.33456192], Energy = -71.91685011635413
Saddle 2: Position = [0.43665618 0.57914857], Energy = -32.60887809469722

Computational statistics:
	Total energy calls: 8383
	Energy calls at each min: [1, 1325, 8383]
	Total force calls: 8383
	Force calls at each min: [1, 1325, 8383]
	Total steps: 8825

Verification against reference:
True minima found: 3/3

Verification against reference (saddles):
True saddles found: 1/2
Missed saddles at positions:
[-0.82200156  0.6243128 ]
Starting run 725
Identified minimum at position [0.6234994  0.02803776] with unbiased energy -108.16672411685238
Identified minimum at position [-0.0501085   0.46671435] with unbiased energy -80.76781698732117
Identified minimum at position [-0.55822364  1.44172583] with unbiased energy -146.69951720995397
Simulation completed.


Energies of found minima:
Minimum 1: Position = [0.6234994  0.02803776], Energy = -108.16672411685238
Minimum 2: Position = [-0.0501085   0.46671435], Energy = -80.76781698732117
Minimum 3: Position = [-0.55822364  1.44172583], Energy = -146.69951720995397

Approximate saddle points between minima:
Saddle 1: Position = [0.15192866 0.20174975], Energy = -70.83030279044236
Saddle 2: Position = [-0.8352011   0.63155167], Energy = -40.74518536463762

Computational statistics:
	Total energy calls: 2530
	Energy calls at each min: [1, 1479, 2530]
	Total force calls: 2530
	Force calls at each min: [1, 1479, 2530]
	Total steps: 2667

Verification against reference:
True minima found: 3/3

Verification against reference (saddles):
True saddles found: 1/2
Missed saddles at positions:
[0.21248658 0.29298833]
Starting run 714
Identified minimum at position [0.6234994  0.02803776] with unbiased energy -108.16672411685238
Identified minimum at position [-0.05005721  0.46670327] with unbiased energy -80.76781787498982
Identified minimum at position [-0.55822365  1.44172583] with unbiased energy -146.69951720995397
Simulation completed.


Energies of found minima:
Minimum 1: Position = [0.6234994  0.02803776], Energy = -108.16672411685238
Minimum 2: Position = [-0.05005721  0.46670327], Energy = -80.76781787498982
Minimum 3: Position = [-0.55822365  1.44172583], Energy = -146.69951720995397

Approximate saddle points between minima:
Saddle 1: Position = [0.15035169 0.29115732], Energy = -71.82047292750363
Saddle 2: Position = [0.39408515 0.60627423], Energy = -33.098239280494155

Computational statistics:
	Total energy calls: 7922
	Energy calls at each min: [1, 1021, 7922]
	Total force calls: 7922
	Force calls at each min: [1, 1021, 7922]
	Total steps: 8335

Verification against reference:
True minima found: 3/3

Verification against reference (saddles):
True saddles found: 0/2
Missed saddles at positions:
[0.21248658 0.29298833]
[-0.82200156  0.6243128 ]
Starting run 1522
Identified minimum at position [0.6234994  0.02803776] with unbiased energy -108.16672411685238
Identified minimum at position [-0.0500253   0.46669701] with unbiased energy -80.76781810474796
Identified minimum at position [-0.55822363  1.44172585] with unbiased energy -146.69951720995397
Simulation completed.


Energies of found minima:
Minimum 1: Position = [0.6234994  0.02803776], Energy = -108.16672411685238
Minimum 2: Position = [-0.0500253   0.46669701], Energy = -80.76781810474796
Minimum 3: Position = [-0.55822363  1.44172585], Energy = -146.69951720995397

Approximate saddle points between minima:
Saddle 1: Position = [0.22965947 0.29058285], Energy = -72.24309439035503
Saddle 2: Position = [-0.85020428  0.56658359], Energy = -39.670719141723595

Computational statistics:
	Total energy calls: 1969
	Energy calls at each min: [1, 896, 1969]
	Total force calls: 1969
	Force calls at each min: [1, 896, 1969]
	Total steps: 2070

Verification against reference:
True minima found: 3/3

Verification against reference (saddles):
True saddles found: 1/2
Missed saddles at positions:
[-0.82200156  0.6243128 ]
Starting run 1127
Identified minimum at position [0.6234994  0.02803776] with unbiased energy -108.16672411685238
Identified minimum at position [-0.05002555  0.46669719] with unbiased energy -80.76781810363619
Identified minimum at position [-0.55822364  1.44172583] with unbiased energy -146.69951720995397
Simulation completed.


Energies of found minima:
Minimum 1: Position = [0.6234994  0.02803776], Energy = -108.16672411685238
Minimum 2: Position = [-0.05002555  0.46669719], Energy = -80.76781810363619
Minimum 3: Position = [-0.55822364  1.44172583], Energy = -146.69951720995397

Approximate saddle points between minima:
Saddle 1: Position = [0.49793857 0.27451505], Energy = -65.76557857484778
Saddle 2: Position = [-0.75223631  0.72756478], Energy = -37.87089282109908

Computational statistics:
	Total energy calls: 2275
	Energy calls at each min: [1, 1367, 2275]
	Total force calls: 2275
	Force calls at each min: [1, 1367, 2275]
	Total steps: 2397

Verification against reference:
True minima found: 3/3

Verification against reference (saddles):
True saddles found: 0/2
Missed saddles at positions:
[0.21248658 0.29298833]
[-0.82200156  0.6243128 ]
Starting run 1375
Identified minimum at position [0.6234994  0.02803776] with unbiased energy -108.16672411685238
Identified minimum at position [-0.05001115  0.46669418] with unbiased energy -80.76781812964575
Identified minimum at position [-0.55822363  1.44172585] with unbiased energy -146.69951720995402
Simulation completed.


Energies of found minima:
Minimum 1: Position = [0.6234994  0.02803776], Energy = -108.16672411685238
Minimum 2: Position = [-0.05001115  0.46669418], Energy = -80.76781812964575
Minimum 3: Position = [-0.55822363  1.44172585], Energy = -146.69951720995402

Approximate saddle points between minima:
Saddle 1: Position = [0.54832015 0.24777242], Energy = -68.10645883461372
Saddle 2: Position = [-0.60528838  0.22507223], Energy = -20.533986848646634

Computational statistics:
	Total energy calls: 8617
	Energy calls at each min: [1, 1438, 8617]
	Total force calls: 8617
	Force calls at each min: [1, 1438, 8617]
	Total steps: 9079

Verification against reference:
True minima found: 3/3

Verification against reference (saddles):
True saddles found: 0/2
Missed saddles at positions:
[0.21248658 0.29298833]
[-0.82200156  0.6243128 ]
