Starting run 1227
Identified minimum at position [0.6234994  0.02803776] with unbiased energy -108.16672411685238
Identified minimum at position [-0.05083073  0.46686297] with unbiased energy -80.76773775628679
Identified minimum at position [-0.55822363  1.44172585] with unbiased energy -146.699517209954
Simulation completed.


Energies of found minima:
Minimum 1: Position = [0.6234994  0.02803776], Energy = -108.16672411685238
Minimum 2: Position = [-0.05083073  0.46686297], Energy = -80.76773775628679
Minimum 3: Position = [-0.55822363  1.44172585], Energy = -146.699517209954

Approximate saddle points between minima:
Saddle 1: Position = [0.13252434 0.09470761], Energy = -69.84349995954975
Saddle 2: Position = [-0.09241085  0.02185516], Energy = -39.8070415403138

Computational statistics:
	Total energy calls: 4496
	Energy calls at each min: [1, 1811, 4496]
	Total force calls: 4496
	Force calls at each min: [1, 1811, 4496]
	Total steps: 4742

Verification against reference:
True minima found: 3/3

Verification against reference (saddles):
True saddles found: 0/2
Missed saddles at positions:
[0.21248658 0.29298833]
[-0.82200156  0.6243128 ]
Starting run 689
Identified minimum at position [0.6234994  0.02803776] with unbiased energy -108.16672411685238
Identified minimum at position [-0.05010396  0.46671335] with unbiased energy -80.76781709176629
Identified minimum at position [-0.55822364  1.44172584] with unbiased energy -146.69951720995402
Simulation completed.


Energies of found minima:
Minimum 1: Position = [0.6234994  0.02803776], Energy = -108.16672411685238
Minimum 2: Position = [-0.05010396  0.46671335], Energy = -80.76781709176629
Minimum 3: Position = [-0.55822364  1.44172584], Energy = -146.69951720995402

Approximate saddle points between minima:
Saddle 1: Position = [0.25739953 0.31507234], Energy = -71.6015399715612
Saddle 2: Position = [-0.86534171  0.52750936], Energy = -37.8289383992269

Computational statistics:
	Total energy calls: 9965
	Energy calls at each min: [1, 1542, 9965]
	Total force calls: 9965
	Force calls at each min: [1, 1542, 9965]
	Total steps: 10487

Verification against reference:
True minima found: 3/3

Verification against reference (saddles):
True saddles found: 0/2
Missed saddles at positions:
[0.21248658 0.29298833]
[-0.82200156  0.6243128 ]
Starting run 756
Identified minimum at position [0.6234994  0.02803776] with unbiased energy -108.16672411685238
Identified minimum at position [-0.0500112   0.46669419] with unbiased energy -80.76781812964114
Identified minimum at position [-0.55822362  1.44172586] with unbiased energy -146.69951720995394
Simulation completed.


Energies of found minima:
Minimum 1: Position = [0.6234994  0.02803776], Energy = -108.16672411685238
Minimum 2: Position = [-0.0500112   0.46669419], Energy = -80.76781812964114
Minimum 3: Position = [-0.55822362  1.44172586], Energy = -146.69951720995394

Approximate saddle points between minima:
Saddle 1: Position = [0.98630495 0.03474423], Energy = -57.63595341019655
Saddle 2: Position = [-0.24640336  0.04741915], Energy = -26.10900126648431

Computational statistics:
	Total energy calls: 7496
	Energy calls at each min: [1, 1441, 7496]
	Total force calls: 7496
	Force calls at each min: [1, 1441, 7496]
	Total steps: 7910

Verification against reference:
True minima found: 3/3

Verification against reference (saddles):
True saddles found: 0/2
Missed saddles at positions:
[0.21248658 0.29298833]
[-0.82200156  0.6243128 ]
Starting run 198
Identified minimum at position [0.6234994  0.02803776] with unbiased energy -108.16672411685238
Identified minimum at position [-0.05001207  0.46669441] with unbiased energy -80.76781812946354
Identified minimum at position [-0.55822363  1.44172584] with unbiased energy -146.699517209954
Simulation completed.


Energies of found minima:
Minimum 1: Position = [0.6234994  0.02803776], Energy = -108.16672411685238
Minimum 2: Position = [-0.05001207  0.46669441], Energy = -80.76781812946354
Minimum 3: Position = [-0.55822363  1.44172584], Energy = -146.699517209954

Approximate saddle points between minima:
Saddle 1: Position = [0.15103173 0.16656851], Energy = -71.1864947486417
Saddle 2: Position = [-0.20462255  0.72959023], Energy = -35.39780502678366

Computational statistics:
	Total energy calls: 11144
	Energy calls at each min: [1, 1820, 11144]
	Total force calls: 11144
	Force calls at each min: [1, 1820, 11144]
	Total steps: 11725

Verification against reference:
True minima found: 3/3

Verification against reference (saddles):
True saddles found: 0/2
Missed saddles at positions:
[0.21248658 0.29298833]
[-0.82200156  0.6243128 ]
Starting run 991
Identified minimum at position [0.6234994  0.02803776] with unbiased energy -108.16672411685238
Identified minimum at position [-0.05001759  0.46669588] with unbiased energy -80.76781812368606
Identified minimum at position [-0.55822361  1.44172586] with unbiased energy -146.69951720995385
Simulation completed.


Energies of found minima:
Minimum 1: Position = [0.6234994  0.02803776], Energy = -108.16672411685238
Minimum 2: Position = [-0.05001759  0.46669588], Energy = -80.76781812368606
Minimum 3: Position = [-0.55822361  1.44172586], Energy = -146.69951720995385

Approximate saddle points between minima:
Saddle 1: Position = [0.11306853 0.14779105], Energy = -68.1596801212371
Saddle 2: Position = [-0.8208142   0.60911912], Energy = -40.674729081457016

Computational statistics:
	Total energy calls: 5989
	Energy calls at each min: [1, 2574, 5989]
	Total force calls: 5989
	Force calls at each min: [1, 2574, 5989]
	Total steps: 6300

Verification against reference:
True minima found: 3/3

Verification against reference (saddles):
True saddles found: 1/2
Missed saddles at positions:
[0.21248658 0.29298833]
Starting run 143
Identified minimum at position [0.6234994  0.02803776] with unbiased energy -108.16672411685238
Identified minimum at position [-0.05013654  0.46672068] with unbiased energy -80.76781622726068
Identified minimum at position [-0.55822364  1.44172583] with unbiased energy -146.69951720995397
Simulation completed.


Energies of found minima:
Minimum 1: Position = [0.6234994  0.02803776], Energy = -108.16672411685238
Minimum 2: Position = [-0.05013654  0.46672068], Energy = -80.76781622726068
Minimum 3: Position = [-0.55822364  1.44172583], Energy = -146.69951720995397

Approximate saddle points between minima:
Saddle 1: Position = [0.29304683 0.42862933], Energy = -67.53218657710372
Saddle 2: Position = [-0.69347716  0.70099279], Energy = -36.728355752556574

Computational statistics:
	Total energy calls: 2472
	Energy calls at each min: [1, 1329, 2472]
	Total force calls: 2472
	Force calls at each min: [1, 1329, 2472]
	Total steps: 2600

Verification against reference:
True minima found: 3/3

Verification against reference (saddles):
True saddles found: 0/2
Missed saddles at positions:
[0.21248658 0.29298833]
[-0.82200156  0.6243128 ]
Starting run 869
Identified minimum at position [0.6234994  0.02803776] with unbiased energy -108.16672411685238
Identified minimum at position [-0.05042339  0.46685727] with unbiased energy -80.76778849350289
Identified minimum at position [-0.55822362  1.44172586] with unbiased energy -146.69951720995388
Simulation completed.


Energies of found minima:
Minimum 1: Position = [0.6234994  0.02803776], Energy = -108.16672411685238
Minimum 2: Position = [-0.05042339  0.46685727], Energy = -80.76778849350289
Minimum 3: Position = [-0.55822362  1.44172586], Energy = -146.69951720995388

Approximate saddle points between minima:
Saddle 1: Position = [0.10797006 0.07594731], Energy = -66.7199955395771
Saddle 2: Position = [-0.80121968  0.6271566 ], Energy = -40.6787584247097

Computational statistics:
	Total energy calls: 4646
	Energy calls at each min: [1, 1434, 4646]
	Total force calls: 4646
	Force calls at each min: [1, 1434, 4646]
	Total steps: 4893

Verification against reference:
True minima found: 3/3

Verification against reference (saddles):
True saddles found: 1/2
Missed saddles at positions:
[0.21248658 0.29298833]
Starting run 1521
Identified minimum at position [0.6234994  0.02803776] with unbiased energy -108.16672411685238
Identified minimum at position [-0.55822362  1.44172586] with unbiased energy -146.69951720995388
Approximate Hessian has condition number >1e6 and cannot be reliably trusted; reverting to default behavior. 
Eigenvalues: [7.01363431e-04 1.11272565e+07]
Approximate Hessian has condition number >1e6 and cannot be reliably trusted; reverting to default behavior. 
Eigenvalues: [2.74650101e-03 8.56213868e+06]
Simulation completed.


Energies of found minima:
Minimum 1: Position = [0.6234994  0.02803776], Energy = -108.16672411685238
Minimum 2: Position = [-0.55822362  1.44172586], Energy = -146.69951720995388

Approximate saddle points between minima:
Saddle 1: Position = [ 0.90761308 -0.15043721], Energy = -29.09974906549496

Computational statistics:
	Total energy calls: 644745
	Energy calls at each min: [1, 8521]
	Total force calls: 644745
	Force calls at each min: [1, 8521]
	Total steps: 679092

Verification against reference:
True minima found: 2/3
Missed minima at positions:
[-0.05001082  0.4666941 ]

Verification against reference (saddles):
True saddles found: 0/2
Missed saddles at positions:
[0.21248658 0.29298833]
[-0.82200156  0.6243128 ]
Starting run 618
Identified minimum at position [0.6234994  0.02803776] with unbiased energy -108.16672411685238
Identified minimum at position [-0.05001118  0.46669418] with unbiased energy -80.76781812964381
Identified minimum at position [-0.55822364  1.44172583] with unbiased energy -146.69951720995397
Simulation completed.


Energies of found minima:
Minimum 1: Position = [0.6234994  0.02803776], Energy = -108.16672411685238
Minimum 2: Position = [-0.05001118  0.46669418], Energy = -80.76781812964381
Minimum 3: Position = [-0.55822364  1.44172583], Energy = -146.69951720995397

Approximate saddle points between minima:
Saddle 1: Position = [0.19775077 0.30330654], Energy = -72.32975699760406
Saddle 2: Position = [0.11962223 0.75946952], Energy = -18.612014216893165

Computational statistics:
	Total energy calls: 6003
	Energy calls at each min: [1, 455, 6003]
	Total force calls: 6003
	Force calls at each min: [1, 455, 6003]
	Total steps: 6332

Verification against reference:
True minima found: 3/3

Verification against reference (saddles):
True saddles found: 1/2
Missed saddles at positions:
[-0.82200156  0.6243128 ]
