Starting run 916
Identified minimum at position [0.6234994  0.02803776] with unbiased energy -108.16672411685238
Identified minimum at position [-0.05013309  0.46671879] with unbiased energy -80.76781635135177
Identified minimum at position [-0.55821472  1.44173807] with unbiased energy -146.69951715298382
Simulation completed.


Energies of found minima:
Minimum 1: Position = [0.6234994  0.02803776], Energy = -108.16672411685238
Minimum 2: Position = [-0.05013309  0.46671879], Energy = -80.76781635135177
Minimum 3: Position = [-0.55821472  1.44173807], Energy = -146.69951715298382

Approximate saddle points between minima:
Saddle 1: Position = [0.78353081 0.18763973], Energy = -62.09136640145141
Saddle 2: Position = [-0.39744012  0.79097114], Energy = -20.90156246316075

Computational statistics:
	Total energy calls: 3866
	Energy calls at each min: [1, 1534, 3866]
	Total force calls: 3866
	Force calls at each min: [1, 1534, 3866]
	Total steps: 4069

Verification against reference:
True minima found: 3/3

Verification against reference (saddles):
True saddles found: 0/2
Missed saddles at positions:
[0.21248658 0.29298833]
[-0.82200156  0.6243128 ]
Starting run 651
Identified minimum at position [0.6234994  0.02803776] with unbiased energy -108.16672411685238
Approximate Hessian has condition number >1e6 and cannot be reliably trusted; reverting to default behavior. 
Eigenvalues: [8.50059051e-03 2.00955250e+07]
Identified minimum at position [-0.05039666  0.46680147] with unbiased energy -80.76779815582289
Identified minimum at position [-0.55822363  1.44172584] with unbiased energy -146.69951720995402
Simulation completed.


Energies of found minima:
Minimum 1: Position = [0.6234994  0.02803776], Energy = -108.16672411685238
Minimum 2: Position = [-0.05039666  0.46680147], Energy = -80.76779815582289
Minimum 3: Position = [-0.55822363  1.44172584], Energy = -146.69951720995402

Approximate saddle points between minima:
Saddle 1: Position = [0.22203211 0.29640532], Energy = -72.22462197946025
Saddle 2: Position = [-0.85004657  0.58163578], Energy = -40.00468614035992

Computational statistics:
	Total energy calls: 13091
	Energy calls at each min: [1, 2691, 13091]
	Total force calls: 13091
	Force calls at each min: [1, 2691, 13091]
	Total steps: 13744

Verification against reference:
True minima found: 3/3

Verification against reference (saddles):
True saddles found: 1/2
Missed saddles at positions:
[-0.82200156  0.6243128 ]
Starting run 403
Identified minimum at position [0.6234994  0.02803776] with unbiased energy -108.16672411685238
Identified minimum at position [-0.05001136  0.46669422] with unbiased energy -80.76781812962484
Identified minimum at position [-0.55822362  1.44172586] with unbiased energy -146.6995172099539
Simulation completed.


Energies of found minima:
Minimum 1: Position = [0.6234994  0.02803776], Energy = -108.16672411685238
Minimum 2: Position = [-0.05001136  0.46669422], Energy = -80.76781812962484
Minimum 3: Position = [-0.55822362  1.44172586], Energy = -146.6995172099539

Approximate saddle points between minima:
Saddle 1: Position = [0.12135499 0.11423539], Energy = -68.83988712830885
Saddle 2: Position = [-0.22251225 -0.10895805], Energy = -9.892240977539544

Computational statistics:
	Total energy calls: 10917
	Energy calls at each min: [1, 819, 10917]
	Total force calls: 10917
	Force calls at each min: [1, 819, 10917]
	Total steps: 11507

Verification against reference:
True minima found: 3/3

Verification against reference (saddles):
True saddles found: 0/2
Missed saddles at positions:
[0.21248658 0.29298833]
[-0.82200156  0.6243128 ]
Starting run 265
Identified minimum at position [0.6234994  0.02803776] with unbiased energy -108.16672411685238
Identified minimum at position [-0.05005558  0.46670294] with unbiased energy -80.76781789266278
Approximate Hessian has condition number >1e6 and cannot be reliably trusted; reverting to default behavior. 
Eigenvalues: [3.88410152e-03 9.29510577e+06]
Identified minimum at position [-0.55822359  1.44172591] with unbiased energy -146.6995172099525
Simulation completed.


Energies of found minima:
Minimum 1: Position = [0.6234994  0.02803776], Energy = -108.16672411685238
Minimum 2: Position = [-0.05005558  0.46670294], Energy = -80.76781789266278
Minimum 3: Position = [-0.55822359  1.44172591], Energy = -146.6995172099525

Approximate saddle points between minima:
Saddle 1: Position = [0.45867022 0.27506259], Energy = -67.91586338054604
Saddle 2: Position = [0.5130142  0.55183529], Energy = -25.262014069451418

Computational statistics:
	Total energy calls: 8075
	Energy calls at each min: [1, 1157, 8075]
	Total force calls: 8075
	Force calls at each min: [1, 1157, 8075]
	Total steps: 8510

Verification against reference:
True minima found: 3/3

Verification against reference (saddles):
True saddles found: 0/2
Missed saddles at positions:
[0.21248658 0.29298833]
[-0.82200156  0.6243128 ]
Starting run 669
Identified minimum at position [0.6234994  0.02803776] with unbiased energy -108.16672411685238
Identified minimum at position [-0.05003379  0.46670005] with unbiased energy -80.7678180613251
Identified minimum at position [-0.55822364  1.44172584] with unbiased energy -146.699517209954
Simulation completed.


Energies of found minima:
Minimum 1: Position = [0.6234994  0.02803776], Energy = -108.16672411685238
Minimum 2: Position = [-0.05003379  0.46670005], Energy = -80.7678180613251
Minimum 3: Position = [-0.55822364  1.44172584], Energy = -146.699517209954

Approximate saddle points between minima:
Saddle 1: Position = [0.22898521 0.29410661], Energy = -72.21180779270117
Saddle 2: Position = [-0.82448511  0.57078259], Energy = -40.44048028042105

Computational statistics:
	Total energy calls: 11601
	Energy calls at each min: [1, 1678, 11601]
	Total force calls: 11601
	Force calls at each min: [1, 1678, 11601]
	Total steps: 12199

Verification against reference:
True minima found: 3/3

Verification against reference (saddles):
True saddles found: 1/2
Missed saddles at positions:
[-0.82200156  0.6243128 ]
Starting run 1325
Identified minimum at position [0.6234994  0.02803776] with unbiased energy -108.16672411685238
Identified minimum at position [-0.05004673  0.46670118] with unbiased energy -80.7678179771513
Identified minimum at position [-0.55822365  1.44172583] with unbiased energy -146.69951720995394
Simulation completed.


Energies of found minima:
Minimum 1: Position = [0.6234994  0.02803776], Energy = -108.16672411685238
Minimum 2: Position = [-0.05004673  0.46670118], Energy = -80.7678179771513
Minimum 3: Position = [-0.55822365  1.44172583], Energy = -146.69951720995394

Approximate saddle points between minima:
Saddle 1: Position = [0.20789166 0.29390294], Energy = -72.2492825609364
Saddle 2: Position = [-0.58465312  0.33739484], Energy = -40.303141437799326

Computational statistics:
	Total energy calls: 8772
	Energy calls at each min: [1, 1566, 8772]
	Total force calls: 8772
	Force calls at each min: [1, 1566, 8772]
	Total steps: 9216

Verification against reference:
True minima found: 3/3

Verification against reference (saddles):
True saddles found: 1/2
Missed saddles at positions:
[-0.82200156  0.6243128 ]
Starting run 436
Identified minimum at position [0.6234994  0.02803776] with unbiased energy -108.16672411685238
Identified minimum at position [-0.05003129  0.46669835] with unbiased energy -80.76781807951835
Identified minimum at position [-0.55822362  1.44172585] with unbiased energy -146.69951720995394
Simulation completed.


Energies of found minima:
Minimum 1: Position = [0.6234994  0.02803776], Energy = -108.16672411685238
Minimum 2: Position = [-0.05003129  0.46669835], Energy = -80.76781807951835
Minimum 3: Position = [-0.55822362  1.44172585], Energy = -146.69951720995394

Approximate saddle points between minima:
Saddle 1: Position = [0.18277595 0.27948198], Energy = -71.98742312795768
Saddle 2: Position = [0.7963257  0.27000169], Energy = -28.887264673415658

Computational statistics:
	Total energy calls: 5022
	Energy calls at each min: [1, 1301, 5022]
	Total force calls: 5022
	Force calls at each min: [1, 1301, 5022]
	Total steps: 5296

Verification against reference:
True minima found: 3/3

Verification against reference (saddles):
True saddles found: 1/2
Missed saddles at positions:
[-0.82200156  0.6243128 ]
Starting run 1389
Identified minimum at position [0.6234994  0.02803776] with unbiased energy -108.16672411685238
Identified minimum at position [-0.05001577  0.46669512] with unbiased energy -80.76781812672913
Identified minimum at position [-0.55822363  1.44172585] with unbiased energy -146.69951720995397
Simulation completed.


Energies of found minima:
Minimum 1: Position = [0.6234994  0.02803776], Energy = -108.16672411685238
Minimum 2: Position = [-0.05001577  0.46669512], Energy = -80.76781812672913
Minimum 3: Position = [-0.55822363  1.44172585], Energy = -146.69951720995397

Approximate saddle points between minima:
Saddle 1: Position = [0.10720789 0.16055886], Energy = -67.70582515157062
Saddle 2: Position = [-0.82500837  0.59576722], Energy = -40.598312083111146

Computational statistics:
	Total energy calls: 5513
	Energy calls at each min: [1, 1104, 5513]
	Total force calls: 5513
	Force calls at each min: [1, 1104, 5513]
	Total steps: 5818

Verification against reference:
True minima found: 3/3

Verification against reference (saddles):
True saddles found: 1/2
Missed saddles at positions:
[0.21248658 0.29298833]
Starting run 1546
Identified minimum at position [0.6234994  0.02803776] with unbiased energy -108.16672411685238
Identified minimum at position [-0.05013129  0.46671805] with unbiased energy -80.76781640973957
Identified minimum at position [-0.55822365  1.44172583] with unbiased energy -146.69951720995397
Simulation completed.


Energies of found minima:
Minimum 1: Position = [0.6234994  0.02803776], Energy = -108.16672411685238
Minimum 2: Position = [-0.05013129  0.46671805], Energy = -80.76781640973957
Minimum 3: Position = [-0.55822365  1.44172583], Energy = -146.69951720995397

Approximate saddle points between minima:
Saddle 1: Position = [0.31557084 0.29035707], Energy = -71.27793841285487
Saddle 2: Position = [0.27762286 0.66729543], Energy = -31.98838736689133

Computational statistics:
	Total energy calls: 4219
	Energy calls at each min: [1, 417, 4219]
	Total force calls: 4219
	Force calls at each min: [1, 417, 4219]
	Total steps: 4438

Verification against reference:
True minima found: 3/3

Verification against reference (saddles):
True saddles found: 0/2
Missed saddles at positions:
[0.21248658 0.29298833]
[-0.82200156  0.6243128 ]
