Starting run 203
Identified minimum at position [0.6234994  0.02803776] with unbiased energy -108.16672411685238
Identified minimum at position [-0.05001196  0.46669436] with unbiased energy -80.76781812949875
Identified minimum at position [-0.55822362  1.44172585] with unbiased energy -146.69951720995397
Simulation completed.


Energies of found minima:
Minimum 1: Position = [0.6234994  0.02803776], Energy = -108.16672411685238
Minimum 2: Position = [-0.05001196  0.46669436], Energy = -80.76781812949875
Minimum 3: Position = [-0.55822362  1.44172585], Energy = -146.69951720995397

Approximate saddle points between minima:
Saddle 1: Position = [0.15234819 0.27983173], Energy = -71.52360041752806
Saddle 2: Position = [-0.24832704  0.07326045], Energy = -28.358581216986043

Computational statistics:
	Total energy calls: 11183
	Energy calls at each min: [1, 1015, 11183]
	Total force calls: 11183
	Force calls at each min: [1, 1015, 11183]
	Total steps: 11773

Verification against reference:
True minima found: 3/3

Verification against reference (saddles):
True saddles found: 0/2
Missed saddles at positions:
[0.21248658 0.29298833]
[-0.82200156  0.6243128 ]
Starting run 659
Identified minimum at position [0.6234994  0.02803776] with unbiased energy -108.16672411685238
Identified minimum at position [-0.05004754  0.46670293] with unbiased energy -80.7678179603843
Identified minimum at position [-0.55822364  1.44172584] with unbiased energy -146.699517209954
Simulation completed.


Energies of found minima:
Minimum 1: Position = [0.6234994  0.02803776], Energy = -108.16672411685238
Minimum 2: Position = [-0.05004754  0.46670293], Energy = -80.7678179603843
Minimum 3: Position = [-0.55822364  1.44172584], Energy = -146.699517209954

Approximate saddle points between minima:
Saddle 1: Position = [0.24703606 0.30752322], Energy = -71.89787906994005
Saddle 2: Position = [-0.77531107  0.66049967], Energy = -39.91323071068247

Computational statistics:
	Total energy calls: 10823
	Energy calls at each min: [1, 2910, 10823]
	Total force calls: 10823
	Force calls at each min: [1, 2910, 10823]
	Total steps: 11362

Verification against reference:
True minima found: 3/3

Verification against reference (saddles):
True saddles found: 1/2
Missed saddles at positions:
[-0.82200156  0.6243128 ]
Starting run 703
Identified minimum at position [0.6234994  0.02803776] with unbiased energy -108.16672411685238
Identified minimum at position [-0.05001229  0.46669451] with unbiased energy -80.76781812937274
Identified minimum at position [-0.55822365  1.44172583] with unbiased energy -146.6995172099539
Simulation completed.


Energies of found minima:
Minimum 1: Position = [0.6234994  0.02803776], Energy = -108.16672411685238
Minimum 2: Position = [-0.05001229  0.46669451], Energy = -80.76781812937274
Minimum 3: Position = [-0.55822365  1.44172583], Energy = -146.6995172099539

Approximate saddle points between minima:
Saddle 1: Position = [0.22531156 0.30175064], Energy = -72.18764111952132
Saddle 2: Position = [1.03706603 0.05783303], Energy = -36.788795581776355

Computational statistics:
	Total energy calls: 6465
	Energy calls at each min: [1, 1025, 6465]
	Total force calls: 6465
	Force calls at each min: [1, 1025, 6465]
	Total steps: 6811

Verification against reference:
True minima found: 3/3

Verification against reference (saddles):
True saddles found: 1/2
Missed saddles at positions:
[-0.82200156  0.6243128 ]
Starting run 1270
Identified minimum at position [0.6234994  0.02803776] with unbiased energy -108.16672411685238
Identified minimum at position [-0.05002481  0.46669688] with unbiased energy -80.7678181064927
Identified minimum at position [-0.55822362  1.44172586] with unbiased energy -146.6995172099539
Simulation completed.


Energies of found minima:
Minimum 1: Position = [0.6234994  0.02803776], Energy = -108.16672411685238
Minimum 2: Position = [-0.05002481  0.46669688], Energy = -80.7678181064927
Minimum 3: Position = [-0.55822362  1.44172586], Energy = -146.6995172099539

Approximate saddle points between minima:
Saddle 1: Position = [0.29243563 0.36226384], Energy = -69.41944240953875
Saddle 2: Position = [0.30247875 0.72190869], Energy = -14.662655179376543

Computational statistics:
	Total energy calls: 6418
	Energy calls at each min: [1, 795, 6418]
	Total force calls: 6418
	Force calls at each min: [1, 795, 6418]
	Total steps: 6758

Verification against reference:
True minima found: 3/3

Verification against reference (saddles):
True saddles found: 0/2
Missed saddles at positions:
[0.21248658 0.29298833]
[-0.82200156  0.6243128 ]
Starting run 1481
Identified minimum at position [0.6234994  0.02803776] with unbiased energy -108.16672411685238
Identified minimum at position [-0.05004711  0.46670197] with unbiased energy -80.76781797003335
Identified minimum at position [-0.55822365  1.44172583] with unbiased energy -146.6995172099539
Simulation completed.


Energies of found minima:
Minimum 1: Position = [0.6234994  0.02803776], Energy = -108.16672411685238
Minimum 2: Position = [-0.05004711  0.46670197], Energy = -80.76781797003335
Minimum 3: Position = [-0.55822365  1.44172583], Energy = -146.6995172099539

Approximate saddle points between minima:
Saddle 1: Position = [0.22002894 0.29562742], Energy = -72.23395248657413
Saddle 2: Position = [-0.85543699  0.55205055], Energy = -39.120464771039096

Computational statistics:
	Total energy calls: 13101
	Energy calls at each min: [1, 1726, 13101]
	Total force calls: 13101
	Force calls at each min: [1, 1726, 13101]
	Total steps: 13772

Verification against reference:
True minima found: 3/3

Verification against reference (saddles):
True saddles found: 1/2
Missed saddles at positions:
[-0.82200156  0.6243128 ]
Starting run 110
Identified minimum at position [0.6234994  0.02803776] with unbiased energy -108.16672411685238
Identified minimum at position [-0.05001421  0.46669472] with unbiased energy -80.76781812832614
Identified minimum at position [-0.55822362  1.44172586] with unbiased energy -146.69951720995394
Simulation completed.


Energies of found minima:
Minimum 1: Position = [0.6234994  0.02803776], Energy = -108.16672411685238
Minimum 2: Position = [-0.05001421  0.46669472], Energy = -80.76781812832614
Minimum 3: Position = [-0.55822362  1.44172586], Energy = -146.69951720995394

Approximate saddle points between minima:
Saddle 1: Position = [0.13064389 0.07308275], Energy = -69.21793508609733
Saddle 2: Position = [-0.82644043  0.48998889], Energy = -37.892777537742774

Computational statistics:
	Total energy calls: 4890
	Energy calls at each min: [1, 965, 4890]
	Total force calls: 4890
	Force calls at each min: [1, 965, 4890]
	Total steps: 5160

Verification against reference:
True minima found: 3/3

Verification against reference (saddles):
True saddles found: 0/2
Missed saddles at positions:
[0.21248658 0.29298833]
[-0.82200156  0.6243128 ]
Starting run 184
Identified minimum at position [0.6234994  0.02803776] with unbiased energy -108.16672411685238
Identified minimum at position [-0.05011769  0.46672111] with unbiased energy -80.76781666660104
Identified minimum at position [-0.55822365  1.44172583] with unbiased energy -146.6995172099539
Simulation completed.


Energies of found minima:
Minimum 1: Position = [0.6234994  0.02803776], Energy = -108.16672411685238
Minimum 2: Position = [-0.05011769  0.46672111], Energy = -80.76781666660104
Minimum 3: Position = [-0.55822365  1.44172583], Energy = -146.6995172099539

Approximate saddle points between minima:
Saddle 1: Position = [0.20460877 0.27164024], Energy = -72.25293639678353
Saddle 2: Position = [-0.8177198   0.60408487], Energy = -40.71351636255487

Computational statistics:
	Total energy calls: 10800
	Energy calls at each min: [1, 1984, 10800]
	Total force calls: 10800
	Force calls at each min: [1, 1984, 10800]
	Total steps: 11360

Verification against reference:
True minima found: 3/3

Verification against reference (saddles):
True saddles found: 2/2
Starting run 1455
Identified minimum at position [0.6234994  0.02803776] with unbiased energy -108.16672411685238
Identified minimum at position [-0.05012287  0.46671778] with unbiased energy -80.7678166185797
Identified minimum at position [-0.55822362  1.44172586] with unbiased energy -146.69951720995385
Simulation completed.


Energies of found minima:
Minimum 1: Position = [0.6234994  0.02803776], Energy = -108.16672411685238
Minimum 2: Position = [-0.05012287  0.46671778], Energy = -80.7678166185797
Minimum 3: Position = [-0.55822362  1.44172586], Energy = -146.69951720995385

Approximate saddle points between minima:
Saddle 1: Position = [0.15082281 0.06989674], Energy = -71.4364571125732
Saddle 2: Position = [-0.85094301  0.59830662], Energy = -40.3064448930368

Computational statistics:
	Total energy calls: 3503
	Energy calls at each min: [1, 1119, 3503]
	Total force calls: 3503
	Force calls at each min: [1, 1119, 3503]
	Total steps: 3692

Verification against reference:
True minima found: 3/3

Verification against reference (saddles):
True saddles found: 1/2
Missed saddles at positions:
[0.21248658 0.29298833]
Starting run 607
Identified minimum at position [0.6234994  0.02803776] with unbiased energy -108.16672411685238
Identified minimum at position [-0.05005615  0.46670322] with unbiased energy -80.76781788552574
Identified minimum at position [-0.55822362  1.44172586] with unbiased energy -146.69951720995388
Simulation completed.


Energies of found minima:
Minimum 1: Position = [0.6234994  0.02803776], Energy = -108.16672411685238
Minimum 2: Position = [-0.05005615  0.46670322], Energy = -80.76781788552574
Minimum 3: Position = [-0.55822362  1.44172586], Energy = -146.69951720995388

Approximate saddle points between minima:
Saddle 1: Position = [0.09568929 0.22293103], Energy = -67.86887824353396
Saddle 2: Position = [-0.2826645   0.10128415], Energy = -27.953770690122624

Computational statistics:
	Total energy calls: 5659
	Energy calls at each min: [1, 1045, 5659]
	Total force calls: 5659
	Force calls at each min: [1, 1045, 5659]
	Total steps: 5963

Verification against reference:
True minima found: 3/3

Verification against reference (saddles):
True saddles found: 0/2
Missed saddles at positions:
[0.21248658 0.29298833]
[-0.82200156  0.6243128 ]
