Starting run 1495
Identified minimum at position [0.6234994  0.02803776] with unbiased energy -108.16672411685238
Identified minimum at position [-0.05010758  0.46671598] with unbiased energy -80.76781697952383
Identified minimum at position [-0.55822365  1.44172583] with unbiased energy -146.69951720995397
Simulation completed.


Energies of found minima:
Minimum 1: Position = [0.6234994  0.02803776], Energy = -108.16672411685238
Minimum 2: Position = [-0.05010758  0.46671598], Energy = -80.76781697952383
Minimum 3: Position = [-0.55822365  1.44172583], Energy = -146.69951720995397

Approximate saddle points between minima:
Saddle 1: Position = [0.96822836 0.00139439], Energy = -63.48556731607087
Saddle 2: Position = [-0.80926012  0.64265097], Energy = -40.54972900868988

Computational statistics:
	Total energy calls: 6808
	Energy calls at each min: [1, 2925, 6808]
	Total force calls: 6808
	Force calls at each min: [1, 2925, 6808]
	Total steps: 7171

Verification against reference:
True minima found: 3/3

Verification against reference (saddles):
True saddles found: 1/2
Missed saddles at positions:
[0.21248658 0.29298833]
Starting run 158
Identified minimum at position [0.6234994  0.02803776] with unbiased energy -108.16672411685238
Identified minimum at position [-0.05016395  0.4667271 ] with unbiased energy -80.76781529169068
Identified minimum at position [-0.55822365  1.44172583] with unbiased energy -146.6995172099539
Simulation completed.


Energies of found minima:
Minimum 1: Position = [0.6234994  0.02803776], Energy = -108.16672411685238
Minimum 2: Position = [-0.05016395  0.4667271 ], Energy = -80.76781529169068
Minimum 3: Position = [-0.55822365  1.44172583], Energy = -146.6995172099539

Approximate saddle points between minima:
Saddle 1: Position = [ 0.17613025 -0.09496013], Energy = -53.29369384461538
Saddle 2: Position = [0.31316285 0.70037623], Energy = -19.425128025789512

Computational statistics:
	Total energy calls: 5066
	Energy calls at each min: [1, 1855, 5066]
	Total force calls: 5066
	Force calls at each min: [1, 1855, 5066]
	Total steps: 5334

Verification against reference:
True minima found: 3/3

Verification against reference (saddles):
True saddles found: 0/2
Missed saddles at positions:
[0.21248658 0.29298833]
[-0.82200156  0.6243128 ]
Starting run 417
Identified minimum at position [0.6234994  0.02803776] with unbiased energy -108.16672411685238
Identified minimum at position [-0.05001088  0.46669412] with unbiased energy -80.76781812965864
Identified minimum at position [-0.55822365  1.44172583] with unbiased energy -146.69951720995397
Simulation completed.


Energies of found minima:
Minimum 1: Position = [0.6234994  0.02803776], Energy = -108.16672411685238
Minimum 2: Position = [-0.05001088  0.46669412], Energy = -80.76781812965864
Minimum 3: Position = [-0.55822365  1.44172583], Energy = -146.69951720995397

Approximate saddle points between minima:
Saddle 1: Position = [0.98673857 0.03323092], Energy = -57.604299356114836
Saddle 2: Position = [1.09601162 0.07480263], Energy = -7.566190994245574

Computational statistics:
	Total energy calls: 9762
	Energy calls at each min: [1, 1654, 9762]
	Total force calls: 9762
	Force calls at each min: [1, 1654, 9762]
	Total steps: 10303

Verification against reference:
True minima found: 3/3

Verification against reference (saddles):
True saddles found: 0/2
Missed saddles at positions:
[0.21248658 0.29298833]
[-0.82200156  0.6243128 ]
Starting run 1348
Identified minimum at position [0.6234994  0.02803776] with unbiased energy -108.16672411685238
Identified minimum at position [-0.05018969  0.46673485] with unbiased energy -80.76781418971865
Identified minimum at position [-0.55822363  1.44172585] with unbiased energy -146.699517209954
Simulation completed.


Energies of found minima:
Minimum 1: Position = [0.6234994  0.02803776], Energy = -108.16672411685238
Minimum 2: Position = [-0.05018969  0.46673485], Energy = -80.76781418971865
Minimum 3: Position = [-0.55822363  1.44172585], Energy = -146.699517209954

Approximate saddle points between minima:
Saddle 1: Position = [0.22223776 0.29724898], Energy = -72.22075426428853
Saddle 2: Position = [-0.58454445  0.70348908], Energy = -35.870237432292356

Computational statistics:
	Total energy calls: 9955
	Energy calls at each min: [1, 936, 9955]
	Total force calls: 9955
	Force calls at each min: [1, 936, 9955]
	Total steps: 10469

Verification against reference:
True minima found: 3/3

Verification against reference (saddles):
True saddles found: 1/2
Missed saddles at positions:
[-0.82200156  0.6243128 ]
Starting run 1177
Identified minimum at position [0.6234994  0.02803776] with unbiased energy -108.16672411685238
Identified minimum at position [-0.05129897  0.46684054] with unbiased energy -80.76763232146179
Identified minimum at position [-0.55822365  1.44172583] with unbiased energy -146.69951720995397
Simulation completed.


Energies of found minima:
Minimum 1: Position = [0.6234994  0.02803776], Energy = -108.16672411685238
Minimum 2: Position = [-0.05129897  0.46684054], Energy = -80.76763232146179
Minimum 3: Position = [-0.55822365  1.44172583], Energy = -146.69951720995397

Approximate saddle points between minima:
Saddle 1: Position = [0.35665721 0.3320885 ], Energy = -67.14365348923266
Saddle 2: Position = [ 1.02872648 -0.07400482], Energy = -28.21402185415664

Computational statistics:
	Total energy calls: 7743
	Energy calls at each min: [1, 1937, 7743]
	Total force calls: 7743
	Force calls at each min: [1, 1937, 7743]
	Total steps: 8151

Verification against reference:
True minima found: 2/3
Missed minima at positions:
[-0.05001082  0.4666941 ]

Verification against reference (saddles):
True saddles found: 0/2
Missed saddles at positions:
[0.21248658 0.29298833]
[-0.82200156  0.6243128 ]
Starting run 1255
Identified minimum at position [0.6234994  0.02803776] with unbiased energy -108.16672411685238
Identified minimum at position [-0.05005565  0.46670294] with unbiased energy -80.76781789199032
Identified minimum at position [-0.55822364  1.44172584] with unbiased energy -146.699517209954
Simulation completed.


Energies of found minima:
Minimum 1: Position = [0.6234994  0.02803776], Energy = -108.16672411685238
Minimum 2: Position = [-0.05005565  0.46670294], Energy = -80.76781789199032
Minimum 3: Position = [-0.55822364  1.44172584], Energy = -146.699517209954

Approximate saddle points between minima:
Saddle 1: Position = [0.43701483 0.28898891], Energy = -66.99628990506898
Saddle 2: Position = [-0.38157543  0.82213508], Energy = -15.134927160042416

Computational statistics:
	Total energy calls: 5545
	Energy calls at each min: [1, 1282, 5545]
	Total force calls: 5545
	Force calls at each min: [1, 1282, 5545]
	Total steps: 5841

Verification against reference:
True minima found: 3/3

Verification against reference (saddles):
True saddles found: 0/2
Missed saddles at positions:
[0.21248658 0.29298833]
[-0.82200156  0.6243128 ]
Starting run 1304
Identified minimum at position [0.6234994  0.02803776] with unbiased energy -108.16672411685238
Identified minimum at position [-0.05100437  0.46693441] with unbiased energy -80.76769387143469
Approximate Hessian has condition number >1e6 and cannot be reliably trusted; reverting to default behavior. 
Eigenvalues: [1.90243125e-04 1.08447128e+09]
Approximate Hessian has condition number >1e6 and cannot be reliably trusted; reverting to default behavior. 
Eigenvalues: [8.09097663e-04 1.21322650e+07]
Approximate Hessian has condition number >1e6 and cannot be reliably trusted; reverting to default behavior. 
Eigenvalues: [1.51213189e-03 8.09334129e+06]
Identified minimum at position [-0.55822363  1.44172584] with unbiased energy -146.699517209954
Simulation completed.


Energies of found minima:
Minimum 1: Position = [0.6234994  0.02803776], Energy = -108.16672411685238
Minimum 2: Position = [-0.05100437  0.46693441], Energy = -80.76769387143469
Minimum 3: Position = [-0.55822363  1.44172584], Energy = -146.699517209954

Approximate saddle points between minima:
Saddle 1: Position = [0.18060514 0.27458444], Energy = -71.90938785021619
Saddle 2: Position = [-0.81131273  0.62207507], Energy = -40.692666850293215

Computational statistics:
	Total energy calls: 12389
	Energy calls at each min: [1, 2521, 12389]
	Total force calls: 12389
	Force calls at each min: [1, 2521, 12389]
	Total steps: 12998

Verification against reference:
True minima found: 2/3
Missed minima at positions:
[-0.05001082  0.4666941 ]

Verification against reference (saddles):
True saddles found: 2/2
Starting run 103
Identified minimum at position [0.6234994  0.02803776] with unbiased energy -108.16672411685238
Identified minimum at position [-0.05005747  0.46670386] with unbiased energy -80.7678178684904
Identified minimum at position [-0.55822361  1.44172586] with unbiased energy -146.69951720995388
Simulation completed.


Energies of found minima:
Minimum 1: Position = [0.6234994  0.02803776], Energy = -108.16672411685238
Minimum 2: Position = [-0.05005747  0.46670386], Energy = -80.7678178684904
Minimum 3: Position = [-0.55822361  1.44172586], Energy = -146.69951720995388

Approximate saddle points between minima:
Saddle 1: Position = [0.3765202  0.36557177], Energy = -63.71125191096788
Saddle 2: Position = [-0.69029619  0.7026299 ], Energy = -36.55542435058087

Computational statistics:
	Total energy calls: 4872
	Energy calls at each min: [1, 1488, 4872]
	Total force calls: 4872
	Force calls at each min: [1, 1488, 4872]
	Total steps: 5133

Verification against reference:
True minima found: 3/3

Verification against reference (saddles):
True saddles found: 0/2
Missed saddles at positions:
[0.21248658 0.29298833]
[-0.82200156  0.6243128 ]
Starting run 927
Identified minimum at position [0.6234994  0.02803776] with unbiased energy -108.16672411685238
Identified minimum at position [-0.05001931  0.46669796] with unbiased energy -80.76781811514722
Identified minimum at position [-0.55822364  1.44172583] with unbiased energy -146.699517209954
Simulation completed.


Energies of found minima:
Minimum 1: Position = [0.6234994  0.02803776], Energy = -108.16672411685238
Minimum 2: Position = [-0.05001931  0.46669796], Energy = -80.76781811514722
Minimum 3: Position = [-0.55822364  1.44172583], Energy = -146.699517209954

Approximate saddle points between minima:
Saddle 1: Position = [0.0623671  0.19129787], Energy = -64.79236349653536
Saddle 2: Position = [0.47133733 0.51021593], Energy = -38.7886237059526

Computational statistics:
	Total energy calls: 4375
	Energy calls at each min: [1, 810, 4375]
	Total force calls: 4375
	Force calls at each min: [1, 810, 4375]
	Total steps: 4608

Verification against reference:
True minima found: 3/3

Verification against reference (saddles):
True saddles found: 0/2
Missed saddles at positions:
[0.21248658 0.29298833]
[-0.82200156  0.6243128 ]
