Starting run 792
Identified minimum at position [0.6234994  0.02803776] with unbiased energy -108.16672411685238
Identified minimum at position [-0.05001248  0.46669455] with unbiased energy -80.76781812929791
Identified minimum at position [-0.55822364  1.44172584] with unbiased energy -146.699517209954
Simulation completed.


Energies of found minima:
Minimum 1: Position = [0.6234994  0.02803776], Energy = -108.16672411685238
Minimum 2: Position = [-0.05001248  0.46669455], Energy = -80.76781812929791
Minimum 3: Position = [-0.55822364  1.44172584], Energy = -146.699517209954

Approximate saddle points between minima:
Saddle 1: Position = [0.19483681 0.26489568], Energy = -72.12649995626055
Saddle 2: Position = [-0.014358    0.75045415], Energy = -26.981886808395487

Computational statistics:
	Total energy calls: 5565
	Energy calls at each min: [1, 664, 5565]
	Total force calls: 5565
	Force calls at each min: [1, 664, 5565]
	Total steps: 5880

Verification against reference:
True minima found: 3/3

Verification against reference (saddles):
True saddles found: 1/2
Missed saddles at positions:
[-0.82200156  0.6243128 ]
Starting run 248
Identified minimum at position [0.6234994  0.02803776] with unbiased energy -108.16672411685238
Identified minimum at position [-0.05012465  0.46671729] with unbiased energy -80.7678165852817
Identified minimum at position [-0.55822362  1.44172586] with unbiased energy -146.69951720995385
Simulation completed.


Energies of found minima:
Minimum 1: Position = [0.6234994  0.02803776], Energy = -108.16672411685238
Minimum 2: Position = [-0.05012465  0.46671729], Energy = -80.7678165852817
Minimum 3: Position = [-0.55822362  1.44172586], Energy = -146.69951720995385

Approximate saddle points between minima:
Saddle 1: Position = [0.21751035 0.28379159], Energy = -72.29005379115975
Saddle 2: Position = [-0.87590637  0.45441692], Energy = -32.49391160375166

Computational statistics:
	Total energy calls: 3279
	Energy calls at each min: [1, 1212, 3279]
	Total force calls: 3279
	Force calls at each min: [1, 1212, 3279]
	Total steps: 3402

Verification against reference:
True minima found: 3/3

Verification against reference (saddles):
True saddles found: 1/2
Missed saddles at positions:
[-0.82200156  0.6243128 ]
Starting run 1553
Identified minimum at position [0.6234994  0.02803776] with unbiased energy -108.16672411685238
Identified minimum at position [-0.0500175   0.46669538] with unbiased energy -80.76781812441881
Identified minimum at position [-0.55822362  1.44172585] with unbiased energy -146.69951720995397
Simulation completed.


Energies of found minima:
Minimum 1: Position = [0.6234994  0.02803776], Energy = -108.16672411685238
Minimum 2: Position = [-0.0500175   0.46669538], Energy = -80.76781812441881
Minimum 3: Position = [-0.55822362  1.44172585], Energy = -146.69951720995397

Approximate saddle points between minima:
Saddle 1: Position = [ 0.93541267 -0.0263623 ], Energy = -69.33827706809038
Saddle 2: Position = [-0.79637235  0.63970974], Energy = -40.50225998490457

Computational statistics:
	Total energy calls: 1871
	Energy calls at each min: [1, 1147, 1871]
	Total force calls: 1871
	Force calls at each min: [1, 1147, 1871]
	Total steps: 1972

Verification against reference:
True minima found: 3/3

Verification against reference (saddles):
True saddles found: 1/2
Missed saddles at positions:
[0.21248658 0.29298833]
Starting run 250
Identified minimum at position [0.6234994  0.02803776] with unbiased energy -108.16672411685238
Identified minimum at position [-0.05013145  0.46671809] with unbiased energy -80.76781640496303
Identified minimum at position [-0.55822363  1.44172585] with unbiased energy -146.699517209954
Simulation completed.


Energies of found minima:
Minimum 1: Position = [0.6234994  0.02803776], Energy = -108.16672411685238
Minimum 2: Position = [-0.05013145  0.46671809], Energy = -80.76781640496303
Minimum 3: Position = [-0.55822363  1.44172585], Energy = -146.699517209954

Approximate saddle points between minima:
Saddle 1: Position = [0.30526867 0.29564756], Energy = -71.2041577069811
Saddle 2: Position = [-0.67721029  0.71516369], Energy = -35.379214709395725

Computational statistics:
	Total energy calls: 6059
	Energy calls at each min: [1, 480, 6059]
	Total force calls: 6059
	Force calls at each min: [1, 480, 6059]
	Total steps: 6329

Verification against reference:
True minima found: 3/3

Verification against reference (saddles):
True saddles found: 0/2
Missed saddles at positions:
[0.21248658 0.29298833]
[-0.82200156  0.6243128 ]
Starting run 277
Identified minimum at position [0.6234994  0.02803776] with unbiased energy -108.16672411685238
Identified minimum at position [-0.05001414  0.46669521] with unbiased energy -80.76781812800377
Identified minimum at position [-0.55822365  1.44172583] with unbiased energy -146.69951720995394
Simulation completed.


Energies of found minima:
Minimum 1: Position = [0.6234994  0.02803776], Energy = -108.16672411685238
Minimum 2: Position = [-0.05001414  0.46669521], Energy = -80.76781812800377
Minimum 3: Position = [-0.55822365  1.44172583], Energy = -146.69951720995394

Approximate saddle points between minima:
Saddle 1: Position = [0.48152185 0.31098796], Energy = -60.90810772058345
Saddle 2: Position = [-0.01837863 -0.08562607], Energy = -33.67218001614981

Computational statistics:
	Total energy calls: 5016
	Energy calls at each min: [1, 1253, 5016]
	Total force calls: 5016
	Force calls at each min: [1, 1253, 5016]
	Total steps: 5293

Verification against reference:
True minima found: 3/3

Verification against reference (saddles):
True saddles found: 0/2
Missed saddles at positions:
[0.21248658 0.29298833]
[-0.82200156  0.6243128 ]
Starting run 1413
Identified minimum at position [0.6234994  0.02803776] with unbiased energy -108.16672411685238
Identified minimum at position [-0.05001657  0.466696  ] with unbiased energy -80.76781812473988
Identified minimum at position [-0.55822364  1.44172583] with unbiased energy -146.699517209954
Simulation completed.


Energies of found minima:
Minimum 1: Position = [0.6234994  0.02803776], Energy = -108.16672411685238
Minimum 2: Position = [-0.05001657  0.466696  ], Energy = -80.76781812473988
Minimum 3: Position = [-0.55822364  1.44172583], Energy = -146.699517209954

Approximate saddle points between minima:
Saddle 1: Position = [0.21702667 0.27565503], Energy = -72.3568879940425
Saddle 2: Position = [-0.12083156  0.05942771], Energy = -39.9712911037315

Computational statistics:
	Total energy calls: 3792
	Energy calls at each min: [1, 979, 3792]
	Total force calls: 3792
	Force calls at each min: [1, 979, 3792]
	Total steps: 3996

Verification against reference:
True minima found: 3/3

Verification against reference (saddles):
True saddles found: 1/2
Missed saddles at positions:
[-0.82200156  0.6243128 ]
Starting run 807
Identified minimum at position [0.6234994  0.02803776] with unbiased energy -108.16672411685238
Identified minimum at position [-0.05031349  0.46679583] with unbiased energy -80.76780426395169
Identified minimum at position [-0.55822362  1.44172586] with unbiased energy -146.69951720995388
Simulation completed.


Energies of found minima:
Minimum 1: Position = [0.6234994  0.02803776], Energy = -108.16672411685238
Minimum 2: Position = [-0.05031349  0.46679583], Energy = -80.76780426395169
Minimum 3: Position = [-0.55822362  1.44172586], Energy = -146.69951720995388

Approximate saddle points between minima:
Saddle 1: Position = [0.35376537 0.38355231], Energy = -64.51342368290591
Saddle 2: Position = [-0.26805908  0.08434975], Energy = -27.591094776582537

Computational statistics:
	Total energy calls: 5634
	Energy calls at each min: [1, 967, 5634]
	Total force calls: 5634
	Force calls at each min: [1, 967, 5634]
	Total steps: 5938

Verification against reference:
True minima found: 3/3

Verification against reference (saddles):
True saddles found: 0/2
Missed saddles at positions:
[0.21248658 0.29298833]
[-0.82200156  0.6243128 ]
Starting run 696
Identified minimum at position [0.6234994  0.02803776] with unbiased energy -108.16672411685238
Identified minimum at position [-0.05054637  0.4668705 ] with unbiased energy -80.76777535941801
Identified minimum at position [-0.55822365  1.44172582] with unbiased energy -146.69951720995388
Simulation completed.


Energies of found minima:
Minimum 1: Position = [0.6234994  0.02803776], Energy = -108.16672411685238
Minimum 2: Position = [-0.05054637  0.4668705 ], Energy = -80.76777535941801
Minimum 3: Position = [-0.55822365  1.44172582], Energy = -146.69951720995388

Approximate saddle points between minima:
Saddle 1: Position = [0.25669426 0.36104309], Energy = -71.19607429897329
Saddle 2: Position = [0.61312339 0.57244084], Energy = -1.9892528000557803

Computational statistics:
	Total energy calls: 16260
	Energy calls at each min: [1, 1871, 16260]
	Total force calls: 16260
	Force calls at each min: [1, 1871, 16260]
	Total steps: 17098

Verification against reference:
True minima found: 3/3

Verification against reference (saddles):
True saddles found: 0/2
Missed saddles at positions:
[0.21248658 0.29298833]
[-0.82200156  0.6243128 ]
Starting run 876
Identified minimum at position [0.6234994  0.02803776] with unbiased energy -108.16672411685238
Identified minimum at position [-0.0500557   0.46670296] with unbiased energy -80.76781789140448
Identified minimum at position [-0.55822366  1.44172582] with unbiased energy -146.69951720995374
Simulation completed.


Energies of found minima:
Minimum 1: Position = [0.6234994  0.02803776], Energy = -108.16672411685238
Minimum 2: Position = [-0.0500557   0.46670296], Energy = -80.76781789140448
Minimum 3: Position = [-0.55822366  1.44172582], Energy = -146.69951720995374

Approximate saddle points between minima:
Saddle 1: Position = [0.46219062 0.26822697], Energy = -68.8471339401772
Saddle 2: Position = [-0.17369854 -0.06234032], Energy = -21.14441069192173

Computational statistics:
	Total energy calls: 7602
	Energy calls at each min: [1, 1257, 7602]
	Total force calls: 7602
	Force calls at each min: [1, 1257, 7602]
	Total steps: 7995

Verification against reference:
True minima found: 3/3

Verification against reference (saddles):
True saddles found: 0/2
Missed saddles at positions:
[0.21248658 0.29298833]
[-0.82200156  0.6243128 ]
