Starting run 568
Identified minimum at position [0.6234994  0.02803776] with unbiased energy -108.16672411685238
Identified minimum at position [-0.05002519  0.46669702] with unbiased energy -80.76781810507907
Identified minimum at position [-0.55822361  1.44172586] with unbiased energy -146.69951720995383
Simulation completed.


Energies of found minima:
Minimum 1: Position = [0.6234994  0.02803776], Energy = -108.16672411685238
Minimum 2: Position = [-0.05002519  0.46669702], Energy = -80.76781810507907
Minimum 3: Position = [-0.55822361  1.44172586], Energy = -146.69951720995383

Approximate saddle points between minima:
Saddle 1: Position = [0.23723249 0.30683166], Energy = -72.04082231438504
Saddle 2: Position = [-0.80600276  0.42008535], Energy = -33.87812276802971

Computational statistics:
	Total energy calls: 3872
	Energy calls at each min: [1, 856, 3872]
	Total force calls: 3872
	Force calls at each min: [1, 856, 3872]
	Total steps: 4077

Verification against reference:
True minima found: 3/3

Verification against reference (saddles):
True saddles found: 1/2
Missed saddles at positions:
[-0.82200156  0.6243128 ]
Starting run 587
Identified minimum at position [0.6234994  0.02803776] with unbiased energy -108.16672411685238
Identified minimum at position [-0.05002968  0.46669902] with unbiased energy -80.7678180834571
Identified minimum at position [-0.55822362  1.44172586] with unbiased energy -146.6995172099539
Simulation completed.


Energies of found minima:
Minimum 1: Position = [0.6234994  0.02803776], Energy = -108.16672411685238
Minimum 2: Position = [-0.05002968  0.46669902], Energy = -80.7678180834571
Minimum 3: Position = [-0.55822362  1.44172586], Energy = -146.6995172099539

Approximate saddle points between minima:
Saddle 1: Position = [0.42729085 0.29584357], Energy = -66.62648653426113
Saddle 2: Position = [-0.05986714  0.70995098], Energy = -39.48259016606863

Computational statistics:
	Total energy calls: 6939
	Energy calls at each min: [1, 1161, 6939]
	Total force calls: 6939
	Force calls at each min: [1, 1161, 6939]
	Total steps: 7312

Verification against reference:
True minima found: 3/3

Verification against reference (saddles):
True saddles found: 0/2
Missed saddles at positions:
[0.21248658 0.29298833]
[-0.82200156  0.6243128 ]
Starting run 1102
Identified minimum at position [0.6234994  0.02803776] with unbiased energy -108.16672411685238
Identified minimum at position [-0.05001079  0.46669411] with unbiased energy -80.76781812965892
Identified minimum at position [-0.55822363  1.44172585] with unbiased energy -146.699517209954
Simulation completed.


Energies of found minima:
Minimum 1: Position = [0.6234994  0.02803776], Energy = -108.16672411685238
Minimum 2: Position = [-0.05001079  0.46669411], Energy = -80.76781812965892
Minimum 3: Position = [-0.55822363  1.44172585], Energy = -146.699517209954

Approximate saddle points between minima:
Saddle 1: Position = [0.27711436 0.30248688], Energy = -71.49540811366583
Saddle 2: Position = [-0.87630938  0.47630503], Energy = -34.241089901796954

Computational statistics:
	Total energy calls: 2561
	Energy calls at each min: [1, 937, 2561]
	Total force calls: 2561
	Force calls at each min: [1, 937, 2561]
	Total steps: 2700

Verification against reference:
True minima found: 3/3

Verification against reference (saddles):
True saddles found: 0/2
Missed saddles at positions:
[0.21248658 0.29298833]
[-0.82200156  0.6243128 ]
Starting run 1617
Identified minimum at position [0.6234994  0.02803776] with unbiased energy -108.16672411685238
Identified minimum at position [-0.05053606  0.46687073] with unbiased energy -80.76777635107007
Identified minimum at position [-0.55822364  1.44172583] with unbiased energy -146.69951720995397
Simulation completed.


Energies of found minima:
Minimum 1: Position = [0.6234994  0.02803776], Energy = -108.16672411685238
Minimum 2: Position = [-0.05053606  0.46687073], Energy = -80.76777635107007
Minimum 3: Position = [-0.55822364  1.44172583], Energy = -146.69951720995397

Approximate saddle points between minima:
Saddle 1: Position = [ 0.02827604 -0.01085749], Energy = -50.59162458040075
Saddle 2: Position = [-0.72913431  0.68642271], Energy = -38.24228480370483

Computational statistics:
	Total energy calls: 4356
	Energy calls at each min: [1, 1436, 4356]
	Total force calls: 4356
	Force calls at each min: [1, 1436, 4356]
	Total steps: 4585

Verification against reference:
True minima found: 3/3

Verification against reference (saddles):
True saddles found: 0/2
Missed saddles at positions:
[0.21248658 0.29298833]
[-0.82200156  0.6243128 ]
Starting run 736
Identified minimum at position [0.6234994  0.02803776] with unbiased energy -108.16672411685238
Identified minimum at position [-0.05013245  0.46671846] with unbiased energy -80.7678163734156
Identified minimum at position [-0.55822365  1.44172583] with unbiased energy -146.69951720995394
Simulation completed.


Energies of found minima:
Minimum 1: Position = [0.6234994  0.02803776], Energy = -108.16672411685238
Minimum 2: Position = [-0.05013245  0.46671846], Energy = -80.7678163734156
Minimum 3: Position = [-0.55822365  1.44172583], Energy = -146.69951720995394

Approximate saddle points between minima:
Saddle 1: Position = [0.24835448 0.33833222], Energy = -71.62147677581746
Saddle 2: Position = [-0.7853646   0.46241268], Energy = -38.86289502031197

Computational statistics:
	Total energy calls: 4635
	Energy calls at each min: [1, 1204, 4635]
	Total force calls: 4635
	Force calls at each min: [1, 1204, 4635]
	Total steps: 4838

Verification against reference:
True minima found: 3/3

Verification against reference (saddles):
True saddles found: 0/2
Missed saddles at positions:
[0.21248658 0.29298833]
[-0.82200156  0.6243128 ]
Starting run 377
Identified minimum at position [0.6234994  0.02803776] with unbiased energy -108.16672411685238
Identified minimum at position [-0.05347618  0.46717465] with unbiased energy -80.76646360242792
Identified minimum at position [-0.55822362  1.44172586] with unbiased energy -146.6995172099539
Simulation completed.


Energies of found minima:
Minimum 1: Position = [0.6234994  0.02803776], Energy = -108.16672411685238
Minimum 2: Position = [-0.05347618  0.46717465], Energy = -80.76646360242792
Minimum 3: Position = [-0.55822362  1.44172586], Energy = -146.6995172099539

Approximate saddle points between minima:
Saddle 1: Position = [0.30951125 0.32578316], Energy = -69.71345093628457
Saddle 2: Position = [0.38070381 0.61493008], Energy = -32.972134278272065

Computational statistics:
	Total energy calls: 12699
	Energy calls at each min: [1, 1716, 12699]
	Total force calls: 12699
	Force calls at each min: [1, 1716, 12699]
	Total steps: 13368

Verification against reference:
True minima found: 2/3
Missed minima at positions:
[-0.05001082  0.4666941 ]

Verification against reference (saddles):
True saddles found: 0/2
Missed saddles at positions:
[0.21248658 0.29298833]
[-0.82200156  0.6243128 ]
Starting run 240
Identified minimum at position [0.6234994  0.02803776] with unbiased energy -108.16672411685238
Identified minimum at position [-0.05001215  0.46669445] with unbiased energy -80.76781812942983
Identified minimum at position [-0.55822362  1.44172586] with unbiased energy -146.6995172099539
Simulation completed.


Energies of found minima:
Minimum 1: Position = [0.6234994  0.02803776], Energy = -108.16672411685238
Minimum 2: Position = [-0.05001215  0.46669445], Energy = -80.76781812942983
Minimum 3: Position = [-0.55822362  1.44172586], Energy = -146.6995172099539

Approximate saddle points between minima:
Saddle 1: Position = [0.21377369 0.29837575], Energy = -72.2510805851935
Saddle 2: Position = [-0.91963858  0.50385362], Energy = -34.33026383711392

Computational statistics:
	Total energy calls: 4434
	Energy calls at each min: [1, 882, 4434]
	Total force calls: 4434
	Force calls at each min: [1, 882, 4434]
	Total steps: 4664

Verification against reference:
True minima found: 3/3

Verification against reference (saddles):
True saddles found: 1/2
Missed saddles at positions:
[-0.82200156  0.6243128 ]
Starting run 1135
Identified minimum at position [0.6234994  0.02803776] with unbiased energy -108.16672411685238
Identified minimum at position [-0.05001445  0.46669506] with unbiased energy -80.76781812793922
Identified minimum at position [-0.55822362  1.44172585] with unbiased energy -146.69951720995397
Simulation completed.


Energies of found minima:
Minimum 1: Position = [0.6234994  0.02803776], Energy = -108.16672411685238
Minimum 2: Position = [-0.05001445  0.46669506], Energy = -80.76781812793922
Minimum 3: Position = [-0.55822362  1.44172585], Energy = -146.69951720995397

Approximate saddle points between minima:
Saddle 1: Position = [0.19867369 0.27793126], Energy = -72.16734137551641
Saddle 2: Position = [-0.83927782  0.60904466], Energy = -40.540273010166764

Computational statistics:
	Total energy calls: 7362
	Energy calls at each min: [1, 2535, 7362]
	Total force calls: 7362
	Force calls at each min: [1, 2535, 7362]
	Total steps: 7728

Verification against reference:
True minima found: 3/3

Verification against reference (saddles):
True saddles found: 2/2
Starting run 778
Identified minimum at position [0.6234994  0.02803776] with unbiased energy -108.16672411685238
Identified minimum at position [-0.05021201  0.4667324 ] with unbiased energy -80.76781337781856
Identified minimum at position [-0.55822365  1.44172582] with unbiased energy -146.6995172099539
Simulation completed.


Energies of found minima:
Minimum 1: Position = [0.6234994  0.02803776], Energy = -108.16672411685238
Minimum 2: Position = [-0.05021201  0.4667324 ], Energy = -80.76781337781856
Minimum 3: Position = [-0.55822365  1.44172582], Energy = -146.6995172099539

Approximate saddle points between minima:
Saddle 1: Position = [0.09460478 0.08520963], Energy = -65.49283870092893
Saddle 2: Position = [0.65425682 0.47109808], Energy = -10.627397808212663

Computational statistics:
	Total energy calls: 7197
	Energy calls at each min: [1, 1265, 7197]
	Total force calls: 7197
	Force calls at each min: [1, 1265, 7197]
	Total steps: 7597

Verification against reference:
True minima found: 3/3

Verification against reference (saddles):
True saddles found: 0/2
Missed saddles at positions:
[0.21248658 0.29298833]
[-0.82200156  0.6243128 ]
