Starting run 561
Identified minimum at position [0.6234994  0.02803776] with unbiased energy -108.16672411685238
Identified minimum at position [-0.05187236  0.46714418] with unbiased energy -80.76738186376483
Identified minimum at position [-0.55822362  1.44172586] with unbiased energy -146.6995172099539
Simulation completed.


Energies of found minima:
Minimum 1: Position = [0.6234994  0.02803776], Energy = -108.16672411685238
Minimum 2: Position = [-0.05187236  0.46714418], Energy = -80.76738186376483
Minimum 3: Position = [-0.55822362  1.44172586], Energy = -146.6995172099539

Approximate saddle points between minima:
Saddle 1: Position = [0.31200046 0.41624645], Energy = -66.4825429930036
Saddle 2: Position = [-0.82599062  0.58070712], Energy = -40.491245361944834

Computational statistics:
	Total energy calls: 4651
	Energy calls at each min: [1, 905, 4651]
	Total force calls: 4651
	Force calls at each min: [1, 905, 4651]
	Total steps: 4903

Verification against reference:
True minima found: 2/3
Missed minima at positions:
[-0.05001082  0.4666941 ]

Verification against reference (saddles):
True saddles found: 1/2
Missed saddles at positions:
[0.21248658 0.29298833]
Starting run 552
Identified minimum at position [0.6234994  0.02803776] with unbiased energy -108.16672411685238
Identified minimum at position [-0.05013465  0.46672246] with unbiased energy -80.76781623799242
Identified minimum at position [-0.55822362  1.44172586] with unbiased energy -146.69951720995388
Simulation completed.


Energies of found minima:
Minimum 1: Position = [0.6234994  0.02803776], Energy = -108.16672411685238
Minimum 2: Position = [-0.05013465  0.46672246], Energy = -80.76781623799242
Minimum 3: Position = [-0.55822362  1.44172586], Energy = -146.69951720995388

Approximate saddle points between minima:
Saddle 1: Position = [0.80142131 0.17178774], Energy = -65.02291966113566
Saddle 2: Position = [-0.17401359  0.07901486], Energy = -36.09605182688033

Computational statistics:
	Total energy calls: 8328
	Energy calls at each min: [1, 1952, 8328]
	Total force calls: 8328
	Force calls at each min: [1, 1952, 8328]
	Total steps: 8765

Verification against reference:
True minima found: 3/3

Verification against reference (saddles):
True saddles found: 0/2
Missed saddles at positions:
[0.21248658 0.29298833]
[-0.82200156  0.6243128 ]
Starting run 243
Identified minimum at position [0.6234994  0.02803776] with unbiased energy -108.16672411685238
Identified minimum at position [-0.05008682  0.46674159] with unbiased energy -80.76781633803341
Identified minimum at position [-0.55822366  1.44172582] with unbiased energy -146.69951720995383
Simulation completed.


Energies of found minima:
Minimum 1: Position = [0.6234994  0.02803776], Energy = -108.16672411685238
Minimum 2: Position = [-0.05008682  0.46674159], Energy = -80.76781633803341
Minimum 3: Position = [-0.55822366  1.44172582], Energy = -146.69951720995383

Approximate saddle points between minima:
Saddle 1: Position = [0.43941562 0.2891178 ], Energy = -66.85058367956994
Saddle 2: Position = [-0.38739927  0.21688711], Energy = -34.37198283850955

Computational statistics:
	Total energy calls: 5512
	Energy calls at each min: [1, 1860, 5512]
	Total force calls: 5512
	Force calls at each min: [1, 1860, 5512]
	Total steps: 5804

Verification against reference:
True minima found: 3/3

Verification against reference (saddles):
True saddles found: 0/2
Missed saddles at positions:
[0.21248658 0.29298833]
[-0.82200156  0.6243128 ]
Starting run 419
Identified minimum at position [0.6234994  0.02803776] with unbiased energy -108.16672411685238
Identified minimum at position [-0.05003796  0.4666984 ] with unbiased energy -80.76781804563082
Identified minimum at position [-0.55822362  1.44172585] with unbiased energy -146.6995172099539
Simulation completed.


Energies of found minima:
Minimum 1: Position = [0.6234994  0.02803776], Energy = -108.16672411685238
Minimum 2: Position = [-0.05003796  0.4666984 ], Energy = -80.76781804563082
Minimum 3: Position = [-0.55822362  1.44172585], Energy = -146.6995172099539

Approximate saddle points between minima:
Saddle 1: Position = [0.80651361 0.1552012 ], Energy = -70.14175512092693
Saddle 2: Position = [ 1.04070433 -0.02344226], Energy = -36.203391795295204

Computational statistics:
	Total energy calls: 6205
	Energy calls at each min: [1, 1252, 6205]
	Total force calls: 6205
	Force calls at each min: [1, 1252, 6205]
	Total steps: 6544

Verification against reference:
True minima found: 3/3

Verification against reference (saddles):
True saddles found: 0/2
Missed saddles at positions:
[0.21248658 0.29298833]
[-0.82200156  0.6243128 ]
Starting run 22
Identified minimum at position [0.6234994  0.02803776] with unbiased energy -108.16672411685238
Identified minimum at position [-0.05114324  0.46694339] with unbiased energy -80.76766189126548
Identified minimum at position [-0.55822365  1.44172583] with unbiased energy -146.69951720995397
Simulation completed.


Energies of found minima:
Minimum 1: Position = [0.6234994  0.02803776], Energy = -108.16672411685238
Minimum 2: Position = [-0.05114324  0.46694339], Energy = -80.76766189126548
Minimum 3: Position = [-0.55822365  1.44172583], Energy = -146.69951720995397

Approximate saddle points between minima:
Saddle 1: Position = [0.14058244 0.19727175], Energy = -70.16432468409636
Saddle 2: Position = [0.38472831 0.61650429], Energy = -32.082119375295676

Computational statistics:
	Total energy calls: 16343
	Energy calls at each min: [1, 1807, 16343]
	Total force calls: 16343
	Force calls at each min: [1, 1807, 16343]
	Total steps: 17173

Verification against reference:
True minima found: 2/3
Missed minima at positions:
[-0.05001082  0.4666941 ]

Verification against reference (saddles):
True saddles found: 0/2
Missed saddles at positions:
[0.21248658 0.29298833]
[-0.82200156  0.6243128 ]
Starting run 705
Identified minimum at position [0.6234994  0.02803776] with unbiased energy -108.16672411685238
Identified minimum at position [-0.05010554  0.46671721] with unbiased energy -80.76781699698688
Identified minimum at position [-0.55822365  1.44172583] with unbiased energy -146.69951720995397
Simulation completed.


Energies of found minima:
Minimum 1: Position = [0.6234994  0.02803776], Energy = -108.16672411685238
Minimum 2: Position = [-0.05010554  0.46671721], Energy = -80.76781699698688
Minimum 3: Position = [-0.55822365  1.44172583], Energy = -146.69951720995397

Approximate saddle points between minima:
Saddle 1: Position = [0.07592903 0.15451188], Energy = -64.97116911030521
Saddle 2: Position = [-0.79144192  0.63350664], Energy = -40.60166899954291

Computational statistics:
	Total energy calls: 4074
	Energy calls at each min: [1, 1848, 4074]
	Total force calls: 4074
	Force calls at each min: [1, 1848, 4074]
	Total steps: 4293

Verification against reference:
True minima found: 3/3

Verification against reference (saddles):
True saddles found: 1/2
Missed saddles at positions:
[0.21248658 0.29298833]
Starting run 764
Identified minimum at position [0.6234994  0.02803776] with unbiased energy -108.16672411685238
Identified minimum at position [-0.05001371  0.46669468] with unbiased energy -80.76781812867131
Identified minimum at position [-0.55822366  1.44172582] with unbiased energy -146.6995172099538
Simulation completed.


Energies of found minima:
Minimum 1: Position = [0.6234994  0.02803776], Energy = -108.16672411685238
Minimum 2: Position = [-0.05001371  0.46669468], Energy = -80.76781812867131
Minimum 3: Position = [-0.55822366  1.44172582], Energy = -146.6995172099538

Approximate saddle points between minima:
Saddle 1: Position = [0.28480752 0.34935381], Energy = -70.07760030171826
Saddle 2: Position = [-0.81818473  0.45611201], Energy = -36.19699129560598

Computational statistics:
	Total energy calls: 3034
	Energy calls at each min: [1, 466, 3034]
	Total force calls: 3034
	Force calls at each min: [1, 466, 3034]
	Total steps: 3197

Verification against reference:
True minima found: 3/3

Verification against reference (saddles):
True saddles found: 0/2
Missed saddles at positions:
[0.21248658 0.29298833]
[-0.82200156  0.6243128 ]
Starting run 10
Identified minimum at position [0.6234994  0.02803776] with unbiased energy -108.16672411685238
Identified minimum at position [-0.05030618  0.46675788] with unbiased energy -80.76780756494142
Identified minimum at position [-0.55822364  1.44172583] with unbiased energy -146.69951720995397
Simulation completed.


Energies of found minima:
Minimum 1: Position = [0.6234994  0.02803776], Energy = -108.16672411685238
Minimum 2: Position = [-0.05030618  0.46675788], Energy = -80.76780756494142
Minimum 3: Position = [-0.55822364  1.44172583], Energy = -146.69951720995397

Approximate saddle points between minima:
Saddle 1: Position = [0.20785907 0.30238439], Energy = -72.28807607203869
Saddle 2: Position = [0.15546525 0.69339869], Energy = -34.97465508058031

Computational statistics:
	Total energy calls: 18300
	Energy calls at each min: [1, 1966, 18300]
	Total force calls: 18300
	Force calls at each min: [1, 1966, 18300]
	Total steps: 19201

Verification against reference:
True minima found: 3/3

Verification against reference (saddles):
True saddles found: 1/2
Missed saddles at positions:
[-0.82200156  0.6243128 ]
Starting run 1512
Identified minimum at position [0.6234994  0.02803776] with unbiased energy -108.16672411685238
Identified minimum at position [-0.05003033  0.466698  ] with unbiased energy -80.76781808452023
Identified minimum at position [-0.55822362  1.44172586] with unbiased energy -146.6995172099539
Simulation completed.


Energies of found minima:
Minimum 1: Position = [0.6234994  0.02803776], Energy = -108.16672411685238
Minimum 2: Position = [-0.05003033  0.466698  ], Energy = -80.76781808452023
Minimum 3: Position = [-0.55822362  1.44172586], Energy = -146.6995172099539

Approximate saddle points between minima:
Saddle 1: Position = [0.14973839 0.29423254], Energy = -71.91252805526507
Saddle 2: Position = [-0.81451149  0.61497301], Energy = -40.71369912165396

Computational statistics:
	Total energy calls: 5972
	Energy calls at each min: [1, 1314, 5972]
	Total force calls: 5972
	Force calls at each min: [1, 1314, 5972]
	Total steps: 6288

Verification against reference:
True minima found: 3/3

Verification against reference (saddles):
True saddles found: 1/2
Missed saddles at positions:
[0.21248658 0.29298833]
