Starting run 956
Identified minimum at position [0.6234994  0.02803776] with unbiased energy -108.16672411685238
Identified minimum at position [-0.05023369  0.46672435] with unbiased energy -80.76781253353475
Identified minimum at position [-0.55822363  1.44172585] with unbiased energy -146.699517209954
Simulation completed.


Energies of found minima:
Minimum 1: Position = [0.6234994  0.02803776], Energy = -108.16672411685238
Minimum 2: Position = [-0.05023369  0.46672435], Energy = -80.76781253353475
Minimum 3: Position = [-0.55822363  1.44172585], Energy = -146.699517209954

Approximate saddle points between minima:
Saddle 1: Position = [0.53236698 0.31193108], Energy = -56.19484079480901
Saddle 2: Position = [-0.42066522  0.03317257], Energy = -9.68121734887924

Computational statistics:
	Total energy calls: 6673
	Energy calls at each min: [1, 1752, 6673]
	Total force calls: 6673
	Force calls at each min: [1, 1752, 6673]
	Total steps: 7049

Verification against reference:
True minima found: 3/3

Verification against reference (saddles):
True saddles found: 0/2
Missed saddles at positions:
[0.21248658 0.29298833]
[-0.82200156  0.6243128 ]
Starting run 475
Identified minimum at position [0.6234994  0.02803776] with unbiased energy -108.16672411685238
Identified minimum at position [-0.05002856  0.46669856] with unbiased energy -80.7678180894362
Identified minimum at position [-0.55822362  1.44172585] with unbiased energy -146.69951720995397
Simulation completed.


Energies of found minima:
Minimum 1: Position = [0.6234994  0.02803776], Energy = -108.16672411685238
Minimum 2: Position = [-0.05002856  0.46669856], Energy = -80.7678180894362
Minimum 3: Position = [-0.55822362  1.44172585], Energy = -146.69951720995397

Approximate saddle points between minima:
Saddle 1: Position = [0.03170668 0.12724191], Energy = -60.12586572963573
Saddle 2: Position = [-0.68734578  0.74161992], Energy = -34.15426182374343

Computational statistics:
	Total energy calls: 4848
	Energy calls at each min: [1, 1115, 4848]
	Total force calls: 4848
	Force calls at each min: [1, 1115, 4848]
	Total steps: 5116

Verification against reference:
True minima found: 3/3

Verification against reference (saddles):
True saddles found: 0/2
Missed saddles at positions:
[0.21248658 0.29298833]
[-0.82200156  0.6243128 ]
Starting run 1260
Identified minimum at position [0.6234994  0.02803776] with unbiased energy -108.16672411685238
Identified minimum at position [-0.05001169  0.46669432] with unbiased energy -80.76781812956487
Identified minimum at position [-0.55822365  1.44172582] with unbiased energy -146.69951720995388
Simulation completed.


Energies of found minima:
Minimum 1: Position = [0.6234994  0.02803776], Energy = -108.16672411685238
Minimum 2: Position = [-0.05001169  0.46669432], Energy = -80.76781812956487
Minimum 3: Position = [-0.55822365  1.44172582], Energy = -146.69951720995388

Approximate saddle points between minima:
Saddle 1: Position = [0.06522139 0.11722273], Energy = -63.18239133645758
Saddle 2: Position = [-0.45727459  0.70972936], Energy = -36.62284807041772

Computational statistics:
	Total energy calls: 5001
	Energy calls at each min: [1, 886, 5001]
	Total force calls: 5001
	Force calls at each min: [1, 886, 5001]
	Total steps: 5277

Verification against reference:
True minima found: 3/3

Verification against reference (saddles):
True saddles found: 0/2
Missed saddles at positions:
[0.21248658 0.29298833]
[-0.82200156  0.6243128 ]
Starting run 306
Identified minimum at position [0.6234994  0.02803776] with unbiased energy -108.16672411685238
Identified minimum at position [-0.05001247  0.46669454] with unbiased energy -80.7678181293021
Identified minimum at position [-0.55822364  1.44172583] with unbiased energy -146.699517209954
Simulation completed.


Energies of found minima:
Minimum 1: Position = [0.6234994  0.02803776], Energy = -108.16672411685238
Minimum 2: Position = [-0.05001247  0.46669454], Energy = -80.7678181293021
Minimum 3: Position = [-0.55822364  1.44172583], Energy = -146.699517209954

Approximate saddle points between minima:
Saddle 1: Position = [0.21057734 0.27990722], Energy = -72.27257773633877
Saddle 2: Position = [0.4697638  0.55359243], Energy = -32.199126713521125

Computational statistics:
	Total energy calls: 3630
	Energy calls at each min: [1, 408, 3630]
	Total force calls: 3630
	Force calls at each min: [1, 408, 3630]
	Total steps: 3831

Verification against reference:
True minima found: 3/3

Verification against reference (saddles):
True saddles found: 1/2
Missed saddles at positions:
[-0.82200156  0.6243128 ]
Starting run 1119
Identified minimum at position [0.6234994  0.02803776] with unbiased energy -108.16672411685238
Identified minimum at position [-0.05002297  0.46669661] with unbiased energy -80.76781811201766
Identified minimum at position [-0.55822362  1.44172586] with unbiased energy -146.6995172099539
Simulation completed.


Energies of found minima:
Minimum 1: Position = [0.6234994  0.02803776], Energy = -108.16672411685238
Minimum 2: Position = [-0.05002297  0.46669661], Energy = -80.76781811201766
Minimum 3: Position = [-0.55822362  1.44172586], Energy = -146.6995172099539

Approximate saddle points between minima:
Saddle 1: Position = [ 0.97087228 -0.01016437], Energy = -61.77973123917286
Saddle 2: Position = [-0.7976556   0.40736282], Energy = -33.167667078278654

Computational statistics:
	Total energy calls: 3000
	Energy calls at each min: [1, 1273, 3000]
	Total force calls: 3000
	Force calls at each min: [1, 1273, 3000]
	Total steps: 3165

Verification against reference:
True minima found: 3/3

Verification against reference (saddles):
True saddles found: 0/2
Missed saddles at positions:
[0.21248658 0.29298833]
[-0.82200156  0.6243128 ]
Starting run 1079
Identified minimum at position [0.6234994  0.02803776] with unbiased energy -108.16672411685238
Identified minimum at position [-0.05013527  0.46671974] with unbiased energy -80.76781627832729
Identified minimum at position [-0.55822365  1.44172583] with unbiased energy -146.69951720995394
Simulation completed.


Energies of found minima:
Minimum 1: Position = [0.6234994  0.02803776], Energy = -108.16672411685238
Minimum 2: Position = [-0.05013527  0.46671974], Energy = -80.76781627832729
Minimum 3: Position = [-0.55822365  1.44172583], Energy = -146.69951720995394

Approximate saddle points between minima:
Saddle 1: Position = [ 0.69451535 -0.12640015], Energy = -69.93082187045924
Saddle 2: Position = [-0.6253574   0.23961121], Energy = -21.47664312366957

Computational statistics:
	Total energy calls: 6313
	Energy calls at each min: [1, 1335, 6313]
	Total force calls: 6313
	Force calls at each min: [1, 1335, 6313]
	Total steps: 6645

Verification against reference:
True minima found: 3/3

Verification against reference (saddles):
True saddles found: 0/2
Missed saddles at positions:
[0.21248658 0.29298833]
[-0.82200156  0.6243128 ]
Starting run 478
Identified minimum at position [0.6234994  0.02803776] with unbiased energy -108.16672411685238
Identified minimum at position [-0.05002499  0.46669696] with unbiased energy -80.76781810579888
Identified minimum at position [-0.55822362  1.44172585] with unbiased energy -146.69951720995397
Simulation completed.


Energies of found minima:
Minimum 1: Position = [0.6234994  0.02803776], Energy = -108.16672411685238
Minimum 2: Position = [-0.05002499  0.46669696], Energy = -80.76781810579888
Minimum 3: Position = [-0.55822362  1.44172585], Energy = -146.69951720995397

Approximate saddle points between minima:
Saddle 1: Position = [0.14332689 0.10141908], Energy = -71.04462431016955
Saddle 2: Position = [-0.41937254  0.8054665 ], Energy = -18.633166593761427

Computational statistics:
	Total energy calls: 8000
	Energy calls at each min: [1, 885, 8000]
	Total force calls: 8000
	Force calls at each min: [1, 885, 8000]
	Total steps: 8429

Verification against reference:
True minima found: 3/3

Verification against reference (saddles):
True saddles found: 0/2
Missed saddles at positions:
[0.21248658 0.29298833]
[-0.82200156  0.6243128 ]
Starting run 99
Identified minimum at position [0.6234994  0.02803776] with unbiased energy -108.16672411685238
Identified minimum at position [-0.05001381  0.46669472] with unbiased energy -80.76781812859048
Identified minimum at position [-0.55822363  1.44172585] with unbiased energy -146.699517209954
Simulation completed.


Energies of found minima:
Minimum 1: Position = [0.6234994  0.02803776], Energy = -108.16672411685238
Minimum 2: Position = [-0.05001381  0.46669472], Energy = -80.76781812859048
Minimum 3: Position = [-0.55822363  1.44172585], Energy = -146.699517209954

Approximate saddle points between minima:
Saddle 1: Position = [0.23903862 0.30696224], Energy = -72.01656807145466
Saddle 2: Position = [-0.82884304  0.51367717], Energy = -38.883074345287866

Computational statistics:
	Total energy calls: 3087
	Energy calls at each min: [1, 1271, 3087]
	Total force calls: 3087
	Force calls at each min: [1, 1271, 3087]
	Total steps: 3250

Verification against reference:
True minima found: 3/3

Verification against reference (saddles):
True saddles found: 1/2
Missed saddles at positions:
[-0.82200156  0.6243128 ]
Starting run 597
Identified minimum at position [0.6234994  0.02803776] with unbiased energy -108.16672411685238
Identified minimum at position [-0.05001242  0.46669443] with unbiased energy -80.76781812935474
Identified minimum at position [-0.55822364  1.44172583] with unbiased energy -146.699517209954
Simulation completed.


Energies of found minima:
Minimum 1: Position = [0.6234994  0.02803776], Energy = -108.16672411685238
Minimum 2: Position = [-0.05001242  0.46669443], Energy = -80.76781812935474
Minimum 3: Position = [-0.55822364  1.44172583], Energy = -146.699517209954

Approximate saddle points between minima:
Saddle 1: Position = [0.95468273 0.0074675 ], Energy = -67.64538169501952
Saddle 2: Position = [ 1.07774711 -0.06052979], Energy = -12.595944698381317

Computational statistics:
	Total energy calls: 5204
	Energy calls at each min: [1, 1277, 5204]
	Total force calls: 5204
	Force calls at each min: [1, 1277, 5204]
	Total steps: 5495

Verification against reference:
True minima found: 3/3

Verification against reference (saddles):
True saddles found: 0/2
Missed saddles at positions:
[0.21248658 0.29298833]
[-0.82200156  0.6243128 ]
