Starting run 832
Identified minimum at position [0.6234994  0.02803776] with unbiased energy -108.16672411685238
Identified minimum at position [-0.05002959  0.4666981 ] with unbiased energy -80.76781808719375
Identified minimum at position [-0.55822363  1.44172584] with unbiased energy -146.69951720995402
Simulation completed.


Energies of found minima:
Minimum 1: Position = [0.6234994  0.02803776], Energy = -108.16672411685238
Minimum 2: Position = [-0.05002959  0.4666981 ], Energy = -80.76781808719375
Minimum 3: Position = [-0.55822363  1.44172584], Energy = -146.69951720995402

Approximate saddle points between minima:
Saddle 1: Position = [0.24419043 0.30089486], Energy = -72.0232399593027
Saddle 2: Position = [-0.83142315  0.63708603], Energy = -40.75556959396049

Computational statistics:
	Total energy calls: 11366
	Energy calls at each min: [1, 2204, 11366]
	Total force calls: 11366
	Force calls at each min: [1, 2204, 11366]
	Total steps: 11946

Verification against reference:
True minima found: 3/3

Verification against reference (saddles):
True saddles found: 2/2
Starting run 981
Identified minimum at position [0.6234994  0.02803776] with unbiased energy -108.16672411685238
Identified minimum at position [-0.05483528  0.46724863] with unbiased energy -80.76521228210821
Identified minimum at position [-0.55822364  1.44172584] with unbiased energy -146.699517209954
Simulation completed.


Energies of found minima:
Minimum 1: Position = [0.6234994  0.02803776], Energy = -108.16672411685238
Minimum 2: Position = [-0.05483528  0.46724863], Energy = -80.76521228210821
Minimum 3: Position = [-0.55822364  1.44172584], Energy = -146.699517209954

Approximate saddle points between minima:
Saddle 1: Position = [0.23360451 0.35647025], Energy = -72.13425488772205
Saddle 2: Position = [-0.80542979  0.63672473], Energy = -40.57307859680212

Computational statistics:
	Total energy calls: 15588
	Energy calls at each min: [1, 2664, 15588]
	Total force calls: 15588
	Force calls at each min: [1, 2664, 15588]
	Total steps: 16363

Verification against reference:
True minima found: 2/3
Missed minima at positions:
[-0.05001082  0.4666941 ]

Verification against reference (saddles):
True saddles found: 1/2
Missed saddles at positions:
[0.21248658 0.29298833]
Starting run 210
Identified minimum at position [0.6234994  0.02803776] with unbiased energy -108.16672411685238
Identified minimum at position [-0.05012726  0.46673054] with unbiased energy -80.76781617927882
Approximate Hessian has condition number >1e6 and cannot be reliably trusted; reverting to default behavior. 
Eigenvalues: [8.29958444e-04 1.05995744e+07]
Identified minimum at position [-0.55822365  1.44172583] with unbiased energy -146.69951720995394
Simulation completed.


Energies of found minima:
Minimum 1: Position = [0.6234994  0.02803776], Energy = -108.16672411685238
Minimum 2: Position = [-0.05012726  0.46673054], Energy = -80.76781617927882
Minimum 3: Position = [-0.55822365  1.44172583], Energy = -146.69951720995394

Approximate saddle points between minima:
Saddle 1: Position = [0.40922679 0.29410033], Energy = -67.75852347999881
Saddle 2: Position = [0.54728672 0.51587487], Energy = -25.061537509693792

Computational statistics:
	Total energy calls: 12529
	Energy calls at each min: [1, 1522, 12529]
	Total force calls: 12529
	Force calls at each min: [1, 1522, 12529]
	Total steps: 13175

Verification against reference:
True minima found: 3/3

Verification against reference (saddles):
True saddles found: 0/2
Missed saddles at positions:
[0.21248658 0.29298833]
[-0.82200156  0.6243128 ]
Starting run 684
Identified minimum at position [0.6234994  0.02803776] with unbiased energy -108.16672411685238
Identified minimum at position [-0.05001575  0.4666952 ] with unbiased energy -80.76781812669577
Identified minimum at position [-0.55822362  1.44172586] with unbiased energy -146.6995172099539
Simulation completed.


Energies of found minima:
Minimum 1: Position = [0.6234994  0.02803776], Energy = -108.16672411685238
Minimum 2: Position = [-0.05001575  0.4666952 ], Energy = -80.76781812669577
Minimum 3: Position = [-0.55822362  1.44172586], Energy = -146.6995172099539

Approximate saddle points between minima:
Saddle 1: Position = [0.11687365 0.26829078], Energy = -70.30396178596465
Saddle 2: Position = [-0.85879695  0.58400957], Energy = -39.91389296420073

Computational statistics:
	Total energy calls: 5096
	Energy calls at each min: [1, 1086, 5096]
	Total force calls: 5096
	Force calls at each min: [1, 1086, 5096]
	Total steps: 5364

Verification against reference:
True minima found: 3/3

Verification against reference (saddles):
True saddles found: 0/2
Missed saddles at positions:
[0.21248658 0.29298833]
[-0.82200156  0.6243128 ]
Starting run 1280
Identified minimum at position [0.6234994  0.02803776] with unbiased energy -108.16672411685238
Identified minimum at position [-0.05021728  0.46672772] with unbiased energy -80.76781325053494
Identified minimum at position [-0.55822365  1.44172583] with unbiased energy -146.69951720995397
Simulation completed.


Energies of found minima:
Minimum 1: Position = [0.6234994  0.02803776], Energy = -108.16672411685238
Minimum 2: Position = [-0.05021728  0.46672772], Energy = -80.76781325053494
Minimum 3: Position = [-0.55822365  1.44172583], Energy = -146.69951720995397

Approximate saddle points between minima:
Saddle 1: Position = [0.62176691 0.23497669], Energy = -65.79709498760062
Saddle 2: Position = [-0.01430238 -0.13460051], Energy = -24.149607882421513

Computational statistics:
	Total energy calls: 6304
	Energy calls at each min: [1, 1122, 6304]
	Total force calls: 6304
	Force calls at each min: [1, 1122, 6304]
	Total steps: 6655

Verification against reference:
True minima found: 3/3

Verification against reference (saddles):
True saddles found: 0/2
Missed saddles at positions:
[0.21248658 0.29298833]
[-0.82200156  0.6243128 ]
Starting run 1105
Identified minimum at position [0.6234994  0.02803776] with unbiased energy -108.16672411685238
Identified minimum at position [-0.05001167  0.46669435] with unbiased energy -80.76781812956065
Identified minimum at position [-0.55822365  1.44172583] with unbiased energy -146.69951720995394
Simulation completed.


Energies of found minima:
Minimum 1: Position = [0.6234994  0.02803776], Energy = -108.16672411685238
Minimum 2: Position = [-0.05001167  0.46669435], Energy = -80.76781812956065
Minimum 3: Position = [-0.55822365  1.44172583], Energy = -146.69951720995394

Approximate saddle points between minima:
Saddle 1: Position = [0.77771653 0.16991048], Energy = -69.41739968178345
Saddle 2: Position = [0.72525903 0.29652387], Energy = -33.78893786318362

Computational statistics:
	Total energy calls: 3668
	Energy calls at each min: [1, 1282, 3668]
	Total force calls: 3668
	Force calls at each min: [1, 1282, 3668]
	Total steps: 3867

Verification against reference:
True minima found: 3/3

Verification against reference (saddles):
True saddles found: 0/2
Missed saddles at positions:
[0.21248658 0.29298833]
[-0.82200156  0.6243128 ]
Starting run 256
Identified minimum at position [0.6234994  0.02803776] with unbiased energy -108.16672411685238
Identified minimum at position [-0.05001461  0.46669489] with unbiased energy -80.76781812794576
Identified minimum at position [-0.55822362  1.44172585] with unbiased energy -146.6995172099539
Simulation completed.


Energies of found minima:
Minimum 1: Position = [0.6234994  0.02803776], Energy = -108.16672411685238
Minimum 2: Position = [-0.05001461  0.46669489], Energy = -80.76781812794576
Minimum 3: Position = [-0.55822362  1.44172585], Energy = -146.6995172099539

Approximate saddle points between minima:
Saddle 1: Position = [0.14474947 0.12398052], Energy = -71.15066494287677
Saddle 2: Position = [0.04065957 0.728752  ], Energy = -31.105266859468948

Computational statistics:
	Total energy calls: 6526
	Energy calls at each min: [1, 443, 6526]
	Total force calls: 6526
	Force calls at each min: [1, 443, 6526]
	Total steps: 6883

Verification against reference:
True minima found: 3/3

Verification against reference (saddles):
True saddles found: 0/2
Missed saddles at positions:
[0.21248658 0.29298833]
[-0.82200156  0.6243128 ]
Starting run 1078
Identified minimum at position [0.6234994  0.02803776] with unbiased energy -108.16672411685238
Identified minimum at position [-0.05013095  0.46671788] with unbiased energy -80.76781642118685
Identified minimum at position [-0.55822364  1.44172584] with unbiased energy -146.699517209954
Simulation completed.


Energies of found minima:
Minimum 1: Position = [0.6234994  0.02803776], Energy = -108.16672411685238
Minimum 2: Position = [-0.05013095  0.46671788], Energy = -80.76781642118685
Minimum 3: Position = [-0.55822364  1.44172584], Energy = -146.699517209954

Approximate saddle points between minima:
Saddle 1: Position = [0.5184245  0.24006799], Energy = -71.53905672320624
Saddle 2: Position = [0.50424782 0.69932339], Energy = 6.077267793677592

Computational statistics:
	Total energy calls: 8634
	Energy calls at each min: [1, 905, 8634]
	Total force calls: 8634
	Force calls at each min: [1, 905, 8634]
	Total steps: 9088

Verification against reference:
True minima found: 3/3

Verification against reference (saddles):
True saddles found: 0/2
Missed saddles at positions:
[0.21248658 0.29298833]
[-0.82200156  0.6243128 ]
Starting run 77
Identified minimum at position [0.6234994  0.02803776] with unbiased energy -108.16672411685238
Identified minimum at position [-0.05002207  0.46669686] with unbiased energy -80.76781811365205
Identified minimum at position [-0.55822365  1.44172583] with unbiased energy -146.69951720995397
Simulation completed.


Energies of found minima:
Minimum 1: Position = [0.6234994  0.02803776], Energy = -108.16672411685238
Minimum 2: Position = [-0.05002207  0.46669686], Energy = -80.76781811365205
Minimum 3: Position = [-0.55822365  1.44172583], Energy = -146.69951720995397

Approximate saddle points between minima:
Saddle 1: Position = [0.2332175 0.3023106], Energy = -72.11888620346531
Saddle 2: Position = [0.72086715 0.2929042 ], Energy = -35.65609162567412

Computational statistics:
	Total energy calls: 6991
	Energy calls at each min: [1, 1354, 6991]
	Total force calls: 6991
	Force calls at each min: [1, 1354, 6991]
	Total steps: 7367

Verification against reference:
True minima found: 3/3

Verification against reference (saddles):
True saddles found: 1/2
Missed saddles at positions:
[-0.82200156  0.6243128 ]
