Starting run 779
Identified minimum at position [0.6234994  0.02803776] with unbiased energy -108.16672411685238
Identified minimum at position [-0.05019682  0.466728  ] with unbiased energy -80.7678141025254
Identified minimum at position [-0.55822364  1.44172584] with unbiased energy -146.699517209954
Simulation completed.


Energies of found minima:
Minimum 1: Position = [0.6234994  0.02803776], Energy = -108.16672411685238
Minimum 2: Position = [-0.05019682  0.466728  ], Energy = -80.7678141025254
Minimum 3: Position = [-0.55822364  1.44172584], Energy = -146.699517209954

Approximate saddle points between minima:
Saddle 1: Position = [0.98003505 0.01800252], Energy = -60.31206121955239
Saddle 2: Position = [-0.74077712  0.69056391], Energy = -38.30638699087349

Computational statistics:
	Total energy calls: 2198
	Energy calls at each min: [1, 1348, 2198]
	Total force calls: 2198
	Force calls at each min: [1, 1348, 2198]
	Total steps: 2320

Verification against reference:
True minima found: 3/3

Verification against reference (saddles):
True saddles found: 0/2
Missed saddles at positions:
[0.21248658 0.29298833]
[-0.82200156  0.6243128 ]
Starting run 1050
Identified minimum at position [0.6234994  0.02803776] with unbiased energy -108.16672411685238
Identified minimum at position [-0.05001255  0.46669455] with unbiased energy -80.76781812927356
Identified minimum at position [-0.55822362  1.44172586] with unbiased energy -146.69951720995388
Simulation completed.


Energies of found minima:
Minimum 1: Position = [0.6234994  0.02803776], Energy = -108.16672411685238
Minimum 2: Position = [-0.05001255  0.46669455], Energy = -80.76781812927356
Minimum 3: Position = [-0.55822362  1.44172586], Energy = -146.69951720995388

Approximate saddle points between minima:
Saddle 1: Position = [0.17587142 0.27207265], Energy = -71.80468836308886
Saddle 2: Position = [0.53803236 0.5449373 ], Energy = -21.98405724001845

Computational statistics:
	Total energy calls: 8888
	Energy calls at each min: [1, 884, 8888]
	Total force calls: 8888
	Force calls at each min: [1, 884, 8888]
	Total steps: 9363

Verification against reference:
True minima found: 3/3

Verification against reference (saddles):
True saddles found: 1/2
Missed saddles at positions:
[-0.82200156  0.6243128 ]
Starting run 272
Identified minimum at position [0.6234994  0.02803776] with unbiased energy -108.16672411685238
Identified minimum at position [-0.05028301  0.46673802] with unbiased energy -80.7678096583539
Identified minimum at position [-0.55822364  1.44172583] with unbiased energy -146.699517209954
Simulation completed.


Energies of found minima:
Minimum 1: Position = [0.6234994  0.02803776], Energy = -108.16672411685238
Minimum 2: Position = [-0.05028301  0.46673802], Energy = -80.7678096583539
Minimum 3: Position = [-0.55822364  1.44172583], Energy = -146.699517209954

Approximate saddle points between minima:
Saddle 1: Position = [0.08571756 0.17514719], Energy = -66.14165018819841
Saddle 2: Position = [-0.05413764 -0.07909451], Energy = -30.96180310166877

Computational statistics:
	Total energy calls: 6150
	Energy calls at each min: [1, 1411, 6150]
	Total force calls: 6150
	Force calls at each min: [1, 1411, 6150]
	Total steps: 6486

Verification against reference:
True minima found: 3/3

Verification against reference (saddles):
True saddles found: 0/2
Missed saddles at positions:
[0.21248658 0.29298833]
[-0.82200156  0.6243128 ]
Starting run 450
Identified minimum at position [0.6234994  0.02803776] with unbiased energy -108.16672411685238
Identified minimum at position [-0.05001168  0.46669432] with unbiased energy -80.76781812956503
Identified minimum at position [-0.55822362  1.44172586] with unbiased energy -146.69951720995388
Simulation completed.


Energies of found minima:
Minimum 1: Position = [0.6234994  0.02803776], Energy = -108.16672411685238
Minimum 2: Position = [-0.05001168  0.46669432], Energy = -80.76781812956503
Minimum 3: Position = [-0.55822362  1.44172586], Energy = -146.69951720995388

Approximate saddle points between minima:
Saddle 1: Position = [0.2196838  0.29389385], Energy = -72.24040768887286
Saddle 2: Position = [-0.22298002  0.06565897], Energy = -30.071978013522312

Computational statistics:
	Total energy calls: 3718
	Energy calls at each min: [1, 809, 3718]
	Total force calls: 3718
	Force calls at each min: [1, 809, 3718]
	Total steps: 3923

Verification against reference:
True minima found: 3/3

Verification against reference (saddles):
True saddles found: 1/2
Missed saddles at positions:
[-0.82200156  0.6243128 ]
Starting run 137
Identified minimum at position [0.6234994  0.02803776] with unbiased energy -108.16672411685238
Identified minimum at position [-0.05002598  0.4666974 ] with unbiased energy -80.76781810177674
Identified minimum at position [-0.55822361  1.44172586] with unbiased energy -146.69951720995383
Simulation completed.


Energies of found minima:
Minimum 1: Position = [0.6234994  0.02803776], Energy = -108.16672411685238
Minimum 2: Position = [-0.05002598  0.4666974 ], Energy = -80.76781810177674
Minimum 3: Position = [-0.55822361  1.44172586], Energy = -146.69951720995383

Approximate saddle points between minima:
Saddle 1: Position = [0.06775571 0.21062711], Energy = -65.82359889268433
Saddle 2: Position = [-0.1694051 -0.1892894], Energy = -0.2703594413467627

Computational statistics:
	Total energy calls: 8093
	Energy calls at each min: [1, 946, 8093]
	Total force calls: 8093
	Force calls at each min: [1, 946, 8093]
	Total steps: 8531

Verification against reference:
True minima found: 3/3

Verification against reference (saddles):
True saddles found: 0/2
Missed saddles at positions:
[0.21248658 0.29298833]
[-0.82200156  0.6243128 ]
Starting run 1330
Identified minimum at position [0.6234994  0.02803776] with unbiased energy -108.16672411685238
Identified minimum at position [-0.05022029  0.46679346] with unbiased energy -80.76780881762814
Identified minimum at position [-0.55822362  1.44172585] with unbiased energy -146.69951720995397
Simulation completed.


Energies of found minima:
Minimum 1: Position = [0.6234994  0.02803776], Energy = -108.16672411685238
Minimum 2: Position = [-0.05022029  0.46679346], Energy = -80.76780881762814
Minimum 3: Position = [-0.55822362  1.44172585], Energy = -146.69951720995397

Approximate saddle points between minima:
Saddle 1: Position = [0.20135766 0.29373551], Energy = -72.24127550899331
Saddle 2: Position = [-0.75989889  0.66396188], Energy = -39.633096653254825

Computational statistics:
	Total energy calls: 10422
	Energy calls at each min: [1, 1753, 10422]
	Total force calls: 10422
	Force calls at each min: [1, 1753, 10422]
	Total steps: 10943

Verification against reference:
True minima found: 3/3

Verification against reference (saddles):
True saddles found: 1/2
Missed saddles at positions:
[-0.82200156  0.6243128 ]
Starting run 1299
Identified minimum at position [0.6234994  0.02803776] with unbiased energy -108.16672411685238
Identified minimum at position [-0.05001373  0.46669531] with unbiased energy -80.76781812812055
Identified minimum at position [-0.55822363  1.44172585] with unbiased energy -146.69951720995402
Simulation completed.


Energies of found minima:
Minimum 1: Position = [0.6234994  0.02803776], Energy = -108.16672411685238
Minimum 2: Position = [-0.05001373  0.46669531], Energy = -80.76781812812055
Minimum 3: Position = [-0.55822363  1.44172585], Energy = -146.69951720995402

Approximate saddle points between minima:
Saddle 1: Position = [0.25715835 0.31182636], Energy = -71.65854480369563
Saddle 2: Position = [-0.81317644  0.59653693], Energy = -40.79998259821469

Computational statistics:
	Total energy calls: 11891
	Energy calls at each min: [1, 2096, 11891]
	Total force calls: 11891
	Force calls at each min: [1, 2096, 11891]
	Total steps: 12477

Verification against reference:
True minima found: 3/3

Verification against reference (saddles):
True saddles found: 2/2
Starting run 719
Identified minimum at position [0.6234994  0.02803776] with unbiased energy -108.16672411685238
Identified minimum at position [-0.05019837  0.46673656] with unbiased energy -80.76781380678626
Identified minimum at position [-0.55822366  1.44172582] with unbiased energy -146.6995172099538
Simulation completed.


Energies of found minima:
Minimum 1: Position = [0.6234994  0.02803776], Energy = -108.16672411685238
Minimum 2: Position = [-0.05019837  0.46673656], Energy = -80.76781380678626
Minimum 3: Position = [-0.55822366  1.44172582], Energy = -146.6995172099538

Approximate saddle points between minima:
Saddle 1: Position = [0.1657661  0.24134754], Energy = -71.34930857648234
Saddle 2: Position = [-0.57096324  0.74771629], Energy = -29.89834633020722

Computational statistics:
	Total energy calls: 5522
	Energy calls at each min: [1, 1094, 5522]
	Total force calls: 5522
	Force calls at each min: [1, 1094, 5522]
	Total steps: 5810

Verification against reference:
True minima found: 3/3

Verification against reference (saddles):
True saddles found: 0/2
Missed saddles at positions:
[0.21248658 0.29298833]
[-0.82200156  0.6243128 ]
Starting run 315
Identified minimum at position [0.6234994  0.02803776] with unbiased energy -108.16672411685238
Identified minimum at position [-0.05003299  0.46670442] with unbiased energy -80.76781802781215
Identified minimum at position [-0.55822364  1.44172583] with unbiased energy -146.699517209954
Simulation completed.


Energies of found minima:
Minimum 1: Position = [0.6234994  0.02803776], Energy = -108.16672411685238
Minimum 2: Position = [-0.05003299  0.46670442], Energy = -80.76781802781215
Minimum 3: Position = [-0.55822364  1.44172583], Energy = -146.699517209954

Approximate saddle points between minima:
Saddle 1: Position = [0.16826959 0.25429803], Energy = -71.47902422117889
Saddle 2: Position = [-0.72268365  0.69152974], Energy = -37.861845769049445

Computational statistics:
	Total energy calls: 2061
	Energy calls at each min: [1, 570, 2061]
	Total force calls: 2061
	Force calls at each min: [1, 570, 2061]
	Total steps: 2168

Verification against reference:
True minima found: 3/3

Verification against reference (saddles):
True saddles found: 0/2
Missed saddles at positions:
[0.21248658 0.29298833]
[-0.82200156  0.6243128 ]
