Starting run 402
Identified minimum at position [0.6234994  0.02803776] with unbiased energy -108.16672411685238
Identified minimum at position [-0.05001164  0.4666943 ] with unbiased energy -80.76781812957427
Identified minimum at position [-0.55822362  1.44172585] with unbiased energy -146.69951720995394
Simulation completed.


Energies of found minima:
Minimum 1: Position = [0.6234994  0.02803776], Energy = -108.16672411685238
Minimum 2: Position = [-0.05001164  0.4666943 ], Energy = -80.76781812957427
Minimum 3: Position = [-0.55822362  1.44172585], Energy = -146.69951720995394

Approximate saddle points between minima:
Saddle 1: Position = [0.18296766 0.28976529], Energy = -72.11539352005987
Saddle 2: Position = [-0.18460373  0.01047137], Energy = -28.686016926818077

Computational statistics:
	Total energy calls: 5581
	Energy calls at each min: [1, 662, 5581]
	Total force calls: 5581
	Force calls at each min: [1, 662, 5581]
	Total steps: 5881

Verification against reference:
True minima found: 3/3

Verification against reference (saddles):
True saddles found: 1/2
Missed saddles at positions:
[-0.82200156  0.6243128 ]
Starting run 979
Identified minimum at position [0.6234994  0.02803776] with unbiased energy -108.16672411685238
Identified minimum at position [-0.05001325  0.46669466] with unbiased energy -80.76781812893009
Identified minimum at position [-0.55822362  1.44172585] with unbiased energy -146.69951720995397
Simulation completed.


Energies of found minima:
Minimum 1: Position = [0.6234994  0.02803776], Energy = -108.16672411685238
Minimum 2: Position = [-0.05001325  0.46669466], Energy = -80.76781812893009
Minimum 3: Position = [-0.55822362  1.44172585], Energy = -146.69951720995397

Approximate saddle points between minima:
Saddle 1: Position = [0.2024919  0.26488375], Energy = -72.26426554512392
Saddle 2: Position = [-0.84288594  0.60480003], Energy = -40.46913155849225

Computational statistics:
	Total energy calls: 13396
	Energy calls at each min: [1, 2776, 13396]
	Total force calls: 13396
	Force calls at each min: [1, 2776, 13396]
	Total steps: 14051

Verification against reference:
True minima found: 3/3

Verification against reference (saddles):
True saddles found: 2/2
Starting run 1245
Identified minimum at position [0.6234994  0.02803776] with unbiased energy -108.16672411685238
Identified minimum at position [-0.05003603  0.46669979] with unbiased energy -80.7678180516692
Identified minimum at position [-0.55822365  1.44172583] with unbiased energy -146.6995172099539
Simulation completed.


Energies of found minima:
Minimum 1: Position = [0.6234994  0.02803776], Energy = -108.16672411685238
Minimum 2: Position = [-0.05003603  0.46669979], Energy = -80.7678180516692
Minimum 3: Position = [-0.55822365  1.44172583], Energy = -146.6995172099539

Approximate saddle points between minima:
Saddle 1: Position = [0.95150268 0.01233738], Energy = -68.64860622986063
Saddle 2: Position = [0.55548441 0.63450604], Energy = -0.5277292499108128

Computational statistics:
	Total energy calls: 9153
	Energy calls at each min: [1, 1080, 9153]
	Total force calls: 9153
	Force calls at each min: [1, 1080, 9153]
	Total steps: 9662

Verification against reference:
True minima found: 3/3

Verification against reference (saddles):
True saddles found: 0/2
Missed saddles at positions:
[0.21248658 0.29298833]
[-0.82200156  0.6243128 ]
Starting run 1574
Identified minimum at position [0.6234994  0.02803776] with unbiased energy -108.16672411685238
Identified minimum at position [-0.05001448  0.46669494] with unbiased energy -80.7678181280106
Identified minimum at position [-0.55822365  1.44172583] with unbiased energy -146.6995172099539
Simulation completed.


Energies of found minima:
Minimum 1: Position = [0.6234994  0.02803776], Energy = -108.16672411685238
Minimum 2: Position = [-0.05001448  0.46669494], Energy = -80.7678181280106
Minimum 3: Position = [-0.55822365  1.44172583], Energy = -146.6995172099539

Approximate saddle points between minima:
Saddle 1: Position = [0.8443795  0.13925588], Energy = -68.99657698895336
Saddle 2: Position = [-0.49697945  0.74801386], Energy = -29.157158994608135

Computational statistics:
	Total energy calls: 3729
	Energy calls at each min: [1, 1193, 3729]
	Total force calls: 3729
	Force calls at each min: [1, 1193, 3729]
	Total steps: 3929

Verification against reference:
True minima found: 3/3

Verification against reference (saddles):
True saddles found: 0/2
Missed saddles at positions:
[0.21248658 0.29298833]
[-0.82200156  0.6243128 ]
Starting run 303
Identified minimum at position [0.6234994  0.02803776] with unbiased energy -108.16672411685238
Identified minimum at position [-0.05012228  0.46671717] with unbiased energy -80.76781664276594
Identified minimum at position [-0.55822364  1.44172587] with unbiased energy -146.69951720995286
Simulation completed.


Energies of found minima:
Minimum 1: Position = [0.6234994  0.02803776], Energy = -108.16672411685238
Minimum 2: Position = [-0.05012228  0.46671717], Energy = -80.76781664276594
Minimum 3: Position = [-0.55822364  1.44172587], Energy = -146.69951720995286

Approximate saddle points between minima:
Saddle 1: Position = [0.59612737 0.2603355 ], Energy = -61.2758217033488
Saddle 2: Position = [-0.67190347  0.76082483], Energy = -32.504501739675916

Computational statistics:
	Total energy calls: 2416
	Energy calls at each min: [1, 1311, 2416]
	Total force calls: 2416
	Force calls at each min: [1, 1311, 2416]
	Total steps: 2545

Verification against reference:
True minima found: 3/3

Verification against reference (saddles):
True saddles found: 0/2
Missed saddles at positions:
[0.21248658 0.29298833]
[-0.82200156  0.6243128 ]
Starting run 1008
Identified minimum at position [0.6234994  0.02803776] with unbiased energy -108.16672411685238
Identified minimum at position [-0.05001238  0.46669447] with unbiased energy -80.76781812935806
Identified minimum at position [-0.55822365  1.44172583] with unbiased energy -146.6995172099539
Simulation completed.


Energies of found minima:
Minimum 1: Position = [0.6234994  0.02803776], Energy = -108.16672411685238
Minimum 2: Position = [-0.05001238  0.46669447], Energy = -80.76781812935806
Minimum 3: Position = [-0.55822365  1.44172583], Energy = -146.6995172099539

Approximate saddle points between minima:
Saddle 1: Position = [0.19717133 0.26826988], Energy = -72.15697641435067
Saddle 2: Position = [-0.76505537  0.64602484], Energy = -40.28775109754059

Computational statistics:
	Total energy calls: 8882
	Energy calls at each min: [1, 1403, 8882]
	Total force calls: 8882
	Force calls at each min: [1, 1403, 8882]
	Total steps: 9350

Verification against reference:
True minima found: 3/3

Verification against reference (saddles):
True saddles found: 1/2
Missed saddles at positions:
[-0.82200156  0.6243128 ]
Starting run 231
Identified minimum at position [0.6234994  0.02803776] with unbiased energy -108.16672411685238
Identified minimum at position [-0.05012203  0.46671605] with unbiased energy -80.7678166664521
Identified minimum at position [-0.55822364  1.44172584] with unbiased energy -146.69951720995402
Simulation completed.


Energies of found minima:
Minimum 1: Position = [0.6234994  0.02803776], Energy = -108.16672411685238
Minimum 2: Position = [-0.05012203  0.46671605], Energy = -80.7678166664521
Minimum 3: Position = [-0.55822364  1.44172584], Energy = -146.69951720995402

Approximate saddle points between minima:
Saddle 1: Position = [0.19016252 0.24265332], Energy = -72.172238649384
Saddle 2: Position = [-0.67370086  0.72236619], Energy = -34.77008661024515

Computational statistics:
	Total energy calls: 5157
	Energy calls at each min: [1, 1263, 5157]
	Total force calls: 5157
	Force calls at each min: [1, 1263, 5157]
	Total steps: 5432

Verification against reference:
True minima found: 3/3

Verification against reference (saddles):
True saddles found: 0/2
Missed saddles at positions:
[0.21248658 0.29298833]
[-0.82200156  0.6243128 ]
Starting run 569
Identified minimum at position [0.6234994  0.02803776] with unbiased energy -108.16672411685238
Identified minimum at position [-0.05002503  0.46669697] with unbiased energy -80.76781810566511
Identified minimum at position [-0.55822362  1.44172585] with unbiased energy -146.69951720995394
Simulation completed.


Energies of found minima:
Minimum 1: Position = [0.6234994  0.02803776], Energy = -108.16672411685238
Minimum 2: Position = [-0.05002503  0.46669697], Energy = -80.76781810566511
Minimum 3: Position = [-0.55822362  1.44172585], Energy = -146.69951720995394

Approximate saddle points between minima:
Saddle 1: Position = [0.27189198 0.29325318], Energy = -71.8760521088979
Saddle 2: Position = [-0.84605092  0.57488127], Energy = -39.95097664224802

Computational statistics:
	Total energy calls: 4752
	Energy calls at each min: [1, 1299, 4752]
	Total force calls: 4752
	Force calls at each min: [1, 1299, 4752]
	Total steps: 5002

Verification against reference:
True minima found: 3/3

Verification against reference (saddles):
True saddles found: 0/2
Missed saddles at positions:
[0.21248658 0.29298833]
[-0.82200156  0.6243128 ]
Starting run 1473
Identified minimum at position [0.6234994  0.02803776] with unbiased energy -108.16672411685238
Identified minimum at position [-0.55821374  1.44173823] with unbiased energy -146.69951715271432
Approximate Hessian has condition number >1e6 and cannot be reliably trusted; reverting to default behavior. 
Eigenvalues: [2.48796178e-03 8.75796507e+07]
Approximate Hessian has condition number >1e6 and cannot be reliably trusted; reverting to default behavior. 
Eigenvalues: [4.08012846e-03 2.68897349e+06]
Approximate Hessian has condition number >1e6 and cannot be reliably trusted; reverting to default behavior. 
Eigenvalues: [3.48139135e-03 1.17892662e+07]
Approximate Hessian has condition number >1e6 and cannot be reliably trusted; reverting to default behavior. 
Eigenvalues: [3.67843360e-03 4.74462058e+07]
Approximate Hessian has condition number >1e6 and cannot be reliably trusted; reverting to default behavior. 
Eigenvalues: [2.50802911e-03 4.23690043e+06]
Approximate Hessian has condition number >1e6 and cannot be reliably trusted; reverting to default behavior. 
Eigenvalues: [3.22699669e-02 1.84264862e+07]
Approximate Hessian has condition number >1e6 and cannot be reliably trusted; reverting to default behavior. 
Eigenvalues: [9.71090354e-04 2.26148193e+06]
Simulation completed.


Energies of found minima:
Minimum 1: Position = [0.6234994  0.02803776], Energy = -108.16672411685238
Minimum 2: Position = [-0.55821374  1.44173823], Energy = -146.69951715271432

Approximate saddle points between minima:
Saddle 1: Position = [0.49060143 0.5115754 ], Energy = -35.522208367110416

Computational statistics:
	Total energy calls: 658435
	Energy calls at each min: [1, 20623]
	Total force calls: 658435
	Force calls at each min: [1, 20623]
	Total steps: 691043

Verification against reference:
True minima found: 2/3
Missed minima at positions:
[-0.05001082  0.4666941 ]

Verification against reference (saddles):
True saddles found: 0/2
Missed saddles at positions:
[0.21248658 0.29298833]
[-0.82200156  0.6243128 ]
