Starting run 1312
Identified minimum at position [0.6234994  0.02803776] with unbiased energy -108.16672411685238
Identified minimum at position [-0.05317181  0.46709307] with unbiased energy -80.76669641334601
Approximate Hessian has condition number >1e6 and cannot be reliably trusted; reverting to default behavior. 
Eigenvalues: [1.93263451e-03 8.18166478e+06]
Approximate Hessian has condition number >1e6 and cannot be reliably trusted; reverting to default behavior. 
Eigenvalues: [2.22953066e-03 2.92964292e+05]
Identified minimum at position [-0.55822365  1.44172582] with unbiased energy -146.69951720995385
Simulation completed.


Energies of found minima:
Minimum 1: Position = [0.6234994  0.02803776], Energy = -108.16672411685238
Minimum 2: Position = [-0.05317181  0.46709307], Energy = -80.76669641334601
Minimum 3: Position = [-0.55822365  1.44172582], Energy = -146.69951720995385

Approximate saddle points between minima:
Saddle 1: Position = [0.26552902 0.30902313], Energy = -71.54646269910285
Saddle 2: Position = [-0.84654139  0.53919714], Energy = -39.01592096969608

Computational statistics:
	Total energy calls: 16871
	Energy calls at each min: [1, 2373, 16871]
	Total force calls: 16871
	Force calls at each min: [1, 2373, 16871]
	Total steps: 17704

Verification against reference:
True minima found: 2/3
Missed minima at positions:
[-0.05001082  0.4666941 ]

Verification against reference (saddles):
True saddles found: 0/2
Missed saddles at positions:
[0.21248658 0.29298833]
[-0.82200156  0.6243128 ]
Starting run 1477
Identified minimum at position [0.6234994  0.02803776] with unbiased energy -108.16672411685238
Identified minimum at position [-0.05002474  0.46669754] with unbiased energy -80.76781810507092
Identified minimum at position [-0.55822363  1.44172585] with unbiased energy -146.699517209954
Simulation completed.


Energies of found minima:
Minimum 1: Position = [0.6234994  0.02803776], Energy = -108.16672411685238
Minimum 2: Position = [-0.05002474  0.46669754], Energy = -80.76781810507092
Minimum 3: Position = [-0.55822363  1.44172585], Energy = -146.699517209954

Approximate saddle points between minima:
Saddle 1: Position = [0.11868445 0.11071777], Energy = -68.54257743319542
Saddle 2: Position = [-0.83543862  0.58274301], Energy = -40.30328916858021

Computational statistics:
	Total energy calls: 9408
	Energy calls at each min: [1, 2246, 9408]
	Total force calls: 9408
	Force calls at each min: [1, 2246, 9408]
	Total steps: 9899

Verification against reference:
True minima found: 3/3

Verification against reference (saddles):
True saddles found: 1/2
Missed saddles at positions:
[0.21248658 0.29298833]
Starting run 758
Identified minimum at position [0.6234994  0.02803776] with unbiased energy -108.16672411685238
Identified minimum at position [-0.05011304  0.46671082] with unbiased energy -80.76781693316079
Identified minimum at position [-0.55822362  1.44172586] with unbiased energy -146.69951720995383
Simulation completed.


Energies of found minima:
Minimum 1: Position = [0.6234994  0.02803776], Energy = -108.16672411685238
Minimum 2: Position = [-0.05011304  0.46671082], Energy = -80.76781693316079
Minimum 3: Position = [-0.55822362  1.44172586], Energy = -146.69951720995383

Approximate saddle points between minima:
Saddle 1: Position = [0.95834582 0.0328277 ], Energy = -66.2397127435797
Saddle 2: Position = [-0.08506125 -0.09384354], Energy = -25.18213886733473

Computational statistics:
	Total energy calls: 5836
	Energy calls at each min: [1, 1370, 5836]
	Total force calls: 5836
	Force calls at each min: [1, 1370, 5836]
	Total steps: 6154

Verification against reference:
True minima found: 3/3

Verification against reference (saddles):
True saddles found: 0/2
Missed saddles at positions:
[0.21248658 0.29298833]
[-0.82200156  0.6243128 ]
Starting run 551
Identified minimum at position [0.6234994  0.02803776] with unbiased energy -108.16672411685238
Identified minimum at position [-0.55822365  1.44172582] with unbiased energy -146.69951720995385
Approximate Hessian has condition number >1e6 and cannot be reliably trusted; reverting to default behavior. 
Eigenvalues: [2.04886360e-03 9.73862204e+05]
Approximate Hessian has condition number >1e6 and cannot be reliably trusted; reverting to default behavior. 
Eigenvalues: [1.17107089e-03 1.29692272e+06]
Approximate Hessian has condition number >1e6 and cannot be reliably trusted; reverting to default behavior. 
Eigenvalues: [1.17089194e-03 1.65365421e+03]
Approximate Hessian has condition number >1e6 and cannot be reliably trusted; reverting to default behavior. 
Eigenvalues: [1.23761350e-03 1.95271521e+06]
Approximate Hessian has condition number >1e6 and cannot be reliably trusted; reverting to default behavior. 
Eigenvalues: [2.33418768e-03 2.09680628e+06]
Approximate Hessian has condition number >1e6 and cannot be reliably trusted; reverting to default behavior. 
Eigenvalues: [1.94877386e-04 1.27473105e+07]
Approximate Hessian has condition number >1e6 and cannot be reliably trusted; reverting to default behavior. 
Eigenvalues: [4.85980064e-04 4.92613631e+02]
Approximate Hessian has condition number >1e6 and cannot be reliably trusted; reverting to default behavior. 
Eigenvalues: [1.29521836e-03 3.91293177e+06]
Approximate Hessian has condition number >1e6 and cannot be reliably trusted; reverting to default behavior. 
Eigenvalues: [1.52245042e-03 1.64200658e+07]
Approximate Hessian has condition number >1e6 and cannot be reliably trusted; reverting to default behavior. 
Eigenvalues: [3.86110973e-04 1.48543980e+07]
Approximate Hessian has condition number >1e6 and cannot be reliably trusted; reverting to default behavior. 
Eigenvalues: [1.52411126e-03 9.21997121e+06]
Simulation completed.


Energies of found minima:
Minimum 1: Position = [0.6234994  0.02803776], Energy = -108.16672411685238
Minimum 2: Position = [-0.55822365  1.44172582], Energy = -146.69951720995385

Approximate saddle points between minima:
Saddle 1: Position = [-0.37663166  0.22716268], Energy = -36.76213155453373

Computational statistics:
	Total energy calls: 655716
	Energy calls at each min: [1, 7322]
	Total force calls: 655716
	Force calls at each min: [1, 7322]
	Total steps: 690393

Verification against reference:
True minima found: 2/3
Missed minima at positions:
[-0.05001082  0.4666941 ]

Verification against reference (saddles):
True saddles found: 0/2
Missed saddles at positions:
[0.21248658 0.29298833]
[-0.82200156  0.6243128 ]
Starting run 898
Identified minimum at position [0.6234994  0.02803776] with unbiased energy -108.16672411685238
Identified minimum at position [-0.05013149  0.46671811] with unbiased energy -80.76781640385238
Identified minimum at position [-0.55822365  1.44172583] with unbiased energy -146.69951720995397
Simulation completed.


Energies of found minima:
Minimum 1: Position = [0.6234994  0.02803776], Energy = -108.16672411685238
Minimum 2: Position = [-0.05013149  0.46671811], Energy = -80.76781640385238
Minimum 3: Position = [-0.55822365  1.44172583], Energy = -146.69951720995397

Approximate saddle points between minima:
Saddle 1: Position = [0.35204203 0.27359986], Energy = -71.80305679513764
Saddle 2: Position = [0.08542053 0.7728304 ], Energy = -16.786708710873384

Computational statistics:
	Total energy calls: 9933
	Energy calls at each min: [1, 490, 9933]
	Total force calls: 9933
	Force calls at each min: [1, 490, 9933]
	Total steps: 10458

Verification against reference:
True minima found: 3/3

Verification against reference (saddles):
True saddles found: 0/2
Missed saddles at positions:
[0.21248658 0.29298833]
[-0.82200156  0.6243128 ]
Starting run 1550
Identified minimum at position [0.6234994  0.02803776] with unbiased energy -108.16672411685238
Identified minimum at position [-0.0500114   0.46669423] with unbiased energy -80.76781812961943
Identified minimum at position [-0.55822364  1.44172583] with unbiased energy -146.699517209954
Simulation completed.


Energies of found minima:
Minimum 1: Position = [0.6234994  0.02803776], Energy = -108.16672411685238
Minimum 2: Position = [-0.0500114   0.46669423], Energy = -80.76781812961943
Minimum 3: Position = [-0.55822364  1.44172583], Energy = -146.699517209954

Approximate saddle points between minima:
Saddle 1: Position = [0.93390748 0.07109276], Energy = -67.93348207513819
Saddle 2: Position = [-0.25718391 -0.09393726], Energy = -9.120561729298267

Computational statistics:
	Total energy calls: 11124
	Energy calls at each min: [1, 1510, 11124]
	Total force calls: 11124
	Force calls at each min: [1, 1510, 11124]
	Total steps: 11733

Verification against reference:
True minima found: 3/3

Verification against reference (saddles):
True saddles found: 0/2
Missed saddles at positions:
[0.21248658 0.29298833]
[-0.82200156  0.6243128 ]
Starting run 601
Identified minimum at position [0.6234994  0.02803776] with unbiased energy -108.16672411685238
Identified minimum at position [-0.05001117  0.46669419] with unbiased energy -80.76781812964379
Identified minimum at position [-0.55822363  1.44172585] with unbiased energy -146.69951720995402
Simulation completed.


Energies of found minima:
Minimum 1: Position = [0.6234994  0.02803776], Energy = -108.16672411685238
Minimum 2: Position = [-0.05001117  0.46669419], Energy = -80.76781812964379
Minimum 3: Position = [-0.55822363  1.44172585], Energy = -146.69951720995402

Approximate saddle points between minima:
Saddle 1: Position = [0.11204504 0.13462519], Energy = -68.02523007479124
Saddle 2: Position = [-0.64784854  0.29004894], Energy = -28.040483206801117

Computational statistics:
	Total energy calls: 3650
	Energy calls at each min: [1, 967, 3650]
	Total force calls: 3650
	Force calls at each min: [1, 967, 3650]
	Total steps: 3850

Verification against reference:
True minima found: 3/3

Verification against reference (saddles):
True saddles found: 0/2
Missed saddles at positions:
[0.21248658 0.29298833]
[-0.82200156  0.6243128 ]
Starting run 1169
Identified minimum at position [0.6234994  0.02803776] with unbiased energy -108.16672411685238
Identified minimum at position [-0.05193807  0.46742583] with unbiased energy -80.76719502555684
Identified minimum at position [-0.55822364  1.44172584] with unbiased energy -146.699517209954
Simulation completed.


Energies of found minima:
Minimum 1: Position = [0.6234994  0.02803776], Energy = -108.16672411685238
Minimum 2: Position = [-0.05193807  0.46742583], Energy = -80.76719502555684
Minimum 3: Position = [-0.55822364  1.44172584], Energy = -146.699517209954

Approximate saddle points between minima:
Saddle 1: Position = [0.24197764 0.33282077], Energy = -71.82621332659303
Saddle 2: Position = [-0.52393653  0.72853024], Energy = -32.38153612766911

Computational statistics:
	Total energy calls: 13919
	Energy calls at each min: [1, 1322, 13919]
	Total force calls: 13919
	Force calls at each min: [1, 1322, 13919]
	Total steps: 14628

Verification against reference:
True minima found: 2/3
Missed minima at positions:
[-0.05001082  0.4666941 ]

Verification against reference (saddles):
True saddles found: 1/2
Missed saddles at positions:
[-0.82200156  0.6243128 ]
Starting run 873
Identified minimum at position [0.6234994  0.02803776] with unbiased energy -108.16672411685238
Identified minimum at position [-0.55822365  1.44172583] with unbiased energy -146.69951720995397
Approximate Hessian has condition number >1e6 and cannot be reliably trusted; reverting to default behavior. 
Eigenvalues: [1.63424435e-03 7.38643193e+05]
Approximate Hessian has condition number >1e6 and cannot be reliably trusted; reverting to default behavior. 
Eigenvalues: [6.02940904e-03 1.88941613e+07]
Approximate Hessian has condition number >1e6 and cannot be reliably trusted; reverting to default behavior. 
Eigenvalues: [8.03533283e-04 2.07400278e+05]
Simulation completed.


Energies of found minima:
Minimum 1: Position = [0.6234994  0.02803776], Energy = -108.16672411685238
Minimum 2: Position = [-0.55822365  1.44172583], Energy = -146.69951720995397

Approximate saddle points between minima:
Saddle 1: Position = [-0.86931505  0.54587613], Energy = -38.47167026375003

Computational statistics:
	Total energy calls: 644090
	Energy calls at each min: [1, 6415]
	Total force calls: 644090
	Force calls at each min: [1, 6415]
	Total steps: 678296

Verification against reference:
True minima found: 2/3
Missed minima at positions:
[-0.05001082  0.4666941 ]

Verification against reference (saddles):
True saddles found: 0/2
Missed saddles at positions:
[0.21248658 0.29298833]
[-0.82200156  0.6243128 ]
