Starting run 567
Identified minimum at position [0.6234994  0.02803776] with unbiased energy -108.16672411685238
Identified minimum at position [-0.05001371  0.46669469] with unbiased energy -80.76781812866571
Identified minimum at position [-0.55822365  1.44172583] with unbiased energy -146.69951720995397
Simulation completed.


Energies of found minima:
Minimum 1: Position = [0.6234994  0.02803776], Energy = -108.16672411685238
Minimum 2: Position = [-0.05001371  0.46669469], Energy = -80.76781812866571
Minimum 3: Position = [-0.55822365  1.44172583], Energy = -146.69951720995397

Approximate saddle points between minima:
Saddle 1: Position = [0.24667762 0.30289049], Energy = -71.96583949530608
Saddle 2: Position = [0.47859224 0.59291871], Energy = -23.249405539399547

Computational statistics:
	Total energy calls: 9277
	Energy calls at each min: [1, 1179, 9277]
	Total force calls: 9277
	Force calls at each min: [1, 1179, 9277]
	Total steps: 9771

Verification against reference:
True minima found: 3/3

Verification against reference (saddles):
True saddles found: 1/2
Missed saddles at positions:
[-0.82200156  0.6243128 ]
Starting run 1099
Identified minimum at position [0.6234994  0.02803776] with unbiased energy -108.16672411685238
Identified minimum at position [-0.05001157  0.46669431] with unbiased energy -80.7678181295847
Identified minimum at position [-0.55822363  1.44172584] with unbiased energy -146.69951720995402
Simulation completed.


Energies of found minima:
Minimum 1: Position = [0.6234994  0.02803776], Energy = -108.16672411685238
Minimum 2: Position = [-0.05001157  0.46669431], Energy = -80.7678181295847
Minimum 3: Position = [-0.55822363  1.44172584], Energy = -146.69951720995402

Approximate saddle points between minima:
Saddle 1: Position = [0.33469482 0.27607863], Energy = -71.90930700563942
Saddle 2: Position = [0.00994347 0.74979664], Energy = -26.357116186662765

Computational statistics:
	Total energy calls: 5217
	Energy calls at each min: [1, 495, 5217]
	Total force calls: 5217
	Force calls at each min: [1, 495, 5217]
	Total steps: 5507

Verification against reference:
True minima found: 3/3

Verification against reference (saddles):
True saddles found: 0/2
Missed saddles at positions:
[0.21248658 0.29298833]
[-0.82200156  0.6243128 ]
Starting run 1359
Identified minimum at position [0.6234994  0.02803776] with unbiased energy -108.16672411685238
Identified minimum at position [-0.050567    0.46680181] with unbiased energy -80.76778168274213
Identified minimum at position [-0.55822365  1.44172582] with unbiased energy -146.69951720995388
Simulation completed.


Energies of found minima:
Minimum 1: Position = [0.6234994  0.02803776], Energy = -108.16672411685238
Minimum 2: Position = [-0.050567    0.46680181], Energy = -80.76778168274213
Minimum 3: Position = [-0.55822365  1.44172582], Energy = -146.69951720995388

Approximate saddle points between minima:
Saddle 1: Position = [0.26861741 0.34152425], Energy = -70.88966899499864
Saddle 2: Position = [-0.14792044 -0.04890161], Energy = -25.586351230880172

Computational statistics:
	Total energy calls: 10148
	Energy calls at each min: [1, 1674, 10148]
	Total force calls: 10148
	Force calls at each min: [1, 1674, 10148]
	Total steps: 10684

Verification against reference:
True minima found: 3/3

Verification against reference (saddles):
True saddles found: 0/2
Missed saddles at positions:
[0.21248658 0.29298833]
[-0.82200156  0.6243128 ]
Starting run 1230
Identified minimum at position [0.6234994  0.02803776] with unbiased energy -108.16672411685238
Identified minimum at position [-0.05002181  0.46669696] with unbiased energy -80.76781811400002
Identified minimum at position [-0.55822363  1.44172585] with unbiased energy -146.69951720995397
Simulation completed.


Energies of found minima:
Minimum 1: Position = [0.6234994  0.02803776], Energy = -108.16672411685238
Minimum 2: Position = [-0.05002181  0.46669696], Energy = -80.76781811400002
Minimum 3: Position = [-0.55822363  1.44172585], Energy = -146.69951720995397

Approximate saddle points between minima:
Saddle 1: Position = [0.3684196  0.36286585], Energy = -64.49979364393057
Saddle 2: Position = [-0.91532495  0.48324097], Energy = -32.89364709803315

Computational statistics:
	Total energy calls: 3306
	Energy calls at each min: [1, 1879, 3306]
	Total force calls: 3306
	Force calls at each min: [1, 1879, 3306]
	Total steps: 3484

Verification against reference:
True minima found: 3/3

Verification against reference (saddles):
True saddles found: 0/2
Missed saddles at positions:
[0.21248658 0.29298833]
[-0.82200156  0.6243128 ]
Starting run 1390
Identified minimum at position [0.6234994  0.02803776] with unbiased energy -108.16672411685238
Identified minimum at position [-0.05001525  0.466695  ] with unbiased energy -80.76781812733178
Identified minimum at position [-0.55822364  1.44172584] with unbiased energy -146.69951720995397
Simulation completed.


Energies of found minima:
Minimum 1: Position = [0.6234994  0.02803776], Energy = -108.16672411685238
Minimum 2: Position = [-0.05001525  0.466695  ], Energy = -80.76781812733178
Minimum 3: Position = [-0.55822364  1.44172584], Energy = -146.69951720995397

Approximate saddle points between minima:
Saddle 1: Position = [0.61742544 0.26296699], Energy = -58.495714336313455
Saddle 2: Position = [-0.75368308  0.6503154 ], Energy = -40.124550935658625

Computational statistics:
	Total energy calls: 3149
	Energy calls at each min: [1, 1465, 3149]
	Total force calls: 3149
	Force calls at each min: [1, 1465, 3149]
	Total steps: 3316

Verification against reference:
True minima found: 3/3

Verification against reference (saddles):
True saddles found: 0/2
Missed saddles at positions:
[0.21248658 0.29298833]
[-0.82200156  0.6243128 ]
Starting run 930
Identified minimum at position [0.6234994  0.02803776] with unbiased energy -108.16672411685238
Identified minimum at position [-0.0500558   0.46670301] with unbiased energy -80.76781789012138
Identified minimum at position [-0.55822365  1.44172583] with unbiased energy -146.69951720995397
Simulation completed.


Energies of found minima:
Minimum 1: Position = [0.6234994  0.02803776], Energy = -108.16672411685238
Minimum 2: Position = [-0.0500558   0.46670301], Energy = -80.76781789012138
Minimum 3: Position = [-0.55822365  1.44172583], Energy = -146.69951720995397

Approximate saddle points between minima:
Saddle 1: Position = [0.30678528 0.32563295], Energy = -69.82680112070139
Saddle 2: Position = [0.5151122  0.67249732], Energy = 1.2046974604508378

Computational statistics:
	Total energy calls: 11775
	Energy calls at each min: [1, 910, 11775]
	Total force calls: 11775
	Force calls at each min: [1, 910, 11775]
	Total steps: 12406

Verification against reference:
True minima found: 3/3

Verification against reference (saddles):
True saddles found: 0/2
Missed saddles at positions:
[0.21248658 0.29298833]
[-0.82200156  0.6243128 ]
Starting run 1225
Identified minimum at position [0.6234994  0.02803776] with unbiased energy -108.16672411685238
Identified minimum at position [-0.05001149  0.46669427] with unbiased energy -80.76781812960233
Identified minimum at position [-0.55822365  1.44172583] with unbiased energy -146.69951720995394
Simulation completed.


Energies of found minima:
Minimum 1: Position = [0.6234994  0.02803776], Energy = -108.16672411685238
Minimum 2: Position = [-0.05001149  0.46669427], Energy = -80.76781812960233
Minimum 3: Position = [-0.55822365  1.44172583], Energy = -146.69951720995394

Approximate saddle points between minima:
Saddle 1: Position = [0.90393724 0.10954424], Energy = -65.86770250257658
Saddle 2: Position = [-0.83862484  0.53968948], Energy = -39.33940240107267

Computational statistics:
	Total energy calls: 5215
	Energy calls at each min: [1, 1172, 5215]
	Total force calls: 5215
	Force calls at each min: [1, 1172, 5215]
	Total steps: 5501

Verification against reference:
True minima found: 3/3

Verification against reference (saddles):
True saddles found: 0/2
Missed saddles at positions:
[0.21248658 0.29298833]
[-0.82200156  0.6243128 ]
Starting run 1361
Identified minimum at position [0.6234994  0.02803776] with unbiased energy -108.16672411685238
Identified minimum at position [-0.0500287   0.46669767] with unbiased energy -80.76781809175773
Identified minimum at position [-0.55822364  1.44172583] with unbiased energy -146.699517209954
Simulation completed.


Energies of found minima:
Minimum 1: Position = [0.6234994  0.02803776], Energy = -108.16672411685238
Minimum 2: Position = [-0.0500287   0.46669767], Energy = -80.76781809175773
Minimum 3: Position = [-0.55822364  1.44172583], Energy = -146.699517209954

Approximate saddle points between minima:
Saddle 1: Position = [ 0.78015764 -0.1100554 ], Energy = -70.33502202969002
Saddle 2: Position = [-0.27372778  0.12607494], Energy = -31.296650054408502

Computational statistics:
	Total energy calls: 9675
	Energy calls at each min: [1, 1573, 9675]
	Total force calls: 9675
	Force calls at each min: [1, 1573, 9675]
	Total steps: 10187

Verification against reference:
True minima found: 3/3

Verification against reference (saddles):
True saddles found: 0/2
Missed saddles at positions:
[0.21248658 0.29298833]
[-0.82200156  0.6243128 ]
Starting run 322
Identified minimum at position [0.6234994  0.02803776] with unbiased energy -108.16672411685238
Identified minimum at position [-0.05013775  0.46673597] with unbiased energy -80.76781572516808
Identified minimum at position [-0.55822365  1.44172583] with unbiased energy -146.69951720995394
Simulation completed.


Energies of found minima:
Minimum 1: Position = [0.6234994  0.02803776], Energy = -108.16672411685238
Minimum 2: Position = [-0.05013775  0.46673597], Energy = -80.76781572516808
Minimum 3: Position = [-0.55822365  1.44172583], Energy = -146.69951720995394

Approximate saddle points between minima:
Saddle 1: Position = [ 0.1705127  -0.05695219], Energy = -60.94652302409715
Saddle 2: Position = [0.19460277 0.67910113], Energy = -36.11993373524151

Computational statistics:
	Total energy calls: 3826
	Energy calls at each min: [1, 1315, 3826]
	Total force calls: 3826
	Force calls at each min: [1, 1315, 3826]
	Total steps: 4025

Verification against reference:
True minima found: 3/3

Verification against reference (saddles):
True saddles found: 0/2
Missed saddles at positions:
[0.21248658 0.29298833]
[-0.82200156  0.6243128 ]
