Starting run 945
Identified minimum at position [0.6234994  0.02803776] with unbiased energy -108.16672411685238
Identified minimum at position [-0.05069053  0.46694049] with unbiased energy -80.7677438076295
Identified minimum at position [-0.55822365  1.44172583] with unbiased energy -146.6995172099539
Simulation completed.


Energies of found minima:
Minimum 1: Position = [0.6234994  0.02803776], Energy = -108.16672411685238
Minimum 2: Position = [-0.05069053  0.46694049], Energy = -80.7677438076295
Minimum 3: Position = [-0.55822365  1.44172583], Energy = -146.6995172099539

Approximate saddle points between minima:
Saddle 1: Position = [0.54939516 0.29519763], Energy = -57.70489723123582
Saddle 2: Position = [-0.84791026  0.50388859], Energy = -37.46642488683291

Computational statistics:
	Total energy calls: 3316
	Energy calls at each min: [1, 1379, 3316]
	Total force calls: 3316
	Force calls at each min: [1, 1379, 3316]
	Total steps: 3490

Verification against reference:
True minima found: 3/3

Verification against reference (saddles):
True saddles found: 0/2
Missed saddles at positions:
[0.21248658 0.29298833]
[-0.82200156  0.6243128 ]
Starting run 580
Identified minimum at position [0.6234994  0.02803776] with unbiased energy -108.16672411685238
Identified minimum at position [-0.0500136   0.46669467] with unbiased energy -80.76781812873705
Identified minimum at position [-0.55822364  1.44172583] with unbiased energy -146.69951720995397
Simulation completed.


Energies of found minima:
Minimum 1: Position = [0.6234994  0.02803776], Energy = -108.16672411685238
Minimum 2: Position = [-0.0500136   0.46669467], Energy = -80.76781812873705
Minimum 3: Position = [-0.55822364  1.44172583], Energy = -146.69951720995397

Approximate saddle points between minima:
Saddle 1: Position = [0.17559461 0.24015054], Energy = -71.70290640861752
Saddle 2: Position = [0.54475749 0.57757673], Energy = -14.70726573043882

Computational statistics:
	Total energy calls: 9790
	Energy calls at each min: [1, 445, 9790]
	Total force calls: 9790
	Force calls at each min: [1, 445, 9790]
	Total steps: 10325

Verification against reference:
True minima found: 3/3

Verification against reference (saddles):
True saddles found: 0/2
Missed saddles at positions:
[0.21248658 0.29298833]
[-0.82200156  0.6243128 ]
Starting run 810
Identified minimum at position [0.6234994  0.02803776] with unbiased energy -108.16672411685238
Identified minimum at position [-0.05001293  0.46669465] with unbiased energy -80.76781812908696
Identified minimum at position [-0.55822365  1.44172582] with unbiased energy -146.69951720995385
Simulation completed.


Energies of found minima:
Minimum 1: Position = [0.6234994  0.02803776], Energy = -108.16672411685238
Minimum 2: Position = [-0.05001293  0.46669465], Energy = -80.76781812908696
Minimum 3: Position = [-0.55822365  1.44172582], Energy = -146.69951720995385

Approximate saddle points between minima:
Saddle 1: Position = [0.22398074 0.27952739], Energy = -72.36067664012265
Saddle 2: Position = [-0.83829608  0.57616634], Energy = -40.149779029661445

Computational statistics:
	Total energy calls: 18163
	Energy calls at each min: [1, 2281, 18163]
	Total force calls: 18163
	Force calls at each min: [1, 2281, 18163]
	Total steps: 19076

Verification against reference:
True minima found: 3/3

Verification against reference (saddles):
True saddles found: 1/2
Missed saddles at positions:
[-0.82200156  0.6243128 ]
Starting run 149
Identified minimum at position [0.6234994  0.02803776] with unbiased energy -108.16672411685238
Identified minimum at position [-0.05018934  0.46672287] with unbiased energy -80.76781448652827
Identified minimum at position [-0.55822362  1.44172585] with unbiased energy -146.69951720995394
Simulation completed.


Energies of found minima:
Minimum 1: Position = [0.6234994  0.02803776], Energy = -108.16672411685238
Minimum 2: Position = [-0.05018934  0.46672287], Energy = -80.76781448652827
Minimum 3: Position = [-0.55822362  1.44172585], Energy = -146.69951720995394

Approximate saddle points between minima:
Saddle 1: Position = [0.99192469 0.05384162], Energy = -53.71205864087105
Saddle 2: Position = [-0.80267273  0.6421082 ], Energy = -40.50392262678956

Computational statistics:
	Total energy calls: 3675
	Energy calls at each min: [1, 1704, 3675]
	Total force calls: 3675
	Force calls at each min: [1, 1704, 3675]
	Total steps: 3877

Verification against reference:
True minima found: 3/3

Verification against reference (saddles):
True saddles found: 1/2
Missed saddles at positions:
[0.21248658 0.29298833]
Starting run 76
Identified minimum at position [0.6234994  0.02803776] with unbiased energy -108.16672411685238
Identified minimum at position [-0.05001318  0.46669458] with unbiased energy -80.76781812900086
Identified minimum at position [-0.55822365  1.44172583] with unbiased energy -146.69951720995388
Simulation completed.


Energies of found minima:
Minimum 1: Position = [0.6234994  0.02803776], Energy = -108.16672411685238
Minimum 2: Position = [-0.05001318  0.46669458], Energy = -80.76781812900086
Minimum 3: Position = [-0.55822365  1.44172583], Energy = -146.69951720995388

Approximate saddle points between minima:
Saddle 1: Position = [0.18356563 0.2689792 ], Energy = -71.9211241710952
Saddle 2: Position = [-0.80583295  0.46687278], Energy = -37.77774184446342

Computational statistics:
	Total energy calls: 3508
	Energy calls at each min: [1, 774, 3508]
	Total force calls: 3508
	Force calls at each min: [1, 774, 3508]
	Total steps: 3698

Verification against reference:
True minima found: 3/3

Verification against reference (saddles):
True saddles found: 1/2
Missed saddles at positions:
[-0.82200156  0.6243128 ]
Starting run 960
Identified minimum at position [0.6234994  0.02803776] with unbiased energy -108.16672411685238
Identified minimum at position [-0.05001118  0.46669418] with unbiased energy -80.76781812964389
Identified minimum at position [-0.55822364  1.44172583] with unbiased energy -146.699517209954
Simulation completed.


Energies of found minima:
Minimum 1: Position = [0.6234994  0.02803776], Energy = -108.16672411685238
Minimum 2: Position = [-0.05001118  0.46669418], Energy = -80.76781812964389
Minimum 3: Position = [-0.55822364  1.44172583], Energy = -146.699517209954

Approximate saddle points between minima:
Saddle 1: Position = [0.18937986 0.29716657], Energy = -72.25139263776676
Saddle 2: Position = [0.61418991 0.47775379], Energy = -17.985228795128023

Computational statistics:
	Total energy calls: 6149
	Energy calls at each min: [1, 456, 6149]
	Total force calls: 6149
	Force calls at each min: [1, 456, 6149]
	Total steps: 6483

Verification against reference:
True minima found: 3/3

Verification against reference (saddles):
True saddles found: 1/2
Missed saddles at positions:
[-0.82200156  0.6243128 ]
Starting run 98
Identified minimum at position [0.6234994  0.02803776] with unbiased energy -108.16672411685238
Identified minimum at position [-0.05001366  0.46669467] with unbiased energy -80.76781812870854
Identified minimum at position [-0.55822364  1.44172583] with unbiased energy -146.69951720995394
Simulation completed.


Energies of found minima:
Minimum 1: Position = [0.6234994  0.02803776], Energy = -108.16672411685238
Minimum 2: Position = [-0.05001366  0.46669467], Energy = -80.76781812870854
Minimum 3: Position = [-0.55822364  1.44172583], Energy = -146.69951720995394

Approximate saddle points between minima:
Saddle 1: Position = [0.26542508 0.32928847], Energy = -71.17492223298598
Saddle 2: Position = [-0.49261377  0.264868  ], Energy = -34.863796729067644

Computational statistics:
	Total energy calls: 5166
	Energy calls at each min: [1, 449, 5166]
	Total force calls: 5166
	Force calls at each min: [1, 449, 5166]
	Total steps: 5444

Verification against reference:
True minima found: 3/3

Verification against reference (saddles):
True saddles found: 0/2
Missed saddles at positions:
[0.21248658 0.29298833]
[-0.82200156  0.6243128 ]
Starting run 879
Identified minimum at position [0.6234994  0.02803776] with unbiased energy -108.16672411685238
Identified minimum at position [-0.05012057  0.46671576] with unbiased energy -80.76781670463964
Identified minimum at position [-0.55822362  1.44172585] with unbiased energy -146.69951720995397
Simulation completed.


Energies of found minima:
Minimum 1: Position = [0.6234994  0.02803776], Energy = -108.16672411685238
Minimum 2: Position = [-0.05012057  0.46671576], Energy = -80.76781670463964
Minimum 3: Position = [-0.55822362  1.44172585], Energy = -146.69951720995397

Approximate saddle points between minima:
Saddle 1: Position = [0.22402619 0.27502135], Energy = -72.4218728799277
Saddle 2: Position = [-0.81535337  0.63855   ], Energy = -40.61763325046618

Computational statistics:
	Total energy calls: 4550
	Energy calls at each min: [1, 829, 4550]
	Total force calls: 4550
	Force calls at each min: [1, 829, 4550]
	Total steps: 4785

Verification against reference:
True minima found: 3/3

Verification against reference (saddles):
True saddles found: 2/2
Starting run 501
Identified minimum at position [0.6234994  0.02803776] with unbiased energy -108.16672411685238
Identified minimum at position [-0.05012497  0.46671673] with unbiased energy -80.76781658649269
Approximate Hessian has condition number >1e6 and cannot be reliably trusted; reverting to default behavior. 
Eigenvalues: [1.23313252e-03 1.87812156e+06]
Approximate Hessian has condition number >1e6 and cannot be reliably trusted; reverting to default behavior. 
Eigenvalues: [8.04153271e-04 2.12391302e+07]
Identified minimum at position [-0.5582235   1.44172602] with unbiased energy -146.69951720994212
Simulation completed.


Energies of found minima:
Minimum 1: Position = [0.6234994  0.02803776], Energy = -108.16672411685238
Minimum 2: Position = [-0.05012497  0.46671673], Energy = -80.76781658649269
Minimum 3: Position = [-0.5582235   1.44172602], Energy = -146.69951720994212

Approximate saddle points between minima:
Saddle 1: Position = [0.21541326 0.29926879], Energy = -72.24638012522703
Saddle 2: Position = [-0.79761929  0.62676051], Energy = -40.69736100395187

Computational statistics:
	Total energy calls: 14975
	Energy calls at each min: [1, 2080, 14975]
	Total force calls: 14975
	Force calls at each min: [1, 2080, 14975]
	Total steps: 15716

Verification against reference:
True minima found: 3/3

Verification against reference (saddles):
True saddles found: 2/2
