Starting run 1505
Identified minimum at position [0.6234994  0.02803776] with unbiased energy -108.16672411685238
Identified minimum at position [-0.05011975  0.46671746] with unbiased energy -80.76781669563857
Identified minimum at position [-0.55822365  1.44172583] with unbiased energy -146.6995172099539
Simulation completed.


Energies of found minima:
Minimum 1: Position = [0.6234994  0.02803776], Energy = -108.16672411685238
Minimum 2: Position = [-0.05011975  0.46671746], Energy = -80.76781669563857
Minimum 3: Position = [-0.55822365  1.44172583], Energy = -146.6995172099539

Approximate saddle points between minima:
Saddle 1: Position = [0.22175131 0.32710127], Energy = -72.28805395252354
Saddle 2: Position = [-0.85081437  0.61877367], Energy = -40.66141829965342

Computational statistics:
	Total energy calls: 6106
	Energy calls at each min: [1, 1423, 6106]
	Total force calls: 6106
	Force calls at each min: [1, 1423, 6106]
	Total steps: 6422

Verification against reference:
True minima found: 3/3

Verification against reference (saddles):
True saddles found: 2/2
Starting run 808
Identified minimum at position [0.6234994  0.02803776] with unbiased energy -108.16672411685238
Identified minimum at position [-0.05013189  0.46671831] with unbiased energy -80.76781639028368
Identified minimum at position [-0.55822362  1.44172585] with unbiased energy -146.69951720995397
Simulation completed.


Energies of found minima:
Minimum 1: Position = [0.6234994  0.02803776], Energy = -108.16672411685238
Minimum 2: Position = [-0.05013189  0.46671831], Energy = -80.76781639028368
Minimum 3: Position = [-0.55822362  1.44172585], Energy = -146.69951720995397

Approximate saddle points between minima:
Saddle 1: Position = [0.24624846 0.35067068], Energy = -71.65956017782514
Saddle 2: Position = [-0.51651956  0.18998232], Energy = -21.163539793012276

Computational statistics:
	Total energy calls: 3673
	Energy calls at each min: [1, 509, 3673]
	Total force calls: 3673
	Force calls at each min: [1, 509, 3673]
	Total steps: 3869

Verification against reference:
True minima found: 3/3

Verification against reference (saddles):
True saddles found: 0/2
Missed saddles at positions:
[0.21248658 0.29298833]
[-0.82200156  0.6243128 ]
Starting run 1178
Identified minimum at position [0.6234994  0.02803776] with unbiased energy -108.16672411685238
Identified minimum at position [-0.05166088  0.46709892] with unbiased energy -80.76747339170026
Identified minimum at position [-0.55822362  1.44172585] with unbiased energy -146.69951720995394
Simulation completed.


Energies of found minima:
Minimum 1: Position = [0.6234994  0.02803776], Energy = -108.16672411685238
Minimum 2: Position = [-0.05166088  0.46709892], Energy = -80.76747339170026
Minimum 3: Position = [-0.55822362  1.44172585], Energy = -146.69951720995394

Approximate saddle points between minima:
Saddle 1: Position = [0.30131901 0.29791431], Energy = -71.17865020495896
Saddle 2: Position = [-0.80899325  0.63555162], Energy = -40.5970694199918

Computational statistics:
	Total energy calls: 3245
	Energy calls at each min: [1, 1099, 3245]
	Total force calls: 3245
	Force calls at each min: [1, 1099, 3245]
	Total steps: 3411

Verification against reference:
True minima found: 2/3
Missed minima at positions:
[-0.05001082  0.4666941 ]

Verification against reference (saddles):
True saddles found: 1/2
Missed saddles at positions:
[0.21248658 0.29298833]
Starting run 748
Identified minimum at position [0.6234994  0.02803776] with unbiased energy -108.16672411685238
Identified minimum at position [-0.05002507  0.46669699] with unbiased energy -80.76781810550705
Identified minimum at position [-0.55822364  1.44172583] with unbiased energy -146.69951720995397
Simulation completed.


Energies of found minima:
Minimum 1: Position = [0.6234994  0.02803776], Energy = -108.16672411685238
Minimum 2: Position = [-0.05002507  0.46669699], Energy = -80.76781810550705
Minimum 3: Position = [-0.55822364  1.44172583], Energy = -146.69951720995397

Approximate saddle points between minima:
Saddle 1: Position = [0.27723171 0.30989078], Energy = -71.27109063355527
Saddle 2: Position = [-0.7411044   0.67975482], Energy = -38.75839100269149

Computational statistics:
	Total energy calls: 6561
	Energy calls at each min: [1, 755, 6561]
	Total force calls: 6561
	Force calls at each min: [1, 755, 6561]
	Total steps: 6919

Verification against reference:
True minima found: 3/3

Verification against reference (saddles):
True saddles found: 0/2
Missed saddles at positions:
[0.21248658 0.29298833]
[-0.82200156  0.6243128 ]
Starting run 371
Identified minimum at position [0.6234994  0.02803776] with unbiased energy -108.16672411685238
Identified minimum at position [-0.05002546  0.46669705] with unbiased energy -80.76781810418852
Identified minimum at position [-0.55822364  1.44172583] with unbiased energy -146.699517209954
Simulation completed.


Energies of found minima:
Minimum 1: Position = [0.6234994  0.02803776], Energy = -108.16672411685238
Minimum 2: Position = [-0.05002546  0.46669705], Energy = -80.76781810418852
Minimum 3: Position = [-0.55822364  1.44172583], Energy = -146.699517209954

Approximate saddle points between minima:
Saddle 1: Position = [0.175215   0.24247698], Energy = -71.68062426871158
Saddle 2: Position = [-0.45764569  0.25702534], Energy = -35.98969873848483

Computational statistics:
	Total energy calls: 9414
	Energy calls at each min: [1, 1622, 9414]
	Total force calls: 9414
	Force calls at each min: [1, 1622, 9414]
	Total steps: 9904

Verification against reference:
True minima found: 3/3

Verification against reference (saddles):
True saddles found: 0/2
Missed saddles at positions:
[0.21248658 0.29298833]
[-0.82200156  0.6243128 ]
Starting run 133
Identified minimum at position [0.6234994  0.02803776] with unbiased energy -108.16672411685238
Identified minimum at position [-0.0500286   0.46669821] with unbiased energy -80.7678180905497
Identified minimum at position [-0.55822364  1.44172584] with unbiased energy -146.699517209954
Simulation completed.


Energies of found minima:
Minimum 1: Position = [0.6234994  0.02803776], Energy = -108.16672411685238
Minimum 2: Position = [-0.0500286   0.46669821], Energy = -80.7678180905497
Minimum 3: Position = [-0.55822364  1.44172584], Energy = -146.699517209954

Approximate saddle points between minima:
Saddle 1: Position = [0.43524949 0.28779626], Energy = -67.24991090094854
Saddle 2: Position = [-0.13128314  0.00086514], Energy = -33.35982503641082

Computational statistics:
	Total energy calls: 4652
	Energy calls at each min: [1, 1087, 4652]
	Total force calls: 4652
	Force calls at each min: [1, 1087, 4652]
	Total steps: 4906

Verification against reference:
True minima found: 3/3

Verification against reference (saddles):
True saddles found: 0/2
Missed saddles at positions:
[0.21248658 0.29298833]
[-0.82200156  0.6243128 ]
Starting run 1532
Identified minimum at position [0.6234994  0.02803776] with unbiased energy -108.16672411685238
Identified minimum at position [-0.05027995  0.46676433] with unbiased energy -80.76780871639218
Identified minimum at position [-0.55822362  1.44172585] with unbiased energy -146.69951720995397
Simulation completed.


Energies of found minima:
Minimum 1: Position = [0.6234994  0.02803776], Energy = -108.16672411685238
Minimum 2: Position = [-0.05027995  0.46676433], Energy = -80.76780871639218
Minimum 3: Position = [-0.55822362  1.44172585], Energy = -146.69951720995397

Approximate saddle points between minima:
Saddle 1: Position = [0.07859854 0.13183334], Energy = -64.81660676033535
Saddle 2: Position = [-0.90086441  0.49408522], Energy = -34.366049452160254

Computational statistics:
	Total energy calls: 4516
	Energy calls at each min: [1, 1117, 4516]
	Total force calls: 4516
	Force calls at each min: [1, 1117, 4516]
	Total steps: 4760

Verification against reference:
True minima found: 3/3

Verification against reference (saddles):
True saddles found: 0/2
Missed saddles at positions:
[0.21248658 0.29298833]
[-0.82200156  0.6243128 ]
Starting run 42
Identified minimum at position [0.6234994  0.02803776] with unbiased energy -108.16672411685238
Identified minimum at position [-0.05089452  0.46696235] with unbiased energy -80.7677079227046
Identified minimum at position [-0.55822365  1.44172583] with unbiased energy -146.69951720995394
Simulation completed.


Energies of found minima:
Minimum 1: Position = [0.6234994  0.02803776], Energy = -108.16672411685238
Minimum 2: Position = [-0.05089452  0.46696235], Energy = -80.7677079227046
Minimum 3: Position = [-0.55822365  1.44172583], Energy = -146.69951720995394

Approximate saddle points between minima:
Saddle 1: Position = [0.29701685 0.35107882], Energy = -69.45306636759439
Saddle 2: Position = [-0.06678695 -0.15574666], Energy = -14.833728771967046

Computational statistics:
	Total energy calls: 12830
	Energy calls at each min: [1, 1102, 12830]
	Total force calls: 12830
	Force calls at each min: [1, 1102, 12830]
	Total steps: 13495

Verification against reference:
True minima found: 3/3

Verification against reference (saddles):
True saddles found: 0/2
Missed saddles at positions:
[0.21248658 0.29298833]
[-0.82200156  0.6243128 ]
Starting run 886
Identified minimum at position [0.6234994  0.02803776] with unbiased energy -108.16672411685238
Identified minimum at position [-0.0503575   0.46684595] with unbiased energy -80.76779486807558
Identified minimum at position [-0.55822364  1.44172584] with unbiased energy -146.699517209954
Simulation completed.


Energies of found minima:
Minimum 1: Position = [0.6234994  0.02803776], Energy = -108.16672411685238
Minimum 2: Position = [-0.0503575   0.46684595], Energy = -80.76779486807558
Minimum 3: Position = [-0.55822364  1.44172584], Energy = -146.699517209954

Approximate saddle points between minima:
Saddle 1: Position = [0.35103803 0.36743693], Energy = -65.5305317605922
Saddle 2: Position = [-0.17168242 -0.02075015], Energy = -26.631693874583803

Computational statistics:
	Total energy calls: 7516
	Energy calls at each min: [1, 1502, 7516]
	Total force calls: 7516
	Force calls at each min: [1, 1502, 7516]
	Total steps: 7920

Verification against reference:
True minima found: 3/3

Verification against reference (saddles):
True saddles found: 0/2
Missed saddles at positions:
[0.21248658 0.29298833]
[-0.82200156  0.6243128 ]
