Starting run 1441
Identified minimum at position [0.6234994  0.02803776] with unbiased energy -108.16672411685238
Identified minimum at position [-0.05001256  0.46669456] with unbiased energy -80.76781812926887
Identified minimum at position [-0.55822362  1.44172585] with unbiased energy -146.69951720995397
Simulation completed.


Energies of found minima:
Minimum 1: Position = [0.6234994  0.02803776], Energy = -108.16672411685238
Minimum 2: Position = [-0.05001256  0.46669456], Energy = -80.76781812926887
Minimum 3: Position = [-0.55822362  1.44172585], Energy = -146.69951720995397

Approximate saddle points between minima:
Saddle 1: Position = [0.25351438 0.30572369], Energy = -71.82529622822834
Saddle 2: Position = [0.60938535 0.46900083], Energy = -20.281082362257507

Computational statistics:
	Total energy calls: 5384
	Energy calls at each min: [1, 663, 5384]
	Total force calls: 5384
	Force calls at each min: [1, 663, 5384]
	Total steps: 5683

Verification against reference:
True minima found: 3/3

Verification against reference (saddles):
True saddles found: 1/2
Missed saddles at positions:
[-0.82200156  0.6243128 ]
Starting run 1061
Identified minimum at position [0.6234994  0.02803776] with unbiased energy -108.16672411685238
Identified minimum at position [-0.05013575  0.46671985] with unbiased energy -80.76781626367645
Identified minimum at position [-0.55822364  1.44172583] with unbiased energy -146.69951720995402
Simulation completed.


Energies of found minima:
Minimum 1: Position = [0.6234994  0.02803776], Energy = -108.16672411685238
Minimum 2: Position = [-0.05013575  0.46671985], Energy = -80.76781626367645
Minimum 3: Position = [-0.55822364  1.44172583], Energy = -146.69951720995402

Approximate saddle points between minima:
Saddle 1: Position = [0.28138134 0.32448162], Energy = -70.7675864493171
Saddle 2: Position = [0.66121381 0.38467629], Energy = -24.06456848397748

Computational statistics:
	Total energy calls: 9769
	Energy calls at each min: [1, 1237, 9769]
	Total force calls: 9769
	Force calls at each min: [1, 1237, 9769]
	Total steps: 10287

Verification against reference:
True minima found: 3/3

Verification against reference (saddles):
True saddles found: 0/2
Missed saddles at positions:
[0.21248658 0.29298833]
[-0.82200156  0.6243128 ]
Starting run 1104
Identified minimum at position [0.6234994  0.02803776] with unbiased energy -108.16672411685238
Identified minimum at position [-0.05001109  0.46669416] with unbiased energy -80.76781812965082
Identified minimum at position [-0.55822362  1.44172586] with unbiased energy -146.69951720995394
Simulation completed.


Energies of found minima:
Minimum 1: Position = [0.6234994  0.02803776], Energy = -108.16672411685238
Minimum 2: Position = [-0.05001109  0.46669416], Energy = -80.76781812965082
Minimum 3: Position = [-0.55822362  1.44172586], Energy = -146.69951720995394

Approximate saddle points between minima:
Saddle 1: Position = [0.20357374 0.30445908], Energy = -72.32205793077338
Saddle 2: Position = [-0.8627983   0.57666495], Energy = -39.65852161655917

Computational statistics:
	Total energy calls: 2753
	Energy calls at each min: [1, 463, 2753]
	Total force calls: 2753
	Force calls at each min: [1, 463, 2753]
	Total steps: 2902

Verification against reference:
True minima found: 3/3

Verification against reference (saddles):
True saddles found: 1/2
Missed saddles at positions:
[-0.82200156  0.6243128 ]
Starting run 1370
Identified minimum at position [0.6234994  0.02803776] with unbiased energy -108.16672411685238
Identified minimum at position [-0.05001833  0.46669585] with unbiased energy -80.76781812266438
Identified minimum at position [-0.55822365  1.44172583] with unbiased energy -146.6995172099539
Simulation completed.


Energies of found minima:
Minimum 1: Position = [0.6234994  0.02803776], Energy = -108.16672411685238
Minimum 2: Position = [-0.05001833  0.46669585], Energy = -80.76781812266438
Minimum 3: Position = [-0.55822365  1.44172583], Energy = -146.6995172099539

Approximate saddle points between minima:
Saddle 1: Position = [0.21922486 0.26950035], Energy = -72.45614216292759
Saddle 2: Position = [-0.35134858  0.14837485], Energy = -27.494378438734987

Computational statistics:
	Total energy calls: 7640
	Energy calls at each min: [1, 1086, 7640]
	Total force calls: 7640
	Force calls at each min: [1, 1086, 7640]
	Total steps: 8053

Verification against reference:
True minima found: 3/3

Verification against reference (saddles):
True saddles found: 1/2
Missed saddles at positions:
[-0.82200156  0.6243128 ]
Starting run 489
Identified minimum at position [0.6234994  0.02803776] with unbiased energy -108.16672411685238
Identified minimum at position [-0.05033712  0.46678662] with unbiased energy -80.76780370018137
Identified minimum at position [-0.55822365  1.44172583] with unbiased energy -146.69951720995397
Simulation completed.


Energies of found minima:
Minimum 1: Position = [0.6234994  0.02803776], Energy = -108.16672411685238
Minimum 2: Position = [-0.05033712  0.46678662], Energy = -80.76780370018137
Minimum 3: Position = [-0.55822365  1.44172583], Energy = -146.69951720995397

Approximate saddle points between minima:
Saddle 1: Position = [0.19670691 0.28903713], Energy = -72.19427924008247
Saddle 2: Position = [-0.80982729  0.61240312], Energy = -40.768723455004704

Computational statistics:
	Total energy calls: 11772
	Energy calls at each min: [1, 1950, 11772]
	Total force calls: 11772
	Force calls at each min: [1, 1950, 11772]
	Total steps: 12362

Verification against reference:
True minima found: 3/3

Verification against reference (saddles):
True saddles found: 2/2
Starting run 392
Identified minimum at position [0.6234994  0.02803776] with unbiased energy -108.16672411685238
Identified minimum at position [-0.05012207  0.46671606] with unbiased energy -80.76781666538146
Identified minimum at position [-0.55822363  1.44172584] with unbiased energy -146.699517209954
Simulation completed.


Energies of found minima:
Minimum 1: Position = [0.6234994  0.02803776], Energy = -108.16672411685238
Minimum 2: Position = [-0.05012207  0.46671606], Energy = -80.76781666538146
Minimum 3: Position = [-0.55822363  1.44172584], Energy = -146.699517209954

Approximate saddle points between minima:
Saddle 1: Position = [0.1551375  0.18631545], Energy = -71.19801032294234
Saddle 2: Position = [-0.16283182 -0.04067952], Energy = -25.11984293670939

Computational statistics:
	Total energy calls: 10063
	Energy calls at each min: [1, 1162, 10063]
	Total force calls: 10063
	Force calls at each min: [1, 1162, 10063]
	Total steps: 10591

Verification against reference:
True minima found: 3/3

Verification against reference (saddles):
True saddles found: 0/2
Missed saddles at positions:
[0.21248658 0.29298833]
[-0.82200156  0.6243128 ]
Starting run 594
Identified minimum at position [0.6234994  0.02803776] with unbiased energy -108.16672411685238
Identified minimum at position [-0.0500112  0.4666942] with unbiased energy -80.76781812964035
Identified minimum at position [-0.55822362  1.44172586] with unbiased energy -146.6995172099539
Simulation completed.


Energies of found minima:
Minimum 1: Position = [0.6234994  0.02803776], Energy = -108.16672411685238
Minimum 2: Position = [-0.0500112  0.4666942], Energy = -80.76781812964035
Minimum 3: Position = [-0.55822362  1.44172586], Energy = -146.6995172099539

Approximate saddle points between minima:
Saddle 1: Position = [0.23529853 0.34336122], Energy = -72.02556940846938
Saddle 2: Position = [-0.02505832 -0.04243831], Energy = -40.02805537689928

Computational statistics:
	Total energy calls: 2537
	Energy calls at each min: [1, 422, 2537]
	Total force calls: 2537
	Force calls at each min: [1, 422, 2537]
	Total steps: 2677

Verification against reference:
True minima found: 3/3

Verification against reference (saddles):
True saddles found: 0/2
Missed saddles at positions:
[0.21248658 0.29298833]
[-0.82200156  0.6243128 ]
Starting run 1489
Identified minimum at position [0.6234994  0.02803776] with unbiased energy -108.16672411685238
Identified minimum at position [-0.55822364  1.44172584] with unbiased energy -146.69951720995402
Approximate Hessian has condition number >1e6 and cannot be reliably trusted; reverting to default behavior. 
Eigenvalues: [6.28716032e-03 3.02118605e+05]
Simulation completed.


Energies of found minima:
Minimum 1: Position = [0.6234994  0.02803776], Energy = -108.16672411685238
Minimum 2: Position = [-0.55822364  1.44172584], Energy = -146.69951720995402

Approximate saddle points between minima:
Saddle 1: Position = [-0.57392804  0.31379581], Energy = -37.306649943795506

Computational statistics:
	Total energy calls: 657104
	Energy calls at each min: [1, 10237]
	Total force calls: 657104
	Force calls at each min: [1, 10237]
	Total steps: 690786

Verification against reference:
True minima found: 2/3
Missed minima at positions:
[-0.05001082  0.4666941 ]

Verification against reference (saddles):
True saddles found: 0/2
Missed saddles at positions:
[0.21248658 0.29298833]
[-0.82200156  0.6243128 ]
Starting run 865
Identified minimum at position [0.6234994  0.02803776] with unbiased energy -108.16672411685238
Identified minimum at position [-0.05001237  0.46669451] with unbiased energy -80.76781812934546
Identified minimum at position [-0.55822362  1.44172586] with unbiased energy -146.6995172099539
Simulation completed.


Energies of found minima:
Minimum 1: Position = [0.6234994  0.02803776], Energy = -108.16672411685238
Minimum 2: Position = [-0.05001237  0.46669451], Energy = -80.76781812934546
Minimum 3: Position = [-0.55822362  1.44172586], Energy = -146.6995172099539

Approximate saddle points between minima:
Saddle 1: Position = [0.23034586 0.29678603], Energy = -72.18303074973016
Saddle 2: Position = [-0.84728821  0.56733132], Energy = -39.76253096566411

Computational statistics:
	Total energy calls: 5675
	Energy calls at each min: [1, 1582, 5675]
	Total force calls: 5675
	Force calls at each min: [1, 1582, 5675]
	Total steps: 5979

Verification against reference:
True minima found: 3/3

Verification against reference (saddles):
True saddles found: 1/2
Missed saddles at positions:
[-0.82200156  0.6243128 ]
