Starting run 1085
Identified minimum at position [0.6234994  0.02803776] with unbiased energy -108.16672411685238
Identified minimum at position [-0.05002262  0.46669682] with unbiased energy -80.76781811246028
Identified minimum at position [-0.55822363  1.44172584] with unbiased energy -146.69951720995402
Simulation completed.


Energies of found minima:
Minimum 1: Position = [0.6234994  0.02803776], Energy = -108.16672411685238
Minimum 2: Position = [-0.05002262  0.46669682], Energy = -80.76781811246028
Minimum 3: Position = [-0.55822363  1.44172584], Energy = -146.69951720995402

Approximate saddle points between minima:
Saddle 1: Position = [0.97610769 0.13670941], Energy = -36.39227221798603
Saddle 2: Position = [-0.74427738  0.38120475], Energy = -34.14787881278607

Computational statistics:
	Total energy calls: 3191
	Energy calls at each min: [1, 1894, 3191]
	Total force calls: 3191
	Force calls at each min: [1, 1894, 3191]
	Total steps: 3365

Verification against reference:
True minima found: 3/3

Verification against reference (saddles):
True saddles found: 0/2
Missed saddles at positions:
[0.21248658 0.29298833]
[-0.82200156  0.6243128 ]
Starting run 8
Identified minimum at position [0.6234994  0.02803776] with unbiased energy -108.16672411685238
Identified minimum at position [-0.05001423  0.46669482] with unbiased energy -80.76781812826496
Approximate Hessian has condition number >1e6 and cannot be reliably trusted; reverting to default behavior. 
Eigenvalues: [7.80618990e-04 2.20337189e+04]
Identified minimum at position [-0.55822348  1.44172604] with unbiased energy -146.6995172099385
Simulation completed.


Energies of found minima:
Minimum 1: Position = [0.6234994  0.02803776], Energy = -108.16672411685238
Minimum 2: Position = [-0.05001423  0.46669482], Energy = -80.76781812826496
Minimum 3: Position = [-0.55822348  1.44172604], Energy = -146.6995172099385

Approximate saddle points between minima:
Saddle 1: Position = [0.2134612  0.27675025], Energy = -72.31595424817542
Saddle 2: Position = [0.47382791 0.54876178], Energy = -32.38279898519211

Computational statistics:
	Total energy calls: 20934
	Energy calls at each min: [1, 1614, 20934]
	Total force calls: 20934
	Force calls at each min: [1, 1614, 20934]
	Total steps: 21973

Verification against reference:
True minima found: 3/3

Verification against reference (saddles):
True saddles found: 1/2
Missed saddles at positions:
[-0.82200156  0.6243128 ]
Starting run 1157
Identified minimum at position [0.6234994  0.02803776] with unbiased energy -108.16672411685238
Identified minimum at position [-0.05001145  0.46669439] with unbiased energy -80.76781812957944
Identified minimum at position [-0.55822362  1.44172586] with unbiased energy -146.69951720995394
Simulation completed.


Energies of found minima:
Minimum 1: Position = [0.6234994  0.02803776], Energy = -108.16672411685238
Minimum 2: Position = [-0.05001145  0.46669439], Energy = -80.76781812957944
Minimum 3: Position = [-0.55822362  1.44172586], Energy = -146.69951720995394

Approximate saddle points between minima:
Saddle 1: Position = [0.15443331 0.26246721], Energy = -71.19160412610837
Saddle 2: Position = [-0.83790575  0.61452361], Energy = -40.59999606865575

Computational statistics:
	Total energy calls: 9518
	Energy calls at each min: [1, 1699, 9518]
	Total force calls: 9518
	Force calls at each min: [1, 1699, 9518]
	Total steps: 10009

Verification against reference:
True minima found: 3/3

Verification against reference (saddles):
True saddles found: 1/2
Missed saddles at positions:
[0.21248658 0.29298833]
Starting run 910
Identified minimum at position [0.6234994  0.02803776] with unbiased energy -108.16672411685238
Identified minimum at position [-0.05002477  0.46669686] with unbiased energy -80.76781810663141
Identified minimum at position [-0.55822364  1.44172583] with unbiased energy -146.69951720995397
Simulation completed.


Energies of found minima:
Minimum 1: Position = [0.6234994  0.02803776], Energy = -108.16672411685238
Minimum 2: Position = [-0.05002477  0.46669686], Energy = -80.76781810663141
Minimum 3: Position = [-0.55822364  1.44172583], Energy = -146.69951720995397

Approximate saddle points between minima:
Saddle 1: Position = [0.27571671 0.32130694], Energy = -71.01766210392634
Saddle 2: Position = [-0.77233979  0.44284828], Energy = -38.351415333252234

Computational statistics:
	Total energy calls: 4990
	Energy calls at each min: [1, 451, 4990]
	Total force calls: 4990
	Force calls at each min: [1, 451, 4990]
	Total steps: 5205

Verification against reference:
True minima found: 3/3

Verification against reference (saddles):
True saddles found: 0/2
Missed saddles at positions:
[0.21248658 0.29298833]
[-0.82200156  0.6243128 ]
Starting run 287
Identified minimum at position [0.6234994  0.02803776] with unbiased energy -108.16672411685238
Identified minimum at position [-0.05013243  0.46671864] with unbiased energy -80.76781637085502
Identified minimum at position [-0.55822362  1.44172585] with unbiased energy -146.69951720995394
Simulation completed.


Energies of found minima:
Minimum 1: Position = [0.6234994  0.02803776], Energy = -108.16672411685238
Minimum 2: Position = [-0.05013243  0.46671864], Energy = -80.76781637085502
Minimum 3: Position = [-0.55822362  1.44172585], Energy = -146.69951720995394

Approximate saddle points between minima:
Saddle 1: Position = [0.30172295 0.36833396], Energy = -68.74262465163011
Saddle 2: Position = [-0.15487742  0.7702253 ], Energy = -24.49353914843831

Computational statistics:
	Total energy calls: 8683
	Energy calls at each min: [1, 984, 8683]
	Total force calls: 8683
	Force calls at each min: [1, 984, 8683]
	Total steps: 9091

Verification against reference:
True minima found: 3/3

Verification against reference (saddles):
True saddles found: 0/2
Missed saddles at positions:
[0.21248658 0.29298833]
[-0.82200156  0.6243128 ]
Starting run 331
Identified minimum at position [0.6234994  0.02803776] with unbiased energy -108.16672411685238
Identified minimum at position [-0.05002773  0.46670056] with unbiased energy -80.76781808156146
Identified minimum at position [-0.55822365  1.44172582] with unbiased energy -146.6995172099539
Simulation completed.


Energies of found minima:
Minimum 1: Position = [0.6234994  0.02803776], Energy = -108.16672411685238
Minimum 2: Position = [-0.05002773  0.46670056], Energy = -80.76781808156146
Minimum 3: Position = [-0.55822365  1.44172582], Energy = -146.6995172099539

Approximate saddle points between minima:
Saddle 1: Position = [0.22634429 0.31031556], Energy = -72.16093221219636
Saddle 2: Position = [-0.81753462  0.60801578], Energy = -40.70883515425528

Computational statistics:
	Total energy calls: 11457
	Energy calls at each min: [1, 2717, 11457]
	Total force calls: 11457
	Force calls at each min: [1, 2717, 11457]
	Total steps: 12023

Verification against reference:
True minima found: 3/3

Verification against reference (saddles):
True saddles found: 2/2
Starting run 1236
Identified minimum at position [0.6234994  0.02803776] with unbiased energy -108.16672411685238
Identified minimum at position [-0.0500573   0.46670365] with unbiased energy -80.7678178716269
Identified minimum at position [-0.55822362  1.44172586] with unbiased energy -146.6995172099539
Simulation completed.


Energies of found minima:
Minimum 1: Position = [0.6234994  0.02803776], Energy = -108.16672411685238
Minimum 2: Position = [-0.0500573   0.46670365], Energy = -80.7678178716269
Minimum 3: Position = [-0.55822362  1.44172586], Energy = -146.6995172099539

Approximate saddle points between minima:
Saddle 1: Position = [ 0.33388899 -0.14259758], Energy = -54.06932877113496
Saddle 2: Position = [-0.66812015  0.37169977], Energy = -38.832568394435576

Computational statistics:
	Total energy calls: 4297
	Energy calls at each min: [1, 1980, 4297]
	Total force calls: 4297
	Force calls at each min: [1, 1980, 4297]
	Total steps: 4524

Verification against reference:
True minima found: 3/3

Verification against reference (saddles):
True saddles found: 0/2
Missed saddles at positions:
[0.21248658 0.29298833]
[-0.82200156  0.6243128 ]
Starting run 317
Identified minimum at position [0.6234994  0.02803776] with unbiased energy -108.16672411685238
Identified minimum at position [-0.55822364  1.44172584] with unbiased energy -146.69951720995402
Approximate Hessian has condition number >1e6 and cannot be reliably trusted; reverting to default behavior. 
Eigenvalues: [8.45937640e-04 3.05924198e+06]
Approximate Hessian has condition number >1e6 and cannot be reliably trusted; reverting to default behavior. 
Eigenvalues: [2.36401963e-03 8.83299626e+06]
Approximate Hessian has condition number >1e6 and cannot be reliably trusted; reverting to default behavior. 
Eigenvalues: [8.55932035e-04 4.63852727e+05]
Approximate Hessian has condition number >1e6 and cannot be reliably trusted; reverting to default behavior. 
Eigenvalues: [5.49272139e-04 2.09931804e+05]
Approximate Hessian has condition number >1e6 and cannot be reliably trusted; reverting to default behavior. 
Eigenvalues: [2.95599457e-05 1.19371479e+06]
Approximate Hessian has condition number >1e6 and cannot be reliably trusted; reverting to default behavior. 
Eigenvalues: [9.62172133e-04 3.46676269e+05]
Approximate Hessian has condition number >1e6 and cannot be reliably trusted; reverting to default behavior. 
Eigenvalues: [1.33080408e-04 3.66118759e+07]
Approximate Hessian has condition number >1e6 and cannot be reliably trusted; reverting to default behavior. 
Eigenvalues: [3.71359085e-04 4.40087017e+02]
Approximate Hessian has condition number >1e6 and cannot be reliably trusted; reverting to default behavior. 
Eigenvalues: [9.65062529e-04 1.08436524e+08]
Simulation completed.


Energies of found minima:
Minimum 1: Position = [0.6234994  0.02803776], Energy = -108.16672411685238
Minimum 2: Position = [-0.55822364  1.44172584], Energy = -146.69951720995402

Approximate saddle points between minima:
Saddle 1: Position = [-0.85343586  0.60840136], Energy = -40.47628005819463

Computational statistics:
	Total energy calls: 648424
	Energy calls at each min: [1, 2681]
	Total force calls: 648424
	Force calls at each min: [1, 2681]
	Total steps: 684685

Verification against reference:
True minima found: 2/3
Missed minima at positions:
[-0.05001082  0.4666941 ]

Verification against reference (saddles):
True saddles found: 1/2
Missed saddles at positions:
[0.21248658 0.29298833]
Starting run 66
Identified minimum at position [0.6234994  0.02803776] with unbiased energy -108.16672411685238
Identified minimum at position [-0.05200411  0.46699213] with unbiased energy -80.76736738600599
Identified minimum at position [-0.55822362  1.44172585] with unbiased energy -146.69951720995397
Simulation completed.


Energies of found minima:
Minimum 1: Position = [0.6234994  0.02803776], Energy = -108.16672411685238
Minimum 2: Position = [-0.05200411  0.46699213], Energy = -80.76736738600599
Minimum 3: Position = [-0.55822362  1.44172585], Energy = -146.69951720995397

Approximate saddle points between minima:
Saddle 1: Position = [0.07486367 0.24169732], Energy = -67.52590949296524
Saddle 2: Position = [-0.84356696  0.60368454], Energy = -40.44975366379913

Computational statistics:
	Total energy calls: 6180
	Energy calls at each min: [1, 1517, 6180]
	Total force calls: 6180
	Force calls at each min: [1, 1517, 6180]
	Total steps: 6508

Verification against reference:
True minima found: 2/3
Missed minima at positions:
[-0.05001082  0.4666941 ]

Verification against reference (saddles):
True saddles found: 1/2
Missed saddles at positions:
[0.21248658 0.29298833]
