Running run_id=1989
Identified minimum at [0.62349941 0.02803776] with energy -108.16672411685238
Identified minimum at [-0.05001083  0.46669411] with energy -80.76781812965899
Simulation completed.


Energies of found minima:
Minimum 1: Position = [0.62349941 0.02803776], Energy = -108.16672411685238
Minimum 2: Position = [-0.05001083  0.46669411], Energy = -80.76781812965899

Approximate saddle points between minima:
Saddle 1: Position = [0.93429399 0.04153975], Energy = -72.09933929867549

Computational statistics:
	Total energy calls: 640326
	Energy calls at each min: [101, 137919]
	Total force calls: 640326
	Force calls at each min: [101, 137919]
	Total steps: 670108

Verification against reference:
True minima found: 2/3
Missed minima at positions:
[-0.55822363  1.44172584]

Verification against reference (saddles):
True saddles found: 0/2
Missed saddles at positions:
[0.21248658 0.29298833]
[-0.82200156  0.6243128 ]
Completed run 1989 | seed 10 | optimizer FIREOptimizer
