Running run_id=1950
Identified minimum at [0.62349941 0.02803776] with energy -108.16672411685238
Identified minimum at [-0.05001083  0.46669411] with energy -80.76781812965902
Identified minimum at [-0.55822363  1.44172584] with energy -146.69951720995402
Simulation completed.


Energies of found minima:
Minimum 1: Position = [0.62349941 0.02803776], Energy = -108.16672411685238
Minimum 2: Position = [-0.05001083  0.46669411], Energy = -80.76781812965902
Minimum 3: Position = [-0.55822363  1.44172584], Energy = -146.69951720995402

Approximate saddle points between minima:
Saddle 1: Position = [0.22887439 0.16369977], Energy = -77.01707946993372
Saddle 2: Position = [0.0038997  0.45693175], Energy = -80.4323035129409

Computational statistics:
	Total energy calls: 16757
	Energy calls at each min: [13, 16701, 16757]
	Total force calls: 16757
	Force calls at each min: [13, 16701, 16757]
	Total steps: 10297

Verification against reference:
True minima found: 3/3

Verification against reference (saddles):
True saddles found: 0/2
Missed saddles at positions:
[0.21248658 0.29298833]
[-0.82200156  0.6243128 ]
Completed run 1950 | seed 1 | optimizer ScipyOptimizer
