Running run_id=1986
Identified minimum at [0.62349941 0.02803776] with energy -108.16672411685238
Identified minimum at [-0.05001086  0.46669411] with energy -80.76781812965885
Simulation completed.


Energies of found minima:
Minimum 1: Position = [0.62349941 0.02803776], Energy = -108.16672411685238
Minimum 2: Position = [-0.05001086  0.46669411], Energy = -80.76781812965885

Approximate saddle points between minima:
Saddle 1: Position = [0.22199408 0.28808566], Energy = -72.27047738271482

Computational statistics:
	Total energy calls: 639873
	Energy calls at each min: [101, 136288]
	Total force calls: 639873
	Force calls at each min: [101, 136288]
	Total steps: 669883

Verification against reference:
True minima found: 2/3
Missed minima at positions:
[-0.55822363  1.44172584]

Verification against reference (saddles):
True saddles found: 0/2
Missed saddles at positions:
[0.21248658 0.29298833]
[-0.82200156  0.6243128 ]
Completed run 1986 | seed 7 | optimizer FIREOptimizer
