Running run_id=1990
Identified minimum at [0.62349941 0.02803776] with energy -108.16672411685238
Identified minimum at [-0.55822364  1.44172584] with energy -146.699517209954
Identified minimum at [-0.05001082  0.4666941 ] with energy -80.76781812965903
Simulation completed.


Energies of found minima:
Minimum 1: Position = [0.62349941 0.02803776], Energy = -108.16672411685238
Minimum 2: Position = [-0.55822364  1.44172584], Energy = -146.699517209954
Minimum 3: Position = [-0.05001082  0.4666941 ], Energy = -80.76781812965903

Approximate saddle points between minima:
Saddle 1: Position = [0.25742331 0.10179426], Energy = -82.52696261144845
Saddle 2: Position = [-0.00219197  0.46955935], Energy = -80.46238161401413

Computational statistics:
	Total energy calls: 94018
	Energy calls at each min: [13, 15144, 94018]
	Total force calls: 94018
	Force calls at each min: [13, 15144, 94018]
	Total steps: 45472

Verification against reference:
True minima found: 3/3

Verification against reference (saddles):
True saddles found: 0/2
Missed saddles at positions:
[0.21248658 0.29298833]
[-0.82200156  0.6243128 ]
Completed run 1990 | seed 1 | optimizer ScipyOptimizer
