Running run_id=1988
Identified minimum at [0.62349941 0.02803776] with energy -108.16672411685238
Identified minimum at [-0.05001085  0.4666941 ] with energy -80.76781812965893
Simulation completed.


Energies of found minima:
Minimum 1: Position = [0.62349941 0.02803776], Energy = -108.16672411685238
Minimum 2: Position = [-0.05001085  0.4666941 ], Energy = -80.76781812965893

Approximate saddle points between minima:
Saddle 1: Position = [0.20412403 0.27469236], Energy = -72.23304511712004

Computational statistics:
	Total energy calls: 629289
	Energy calls at each min: [101, 131825]
	Total force calls: 629289
	Force calls at each min: [101, 131825]
	Total steps: 658752

Verification against reference:
True minima found: 2/3
Missed minima at positions:
[-0.55822363  1.44172584]

Verification against reference (saddles):
True saddles found: 0/2
Missed saddles at positions:
[0.21248658 0.29298833]
[-0.82200156  0.6243128 ]
Completed run 1988 | seed 9 | optimizer FIREOptimizer
