Starting run 126
Identified minimum at position [ 2.92692257e+00  1.25210602e+00  9.33552526e-01  1.46344352e+00
 -6.56356280e-01  2.44833696e+00  2.51022039e+00  5.58876889e-01
  1.39761290e+00  2.29885507e+00 -1.77681110e+00 -3.53612455e-01
  4.16692094e-01 -1.87161341e+00  2.02640816e-05  6.28054460e-01
  4.64082337e-01  1.75120014e+00 -3.41836040e-06 -1.31273546e+00
  1.39759925e+00  1.46345493e+00 -6.56368434e-01 -1.05072182e+00
  1.67483724e+00 -2.24627878e+00  1.39760849e+00  2.09253311e+00
 -1.50008527e+00  2.09638989e+00 -2.09341950e-01 -1.03198133e+00
  3.50257084e-01  2.50921919e+00 -2.05894772e+00  6.98828795e-01
  2.92690805e+00 -1.31273705e+00  1.39760347e+00  2.50718044e+00
 -7.49835389e-01 -7.02182510e-01  6.26026613e-01 -2.15237665e+00
  1.04736182e+00  1.67176630e+00  3.70624688e-01  2.09978380e+00
  4.19726797e-01 -5.62892122e-01  2.09977287e+00  2.30090923e+00
  8.39639307e-01  3.50262814e-01  1.25513543e+00 -1.68335199e+00
 -7.02165037e-01  4.17707825e-01  7.46212267e-01  6.98756007e-01
  8.34381231e-01  1.87364838e-01 -6.98768392e-01  3.13625887e+00
 -2.80753477e-01  1.04735189e+00  1.46346003e+00 -1.95961770e+00
  3.49421874e-01  2.71250218e+00 -1.02833985e+00  3.49413025e-01
  1.87914339e+00  8.93719624e-02 -3.46002178e-01  1.46346261e+00
  6.46878568e-01  1.04818556e+00  1.04778002e+00 -1.40209778e+00
  1.74361080e+00  6.30098561e-01 -8.41907039e-01 -3.45995707e-01
  2.29681341e+00 -4.70826236e-01  1.74361513e+00  2.14427369e-01
 -2.84395539e-01  1.04817883e+00  2.08552059e+00 -1.92563752e-01
  6.98803203e-01  1.87849765e+00 -1.21301667e+00  1.04514143e+00
  1.25644023e+00 -3.78706956e-01  1.39314753e+00  8.41405688e-01
 -1.12017332e+00  6.98805737e-01  1.04842602e+00 -9.97141389e-02
  3.52460924e-01  1.67048215e+00 -9.34023714e-01  4.45711023e-03] with unbiased energy -173.9284265117895
Identified minimum at position [ 2.92125553  1.24476143  0.93032142  1.45609633 -0.67743971  2.44019642
  2.50480563  0.54471858  1.39785993  2.2911246  -1.77587914 -0.37076723
  0.40779985 -1.87253436 -0.01771675  0.62314112  0.44893709  1.75338316
 -0.00819911 -1.32394311  1.38383099  1.45979672 -0.65278243 -1.05899802
  1.66550586 -2.25951405  1.37657365  2.08358259 -1.5195462   2.0817335
 -0.21610823 -1.03380972  0.33882984  2.50022714 -2.06733615  0.67917477
  2.91863316 -1.32827226  1.38491964  2.50332464 -0.74590825 -0.70924309
  0.61680404 -2.16159448  1.02717543  1.66692622  0.35199179  2.09935106
  0.41247542 -0.58078362  2.09292571  2.29282329  0.83562579  0.3532269
  1.2471584  -1.68122653 -0.71832091  0.41374074  0.74098608  0.70363291
  0.83011784  0.18821335 -0.7031175   3.13039986 -0.29360611  1.0438487
  1.4547297  -1.96439374  0.33083112  2.70593733 -1.03368897  0.3391573
  1.87399284  0.08909085 -0.34851965  1.45780697  0.63691043  1.04973676
  1.03939729 -1.41731732  1.729337    0.62446901 -0.841349   -0.35599064
  2.29012865 -0.4877807   1.7372388   0.20896286 -0.2930542   1.0442241
  2.07961453 -0.20064465  0.69465876  1.87078337 -1.22370021  1.03264139
  1.25012523 -0.39141011  1.38748678  0.83402398 -1.12686747  0.68687244
  1.04383532 -0.10429585  0.34879568  1.66414949 -0.93663967 -0.00579616] with unbiased energy -173.92543889471833
Removing previous minimum at index 0 (energy -173.9284265117895) because 
corresponding saddle does not have sufficiently greater energy (-173.90226262114092)
Identified minimum at position [ 2.93321131  1.25647825  0.93236736  1.47491779 -0.68385246  2.43671494
  2.51916979  0.54195581  1.39529271  2.30562669 -1.77238565 -0.37921451
  0.42417679 -1.87358876 -0.02161622  0.63785827  0.44344507  1.75196618
  0.01065624 -1.33060983  1.3818412   1.46848502 -0.64625828 -1.06069944
  1.68660498 -2.26314037  1.36867333  2.10352193 -1.52452153  2.07600532
 -0.20216827 -1.03809863  0.33860328  2.51866758 -2.06832154  0.66912736
  2.93632311 -1.33139222  1.37761698  2.51387219 -0.7406533  -0.71392923
  0.63700769 -2.16612938  1.02176026  1.68237079  0.34667318  2.09687492
  0.43084885 -0.58749357  2.09068118  2.3053484   0.83641196  0.35235397
  1.26046238 -1.6765919  -0.72351255  0.42522213  0.73754915  0.70277155
  0.83600686  0.19141191 -0.6998959   3.14559049 -0.29559002  1.04069753
  1.47221795 -1.96494813  0.32391872  2.72023632 -1.03335577  0.33324133
  1.88430701  0.09210183 -0.34943918  1.47085214  0.63453259  1.04827601
  1.05893257 -1.42293501  1.7251395   0.63463083 -0.83948522 -0.35680178
  2.30670833 -0.49178832  1.73302402  0.22277672 -0.29768085  1.04276091
  2.09265103 -0.20163979  0.69188225  1.88788023 -1.22633144  1.02742799
  1.26566768 -0.39546458  1.3844902   0.84998297 -1.12967001  0.68382274
  1.05393174 -0.10473234  0.34706348  1.67706946 -0.93510873 -0.00958631] with unbiased energy -173.9235013237591
Removing previous minimum at index 147 (energy -173.92543889471833) because 
corresponding saddle does not have sufficiently greater energy (-173.9153210816027)
Identified minimum at position [ 2.92885817e+00  1.25184111e+00  9.32276524e-01  1.46823515e+00
 -7.03415931e-01  2.42718919e+00  2.51537069e+00  5.28544141e-01
  1.39490122e+00  2.29753706e+00 -1.76906693e+00 -3.98735091e-01
  4.15358079e-01 -1.87176077e+00 -4.23562117e-02  6.34132327e-01
  4.31162405e-01  1.75233928e+00  2.40689584e-03 -1.33866743e+00
  1.36776829e+00  1.46485799e+00 -6.38334432e-01 -1.07015100e+00
  1.67590146e+00 -2.27423715e+00  1.34487196e+00  2.09404141e+00
 -1.54301770e+00  2.05925551e+00 -2.08770166e-01 -1.03880814e+00
  3.26688655e-01  2.50859860e+00 -2.07538900e+00  6.46885514e-01
  2.92756188e+00 -1.34669960e+00  1.36296344e+00  2.51016798e+00
 -7.34384215e-01 -7.22470520e-01  6.26613531e-01 -2.17192935e+00
  9.98940249e-01  1.67854644e+00  3.29496031e-01  2.09527513e+00
  4.24471352e-01 -6.02186222e-01  2.08294762e+00  2.29999942e+00
  8.33805910e-01  3.54947574e-01  1.25260010e+00 -1.67068301e+00
 -7.42422012e-01  4.22583483e-01  7.34277920e-01  7.05577135e-01
  8.32009700e-01  1.96048800e-01 -7.03610012e-01  3.14053372e+00
 -3.08419495e-01  1.03654246e+00  1.46283814e+00 -1.96693415e+00
  3.02672253e-01  2.71362837e+00 -1.03765999e+00  3.21411625e-01
  1.88040895e+00  9.45298982e-02 -3.52598835e-01  1.46690368e+00
  6.26629750e-01  1.04890965e+00  1.05030289e+00 -1.43568920e+00
  1.70909364e+00  6.29257648e-01 -8.36128517e-01 -3.68160436e-01
  2.30045760e+00 -5.07874927e-01  1.72529435e+00  2.17928408e-01
 -3.03998165e-01  1.03803888e+00  2.08753678e+00 -2.08117096e-01
  6.86719123e-01  1.87994277e+00 -1.23519894e+00  1.01303237e+00
  1.25996057e+00 -4.06004419e-01  1.37753048e+00  8.42573150e-01
 -1.13371495e+00  6.70231028e-01  1.05016813e+00 -1.06828438e-01
  3.42414014e-01  1.67095208e+00 -9.35088274e-01 -2.15245568e-02] with unbiased energy -173.9199889033559
Removing previous minimum at index 227 (energy -173.9235013237591) because 
corresponding saddle does not have sufficiently greater energy (-173.89922674061438)
Identified minimum at position [ 2.91652148  1.23780996  0.92665159  1.45208734 -0.69683753  2.43223408
  2.50198378  0.53111436  1.39604402  2.28354508 -1.77492047 -0.38819678
  0.39945594 -1.87399005 -0.03198024  0.62087308  0.43411753  1.75578686
 -0.01367172 -1.33517851  1.37189913  1.45602166 -0.65073285 -1.06641256
  1.65987538 -2.27200206  1.35697618  2.07803353 -1.53751741  2.06777525
 -0.22192031 -1.03541464  0.32963819  2.49328694 -2.07552199  0.65888587
  2.91269293 -1.34366283  1.3714239   2.49992738 -0.74203007 -0.7164607
  0.61065508 -2.17110286  1.0099921   1.66538267  0.33456402  2.09793417
  0.40816743 -0.59809013  2.08685648  2.28557472  0.831936    0.3546411
  1.23848635 -1.68021297 -0.73261176  0.41081759  0.73539811  0.70886759
  0.82621968  0.18807293 -0.70712562  3.12678719 -0.30665059  1.0393201
  1.44748217 -1.96937382  0.31370646  2.70066531 -1.03907194  0.32828291
  1.86934183  0.08834373 -0.35127197  1.45395173  0.62710069  1.05074719
  1.03420194 -1.43189504  1.71647538  0.61906275 -0.84148584 -0.36433827
  2.2862252  -0.50390039  1.73016251  0.20524775 -0.30159949  1.0410901
  2.07521385 -0.20863399  0.69004864  1.86529248 -1.23409756  1.02049972
  1.24611792 -0.40371385  1.38204673  0.82835907 -1.13369609  0.67642605
  1.04019175 -0.1091573   0.34548078  1.65861542 -0.9395913  -0.01549486] with unbiased energy -173.91804557935762
Removing previous minimum at index 331 (energy -173.9199889033559) because 
corresponding saddle does not have sufficiently greater energy (-173.89457259450433)
Identified minimum at position [ 2.93656108e+00  1.25956617e+00  9.32277344e-01  1.48119520e+00
 -6.62313907e-01  2.44621098e+00  2.52231993e+00  5.56548729e-01
  1.39440632e+00  2.31208228e+00 -1.77516913e+00 -3.60050924e-01
  4.31490708e-01 -1.87523094e+00  8.11830948e-04  6.40936255e-01
  4.56577111e-01  1.75174196e+00  1.83676368e-02 -1.32188869e+00
  1.39661641e+00  1.47105153e+00 -6.55182830e-01 -1.05119732e+00
  1.69743073e+00 -2.25053386e+00  1.39317509e+00  2.11269278e+00
 -1.50403949e+00  2.09302860e+00 -1.96691767e-01 -1.03673143e+00
  3.51310879e-01  2.52790208e+00 -2.06029939e+00  6.90875903e-01
  2.94419083e+00 -1.31509197e+00  1.39173611e+00  2.51669492e+00
 -7.46682208e-01 -7.05685908e-01  6.47233779e-01 -2.15960847e+00
  1.04608426e+00  1.68588246e+00  3.65498210e-01  2.09786639e+00
  4.36617086e-01 -5.71817912e-01  2.09878018e+00  2.30944562e+00
  8.39459502e-01  3.48586147e-01  1.26626689e+00 -1.68304474e+00
 -7.03841858e-01  4.26693977e-01  7.41129439e-01  7.00237524e-01
  8.39347728e-01  1.86198086e-01 -6.96631985e-01  3.14986829e+00
 -2.82078924e-01  1.04437257e+00  1.48056648e+00 -1.96232237e+00
  3.45809084e-01  2.72575980e+00 -1.02852015e+00  3.44662405e-01
  1.88716603e+00  8.96328626e-02 -3.46778252e-01  1.47390206e+00
  6.43174916e-01  1.04730130e+00  1.06723754e+00 -1.40884785e+00
  1.74174957e+00  6.38894222e-01 -8.43076010e-01 -3.45025493e-01
  2.31233538e+00 -4.74255986e-01  1.74027113e+00  2.26816550e-01
 -2.90779758e-01  1.04796352e+00  2.09681026e+00 -1.94491062e-01
  6.96651038e-01  1.89504270e+00 -1.21641510e+00  1.04183832e+00
  1.27065511e+00 -3.83884296e-01  1.39150497e+00  8.56507659e-01
 -1.12497295e+00  6.97944975e-01  1.05691211e+00 -1.02394056e-01
  3.51758000e-01  1.68209517e+00 -9.34865685e-01  2.32206544e-03] with unbiased energy -173.92147204745928
Removing previous minimum at index 420 (energy -173.91804557935762) because 
corresponding saddle does not have sufficiently greater energy (-173.89253657194863)
Identified minimum at position [ 2.9327369   1.26029067  0.93794286  1.46984352 -0.63419931  2.45636833
  2.51552061  0.57362446  1.3977543   2.30627272 -1.77716226 -0.33610417
  0.4252686  -1.86944591  0.01677114  0.63259505  0.48075253  1.74830021
  0.00716625 -1.29970293  1.41134044  1.46707225 -0.65847564 -1.04255914
  1.6823548  -2.23188294  1.41847152  2.10007715 -1.47980322  2.11093971
 -0.20294123 -1.02946354  0.36146671  2.51703121 -2.04985425  0.71897213
  2.9341728  -1.29658396  1.41061678  2.51081555 -0.75342363 -0.69500485
  0.63370989 -2.14138198  1.0668775   1.67601078  0.39021508  2.10020103
  0.42621036 -0.54316734  2.10638687  2.3097216   0.84407374  0.34756842
  1.26322468 -1.68412039 -0.68651701  0.42181208  0.7524212   0.69296322
  0.8386871   0.18791908 -0.69413646  3.14169016 -0.26748952  1.05106201
  1.47134078 -1.95362993  0.36778667  2.71858755 -1.02256036  0.35998203
  1.88456359  0.09052507 -0.34342447  1.46926801  0.65784374  1.04659919
  1.05491509 -1.38544205  1.75762496  0.63573079 -0.84136538 -0.33630493
  2.30277822 -0.45311788  1.75011795  0.21951834 -0.27446821  1.0518534
  2.09132382 -0.18373713  0.70304433  1.88534563 -1.20134898  1.05764051
  1.26223588 -0.36483055  1.39869302  0.8481382  -1.11217925  0.71044069
  1.05320834 -0.09409296  0.35606683  1.6765953  -0.93043524  0.01464694] with unbiased energy -173.92542461260257
Removing previous minimum at index 632 (energy -173.92147204745928) because 
corresponding saddle does not have sufficiently greater energy (-173.9020059668978)
Identified minimum at position [ 2.91982734  1.24555681  0.93140959  1.4517918  -0.63335563  2.45965228
  2.50050114  0.57280656  1.40016451  2.2920274  -1.78271722 -0.32860377
  0.40872346 -1.87213656  0.02220583  0.61785661  0.47971393  1.75204309
 -0.01044921 -1.29943522  1.41183316  1.45828887 -0.66963218 -1.04039723
  1.66447523 -2.23299263  1.42561725  2.08222162 -1.47924105  2.11604684
 -0.21675213 -1.02722144  0.36112619  2.50062525 -2.05156252  0.72731291
  2.91795558 -1.29650262  1.41672328  2.50047369 -0.76024428 -0.69002719
  0.61612028 -2.14295065  1.07255273  1.66099215  0.39033656  2.10325701
  0.40820269 -0.54383225  2.10849059  2.29416607  0.84091007  0.34898592
  1.24910307 -1.69285643 -0.68041216  0.40964301  0.75203553  0.69708619
  0.83242782  0.18004703 -0.69836393  3.12669946 -0.26806169  1.05356667
  1.45505783 -1.9572955   0.37452397  2.70483325 -1.02479651  0.36509572
  1.87298643  0.08407649 -0.34204017  1.45502121  0.65563151  1.0490181
  1.03705939 -1.38571079  1.76150733  0.62505413 -0.84673126 -0.33493963
  2.28686556 -0.45323605  1.75398399  0.20579633 -0.2746486   1.05367141
  2.07782136 -0.18625528  0.70588946  1.86937724 -1.20286722  1.06245042
  1.24694015 -0.36592066  1.40196427  0.8328415  -1.11410329  0.71368148
  1.04224496 -0.09772471  0.35824858  1.66356081 -0.93562196  0.01859924] with unbiased energy -173.92371629674528
Removing previous minimum at index 785 (energy -173.92542461260257) because 
corresponding saddle does not have sufficiently greater energy (-173.8997105953849)
Identified minimum at position [ 2.92797567e+00  1.25531987e+00  9.36540981e-01  1.46327026e+00
 -6.13054158e-01  2.46598235e+00  2.50915947e+00  5.87121331e-01
  1.39861868e+00  2.30313496e+00 -1.78163977e+00 -3.13984260e-01
  4.21594135e-01 -1.86983199e+00  3.69760724e-02  6.25917086e-01
  4.94250509e-01  1.74914429e+00  1.58140951e-03 -1.28863064e+00
  1.42434030e+00  1.46399800e+00 -6.69319170e-01 -1.03339999e+00
  1.67758273e+00 -2.21943682e+00  1.44344554e+00  2.09514668e+00
 -1.46026085e+00  2.12817222e+00 -2.06884500e-01 -1.02578250e+00
  3.71724445e-01  2.51321678e+00 -2.04243405e+00  7.44004257e-01
  2.92988601e+00 -1.28101450e+00  1.42698282e+00  2.50651394e+00
 -7.61964431e-01 -6.84522474e-01  6.29201861e-01 -2.13312570e+00
  1.08953910e+00  1.66932208e+00  4.08458442e-01  2.10244976e+00
  4.19423523e-01 -5.26774108e-01  2.11422306e+00  2.30508671e+00
  8.45972633e-01  3.45350224e-01  1.26069849e+00 -1.69167502e+00
 -6.66989449e-01  4.15800939e-01  7.57186517e-01  6.91779138e-01
  8.37707834e-01  1.81764248e-01 -6.93408317e-01  3.13582775e+00
 -2.55144561e-01  1.05589896e+00  1.46748179e+00 -1.95093105e+00
  3.90214348e-01  2.71430239e+00 -1.01864105e+00  3.73584508e-01
  1.88039228e+00  8.65406651e-02 -3.40157935e-01  1.46350344e+00
  6.66094937e-01  1.04691290e+00  1.04937331e+00 -1.37072607e+00
  1.77358939e+00  6.33160823e-01 -8.45304836e-01 -3.26104117e-01
  2.29710582e+00 -4.36464990e-01  1.75859068e+00  2.14091415e-01
 -2.66262663e-01  1.05697156e+00  2.08646674e+00 -1.77380491e-01
  7.08899723e-01  1.88057739e+00 -1.19166973e+00  1.07288397e+00
  1.25653676e+00 -3.53149942e-01  1.40625870e+00  8.43554689e-01
 -1.10663836e+00  7.23866588e-01  1.04907080e+00 -9.19415302e-02
  3.61094810e-01  1.67275992e+00 -9.31104683e-01  2.71810564e-02] with unbiased energy -173.92163758021832
Removing previous minimum at index 870 (energy -173.92371629674528) because 
corresponding saddle does not have sufficiently greater energy (-173.90079410186908)
Identified minimum at position [ 2.93777395  1.26295291  0.93496235  1.47770617 -0.62251551  2.463113
  2.5182821   0.58442615  1.39852135  2.31976367 -1.77960739 -0.3210388
  0.43933609 -1.8744432   0.03360003  0.63577004  0.48324399  1.74931809
  0.01967056 -1.30186487  1.41881613  1.47328958 -0.66654517 -1.03514513
  1.70117705 -2.22548248  1.43670201  2.11407544 -1.46603916  2.12383373
 -0.19315601 -1.03256955  0.36857214  2.5341446  -2.04351102  0.73584068
  2.94704941 -1.28246349  1.4218574   2.51733883 -0.7582028  -0.6885856
  0.65200783 -2.14315763  1.08397236  1.67947894  0.40070994  2.10193644
  0.43356643 -0.54022867  2.11081888  2.31333531  0.84505838  0.34590196
  1.27564554 -1.69048065 -0.67109995  0.42438332  0.75087683  0.69319127
  0.84296     0.18102194 -0.69154072  3.14788159 -0.25493192  1.05420105
  1.48715752 -1.95437931  0.38423331  2.72859347 -1.01826253  0.36914641
  1.88901156  0.08720692 -0.3408036   1.47227572  0.66094047  1.04689999
  1.06799285 -1.3805176   1.76912004  0.64349341 -0.84635194 -0.32730546
  2.31055719 -0.44091469  1.75611939  0.22585394 -0.27552786  1.05481597
  2.09738145 -0.17974179  0.70723441  1.89739228 -1.19601011  1.06871045
  1.26942848 -0.36050089  1.40392443  0.85944244 -1.11316411  0.72051779
  1.05780502 -0.09544738  0.3597599   1.68583481 -0.93195043  0.02399583] with unbiased energy -173.9149699145789
Removing previous minimum at index 966 (energy -173.92163758021832) because 
corresponding saddle does not have sufficiently greater energy (-173.90409113984924)
Identified minimum at position [ 2.94263123  1.27072126  0.9398956   1.49036608 -0.64317796  2.45085819
  2.53401522  0.56381644  1.39001461  2.30872482 -1.77452183 -0.35214267
  0.4295332  -1.86801344  0.0120908   0.65147262  0.47734362  1.74764143
  0.02084567 -1.30093559  1.41251855  1.47054909 -0.65312132 -1.04573343
  1.69358048 -2.23805321  1.40494481  2.11548973 -1.49086207  2.1002499
 -0.1954312  -1.02954552  0.36435072  2.52396746 -2.05641684  0.69971788
  2.94604704 -1.31053432  1.39605952  2.51704998 -0.74780342 -0.70224981
  0.64309992 -2.14302395  1.06040664  1.69691638  0.38149392  2.09508949
  0.44571068 -0.54654971  2.10580121  2.32097793  0.84418806  0.34422117
  1.26353436 -1.68009162 -0.6951843   0.43361621  0.75024918  0.69290952
  0.84262641  0.19173815 -0.69174431  3.15696263 -0.28029525  1.04409371
  1.47717962 -1.95488038  0.35632779  2.72711426 -1.02691288  0.34838998
  1.89233349  0.09280694 -0.3460322   1.48431765  0.65406376  1.04399382
  1.06991678 -1.39093074  1.75185853  0.63970823 -0.83857753 -0.33776798
  2.31947473 -0.46389128  1.74154012  0.23211724 -0.27571031  1.0521752
  2.10295204 -0.18801732  0.69729797  1.89671958 -1.20729021  1.04802404
  1.27719802 -0.36980468  1.39439317  0.85783385 -1.11377182  0.7064622
  1.06185123 -0.09450779  0.3538321   1.68316702 -0.93015807  0.00773852] with unbiased energy -173.9156885528254
Removing previous minimum at index 1080 (energy -173.9149699145789) because 
corresponding saddle does not have sufficiently greater energy (-173.88132432929902)
Identified minimum at position [ 2.92555561  1.24475197  0.92224593  1.46740444 -0.65112211  2.45630308
  2.50761666  0.56433732  1.39773214  2.30534595 -1.78429777 -0.33789653
  0.42246305 -1.88218038  0.02250838  0.62709112  0.45886853  1.75716378
  0.00772832 -1.32162192  1.40513818  1.46573944 -0.67567573 -1.04186005
  1.69078533 -2.24647569  1.41777462  2.10337271 -1.49209864  2.11029674
 -0.20528185 -1.03598925  0.35832126  2.52166536 -2.05757734  0.71557117
  2.93581201 -1.30388269  1.40865788  2.50977584 -0.75926498 -0.69396619
  0.64035695 -2.16194895  1.06846915  1.67197214  0.37473813  2.10304778
  0.42242907 -0.56839503  2.1059376   2.29443383  0.83655368  0.34871738
  1.25878679 -1.69903491 -0.68278072  0.4147403   0.74008485  0.70515782
  0.83567914  0.17107107 -0.69924255  3.1376378  -0.27290271  1.04993809
  1.47333592 -1.96723439  0.36854636  2.71758566 -1.02805032  0.35872145
  1.87726037  0.07905905 -0.34280265  1.46019699  0.6435258   1.05038088
  1.05697386 -1.40422021  1.75688203  0.63243079 -0.85348537 -0.33517057
  2.30060068 -0.46437921  1.75004616  0.21615918 -0.2906446   1.05333939
  2.08611316 -0.19414382  0.70362975  1.88602275 -1.21375266  1.0573744
  1.25902428 -0.38093549  1.40015272  0.84751676 -1.12742943  0.71110913
  1.04764627 -0.10745588  0.35766621  1.67401901 -0.94234944  0.01541354] with unbiased energy -173.91910639476626
Removing previous minimum at index 1248 (energy -173.9156885528254) because 
corresponding saddle does not have sufficiently greater energy (-173.88772691593738)
Identified minimum at position [ 2.93543506e+00  1.26693597e+00  9.44777407e-01  1.47044230e+00
 -6.65321788e-01  2.44017664e+00  2.52078608e+00  5.51372165e-01
  1.39745797e+00  2.29981628e+00 -1.76895345e+00 -3.71037774e-01
  4.18849021e-01 -1.86204347e+00 -2.20382903e-02  6.37578698e-01
  4.67554093e-01  1.74482829e+00  2.16396025e-03 -1.30588001e+00
  1.39171855e+00  1.46646650e+00 -6.35871456e-01 -1.05855496e+00
  1.66883098e+00 -2.24836728e+00  1.37559431e+00  2.09262864e+00
 -1.51128923e+00  2.08079759e+00 -2.05981274e-01 -1.03019214e+00
  3.44257227e-01  2.50602334e+00 -2.06133765e+00  6.79627380e-01
  2.92796659e+00 -1.32328363e+00  1.38426442e+00  2.51085846e+00
 -7.39485306e-01 -7.11077515e-01  6.21022720e-01 -2.14456596e+00
  1.02620552e+00  1.67999373e+00  3.63359218e-01  2.09639848e+00
  4.27951275e-01 -5.59340808e-01  2.09414005e+00  2.31488017e+00
  8.42165857e-01  3.52355001e-01  1.25828376e+00 -1.66690679e+00
 -7.21635057e-01  4.27683773e-01  7.50637062e-01  6.91656112e-01
  8.37068911e-01  2.03674602e-01 -6.95818454e-01  3.14335722e+00
 -2.89806677e-01  1.04370563e+00  1.46217620e+00 -1.95300220e+00
  3.29335685e-01  2.71547573e+00 -1.02910149e+00  3.38597542e-01
  1.88729761e+00  9.96824910e-02 -3.48569642e-01  1.47443464e+00
  6.48541990e-01  1.04580812e+00  1.04900067e+00 -1.40254314e+00
  1.73019045e+00  6.33483471e-01 -8.30363898e-01 -3.55461102e-01
  2.30241029e+00 -4.79787927e-01  1.73627543e+00  2.20700674e-01
 -2.79833286e-01  1.04348248e+00  2.09255878e+00 -1.92202647e-01
  6.93626443e-01  1.88024358e+00 -1.21409723e+00  1.03202121e+00
  1.26276757e+00 -3.78607284e-01  1.38593235e+00  8.43889764e-01
 -1.11445077e+00  6.86939524e-01  1.05515502e+00 -9.29240692e-02
  3.47418143e-01  1.67411718e+00 -9.26064057e-01 -6.59240433e-03] with unbiased energy -173.92001029176546
Removing previous minimum at index 1362 (energy -173.91910639476626) because 
corresponding saddle does not have sufficiently greater energy (-173.88601513952716)
Identified minimum at position [ 2.91776022  1.24510268  0.93531536  1.44406448 -0.65175946  2.4496234
  2.49703058  0.56125168  1.40215241  2.2871649  -1.77748851 -0.34827663
  0.40327556 -1.86774965 -0.00430142  0.6139363   0.47044827  1.75021161
 -0.01885337 -1.3047729   1.39598293  1.4570185  -0.65554558 -1.05142318
  1.65189496 -2.24234033  1.39970715  2.07123041 -1.49691216  2.09847611
 -0.22149324 -1.02795552  0.34667337  2.49099523 -2.05706539  0.70578151
  2.90913052 -1.30997654  1.40326133  2.49853525 -0.75194784 -0.6993163
  0.60490624 -2.14551903  1.04515512  1.65599742  0.3748618   2.10209384
  0.40148138 -0.55553917  2.09936255  2.2927024   0.83980153  0.35292764
  1.24604189 -1.68219005 -0.70290291  0.40869012  0.75100626  0.69691352
  0.82965148  0.18956878 -0.70104205  3.12210622 -0.27869521  1.05093832
  1.44721779 -1.95643896  0.35071965  2.69963796 -1.02755049  0.35391983
  1.8717297   0.08999634 -0.34529952  1.45250516  0.65041401  1.04933542
  1.02749922 -1.39623834  1.74342784  0.62227908 -0.84007016 -0.3487761
  2.28024086 -0.46770559  1.74702411  0.20170404 -0.2788837   1.04730017
  2.07422299 -0.19043024  0.70100162  1.86174733 -1.20957083  1.04733728
  1.24155942 -0.37405471  1.394133    0.82648493 -1.11547918  0.69770608
  1.04041742 -0.09688164  0.35266619  1.65965152 -0.93248041  0.00544065] with unbiased energy -173.92088289714147
Removing previous minimum at index 1670 (energy -173.92001029176546) because 
corresponding saddle does not have sufficiently greater energy (-173.88590444727234)
Identified minimum at position [ 2.91406618  1.23317908  0.91964962  1.45169914 -0.66611361  2.45041554
  2.49760234  0.55095233  1.39761169  2.28580618 -1.78546304 -0.35094825
  0.40105451 -1.88027243  0.00815368  0.61709545  0.45148463  1.75917464
 -0.01198007 -1.32341374  1.39609266  1.45578837 -0.67497721 -1.04863914
  1.66584344 -2.25632804  1.40153314  2.08245096 -1.50846491  2.09872577
 -0.22107525 -1.03291915  0.35000171  2.49841508 -2.06644711  0.7007471
  2.91646916 -1.32002654  1.39898742  2.49894177 -0.75830197 -0.69844719
  0.61581849 -2.16463077  1.05311777  1.66193152  0.36087248  2.10284719
  0.40697447 -0.57662108  2.10184313  2.28165893  0.83280646  0.35107603
  1.23970721 -1.69859132 -0.69577807  0.40602553  0.73907704  0.70888062
  0.82829826  0.17194879 -0.70464963  3.12477677 -0.28740315  1.04725706
  1.45105374 -1.97049774  0.3542232   2.70179847 -1.0347261   0.35102501
  1.86689644  0.07772612 -0.3449464   1.44994193  0.6365701   1.05180494
  1.0367847  -1.41304106  1.7462326   0.61973311 -0.85250234 -0.34371526
  2.28604451 -0.47929697  1.7452014   0.20378055 -0.29277497  1.05103925
  2.07386418 -0.20139768  0.70044841  1.8674913  -1.22232264  1.04769774
  1.24513093 -0.38904497  1.39624365  0.82981326 -1.13011798  0.7019807
  1.03809082 -0.11016622  0.35512782  1.65905687 -0.94515563  0.00740048] with unbiased energy -173.91793180341165
Removing previous minimum at index 1960 (energy -173.92088289714147) because 
corresponding saddle does not have sufficiently greater energy (-173.89953854639492)
Identified minimum at position [ 2.92824813  1.25672991  0.94097367  1.45132896 -0.68742701  2.43241339
  2.50358555  0.54381893  1.40651758  2.30438878 -1.76740558 -0.38017447
  0.42143607 -1.86569903 -0.0462127   0.62031139  0.44570151  1.74636154
 -0.00734422 -1.32702519  1.36718795  1.46785698 -0.62926289 -1.06762938
  1.66382135 -2.26095506  1.35727715  2.08024333 -1.52656296  2.06975343
 -0.20901543 -1.037547    0.32229087  2.50554675 -2.06405401  0.67038368
  2.91985391 -1.32702871  1.38080054  2.50981336 -0.73605926 -0.715497
  0.61843155 -2.1593497   0.99989171  1.660678    0.34541121  2.10012089
  0.41001365 -0.58649878  2.08208268  2.30333471  0.83785287  0.36035804
  1.26499496 -1.66289798 -0.73797716  0.41901202  0.74314807  0.69668494
  0.8330482   0.20441902 -0.70115933  3.13123134 -0.2903371   1.04615314
  1.46315954 -1.95762119  0.31210477  2.7115064  -1.0293651   0.33532301
  1.88214905  0.10036598 -0.34931257  1.46062722  0.63843896  1.04983114
  1.03780707 -1.42114503  1.71326621  0.63311292 -0.8302198  -0.36882636
  2.28806232 -0.49101704  1.73544921  0.21117249 -0.29523103  1.03526958
  2.08352763 -0.19745989  0.6932405   1.873201   -1.22234842  1.02287974
  1.25050582 -0.39273922  1.38054916  0.83876002 -1.12389628  0.67187305
  1.04911511 -0.09834182  0.34343091  1.67206388 -0.92743958 -0.01514005] with unbiased energy -173.91492262515987
Removing previous minimum at index 2091 (energy -173.91793180341165) because 
corresponding saddle does not have sufficiently greater energy (-173.87370990848356)
Identified minimum at position [ 2.9298196   1.26271366  0.94808928  1.45768284 -0.63754834  2.44998644
  2.51072838  0.57111233  1.40046252  2.29864712 -1.7707336  -0.34653456
  0.41747337 -1.85955847 -0.0057064   0.62630397  0.48618776  1.74330818
 -0.00668227 -1.29097077  1.40264166  1.46365865 -0.64100837 -1.0509758
  1.66085364 -2.23016993  1.40189011  2.08263038 -1.48501772  2.09991219
 -0.21017047 -1.02600338  0.35156866  2.50112623 -2.04924247  0.70867362
  2.92028906 -1.30106108  1.40441674  2.50581211 -0.74597046 -0.70090082
  0.61459908 -2.13143863  1.04646739  1.66786414  0.38820438  2.09907121
  0.41565524 -0.53770888  2.10037273  2.31102237  0.84692049  0.35042073
  1.25957729 -1.66987665 -0.70382534  0.41982126  0.75894633  0.68735887
  0.83555994  0.20250949 -0.69498943  3.134115   -0.27119933  1.05093916
  1.45864833 -1.94559129  0.35179468  2.7098256  -1.02152281  0.35462336
  1.88311425  0.09993131 -0.34584831  1.46637149  0.66208277  1.04568245
  1.03927232 -1.38216415  1.74548258  0.63200804 -0.83102661 -0.3475023
  2.29231111 -0.45653616  1.74659775  0.21269254 -0.26827912  1.04681198
  2.08587933 -0.1809355   0.70021147  1.87296671 -1.19890625  1.04831678
  1.25362543 -0.36143324  1.39317468  0.83794264 -1.1045015   0.69882427
  1.05042793 -0.08651855  0.35160599  1.67036866 -0.92230155  0.00562633] with unbiased energy -173.9175334897486
Removing previous minimum at index 2810 (energy -173.91492262515987) because 
corresponding saddle does not have sufficiently greater energy (-173.8807909138951)
Identified minimum at position [ 2.94535804  1.27070295  0.9391218   1.48785483 -0.67685205  2.43661373
  2.53026154  0.54895526  1.39527641  2.32141364 -1.76779164 -0.37820984
  0.44187866 -1.87100675 -0.02258387  0.64811669  0.44904799  1.74728094
  0.02581462 -1.32795318  1.38328928  1.47758438 -0.63713469 -1.06011039
  1.70299835 -2.25689964  1.37002284  2.11819302 -1.51704176  2.07731197
 -0.1887947  -1.04002253  0.33973329  2.53506405 -2.06266903  0.67093621
  2.95056997 -1.3237284   1.37889366  2.52385937 -0.7362876  -0.71515251
  0.65378501 -2.16182012  1.02181259  1.69217546  0.35369359  2.09521051
  0.44414671 -0.58160872  2.08964876  2.32026367  0.84041042  0.35130309
  1.27692805 -1.66927235 -0.72387539  0.43528827  0.73984479  0.69687823
  0.84245959  0.19820503 -0.69533144  3.15770224 -0.28835704  1.04137543
  1.48895748 -1.95973618  0.32434413  2.73330825 -1.02863673  0.33391353
  1.89553032  0.0979654  -0.34946618  1.48238215  0.64022714  1.04601629
  1.07381264 -1.41737694  1.72572927  0.64583576 -0.83490849 -0.35590625
  2.31899068 -0.4844311   1.73319482  0.23418726 -0.29520718  1.04106146
  2.10457456 -0.19599399  0.69167408  1.90216078 -1.22046751  1.02807725
  1.27796085 -0.38990577  1.38350524  0.86418662 -1.12574767  0.68391036
  1.0642178  -0.10005855  0.34625175  1.69007056 -0.92940809 -0.00942383] with unbiased energy -173.91119232299118
Removing previous minimum at index 3265 (energy -173.9175334897486) because 
corresponding saddle does not have sufficiently greater energy (-173.87517957937555)
Identified minimum at position [ 2.92705429  1.26074484  0.94638426  1.44900045 -0.61763406  2.46062946
  2.50276293  0.58496011  1.40537241  2.2995204  -1.77615425 -0.32125648
  0.41738165 -1.86113567  0.01342805  0.61772774  0.49904677  1.74268252
 -0.0118106  -1.28126893  1.41374592  1.46328017 -0.65165666 -1.04101618
  1.65685805 -2.21857006  1.42828253  2.07720865 -1.4658308   2.11882359
 -0.21213503 -1.02383817  0.35978124  2.49989454 -2.04133163  0.73757571
  2.91684696 -1.28348335  1.42420221  2.50378402 -0.75577533 -0.6887724
  0.61153863 -2.12456665  1.06839119  1.65789296  0.405678    2.10312623
  0.40753653 -0.52212983  2.10693192  2.30854452  0.84775142  0.35101238
  1.26169261 -1.67769769 -0.68361431  0.41510329  0.7633185   0.68442544
  0.83629096  0.19625557 -0.69341823  3.12806647 -0.2566329   1.0580198
  1.45769059 -1.9439423   0.37534308  2.70772889 -1.01714019  0.37082977
  1.88108136  0.09534936 -0.34130621  1.46063179  0.66957636  1.04675539
  1.03347259 -1.36848376  1.76153158  0.6318381  -0.83537847 -0.33746337
  2.28560037 -0.43961111  1.75751211  0.20773338 -0.26122964  1.05038227
  2.08202779 -0.17489718  0.70768596  1.86924319 -1.18959658  1.06517369
  1.24768521 -0.35054879  1.40115631  0.83492202 -1.10011662  0.71201376
  1.04760694 -0.08503908  0.35675471  1.66890058 -0.92364112  0.01942776] with unbiased energy -173.9149821096836
Removing previous minimum at index 3795 (energy -173.91119232299118) because 
corresponding saddle does not have sufficiently greater energy (-173.8770878244878)
Identified minimum at position [ 2.93731427  1.26850318  0.94327478  1.47305527 -0.5959252   2.47093174
  2.51852075  0.59830519  1.39883332  2.31232305 -1.77948095 -0.30349149
  0.43232373 -1.86589241  0.04702368  0.63427625  0.50934295  1.74443193
  0.011473   -1.27615779  1.43480367  1.46940572 -0.6658572  -1.02789362
  1.68659033 -2.20720579  1.45621995  2.10486255 -1.44492831  2.13709516
 -0.19817064 -1.02351128  0.38043008  2.52255425 -2.034676    0.75619043
  2.93923729 -1.26910877  1.43468594  2.51247951 -0.76204182 -0.68078621
  0.63839199 -2.12213121  1.10185021  1.67703598  0.42369129  2.1019256
  0.42963309 -0.50891933  2.11817211  2.31861355  0.85042125  0.34364238
  1.27059184 -1.68813607 -0.65778191  0.42390144  0.76327204  0.68441132
  0.84338047  0.18640498 -0.68789569  3.14459517 -0.24540563  1.05803995
  1.47713471 -1.94413134  0.40134091  2.72284436 -1.01346858  0.37980096
  1.889055    0.09027931 -0.33851656  1.47350901  0.6758644   1.04493425
  1.05901796 -1.3564656   1.78257475  0.64067828 -0.8419279  -0.31937776
  2.30611506 -0.42302186  1.76235481  0.22236896 -0.25688311  1.05868136
  2.09552286 -0.16954357  0.71122789  1.88983296 -1.18168783  1.08045344
  1.26559228 -0.34118978  1.40919361  0.85277053 -1.09855253  0.7312739
  1.05688185 -0.08545473  0.36301359  1.68127219 -0.92588278  0.03338187] with unbiased energy -173.9119739013252
Removing previous minimum at index 4333 (energy -173.9149821096836) because 
corresponding saddle does not have sufficiently greater energy (-173.87834853376495)
Identified minimum at position [ 2.920569    1.24919318  0.93580296  1.44759438 -0.59944339  2.47274658
  2.49789224  0.59530128  1.4029887   2.29526889 -1.78482061 -0.29795943
  0.41229249 -1.86897011  0.04776732  0.61386942  0.50413191  1.74924428
 -0.01175085 -1.27974877  1.43003046  1.45874972 -0.67644338 -1.02763287
  1.6638087  -2.2109535   1.45964051  2.08045323 -1.44779757  2.14029835
 -0.21583678 -1.02186132  0.37535942  2.5020623  -2.03731661  0.76233804
  2.91755451 -1.27087889  1.44031682  2.49955144 -0.7683968  -0.67638995
  0.61640068 -2.12647875  1.10230678  1.65604308  0.4201551   2.10589188
  0.40452354 -0.51494644  2.11790566  2.29815477  0.84627486  0.34678466
  1.25411422 -1.69657673 -0.65489161  0.4078944   0.76183628  0.69022628
  0.83489298  0.17840739 -0.69395876  3.12447221 -0.24729351  1.06122324
  1.45712313 -1.9486759   0.40460662  2.70514449 -1.01610913  0.38433599
  1.87413252  0.08365931 -0.3371743   1.45411944  0.67174079  1.04834376
  1.03515579 -1.36037653  1.78301132  0.62748387 -0.84746941 -0.32099211
  2.28427298 -0.42596012  1.76627004  0.20397475 -0.25956522  1.05906396
  2.07748789 -0.1733841   0.71417393  1.86894845 -1.18504669  1.08348925
  1.24486672 -0.34499956  1.4115629   0.83305538 -1.10205647  0.73145049
  1.04236665 -0.09005351  0.3644683   1.66485857 -0.93153102  0.03564296] with unbiased energy -173.91375461345774
Removing previous minimum at index 4504 (energy -173.9119739013252) because 
corresponding saddle does not have sufficiently greater energy (-173.89096270930656)
Identified minimum at position [ 2.91351672  1.24029663  0.93181666  1.43938102 -0.61834721  2.46586803
  2.49145922  0.58160013  1.40258619  2.28469396 -1.78591425 -0.31236168
  0.40007843 -1.86999116  0.03222449  0.60813788  0.4918363   1.75163627
 -0.02262317 -1.28758473  1.41904812  1.45402535 -0.67562802 -1.03508519
  1.64996007 -2.22359839  1.44173182  2.06931311 -1.46627047  2.12717799
 -0.2245844  -1.02255024  0.36566396  2.48933002 -2.04661216  0.74604552
  2.90736315 -1.2864399   1.42926296  2.49445351 -0.76655687 -0.68203579
  0.6027282  -2.13377987  1.0851831   1.6504403   0.40332506  2.10543661
  0.39625258 -0.52924176  2.11292368  2.28848873  0.84217495  0.34882664
  1.24348552 -1.69670302 -0.66883737  0.40252303  0.75769733  0.69487846
  0.83012021  0.17774752 -0.69892921  3.11739177 -0.26033217  1.05813084
  1.44478349 -1.95399314  0.38877927  2.69669669 -1.02243176  0.37554013
  1.86775438  0.08212668 -0.33984417  1.44732843  0.66251461  1.04948663
  1.02420865 -1.37342226  1.77087392  0.62023257 -0.84789046 -0.33021922
  2.27627515 -0.44206627  1.76047627  0.19722904 -0.26621063  1.05609889
  2.07031332 -0.18149931  0.71027318  1.85883774 -1.19542797  1.07257647
  1.23713919 -0.35628757  1.40674723  0.82327406 -1.10799176  0.72109439
  1.03669391 -0.09473018  0.36116085  1.65658807 -0.93519732  0.02661573] with unbiased energy -173.91247572065834
Removing previous minimum at index 4581 (energy -173.91375461345774) because 
corresponding saddle does not have sufficiently greater energy (-173.88402615451736)
Identified minimum at position [ 2.92719401  1.25028717  0.92677266  1.46693551 -0.60266594  2.47538205
  2.50805842  0.59388541  1.39821603  2.30643959 -1.78890565 -0.29605236
  0.424192   -1.87810991  0.06316084  0.62614461  0.49497559  1.75407483
  0.00748946 -1.29134121  1.43594513  1.46499824 -0.68912228 -1.02256424
  1.69003155 -2.2159892   1.46693393  2.10390847 -1.44869256  2.14420637
 -0.20451005 -1.02704893  0.38307119  2.522121   -2.03996987  0.7629807
  2.93665545 -1.27132997  1.43930945  2.50810068 -0.77195744 -0.67493241
  0.63992167 -2.13781652  1.11501692  1.67055365  0.41662818  2.10535487
  0.42200618 -0.52503358  2.12224204  2.30066954  0.84354465  0.34331125
  1.26108958 -1.70713896 -0.64466263  0.41390162  0.75374773  0.696184
  0.83938819  0.16634148 -0.69272222  3.13715863 -0.24744907  1.05861401
  1.47396691 -1.95657045  0.41246731  2.71790047 -1.01807706  0.38401088
  1.87892544  0.07641995 -0.33640732  1.46172526  0.66538639  1.04849371
  1.05665925 -1.36769702  1.78966788  0.63410449 -0.85582973 -0.31317987
  2.30053754 -0.42762062  1.76566776  0.21564418 -0.26809511  1.06341354
  2.08713689 -0.17764075  0.71417271  1.88625244 -1.19003038  1.08689957
  1.25891288 -0.35159206  1.41425487  0.84789508 -1.11071283  0.73859879
  1.04844125 -0.09776917  0.36701772  1.67481223 -0.93852353  0.03982273] with unbiased energy -173.90924065325407
Removing previous minimum at index 4657 (energy -173.91247572065834) because 
corresponding saddle does not have sufficiently greater energy (-173.86375323082913)
Identified minimum at position [ 2.92787859e+00  1.25790953e+00  9.39713172e-01  1.45892259e+00
 -5.79176107e-01  2.47875235e+00  2.50672579e+00  6.08537033e-01
  1.40015488e+00  2.30330724e+00 -1.78422140e+00 -2.84476273e-01
  4.21860360e-01 -1.86702758e+00  6.40730172e-02  6.22246111e-01
  5.18664383e-01  1.74658659e+00 -1.05949120e-03 -1.26819172e+00
  1.44342562e+00  1.46300710e+00 -6.78415781e-01 -1.02042437e+00
  1.67526530e+00 -2.19762759e+00  1.47723210e+00  2.09246032e+00
 -1.42918838e+00  2.15165660e+00 -2.07784795e-01 -1.01959316e+00
  3.86998938e-01  2.51226064e+00 -2.02901785e+00  7.77504023e-01
  2.92811071e+00 -1.25688196e+00  1.44903828e+00  2.50454953e+00
 -7.70577265e-01 -6.71181953e-01  6.27380446e-01 -2.11657344e+00
  1.12052331e+00  1.66496570e+00  4.37841967e-01  2.10455050e+00
  4.15385638e-01 -4.97430078e-01  2.12403680e+00  2.30803674e+00
  8.50772986e-01  3.42357461e-01  1.26195318e+00 -1.69712462e+00
 -6.40946924e-01  4.13697826e-01  7.66710007e-01  6.85392271e-01
  8.39652243e-01  1.78682787e-01 -6.89498740e-01  3.13308878e+00
 -2.36044277e-01  1.06258147e+00  1.46686070e+00 -1.94306717e+00
  4.20330938e-01  2.71317019e+00 -1.01086876e+00  3.91712532e-01
  1.88058095e+00  8.49879581e-02 -3.35749853e-01  1.46245540e+00
  6.81341431e-01  1.04605840e+00  1.04640292e+00 -1.34529782e+00
  1.79527948e+00  6.33715758e-01 -8.46962305e-01 -3.11708342e-01
  2.29409147e+00 -4.10065403e-01  1.76987565e+00  2.11708682e-01
 -2.50939206e-01  1.06280872e+00  2.08538882e+00 -1.65435073e-01
  7.16472013e-01  1.87874189e+00 -1.17452550e+00  1.09326091e+00
  1.25392502e+00 -3.32653502e-01  1.41571712e+00  8.42156809e-01
 -1.09494024e+00  7.41971669e-01  1.04846121e+00 -8.50926022e-02
  3.67273906e-01  1.67231693e+00 -9.28053247e-01  4.39134435e-02] with unbiased energy -173.90748055817457
Removing previous minimum at index 5363 (energy -173.90924065325407) because 
corresponding saddle does not have sufficiently greater energy (-173.86505733167047)
Identified minimum at position [ 2.91729383  1.24827239  0.93778965  1.43946367 -0.57944918  2.48007743
  2.492422    0.60694986  1.40447308  2.28973605 -1.78736921 -0.27959549
  0.40608983 -1.86589539  0.0610745   0.60745952  0.52101994  1.74693589
 -0.02057705 -1.26364585  1.44128438  1.455685   -0.68194707 -1.02072244
  1.65194036 -2.19795028  1.47888169  2.07119601 -1.43059531  2.15320726
 -0.22117157 -1.01650401  0.38334498  2.49306247 -2.03027396  0.78335337
  2.90993552 -1.25792559  1.4536855   2.4951768  -0.77470993 -0.66765597
  0.60542913 -2.11376663  1.11884615  1.64870666  0.43744961  2.10717308
  0.39685671 -0.49443927  2.12375512  2.29689844  0.84868498  0.34553746
  1.2502854  -1.699787   -0.64084861  0.40363686  0.76913263  0.68550829
  0.83431102  0.17705778 -0.69286188  3.11823469 -0.23744032  1.06558611
  1.44909495 -1.94357814  0.42170333  2.69933619 -1.01244261  0.39562942
  1.87152255  0.08236658 -0.33469307  1.4499983   0.68112353  1.04777856
  1.02572001 -1.34378139  1.79507496  0.62437651 -0.84804873 -0.31412805
  2.27699436 -0.41120535  1.7729504   0.19820215 -0.24822289  1.06215499
  2.07275803 -0.16670672  0.71865253  1.86120212 -1.17493224  1.09519169
  1.23821242 -0.33199839  1.4168916   0.82614639 -1.09371892  0.74113672
  1.03899092 -0.08548298  0.36771432  1.66000997 -0.92993615  0.0450984 ] with unbiased energy -173.89908402645128
Removing previous minimum at index 5452 (energy -173.90748055817457) because 
corresponding saddle does not have sufficiently greater energy (-173.86969914614184)
Identified minimum at position [ 2.92014133  1.24424391  0.9280764   1.45416017 -0.57323614  2.48633689
  2.49803824  0.612259    1.3994585   2.30054265 -1.79246608 -0.26860152
  0.41762366 -1.87542738  0.08472194  0.61509286  0.51571899  1.75303405
 -0.00364814 -1.27315357  1.45101331  1.45978597 -0.6986342  -1.01225007
  1.67807764 -2.1971842   1.49661313  2.09209454 -1.42191825  2.16473839
 -0.21146556 -1.02086569  0.39412125  2.51296069 -2.02867684  0.79428316
  2.92674862 -1.250384    1.4599022   2.50093772 -0.78106254 -0.66215178
  0.62907284 -2.12291981  1.14050041  1.65896237  0.44212386  2.10743166
  0.40952587 -0.50004933  2.13070038  2.29488522  0.84719785  0.34059278
  1.25704022 -1.71291364 -0.62255681  0.40502942  0.76241384  0.69238808
  0.83707762  0.16236637 -0.69208913  3.12707815 -0.2311678   1.06500808
  1.46573008 -1.95000077  0.43874112  2.70986033 -1.01182871  0.40103849
  1.87290222  0.0739214  -0.33273715  1.45305494  0.67829814  1.04818994
  1.04482891 -1.34554744  1.8079637   0.62969438 -0.85796702 -0.30228994
  2.28963585 -0.40481101  1.77588899  0.20651421 -0.25480489  1.06845111
  2.07898009 -0.16773043  0.72108381  1.87645931 -1.17531257  1.10496283
  1.24867843 -0.33394663  1.42266469  0.83913803 -1.10053053  0.75355326
  1.0421413  -0.09241962  0.37235523  1.66809514 -0.93671959  0.05434734] with unbiased energy -173.89555477671985
Removing previous minimum at index 5687 (energy -173.89908402645128) because 
corresponding saddle does not have sufficiently greater energy (-173.8739949229209)
Identified minimum at position [ 2.93714469  1.25691361  0.92834258  1.48901695 -0.70286362  2.42885551
  2.52916748  0.52822152  1.38850879  2.30648856 -1.77050817 -0.39935741
  0.42591993 -1.87694891 -0.02968658  0.64922051  0.42816915  1.7546254
  0.0209989  -1.34352225  1.37518107  1.4700531  -0.64525071 -1.06649563
  1.69854911 -2.2760593   1.34971684  2.11602179 -1.54227518  2.06165339
 -0.19789211 -1.04148803  0.33550027  2.52534159 -2.07691855  0.64482549
  2.94515183 -1.34783917  1.36009366  2.51776865 -0.73525515 -0.72270543
  0.64681598 -2.17742646  1.00967082  1.69593711  0.32937346  2.09295799
  0.4436194  -0.60508606  2.08699541  2.30666572  0.83356242  0.35041751
  1.25822091 -1.67654286 -0.73525767  0.43069571  0.72982286  0.70817268
  0.83665209  0.18980394 -0.70138161  3.15494272 -0.30963098  1.03314861
  1.47708104 -1.97095569  0.30797969  2.72552568 -1.03876449  0.31943027
  1.88651446  0.09117323 -0.35267534  1.47764726  0.62418035  1.0475713
  1.07082047 -1.43827719  1.71476207  0.63568414 -0.84078749 -0.36142968
  2.31769526 -0.50808131  1.72328361  0.23041171 -0.30736437  1.04165018
  2.09833286 -0.20999723  0.68556905  1.89615206 -1.23749188  1.01473027
  1.27497159 -0.40842465  1.3790264   0.85656593 -1.13791055  0.67620833
  1.05750005 -0.11042198  0.34400411  1.68037594 -0.93850164 -0.01899779] with unbiased energy -173.9115261402335
Removing previous minimum at index 5772 (energy -173.89555477671985) because 
corresponding saddle does not have sufficiently greater energy (-173.86120777531877)
Identified minimum at position [ 2.94009251  1.2692985   0.94648887  1.4756495  -0.68587526  2.42859101
  2.52485385  0.54142378  1.39616271  2.30938632 -1.76195967 -0.39349291
  0.42949607 -1.86240083 -0.04535709  0.64164303  0.44958885  1.74403149
  0.01071021 -1.32318579  1.37315719  1.47158946 -0.6221247  -1.06921198
  1.68080879 -2.25947343  1.34939959  2.10009329 -1.52771158  2.06310437
 -0.19881924 -1.03663076  0.32933652  2.51666594 -2.06536654  0.65441105
  2.93495272 -1.33390209  1.36824705  2.51681322 -0.72863313 -0.72243498
  0.6332089  -2.15577834  0.99977753  1.68452174  0.34616705  2.09332215
  0.43312908 -0.5816571   2.08326071  2.31782393  0.84145792  0.35386787
  1.26758062 -1.6569103  -0.74287982  0.43171141  0.74405851  0.69409607
  0.83756942  0.2104628  -0.6974911   3.14906547 -0.29729504  1.03921387
  1.47302455 -1.95451316  0.30520145  2.72222568 -1.0300472   0.32514812
  1.89139157  0.10539799 -0.35226757  1.47791869  0.64052583  1.04531525
  1.05736671 -1.41894017  1.71162502  0.63881379 -0.82592369 -0.3676283
  2.30786231 -0.49331975  1.72735241  0.22604763 -0.29204534  1.0364883
  2.09721794 -0.19667987  0.68750005  1.88803513 -1.22209408  1.01593892
  1.26827227 -0.39093883  1.37710284  0.85173602 -1.1211199   0.67111636
  1.05924068 -0.09516468  0.34151961  1.68086368 -0.92365925 -0.02022117] with unbiased energy -173.91119684217202
Removing previous minimum at index 8044 (energy -173.9115261402335) because 
corresponding saddle does not have sufficiently greater energy (-173.86752285780983)
Identified minimum at position [ 2.93237336  1.25437447  0.93213937  1.47449887 -0.72327393  2.41798735
  2.52055181  0.51609852  1.39311995  2.30031256 -1.7651149  -0.4179738
  0.41849575 -1.87185147 -0.05974244  0.63978885  0.41718091  1.75229868
  0.00758088 -1.34996009  1.355749    1.46742476 -0.62987541 -1.07797659
  1.68084551 -2.28576964  1.32241193  2.09919117 -1.56084952  2.0431711
 -0.20534465 -1.04230496  0.31751457  2.51243439 -2.08172884  0.62448049
  2.93188116 -1.36039551  1.34761432  2.51376461 -0.72723023 -0.73122087
  0.63117187 -2.18023006  0.97880269  1.68461332  0.3121825   2.09281784
  0.43060949 -0.61881463  2.07582918  2.30244503  0.83162771  0.35657153
  1.25466071 -1.66459603 -0.75914167  0.42705437  0.72884387  0.70795591
  0.83243522  0.20005737 -0.7048054   3.14565778 -0.31955178  1.03144835
  1.46644828 -1.96972811  0.28294329  2.71729882 -1.04106231  0.30919276
  1.88323956  0.09710382 -0.35529299  1.47115368  0.6181154   1.04884458
  1.05566724 -1.44989948  1.69460143  0.63123989 -0.83344115 -0.37691096
  2.3056144  -0.52318297  1.71700219  0.22243127 -0.31258769  1.03371926
  2.0911964  -0.21442894  0.68133393  1.88432587 -1.24433315  0.9992743
  1.26481612 -0.4175302   1.37069601  0.84660623 -1.13950539  0.65841304
  1.05308643 -0.10972091  0.33809661  1.67403579 -0.93513129 -0.03244484] with unbiased energy -173.91056766257472
Removing previous minimum at index 8558 (energy -173.91119684217202) because 
corresponding saddle does not have sufficiently greater energy (-173.89107510926365)
Identified minimum at position [ 2.91857847  1.23880992  0.92582511  1.45604599 -0.72117196  2.4220942
  2.50462685  0.51650582  1.39585385  2.28551864 -1.77106119 -0.40924159
  0.40136369 -1.87421679 -0.05304415  0.6242644   0.41738094  1.75625321
 -0.01060666 -1.34839696  1.35725409  1.45832662 -0.64155731 -1.07562883
  1.66219896 -2.28610271  1.33112665  2.08096112 -1.55911326  2.04931913
 -0.21966819 -1.039377    0.31806599  2.49541533 -2.08302467  0.63453856
  2.91533306 -1.35913837  1.35484226  2.50288403 -0.73462966 -0.72594268
  0.61285043 -2.18097079  0.98592533  1.66877001  0.31352835  2.09642136
  0.41217554 -0.61804884  2.07863396  2.28608951  0.82875661  0.35779269
  1.24004403 -1.67368249 -0.75206351  0.41404823  0.72911014  0.71210454
  0.82593526  0.19217299 -0.70909772  3.12984999 -0.31888349  1.03430007
  1.44954734 -1.97299654  0.29108351  2.70302045 -1.04312164  0.31520805
  1.87111601  0.09077342 -0.3540502   1.45622958  0.61675949  1.05160693
  1.03727033 -1.44901949  1.69956944  0.62033749 -0.83866125 -0.37492714
  2.2892248  -0.52206217  1.72160018  0.20821167 -0.31179659  1.0360431
  2.07728066 -0.21624372  0.68459274  1.86785959 -1.24503667  1.00513717
  1.24905829 -0.41758282  1.37462974  0.83080577 -1.14067214  0.66257367
  1.04198906 -0.11283526  0.34074716  1.66061554 -0.94008028 -0.02778197] with unbiased energy -173.91129171000412
Removing previous minimum at index 8697 (energy -173.91056766257472) because 
corresponding saddle does not have sufficiently greater energy (-173.87776814152963)
Identified minimum at position [ 2.91152385  1.2357895   0.93022394  1.4356544  -0.70731103  2.42746603
  2.4911599   0.52580647  1.40341147  2.27865916 -1.77252429 -0.39396726
  0.39290347 -1.86915231 -0.05244987  0.60917888  0.43083503  1.75371682
 -0.0284276  -1.33527601  1.35984824  1.45415508 -0.64012863 -1.07279891
  1.64028538 -2.27597534  1.3430447   2.06001954 -1.54703123  2.05883156
 -0.22916985 -1.03488111  0.31708746  2.48021262 -2.07697557  0.65341481
  2.89918759 -1.34801204  1.36900764  2.49586961 -0.73891105 -0.71900154
  0.59365617 -2.16928929  0.99049132  1.65112753  0.32624743  2.10040495
  0.39344148 -0.6026453   2.08043283  2.28158291  0.83065442  0.36116172
  1.23707798 -1.67182193 -0.74634624  0.40615422  0.73701807  0.7071306
  0.82316697  0.19567783 -0.70905878  3.11611116 -0.30955059  1.04138372
  1.43698162 -1.96698144  0.30068577  2.69253089 -1.03952053  0.32631872
  1.86624586  0.09240144 -0.35160622  1.44627759  0.62545797  1.0528264
  1.01749622 -1.43602371  1.705052    0.61568293 -0.83588983 -0.37437891
  2.27267761 -0.51074323  1.72972778  0.19629858 -0.30231945  1.03602729
  2.0677582  -0.20980755  0.68985479  1.85281826 -1.23615834  1.01382466
  1.23476033 -0.40676158  1.37837853  0.81807636 -1.13233858  0.66584812
  1.0359527  -0.1071429   0.34265661  1.65273754 -0.93658051 -0.02183337] with unbiased energy -173.90235371881306
Removing previous minimum at index 8809 (energy -173.91129171000412) because 
corresponding saddle does not have sufficiently greater energy (-173.8733773595844)
Identified minimum at position [ 2.94081598  1.25939057  0.92815814  1.49198028 -0.7223683   2.41914197
  2.53265876  0.51683598  1.38798422  2.31203972 -1.76636083 -0.41792755
  0.43161224 -1.87771306 -0.04960983  0.65277217  0.41270204  1.75411205
  0.0255946  -1.35696266  1.35972034  1.47402545 -0.63582093 -1.0752113
  1.70423652 -2.28716899  1.32709615  2.11948456 -1.55896269  2.04614744
 -0.19360265 -1.04626174  0.32307487  2.53077691 -2.08230128  0.62364943
  2.94878941 -1.35976401  1.34645197  2.52238111 -0.72793252 -0.73138324
  0.65274831 -2.18684472  0.98715589  1.69960593  0.31249155  2.09087735
  0.44677532 -0.62363235  2.07786847  2.30895081  0.83138325  0.35268924
  1.263599   -1.66998355 -0.75315604  0.4347215   0.72383683  0.71031648
  0.83734791  0.19406763 -0.70300371  3.15898688 -0.3190612   1.02919147
  1.48277635 -1.97369063  0.28748178  2.72983133 -1.04134269  0.30813701
  1.88977486  0.09410779 -0.35549474  1.48080783  0.61559151  1.04766822
  1.07509983 -1.45295917  1.69886997  0.63902815 -0.83817071 -0.37181509
  2.3210469  -0.52233218  1.71573456  0.23416793 -0.31735647  1.03567936
  2.10162413 -0.2158197   0.68044623  1.90047775 -1.24611085  1.00094631
  1.27856097 -0.42016141  1.37164362  0.86107273 -1.14424611  0.66277511
  1.06049809 -0.11351605  0.3390652   1.68458384 -0.93827153 -0.03040944] with unbiased energy -173.8997974281372
Removing previous minimum at index 9362 (energy -173.90235371881306) because 
corresponding saddle does not have sufficiently greater energy (-173.8712962963517)
Identified minimum at position [ 2.93813428  1.26509697  0.93631461  1.48009744 -0.58449895  2.47878468
  2.51961401  0.60701471  1.39698894  2.31901736 -1.7844091  -0.28750305
  0.43911278 -1.87248069  0.07004812  0.63653993  0.5107423   1.74844994
  0.02071546 -1.27848505  1.44565002  1.47165125 -0.6809374  -1.01869879
  1.70231263 -2.2021872   1.47720524  2.11699465 -1.43209821  2.15110151
 -0.19295282 -1.02512821  0.39102413  2.53481676 -2.03046391  0.77324238
  2.94911747 -1.25769057  1.44524505  2.51533754 -0.76952634 -0.6730043
  0.65263801 -2.12527635  1.1243625   1.68065428  0.43321902  2.10349215
  0.43539964 -0.50670834  2.12539439  2.31639896  0.84991271  0.34036822
  1.27489443 -1.69972346 -0.63828631  0.42319555  0.76045646  0.68805475
  0.84544472  0.17435584 -0.68672618  3.14837238 -0.23593359  1.05988294
  1.48719922 -1.94736578  0.42105115  2.72875147 -1.0112837   0.3888268
  1.88913649  0.08315435 -0.33574712  1.47359711  0.67700428  1.04565745
  1.06964185 -1.35236402  1.79687454  0.64380575 -0.85009585 -0.30776743
  2.31227919 -0.41253102  1.76792232  0.22601729 -0.25832207  1.06449873
  2.09821755 -0.16780881  0.71541004  1.89841956 -1.17826325  1.09276015
  1.27045925 -0.33824686  1.41593053  0.85996715 -1.10106621  0.7443803
  1.05802868 -0.08925242  0.36806113  1.68576694 -0.93060908  0.04435587] with unbiased energy -173.89989422966605
Removing previous minimum at index 9928 (energy -173.8997974281372) because 
corresponding saddle does not have sufficiently greater energy (-173.85468279952357)
Identified minimum at position [ 2.92948414  1.26344463  0.94474835  1.45587054 -0.55887624  2.486109
  2.50534415  0.62179878  1.40328832  2.30510413 -1.78461291 -0.26613939
  0.42379444 -1.86260216  0.07563336  0.61961837  0.53673834  1.74241104
 -0.00336645 -1.25195869  1.4543737   1.46388937 -0.67891522 -1.01356779
  1.67040047 -2.18332105  1.49560379  2.08924137 -1.41106868  2.16464919
 -0.20722382 -1.01531021  0.39494105  2.51061937 -2.01995972  0.79857257
  2.92650859 -1.24165759  1.46286812  2.50421849 -0.77485984 -0.66305376
  0.62369418 -2.10283445  1.1354087   1.66082267  0.45589722  2.10615023
  0.41323747 -0.47594055  2.12895729  2.31318332  0.85437521  0.34229279
  1.26596148 -1.69631348 -0.62799162  0.41388684  0.77474462  0.67833787
  0.84176827  0.1809415  -0.68616274  3.1314534  -0.2238014   1.06741063
  1.46636808 -1.93580394  0.43658294  2.71289286 -1.00529874  0.4032832
  1.88266354  0.0864289  -0.33275923  1.46301472  0.69243609  1.0454613
  1.04318158 -1.32794326  1.80680898  0.63570288 -0.84505108 -0.30467538
  2.29166035 -0.39388847  1.77713411  0.21059984 -0.23913199  1.06497456
  2.08547564 -0.15691864  0.72136595  1.87711168 -1.1627923   1.1050294
  1.25226986 -0.31839362  1.42073044  0.84141709 -1.08527771  0.75125111
  1.04929852 -0.07847784  0.37037739  1.67311919 -0.92386054  0.05335289] with unbiased energy -173.89364843834667
Removing previous minimum at index 13041 (energy -173.89989422966605) because 
corresponding saddle does not have sufficiently greater energy (-173.87568589628924)
Identified minimum at position [ 2.9163567   1.24686442  0.9359497   1.43982796 -0.55938171  2.48898284
  2.49131957  0.61942246  1.40359613  2.28998746 -1.79110132 -0.2594711
  0.40644185 -1.86710376  0.08354071  0.60617549  0.53307741  1.74737578
 -0.01960587 -1.2544197   1.45517307  1.45455332 -0.69302991 -1.01076167
  1.65499009 -2.18621151  1.50305999  2.07362074 -1.41171271  2.16939256
 -0.2211119  -1.01366244  0.39526821  2.49517353 -2.02304909  0.80545965
  2.9116304  -1.24328868  1.46749068  2.49385393 -0.78228444 -0.65798083
  0.60796306 -2.1071297   1.14288186  1.64786429  0.45448125  2.10824241
  0.39668775 -0.4795026   2.13153388  2.29609849  0.85035058  0.34247398
  1.25001576 -1.70747273 -0.62058261  0.40147165  0.77249918  0.6842233
  0.83519872  0.17037366 -0.69097278  3.11764179 -0.22615405  1.0688455
  1.45037652 -1.9416034   0.44384198  2.69947119 -1.00864506  0.40734892
  1.87034254  0.07806183 -0.33140961  1.44878969  0.68821727  1.04749374
  1.02719997 -1.33037845  1.81115278  0.62423709 -0.85238641 -0.30249254
  2.27723935 -0.395551    1.77990267  0.19746525 -0.24137394  1.06747332
  2.07213253 -0.16113801  0.72365709  1.86214238 -1.16616496  1.10949068
  1.23790527 -0.32158244  1.4239595   0.82662747 -1.08940031  0.75514571
  1.03797463 -0.084196    0.37270932  1.65977406 -0.93102563  0.05740913] with unbiased energy -173.8861928180873
Removing previous minimum at index 13266 (energy -173.89364843834667) because 
corresponding saddle does not have sufficiently greater energy (-173.85174707471938)
Identified minimum at position [ 2.92247078e+00  1.23983346e+00  9.22677876e-01  1.46666333e+00
 -7.41132011e-01  2.41348810e+00  2.51259451e+00  5.03140730e-01
  1.39132372e+00  2.28866815e+00 -1.76848180e+00 -4.28636598e-01
  4.05185542e-01 -1.87712327e+00 -6.49776376e-02  6.33131378e-01
  4.00748841e-01  1.75804802e+00 -1.61104572e-03 -1.36265764e+00
  1.34724831e+00  1.46088587e+00 -6.37801066e-01 -1.08219428e+00
  1.67306953e+00 -2.29894661e+00  1.31093137e+00  2.09108371e+00
 -1.57695393e+00  2.03458790e+00 -2.14930815e-01 -1.04369913e+00
  3.11744224e-01  2.50260812e+00 -2.09064243e+00  6.11341078e-01
  2.92305106e+00 -1.37417605e+00  1.33862041e+00  2.50715621e+00
 -7.28726012e-01 -7.34472584e-01  6.22355784e-01 -2.19256066e+00
  9.70200633e-01  1.67919851e+00  2.95569347e-01  2.09320304e+00
  4.21936213e-01 -6.37299843e-01  2.07285757e+00  2.28764783e+00
  8.25841097e-01  3.57635495e-01  1.24103433e+00 -1.67148436e+00
 -7.65662443e-01  4.19215648e-01  7.21276839e-01  7.16876823e-01
  8.26623502e-01  1.92238267e-01 -7.10551898e-01  3.13764849e+00
 -3.31528924e-01  1.02777008e+00  1.45554324e+00 -1.97829781e+00
  2.73697446e-01  2.70840314e+00 -1.04765171e+00  3.02342652e-01
  1.87369391e+00  9.08868766e-02 -3.56851348e-01  1.46188936e+00
  6.06244684e-01  1.05145822e+00  1.04722086e+00 -1.46505748e+00
  1.68724261e+00  6.22412488e-01 -8.38886455e-01 -3.81249950e-01
  2.29800245e+00 -5.38137826e-01  1.71257336e+00  2.14759986e-01
 -3.22472638e-01  1.03319901e+00  2.08231430e+00 -2.24153258e-01
  6.78781130e-01  1.87540046e+00 -1.25583201e+00  9.92147651e-01
  1.25672078e+00 -4.30946026e-01  1.36851503e+00  8.37214275e-01
 -1.14895086e+00  6.53067003e-01  1.04531116e+00 -1.18111734e-01
  3.37158015e-01  1.66455516e+00 -9.42520384e-01 -3.76394546e-02] with unbiased energy -173.90258293390255
Removing previous minimum at index 13363 (energy -173.8861928180873) because 
corresponding saddle does not have sufficiently greater energy (-173.84784700568676)
Identified minimum at position [ 2.92674638  1.25303314  0.93896746  1.45792081 -0.72746182  2.41322837
  2.5110433   0.51336144  1.39794069  2.29160872 -1.76093266 -0.42423168
  0.40869583 -1.86386757 -0.07885635  0.62900735  0.42016312  1.74886442
 -0.00909209 -1.34394788  1.34686366  1.46310174 -0.61710062 -1.08423983
  1.65794426 -2.28508799  1.30962548  2.07899873 -1.56582184  2.03481095
 -0.21479857 -1.03924926  0.30736549  2.49548618 -2.08133148  0.61859171
  2.91575149 -1.36353513  1.34462352  2.50749314 -0.72267896 -0.73439217
  0.61073049 -2.172847    0.96146239  1.67161438  0.30920406  2.09344631
  0.41570724 -0.6161132   2.0705464   2.29953478  0.83258571  0.36087202
  1.24956738 -1.65389118 -0.77254972  0.42211434  0.73383894  0.70422587
  0.82843931  0.21061849 -0.70626674  3.13448463 -0.32212364  1.03271979
  1.45236143 -1.96388262  0.27068196  2.70678255 -1.04046713  0.30660343
  1.87946632  0.1034178  -0.35635573  1.4642354   0.62045125  1.04930023
  1.03714071 -1.44821284  1.68442109  0.62585937 -0.82553378 -0.38646036
  2.29153871 -0.52659519  1.71565685  0.2126992  -0.30861815  1.02951687
  2.08300901 -0.21295339  0.68026639  1.8696563  -1.24293754  0.99263808
  1.2528875  -0.41582203  1.36680427  0.83415435 -1.13395026  0.64870931
  1.04809242 -0.1045126   0.33497883  1.66597911 -0.92949566 -0.0389302 ] with unbiased energy -173.90069931937396
Removing previous minimum at index 22741 (energy -173.90258293390255) because 
corresponding saddle does not have sufficiently greater energy (-173.88607402271344)
