Starting run 7
Identified minimum at position [ 2.92690577e+00  1.25206361e+00  9.33527392e-01  1.46345283e+00
 -6.56385138e-01  2.44831404e+00  2.51022790e+00  5.58850624e-01
  1.39757615e+00  2.29883879e+00 -1.77680911e+00 -3.53647731e-01
  4.16677854e-01 -1.87162117e+00  2.63226156e-07  6.28066949e-01
  4.64038690e-01  1.75122408e+00 -1.99072558e-08 -1.31277057e+00
  1.39757632e+00  1.46345293e+00 -6.56385386e-01 -1.05073769e+00
  1.67484206e+00 -2.24630671e+00  1.39757650e+00  2.09253502e+00
 -1.50011330e+00  2.09636448e+00 -2.09354028e-01 -1.03198402e+00
  3.50243283e-01  2.50921278e+00 -2.05896386e+00  6.98788365e-01
  2.92690573e+00 -1.31277050e+00  1.39757630e+00  2.50717764e+00
 -7.49829153e-01 -7.02192787e-01  6.26031832e-01 -2.15240774e+00
  1.04733322e+00  1.67179170e+00  3.70594860e-01  2.09976907e+00
  4.19728098e-01 -5.62941259e-01  2.09976910e+00  2.30087395e+00
  8.39637160e-01  3.50243077e-01  1.25511401e+00 -1.68336539e+00
 -7.02192668e-01  4.17692895e-01  7.46193357e-01  6.98788036e-01
  8.34370731e-01  1.87342841e-01 -6.98788055e-01  3.13625977e+00
 -2.80786528e-01  1.04733307e+00  1.46345293e+00 -1.95963110e+00
  3.49392221e-01  2.71248849e+00 -1.02835248e+00  3.49392082e-01
  1.87912301e+00  8.93615648e-02 -3.46011958e-01  1.46345286e+00
  6.46860597e-01  1.04818420e+00  1.04778274e+00 -1.40213208e+00
  1.74358836e+00  6.30087329e-01 -8.41917037e-01 -3.46011897e-01
  2.29681842e+00 -4.70853519e-01  1.74358825e+00  2.14417196e-01
 -2.84418004e-01  1.04818428e+00  2.08550952e+00 -1.92580986e-01
  6.98788168e-01  1.87849352e+00 -1.21303988e+00  1.04511998e+00
  1.25643686e+00 -3.78734264e-01  1.39313907e+00  8.41396190e-01
 -1.12018952e+00  6.98788244e-01  1.04841220e+00 -9.97306432e-02
  3.52456404e-01  1.67046885e+00 -9.34036242e-01  4.43732726e-03] with unbiased energy -173.92842659062353
Identified minimum at position [ 2.92681024e+00  1.25051406e+00  9.32009930e-01  1.46481465e+00
 -6.79959134e-01  2.43826742e+00  2.51162748e+00  5.43654412e-01
  1.39639239e+00  2.29733878e+00 -1.77372233e+00 -3.75371848e-01
  4.14988639e-01 -1.87234751e+00 -2.02075085e-02  6.30055648e-01
  4.47224559e-01  1.75234734e+00  2.37621774e-04 -1.32612588e+00
  1.38296090e+00  1.46356279e+00 -6.48833180e-01 -1.06016518e+00
  1.67459533e+00 -2.26066223e+00  1.37223556e+00  2.09243882e+00
 -1.52160158e+00  2.07854538e+00 -2.09910249e-01 -1.03543444e+00
  3.38686562e-01  2.50811728e+00 -2.06752306e+00  6.73804614e-01
  2.92641544e+00 -1.32971693e+00  1.38098161e+00  2.50797840e+00
 -7.42913852e-01 -7.11865527e-01  6.25505382e-01 -2.16279332e+00
  1.02410157e+00  1.67416227e+00  3.49969080e-01  2.09788914e+00
  4.21014709e-01 -5.82975289e-01  2.09177570e+00  2.29897624e+00
  8.36372824e-01  3.52597866e-01  1.25291232e+00 -1.67827005e+00
 -7.21442439e-01  4.19113862e-01  7.39956940e-01  7.02785049e-01
  8.32731708e-01  1.90570521e-01 -7.01592317e-01  3.13737300e+00
 -2.94552381e-01  1.04219251e+00  1.46227413e+00 -1.96398075e+00
  3.26963558e-01  2.71222426e+00 -1.03332096e+00  3.35953577e-01
  1.87879944e+00  9.11309939e-02 -3.49203390e-01  1.46401634e+00
  6.36377643e-01  1.04879475e+00  1.04811938e+00 -1.41924146e+00
  1.72700603e+00  6.28955597e-01 -8.39837758e-01 -3.56740914e-01
  2.29768658e+00 -4.89399244e-01  1.73490767e+00  2.15272343e-01
 -2.94517551e-01  1.04343629e+00  2.08557179e+00 -2.00694436e-01
  6.93063552e-01  1.87833962e+00 -1.22446189e+00  1.02973014e+00
  1.25723110e+00 -3.92687358e-01  1.38579084e+00  8.41094733e-01
 -1.12746889e+00  6.85072082e-01  1.04846547e+00 -1.03869540e-01
  3.47729157e-01  1.66986841e+00 -9.35308833e-01 -8.02831740e-03] with unbiased energy -173.92643654790476
Removing previous minimum at index 83 (energy -173.92842659062353) because 
corresponding saddle does not have sufficiently greater energy (-173.8584926722063)
Identified minimum at position [ 2.93791530e+00  1.26310771e+00  9.36276602e-01  1.48063319e+00
 -6.65465888e-01  2.44304816e+00  2.52393358e+00  5.53912311e-01
  1.39467815e+00  2.31071001e+00 -1.77240855e+00 -3.66203901e-01
  4.30338802e-01 -1.87154589e+00 -8.04559834e-03  6.42007396e-01
  4.57651554e-01  1.74951086e+00  1.64727614e-02 -1.31942152e+00
  1.39341294e+00  1.47097556e+00 -6.47799907e-01 -1.05444660e+00
  1.69252335e+00 -2.25123112e+00  1.38504759e+00  2.10972069e+00
 -1.50798426e+00  2.08738059e+00 -1.97346271e-01 -1.03571214e+00
  3.48034236e-01  2.52438923e+00 -2.06112386e+00  6.84226848e-01
  2.94197286e+00 -1.31882166e+00  1.38730644e+00  2.51657825e+00
 -7.43092216e-01 -7.08792372e-01  6.42905537e-01 -2.15675104e+00
  1.03762201e+00  1.68642609e+00  3.62946986e-01  2.09677672e+00
  4.36559119e-01 -5.70784560e-01  2.09624245e+00  2.31260864e+00
  8.40324593e-01  3.49535200e-01  1.26590434e+00 -1.67708441e+00
 -7.11342950e-01  4.28559635e-01  7.42965778e-01  6.97889025e-01
  8.39343437e-01  1.92193889e-01 -6.96238786e-01  3.15019254e+00
 -2.85292992e-01  1.04336971e+00  1.47794698e+00 -1.95986002e+00
  3.38237902e-01  2.72484381e+00 -1.02879503e+00  3.41009159e-01
  1.88862378e+00  9.33599110e-02 -3.47799741e-01  1.47582781e+00
  6.43824240e-01  1.04659373e+00  1.06482025e+00 -1.40898565e+00
  1.73639870e+00  6.38740302e-01 -8.38793454e-01 -3.49126149e-01
  2.31179379e+00 -4.77418667e-01  1.73779100e+00  2.26997237e-01
 -2.89107112e-01  1.04587115e+00  2.09740635e+00 -1.94318928e-01
  6.94862110e-01  1.89324841e+00 -1.21672028e+00  1.03700968e+00
  1.27055442e+00 -3.83813409e-01  1.38876601e+00  8.55185551e-01
 -1.12281431e+00  6.93099560e-01  1.05786002e+00 -9.98809559e-02
  3.49790600e-01  1.68165996e+00 -9.31971295e-01 -1.87501235e-03] with unbiased energy -173.92237811246008
Removing previous minimum at index 226 (energy -173.92643654790476) because 
corresponding saddle does not have sufficiently greater energy (-173.85767062714638)
Identified minimum at position [ 2.92677366e+00  1.24908284e+00  9.30561528e-01  1.46613538e+00
 -7.01955051e-01  2.42873020e+00  2.51298604e+00  5.29471449e-01
  1.39518066e+00  2.29596443e+00 -1.77066136e+00 -3.95598137e-01
  4.13428965e-01 -1.87289352e+00 -3.90151704e-02  6.31946439e-01
  4.31448635e-01  1.75332730e+00  5.02968078e-04 -1.33853621e+00
  1.36923111e+00  1.46369043e+00 -6.41746721e-01 -1.06888299e+00
  1.67443174e+00 -2.27389505e+00  1.34847549e+00  2.09241903e+00
 -1.54155528e+00  2.06173479e+00 -2.10402069e-01 -1.03856676e+00
  3.27907449e-01  2.50714464e+00 -2.07528972e+00  6.50410126e-01
  2.92600984e+00 -1.34539481e+00  1.36531993e+00  2.50875466e+00
 -7.36416049e-01 -7.20808475e-01  6.25068842e-01 -2.17235643e+00
  1.00237301e+00  1.67642711e+00  3.30674082e-01  2.09603389e+00
  4.22253744e-01 -6.01695988e-01  2.08419362e+00  2.29722509e+00
  8.33292569e-01  3.54806751e-01  1.25086908e+00 -1.67338841e+00
 -7.39334057e-01  4.20479577e-01  7.34072943e-01  7.06529207e-01
  8.31214752e-01  1.93570188e-01 -7.04196454e-01  3.13846149e+00
 -3.07369514e-01  1.03724591e+00  1.46120647e+00 -1.96788741e+00
  3.06020472e-01  2.71200796e+00 -1.03783590e+00  3.23372809e-01
  1.87851616e+00  9.27677133e-02 -3.52129633e-01  1.46458399e+00
  6.26525485e-01  1.04939321e+00  1.04848279e+00 -1.43514367e+00
  1.71142098e+00  6.27916204e-01 -8.37851643e-01 -3.66689501e-01
  2.29853297e+00 -5.06671655e-01  1.72665521e+00  2.16096720e-01
 -3.03955797e-01  1.03896797e+00  2.08562959e+00 -2.08264464e-01
  6.87679078e-01  1.87823274e+00 -1.23503443e+00  1.01528829e+00
  1.25799590e+00 -4.05714242e-01  1.37886525e+00  8.40844826e-01
 -1.13419505e+00  6.72252841e-01  1.04852163e+00 -1.07726239e-01
  3.43320543e-01  1.66932478e+00 -9.36427137e-01 -1.96425106e-02] with unbiased energy -173.92101027841727
Removing previous minimum at index 359 (energy -173.92237811246008) because 
corresponding saddle does not have sufficiently greater energy (-173.85943051833047)
Identified minimum at position [ 2.93820222  1.26194785  0.93488139  1.48224401 -0.68854896  2.4330295
  2.52557912  0.53907716  1.39344067  2.30966363 -1.76916343 -0.38753588
  0.42913805 -1.87222015 -0.02800356  0.64419425  0.44113418  1.75042645
  0.01708406 -1.33259685  1.37889811  1.47136133 -0.64016826 -1.06366873
  1.69273202 -2.26518762  1.36004278  2.10998112 -1.52895392  2.06977099
 -0.19754528 -1.0391966   0.33656135  2.52375561 -2.06931286  0.65961086
  2.94184002 -1.33528314  1.37091596  2.5176758  -0.73614776 -0.7182619
  0.64284553 -2.16690387  1.01465942  1.68897789  0.34275407  2.09477935
  0.438109   -0.59046819  2.08820831  2.31112645  0.83717187  0.3518377
  1.26418524 -1.67188492 -0.73027686  0.43021606  0.73681842  0.70164987
  0.83791021  0.19546103 -0.69892716  3.15162238 -0.29869227  1.03828597
  1.47723362 -1.96400384  0.31612218  2.72492956 -1.03349711  0.32777649
  1.88860206  0.09518503 -0.35089081  1.4766398   0.63356619  1.04708495
  1.06551553 -1.42574037  1.71997325  0.63791594 -0.83670112 -0.35971055
  2.31291397 -0.49552219  1.72915366  0.22810211 -0.29906696  1.04105396
  2.0977157  -0.20221167  0.68918611  1.89344931 -1.2278309   1.02180128
  1.27159631 -0.39747561  1.38141808  0.85524441 -1.12993353  0.67951745
  1.05809479 -0.10389923  0.34505127  1.68139654 -0.93310433 -0.01415642] with unbiased energy -173.91842925271658
Removing previous minimum at index 498 (energy -173.92101027841727) because 
corresponding saddle does not have sufficiently greater energy (-173.8637162762001)
Identified minimum at position [ 2.91618320e+00  1.23996910e+00  9.29238576e-01  1.44749953e+00
 -6.68469015e-01  2.44479484e+00  2.49805524e+00  5.49989766e-01
  1.39964555e+00  2.28570290e+00 -1.77876415e+00 -3.60316561e-01
  4.01501412e-01 -1.87242087e+00 -9.88549319e-03  6.16102106e-01
  4.55387059e-01  1.75394142e+00 -1.62685381e-02 -1.31800518e+00
  1.38872201e+00  1.45627843e+00 -6.58484973e-01 -1.05525357e+00
  1.65682512e+00 -2.25438768e+00  1.38767804e+00  2.07520948e+00
 -1.51162218e+00  2.08964231e+00 -2.21768460e-01 -1.03128548e+00
  3.42140360e-01  2.49301286e+00 -2.06473490e+00  6.91271031e-01
  2.91143507e+00 -1.32213687e+00  1.39326905e+00  2.49877404e+00
 -7.50657537e-01 -7.04036827e-01  6.08594551e-01 -2.15743507e+00
  1.03644196e+00  1.65944308e+00  3.59695182e-01  2.10124992e+00
  4.04080378e-01 -5.72966447e-01  2.09620786e+00  2.28773023e+00
  8.35850577e-01  3.53214419e-01  1.24241738e+00 -1.68532977e+00
 -7.10070510e-01  4.08377187e-01  7.43776714e-01  7.03172751e-01
  8.28176808e-01  1.85200784e-01 -7.03725143e-01  3.12360366e+00
 -2.88838026e-01  1.04688667e+00  1.44789161e+00 -1.96350235e+00
  3.40689604e-01  2.70012164e+00 -1.03263125e+00  3.45955432e-01
  1.86967468e+00  8.67135123e-02 -3.46945726e-01  1.45189140e+00
  6.40414534e-01  1.05043067e+00  1.03101059e+00 -1.41065289e+00
  1.73611901e+00  6.20617358e-01 -8.43278736e-01 -3.52324234e-01
  2.28277959e+00 -4.81051525e-01  1.74187649e+00  2.02814859e-01
 -2.88754362e-01  1.04623036e+00  2.07407034e+00 -1.98297820e-01
  6.97792895e-01  1.86367634e+00 -1.21974352e+00  1.03966801e+00
  1.24322666e+00 -3.86241473e-01  1.39112342e+00  8.27432574e-01
 -1.12419387e+00  6.92352340e-01  1.03958385e+00 -1.03491486e-01
  3.51129234e-01  1.65897700e+00 -9.37495030e-01 -2.16429532e-04] with unbiased energy -173.92229274258725
Removing previous minimum at index 631 (energy -173.91842925271658) because 
corresponding saddle does not have sufficiently greater energy (-173.85872398991532)
Identified minimum at position [ 2.92241431  1.2393219   0.91932785  1.46812095 -0.67314582  2.44682584
  2.5085397   0.5483311   1.39387981  2.29818927 -1.78245204 -0.36013462
  0.41514434 -1.8832629   0.00576554  0.62885608  0.44315501  1.75957428
  0.00523718 -1.33324245  1.39316891  1.46241731 -0.67157628 -1.05093983
  1.68732391 -2.26073695  1.39388715  2.10115488 -1.5132731   2.09317758
 -0.20936403 -1.03785393  0.34935325  2.51599305 -2.06753862  0.68981976
  2.93232525 -1.32292647  1.39119999  2.5073595  -0.75346055 -0.70363513
  0.63602797 -2.17181716  1.04851014  1.67498524  0.35497125  2.10035736
  0.4225698  -0.5867433   2.09971409  2.28902206  0.83312967  0.34914837
  1.25022626 -1.69659796 -0.70040657  0.41389982  0.73406273  0.71058415
  0.83214889  0.17232503 -0.70318198  3.13712984 -0.28904744  1.04368312
  1.4672496  -1.97243754  0.34755334  2.71383639 -1.0344466   0.34457248
  1.87379919  0.07935237 -0.34657087  1.45919645  0.63288382  1.05066221
  1.05503426 -1.42037671  1.7420658   0.62773479 -0.85275538 -0.34469922
  2.30023429 -0.48334346  1.74062536  0.21505997 -0.29954781  1.05018375
  2.08381678 -0.20305815  0.69733017  1.88282956 -1.22568781  1.04231082
  1.25811776 -0.39451401  1.39342454  0.84386458 -1.1346171   0.69902568
  1.04538108 -0.11222741  0.35342412  1.66965666 -0.94495063  0.00331401] with unbiased energy -173.9188213476377
Removing previous minimum at index 774 (energy -173.92229274258725) because 
corresponding saddle does not have sufficiently greater energy (-173.85276166636484)
Identified minimum at position [ 2.9157631   1.23808899  0.92759698  1.44859564 -0.69177653  2.4348985
  2.49920528  0.5349154   1.39846588  2.28382639 -1.77578458 -0.38166904
  0.39939097 -1.87305894 -0.02963724  0.61784964  0.43872914  1.75517414
 -0.01638429 -1.33106273  1.37438477  1.45614204 -0.65124344 -1.06449878
  1.65618007 -2.26853097  1.36272901  2.07481039 -1.5328453   2.07202846
 -0.22263876 -1.03450567  0.33086968  2.49153171 -2.07318816  0.66667409
  2.91064414 -1.33889451  1.37685734  2.49928806 -0.74397509 -0.71350779
  0.60765897 -2.1676048   1.013652    1.66159196  0.33924964  2.09946363
  0.40507974 -0.59273482  2.08839459  2.28549086  0.83253443  0.35556424
  1.23981984 -1.68040259 -0.72893538  0.40955172  0.73758456  0.70729145
  0.8264019   0.18825515 -0.70655061  3.12440562 -0.3025016   1.04172049
  1.44631198 -1.96778518  0.31867387  2.69954704 -1.03760435  0.33272186
  1.86908383  0.08833849 -0.3500808   1.45222175  0.62996694  1.05117859
  1.03100875 -1.42751076  1.71981662  0.61923706 -0.8412505  -0.36278852
  2.28339285 -0.49941339  1.73330123  0.20341403 -0.29868548  1.04166337
  2.07388964 -0.2063799   0.69217318  1.86320072 -1.23103412  1.02452996
  1.24376309 -0.40005086  1.38395463  0.82680577 -1.13134538  0.67893098
  1.03947444 -0.10763128  0.34657617  1.65808018 -0.93881748 -0.01243646] with unbiased energy -173.91832545817584
Removing previous minimum at index 914 (energy -173.9188213476377) because 
corresponding saddle does not have sufficiently greater energy (-173.84779254671867)
Identified minimum at position [ 2.93107068  1.26281048  0.94610216  1.46036895 -0.66176492  2.44047102
  2.51322871  0.55506776  1.3998788   2.29803264 -1.7684163  -0.36757564
  0.41655098 -1.86081847 -0.02493898  0.62937676  0.46925075  1.74419458
 -0.00518851 -1.30472632  1.38877444  1.46460646 -0.63419333 -1.05944581
  1.66174253 -2.24532787  1.37737717  2.0838339  -1.50724192  2.08269922
 -0.2098919  -1.02980672  0.34061449  2.50115924 -2.05855687  0.68434569
  2.92105553 -1.31865296  1.38831527  2.50765388 -0.7397248  -0.70991721
  0.61513889 -2.14250487  1.02426136  1.67107642  0.36690686  2.0974068
  0.41838143 -0.55782602  2.09276406  2.31054033  0.84305214  0.35333786
  1.25805047 -1.6654537  -0.72211889  0.42255126  0.75237923  0.69096595
  0.83480432  0.20515413 -0.69713163  3.1364636  -0.28555901  1.0460677
  1.45842849 -1.95088079  0.33016515  2.71082418 -1.02707373  0.34158367
  1.88394264  0.10095287 -0.34845223  1.46816159  0.65093116  1.04626302
  1.04085539 -1.39985062  1.72962053  0.63150016 -0.82936255 -0.35748177
  2.29437021 -0.47582355  1.73835635  0.2146812  -0.27877069  1.04225899
  2.08722302 -0.18978474  0.69484467  1.87400707 -1.2111349   1.03349359
  1.25563813 -0.37602494  1.38612119  0.83870413 -1.11250085  0.68575767
  1.051418   -0.09129734  0.34716192  1.67073174 -0.92438521 -0.00615354] with unbiased energy -173.91876405482736
Removing previous minimum at index 1067 (energy -173.91832545817584) because 
corresponding saddle does not have sufficiently greater energy (-173.85679485430913)
Identified minimum at position [ 2.92705408e+00  1.25362357e+00  9.34999085e-01  1.46212872e+00
 -6.32817011e-01  2.45818718e+00  2.50887211e+00  5.74037843e-01
  1.39865078e+00  2.30035558e+00 -1.77970209e+00 -3.31869521e-01
  4.18371224e-01 -1.87075114e+00  2.02619358e-02  6.26103194e-01
  4.80754264e-01  1.75003008e+00 -2.05250801e-04 -1.29936124e+00
  1.41209001e+00  1.46336630e+00 -6.63903553e-01 -1.04121935e+00
  1.67514510e+00 -2.23177861e+00  1.42279427e+00  2.09269077e+00
 -1.47852607e+00  2.11398537e+00 -2.08778896e-01 -1.02843586e+00
  3.61802504e-01  2.51034872e+00 -2.05016709e+00  7.23685788e-01
  2.92743754e+00 -1.29568114e+00  1.41398060e+00  2.50640357e+00
 -7.56700562e-01 -6.92420859e-01  6.26601940e-01 -2.14188496e+00
  1.07051015e+00  1.66946314e+00  3.91161333e-01  2.10154430e+00
  4.18467611e-01 -5.42941513e-01  2.10763080e+00  2.30278616e+00
  8.42857244e-01  3.47907907e-01  1.25731695e+00 -1.68832769e+00
 -6.82862025e-01  4.16307693e-01  7.52358139e-01  6.94809948e-01
  8.36021651e-01  1.84093517e-01 -6.95970874e-01  3.13518588e+00
 -2.66994839e-01  1.05231287e+00  1.46465305e+00 -1.95511946e+00
  3.71807502e-01  2.71277466e+00 -1.02325362e+00  3.62789234e-01
  1.87946136e+00  8.75685440e-02 -3.42758180e-01  1.46292310e+00
  6.57264383e-01  1.04760879e+00  1.04748357e+00 -1.38495879e+00
  1.76005019e+00  6.31228670e-01 -8.43948972e-01 -3.35212905e-01
  2.29597397e+00 -4.52278657e-01  1.75210751e+00  2.13579989e-01
 -2.74336441e-01  1.05289418e+00  2.08543450e+00 -1.84472379e-01
  7.04472286e-01  1.87867337e+00 -1.20152960e+00  1.06042422e+00
  1.25565461e+00 -3.64793890e-01  1.40041626e+00  8.41719117e-01
 -1.11284098e+00  7.12483682e-01  1.04835745e+00 -9.55915434e-02
  3.57189348e-01  1.67107743e+00 -9.32693817e-01  1.69261150e-02] with unbiased energy -173.92642667843558
Removing previous minimum at index 1220 (energy -173.91876405482736) because 
corresponding saddle does not have sufficiently greater energy (-173.85307852597523)
Identified minimum at position [ 2.92725682e+00  1.25510794e+00  9.36337633e-01  1.46094017e+00
 -6.10818815e-01  2.46724640e+00  2.50765767e+00  5.88212969e-01
  1.39955708e+00  2.30179825e+00 -1.78221796e+00 -3.11496883e-01
  4.19968481e-01 -1.86980262e+00  3.92200607e-02  6.24303109e-01
  4.96276182e-01  1.74884751e+00 -3.54336073e-04 -1.28679152e+00
  1.42554843e+00  1.46331484e+00 -6.70877770e-01 -1.03225144e+00
  1.67549234e+00 -2.21805582e+00  1.44621797e+00  2.09290392e+00
 -1.45828220e+00  2.13025157e+00 -2.08214858e-01 -1.02503499e+00
  3.72595821e-01  2.51145857e+00 -2.04173471e+00  7.46841970e-01
  2.92798398e+00 -1.27959498e+00  1.42911640e+00  2.50571535e+00
 -7.63065268e-01 -6.83211356e-01  6.27186594e-01 -2.13193229e+00
  1.09209226e+00  1.66733678e+00  4.10311553e-01  2.10310606e+00
  4.17328370e-01 -5.24296946e-01  2.11485167e+00  2.30460481e+00
  8.45827004e-01  3.45745882e-01  1.25938570e+00 -1.69282832e+00
 -6.64748473e-01  4.15058000e-01  7.58052826e-01  6.91106715e-01
  8.37581181e-01  1.81049900e-01 -6.93322799e-01  3.13422973e+00
 -2.54091743e-01  1.05681610e+00  1.46580525e+00 -1.95075433e+00
  3.92714674e-01  2.71307242e+00 -1.01836950e+00  3.75253613e-01
  1.87980412e+00  8.58814370e-02 -3.39662806e-01  1.46247065e+00
  6.66914491e-01  1.04710032e+00  1.04725156e+00 -1.36886537e+00
  1.77530653e+00  6.32310736e-01 -8.45794359e-01 -3.25069485e-01
  2.29521834e+00 -4.34908629e-01  1.75991366e+00  2.12825129e-01
 -2.64937409e-01  1.05725750e+00  2.08536298e+00 -1.76901191e-01
  7.09742954e-01  1.87887667e+00 -1.19069953e+00  1.07463035e+00
  1.25494641e+00 -3.51786399e-01  1.40714425e+00  8.42051316e-01
 -1.10591290e+00  7.25247682e-01  1.04831443e+00 -9.17218161e-02
  3.61611682e-01  1.67166347e+00 -9.31369494e-01  2.86029827e-02] with unbiased energy -173.92093631052953
Removing previous minimum at index 1360 (energy -173.92642667843558) because 
corresponding saddle does not have sufficiently greater energy (-173.85549223125957)
Identified minimum at position [ 2.9163968   1.24160745  0.93076908  1.44600374 -0.64482461  2.45471207
  2.49660787  0.56525074  1.40081123  2.28731315 -1.78168933 -0.33847249
  0.40328744 -1.87164338  0.01023385  0.61402617  0.47219196  1.75267446
 -0.0165315  -1.30465742  1.40314123  1.45626114 -0.66595563 -1.04576783
  1.65708264 -2.23988244  1.41296149  2.07523847 -1.48999877  2.10738759
 -0.22117034 -1.02785889  0.35353236  2.49416138 -2.05595664  0.71629084
  2.91189659 -1.30500381  1.40984753  2.49805887 -0.75751251 -0.69424381
  0.60915316 -2.14697184  1.05954964  1.6569606   0.38037249  2.1030278
  0.40268131 -0.55293128  2.1040201   2.28971244  0.83911361  0.35090154
  1.24476419 -1.6903163  -0.69078737  0.40697346  0.75000623  0.69906961
  0.82985884  0.18198196 -0.70093151  3.12249601 -0.274969    1.05202645
  1.44913898 -1.95903862  0.36309852  2.70042045 -1.02750231  0.35943754
  1.87005902  0.08494752 -0.3436798   1.45129454  0.65090497  1.04976486
  1.03062195 -1.3934765   1.75257621  0.6218064  -0.84535327 -0.34164721
  2.28181683 -0.46240668  1.75049482  0.20192298 -0.27867195  1.05083796
  2.07395677 -0.19014301  0.70351154  1.86381432 -1.20822083  1.05501491
  1.24235243 -0.37225152  1.39837758  0.82774352 -1.11687635  0.70597461
  1.03947791 -0.0993345   0.3557894   1.65961626 -0.93615775  0.01225949] with unbiased energy -173.92208924504345
Removing previous minimum at index 1506 (energy -173.92093631052953) because 
corresponding saddle does not have sufficiently greater energy (-173.85594408191255)
Identified minimum at position [ 2.9379604   1.26459846  0.9377379   1.4794559  -0.64195187  2.45304251
  2.52264421  0.56903619  1.39576161  2.31211301 -1.77544238 -0.34452458
  0.43193252 -1.87070574  0.01232735  0.64014607  0.47438524  1.74844916
  0.0162992  -1.30598014  1.4081305   1.47079989 -0.65539551 -1.04496399
  1.69281734 -2.23682476  1.41032622  2.10995162 -1.48651205  2.10506757
 -0.19681074 -1.03212341  0.35977544  2.52547158 -2.05251861  0.70909296
  2.94253878 -1.30190244  1.40371708  2.51572278 -0.75002096 -0.69911959
  0.64344374 -2.14627723  1.06093593  1.68422533  0.38346944  2.09864363
  0.43542367 -0.55076554  2.10428103  2.3144539   0.84354338  0.34716314
  1.26795759 -1.68213954 -0.69202041  0.427173    0.7491367   0.69401186
  0.84095961  0.18893599 -0.69339466  3.14912839 -0.2716037   1.04833982
  1.47907648 -1.95544083  0.36068777  2.7251004  -1.02384041  0.3543676
  1.88890992  0.09156075 -0.34460568  1.4753505   0.65422201  1.04607544
  1.06457956 -1.39185686  1.75298739  0.63982617 -0.84081912 -0.3382523
  2.31105389 -0.45893291  1.74636393  0.22620614 -0.2789976   1.05072539
  2.09738864 -0.18624862  0.70055581  1.89344872 -1.20529512  1.05235929
  1.26986159 -0.36989854  1.39613838  0.8555033  -1.11548719  0.70690072
  1.0578674  -0.09575066  0.3546015   1.68223184 -0.93068383  0.01061821] with unbiased energy -173.9221599398259
Removing previous minimum at index 1654 (energy -173.92208924504345) because 
corresponding saddle does not have sufficiently greater energy (-173.85110201839439)
Identified minimum at position [ 2.93123363  1.26439975  0.94763289  1.45867461 -0.63827977  2.45041407
  2.51152219  0.57058597  1.40140399  2.30024297 -1.77138104 -0.34555648
  0.41895619 -1.86024818 -0.0050935   0.62700726  0.48569681  1.74286342
 -0.005283   -1.291739    1.40275703  1.46481746 -0.6414834  -1.05016719
  1.66237647 -2.23092638  1.4026825   2.08399184 -1.48557826  2.10055231
 -0.20898622 -1.02659021  0.35171621  2.50281373 -2.04963966  0.7096886
  2.92175231 -1.3011186   1.4051943   2.50704993 -0.74662468 -0.70018859
  0.61614861 -2.13237736  1.04705016  1.66824159  0.3875085   2.09941081
  0.41680726 -0.53817925  2.10029864  2.31247059  0.84631579  0.35122267
  1.26109474 -1.67039483 -0.70300463  0.42108766  0.75845419  0.68687501
  0.83651942  0.20204425 -0.69438189  3.13527591 -0.27120585  1.05135136
  1.46022364 -1.94648314  0.35253512  2.71135994 -1.0218191   0.35527654
  1.8843707   0.09929878 -0.34522428  1.46744449  0.66133973  1.04580331
  1.04058187 -1.38291031  1.74595423  0.63303182 -0.8314629  -0.34692538
  2.2933433  -0.45701651  1.74717564  0.21379682 -0.26893984  1.04661995
  2.08716318 -0.18154394  0.7006723   1.87436723 -1.19958818  1.04893371
  1.25473703 -0.36216255  1.39338289  0.83928176 -1.10534477  0.69924586
  1.05144123 -0.0871721   0.35182458  1.67167223 -0.92300418  0.00632984] with unbiased energy -173.91862826956398
Removing previous minimum at index 1794 (energy -173.9221599398259) because 
corresponding saddle does not have sufficiently greater energy (-173.85793529846265)
Identified minimum at position [ 2.93026874  1.26069023  0.94459149  1.46087279 -0.68473036  2.43055669
  2.51414838  0.53975434  1.39842929  2.2948779  -1.76541393 -0.38899672
  0.41307436 -1.86101579 -0.04465572  0.63088957  0.45330273  1.74544665
 -0.00636582 -1.31695858  1.37487388  1.46387477 -0.62704584 -1.06856563
  1.65955794 -2.25920271  1.35238692  2.08231954 -1.52844136  2.06496436
 -0.21169348 -1.03258669  0.32953541  2.4982015  -2.06712408  0.65957519
  2.91917694 -1.33583444  1.37171007  2.5076012  -0.73306692 -0.71926348
  0.61266063 -2.15194499  1.00165284  1.67299512  0.34669455  2.09543221
  0.41880728 -0.57679469  2.08524421  2.30801167  0.83976839  0.35555258
  1.25419333 -1.6604769  -0.7409367   0.42341659  0.74659424  0.69498098
  0.83275579  0.20826372 -0.70000469  3.13674144 -0.29977018  1.04082531
  1.45542164 -1.95492417  0.30815238  2.70936397 -1.03218558  0.32823092
  1.88295136  0.10252854 -0.35156326  1.46818397  0.6407378   1.0468191
  1.0397956  -1.41617837  1.71339546  0.62935173 -0.82718267 -0.36797936
  2.29434113 -0.49429301  1.72963329  0.21470634 -0.28812928  1.03793882
  2.08647444 -0.19787947  0.68914327  1.87249898 -1.22231853  1.018271
  1.25555696 -0.38948197  1.37895148  0.83707266 -1.11922344  0.67239397
  1.05080203 -0.09523394  0.34258769  1.66896884 -0.92565831 -0.01840616] with unbiased energy -173.91457614574244
Removing previous minimum at index 1959 (energy -173.91862826956398) because 
corresponding saddle does not have sufficiently greater energy (-173.8444362540634)
Identified minimum at position [ 2.92678005e+00  1.24772078e+00  9.29147630e-01  1.46744263e+00
 -7.22977294e-01  2.41946557e+00  2.51433125e+00  5.15911119e-01
  1.39392140e+00  2.29467172e+00 -1.76757521e+00 -4.14889566e-01
  4.11951617e-01 -1.87329936e+00 -5.69459756e-02  6.33784974e-01
  4.16288336e-01  1.75420300e+00  7.95098341e-04 -1.35035266e+00
  1.35602380e+00  1.46383250e+00 -6.34941441e-01 -1.07714579e+00
  1.67433537e+00 -2.28639684e+00  1.32566334e+00  2.09246290e+00
 -1.56053833e+00  2.04550126e+00 -2.10848680e-01 -1.04148267e+00
  3.17609294e-01  2.50625868e+00 -2.08251557e+00  6.27976858e-01
  2.92566863e+00 -1.36025806e+00  1.35019078e+00  2.50951976e+00
 -7.30167314e-01 -7.29283219e-01  6.24700706e-01 -2.18138356e+00
  9.81559776e-01  1.67864073e+00  3.12186297e-01  2.09416722e+00
  4.23471733e-01 -6.19615750e-01  2.07683304e+00  2.29556125e+00
  8.30317429e-01  3.56926175e-01  1.24892423e+00 -1.66861121e+00
 -7.56370366e-01  4.21818495e-01  7.28387788e-01  7.10123596e-01
  8.29772858e-01  1.96424298e-01 -7.06677237e-01  3.13954695e+00
 -3.19595853e-01  1.03238053e+00  1.46021399e+00 -1.97148595e+00
  2.85990694e-01  2.71182712e+00 -1.04204380e+00  3.11311150e-01
  1.87825754e+00  9.43176604e-02 -3.54882622e-01  1.46516277e+00
  6.17040463e-01  1.04999155e+00  1.04887414e+00 -1.45028746e+00
  1.69642309e+00  6.26936783e-01 -8.35915220e-01 -3.76141985e-01
  2.29937501e+00 -5.23151107e-01  1.71862734e+00  2.16907398e-01
 -3.12991455e-01  1.03466097e+00  2.08568359e+00 -2.15500604e-01
  6.82490989e-01  1.87816298e+00 -1.24506356e+00  1.00141068e+00
  1.25874770e+00 -4.18173496e-01  1.37218215e+00  8.40633361e-01
 -1.14056595e+00  6.59981532e-01  1.04857932e+00 -1.11408879e-01
  3.39108327e-01  1.66881847e+00 -9.37435480e-01 -3.07279740e-02] with unbiased energy -173.91263353985946
Removing previous minimum at index 2240 (energy -173.91457614574244) because 
corresponding saddle does not have sufficiently greater energy (-173.85424077145672)
Identified minimum at position [ 2.93842146  1.26076372  0.93350681  1.48366976 -0.71015119  2.42350323
  2.52706412  0.52517623  1.39218207  2.30859982 -1.76598317 -0.40742645
  0.42790536 -1.8727343  -0.04662456  0.64617117  0.42558253  1.75124015
  0.01756554 -1.34487329  1.36521226  1.47167873 -0.63304985 -1.07222366
  1.69285266 -2.2781023   1.33655352  2.11015641 -1.54849083  2.05312827
 -0.19780936 -1.04235335  0.32581112  2.52308277 -2.07677905  0.63652775
  2.94164245 -1.35057092  1.35543082  2.51865187 -0.72964214 -0.72702219
  0.64270634 -2.17628798  0.99313155  1.69131417  0.32380373  2.09282208
  0.43946573 -0.60892392  2.08057486  2.30964168  0.8341716   0.35400578
  1.26248113 -1.66694492 -0.74791058  0.43171226  0.73100319  0.70521326
  0.8365288   0.19846401 -0.70146692  3.15290171 -0.31122184  1.03339414
  1.476472   -1.96775486  0.29543119  2.72493444 -1.03779699  0.31537423
  1.88851077  0.0968438  -0.35373435  1.47733677  0.62388329  1.04758078
  1.06607958 -1.44136341  1.70449903  0.63708056 -0.83472812 -0.369565
  2.31388155 -0.51244267  1.72093412  0.22906029 -0.30840216  1.03651596
  2.09790379 -0.2096148   0.68383884  1.89355192 -1.2381585   1.00750322
  1.27248219 -0.41027687  1.37448452  0.85521414 -1.13654076  0.66678972
  1.05823568 -0.10767352  0.34062264  1.68106698 -0.93412696 -0.02562385] with unbiased energy -173.91136568357382
Removing previous minimum at index 2374 (energy -173.91263353985946) because 
corresponding saddle does not have sufficiently greater energy (-173.84229475912088)
Identified minimum at position [ 2.92206878  1.23732122  0.91745961  1.46878626 -0.69652893  2.43698281
  2.50919291  0.5336872   1.39314901  2.29732057 -1.77954407 -0.38091887
  0.41400853 -1.88444812 -0.01416112  0.63006255  0.42592828  1.76068357
  0.00539901 -1.34708996  1.37812504  1.46275084 -0.66443149 -1.06025292
  1.68743164 -2.27497637  1.36925499  2.1009476  -1.53424811  2.07592749
 -0.20975504 -1.04159674  0.33751088  2.51542123 -2.07568394  0.66593266
  2.93189168 -1.33894282  1.3754178   2.50821815 -0.74689921 -0.71291321
  0.63593621 -2.18263975  1.02550021  1.67649788  0.33455579  2.09877903
  0.42319202 -0.60719414  2.09144975  2.28667339  0.82975368  0.35173271
  1.24874887 -1.69190803 -0.71917208  0.41491033  0.72756983  0.71468814
  0.83048758  0.17514686 -0.70614426  3.13783945 -0.30192372  1.03887812
  1.46660872 -1.97694906  0.32573928  2.7136874  -1.03912235  0.33180354
  1.8732966   0.08089129 -0.34962903  1.45919887  0.6222795   1.05152497
  1.05523542 -1.43760059  1.72567854  0.62688855 -0.85108893 -0.35532968
  2.30064774 -0.50134649  1.73239097  0.21560981 -0.31000128  1.04518326
  2.08360638 -0.21105715  0.69191472  1.88271423 -1.23694438  1.02743554
  1.2585104  -0.40853517  1.38624678  0.84366689 -1.14216942  0.68546104
  1.0452672  -0.11659551  0.34879859  1.66923998 -0.9463867  -0.00876147] with unbiased energy -173.91464052734008
Removing previous minimum at index 2527 (energy -173.91136568357382) because 
corresponding saddle does not have sufficiently greater energy (-173.8424289005062)
Identified minimum at position [ 2.91549216  1.23639375  0.92601096  1.44982259 -0.71360519  2.4254823
  2.50042659  0.52081065  1.39723258  2.28220563 -1.772818   -0.4016217
  0.39755808 -1.87356954 -0.04801216  0.61962191  0.42300688  1.75627212
 -0.01628883 -1.34329956  1.36090126  1.45609698 -0.64444863 -1.07305862
  1.65584628 -2.28162796  1.33928559  2.07468703 -1.55261116  2.05537412
 -0.22331937 -1.03747376  0.3203672   2.49036068 -2.08088464  0.64355505
  2.91010813 -1.35443419  1.36130577  2.49987025 -0.73766951 -0.72230338
  0.60702729 -2.17705673  0.99232014  1.66376871  0.3200517   2.09768545
  0.40619638 -0.61131585  2.08097049  2.28347356  0.8293964   0.35775711
  1.23748987 -1.67568816 -0.74649     0.41075791  0.73168462  0.71117653
  0.8247932   0.19107358 -0.70916498  3.12531251 -0.31524499  1.03671871
  1.44501498 -1.9716709   0.29807591  2.69914913 -1.04213661  0.3202812
  1.86860717  0.08983603 -0.3529648   1.45265197  0.62009465  1.05190651
  1.03122726 -1.44326512  1.70447309  0.61803265 -0.83933207 -0.37248287
  2.28413371 -0.51656499  1.725116    0.20410202 -0.30803894  1.03736112
  2.07380986 -0.21395093  0.6868661   1.86293536 -1.24153337  1.01028872
  1.24440642 -0.41301121  1.37718174  0.82637955 -1.13801298  0.66637743
  1.03944142 -0.11152466  0.34232313  1.65735218 -0.94000125 -0.02384512] with unbiased energy -173.91126601458285
Removing previous minimum at index 2697 (energy -173.91464052734008) because 
corresponding saddle does not have sufficiently greater energy (-173.84335641467823)
Identified minimum at position [ 2.91799386  1.23748547  0.92526717  1.45527902 -0.73793792  2.41425489
  2.50502367  0.50539477  1.39509806  2.28362614 -1.76825443 -0.42503703
  0.39923138 -1.87379538 -0.06893229  0.62480713  0.40544628  1.7567336
 -0.01208283 -1.35727578  1.3458781   1.45794735 -0.63502005 -1.08270565
  1.65994574 -2.29579919  1.31201383  2.07882652 -1.5744024   2.03585304
 -0.22097706 -1.04135865  0.30896333  2.49302267 -2.08876196  0.6162474
  2.91330918 -1.37136955  1.34266242  2.50280438 -0.72932498 -0.73286046
  0.61064279 -2.18743612  0.96788411  1.66952935  0.29870556  2.09489956
  0.41146509 -0.63209732  2.07224476  2.28441838  0.82646405  0.35980935
  1.23797432 -1.66890145 -0.76672042  0.41468592  0.72491735  0.71478924
  0.82436418  0.19537182 -0.71119525  3.12966566 -0.32910672  1.03046033
  1.44739148 -1.97529192  0.27415813  2.70180618 -1.0464999   0.30544737
  1.87048198  0.09254376 -0.35631566  1.45612793  0.60936115  1.05217984
  1.03567927 -1.46078167  1.68676274  0.61898969 -0.83640986 -0.38322692
  2.28852141 -0.53543843  1.71506915  0.20787319 -0.31866808  1.03224447
  2.07655152 -0.22191203  0.68036029  1.86632674 -1.25285133  0.99356529
  1.24848333 -0.42731713  1.36897436  0.82938853 -1.14522342  0.6519874
  1.04157732 -0.11532706  0.33717459  1.65939012 -0.94038975 -0.03711682] with unbiased energy -173.90191415053494
Removing previous minimum at index 2971 (energy -173.91126601458285) because 
corresponding saddle does not have sufficiently greater energy (-173.83498134585477)
Identified minimum at position [ 2.93620011  1.25681275  0.93120727  1.48179837 -0.73443902  2.41294364
  2.52594988  0.50931892  1.39111475  2.30457788 -1.76292997 -0.42889908
  0.42329491 -1.87321344 -0.06734917  0.64561769  0.40800719  1.75262257
  0.01458213 -1.35821906  1.34954619  1.47031922 -0.62627167 -1.08175645
  1.68915485 -2.29258517  1.31062433  2.10671836 -1.57046343  2.03465661
 -0.20080725 -1.0452184   0.31339196  2.51890132 -2.08522804  0.6114938
  2.93814755 -1.36778025  1.3385978   2.51768942 -0.72317221 -0.73621632
  0.63883194 -2.18658686  0.96912947  1.69109474  0.30236562  2.09101374
  0.43755139 -0.629631    2.07205276  2.30518599  0.83034973  0.35675786
  1.25787288 -1.66220798 -0.76727097  0.43115504  0.72458347  0.70984777
  0.8337062   0.20104758 -0.70509607  3.15142955 -0.32550726  1.02808937
  1.47229428 -1.97211604  0.27271501  2.72218441 -1.04286443  0.30202572
  1.88623853  0.09798082 -0.35679443  1.47552135  0.61269818  1.04859677
  1.06310478 -1.45878174  1.68721022  0.63409017 -0.83294192 -0.38073648
  2.31186534 -0.53158604  1.71202492  0.22749129 -0.3186942   1.031579
  2.09550139 -0.21824502  0.67812637  1.89045548 -1.24984463  0.991808
  1.2705198  -0.42473101  1.36698275  0.85213883 -1.14390387  0.65261352
  1.05630839 -0.11220041  0.3358641   1.67814025 -0.93575255 -0.03817278] with unbiased energy -173.90200546882429
Removing previous minimum at index 3110 (energy -173.90191415053494) because 
corresponding saddle does not have sufficiently greater energy (-173.84638513156597)
Identified minimum at position [ 2.92717212e+00  1.24626856e+00  9.27410703e-01  1.46972512e+00
 -7.50912608e-01  2.40681582e+00  2.51656839e+00  4.97932166e-01
  1.39199446e+00  2.29336559e+00 -1.76304159e+00 -4.40698435e-01
  4.10459854e-01 -1.87359354e+00 -8.08632364e-02  6.36648889e-01
  3.96036487e-01  1.75516830e+00  1.72386868e-03 -1.36601988e+00
  1.33830867e+00  1.46425863e+00 -6.25529386e-01 -1.08809484e+00
  1.67481557e+00 -2.30273316e+00  1.29497401e+00  2.09310471e+00
 -1.58561230e+00  2.02351876e+00 -2.11040325e-01 -1.04531302e+00
  3.03922007e-01  2.50560482e+00 -2.09173662e+00  5.97788063e-01
  2.92571613e+00 -1.37979538e+00  1.32964727e+00  2.51082547e+00
 -7.21582472e-01 -7.40591835e-01  6.24791383e-01 -2.19316945e+00
  9.53661054e-01  1.68204486e+00  2.87566709e-01  2.09143371e+00
  4.25613396e-01 -6.43468542e-01  2.06680497e+00  2.29374661e+00
  8.26420444e-01  3.59692036e-01  1.24672429e+00 -1.66184275e+00
 -7.79093956e-01  4.23941263e-01  7.20746645e-01  7.14818678e-01
  8.28006944e-01  2.00416191e-01 -7.09866387e-01  3.14144912e+00
 -3.35765625e-01  1.02562740e+00  1.45938824e+00 -1.97594575e+00
  2.59146641e-01  2.71198101e+00 -1.04738117e+00  2.95062548e-01
  1.87821068e+00  9.65469280e-02 -3.58524338e-01  1.46633670e+00
  6.04400037e-01  1.05074105e+00  1.04995156e+00 -1.47031561e+00
  1.67621237e+00  6.25927001e-01 -8.33142951e-01 -3.88673416e-01
  2.30095631e+00 -5.44974911e-01  1.70761500e+00  2.18369618e-01
 -3.25029677e-01  1.02882158e+00  2.08608620e+00 -2.25032063e-01
  6.75436779e-01  1.87854546e+00 -1.25821412e+00  9.82700407e-01
  1.26017031e+00 -4.34705498e-01  1.36309709e+00  8.40801745e-01
 -1.14889099e+00  6.43538378e-01  1.04892587e+00 -1.16193809e-01
  3.33437868e-01  1.66850008e+00 -9.38525707e-01 -4.55661544e-02] with unbiased energy -173.89665096882808
Removing previous minimum at index 3248 (energy -173.90200546882429) because 
corresponding saddle does not have sufficiently greater energy (-173.8297622385735)
Identified minimum at position [ 2.92252346  1.24088041  0.92080618  1.46725322 -0.64947008  2.45679613
  2.50758695  0.56317388  1.39455238  2.29896474 -1.78545389 -0.33869146
  0.41612153 -1.88219872  0.02644985  0.62737458  0.46027635  1.75858805
  0.0049537  -1.31941813  1.40838212  1.46199012 -0.67934432 -1.0412545
  1.68729085 -2.24624696  1.41912498  2.10133542 -1.49186861  2.11074283
 -0.20910909 -1.03402878  0.36144569  2.51658085 -2.05911396  0.71429817
  2.93270462 -1.30647058  1.40726141  2.50638077 -0.7603369  -0.69394128
  0.63615386 -2.16100657  1.0721657   1.67323801  0.37556677  2.10197296
  0.42170531 -0.56630637  2.10807462  2.29094478  0.83636267  0.34654661
  1.25154415 -1.7016812  -0.68091694  0.41260815  0.74039396  0.70669712
  0.83373183  0.16897475 -0.70028942  3.13620414 -0.27589345  1.04847378
  1.46783904 -1.9679592   0.37002901  2.71386653 -1.02965201  0.35768137
  1.87405227  0.07745218 -0.34334764  1.45888971  0.64337169  1.0499237
  1.05474762 -1.40301085  1.75879592  0.62846166 -0.85473158 -0.33367935
  2.29964003 -0.46504537  1.74896932  0.21431536 -0.28917122  1.05533047
  2.08378475 -0.19508023  0.70289474  1.8828481  -1.21430381  1.05755193
  1.25751733 -0.38046838  1.40079153  0.84394474 -1.12712628  0.71297972
  1.04527611 -0.10805779  0.35823847  1.66992723 -0.94370227  0.01579397] with unbiased energy -173.91867918522965
Removing previous minimum at index 3383 (energy -173.89665096882808) because 
corresponding saddle does not have sufficiently greater energy (-173.82793503933104)
Identified minimum at position [ 2.91640295  1.24290328  0.93208546  1.44421137 -0.62250334  2.46395848
  2.49496529  0.57963155  1.40188819  2.28855335 -1.78435414 -0.31767917
  0.40463343 -1.87078809  0.02929371  0.61176742  0.48797023  1.75145926
 -0.01715062 -1.29196663  1.41662502  1.45609922 -0.67312311 -1.03671207
  1.65694165 -2.22604125  1.43680118  2.07489647 -1.46949788  2.124024
 -0.2208815  -1.02447695  0.36423362  2.49490462 -2.04747512  0.73997208
  2.91199889 -1.2887017   1.42543417  2.4972025  -0.76404973 -0.68482055
  0.60930339 -2.13695878  1.08134422  1.65431554  0.39983634  2.10467336
  0.40098062 -0.53403773  2.1112835   2.29131403  0.84209934  0.34878795
  1.24670606 -1.69501203 -0.67245054  0.40544282  0.75584188  0.69526048
  0.83133573  0.1788292  -0.69836448  3.1211644  -0.26186494  1.05679092
  1.44997526 -1.95471262  0.38431858  2.70042862 -1.02257543  0.3722198
  1.87021984  0.0831702  -0.34051217  1.45047375  0.66071342  1.04921792
  1.02987335 -1.37719242  1.7680311   0.6227255  -0.84732853 -0.33151852
  2.28057148 -0.44478705  1.75855803  0.20080304 -0.26914731  1.05515876
  2.07355896 -0.18248407  0.70893042  1.86360896 -1.197277    1.0694917
  1.2412024  -0.35906094  1.4052061   0.82772135 -1.10991022  0.71883364
  1.03916461 -0.09545053  0.3602231   1.6599595  -0.93489852  0.02410954] with unbiased energy -173.9179297721937
Removing previous minimum at index 3851 (energy -173.91867918522965) because 
corresponding saddle does not have sufficiently greater energy (-173.8589869024237)
Identified minimum at position [ 2.92751447e+00  1.25655910e+00  9.37584257e-01  1.45984604e+00
 -5.89790927e-01  2.47576793e+00  2.50654240e+00  6.01764505e-01
  1.40034109e+00  2.30320325e+00 -1.78445494e+00 -2.91981292e-01
  4.21511411e-01 -1.86877075e+00  5.73828796e-02  6.22611409e-01
  5.11043688e-01  1.74765566e+00 -4.58453592e-04 -1.27472719e+00
  1.43833504e+00  1.46329473e+00 -6.77504004e-01 -1.02360133e+00
  1.67588254e+00 -2.20479149e+00  1.46850606e+00  2.09316852e+00
 -1.43884646e+00  2.14563871e+00 -2.07650445e-01 -1.02170296e+00
  3.82916673e-01  2.51256525e+00 -2.03347315e+00  7.68902491e-01
  2.92855118e+00 -1.26409516e+00  1.44342711e+00  2.50509131e+00
 -7.69103452e-01 -6.74325448e-01  6.27792968e-01 -2.12229915e+00
  1.11267673e+00  1.66534429e+00  4.28577138e-01  2.10451577e+00
  4.16272773e-01 -5.06493876e-01  2.12165109e+00  2.30638059e+00
  8.48632503e-01  3.43698163e-01  1.26137620e+00 -1.69701071e+00
 -6.47369778e-01  4.13904730e-01  7.63444398e-01  6.87573537e-01
  8.39091943e-01  1.78131328e-01 -6.90771643e-01  3.13335630e+00
 -2.41728511e-01  1.06099220e+00  1.46693638e+00 -1.94644169e+00
  4.12686645e-01  2.71338563e+00 -1.01358623e+00  3.87132522e-01
  1.88016038e+00  8.42568921e-02 -3.36648210e-01  1.46207656e+00
  6.76088518e-01  1.04664001e+00  1.04707211e+00 -1.35342325e+00
  1.78979327e+00  6.33361104e-01 -8.47509893e-01 -3.15315258e-01
  2.29452413e+00 -4.18274737e-01  1.76724746e+00  2.12128042e-01
 -2.55961516e-01  1.06140102e+00  2.08529317e+00 -1.69660413e-01
  7.14753604e-01  1.87910304e+00 -1.18026831e+00  1.08814060e+00
  1.25428886e+00 -3.39355026e-01  1.41351943e+00  8.42397033e-01
 -1.09922685e+00  7.37432307e-01  1.04828194e+00 -8.80166672e-02
  3.65844384e-01  1.67224132e+00 -9.30038297e-01  3.97842062e-02] with unbiased energy -173.91240141708218
Removing previous minimum at index 3991 (energy -173.9179297721937) because 
corresponding saddle does not have sufficiently greater energy (-173.84538609288663)
Identified minimum at position [ 2.92779568e+00  1.25796297e+00  9.38746700e-01  1.45877398e+00
 -5.69485149e-01  2.48387577e+00  2.50546582e+00  6.14851158e-01
  1.40103531e+00  2.30454754e+00 -1.78646708e+00 -2.73082828e-01
  4.22973293e-01 -1.86765744e+00  7.49582506e-02  6.20961989e-01
  5.25242943e-01  1.74645249e+00 -5.74910332e-04 -1.26302529e+00
  1.45060545e+00  1.46328252e+00 -6.83879761e-01 -1.01517356e+00
  1.67625639e+00 -2.19184775e+00  1.48994229e+00  2.09342510e+00
 -1.42000128e+00  2.16035555e+00 -2.07119110e-01 -1.01840253e+00
  3.92877769e-01  2.51362813e+00 -2.02531068e+00  7.90152890e-01
  2.92909202e+00 -1.24901350e+00  1.45711386e+00  2.50449552e+00
 -7.74902338e-01 -6.65655759e-01  6.28368309e-01 -2.11288302e+00
  1.13251310e+00  1.66341083e+00  4.46179117e-01  2.10580942e+00
  4.15232283e-01 -4.89316500e-01  2.12812386e+00  2.30809982e+00
  8.51303989e-01  3.41747576e-01  1.26327695e+00 -1.70094913e+00
 -6.30523269e-01  4.12800252e-01  7.68607800e-01  6.84170902e-01
  8.40555961e-01  1.75294760e-01 -6.88297960e-01  3.13250721e+00
 -2.29763142e-01  1.06491481e+00  1.46801032e+00 -1.94215054e+00
  4.31968188e-01  2.71367674e+00 -1.00886301e+00  3.98581580e-01
  1.88050667e+00  8.26675536e-02 -3.33679902e-01  1.46169419e+00
  6.84902003e-01  1.04622458e+00  1.04688404e+00 -1.33845501e+00
  1.80369585e+00  6.34363229e-01 -8.49126578e-01 -3.05845751e-01
  2.29383196e+00 -4.02185345e-01  1.77422205e+00  2.11439881e-01
 -2.47297026e-01  1.06537850e+00  2.08518705e+00 -1.62668042e-01
  7.19576019e-01  1.87930472e+00 -1.17012331e+00  1.10113077e+00
  1.25362783e+00 -3.27351768e-01  1.41962989e+00  8.42714029e-01
 -1.09271047e+00  7.49184201e-01  1.04823072e+00 -8.44368499e-02
  3.69939733e-01  1.67278173e+00 -9.28698951e-01  5.06052494e-02] with unbiased energy -173.90109821528728
Removing previous minimum at index 4141 (energy -173.91240141708218) because 
corresponding saddle does not have sufficiently greater energy (-173.84464143744094)
Identified minimum at position [ 2.93832792  1.26631499  0.93917023  1.47879059 -0.61969723  2.46230387
  2.52179967  0.58336339  1.39662353  2.31375689 -1.7780507  -0.32407031
  0.43378987 -1.86975267  0.0316394   0.63874062  0.49014705  1.74732316
  0.01656259 -1.29322739  1.42200329  1.47083798 -0.6623971  -1.0359112
  1.69357132 -2.22300944  1.43405745  2.1106436  -1.46608885  2.12156287
 -0.19598917 -1.02868235  0.37094479  2.52690645 -2.04412762  0.73241584
  2.9434846  -1.28575267  1.41897036  2.51516143 -0.75643083 -0.68994986
  0.64440061 -2.13622906  1.08292096  1.68252863  0.40285079  2.10025597
  0.43477865 -0.531838    2.1117586   2.31653158  0.84660176  0.34489301
  1.27018344 -1.68668045 -0.67371283  0.4261522   0.75490021  0.6902953
  0.84263905  0.18593645 -0.69059558  3.14849598 -0.25861108  1.05284539
  1.48052394 -1.95106259  0.38184962  2.72566955 -1.01899567  0.3668873
  1.88943743  0.08992781 -0.34154281  1.4752402   0.66402616  1.04556907
  1.0647975  -1.37558158  1.7685505   0.64108667 -0.84261983 -0.32787527
  2.31074082 -0.44139641  1.75426459  0.2257799  -0.26945335  1.05527635
  2.09766096 -0.17857556  0.70586159  1.89402375 -1.19437669  1.06674673
  1.26956255 -0.3567238   1.403011    0.85616294 -1.10847093  0.71992826
  1.05811767 -0.09179603  0.35914096  1.68306226 -0.92932872  0.02241962] with unbiased energy -173.91799478441214
Removing previous minimum at index 4281 (energy -173.90109821528728) because 
corresponding saddle does not have sufficiently greater energy (-173.83493368581645)
Identified minimum at position [ 2.93861182  1.26781755  0.9404164   1.47807829 -0.59845347  2.47103547
  2.52092076  0.59702007  1.39735098  2.3152158  -1.78043381 -0.3044416
  0.43542301 -1.8687593   0.0502133   0.63732063  0.50508709  1.74624451
  0.01672257 -1.28102529  1.43519123  1.47081533 -0.66918624 -1.02716325
  1.69423352 -2.20969696  1.45668434  2.11124839 -1.44650886  2.13719303
 -0.19530078 -1.02529403  0.38163443  2.5281957  -2.03594405  0.75466597
  2.94431456 -1.2702286   1.43341062  2.5145632  -0.76257608 -0.68106973
  0.64523841 -2.12655597  1.10394973  1.68085257  0.4213002   2.10172935
  0.43406831 -0.51382218  2.11882902  2.31838336  0.84945317  0.34273462
  1.27217132 -1.69100812 -0.65609025  0.42510184  0.76032492  0.68682475
  0.84419889  0.1829539  -0.68794849  3.14781595 -0.24620302  1.05702183
  1.48179957 -1.94679531  0.40211483  2.72612502 -1.01428772  0.3788378
  1.88984932  0.08827606 -0.33855725  1.47504833  0.67329436  1.04513164
  1.06492542 -1.36000557  1.78335901  0.64220262 -0.84436241 -0.31787881
  2.31035802 -0.42463932  1.76169763  0.22528777 -0.26037176  1.05963193
  2.09780296 -0.1712854   0.71091347  1.89448379 -1.18390422  1.080455
  1.26918117 -0.34417734  1.40954953  0.85669709 -1.10174562  0.73239592
  1.05826114 -0.08806725  0.3635058   1.6837537  -0.92803688  0.03374538] with unbiased energy -173.91074484833652
Removing previous minimum at index 4427 (energy -173.91799478441214) because 
corresponding saddle does not have sufficiently greater energy (-173.84852389005593)
Identified minimum at position [ 2.91657776  1.24428455  0.93334602  1.44268583 -0.6011566   2.47264528
  2.49354984  0.59340769  1.40282068  2.28990064 -1.78669333 -0.29778164
  0.40609109 -1.8698444   0.0475557   0.60974557  0.50298182  1.75020978
 -0.01754443 -1.27980734  1.42944239  1.45605071 -0.67987538 -1.02797479
  1.65704672 -2.21264436  1.45947199  2.07479589 -1.4497921   2.13975214
 -0.22045667 -1.0211947   0.37448296  2.49582516 -2.03913392  0.76250737
  2.91229046 -1.27295885  1.44015038  2.49650689 -0.77021265 -0.67575001
  0.6096716  -2.12727091  1.1021278   1.65193739  0.4184142   2.10614351
  0.39953339 -0.51600019  2.11811044  2.29299922  0.84494057  0.34677782
  1.24870653 -1.69933382 -0.65486477  0.40411499  0.76135906  0.69159843
  0.83282185  0.17584159 -0.69585719  3.12005122 -0.24927341  1.06120081
  1.45096311 -1.95041574  0.40457726  2.7005866  -1.0177204   0.38438375
  1.87049306  0.08149407 -0.33742818  1.44983188  0.67005023  1.04870758
  1.02936236 -1.36156536  1.78270164  0.62371288 -0.84914734 -0.32176617
  2.27953824 -0.42788943  1.76611934  0.1998673  -0.26006279  1.05924891
  2.07328147 -0.17513673  0.71407215  1.86358896 -1.18671794  1.08324836
  1.24024495 -0.34644667  1.41166217  0.82786599 -1.1031846   0.7311073
  1.03895434 -0.09171459  0.36445648  1.66041864 -0.93359821  0.03544996] with unbiased energy -173.91070755400116
Removing previous minimum at index 4721 (energy -173.91074484833652) because 
corresponding saddle does not have sufficiently greater energy (-173.84486120559126)
Identified minimum at position [ 2.90716951  1.23246112  0.92826256  1.42930703 -0.63742005  2.45924837
  2.484125    0.56902582  1.40429926  2.27673025 -1.78578835 -0.32707396
  0.39083289 -1.87147948  0.01612457  0.60102892  0.47766965  1.75378546
 -0.0322917  -1.29865964  1.4057726   1.45006998 -0.67325082 -1.04242817
  1.63979666 -2.23583324  1.42357509  2.05843769 -1.48367812  2.11516354
 -0.232134   -1.02446613  0.35438817  2.47974923 -2.05430397  0.72948853
  2.89753533 -1.30009519  1.41936559  2.49008004 -0.76372872 -0.68793358
  0.59284869 -2.14304085  1.06700634  1.64306472  0.38657208  2.10599114
  0.38650312 -0.54613772  2.10650462  2.2797218   0.83809227  0.35233636
  1.23542426 -1.69563304 -0.68316244  0.397549    0.75288601  0.69937305
  0.82576889  0.17787562 -0.70312917  3.10990123 -0.27144709  1.05608677
  1.4356024  -1.95890026  0.37251626  2.68932879 -1.02740139  0.36725217
  1.86212683  0.08123728 -0.3417327   1.44028214  0.653331    1.05140083
  1.0141191  -1.38766727  1.75832936  0.61432147 -0.84794269 -0.33935517
  2.26766243 -0.45716351  1.75602948  0.19041231 -0.27454498  1.05225279
  2.06349948 -0.18896899  0.70736334  1.84991426 -1.20523188  1.06211844
  1.22920625 -0.36805179  1.40219489  0.81493509 -1.11461338  0.7104241
  1.03168438 -0.09940523  0.35826742  1.64973875 -0.93816673  0.01782009] with unbiased energy -173.90505306125738
Removing previous minimum at index 4868 (energy -173.91070755400116) because 
corresponding saddle does not have sufficiently greater energy (-173.84030493678566)
Identified minimum at position [ 2.93903016  1.26961973  0.94201136  1.47717716 -0.5777686   2.47923442
  2.52009407  0.61033657  1.39811968  2.31663721 -1.78236217 -0.28553587
  0.43701916 -1.8673338   0.06763729  0.63587902  0.51984147  1.74488407
  0.01666076 -1.26875587  1.4477093   1.47084011 -0.67509381 -1.01880548
  1.69443713 -2.19646527  1.47817258  2.11150909 -1.42742418  2.15197897
 -0.19465819 -1.02182241  0.39175612  2.5291983  -2.02769618  0.77604279
  2.94490275 -1.25502003  1.4472076   2.51398628 -0.7682617  -0.67250852
  0.64569071 -2.11665372  1.12376931  1.67909134  0.43926606  2.10305098
  0.43322599 -0.49600549  2.12540354  2.32049326  0.85232898  0.34076423
  1.27423799 -1.69457501 -0.6393885   0.4242026   0.76581062  0.68316039
  0.84573938  0.18060216 -0.68530351  3.14710545 -0.23410042  1.06100132
  1.48288232 -1.94220311  0.42138297  2.72649565 -1.00950627  0.3903312
  1.89039517  0.08701923 -0.33565191  1.47496691  0.68248131  1.04468065
  1.06476344 -1.34459644  1.7973431   0.64334096 -0.84562629 -0.30840996
  2.30982295 -0.40829639  1.76874637  0.22475955 -0.25128834  1.06364147
  2.09793179 -0.1640248   0.71574123  1.89474698 -1.17348133  1.0934952
  1.26870466 -0.33177556  1.41569043  0.85709996 -1.09484704  0.74417735
  1.05846527 -0.08412909  0.36762023  1.68442141 -0.92639902  0.04454674] with unbiased energy -173.90066204069615
Removing previous minimum at index 6792 (energy -173.90505306125738) because 
corresponding saddle does not have sufficiently greater energy (-173.83351581657058)
Identified minimum at position [ 2.94856346e+00  1.27576152e+00  9.41208278e-01  1.49328491e+00
 -6.52452815e-01  2.44713335e+00  2.53432783e+00  5.63715343e-01
  1.39468287e+00  2.32403630e+00 -1.77069591e+00 -3.57529943e-01
  4.45309889e-01 -1.86993887e+00  5.76211531e-04  6.51745842e-01
  4.67443489e-01  1.74606311e+00  3.03663829e-02 -1.31292027e+00
  1.40138602e+00  1.47853505e+00 -6.44798464e-01 -1.04967357e+00
  1.70754321e+00 -2.24222150e+00  1.39588481e+00  2.12394754e+00
 -1.49549685e+00  2.09509176e+00 -1.85619915e-01 -1.03602136e+00
  3.54879628e-01  2.53903846e+00 -2.05464319e+00  6.94381252e-01
  2.95544467e+00 -1.30802504e+00  1.39381440e+00  2.52491200e+00
 -7.42843035e-01 -7.05954772e-01  6.57936322e-01 -2.15050584e+00
  1.04779970e+00  1.69592612e+00  3.74811021e-01  2.09628474e+00
  4.49306720e-01 -5.59436553e-01  2.09928161e+00  2.32594207e+00
  8.44070036e-01  3.47829985e-01  1.27950347e+00 -1.67433595e+00
 -7.03419721e-01  4.37398476e-01  7.46215001e-01  6.92414912e-01
  8.45705360e-01  1.95227391e-01 -6.91060983e-01  3.16128870e+00
 -2.75928598e-01  1.04521121e+00  1.49250240e+00 -1.95523815e+00
  3.47575394e-01  2.73653826e+00 -1.02416217e+00  3.46173124e-01
  1.89837887e+00  9.63492776e-02 -3.46318396e-01  1.48646271e+00
  6.51119913e-01  1.04487772e+00  1.07875243e+00 -1.39933936e+00
  1.74389398e+00  6.48469468e-01 -8.36689508e-01 -3.43140687e-01
  2.32357541e+00 -4.66138437e-01  1.74099251e+00  2.37379784e-01
 -2.83936992e-01  1.04709065e+00  2.10835499e+00 -1.87943633e-01
  6.96894505e-01  1.90634365e+00 -1.20907261e+00  1.04347492e+00
  1.28204109e+00 -3.75348789e-01  1.39121191e+00  8.67913264e-01
 -1.11794670e+00  6.99337181e-01  1.06715174e+00 -9.55680184e-02
  3.51528095e-01  1.69300738e+00 -9.28040234e-01  3.43036101e-03] with unbiased energy -173.90825490735668
Removing previous minimum at index 7689 (energy -173.90066204069615) because 
corresponding saddle does not have sufficiently greater energy (-173.83217998281793)
Identified minimum at position [ 2.94870426  1.27659373  0.94111715  1.4951119  -0.62997311  2.4571713
  2.53508026  0.57717781  1.3939539   2.32416054 -1.77448061 -0.33701124
  0.44573023 -1.87001308  0.02358025  0.65227235  0.48303481  1.74610818
  0.03176278 -1.30019657  1.41773064  1.47781208 -0.65484328 -1.03962203
  1.70965867 -2.22906344  1.42123277  2.12659513 -1.47534749  2.11241758
 -0.1850972  -1.03218573  0.36865097  2.54050524 -2.0474616   0.71744514
  2.95740616 -1.29332319  1.40853567  2.52401445 -0.75031135 -0.69648735
  0.65963111 -2.14124665  1.07311464  1.69678177  0.39404055  2.09761285
  0.45072806 -0.5404212   2.10840323  2.32735425  0.84667284  0.34446318
  1.27937598 -1.68130367 -0.68297766  0.43662355  0.75130027  0.68990245
  0.84733965  0.19006279 -0.68826901  3.16180418 -0.26446325  1.04891036
  1.49341702 -1.9521622   0.37048647  2.73714563 -1.02039741  0.35833848
  1.89839637  0.0931747  -0.34329826  1.48715796  0.66018073  1.04432253
  1.08059418 -1.38333996  1.76129971  0.64891956 -0.83994316 -0.33099292
  2.32502263 -0.44928176  1.74859231  0.23774293 -0.27447047  1.05313003
  2.10909653 -0.18123253  0.70204924  1.90766804 -1.19907373  1.05852832
  1.28301391 -0.36267988  1.39885015  0.86883188 -1.11171162  0.71423184
  1.0674287  -0.09264988  0.35676606  1.69336399 -0.92813057  0.01605815] with unbiased energy -173.90519145093288
Removing previous minimum at index 11541 (energy -173.90825490735668) because 
corresponding saddle does not have sufficiently greater energy (-173.8392995011153)
Identified minimum at position [ 2.9168301   1.24568043  0.93454247  1.44126899 -0.58055702  2.48089571
  2.49224597  0.60670203  1.40364634  2.29122921 -1.78878198 -0.27854966
  0.40751965 -1.86880702  0.06521152  0.60783869  0.51741523  1.74893537
 -0.01787673 -1.26801359  1.44174311  1.4560398  -0.68633676 -1.01946823
  1.65720613 -2.1995736   1.48124308  2.07476631 -1.43069881  2.15477064
 -0.22001397 -1.01794954  0.38438235  2.49675994 -2.03089194  0.78417206
  2.91262255 -1.25765424  1.4541931   2.4958779  -0.77610707 -0.66692028
  0.6100745  -2.11779732  1.12213613  1.64969418  0.4363046   2.10748149
  0.39818636 -0.49859667  2.1245993   2.29469126  0.84765231  0.34486174
  1.25065427 -1.70337704 -0.6378405   0.40289425  0.76664059  0.68805593
  0.83428631  0.17296415 -0.69341033  3.11902837 -0.23709829  1.0653316
  1.45194851 -1.94612872  0.42410722  2.7007744  -1.01292383  0.39608169
  1.87080202  0.07987356 -0.33439494  1.44926812  0.67901845  1.04823803
  1.02891937 -1.3464234   1.79676494  0.6246873  -0.8508472  -0.31229965
  2.27857965 -0.41155712  1.77329278  0.19899959 -0.25129364  1.06316619
  2.07302334 -0.16804062  0.7190094   1.86360835 -1.17645118  1.09645346
  1.23935154 -0.33427056  1.41783616  0.8280409  -1.09662625  0.74293399
  1.03876967 -0.08809588  0.36854404  1.66088662 -0.93227362  0.04640962] with unbiased energy -173.90062820310146
Removing previous minimum at index 11675 (energy -173.90519145093288) because 
corresponding saddle does not have sufficiently greater energy (-173.8284622984115)
Identified minimum at position [ 2.94820449  1.27291626  0.93751728  1.49772347 -0.67582685  2.43779536
  2.53782819  0.54710518  1.39100816  2.32012781 -1.76904173 -0.37936414
  0.44129608 -1.87212352 -0.01489634  0.65624091  0.45032068  1.74858821
  0.0318185  -1.32639739  1.38977441  1.47751757 -0.64144917 -1.05780752
  1.7087756  -2.25751446  1.37236242  2.1261227  -1.51750685  2.07807961
 -0.18683119 -1.03899829  0.34651933  2.53758417 -2.06481169  0.66863602
  2.95595459 -1.32717184  1.37615479  2.52519209 -0.73726789 -0.71516659
  0.65803448 -2.16199857  1.02875338  1.70166605  0.3538507   2.09366021
  0.45310397 -0.57944969  2.09321317  2.32306471  0.84014904  0.34859623
  1.27378224 -1.67258277 -0.71994121  0.4390489   0.73902771  0.69792317
  0.84393013  0.19539536 -0.69409863  3.16388623 -0.29210284  1.03883864
  1.49021451 -1.96138956  0.32721128  2.73606495 -1.03055558  0.33204513
  1.89724105  0.09590584 -0.3495525   1.48793288  0.6394898   1.04516705
  1.0809489  -1.41691902  1.72947149  0.64600252 -0.83676072 -0.35175818
  2.32653339 -0.48580986  1.7315713   0.23905938 -0.29418966  1.04409886
  2.10872927 -0.19751786  0.69076659  1.90685955 -1.22185456  1.02867004
  1.28424072 -0.3901072   1.38460439  0.86763943 -1.12637853  0.68784121
  1.06684251 -0.1012266   0.34746753  1.69147272 -0.93135594 -0.00811359] with unbiased energy -173.9060574172984
Removing previous minimum at index 12114 (energy -173.90062820310146) because 
corresponding saddle does not have sufficiently greater energy (-173.82628987348315)
Identified minimum at position [ 2.93964828  1.25898314  0.9306397   1.48776651 -0.75363719  2.4038341
  2.53101353  0.49720778  1.38911694  2.30731393 -1.75902007 -0.44744043
  0.42634949 -1.87357217 -0.08370229  0.65108207  0.39388784  1.75263574
  0.01973858 -1.36969695  1.33753789  1.47285813 -0.61860272 -1.08913132
  1.69455312 -2.30368601  1.28898696  2.11189004 -1.58750387  2.0191095
 -0.19749383 -1.0486639   0.30439566  2.52293622 -2.09117404  0.58967327
  2.94242371 -1.38093647  1.32360745  2.52127943 -0.7163293  -0.74450278
  0.64377643 -2.19503541  0.94984918  1.69707064  0.28550619  2.08844737
  0.44334201 -0.64630676  2.0648724   2.30733258  0.82808323  0.35825114
  1.25976793 -1.65666958 -0.78308132  0.43542735  0.71892736  0.71239227
  0.83412911  0.20440968 -0.70637092  3.15650272 -0.3363369   1.02299806
  1.47601774 -1.97496228  0.25379055  2.72584281 -1.04607807  0.29017616
  1.8889142   0.10014642 -0.35933011  1.47956742  0.60412114  1.04854978
  1.06849445 -1.47275479  1.6731114   0.63600739 -0.83071133 -0.38905374
  2.31689466 -0.54638727  1.70382873  0.23183394 -0.3274105   1.0272796
  2.09901149 -0.22452832  0.67286037  1.89484594 -1.25875331  0.97846394
  1.27521339 -0.43615416  1.36029086  0.85614411 -1.14980509  0.64120994
  1.05908723 -0.11533236  0.33170496  1.68116429 -0.93601638 -0.048643  ] with unbiased energy -173.8863466479746
Removing previous minimum at index 14184 (energy -173.9060574172984) because 
corresponding saddle does not have sufficiently greater energy (-173.81648675259996)
Identified minimum at position [ 2.93650574  1.26737897  0.94096768  1.47387285 -0.55635108  2.48856742
  2.51672099  0.62333214  1.39826012  2.31436389 -1.78601042 -0.26432738
  0.43443683 -1.86715505  0.08915435  0.63220533  0.53415179  1.74507575
  0.01370538 -1.25664285  1.46181243  1.46864022 -0.68570026 -1.00895715
  1.69220438 -2.18342341  1.5026982   2.10940899 -1.40773028  2.16858712
 -0.19703919 -1.01764575  0.40342939  2.52716988 -2.01999631  0.79955705
  2.94285618 -1.23995785  1.46219611  2.51111713 -0.77613949 -0.66225296
  0.64335012 -2.10754128  1.14736832  1.67545533  0.45747772  2.10471853
  0.42969478 -0.47839414  2.13339294  2.31857263  0.85419822  0.33833032
  1.27205411 -1.70168632 -0.6193267   0.42059267  0.77065384  0.68127175
  0.84591347  0.17473505 -0.68366326  3.143775   -0.22253462  1.06501002
  1.48052851 -1.93904538  0.44375929  2.72404958 -1.00549092  0.40300785
  1.88803963  0.08318414 -0.33228741  1.4720013   0.69073943  1.04468144
  1.06199575 -1.32920225  1.81347362  0.64174739 -0.84918351 -0.29728474
  2.30687884 -0.3919023   1.77642684  0.22169185 -0.24246151  1.06902271
  2.0952404  -0.15775582  0.72116349  1.89222367 -1.16364923  1.10824704
  1.26562101 -0.31980587  1.42303494  0.85453347 -1.08884362  0.75804983
  1.05601791 -0.08172017  0.3726494   1.68207173 -0.9267718   0.05704905] with unbiased energy -173.88852102614447
Removing previous minimum at index 26822 (energy -173.8863466479746) because 
corresponding saddle does not have sufficiently greater energy (-173.8152812257707)
