Starting run 47
Identified minimum at position [ 2.92690577e+00  1.25206361e+00  9.33527392e-01  1.46345283e+00
 -6.56385138e-01  2.44831404e+00  2.51022790e+00  5.58850624e-01
  1.39757615e+00  2.29883879e+00 -1.77680911e+00 -3.53647731e-01
  4.16677854e-01 -1.87162117e+00  2.63226156e-07  6.28066949e-01
  4.64038690e-01  1.75122408e+00 -1.99072558e-08 -1.31277057e+00
  1.39757632e+00  1.46345293e+00 -6.56385386e-01 -1.05073769e+00
  1.67484206e+00 -2.24630671e+00  1.39757650e+00  2.09253502e+00
 -1.50011330e+00  2.09636448e+00 -2.09354028e-01 -1.03198402e+00
  3.50243283e-01  2.50921278e+00 -2.05896386e+00  6.98788365e-01
  2.92690573e+00 -1.31277050e+00  1.39757630e+00  2.50717764e+00
 -7.49829153e-01 -7.02192787e-01  6.26031832e-01 -2.15240774e+00
  1.04733322e+00  1.67179170e+00  3.70594860e-01  2.09976907e+00
  4.19728098e-01 -5.62941259e-01  2.09976910e+00  2.30087395e+00
  8.39637160e-01  3.50243077e-01  1.25511401e+00 -1.68336539e+00
 -7.02192668e-01  4.17692895e-01  7.46193357e-01  6.98788036e-01
  8.34370731e-01  1.87342841e-01 -6.98788055e-01  3.13625977e+00
 -2.80786528e-01  1.04733307e+00  1.46345293e+00 -1.95963110e+00
  3.49392221e-01  2.71248849e+00 -1.02835248e+00  3.49392082e-01
  1.87912301e+00  8.93615648e-02 -3.46011958e-01  1.46345286e+00
  6.46860597e-01  1.04818420e+00  1.04778274e+00 -1.40213208e+00
  1.74358836e+00  6.30087329e-01 -8.41917037e-01 -3.46011897e-01
  2.29681842e+00 -4.70853519e-01  1.74358825e+00  2.14417196e-01
 -2.84418004e-01  1.04818428e+00  2.08550952e+00 -1.92580986e-01
  6.98788168e-01  1.87849352e+00 -1.21303988e+00  1.04511998e+00
  1.25643686e+00 -3.78734264e-01  1.39313907e+00  8.41396190e-01
 -1.12018952e+00  6.98788244e-01  1.04841220e+00 -9.97306432e-02
  3.52456404e-01  1.67046885e+00 -9.34036242e-01  4.43732726e-03] with unbiased energy -173.92842659062353
Identified minimum at position [ 2.92705334e+00  1.25362271e+00  9.34998692e-01  1.46212801e+00
 -6.32818726e-01  2.45818669e+00  2.50887130e+00  5.74036872e-01
  1.39865091e+00  2.30035493e+00 -1.77970218e+00 -3.31870465e-01
  4.18370447e-01 -1.87075130e+00  2.02606723e-02  6.26102494e-01
  4.80752973e-01  1.75003033e+00 -2.05992313e-04 -1.29936221e+00
  1.41208900e+00  1.46336590e+00 -6.63903447e-01 -1.04121994e+00
  1.67514419e+00 -2.23177973e+00  1.42279289e+00  2.09269006e+00
 -1.47852758e+00  2.11398431e+00 -2.08779487e-01 -1.02843602e+00
  3.61801663e-01  2.51034798e+00 -2.05016769e+00  7.23684716e-01
  2.92743695e+00 -1.29568205e+00  1.41397982e+00  2.50640314e+00
 -7.56700480e-01 -6.92421333e-01  6.26601043e-01 -2.14188575e+00
  1.07050874e+00  1.66946245e+00  3.91159875e-01  2.10154439e+00
  4.18466905e-01 -5.42943064e-01  2.10763036e+00  2.30278523e+00
  8.42856879e-01  3.47908188e-01  1.25731634e+00 -1.68832766e+00
 -6.82863013e-01  4.16307153e-01  7.52357739e-01  6.94810453e-01
  8.36021225e-01  1.84093443e-01 -6.95971281e-01  3.13518516e+00
 -2.66995526e-01  1.05231268e+00  1.46465226e+00 -1.95511997e+00
  3.71806339e-01  2.71277406e+00 -1.02325400e+00  3.62788658e-01
  1.87946075e+00  8.75683774e-02 -3.42758336e-01  1.46292235e+00
  6.57263642e-01  1.04760898e+00  1.04748279e+00 -1.38496009e+00
  1.76004926e+00  6.31228141e-01 -8.43949046e-01 -3.35213612e-01
  2.29597324e+00 -4.52279877e-01  1.75210711e+00  2.13579343e-01
 -2.74337172e-01  1.05289396e+00  2.08543376e+00 -1.84473002e-01
  7.04472058e-01  1.87867266e+00 -1.20153045e+00  1.06042343e+00
  1.25565388e+00 -3.64794911e-01  1.40041594e+00  8.41718433e-01
 -1.11284157e+00  7.12482900e-01  1.04835689e+00 -9.55919564e-02
  3.57189134e-01  1.67107681e+00 -9.32694114e-01  1.69254511e-02] with unbiased energy -173.92642692058413
Removing previous minimum at index 83 (energy -173.92842659062353) because 
corresponding saddle does not have sufficiently greater energy (-173.86852557851185)
Identified minimum at position [ 2.91636829  1.24142645  0.93060193  1.44617779 -0.64732141  2.45367564
  2.49676952  0.56363258  1.40068044  2.28712737 -1.78139425 -0.34078687
  0.40308445 -1.87173493  0.00812781  0.61425785  0.47042232  1.75281923
 -0.0164998  -1.30606614  1.40163979  1.45625341 -0.66518447 -1.04676898
  1.65705754 -2.24142585  1.4103019   2.07524452 -1.49229071  2.10552295
 -0.22123905 -1.02821988  0.35234681  2.49403384 -2.05690214  0.71364455
  2.91185082 -1.30683135  1.40809634  2.49812789 -0.75679444 -0.69528349
  0.60909231 -2.14808474  1.05713022  1.65723892  0.37818935  2.10284167
  0.40284245 -0.55504307  2.10321193  2.28949675  0.83876931  0.35113673
  1.24449567 -1.68980806 -0.69281745  0.40712056  0.74934886  0.69951001
  0.82967812  0.18231198 -0.70122804  3.12261804 -0.27644693  1.05148317
  1.44899799 -1.95952315  0.36073947  2.70038514 -1.02805693  0.35800935
  1.87001249  0.08512746 -0.34402896  1.45136086  0.64979697  1.04983257
  1.03067039 -1.39529417  1.7508532   0.62167227 -0.8451432  -0.34276789
  2.28192893 -0.46438308  1.74958695  0.20202075 -0.27973387  1.05036297
  2.07397089 -0.19100969  0.70290649  1.86380102 -1.20944713  1.05339875
  1.24245196 -0.37373077  1.39761836  0.82770866 -1.11765482  0.70454732
  1.03948773 -0.09977823  0.35530064  1.65954222 -0.93630922  0.01094349] with unbiased energy -173.92230028175916
Removing previous minimum at index 217 (energy -173.92642692058413) because 
corresponding saddle does not have sufficiently greater energy (-173.86824179196532)
Identified minimum at position [ 2.92681052e+00  1.25051406e+00  9.32009897e-01  1.46481522e+00
 -6.79959162e-01  2.43826711e+00  2.51162810e+00  5.43654287e-01
  1.39639186e+00  2.29733904e+00 -1.77372216e+00 -3.75372344e-01
  4.14988995e-01 -1.87234751e+00 -2.02077974e-02  6.30056272e-01
  4.47224291e-01  1.75234744e+00  2.38069141e-04 -1.32612604e+00
  1.38296078e+00  1.46356303e+00 -6.48833039e-01 -1.06016535e+00
  1.67459582e+00 -2.26066231e+00  1.37223520e+00  2.09243925e+00
 -1.52160170e+00  2.07854509e+00 -2.09909882e-01 -1.03543452e+00
  3.38686499e-01  2.50811764e+00 -2.06752317e+00  6.73804046e-01
  2.92641584e+00 -1.32971720e+00  1.38098122e+00  2.50797870e+00
 -7.42913599e-01 -7.11865785e-01  6.25505847e-01 -2.16279335e+00
  1.02410129e+00  1.67416309e+00  3.49969014e-01  2.09788883e+00
  4.21015192e-01 -5.82975512e-01  2.09177564e+00  2.29897638e+00
  8.36372873e-01  3.52597522e-01  1.25291255e+00 -1.67826990e+00
 -7.21442774e-01  4.19114053e-01  7.39956722e-01  7.02785243e-01
  8.32731814e-01  1.90570568e-01 -7.01592393e-01  3.13737357e+00
 -2.94552664e-01  1.04219232e+00  1.46227449e+00 -1.96398081e+00
  3.26963200e-01  2.71222467e+00 -1.03332101e+00  3.35953222e-01
  1.87879964e+00  9.11310423e-02 -3.49203530e-01  1.46401674e+00
  6.36377521e-01  1.04879459e+00  1.04811988e+00 -1.41924153e+00
  1.72700572e+00  6.28955819e-01 -8.39837664e-01 -3.56741088e-01
  2.29768715e+00 -4.89399376e-01  1.73490733e+00  2.15272738e-01
 -2.94517731e-01  1.04343627e+00  2.08557217e+00 -2.00694543e-01
  6.93063317e-01  1.87834007e+00 -1.22446201e+00  1.02972980e+00
  1.25723160e+00 -3.92687447e-01  1.38579062e+00  8.41095145e-01
 -1.12746894e+00  6.85071825e-01  1.04846573e+00 -1.03869609e-01
  3.47729002e-01  1.66986872e+00 -9.35308830e-01 -8.02858880e-03] with unbiased energy -173.9264364894593
Removing previous minimum at index 351 (energy -173.92230028175916) because 
corresponding saddle does not have sufficiently greater energy (-173.85655512056692)
Identified minimum at position [ 2.92677305e+00  1.24908220e+00  9.30561161e-01  1.46613433e+00
 -7.01955428e-01  2.42873025e+00  2.51298511e+00  5.29471433e-01
  1.39518107e+00  2.29596410e+00 -1.77066160e+00 -3.95597808e-01
  4.13428509e-01 -1.87289376e+00 -3.90154076e-02  6.31945543e-01
  4.31448186e-01  1.75332744e+00  5.02162440e-04 -1.33853656e+00
  1.36923073e+00  1.46369017e+00 -6.41747007e-01 -1.06888304e+00
  1.67443097e+00 -2.27389534e+00  1.34847552e+00  2.09241817e+00
 -1.54155551e+00  2.06173483e+00 -2.10402574e-01 -1.03856689e+00
  3.27907063e-01  2.50714412e+00 -2.07528976e+00  6.50410553e-01
  2.92600921e+00 -1.34539471e+00  1.36532029e+00  2.50875426e+00
 -7.36416336e-01 -7.20808293e-01  6.25068137e-01 -2.17235674e+00
  1.00237277e+00  1.67642613e+00  3.30673775e-01  2.09603419e+00
  4.22252734e-01 -6.01696502e-01  2.08419351e+00  2.29722436e+00
  8.33292368e-01  3.54807044e-01  1.25086883e+00 -1.67338864e+00
 -7.39334003e-01  4.20479035e-01  7.34072785e-01  7.06529396e-01
  8.31214471e-01  1.93569900e-01 -7.04196690e-01  3.13846067e+00
 -3.07369364e-01  1.03724613e+00  1.46120597e+00 -1.96788762e+00
  3.06020542e-01  2.71200744e+00 -1.03783595e+00  3.23373090e-01
  1.87851569e+00  9.27674689e-02 -3.52129572e-01  1.46458322e+00
  6.26525203e-01  1.04939343e+00  1.04848192e+00 -1.43514402e+00
  1.71142087e+00  6.27915846e-01 -8.37851860e-01 -3.66689668e-01
  2.29853212e+00 -5.06671771e-01  1.72665545e+00  2.16096090e-01
 -3.03956099e-01  1.03896787e+00  2.08562897e+00 -2.08264612e-01
  6.87679274e-01  1.87823207e+00 -1.23503460e+00  1.01528842e+00
  1.25799512e+00 -4.05714551e-01  1.37886532e+00  8.40844230e-01
 -1.13419531e+00  6.72252719e-01  1.04852117e+00 -1.07726490e-01
  3.43320566e-01  1.66932435e+00 -9.36427338e-01 -1.96424459e-02] with unbiased energy -173.92101024553642
Removing previous minimum at index 492 (energy -173.9264364894593) because 
corresponding saddle does not have sufficiently greater energy (-173.8611771821448)
Identified minimum at position [ 2.92678151e+00  1.24772290e+00  9.29148725e-01  1.46744409e+00
 -7.22976125e-01  2.41946561e+00  2.51433277e+00  5.15911759e-01
  1.39392139e+00  2.29467300e+00 -1.76757442e+00 -4.14889602e-01
  4.11953170e-01 -1.87329861e+00 -5.69462369e-02  6.33786343e-01
  4.16289700e-01  1.75420234e+00  7.96682412e-04 -1.35035149e+00
  1.35602436e+00  1.46383337e+00 -6.34940001e-01 -1.07714572e+00
  1.67433660e+00 -2.28639587e+00  1.32566328e+00  2.09246419e+00
 -1.56053742e+00  2.04550132e+00 -2.10847390e-01 -1.04148259e+00
  3.17609743e-01  2.50625992e+00 -2.08251500e+00  6.27976792e-01
  2.92566986e+00 -1.36025754e+00  1.35019079e+00  2.50952080e+00
 -7.30166667e-01 -7.29283399e-01  6.24702013e-01 -2.18138239e+00
  9.81559763e-01  1.67864204e+00  3.12187394e-01  2.09416699e+00
  4.23473288e-01 -6.19614178e-01  2.07683313e+00  2.29556332e+00
  8.30318029e-01  3.56926123e-01  1.24892563e+00 -1.66860998e+00
 -7.56370590e-01  4.21819892e-01  7.28388417e-01  7.10122615e-01
  8.29773606e-01  1.96425496e-01 -7.06676602e-01  3.13954832e+00
 -3.19595391e-01  1.03238061e+00  1.46021534e+00 -1.97148503e+00
  2.85990528e-01  2.71182834e+00 -1.04204329e+00  3.11311178e-01
  1.87825895e+00  9.43185818e-02 -3.54882666e-01  1.46516434e+00
  6.17041444e-01  1.04999122e+00  1.04887557e+00 -1.45028629e+00
  1.69642321e+00  6.26937849e-01 -8.35914373e-01 -3.76141916e-01
  2.29937635e+00 -5.23150320e-01  1.71862731e+00  2.16908769e-01
 -3.12990590e-01  1.03466085e+00  2.08568494e+00 -2.15499800e-01
  6.82490919e-01  1.87816429e+00 -1.24506274e+00  1.00141064e+00
  1.25874911e+00 -4.18172451e-01  1.37218204e+00  8.40634733e-01
 -1.14056506e+00  6.59981518e-01  1.04858048e+00 -1.11407989e-01
  3.39108155e-01  1.66881972e+00 -9.37434523e-01 -3.07280443e-02] with unbiased energy -173.91263380934632
Removing previous minimum at index 634 (energy -173.92101024553642) because 
corresponding saddle does not have sufficiently greater energy (-173.8506927613382)
Identified minimum at position [ 2.91616069e+00  1.23978727e+00  9.29058658e-01  1.44768049e+00
 -6.70960824e-01  2.44374923e+00  2.49822056e+00  5.48374297e-01
  1.39950567e+00  2.28552369e+00 -1.77845680e+00 -3.62609716e-01
  4.01303578e-01 -1.87250557e+00 -1.19667387e-02  6.16336444e-01
  4.53606838e-01  1.75408229e+00 -1.62276539e-02 -1.31941143e+00
  1.38721930e+00  1.45627543e+00 -6.57725508e-01 -1.05623698e+00
  1.65681536e+00 -2.25591310e+00  1.38502504e+00  2.07522858e+00
 -1.51389767e+00  2.08777140e+00 -2.21831107e-01 -1.03163925e+00
  3.40963836e-01  2.49289733e+00 -2.06565612e+00  6.88632715e-01
  2.91139926e+00 -1.32394382e+00  1.39150981e+00  2.49884801e+00
 -7.49944572e-01 -7.05057615e-01  6.08546968e-01 -2.15853917e+00
  1.03403616e+00  1.65972588e+00  3.57510131e-01  2.10105676e+00
  4.04247069e-01 -5.75081263e-01  2.09539225e+00  2.28751392e+00
  8.35498602e-01  3.53452326e-01  1.24215238e+00 -1.68482017e+00
 -7.12075243e-01  4.08527948e-01  7.43108526e-01  7.03617814e-01
  8.27999796e-01  1.85516626e-01 -7.04019395e-01  3.12373074e+00
 -2.90308539e-01  1.04632987e+00  1.44775945e+00 -1.96397647e+00
  3.38347000e-01  2.70009236e+00 -1.03317347e+00  3.44532581e-01
  1.86962975e+00  8.68821612e-02 -3.47284362e-01  1.45196041e+00
  6.39296115e-01  1.05050447e+00  1.03106901e+00 -1.41246368e+00
  1.73439686e+00  6.20486564e-01 -8.43072563e-01 -3.53427397e-01
  2.28289681e+00 -4.83020118e-01  1.74095925e+00  2.02916615e-01
 -2.89820573e-01  1.04575552e+00  2.07408425e+00 -1.99166823e-01
  6.97189111e-01  1.86367094e+00 -1.22096159e+00  1.03805527e+00
  1.24332969e+00 -3.87722606e-01  1.39036380e+00  8.27404680e-01
 -1.12497013e+00  6.90934731e-01  1.03959380e+00 -1.03940813e-01
  3.50646006e-01  1.65890672e+00 -9.37646506e-01 -1.51929742e-03] with unbiased energy -173.92208544169844
Removing previous minimum at index 781 (energy -173.91263380934632) because 
corresponding saddle does not have sufficiently greater energy (-173.84855059602356)
Identified minimum at position [ 2.91575203  1.2379713   0.92747612  1.44871336 -0.69336196  2.43422357
  2.4993112   0.53389     1.39837112  2.28371913 -1.77557807 -0.38311954
  0.39927088 -1.873108   -0.03095277  0.61799852  0.43758555  1.75526069
 -0.01635229 -1.33196003  1.37342118  1.45614398 -0.6507629  -1.06511677
  1.65618578 -2.26949077  1.36103854  2.07483098 -1.53428372  2.07082937
 -0.22267435 -1.03472752  0.33012135  2.49146828 -2.07375719  0.66499551
  2.91062849 -1.34002985  1.3757298   2.49933896 -0.74352086 -0.71414893
  0.60763953 -2.16830378  1.01212207  1.66177301  0.33785604  2.09933545
  0.40518736 -0.59408774  2.0878669   2.28535177  0.83230667  0.35571713
  1.23965641 -1.68007393 -0.7302007   0.40964884  0.73715153  0.70757808
  0.82629064  0.18844994 -0.70673774  3.12448947 -0.30343031  1.04135706
  1.44623596 -1.96807893  0.31718763  2.69953309 -1.03793959  0.33181725
  1.86905603  0.08844174 -0.35029146  1.45226608  0.62924822  1.05122928
  1.03105243 -1.42866125  1.71871571  0.61915702 -0.84112001 -0.36348348
  2.28346996 -0.50066121  1.73270938  0.20348057 -0.29936919  1.04135854
  2.07389816 -0.20693312  0.69178804  1.86320292 -1.23180348  1.02350183
  1.24383011 -0.4009959   1.38346824  0.82679307 -1.13183831  0.67803016
  1.03948089 -0.10791996  0.34627024  1.65803898 -0.93891155 -0.01326087] with unbiased energy -173.91794083769463
Removing previous minimum at index 932 (energy -173.92208544169844) because 
corresponding saddle does not have sufficiently greater energy (-173.8528455612815)
Identified minimum at position [ 2.93791561e+00  1.26310804e+00  9.36276677e-01  1.48063385e+00
 -6.65465408e-01  2.44304839e+00  2.52393401e+00  5.53912636e-01
  1.39467805e+00  2.31071033e+00 -1.77240860e+00 -3.66203580e-01
  4.30339252e-01 -1.87154589e+00 -8.04490993e-03  6.42007885e-01
  4.57651896e-01  1.74951084e+00  1.64733616e-02 -1.31942132e+00
  1.39341345e+00  1.47097579e+00 -6.47800086e-01 -1.05444636e+00
  1.69252402e+00 -2.25123084e+00  1.38504811e+00  2.10972138e+00
 -1.50798385e+00  2.08738091e+00 -1.97345882e-01 -1.03571213e+00
  3.48034690e-01  2.52438973e+00 -2.06112369e+00  6.84227209e-01
  2.94197344e+00 -1.31882134e+00  1.38730661e+00  2.51657850e+00
 -7.43092287e-01 -7.08792212e-01  6.42906198e-01 -2.15675086e+00
  1.03762271e+00  1.68642660e+00  3.62947416e-01  2.09677670e+00
  4.36559718e-01 -5.70784130e-01  2.09624273e+00  2.31260902e+00
  8.40324700e-01  3.49535071e-01  1.26590461e+00 -1.67708454e+00
 -7.11342487e-01  4.28559911e-01  7.42965812e-01  6.97888958e-01
  8.39343674e-01  1.92193828e-01 -6.96238616e-01  3.15019298e+00
 -2.85292711e-01  1.04336974e+00  1.47794747e+00 -1.95985997e+00
  3.38238405e-01  2.72484421e+00 -1.02879494e+00  3.41009320e-01
  1.88862402e+00  9.33598861e-02 -3.47799654e-01  1.47582823e+00
  6.43824476e-01  1.04659366e+00  1.06482089e+00 -1.40898529e+00
  1.73639915e+00  6.38740585e-01 -8.38793492e-01 -3.49125775e-01
  2.31179433e+00 -4.77418302e-01  1.73779111e+00  2.26997645e-01
 -2.89106968e-01  1.04587133e+00  2.09740673e+00 -1.94318773e-01
  6.94862188e-01  1.89324895e+00 -1.21672006e+00  1.03700998e+00
  1.27055491e+00 -3.83813127e-01  1.38876617e+00  8.55186050e-01
 -1.12281419e+00  6.93099970e-01  1.05786031e+00 -9.98808733e-02
  3.49790732e-01  1.68166032e+00 -9.31971283e-01 -1.87474443e-03] with unbiased energy -173.92237777350448
Removing previous minimum at index 1073 (energy -173.91794083769463) because 
corresponding saddle does not have sufficiently greater energy (-173.84513255581368)
Identified minimum at position [ 2.93795891  1.26459651  0.93773694  1.47945418 -0.64195511  2.45304138
  2.52264269  0.569034    1.39576153  2.31211127 -1.77544249 -0.34452695
  0.43193049 -1.87070624  0.01232504  0.64014472  0.47438272  1.74844977
  0.01629737 -1.30598212  1.40812844  1.47079896 -0.6553957  -1.04496515
  1.69281549 -2.23682691  1.41032333  2.10994977 -1.48651496  2.10506551
 -0.19681236 -1.03212374  0.35977378  2.52546975 -2.05251997  0.70909026
  2.94253706 -1.30190482  1.40371533  2.51572179 -0.75002062 -0.69912049
  0.64344183 -2.146279    1.06093322  1.68422407  0.38346657  2.09864362
  0.43542192 -0.55076854  2.10428009  2.3144518   0.8435426   0.34716354
  1.26795573 -1.68213987 -0.69202255  0.42717177  0.74913582  0.69401289
  0.84095868  0.18893553 -0.69339562  3.14912687 -0.27160569  1.04833929
  1.47907463 -1.95544184  0.36068527  2.72509881 -1.02384132  0.3543662
  1.88890856  0.09156035 -0.34460609  1.4753489   0.65422024  1.04607572
  1.06457772 -1.3918594   1.75298545  0.63982475 -0.8408195  -0.33825377
  2.31105234 -0.4589355   1.74636303  0.22620476 -0.27899908  1.0507249
  2.09738708 -0.18625002  0.70055521  1.89344699 -1.20529687  1.05235756
  1.26986003 -0.36990068  1.39613767  0.8555016  -1.11548849  0.70689908
  1.05786608 -0.09575167  0.35460096  1.68223027 -0.93068456  0.01061677] with unbiased energy -173.92216158454934
Removing previous minimum at index 1239 (energy -173.92237777350448) because 
corresponding saddle does not have sufficiently greater energy (-173.86157060659)
Identified minimum at position [ 2.92725661e+00  1.25510764e+00  9.36337563e-01  1.46093980e+00
 -6.10819708e-01  2.46724592e+00  2.50765751e+00  5.88212383e-01
  1.39955706e+00  2.30179800e+00 -1.78221795e+00 -3.11497675e-01
  4.19968196e-01 -1.86980265e+00  3.92191012e-02  6.24302995e-01
  4.96275434e-01  1.74884759e+00 -3.54751423e-04 -1.28679215e+00
  1.42554775e+00  1.46331476e+00 -6.70877561e-01 -1.03225185e+00
  1.67549199e+00 -2.21805640e+00  1.44621699e+00  2.09290348e+00
 -1.45828304e+00  2.13025090e+00 -2.08215106e-01 -1.02503512e+00
  3.72595195e-01  2.51145821e+00 -2.04173505e+00  7.46841077e-01
  2.92798356e+00 -1.27959561e+00  1.42911584e+00  2.50571524e+00
 -7.63065121e-01 -6.83211699e-01  6.27186252e-01 -2.13193268e+00
  1.09209122e+00  1.66733665e+00  4.10310786e-01  2.10310598e+00
  4.17327978e-01 -5.24297829e-01  2.11485130e+00  2.30460449e+00
  8.45826838e-01  3.45745959e-01  1.25938549e+00 -1.69282823e+00
 -6.64749319e-01  4.15057892e-01  7.58052491e-01  6.91106938e-01
  8.37581002e-01  1.81049980e-01 -6.93322983e-01  3.13422956e+00
 -2.54092257e-01  1.05681596e+00  1.46580492e+00 -1.95075449e+00
  3.92713768e-01  2.71307221e+00 -1.01836975e+00  3.75253137e-01
  1.87980394e+00  8.58814690e-02 -3.39662967e-01  1.46247049e+00
  6.66914030e-01  1.04710031e+00  1.04725116e+00 -1.36886608e+00
  1.77530583e+00  6.32310597e-01 -8.45794323e-01 -3.25070005e-01
  2.29521805e+00 -4.34909339e-01  1.75991332e+00  2.12824891e-01
 -2.64937900e-01  1.05725728e+00  2.08536281e+00 -1.76901558e-01
  7.09742717e-01  1.87887633e+00 -1.19070000e+00  1.07462975e+00
  1.25494613e+00 -3.51786982e-01  1.40714392e+00  8.42051005e-01
 -1.10591319e+00  7.25247084e-01  1.04831429e+00 -9.17220288e-02
  3.61611471e-01  1.67166328e+00 -9.31369597e-01  2.86024649e-02] with unbiased energy -173.92093662589417
Removing previous minimum at index 1375 (energy -173.92216158454934) because 
corresponding saddle does not have sufficiently greater energy (-173.85270169742103)
Identified minimum at position [ 2.92260865  1.24085445  0.92074267  1.46726065 -0.6510612   2.4561292
  2.50756439  0.56233187  1.39465464  2.29928975 -1.78520288 -0.34001872
  0.41643259 -1.8823254   0.02493235  0.62737655  0.45902379  1.75861129
  0.00512557 -1.32053469  1.40718332  1.4621991  -0.67869826 -1.04192832
  1.6875622  -2.24718877  1.41746269  2.1014375  -1.49320603  2.10962134
 -0.20892278 -1.03442564  0.360464    2.51687438 -2.0595486   0.71281157
  2.93284443 -1.30732799  1.40632866  2.5066018  -0.75983723 -0.6945759
  0.63645108 -2.1618309   1.07046102  1.67321837  0.37422094  2.10192429
  0.42173575 -0.56783003  2.10740986  2.29089296  0.83616968  0.34679596
  1.25187062 -1.70126038 -0.68225379  0.41271576  0.73992956  0.70692094
  0.83369131  0.16924539 -0.7004623   3.1362892  -0.27651534  1.04825142
  1.46814849 -1.9682351   0.36852247  2.71405278 -1.0298515   0.35690351
  1.87414205  0.07764378 -0.34354445  1.45888738  0.64269117  1.04999595
  1.05489367 -1.4042282   1.75762169  0.62861873 -0.85458482 -0.33447819
  2.29968633 -0.46614027  1.74849632  0.21441947 -0.28998794  1.05488908
  2.08385749 -0.19553449  0.70257409  1.8830201  -1.21500098  1.05657413
  1.25759163 -0.3814188   1.40028668  0.8441348  -1.12767025  0.71197992
  1.04536213 -0.10832928  0.3578954   1.67012032 -0.9437288   0.01496876] with unbiased energy -173.91881456460243
Removing previous minimum at index 1518 (energy -173.92093662589417) because 
corresponding saddle does not have sufficiently greater energy (-173.8532545136145)
Identified minimum at position [ 2.92255402e+00  1.23935714e+00  9.19284307e-01  1.46817881e+00
 -6.74732745e-01  2.44614555e+00  2.50855575e+00  5.47507331e-01
  1.39399308e+00  2.29859955e+00 -1.78217209e+00 -3.61453558e-01
  4.15545754e-01 -1.88337680e+00  4.22977250e-03  6.28893211e-01
  4.41898703e-01  1.75957441e+00  5.47877706e-03 -1.33436447e+00
  1.39195047e+00  1.46267599e+00 -6.70886156e-01 -1.05160776e+00
  1.68767565e+00 -2.26165679e+00  1.39221238e+00  2.10132386e+00
 -1.51459089e+00  2.09204501e+00 -2.09111605e-01 -1.03826155e+00
  3.48359578e-01  2.51637191e+00 -2.06794007e+00  6.88336630e-01
  2.93253323e+00 -1.32374663e+00  1.39026612e+00  2.50763195e+00
 -7.52939239e-01 -7.04266666e-01  6.36408714e-01 -2.17263011e+00
  1.04678248e+00  1.67499637e+00  3.53630245e-01  2.10030422e+00
  4.22653453e-01 -5.88269516e-01  2.09902757e+00  2.28903116e+00
  8.32942524e-01  3.49408308e-01  1.25064238e+00 -1.69613823e+00
 -7.01747920e-01  4.14051853e-01  7.33594609e-01  7.10788816e-01
  8.32139076e-01  1.72619501e-01 -7.03335670e-01  3.13726398e+00
 -2.89636845e-01  1.04346205e+00  1.46764529e+00 -1.97268911e+00
  3.46038395e-01  2.71408676e+00 -1.03461938e+00  3.43798095e-01
  1.87393973e+00  7.95645009e-02 -3.46760256e-01  1.45923960e+00
  6.32209680e-01  1.05073377e+00  1.05524746e+00 -1.42158596e+00
  1.74087514e+00  6.27949579e-01 -8.52590972e-01 -3.45498020e-01
  2.30032983e+00 -4.84418904e-01  1.74014872e+00  2.15213304e-01
 -3.00371337e-01  1.04972671e+00  2.08393914e+00 -2.03495777e-01
  6.97010222e-01  1.88306902e+00 -1.22636525e+00  1.04132785e+00
  1.25824281e+00 -3.95457272e-01  1.39290913e+00  8.44122822e-01
 -1.13515161e+00  6.98015212e-01  1.04550934e+00 -1.12485939e-01
  3.53075810e-01  1.66991362e+00 -9.44953102e-01  2.48844939e-03] with unbiased energy -173.9186863750165
Removing previous minimum at index 1666 (energy -173.91881456460243) because 
corresponding saddle does not have sufficiently greater energy (-173.84457630080496)
Identified minimum at position [ 2.93821094  1.26196789  0.93490268  1.48224097 -0.68854532  2.43302201
  2.52558538  0.53907892  1.3934446   2.3096649  -1.76915115 -0.38754748
  0.42914079 -1.87220213 -0.02803206  0.64419748  0.44115093  1.75041417
  0.01707858 -1.33257762  1.37889173  1.47136408 -0.64013615 -1.06367723
  1.69271468 -2.26517866  1.36002361  2.10997025 -1.52895405  2.06975832
 -0.197544   -1.03919128  0.33655231  2.52374611 -2.06930771  0.65959986
  2.94183347 -1.33528383  1.3709091   2.51767765 -0.73613469 -0.71826937
  0.64283166 -2.16688308  1.01463525  1.68897781  0.34275874  2.09477609
  0.4381087  -0.59044992  2.088201    2.31114506  0.83717914  0.35184126
  1.26419226 -1.67185824 -0.73029836  0.4302248   0.73683146  0.70163484
  0.83791273  0.19548831 -0.6989224   3.15162438 -0.29869283  1.0382863
  1.47722864 -1.96398758  0.31610306  2.7249291  -1.03349238  0.32777049
  1.88861159  0.09520288 -0.35089293  1.47664905  0.63357818  1.04708121
  1.0655072  -1.42572811  1.71995971  0.63791981 -0.83668142 -0.35972256
  2.31291207 -0.4955206   1.72914947  0.22810412 -0.29905301  1.04104655
  2.09772044 -0.20220297  0.6891826   1.89344473 -1.22782204  1.02179052
  1.27159691 -0.39746425  1.38141045  0.85524249 -1.12991775  0.67950399
  1.05810122 -0.10388356  0.34504529  1.68139898 -0.93308805 -0.01416685] with unbiased energy -173.91842603430283
Removing previous minimum at index 1824 (energy -173.9186863750165) because 
corresponding saddle does not have sufficiently greater energy (-173.8487835704845)
Identified minimum at position [ 2.93127663  1.26437197  0.94754773  1.45902954 -0.63977113  2.44976724
  2.51186724  0.56947825  1.40115206  2.29993285 -1.77120126 -0.34711262
  0.41865172 -1.86024479 -0.00625455  0.62740419  0.48474394  1.74296111
 -0.00520635 -1.29242306  1.40204215  1.46474337 -0.64106047 -1.0507468
  1.66232228 -2.23186682  1.40101389  2.0840935  -1.48703915  2.09934674
 -0.20907223 -1.02671312  0.3511841   2.50261447 -2.05031372  0.70787979
  2.92175275 -1.30244599  1.40395268  2.50707008 -0.74616593 -0.70086345
  0.61602935 -2.1329462   1.04569347  1.66870888  0.38617377  2.09920746
  0.41713312 -0.53929832  2.099904    2.31243363  0.84611412  0.35126664
  1.26068788 -1.67010805 -0.70422717  0.42128632  0.75809567  0.68713761
  0.83642231  0.20224636 -0.69453292  3.13549628 -0.27233436  1.05091241
  1.45999261 -1.94677272  0.35107532  2.71131939 -1.02224295  0.35427467
  1.88436879  0.09939236 -0.34546269  1.46766044  0.66067314  1.0457866
  1.04069882 -1.38394857  1.74495152  0.63287291 -0.83132186 -0.34754307
  2.29358264 -0.45832065  1.74651326  0.21395557 -0.26946906  1.04641411
  2.08725427 -0.18211905  0.70023204  1.8743785  -1.20037351  1.04788464
  1.2549354  -0.36303267  1.39290974  0.83924839 -1.10576453  0.69843406
  1.05148769 -0.08742369  0.3515294   1.671574   -0.92311308  0.0054984 ] with unbiased energy -173.91875680961323
Removing previous minimum at index 1965 (energy -173.91842603430283) because 
corresponding saddle does not have sufficiently greater energy (-173.8471476397007)
Identified minimum at position [ 2.91637925  1.24278547  0.93198298  1.44431477 -0.62410619  2.46330337
  2.49506246  0.57859382  1.40181349  2.28843357 -1.78417683 -0.31916833
  0.40450303 -1.87085494  0.02793206  0.61191013  0.48684061  1.7515556
 -0.01713644 -1.29287429  1.41566367  1.45609269 -0.67262665 -1.03736283
  1.6569171  -2.22704291  1.43509965  2.07489087 -1.47097577  2.12283893
 -0.22092803 -1.02471528  0.36346789  2.49481771 -2.04809696  0.73827982
  2.91196303 -1.28988325  1.4243239   2.49724416 -0.76359102 -0.68549505
  0.60925783 -2.13768115  1.07978925  1.65448639  0.39843868  2.10456119
  0.40107702 -0.53539148  2.11077098  2.29117324  0.84188166  0.34893897
  1.24653561 -1.69469174 -0.67376254  0.40553296  0.75542551  0.69554094
  0.83121799  0.17904524 -0.6985563   3.12123693 -0.26281428  1.0564542
  1.44988203 -1.95503302  0.38280233  2.70040276 -1.02293935  0.37130651
  1.8701881   0.08328895 -0.34074089  1.45051154  0.6600079   1.04925925
  1.02989715 -1.37836316  1.76692993  0.62263885 -0.84719497 -0.33224576
  2.28063754 -0.44605734  1.75798624  0.20086196 -0.26982785  1.05485432
  2.07356698 -0.18303918  0.70854457  1.86359557 -1.19806918  1.06845877
  1.24126197 -0.36000929  1.40472227  0.82769534 -1.11041356  0.71791561
  1.03917004 -0.09573417  0.35990799  1.65991066 -0.93499886  0.0232617 ] with unbiased energy -173.9183257740222
Removing previous minimum at index 2126 (energy -173.91875680961323) because 
corresponding saddle does not have sufficiently greater energy (-173.84572996926258)
Identified minimum at position [ 2.93832665  1.26631352  0.93916991  1.47878875 -0.61970136  2.46230216
  2.52179846  0.58336051  1.39662358  2.31375484 -1.77805042 -0.32407395
  0.43378761 -1.86975259  0.03163545  0.63873943  0.49014446  1.74732343
  0.01656038 -1.29322918  1.42200053  1.47083699 -0.66239604 -1.03591304
  1.69356861 -2.22301195  1.43405299  2.11064114 -1.4660928   2.1215598
 -0.19599091 -1.02868257  0.37094238  2.52690391 -2.04412937  0.73241171
  2.94348232 -1.28575597  1.41896774  2.51516034 -0.75642989 -0.68995138
  0.64439797 -2.13623055  1.08291662  1.68252742  0.40284716  2.10025581
  0.43477686 -0.53184109  2.1117572   2.31652997  0.84660106  0.3448936
  1.27018145 -1.68667978 -0.67371638  0.42615129  0.75489943  0.69029606
  0.84263808  0.18593702 -0.69059653  3.14849453 -0.25861385  1.05284473
  1.48052157 -1.95106332  0.38184565  2.72566781 -1.01899677  0.36688514
  1.88943627  0.089928   -0.34154342  1.47523895  0.66402435  1.04556926
  1.06479521 -1.37558437  1.76854748  0.64108525 -0.84261949 -0.32787754
  2.3107391  -0.44139982  1.75426329  0.22577853 -0.26945475  1.05527548
  2.09765953 -0.17857707  0.70586066  1.89402168 -1.19437871  1.06674409
  1.26956095 -0.3567261   1.40300974  0.85616098 -1.10847199  0.71992566
  1.05811651 -0.09179669  0.35914007  1.68306061 -0.92932904  0.02241738] with unbiased energy -173.91799729578602
Removing previous minimum at index 2273 (energy -173.9183257740222) because 
corresponding saddle does not have sufficiently greater energy (-173.8541546950702)
Identified minimum at position [ 2.93064009  1.26519373  0.94901074  1.45576117 -0.61675286  2.45934861
  2.50906132  0.58466359  1.40288984  2.30113944 -1.77402382 -0.32524083
  0.41988207 -1.85937674  0.01272986  0.62387642  0.50093065  1.74159212
 -0.00683615 -1.27934402  1.41529995  1.4644128  -0.64817305 -1.0417318
  1.66117158 -2.21753608  1.42563469  2.08255896 -1.46575631  2.11666057
 -0.20920864 -1.02326283  0.36160657  2.50280275 -2.04133709  0.7329663
  2.92100662 -1.28510258  1.42061655  2.50576118 -0.75305929 -0.69108545
  0.61537458 -2.12262877  1.06757308  1.66462079  0.40633343  2.10125498
  0.41405324 -0.51990821  2.1070377   2.31349256  0.8492041   0.34945408
  1.26289047 -1.67481466 -0.68563539  0.41907227  0.76420839  0.68313208
  0.83766474  0.19925322 -0.69209164  3.13315528 -0.25823616  1.05616797
  1.46044532 -1.94221366  0.37289065  2.71077477 -1.01698815  0.36789321
  1.88409877  0.09772613 -0.34221843  1.46597438  0.67087656  1.04548883
  1.03879602 -1.36714209  1.76065725  0.6336915  -0.83328509 -0.33747688
  2.29118884 -0.43986588  1.75519535  0.21200384 -0.25965102  1.05053876
  2.08616652 -0.17403213  0.70602894  1.87336383 -1.18890548  1.06296923
  1.25278204 -0.34934965  1.39997075  0.83858236 -1.09850905  0.71140375
  1.05075832 -0.08329536  0.35606889  1.67156655 -0.92167925  0.0177192 ] with unbiased energy -173.9145205896548
Removing previous minimum at index 2427 (energy -173.91799729578602) because 
corresponding saddle does not have sufficiently greater energy (-173.85094218098754)
Identified minimum at position [ 2.92200149  1.24142847  0.92162817  1.46567979 -0.62803783  2.46587956
  2.50598928  0.57656321  1.39516319  2.29905872 -1.78835078 -0.31878197
  0.41626421 -1.88136662  0.04567021  0.62532705  0.47549276  1.75790705
  0.00396365 -1.30701887  1.42210692  1.46122497 -0.68710129 -1.03223284
  1.68664391 -2.23309787  1.44234554  2.10081966 -1.47237282  2.12681105
 -0.20948542 -1.03043284  0.37241643  2.51650214 -2.05139411  0.73687714
  2.93240634 -1.29141986  1.42199839  2.50504995 -0.76692671 -0.68478105
  0.63562977 -2.15134113  1.09395929  1.67097526  0.39412801  2.10351962
  0.42010728 -0.54803564  2.11567167  2.29180699  0.83904274  0.34424898
  1.25207978 -1.70676254 -0.66274955  0.41080992  0.74594204  0.70351425
  0.83486271  0.1653393  -0.69790646  3.13468375 -0.26395743  1.05280863
  1.46771946 -1.96405357  0.3908252   2.71330215 -1.02533336  0.36981516
  1.87368784  0.07527802 -0.34028636  1.45788832  0.65260083  1.04942848
  1.05377235 -1.38734978  1.77410837  0.6286317  -0.85687128 -0.32349562
  2.29840166 -0.44846309  1.75660966  0.21301468 -0.27992923  1.06009668
  2.08308839 -0.18803807  0.70806657  1.88220614 -1.20405451  1.07158913
  1.2562757  -0.36790703  1.40761114  0.84336883 -1.12049954  0.72583788
  1.04462591 -0.10458176  0.3627525   1.66958516 -0.9428717   0.02738025] with unbiased energy -173.91459485388032
Removing previous minimum at index 2583 (energy -173.9145205896548) because 
corresponding saddle does not have sufficiently greater energy (-173.8454237481222)
Identified minimum at position [ 2.93110463  1.26276862  0.94600118  1.46072126 -0.66326216  2.43981565
  2.51357655  0.55394255  1.39960645  2.29768915 -1.7682361  -0.36913153
  0.41621056 -1.86081133 -0.02608102  0.62977672  0.46829126  1.74429595
 -0.00512836 -1.30540175  1.38806791  1.46451747 -0.63379215 -1.06001745
  1.66166464 -2.24626772  1.37570463  2.08392248 -1.50870965  2.08148129
 -0.20999816 -1.02991793  0.34009599  2.50093031 -2.05923107  0.6825242
  2.92103817 -1.31999496  1.38705271  2.50766039 -0.73927624 -0.7105828
  0.61499261 -2.14306788  1.02291656  1.671551    0.36555992  2.09719292
  0.4187025  -0.55894481  2.09237106  2.31048929  0.84284191  0.35337751
  1.25760572 -1.6651771  -0.72332979  0.42274577  0.75201337  0.69123736
  0.83470103  0.20533967 -0.69728626  3.13667847 -0.28671169  1.04560912
  1.45816521 -1.95117153  0.32870981  2.71076464 -1.02750316  0.3405741
  1.88392729  0.10103043 -0.34868725  1.46837362  0.6502502   1.0462477
  1.04095735 -1.40088932  1.72861841  0.63132092 -0.82922899 -0.3580893
  2.29460287 -0.4771417   1.73767816  0.21483055 -0.27929831  1.04205896
  2.08730014 -0.19037402  0.69439883  1.87399962 -1.21192748  1.03243921
  1.25582713 -0.37690307  1.38564672  0.83865057 -1.11292188  0.68495266
  1.05145226 -0.09155803  0.3468698   1.67061162 -0.9245037  -0.00698143] with unbiased energy -173.91863077003
Removing previous minimum at index 2880 (energy -173.91459485388032) because 
corresponding saddle does not have sufficiently greater energy (-173.8459594794548)
Identified minimum at position [ 2.93842019  1.26075838  0.93349992  1.48367306 -0.71015929  2.42350236
  2.52706399  0.52517163  1.39218039  2.30860135 -1.76598562 -0.40742939
  0.42790657 -1.87274042 -0.04662154  0.64617216  0.42557176  1.75124396
  0.01756979 -1.34488411  1.36520957  1.47167919 -0.63305707 -1.07222376
  1.69286111 -2.27810924  1.33655188  2.11016233 -1.54849682  2.05312687
 -0.19780803 -1.04235666  0.32581045  2.52308825 -2.07678274  0.63652359
  2.94164675 -1.35057506  1.3554279   2.51865297 -0.72964373 -0.72702287
  0.6427136  -2.17629807  0.9931321   1.69131636  0.32379621  2.09282231
  0.43946813 -0.6089362   2.08057436  2.30963681  0.83416854  0.35400529
  1.26248054 -1.66695135 -0.74790956  0.43171118  0.73099684  0.70521889
  0.83652833  0.19845666 -0.70146885  3.15290318 -0.31122503  1.03339242
  1.47647593 -1.96776114  0.29543039  2.72493649 -1.03779949  0.31537206
  1.88850898  0.09683907 -0.35373464  1.47733542  0.62387643  1.04758201
  1.06608479 -1.44137261  1.70449821  0.63708056 -0.8347336  -0.36956428
  2.31388428 -0.51244829  1.72093269  0.22906152 -0.30841009  1.03651652
  2.09790388 -0.20961967  0.68383815  1.8935556  -1.2381645   1.00750193
  1.27248402 -0.41028469  1.37448451  0.85521685 -1.13654812  0.66678978
  1.05823495 -0.10767964  0.340623    1.6810679  -0.93413215 -0.02562431] with unbiased energy -173.9113625081344
Removing previous minimum at index 3040 (energy -173.91863077003) because 
corresponding saddle does not have sufficiently greater energy (-173.845311696022)
Identified minimum at position [ 2.91548736  1.2363108   0.92593332  1.4498726  -0.71480957  2.42495815
  2.5004737   0.52005603  1.39719005  2.28216702 -1.77263904 -0.40270367
  0.39750742 -1.8735952  -0.04905218  0.61969673  0.42212668  1.75632227
 -0.01627078 -1.34399421  1.36012489  1.45611813 -0.64404558 -1.07353323
  1.65585476 -2.2823384   1.33798968  2.07468618 -1.55368429  2.05445657
 -0.22333187 -1.03765162  0.3197583   2.4903361  -2.08128135  0.6423021
  2.91009416 -1.35524929  1.36046648  2.4999208  -0.73731216 -0.72278344
  0.60702609 -2.17758184  0.99111674  1.66385856  0.31899727  2.09759615
  0.40624447 -0.61235894  2.08054038  2.28337131  0.82922627  0.3578943
  1.2374201  -1.67540475 -0.74746483  0.41082393  0.73135627  0.71138318
  0.82471154  0.19124294 -0.709306    3.12535838 -0.31590633  1.03645669
  1.44498716 -1.97187202  0.29693589  2.69914855 -1.04236306  0.31961061
  1.86859387  0.08993206 -0.35311825  1.45266731  0.6195548   1.05195278
  1.03124716 -1.44413606  1.70361221  0.61799345 -0.83921662 -0.37302769
  2.28416625 -0.51748965  1.72467537  0.2041416  -0.30856869  1.03710725
  2.07380959 -0.21435375  0.68658181  1.86293758 -1.24209703  1.00950668
  1.24443881 -0.41372393  1.37680433  0.82637759 -1.13837958  0.66567159
  1.03944715 -0.11173317  0.34208539  1.65733809 -0.94005136 -0.02447307] with unbiased energy -173.91079234473827
Removing previous minimum at index 4213 (energy -173.9113625081344) because 
corresponding saddle does not have sufficiently greater energy (-173.84060894385806)
Identified minimum at position [ 2.92681261e+00  1.24639834e+00  9.27753825e-01  1.46873530e+00
 -7.43282332e-01  2.41037670e+00  2.51566479e+00  5.02806678e-01
  1.39261013e+00  2.29343240e+00 -1.76444830e+00 -4.33484149e-01
  4.10526189e-01 -1.87358459e+00 -7.42245600e-02  6.35580963e-01
  4.01566610e-01  1.75499326e+00  1.10101412e-03 -1.36172313e+00
  1.34318498e+00  1.46398144e+00 -6.28341958e-01 -1.08506464e+00
  1.67428423e+00 -2.29833776e+00  1.30353370e+00  2.09255106e+00
 -1.57879279e+00  2.02966627e+00 -2.11267469e-01 -1.04422543e+00
  3.07664119e-01  2.50543104e+00 -2.08931351e+00  6.06243040e-01
  2.92537111e+00 -1.37450300e+00  1.33543039e+00  2.51027165e+00
 -7.24099504e-01 -7.37402115e-01  6.24377782e-01 -2.18999803e+00
  9.61412413e-01  1.68081595e+00  2.94284197e-01  2.09227726e+00
  4.24667619e-01 -6.36950339e-01  2.06961521e+00  2.29394989e+00
  8.27413789e-01  3.58981156e-01  1.24704396e+00 -1.66389659e+00
 -7.72766857e-01  4.23134979e-01  7.22838281e-01  7.13612760e-01
  8.28381430e-01  1.99167607e-01 -7.09070364e-01  3.14062816e+00
 -3.31384741e-01  1.02755272e+00  1.45926976e+00 -1.97483744e+00
  2.66632100e-01  2.71166677e+00 -1.04601108e+00  2.99627547e-01
  1.87800952e+00  9.57996272e-02 -3.57503035e-01  1.46574678e+00
  6.07810959e-01  1.05059555e+00  1.04928071e+00 -1.46486403e+00
  1.68184033e+00  6.25997156e-01 -8.34011798e-01 -3.85222076e-01
  2.30020926e+00 -5.39042742e-01  1.71074209e+00  2.17702649e-01
 -3.21732720e-01  1.03046509e+00  2.08572619e+00 -2.22492473e-01
  6.77439491e-01  1.87811470e+00 -1.25468136e+00  9.87936849e-01
  1.25948351e+00 -4.30216947e-01  1.36566694e+00  8.40444293e-01
 -1.14666654e+00  6.48109808e-01  1.04863186e+00 -1.14963555e-01
  3.35040745e-01  1.66833275e+00 -9.38355304e-01 -4.14220618e-02] with unbiased energy -173.90161232164655
Removing previous minimum at index 4791 (energy -173.91079234473827) because 
corresponding saddle does not have sufficiently greater energy (-173.8406671665639)
Identified minimum at position [ 2.93865202  1.25965653  0.9322315   1.48499708 -0.73080502  2.41421354
  2.52850179  0.51186769  1.39089197  2.30754384 -1.76274869 -0.42645545
  0.42667786 -1.87304122 -0.06451294  0.64805289  0.41068907  1.75192195
  0.01796736 -1.35649087  1.35200305  1.47197406 -0.62610626 -1.08037766
  1.69287509 -2.29028529  1.31390695  2.110265   -1.56710383  2.03699374
 -0.19809209 -1.04526216  0.31548257  2.52236798 -2.0837191   0.61433652
  2.94140233 -1.36509507  1.34043893  2.51957147 -0.72334389 -0.7353547
  0.64248515 -2.1850706   0.97239264  1.69354462  0.30564338  2.09084687
  0.44072644 -0.62653581  2.07313433  2.30824351  0.83129321  0.35610071
  1.26082527 -1.66202365 -0.76480273  0.43316204  0.72543518  0.70859342
  0.83519551  0.20141549 -0.7038886   3.15412144 -0.32320422  1.0285844
  1.47567735 -1.97115416  0.27554944  2.72490363 -1.04179728  0.3034542
  1.88842529  0.09847263 -0.35642301  1.47802219  0.61459431  1.04806679
  1.06655371 -1.45620779  1.68953866  0.63626518 -0.83273544 -0.37899575
  2.31476981 -0.52860493  1.71291754  0.22995292 -0.31728926  1.03211403
  2.09804719 -0.21667274  0.67866739  1.89359507 -1.24793619  0.99370918
  1.27329248 -0.42249003  1.36776051  0.8551389  -1.1427436   0.65453756
  1.05835439 -0.11122565  0.33636346  1.68071854 -0.93499393 -0.03662241] with unbiased energy -173.9015386923793
Removing previous minimum at index 4934 (energy -173.90161232164655) because 
corresponding saddle does not have sufficiently greater energy (-173.8379433709987)
Identified minimum at position [ 2.92751297e+00  1.25655738e+00  9.37583751e-01  1.45984240e+00
 -5.89790455e-01  2.47576849e+00  2.50653926e+00  6.01765599e-01
  1.40034249e+00  2.30320312e+00 -1.78445537e+00 -2.91979146e-01
  4.21510953e-01 -1.86877120e+00  5.73828321e-02  6.22608208e-01
  5.11043448e-01  1.74765579e+00 -4.60672602e-04 -1.27472779e+00
  1.43833410e+00  1.46329438e+00 -6.77504604e-01 -1.02360110e+00
  1.67588078e+00 -2.20479110e+00  1.46850748e+00  2.09316591e+00
 -1.43884545e+00  2.14563993e+00 -2.07651577e-01 -1.02170327e+00
  3.82915574e-01  2.51256428e+00 -2.03347233e+00  7.68905086e-01
  2.92854923e+00 -1.26409332e+00  1.44342910e+00  2.50509049e+00
 -7.69104305e-01 -6.74324450e-01  6.27791602e-01 -2.12229947e+00
  1.11267689e+00  1.66534072e+00  4.28577713e-01  2.10451662e+00
  4.16269380e-01 -5.06494298e-01  2.12165075e+00  2.30637871e+00
  8.48632336e-01  3.43698924e-01  1.26137646e+00 -1.69701119e+00
 -6.47368992e-01  4.13902850e-01  7.63444380e-01  6.87573633e-01
  8.39091336e-01  1.78130720e-01 -6.90772128e-01  3.13335381e+00
 -2.41726758e-01  1.06099328e+00  1.46693562e+00 -1.94644174e+00
  4.12687788e-01  2.71338437e+00 -1.01358565e+00  3.87134128e-01
  1.88015923e+00  8.42565101e-02 -3.36647801e-01  1.46207403e+00
  6.76088620e-01  1.04664050e+00  1.04706962e+00 -1.35342315e+00
  1.78979356e+00  6.33360556e-01 -8.47510387e-01 -3.15315462e-01
  2.29452131e+00 -4.18273629e-01  1.76724870e+00  2.12126005e-01
 -2.55961892e-01  1.06140063e+00  2.08529127e+00 -1.69660069e-01
  7.14754434e-01  1.87910123e+00 -1.18026780e+00  1.08814172e+00
  1.25428636e+00 -3.39354866e-01  1.41351987e+00  8.42395546e-01
 -1.09922699e+00  7.37432404e-01  1.04828059e+00 -8.80168880e-02
  3.65844551e-01  1.67224039e+00 -9.30038471e-01  3.97849597e-02] with unbiased energy -173.91240093261823
Removing previous minimum at index 5077 (energy -173.9015386923793) because 
corresponding saddle does not have sufficiently greater energy (-173.82975052843585)
Identified minimum at position [ 2.93862495  1.26785585  0.94046234  1.47805869 -0.59843763  2.47102325
  2.52092429  0.59703179  1.39736453  2.31521762 -1.78040966 -0.30445528
  0.43542731 -1.86872217  0.05015395  0.63731623  0.5051277   1.74621654
  0.01670196 -1.28098004  1.43517653  1.47081964 -0.66911931 -1.02718105
  1.6941877  -2.20967297  1.45665286  2.11121464 -1.44650084  2.13717404
 -0.19530171 -1.02528202  0.38161368  2.52817014 -2.03592853  0.75465666
  2.94429285 -1.2702204   1.43340696  2.51456311 -0.76255211 -0.68108164
  0.64520153 -2.1265092   1.10390123  1.68083983  0.42131806  2.10172565
  0.43405542 -0.51377723  2.11881227  2.3184182   0.84946977  0.34274411
  1.27218803 -1.69095346 -0.65613223  0.4251143   0.7603555   0.68679051
  0.84420241  0.18301217 -0.68793995  3.14781157 -0.24619525  1.05702733
  1.48178514 -1.9467593   0.40208133  2.72611901 -1.01427472  0.37883333
  1.88986563  0.08831421 -0.33856088  1.47506046  0.6733236   1.04512537
  1.06489744 -1.35997403  1.78333387  0.64220995 -0.84432196 -0.31790423
  2.3103437  -0.42462734  1.76169472  0.22528446 -0.26033856  1.05961372
  2.09780668 -0.17126298  0.71090957  1.89446668 -1.18388034  1.08043866
  1.26917327 -0.34414802  1.40953566  0.85668707 -1.10170967  0.73236934
  1.05827057 -0.08803209  0.36349394  1.68375554 -0.92800147  0.03372739] with unbiased energy -173.9107486642366
Removing previous minimum at index 7879 (energy -173.91240093261823) because 
corresponding saddle does not have sufficiently greater energy (-173.83790670645257)
Identified minimum at position [ 2.94828546  1.27563286  0.94019917  1.49534017 -0.63270962  2.4563138
  2.53503009  0.57530238  1.39356716  2.32361447 -1.77461113 -0.33912973
  0.44510612 -1.87068562  0.02236885  0.65241181  0.48069182  1.74670487
  0.03179347 -1.30221476  1.41646075  1.47756488 -0.65520701 -1.04038277
  1.70994542 -2.23100858  1.41904119  2.12679112 -1.4778224   2.1108333
 -0.18541535 -1.03267154  0.36777051  2.54038938 -2.04871933  0.71491708
  2.95737997 -1.29540123  1.4068266   2.52389349 -0.75001387 -0.69732744
  0.65974686 -2.14304402  1.07143374  1.69710457  0.39157372  2.0974601
  0.45083971 -0.54316026  2.1078662   2.32640327  0.84605188  0.34452888
  1.27853285 -1.68173186 -0.68438416  0.43641784  0.75020918  0.6908923
  0.84699497  0.18944261 -0.68878119  3.16178984 -0.26619012  1.04827855
  1.49312988 -1.95323773  0.36862504  2.73693514 -1.02121173  0.35696544
  1.89791165  0.09271011 -0.34360881  1.48685939  0.65860719  1.04446835
  1.08075236 -1.3856247   1.75995375  0.64846069 -0.84041564 -0.33177745
  2.32511518 -0.45150906  1.74770831  0.23767097 -0.27598165  1.05294415
  2.10882688 -0.18249332  0.70148444  1.90761209 -1.20070901  1.05714169
  1.28299471 -0.36460747  1.39829386  0.86865544 -1.11303421  0.71319231
  1.06708384 -0.09364999  0.3564329   1.69300148 -0.92888214  0.01499569] with unbiased energy -173.9058629314823
Removing previous minimum at index 8021 (energy -173.9107486642366) because 
corresponding saddle does not have sufficiently greater energy (-173.84121792047713)
Identified minimum at position [ 2.94874274e+00  1.27558474e+00  9.40481643e-01  1.49550131e+00
 -6.54830377e-01  2.44624347e+00  2.53620178e+00  5.61187225e-01
  1.39314234e+00  2.32244158e+00 -1.77082533e+00 -3.60492208e-01
  4.43822074e-01 -1.87022369e+00  3.67143942e-04  6.53836848e-01
  4.66015070e-01  1.74666403e+00  3.11189015e-02 -1.31369497e+00
  1.40156134e+00  1.47795200e+00 -6.45395885e-01 -1.05019852e+00
  1.70794929e+00 -2.24408308e+00  1.39353197e+00  2.12517115e+00
 -1.49824124e+00  2.09316089e+00 -1.85954831e-01 -1.03584265e+00
  3.55445473e-01  2.53844639e+00 -2.05646468e+00  6.90691812e-01
  2.95594428e+00 -1.31136246e+00  1.39101623e+00  2.52476846e+00
 -7.42435544e-01 -7.07066471e-01  6.57877537e-01 -2.15155654e+00
  1.04705685e+00  1.69849906e+00  3.72456517e-01  2.09554699e+00
  4.51244100e-01 -5.60926251e-01  2.09942296e+00  2.32587647e+00
  8.43561270e-01  3.47218125e-01  1.27731172e+00 -1.67485898e+00
 -7.04609787e-01  4.38125077e-01  7.45403937e-01  6.93302600e-01
  8.45564707e-01  1.94714013e-01 -6.91269078e-01  3.16253923e+00
 -2.79019126e-01  1.04383520e+00  1.49157652e+00 -1.95624418e+00
  3.45713347e-01  2.73645996e+00 -1.02548810e+00  3.43993859e-01
  1.89824645e+00  9.58435825e-02 -3.46794052e-01  1.48760349e+00
  6.49673544e-01  1.04467572e+00  1.07983706e+00 -1.40106872e+00
  1.74298650e+00  6.47703446e-01 -8.37013893e-01 -3.43329757e-01
  2.32511847e+00 -4.68870764e-01  1.73942377e+00  2.38217260e-01
 -2.84601385e-01  1.04747928e+00  2.10889586e+00 -1.89440329e-01
  6.95887769e-01  1.90672889e+00 -1.21087490e+00  1.04176309e+00
  1.28322561e+00 -3.76980556e-01  1.39064258e+00  8.67952486e-01
 -1.11886669e+00  6.98807617e-01  1.06733419e+00 -9.63818338e-02
  3.51284898e-01  1.69253273e+00 -9.28848675e-01  2.26768712e-03] with unbiased energy -173.90777613867235
Removing previous minimum at index 8163 (energy -173.9058629314823) because 
corresponding saddle does not have sufficiently greater energy (-173.83543888168217)
Identified minimum at position [ 2.91652723  1.24415333  0.93324392  1.44272428 -0.60232905  2.47218653
  2.49358197  0.59264862  1.40277515  2.28978916 -1.78659226 -0.29884615
  0.40596651 -1.86991926  0.04658954  0.60981462  0.5021431   1.75029975
 -0.01756399 -1.28049163  1.42874641  1.45602845 -0.67955959 -1.02844272
  1.65700896 -2.21339279  1.45826397  2.07476333 -1.45087359  2.13891616
 -0.22051677 -1.02137503  0.37392574  2.49574024 -2.03960443  0.76130243
  2.91223759 -1.27382428  1.43936783  2.49651717 -0.76990263 -0.67623056
  0.6096175  -2.12782628  1.10102239  1.65202761  0.41739227  2.10607562
  0.39956569 -0.5170071   2.11774954  2.29285053  0.84477153  0.34688874
  1.2485547  -1.69914211 -0.65579772  0.40414773  0.76104636  0.69182207
  0.83272169  0.17596381 -0.69600997  3.12007145 -0.24996528  1.06096884
  1.45087135 -1.95067665  0.40349859  2.70054314 -1.01799871  0.38373524
  1.87044056  0.08155572 -0.33759284  1.44982148  0.66952431  1.04874412
  1.02935084 -1.3624351   1.78191955  0.62362809 -0.84907701 -0.32228915
  2.27955502 -0.42881863  1.76572135  0.1998816  -0.26057331  1.05903565
  2.07325887 -0.17555308  0.71380143  1.86355269 -1.18730985  1.08251624
  1.24025748 -0.34715076  1.41132415  0.82782031 -1.10357268  0.73045327
  1.03893355 -0.09194177  0.36423522  1.66035845 -0.933697    0.03484595] with unbiased energy -173.9111478835664
Removing previous minimum at index 8617 (energy -173.90777613867235) because 
corresponding saddle does not have sufficiently greater energy (-173.82526192634538)
Identified minimum at position [ 2.92779734e+00  1.25796502e+00  9.38747391e-01  1.45877752e+00
 -5.69482547e-01  2.48387669e+00  2.50546845e+00  6.14852563e-01
  1.40103448e+00  2.30454856e+00 -1.78646698e+00 -2.73081431e-01
  4.22974710e-01 -1.86765694e+00  7.49612427e-02  6.20964666e-01
  5.25245418e-01  1.74645222e+00 -5.72266897e-04 -1.26302310e+00
  1.45060840e+00  1.46328312e+00 -6.83880096e-01 -1.01517232e+00
  1.67625879e+00 -2.19184606e+00  1.48994464e+00  2.09342817e+00
 -1.41999916e+00  2.16035689e+00 -2.07117480e-01 -1.01840189e+00
  3.92880497e-01  2.51362998e+00 -2.02530990e+00  7.90154302e-01
  2.92909454e+00 -1.24901231e+00  1.45711440e+00  2.50449646e+00
 -7.74902527e-01 -6.65655199e-01  6.28370463e-01 -2.11288137e+00
  1.13251625e+00  1.66341371e+00  4.46181295e-01  2.10580911e+00
  4.15235623e-01 -4.89313466e-01  2.12812531e+00  2.30810202e+00
  8.51304596e-01  3.41746735e-01  1.26327769e+00 -1.70094921e+00
 -6.30521070e-01  4.12801949e-01  7.68608553e-01  6.84170221e-01
  8.40556951e-01  1.75294950e-01 -6.88296974e-01  3.13250962e+00
 -2.29762223e-01  1.06491456e+00  1.46801197e+00 -1.94214977e+00
  4.31970432e-01  2.71367837e+00 -1.00886255e+00  3.98582194e-01
  1.88050805e+00  8.26677150e-02 -3.33679709e-01  1.46169653e+00
  6.84903345e-01  1.04622423e+00  1.04688685e+00 -1.33845282e+00
  1.80369792e+00  6.34364249e-01 -8.49126349e-01 -3.05843951e-01
  2.29383480e+00 -4.02183601e-01  1.77422221e+00  2.11442010e-01
 -2.47295442e-01  1.06537950e+00  2.08518905e+00 -1.62667082e-01
  7.19576219e-01  1.87930694e+00 -1.17012206e+00  1.10113201e+00
  1.25363034e+00 -3.27350035e-01  1.41963057e+00  8.42715989e-01
 -1.09270934e+00  7.49186086e-01  1.04823221e+00 -8.44360592e-02
  3.69940272e-01  1.67278313e+00 -9.28698504e-01  5.06064280e-02] with unbiased energy -173.9010966357119
Removing previous minimum at index 10210 (energy -173.9111478835664) because 
corresponding saddle does not have sufficiently greater energy (-173.83088383883364)
Identified minimum at position [ 2.93892762  1.26933669  0.94167951  1.47732618 -0.57789222  2.47931663
  2.52007849  0.61022961  1.39800603  2.31658721 -1.78253605 -0.28546264
  0.43695114 -1.86759117  0.0680641   0.63592276  0.51955409  1.7450918
  0.01679588 -1.26906906  1.44782692  1.47079204 -0.67557929 -1.01867879
  1.69474156 -2.19664524  1.47838074  2.11174166 -1.4275013   2.15209941
 -0.19467117 -1.02189573  0.391916    2.5293496  -2.02782405  0.77607815
  2.94504306 -1.25511269  1.44720975  2.51397393 -0.76843016 -0.67243057
  0.64592711 -2.11698146  1.12411659  1.67919959  0.43912575  2.10306983
  0.43332463 -0.49632263  2.12553273  2.32023512  0.85220697  0.3406883
  1.27407651 -1.6949691  -0.63909507  0.4241118   0.76559377  0.68341308
  0.84570679  0.18018228 -0.68536682  3.14713557 -0.23418936  1.06095072
  1.48295197 -1.9424631   0.42160996  2.72652144 -1.00961308  0.39034428
  1.8902685   0.0867418  -0.33562924  1.47488275  0.68226614  1.04472177
  1.0649546  -1.34482427  1.79751962  0.64326764 -0.84591412 -0.30822765
  2.3099274  -0.40840417  1.76875403  0.22477979 -0.25151946  1.06378274
  2.09789938 -0.16419599  0.7157607   1.89485451 -1.17366286  1.09359885
  1.2687604  -0.33199015  1.4157874   0.85715399 -1.09510202  0.74436702
  1.0583898  -0.08438269  0.36770477  1.6843883  -0.92665721  0.04466676] with unbiased energy -173.90065430530962
Removing previous minimum at index 11089 (energy -173.9010966357119) because 
corresponding saddle does not have sufficiently greater energy (-173.83632115829292)
Identified minimum at position [ 2.90654019  1.23043423  0.92611685  1.42962317 -0.64021043  2.45897761
  2.4833862   0.56772277  1.40417014  2.27749559 -1.78650148 -0.32792506
  0.39145665 -1.87338701  0.0165405   0.60063444  0.47395695  1.75502245
 -0.0312401  -1.30252663  1.40441923  1.45024905 -0.67522157 -1.04256637
  1.64234034 -2.23810596  1.42294381  2.05987327 -1.48558406  2.11474558
 -0.23172319 -1.0257227   0.35362954  2.4815678  -2.05533031  0.72836422
  2.89861994 -1.30108874  1.41870062  2.490384   -0.76413411 -0.6881658
  0.59510445 -2.14646236  1.06671826  1.6429412   0.38408928  2.10627576
  0.38659993 -0.55048643  2.10613702  2.27784045  0.83711252  0.35241091
  1.23560091 -1.69739134 -0.68306733  0.3967979   0.75088896  0.70120484
  0.82546757  0.17570108 -0.70384474  3.10988169 -0.27207983  1.05579338
  1.43699342 -1.96086558  0.37209957  2.68987713 -1.02804493  0.36671551
  1.86141951  0.07986228 -0.34176119  1.43932656  0.65114075  1.05188576
  1.01539095 -1.39081222  1.75784778  0.61434542 -0.84948888 -0.33935364
  2.26798798 -0.45885806  1.7557962   0.19048605 -0.27733384  1.05224111
  2.06324816 -0.19043246  0.70728073  1.85087653 -1.20710038  1.06172881
  1.22935249 -0.37065354  1.40218953  0.81567652 -1.1170518   0.71020489
  1.03129664 -0.10137659  0.35837237  1.65002108 -0.93971818  0.01761725] with unbiased energy -173.9054225891917
Removing previous minimum at index 11238 (energy -173.90065430530962) because 
corresponding saddle does not have sufficiently greater energy (-173.82953725836308)
Identified minimum at position [ 2.91534193  1.23484025  0.9245062   1.45115879 -0.73544096  2.41585961
  2.50178617  0.5066892   1.39589252  2.2806357  -1.76961096 -0.42163158
  0.39578403 -1.8738721  -0.06648057  0.62150484  0.40726803  1.75724704
 -0.01611909 -1.35540549  1.34730966  1.45610398 -0.63744831 -1.08159413
  1.65554994 -2.29454243  1.31560755  2.07464502 -1.57231029  2.03845529
 -0.22393357 -1.04034226  0.30984341  2.48923163 -2.08836003  0.62025288
  2.90964276 -1.36987702  1.34551027  2.50051117 -0.73124187 -0.73108211
  0.60643215 -2.18629685  0.97081376  1.66606377  0.30080348  2.09578159
  0.40742105 -0.62984926  2.07339314  2.2815959   0.82626259  0.35996839
  1.23521838 -1.67071536 -0.76410041  0.41208621  0.72577157  0.71500583
  0.82322235  0.19402081 -0.71173686  3.12632792 -0.32798941  1.03155077
  1.4437606  -1.97533694  0.27734534  2.698813   -1.04653957  0.30773888
  1.86821826  0.09141406 -0.35581954  1.45321511  0.61019556  1.05264126
  1.03151672 -1.45891851  1.68894546  0.61688281 -0.83727355 -0.3821745
  2.28496105 -0.53370227  1.71673921  0.20486994 -0.31734722  1.03298914
  2.07379287 -0.22148914  0.68148331  1.86273218 -1.2519232   0.99589307
  1.24512943 -0.42593919  1.37029449  0.82601706 -1.14454875  0.6537335
  1.03947246 -0.11533755  0.33803675  1.65668038 -0.94103847 -0.03530451] with unbiased energy -173.90093261125514
Removing previous minimum at index 11683 (energy -173.9054225891917) because 
corresponding saddle does not have sufficiently greater energy (-173.83045422183346)
Identified minimum at position [ 2.91763823  1.235784    0.92375837  1.4561112  -0.75756476  2.40550666
  2.50594767  0.49269535  1.3938692   2.28199801 -1.76531216 -0.44282062
  0.39736324 -1.87401591 -0.08543031  0.62618679  0.391159    1.75761213
 -0.01225179 -1.36815123  1.33351554  1.45782362 -0.62889493 -1.09028075
  1.65939419 -2.30728777  1.29075495  2.07847361 -1.59200565  2.02057825
 -0.22176687 -1.04383844  0.29943908  2.4917522  -2.09529933  0.5954139
  2.91260903 -1.38509399  1.32845072  2.50321287 -0.72363669 -0.74057723
  0.60982793 -2.19568684  0.94856632  1.67128456  0.28134985  2.09316351
  0.4121924  -0.64884408  2.06531811  2.28241084  0.8235512   0.36185263
  1.23571646 -1.66447987 -0.78238547  0.41565085  0.71952082  0.71832591
  0.8228341   0.19785856 -0.71359731  3.13030414 -0.34051239  1.02574962
  1.44600233 -1.97852384  0.25562687  2.70126649 -1.05037713  0.2942557
  1.86991352  0.09382887 -0.35880945  1.45635409  0.60033995  1.05292195
  1.03561099 -1.47482467  1.67274659  0.61778129 -0.8346288  -0.39188526
  2.28894781 -0.55080458  1.70748772  0.20829598 -0.32708332  1.02827753
  2.07625448 -0.22873211  0.6755428   1.86585762 -1.26214058  0.98064267
  1.24882296 -0.43898093  1.3627722   0.82879253 -1.15109251  0.64063452
  1.04138784 -0.11882682  0.33335636  1.65855795 -0.94135813 -0.04733162] with unbiased energy -173.88927480654448
Removing previous minimum at index 16043 (energy -173.90093261125514) because 
corresponding saddle does not have sufficiently greater energy (-173.82808065910532)
Identified minimum at position [ 2.93697189  1.25642965  0.93029358  1.48375009 -0.75308305  2.40428997
  2.52791135  0.49732219  1.38974719  2.30416781 -1.75964003 -0.44631946
  0.42281084 -1.87325103 -0.08364881  0.64794771  0.39457105  1.75301758
  0.01565092 -1.36861912  1.3375566   1.47093489 -0.6195369  -1.0891108
  1.68988573 -2.30337489  1.28981521  2.107552   -1.58718796  2.01973515
 -0.20051514 -1.04783514  0.3041098   2.51889668 -2.09123601  0.59107083
  2.93858746 -1.38079064  1.32466858  2.51894007 -0.71718991 -0.74384862
  0.6393201  -2.19430007  0.95016782  1.69376632  0.28594425  2.08900833
  0.43943172 -0.64546865  2.065158    2.30457178  0.82784511  0.3585999
  1.25690389 -1.65731045 -0.78267823  0.43299479  0.71953138  0.7127293
  0.83276037  0.20401493 -0.70709362  3.15317777 -0.33630502  1.02351413
  1.47220017 -1.97489808  0.25450643  2.72270918 -1.04629223  0.29103139
  1.88663906  0.09968316 -0.35922294  1.47676025  0.6043447   1.04895394
  1.06425247 -1.47208073  1.67347169  0.63377161 -0.83088784 -0.38923182
  2.3133259  -0.54614015  1.70449829  0.22886154 -0.32668978  1.02750541
  2.09617107 -0.22452021  0.67330652  1.89113088 -1.25852833  0.9791011
  1.27187479 -0.43569888  1.36072811  0.85267738 -1.14935069  0.64142384
  1.05686589 -0.11525475  0.33194451  1.67833587 -0.93627457 -0.04823097] with unbiased energy -173.8896336018935
Removing previous minimum at index 16632 (energy -173.88927480654448) because 
corresponding saddle does not have sufficiently greater energy (-173.81496845624525)
