Starting run 167
Identified minimum at position [ 2.92690577e+00  1.25206361e+00  9.33527392e-01  1.46345283e+00
 -6.56385138e-01  2.44831404e+00  2.51022790e+00  5.58850624e-01
  1.39757615e+00  2.29883879e+00 -1.77680911e+00 -3.53647731e-01
  4.16677854e-01 -1.87162117e+00  2.63226156e-07  6.28066949e-01
  4.64038690e-01  1.75122408e+00 -1.99072558e-08 -1.31277057e+00
  1.39757632e+00  1.46345293e+00 -6.56385386e-01 -1.05073769e+00
  1.67484206e+00 -2.24630671e+00  1.39757650e+00  2.09253502e+00
 -1.50011330e+00  2.09636448e+00 -2.09354028e-01 -1.03198402e+00
  3.50243283e-01  2.50921278e+00 -2.05896386e+00  6.98788365e-01
  2.92690573e+00 -1.31277050e+00  1.39757630e+00  2.50717764e+00
 -7.49829153e-01 -7.02192787e-01  6.26031832e-01 -2.15240774e+00
  1.04733322e+00  1.67179170e+00  3.70594860e-01  2.09976907e+00
  4.19728098e-01 -5.62941259e-01  2.09976910e+00  2.30087395e+00
  8.39637160e-01  3.50243077e-01  1.25511401e+00 -1.68336539e+00
 -7.02192668e-01  4.17692895e-01  7.46193357e-01  6.98788036e-01
  8.34370731e-01  1.87342841e-01 -6.98788055e-01  3.13625977e+00
 -2.80786528e-01  1.04733307e+00  1.46345293e+00 -1.95963110e+00
  3.49392221e-01  2.71248849e+00 -1.02835248e+00  3.49392082e-01
  1.87912301e+00  8.93615648e-02 -3.46011958e-01  1.46345286e+00
  6.46860597e-01  1.04818420e+00  1.04778274e+00 -1.40213208e+00
  1.74358836e+00  6.30087329e-01 -8.41917037e-01 -3.46011897e-01
  2.29681842e+00 -4.70853519e-01  1.74358825e+00  2.14417196e-01
 -2.84418004e-01  1.04818428e+00  2.08550952e+00 -1.92580986e-01
  6.98788168e-01  1.87849352e+00 -1.21303988e+00  1.04511998e+00
  1.25643686e+00 -3.78734264e-01  1.39313907e+00  8.41396190e-01
 -1.12018952e+00  6.98788244e-01  1.04841220e+00 -9.97306432e-02
  3.52456404e-01  1.67046885e+00 -9.34036242e-01  4.43732726e-03] with unbiased energy -173.92842659062353
Identified minimum at position [ 2.92681024e+00  1.25051409e+00  9.32009960e-01  1.46481465e+00
 -6.79959229e-01  2.43826737e+00  2.51162748e+00  5.43654343e-01
  1.39639242e+00  2.29733878e+00 -1.77372228e+00 -3.75371901e-01
  4.14988631e-01 -1.87234747e+00 -2.02076092e-02  6.30055649e-01
  4.47224560e-01  1.75234733e+00  2.37600269e-04 -1.32612590e+00
  1.38296084e+00  1.46356280e+00 -6.48833085e-01 -1.06016519e+00
  1.67459530e+00 -2.26066229e+00  1.37223549e+00  2.09243880e+00
 -1.52160166e+00  2.07854532e+00 -2.09910262e-01 -1.03543441e+00
  3.38686510e-01  2.50811723e+00 -2.06752311e+00  6.73804558e-01
  2.92641540e+00 -1.32971700e+00  1.38098156e+00  2.50797838e+00
 -7.42913797e-01 -7.11865568e-01  6.25505336e-01 -2.16279333e+00
  1.02410148e+00  1.67416225e+00  3.49969036e-01  2.09788917e+00
  4.21014732e-01 -5.82975319e-01  2.09177564e+00  2.29897626e+00
  8.36372834e-01  3.52597921e-01  1.25291234e+00 -1.67826997e+00
 -7.21442508e-01  4.19113869e-01  7.39956920e-01  7.02785028e-01
  8.32731734e-01  1.90570583e-01 -7.01592291e-01  3.13737299e+00
 -2.94552462e-01  1.04219250e+00  1.46227410e+00 -1.96398074e+00
  3.26963506e-01  2.71222427e+00 -1.03332099e+00  3.35953526e-01
  1.87879945e+00  9.11310224e-02 -3.49203353e-01  1.46401635e+00
  6.36377598e-01  1.04879475e+00  1.04811938e+00 -1.41924150e+00
  1.72700594e+00  6.28955591e-01 -8.39837696e-01 -3.56740956e-01
  2.29768658e+00 -4.89399290e-01  1.73490766e+00  2.15272324e-01
 -2.94517556e-01  1.04343628e+00  2.08557179e+00 -2.00694470e-01
  6.93063546e-01  1.87833962e+00 -1.22446191e+00  1.02973009e+00
  1.25723110e+00 -3.92687378e-01  1.38579081e+00  8.41094718e-01
 -1.12746888e+00  6.85072025e-01  1.04846549e+00 -1.03869536e-01
  3.47729152e-01  1.66986840e+00 -9.35308826e-01 -8.02835724e-03] with unbiased energy -173.9264365352477
Removing previous minimum at index 83 (energy -173.92842659062353) because 
corresponding saddle does not have sufficiently greater energy (-173.85607107272284)
Identified minimum at position [ 2.92677367e+00  1.24908291e+00  9.30561553e-01  1.46613544e+00
 -7.01955052e-01  2.42873024e+00  2.51298605e+00  5.29471431e-01
  1.39518068e+00  2.29596451e+00 -1.77066135e+00 -3.95598018e-01
  4.13429073e-01 -1.87289354e+00 -3.90152068e-02  6.31946418e-01
  4.31448664e-01  1.75332719e+00  5.03027200e-04 -1.33853622e+00
  1.36923116e+00  1.46369045e+00 -6.41746630e-01 -1.06888298e+00
  1.67443174e+00 -2.27389505e+00  1.34847555e+00  2.09241907e+00
 -1.54155530e+00  2.06173480e+00 -2.10402006e-01 -1.03856682e+00
  3.27907482e-01  2.50714465e+00 -2.07528976e+00  6.50410217e-01
  2.92600991e+00 -1.34539484e+00  1.36531998e+00  2.50875465e+00
 -7.36416034e-01 -7.20808434e-01  6.25068872e-01 -2.17235644e+00
  1.00237302e+00  1.67642706e+00  3.30674118e-01  2.09603388e+00
  4.22253802e-01 -6.01695943e-01  2.08419363e+00  2.29722514e+00
  8.33292595e-01  3.54806763e-01  1.25086920e+00 -1.67338833e+00
 -7.39334052e-01  4.20479602e-01  7.34072981e-01  7.06529119e-01
  8.31214754e-01  1.93570231e-01 -7.04196425e-01  3.13846153e+00
 -3.07369507e-01  1.03724594e+00  1.46120653e+00 -1.96788743e+00
  3.06020497e-01  2.71200800e+00 -1.03783590e+00  3.23372860e-01
  1.87851616e+00  9.27677101e-02 -3.52129564e-01  1.46458401e+00
  6.26525527e-01  1.04939321e+00  1.04848283e+00 -1.43514363e+00
  1.71142099e+00  6.27916250e-01 -8.37851631e-01 -3.66689497e-01
  2.29853302e+00 -5.06671649e-01  1.72665529e+00  2.16096735e-01
 -3.03955793e-01  1.03896798e+00  2.08562963e+00 -2.08264448e-01
  6.87679128e-01  1.87823280e+00 -1.23503442e+00  1.01528834e+00
  1.25799594e+00 -4.05714224e-01  1.37886528e+00  8.40844866e-01
 -1.13419507e+00  6.72252862e-01  1.04852164e+00 -1.07726244e-01
  3.43320578e-01  1.66932482e+00 -9.36427116e-01 -1.96424602e-02] with unbiased energy -173.9210102890393
Removing previous minimum at index 228 (energy -173.9264365352477) because 
corresponding saddle does not have sufficiently greater energy (-173.86511751496283)
Identified minimum at position [ 2.92678022e+00  1.24772141e+00  9.29148288e-01  1.46744230e+00
 -7.22976424e-01  2.41946579e+00  2.51433122e+00  5.15911653e-01
  1.39392172e+00  2.29467173e+00 -1.76757499e+00 -4.14889039e-01
  4.11951645e-01 -1.87329879e+00 -5.69461008e-02  6.33784861e-01
  4.16289421e-01  1.75420261e+00  7.94803268e-04 -1.35035160e+00
  1.35602409e+00  1.46383253e+00 -6.34940791e-01 -1.07714569e+00
  1.67433462e+00 -2.28639616e+00  1.32566369e+00  2.09246244e+00
 -1.56053772e+00  2.04550153e+00 -2.10848730e-01 -1.04148241e+00
  3.17609401e-01  2.50625828e+00 -2.08251516e+00  6.27977570e-01
  2.92566834e+00 -1.36025751e+00  1.35019127e+00  2.50951970e+00
 -7.30167250e-01 -7.29283012e-01  6.24700134e-01 -2.18138258e+00
  9.81559892e-01  1.67864046e+00  3.12187107e-01  2.09416728e+00
  4.23471464e-01 -6.19614495e-01  2.07683313e+00  2.29556182e+00
  8.30317725e-01  3.56926317e-01  1.24892446e+00 -1.66861063e+00
 -7.56370319e-01  4.21818621e-01  7.28388394e-01  7.10123003e-01
  8.29772968e-01  1.96424978e-01 -7.06677027e-01  3.13954676e+00
 -3.19595367e-01  1.03238080e+00  1.46021376e+00 -1.97148535e+00
  2.85990947e-01  2.71182697e+00 -1.04204350e+00  3.11311566e-01
  1.87825778e+00  9.43181005e-02 -3.54882542e-01  1.46516291e+00
  6.17041201e-01  1.04999148e+00  1.04887371e+00 -1.45028654e+00
  1.69642335e+00  6.26936903e-01 -8.35914716e-01 -3.76141945e-01
  2.29937474e+00 -5.23150494e-01  1.71862761e+00  2.16907328e-01
 -3.12990688e-01  1.03466091e+00  2.08568363e+00 -2.15500071e-01
  6.82491143e-01  1.87816271e+00 -1.24506293e+00  1.00141098e+00
  1.25874755e+00 -4.18172698e-01  1.37218225e+00  8.40633239e-01
 -1.14056522e+00  6.59981631e-01  1.04857947e+00 -1.11408273e-01
  3.39108332e-01  1.66881850e+00 -9.37434987e-01 -3.07278199e-02] with unbiased energy -173.91263386081198
Removing previous minimum at index 368 (energy -173.9210102890393) because 
corresponding saddle does not have sufficiently greater energy (-173.84953286378888)
Identified minimum at position [ 2.93791511e+00  1.26310722e+00  9.36276410e-01  1.48063348e+00
 -6.65465713e-01  2.44304824e+00  2.52393362e+00  5.53912387e-01
  1.39467773e+00  2.31070979e+00 -1.77240846e+00 -3.66204160e-01
  4.30338698e-01 -1.87154604e+00 -8.04511830e-03  6.42007580e-01
  4.57651477e-01  1.74951109e+00  1.64730730e-02 -1.31942169e+00
  1.39341316e+00  1.47097532e+00 -6.47800208e-01 -1.05444661e+00
  1.69252389e+00 -2.25123104e+00  1.38504771e+00  2.10972109e+00
 -1.50798402e+00  2.08738066e+00 -1.97346291e-01 -1.03571213e+00
  3.48034520e-01  2.52438943e+00 -2.06112384e+00  6.84226548e-01
  2.94197302e+00 -1.31882168e+00  1.38730622e+00  2.51657807e+00
 -7.43092083e-01 -7.08792520e-01  6.42905948e-01 -2.15675124e+00
  1.03762238e+00  1.68642635e+00  3.62947134e-01  2.09677664e+00
  4.36559390e-01 -5.70784676e-01  2.09624259e+00  2.31260830e+00
  8.40324648e-01  3.49534859e-01  1.26590395e+00 -1.67708466e+00
 -7.11342775e-01  4.28559458e-01  7.42965700e-01  6.97889324e-01
  8.39343304e-01  1.92193621e-01 -6.96238942e-01  3.15019258e+00
 -2.85293034e-01  1.04336954e+00  1.47794706e+00 -1.95986012e+00
  3.38238004e-01  2.72484371e+00 -1.02879502e+00  3.41008936e-01
  1.88862354e+00  9.33598787e-02 -3.47799891e-01  1.47582776e+00
  6.43824249e-01  1.04659369e+00  1.06482062e+00 -1.40898569e+00
  1.73639889e+00  6.38740153e-01 -8.38793600e-01 -3.49125915e-01
  2.31179398e+00 -4.77418562e-01  1.73779086e+00  2.26997287e-01
 -2.89107167e-01  1.04587136e+00  2.09740626e+00 -1.94318926e-01
  6.94861980e-01  1.89324857e+00 -1.21672029e+00  1.03700964e+00
  1.27055454e+00 -3.83813412e-01  1.38876607e+00  8.55185640e-01
 -1.12281441e+00  6.93099771e-01  1.05785990e+00 -9.98810268e-02
  3.49790658e-01  1.68165984e+00 -9.31971337e-01 -1.87505448e-03] with unbiased energy -173.92237806248545
Removing previous minimum at index 514 (energy -173.91263386081198) because 
corresponding saddle does not have sufficiently greater energy (-173.84659025822725)
Identified minimum at position [ 2.91618325e+00  1.23996923e+00  9.29238612e-01  1.44749958e+00
 -6.68469061e-01  2.44479482e+00  2.49805532e+00  5.49989663e-01
  1.39964558e+00  2.28570285e+00 -1.77876414e+00 -3.60316747e-01
  4.01501356e-01 -1.87242081e+00 -9.88547629e-03  6.16102151e-01
  4.55387061e-01  1.75394137e+00 -1.62684837e-02 -1.31800516e+00
  1.38872197e+00  1.45627840e+00 -6.58484938e-01 -1.05525360e+00
  1.65682518e+00 -2.25438767e+00  1.38767792e+00  2.07520948e+00
 -1.51162226e+00  2.08964226e+00 -2.21768497e-01 -1.03128541e+00
  3.42140371e-01  2.49301287e+00 -2.06473495e+00  6.91270821e-01
  2.91143503e+00 -1.32213700e+00  1.39326896e+00  2.49877404e+00
 -7.50657497e-01 -7.04036867e-01  6.08594596e-01 -2.15743510e+00
  1.03644190e+00  1.65944314e+00  3.59695117e-01  2.10124991e+00
  4.04080445e-01 -5.72966455e-01  2.09620779e+00  2.28773033e+00
  8.35850579e-01  3.53214478e-01  1.24241728e+00 -1.68532974e+00
 -7.10070543e-01  4.08377255e-01  7.43776738e-01  7.03172703e-01
  8.28176878e-01  1.85200819e-01 -7.03725120e-01  3.12360369e+00
 -2.88838178e-01  1.04688666e+00  1.44789160e+00 -1.96350236e+00
  3.40689493e-01  2.70012164e+00 -1.03263129e+00  3.45955329e-01
  1.86967475e+00  8.67135428e-02 -3.46945735e-01  1.45189148e+00
  6.40414499e-01  1.05043066e+00  1.03101064e+00 -1.41065294e+00
  1.73611896e+00  6.20617346e-01 -8.43278687e-01 -3.52324253e-01
  2.28277961e+00 -4.81051612e-01  1.74187648e+00  2.02814913e-01
 -2.88754343e-01  1.04623034e+00  2.07407040e+00 -1.98297835e-01
  6.97792851e-01  1.86367634e+00 -1.21974356e+00  1.03966793e+00
  1.24322670e+00 -3.86241512e-01  1.39112338e+00  8.27432582e-01
 -1.12419387e+00  6.92352308e-01  1.03958390e+00 -1.03491466e-01
  3.51129214e-01  1.65897698e+00 -9.37495019e-01 -2.16493605e-04] with unbiased energy -173.9222927614923
Removing previous minimum at index 662 (energy -173.92237806248545) because 
corresponding saddle does not have sufficiently greater energy (-173.856694649863)
Identified minimum at position [ 2.92705396e+00  1.25362333e+00  9.34998921e-01  1.46212859e+00
 -6.32817522e-01  2.45818702e+00  2.50887199e+00  5.74037460e-01
  1.39865073e+00  2.30035536e+00 -1.77970209e+00 -3.31869999e-01
  4.18370962e-01 -1.87075120e+00  2.02615733e-02  6.26103092e-01
  4.80753818e-01  1.75003017e+00 -2.05431535e-04 -1.29936159e+00
  1.41208970e+00  1.46336618e+00 -6.63903574e-01 -1.04121953e+00
  1.67514491e+00 -2.23177898e+00  1.42279376e+00  2.09269061e+00
 -1.47852658e+00  2.11398501e+00 -2.08779100e-01 -1.02843590e+00
  3.61802258e-01  2.51034853e+00 -2.05016732e+00  7.23685273e-01
  2.92743740e+00 -1.29568156e+00  1.41398029e+00  2.50640346e+00
 -7.56700451e-01 -6.92421030e-01  6.26601757e-01 -2.14188525e+00
  1.07050972e+00  1.66946306e+00  3.91160853e-01  2.10154425e+00
  4.18467458e-01 -5.42942025e-01  2.10763067e+00  2.30278597e+00
  8.42857154e-01  3.47907924e-01  1.25731669e+00 -1.68832776e+00
 -6.82862402e-01  4.16307602e-01  7.52357952e-01  6.94810136e-01
  8.36021537e-01  1.84093464e-01 -6.95971024e-01  3.13518574e+00
 -2.66995188e-01  1.05231277e+00  1.46465284e+00 -1.95511966e+00
  3.71807043e-01  2.71277451e+00 -1.02325379e+00  3.62788951e-01
  1.87946122e+00  8.75684899e-02 -3.42758246e-01  1.46292298e+00
  6.57264097e-01  1.04760880e+00  1.04748342e+00 -1.38495921e+00
  1.76004988e+00  6.31228499e-01 -8.43949028e-01 -3.35213139e-01
  2.29597383e+00 -4.52279118e-01  1.75210733e+00  2.13579876e-01
 -2.74336729e-01  1.05289410e+00  2.08543436e+00 -1.84472632e-01
  7.04472154e-01  1.87867321e+00 -1.20152992e+00  1.06042389e+00
  1.25565447e+00 -3.64794258e-01  1.40041613e+00  8.41718954e-01
 -1.11284121e+00  7.12483407e-01  1.04835733e+00 -9.55917339e-02
  3.57189259e-01  1.67107725e+00 -9.32693954e-01  1.69258627e-02] with unbiased energy -173.92642676707612
Removing previous minimum at index 839 (energy -173.9222927614923) because 
corresponding saddle does not have sufficiently greater energy (-173.85689170948686)
Identified minimum at position [ 2.92725694e+00  1.25510800e+00  9.36337592e-01  1.46094037e+00
 -6.10819433e-01  2.46724612e+00  2.50765794e+00  5.88212553e-01
  1.39955708e+00  2.30179844e+00 -1.78221796e+00 -3.11497430e-01
  4.19968736e-01 -1.86980265e+00  3.92194697e-02  6.24303358e-01
  4.96275613e-01  1.74884752e+00 -3.54202835e-04 -1.28679204e+00
  1.42554804e+00  1.46331501e+00 -6.70877541e-01 -1.03225164e+00
  1.67549264e+00 -2.21805621e+00  1.44621737e+00  2.09290401e+00
 -1.45828275e+00  2.13025121e+00 -2.08214676e-01 -1.02503519e+00
  3.72595449e-01  2.51145876e+00 -2.04173496e+00  7.46841318e-01
  2.92798400e+00 -1.27959546e+00  1.42911604e+00  2.50571552e+00
 -7.63065158e-01 -6.83211587e-01  6.27186854e-01 -2.13193261e+00
  1.09209163e+00  1.66733701e+00  4.10311047e-01  2.10310602e+00
  4.17328577e-01 -5.24297596e-01  2.11485146e+00  2.30460486e+00
  8.45826878e-01  3.45745973e-01  1.25938592e+00 -1.69282818e+00
 -6.64748951e-01  4.15058198e-01  7.58052485e-01  6.91106831e-01
  8.37581194e-01  1.81049974e-01 -6.93322825e-01  3.13422994e+00
 -2.54092177e-01  1.05681599e+00  1.46580547e+00 -1.95075446e+00
  3.92714136e-01  2.71307262e+00 -1.01836969e+00  3.75253269e-01
  1.87980425e+00  8.58814702e-02 -3.39662874e-01  1.46247087e+00
  6.66914148e-01  1.04710032e+00  1.04725171e+00 -1.36886589e+00
  1.77530609e+00  6.32310908e-01 -8.45794303e-01 -3.25069767e-01
  2.29521849e+00 -4.34909082e-01  1.75991346e+00  2.12825280e-01
 -2.64937851e-01  1.05725736e+00  2.08536318e+00 -1.76901455e-01
  7.09742825e-01  1.87887683e+00 -1.19069986e+00  1.07462998e+00
  1.25494658e+00 -3.51786825e-01  1.40714403e+00  8.42051483e-01
 -1.10591316e+00  7.25247314e-01  1.04831458e+00 -9.17219751e-02
  3.61611551e-01  1.67166367e+00 -9.31369561e-01  2.86026921e-02] with unbiased energy -173.92093652031951
Removing previous minimum at index 978 (energy -173.92642676707612) because 
corresponding saddle does not have sufficiently greater energy (-173.8607062374315)
Identified minimum at position [ 2.92751252e+00  1.25655697e+00  9.37583521e-01  1.45984312e+00
 -5.89792201e-01  2.47576771e+00  2.50654023e+00  6.01763386e-01
  1.40034138e+00  2.30320075e+00 -1.78445549e+00 -2.91981714e-01
  4.21508582e-01 -1.86877091e+00  5.73819996e-02  6.22609303e-01
  5.11042916e-01  1.74765612e+00 -4.61418899e-04 -1.27472751e+00
  1.43833418e+00  1.46329334e+00 -6.77504726e-01 -1.02360178e+00
  1.67587921e+00 -2.20479244e+00  1.46850525e+00  2.09316539e+00
 -1.43884779e+00  2.14563816e+00 -2.07652735e-01 -1.02170267e+00
  3.82915811e-01  2.51256224e+00 -2.03347398e+00  7.68902014e-01
  2.92854836e+00 -1.26409637e+00  1.44342685e+00  2.50508969e+00
 -7.69103923e-01 -6.74325435e-01  6.27789742e-01 -2.12229960e+00
  1.11267580e+00  1.66534213e+00  4.28575926e-01  2.10451605e+00
  4.16269959e-01 -5.06494763e-01  2.12165083e+00  2.30637828e+00
  8.48631983e-01  3.43698507e-01  1.26137378e+00 -1.69701130e+00
 -6.47370412e-01  4.13903001e-01  7.63444205e-01  6.87574130e-01
  8.39090868e-01  1.78130785e-01 -6.90772446e-01  3.13335400e+00
 -2.41729620e-01  1.06099226e+00  1.46693346e+00 -1.94644226e+00
  4.12685946e-01  2.71338334e+00 -1.01358689e+00  3.87132320e-01
  1.88015866e+00  8.42563183e-02 -3.36648276e-01  1.46207449e+00
  6.76087716e-01  1.04664031e+00  1.04706907e+00 -1.35342410e+00
  1.78979260e+00  6.33359310e-01 -8.47510301e-01 -3.15315994e-01
  2.29452162e+00 -4.18275961e-01  1.76724745e+00  2.12125966e-01
 -2.55961826e-01  1.06140087e+00  2.08529107e+00 -1.69661197e-01
  7.14753583e-01  1.87910034e+00 -1.18026914e+00  1.08814017e+00
  1.25428648e+00 -3.39355854e-01  1.41351933e+00  8.42394486e-01
 -1.09922727e+00  7.37431704e-01  1.04828026e+00 -8.80172093e-02
  3.65844239e-01  1.67223918e+00 -9.30038917e-01  3.97838120e-02] with unbiased energy -173.91240191373277
Removing previous minimum at index 1125 (energy -173.92093652031951) because 
corresponding saddle does not have sufficiently greater energy (-173.8503974825502)
Identified minimum at position [ 2.91639804  1.24160868  0.93076953  1.44600561 -0.64482871  2.45471007
  2.49660955  0.56524813  1.40081083  2.28731421 -1.78168834 -0.338477
  0.40328868 -1.87164326  0.01022978  0.61402797  0.47218922  1.75267425
 -0.0165299  -1.30465966  1.40313871  1.456262   -0.66595319 -1.04576964
  1.65708409 -2.23988476  1.4129564   2.07524001 -1.49000256  2.10738408
 -0.22116917 -1.02785969  0.35353042  2.49416264 -2.05595796  0.71628575
  2.91189795 -1.30500681  1.40984414  2.49806    -0.75751069 -0.69424597
  0.60915459 -2.14697339  1.05954505  1.65696245  0.38036893  2.10302719
  0.40268317 -0.55293457  2.10401851  2.28971367  0.83911338  0.35090183
  1.24476513 -1.69031459 -0.69079135  0.40697489  0.75000524  0.69906986
  0.82985914  0.18198333 -0.70093159  3.12249762 -0.27497138  1.05202534
  1.44914024 -1.95903902  0.36309396  2.70042172 -1.027503    0.35943472
  1.8700601   0.08494851 -0.3436805   1.45129602  0.65090345  1.0497647
  1.0306236  -1.39347935  1.75257297  0.62180719 -0.84535239 -0.34164924
  2.28181849 -0.46240992  1.750493    0.20192443 -0.2786736   1.05083697
  2.07395808 -0.19014415  0.70351027  1.86381574 -1.20822265  1.0550118
  1.24235404 -0.37225377  1.39837599  0.82774487 -1.11687736  0.70597191
  1.03947896 -0.0993348   0.35578834  1.65961738 -0.93615746  0.01225695] with unbiased energy -173.9220908767875
Removing previous minimum at index 1264 (energy -173.91240191373277) because 
corresponding saddle does not have sufficiently greater energy (-173.83795306102283)
Identified minimum at position [ 2.91640437  1.24290458  0.93208598  1.44421415 -0.62251082  2.46395492
  2.49496757  0.57962693  1.40188751  2.28855489 -1.78435256 -0.31768718
  0.40463514 -1.87078803  0.02928637  0.61176987  0.48796506  1.7514592
 -0.01714826 -1.291971    1.41662037  1.4561003  -0.67311909 -1.03671552
  1.65694389 -2.22604569  1.43679218  2.07489878 -1.46950476  2.12401771
 -0.22087992 -1.02447845  0.36422999  2.49490646 -2.04747763  0.73996313
  2.91200089 -1.28870702  1.42542816  2.49720404 -0.76404661 -0.68482451
  0.60930551 -2.13696202  1.08133603  1.65431816  0.39982986  2.10467239
  0.40098333 -0.53404402  2.11128075  2.29131531  0.8420988   0.34878844
  1.24670733 -1.69500924 -0.67245772  0.40544477  0.75583997  0.69526122
  0.83133593  0.17883141 -0.6983648   3.12116663 -0.26186908  1.05678895
  1.44997705 -1.95471361  0.38431046  2.70043034 -1.0225767   0.37221478
  1.87022114  0.08317172 -0.34051352  1.45047565  0.66071047  1.04921778
  1.02987575 -1.37719782  1.76802535  0.62272648 -0.84732716 -0.33152229
  2.28057378 -0.44479288  1.75855471  0.20080508 -0.26915055  1.05515704
  2.07356067 -0.18248625  0.70892817  1.86361098 -1.19728044  1.06948613
  1.24120458 -0.35906522  1.40520332  0.82772327 -1.10991236  0.71882878
  1.03916601 -0.09545138  0.36022126  1.65996103 -0.93489824  0.02410494] with unbiased energy -173.91793355104699
Removing previous minimum at index 1429 (energy -173.9220908767875) because 
corresponding saddle does not have sufficiently greater energy (-173.85958977130548)
Identified minimum at position [ 2.93795908  1.2645967   0.9377371   1.47945421 -0.64195592  2.45304099
  2.5226429   0.56903343  1.39576158  2.3121113  -1.77544233 -0.34452776
  0.43193053 -1.87070611  0.01232415  0.64014485  0.47438225  1.74844967
  0.01629736 -1.30598248  1.40812784  1.47079903 -0.65539516 -1.04496554
  1.69281536 -2.23682738  1.41032237  2.10994969 -1.48651577  2.1050648
 -0.19681233 -1.03212382  0.35977322  2.52546967 -2.05252032  0.70908935
  2.94253699 -1.30190544  1.40371471  2.51572187 -0.75002032 -0.69912088
  0.6434418  -2.14627919  1.0609322   1.68422419  0.38346588  2.09864356
  0.43542197 -0.55076912  2.10427973  2.31445201  0.84354253  0.34716367
  1.26795575 -1.68213945 -0.69202334  0.42717198  0.74913564  0.69401291
  0.84095868  0.18893593 -0.69339562  3.14912701 -0.2716062   1.04833915
  1.47907461 -1.95544191  0.36068434  2.72509889 -1.0238415   0.35436569
  1.88890867  0.09156053 -0.34460616  1.47534911  0.65421999  1.04607576
  1.0645777  -1.39185986  1.75298471  0.63982482 -0.84081922 -0.33825422
  2.31105238 -0.45893616  1.74636275  0.22620484 -0.27899936  1.05072468
  2.09738721 -0.18625026  0.70055501  1.893447   -1.20529724  1.05235695
  1.26986012 -0.36990106  1.39613736  0.85550163 -1.11548861  0.70689849
  1.05786622 -0.09575167  0.35460081  1.68223033 -0.93068449  0.01061627] with unbiased energy -173.92216161209632
Removing previous minimum at index 1564 (energy -173.91793355104699) because 
corresponding saddle does not have sufficiently greater energy (-173.84403670053325)
Identified minimum at position [ 2.9310711   1.26280852  0.94609875  1.4603726  -0.66177964  2.44046561
  2.51323065  0.55505842  1.39987699  2.29803339 -1.76841559 -0.36758799
  0.41655169 -1.86082128 -0.0249474   0.62937941  0.46923827  1.74419665
 -0.0051851  -1.3047374   1.38876652  1.46460718 -0.63419219 -1.05945032
  1.66174755 -2.24533773  1.37736395  2.08383793 -1.50725487  2.08268974
 -0.20989059 -1.02980991  0.34060885  2.50116233 -2.05856273  0.6843311
  2.92105844 -1.31866323  1.38830536  2.50765553 -0.73972173 -0.70992251
  0.61514322 -2.14251404  1.02425047  1.67107994  0.36689378  2.09740566
  0.41838458 -0.55784074  2.09276003  2.31053845  0.84304949  0.35333842
  1.25804977 -1.66545347 -0.72212791  0.42255248  0.75237354  0.69097004
  0.83480374  0.20515294 -0.69713349  3.13646602 -0.28556731  1.04606419
  1.45843074 -1.95088545  0.33015368  2.71082591 -1.02707721  0.34157576
  1.88394259  0.10095199 -0.34845402  1.46816244  0.65092336  1.04626357
  1.0408593  -1.3998627   1.72961216  0.63150013 -0.82936352 -0.3574865
  2.29437322 -0.47583496  1.73835117  0.21468327 -0.27877896  1.04225696
  2.08722415 -0.18979065  0.69484134  1.87400985 -1.21114302  1.03348533
  1.25564061 -0.37603491  1.38611744  0.8387063  -1.11250745  0.68575105
  1.05141856 -0.09130184  0.34715964  1.67073271 -0.92438784 -0.00616   ] with unbiased energy -173.9187669585943
Removing previous minimum at index 1719 (energy -173.92216161209632) because 
corresponding saddle does not have sufficiently greater energy (-173.8556208311661)
Identified minimum at position [ 2.93124829  1.26441504  0.94763752  1.45869797 -0.63828547  2.45040956
  2.51154094  0.57058306  1.40139975  2.30025823 -1.77137566 -0.3455685
  0.41897416 -1.86024712 -0.00509899  0.62702617  0.48569345  1.74286076
 -0.00526105 -1.29174335  1.40275602  1.46482683 -0.64147326 -1.05016977
  1.66239964 -2.23092901  1.40267192  2.08401491 -1.48558331  2.10054452
 -0.20897021 -1.02659371  0.351717    2.50283357 -2.04964064  0.70967469
  2.92177247 -1.30112307  1.40518411  2.50706175 -0.74661699 -0.70019533
  0.61617063 -2.13237969  1.04704332  1.66826148  0.38750387  2.09940697
  0.4168301  -0.53818352  2.10029631  2.31248702  0.84631784  0.35122067
  1.26110865 -1.67038708 -0.7030122   0.42110196  0.75845209  0.68687264
  0.8365262   0.20205066 -0.69437773  3.13529454 -0.27120911  1.05134694
  1.46024257 -1.94648188  0.35252569  2.71137613 -1.02181868  0.35526821
  1.88438336  0.09930414 -0.34522601  1.46746145  0.66133873  1.04580079
  1.04060461 -1.38291448  1.74594898  0.63304316 -0.83145853 -0.34692658
  2.29336358 -0.45702068  1.74716972  0.21381368 -0.26894268  1.04661829
  2.08717923 -0.18154404  0.70066819  1.87438686 -1.19959001  1.04892653
  1.25475607 -0.3621653   1.39337886  0.83930005 -1.10534582  0.69924193
  1.05145381 -0.08717077  0.35182222  1.67168689 -0.92300068  0.00632437] with unbiased energy -173.9186282332963
Removing previous minimum at index 1873 (energy -173.9187669585943) because 
corresponding saddle does not have sufficiently greater energy (-173.84897089339188)
Identified minimum at position [ 2.92252803  1.24076267  0.92070987  1.46714567 -0.65115877  2.4561
  2.50747717  0.56225888  1.39466632  2.29918661 -1.78521738 -0.3400783
  0.41631494 -1.88233175  0.0248548   0.62729126  0.45895551  1.75863177
  0.00500496 -1.3205759   1.40711579  1.46214279 -0.67871296 -1.04196485
  1.68742704 -2.24725526  1.41738081  2.10130975 -1.49330067  2.10956544
 -0.20901664 -1.0344204   0.36040322  2.51675068 -2.05959727  0.71274436
  2.93272893 -1.30740763  1.40628883  2.50653732 -0.75984102 -0.6945939
  0.63631906 -2.1618719   1.07037496  1.67313124  0.37413283  2.10193308
  0.42162259 -0.56790886  2.10738175  2.29079405  0.83614066  0.34681668
  1.25176949 -1.70127455 -0.68231836  0.41264665  0.73991079  0.70695493
  0.83364336  0.16923043 -0.70050111  3.13619665 -0.27658391  1.04824468
  1.46802894 -1.96826683  0.36845042  2.71395895 -1.02988731  0.35687144
  1.87407012  0.07762401 -0.34355287  1.45880287  0.64263925  1.0500115
  1.05476986 -1.40429741  1.75756216  0.62854502 -0.85459427 -0.33452725
  2.29958412 -0.46622432  1.74847922  0.21433406 -0.29002167  1.05487306
  2.08377212 -0.195581    0.70256348  1.88290928 -1.2150564   1.05652795
  1.25749471 -0.38147953  1.40026906  0.84402964 -1.12770292  0.71192886
  1.04529487 -0.10835913  0.35788371  1.67003213 -0.94375609  0.01492979] with unbiased energy -173.91882034412552
Removing previous minimum at index 2008 (energy -173.9186282332963) because 
corresponding saddle does not have sufficiently greater energy (-173.8449935285765)
Identified minimum at position [ 2.92241504e+00  1.23920370e+00  9.19233779e-01  1.46797679e+00
 -6.74838893e-01  2.44612035e+00  2.50840155e+00  5.47421964e-01
  1.39401670e+00  2.29842578e+00 -1.78220282e+00 -3.61499972e-01
  4.15347508e-01 -1.88338237e+00  4.14740774e-03  6.28740733e-01
  4.41825809e-01  1.75960634e+00  5.26972874e-03 -1.33439823e+00
  1.39187203e+00  1.46257833e+00 -6.70927680e-01 -1.05164617e+00
  1.68744202e+00 -2.26173146e+00  1.39213545e+00  2.10110322e+00
 -1.51469671e+00  2.09199308e+00 -2.09272077e-01 -1.03824171e+00
  3.48285200e-01  2.51616090e+00 -2.06799927e+00  6.88285062e-01
  2.93233497e+00 -1.32383800e+00  1.39023927e+00  2.50751823e+00
 -7.52962517e-01 -7.04272770e-01  6.36181513e-01 -2.17267041e+00
  1.04669310e+00  1.67483954e+00  3.53532414e-01  2.10032438e+00
  4.22454890e-01 -5.88351644e-01  2.09899969e+00  2.28886615e+00
  8.32901466e-01  3.49438542e-01  1.25047414e+00 -1.69617199e+00
 -7.01809958e-01  4.13929265e-01  7.33579363e-01  7.10836794e-01
  8.32060508e-01  1.72588221e-01 -7.03394265e-01  3.13710082e+00
 -2.89718007e-01  1.04346277e+00  1.46744191e+00 -1.97272940e+00
  3.45971558e-01  2.71392528e+00 -1.03466667e+00  3.43777373e-01
  1.87381685e+00  7.95277464e-02 -3.46766414e-01  1.45909280e+00
  6.32148550e-01  1.05075994e+00  1.05503243e+00 -1.42165868e+00
  1.74081457e+00  6.27825502e-01 -8.52609505e-01 -3.45554407e-01
  2.30015108e+00 -4.84514490e-01  1.74014104e+00  2.15063945e-01
 -3.00401853e-01  1.04971192e+00  2.08379193e+00 -2.03553469e-01
  6.97006730e-01  1.88287791e+00 -1.22642903e+00  1.04128750e+00
  1.25807366e+00 -3.95524212e-01  1.39289765e+00  8.43942105e-01
 -1.13518647e+00  6.97962479e-01  1.04539408e+00 -1.12524670e-01
  3.53068389e-01  1.66976313e+00 -9.44994351e-01  2.45340246e-03] with unbiased energy -173.91868093724392
Removing previous minimum at index 2160 (energy -173.91882034412552) because 
corresponding saddle does not have sufficiently greater energy (-173.8451420579842)
Identified minimum at position [ 2.93820797  1.26195875  0.93489163  1.48224502 -0.68855208  2.43302361
  2.52558412  0.53907508  1.39344209  2.30966589 -1.76915655 -0.38754618
  0.42914118 -1.87221173 -0.02802129  0.64419793  0.44113851  1.75042047
  0.01708379 -1.33259083  1.37889206  1.47136381 -0.64015067 -1.06367467
  1.6927263  -2.26518625  1.36002817  2.10997833 -1.52895827  2.06976105
 -0.19754306 -1.03919525  0.33655482  2.52375322 -2.0693119   0.65960007
  2.941839   -1.33528666  1.37090891  2.51767819 -0.73613967 -0.71826768
  0.64284136 -2.16689628  1.01464302  1.68898012  0.34275209  2.0947771
  0.43811123 -0.59046381  2.088203    2.31113668  0.83717484  0.35183976
  1.26418998 -1.67187059 -0.73029119  0.43022195  0.73682313  0.70164314
  0.83791191  0.19547514 -0.69892493  3.15162546 -0.29869505  1.03828488
  1.47723326 -1.96399683  0.31610821  2.72493113 -1.03349559  0.3277706
  1.88860795  0.09519428 -0.3508925   1.47664595  0.63356986  1.04708307
  1.06551397 -1.42573817  1.71996327  0.63791891 -0.83669104 -0.35971834
  2.31291526 -0.4955251   1.72914962  0.22810493 -0.29906267  1.04104926
  2.09771965 -0.202209    0.6891831   1.89344922 -1.22782893  1.0217928
  1.27159864 -0.39747311  1.38141271  0.85524544 -1.12992758  0.67950814
  1.05809922 -0.10389249  0.34504734  1.68139927 -0.93309653 -0.01416408] with unbiased energy -173.91842490277017
Removing previous minimum at index 2304 (energy -173.91868093724392) because 
corresponding saddle does not have sufficiently greater energy (-173.85212048576625)
Identified minimum at position [ 2.91576194  1.23808812  0.92759722  1.44859371 -0.69178132  2.43489616
  2.49920443  0.53491186  1.39846588  2.2838237  -1.77578392 -0.38167384
  0.39938806 -1.87305809 -0.02964256  0.61784877  0.43872668  1.75517412
 -0.01638704 -1.33106387  1.37438158  1.45614093 -0.65124129 -1.06450107
  1.65617619 -2.26853366  1.36272302  2.07480732 -1.53285008  2.07202422
 -0.22264087 -1.03450549  0.33086689  2.49152819 -2.07319012  0.66666867
  2.91064137 -1.3388987   1.37685369  2.49928694 -0.74397366 -0.7135098
  0.60765524 -2.16760561  1.01364626  1.66159096  0.33924542  2.0994633
  0.40507794 -0.59273775  2.08839279  2.28548971  0.83253379  0.35556505
  1.23981737 -1.68040099 -0.7289402   0.40955121  0.73758405  0.70729188
  0.82640089  0.18825657 -0.70655149  3.12440419 -0.30250516  1.04171943
  1.44630876 -1.9677855   0.31866858  2.69954497 -1.03760563  0.33271897
  1.86908285  0.0883392  -0.35008157  1.45222091  0.62996513  1.05117878
  1.03100591 -1.42751357  1.71981269  0.61923546 -0.84124942 -0.36279137
  2.28339102 -0.49941756  1.73329931  0.20341262 -0.29868648  1.04166223
  2.07388827 -0.20638155  0.69217191  1.86319811 -1.2310363   1.02452638
  1.24376144 -0.40005323  1.3839529   0.82680334 -1.131346    0.67892763
  1.03947351 -0.1076316   0.34657505  1.65807828 -0.93881743 -0.01243939] with unbiased energy -173.9183225463122
Removing previous minimum at index 2444 (energy -173.91842490277017) because 
corresponding saddle does not have sufficiently greater energy (-173.85307914026572)
Identified minimum at position [ 2.93024905  1.26066714  0.94458627  1.46082278 -0.68474019  2.43055669
  2.51410329  0.53976298  1.39845296  2.29488556 -1.76541522 -0.38898154
  0.41307752 -1.86102143 -0.0446775   0.63084351  0.4532842   1.74544829
 -0.00639307 -1.31698046  1.37484358  1.46387442 -0.62704302 -1.06857112
  1.65954025 -2.25920617  1.35238714  2.08228591 -1.52843989  2.064969
 -0.21170365 -1.03259565  0.32950534  2.49819625 -2.06711569  0.65959581
  2.91915412 -1.33581477  1.37173023  2.50759392 -0.73307044 -0.71925772
  0.61264888 -2.15195835  1.00163163  1.67294332  0.3466893   2.09544484
  0.41876034 -0.57681946  2.08523099  2.30798571  0.8397643   0.35556733
  1.2542073  -1.66047578 -0.74094233  0.42339176  0.74658953  0.6949852
  0.83274727  0.20826109 -0.70001284  3.13670783 -0.29974831  1.04084002
  1.45541999 -1.95492617  0.30815028  2.70935101 -1.03217782  0.32824599
  1.88293736  0.10252782 -0.35156006  1.46814857  0.64073386  1.04682773
  1.03976421 -1.4161899   1.71338487  0.62934945 -0.82718499 -0.36799224
  2.29430277 -0.49428709  1.72964658  0.21467984 -0.28814468  1.03792851
  2.08645043 -0.19787705  0.68915221  1.87247823 -1.22231715  1.0182759
  1.25552387 -0.389489    1.37895202  0.83705681 -1.11923076  0.67238257
  1.05078585 -0.09523801  0.34258669  1.66896125 -0.92565848 -0.0184051 ] with unbiased energy -173.91457592008052
Removing previous minimum at index 2608 (energy -173.9183225463122) because 
corresponding saddle does not have sufficiently greater energy (-173.8547774139414)
Identified minimum at position [ 2.915483    1.23636535  0.92597733  1.4498318  -0.71362022  2.42549052
  2.50041933  0.52080485  1.39722812  2.28221328 -1.7728354  -0.40160994
  0.39756393 -1.87359952 -0.04797565  0.61961959  0.42297144  1.75629028
 -0.01627233 -1.34333914  1.36090301  1.45609766 -0.64449377 -1.07304844
  1.65588408 -2.28164767  1.33930732  2.07471173 -1.55261753  2.05538877
 -0.22331421 -1.03748659  0.32037517  2.49038617 -2.08089401  0.64356547
  2.91012616 -1.35443517  1.36131259  2.49987278 -0.73768655 -0.72229509
  0.60705977 -2.17709647  0.99234845  1.66377129  0.32003672  2.09769058
  0.40620145 -0.61135539  2.0809766   2.28344777  0.82938392  0.35775344
  1.23748816 -1.67572641 -0.74646301  0.41074734  0.73166058  0.71120052
  0.82479105  0.19103303 -0.7091727   3.12531426 -0.31524453  1.03671769
  1.4450332  -1.97169842  0.29809815  2.69915682 -1.04214409  0.32028727
  1.86859634  0.08980963 -0.35296193  1.45264054  0.6200716   1.05191288
  1.03124796 -1.44329272  1.70448797  0.61803213 -0.8393615  -0.37246742
  2.28414173 -0.51657236  1.72512082  0.20410391 -0.30806753  1.03736843
  2.07380726 -0.21396658  0.68687043  1.86295021 -1.24155107  1.01030103
  1.24441051 -0.41303529  1.37719084  0.82639019 -1.13804238  0.66639314
  1.03943558 -0.11155149  0.34233085  1.65735511 -0.94002664 -0.02383265] with unbiased energy -173.91126804669705
Removing previous minimum at index 2757 (energy -173.91457592008052) because 
corresponding saddle does not have sufficiently greater energy (-173.85410797513973)
Identified minimum at position [ 2.9383277   1.26631305  0.93916535  1.47880373 -0.6196976   2.46230491
  2.52181037  0.58335591  1.39661379  2.31374501 -1.77805439 -0.3240754
  0.43377861 -1.86975424  0.03165295  0.63875253  0.49014854  1.74732708
  0.01656597 -1.29322338  1.42201488  1.47083278 -0.66240799 -1.03590788
  1.69357263 -2.22301261  1.4340593   2.1106507  -1.46609323  2.12156211
 -0.19599263 -1.02867813  0.37095696  2.52690132 -2.04413487  0.73240801
  2.94348693 -1.28576458  1.41896277  2.51515873 -0.75643347 -0.68995045
  0.64439877 -2.1362293   1.08293275  1.6825437   0.40284838  2.10025247
  0.43478984 -0.53183459  2.11176547  2.31653056  0.84659996  0.34488721
  1.27016772 -1.68668871 -0.6737069   0.42615499  0.75489874  0.69029942
  0.84263855  0.18592961 -0.69059556  3.14850241 -0.25862347  1.05283956
  1.48051647 -1.95106696  0.38185299  2.72566775 -1.01900198  0.36688181
  1.88943549  0.08992226 -0.34154383  1.4752464   0.6640229   1.04556759
  1.06480326 -1.3755818   1.7685561   0.64108087 -0.84262412 -0.32786875
  2.31074972 -0.44140287  1.75426003  0.225784   -0.26945105  1.05528277
  2.09766348 -0.17858073  0.70585878  1.89402507 -1.19438158  1.06674596
  1.269569   -0.3567257   1.40301247  0.8561619  -1.10847246  0.71993459
  1.05811779 -0.09179929  0.35914285  1.68305794 -0.92933406  0.02242064] with unbiased energy -173.91799372221877
Removing previous minimum at index 2894 (energy -173.91126804669705) because 
corresponding saddle does not have sufficiently greater energy (-173.83897903512607)
Identified minimum at position [ 2.93862706  1.26786271  0.9404722   1.47804705 -0.59843465  2.47102094
  2.5209178   0.59703868  1.39737287  2.31522562 -1.78040389 -0.30445338
  0.43543524 -1.86871585  0.05013688  0.63730772  0.50513287  1.74620981
  0.01669662 -1.28097588  1.43516706  1.47082372 -0.66910277 -1.02718562
  1.69418003 -2.20966718  1.45664765  2.11120494 -1.44649637  2.1371721
 -0.19529961 -1.02528306  0.38160287  2.52816971 -2.03592136  0.75466106
  2.9442881  -1.27021103  1.43341174  2.51456487 -0.76254718 -0.68108272
  0.64519724 -2.12650216  1.10388696  1.680828    0.4213226   2.10172739
  0.43404605 -0.51377258  2.11880543  2.31842396  0.84947337  0.34274924
  1.27220075 -1.69094033 -0.6561417   0.42511424  0.76036095  0.68678272
  0.84420337  0.183025   -0.68793871  3.14780671 -0.24618576  1.05703199
  1.48178787 -1.94675119  0.40207482  2.72611929 -1.01426861  0.3788366
  1.88986929  0.08832329 -0.3385607   1.47505815  0.67333014  1.0451254
  1.06488946 -1.359969    1.78332685  0.64221485 -0.84431338 -0.31791195
  2.3103357  -0.42462101  1.76169746  0.22528128 -0.2603351   1.05960688
  2.09780555 -0.17125623  0.71091096  1.89446327 -1.18387349  1.08043714
  1.26916784 -0.34414228  1.40953277  0.85668625 -1.10170337  0.7323616
  1.05827187 -0.0880248   0.36349105  1.68375863 -0.92799286  0.03372442] with unbiased energy -173.91074977537454
Removing previous minimum at index 3763 (energy -173.91799372221877) because 
corresponding saddle does not have sufficiently greater energy (-173.8517547949036)
Identified minimum at position [ 2.92201273  1.24143205  0.92162398  1.46568976 -0.62810831  2.46585177
  2.50599174  0.57653196  1.39517006  2.2990928  -1.78833896 -0.31883664
  0.41629858 -1.88137798  0.04560598  0.62533127  0.47543083  1.75790876
  0.00398782 -1.30707964  1.42205175  1.46124382 -0.68707248 -1.03226145
  1.6866799  -2.23313973  1.44227654  2.10084133 -1.47242774  2.12676555
 -0.20946337 -1.03045802  0.37237184  2.51653795 -2.0514093   0.73681651
  2.93242897 -1.2914486   1.42196135  2.50506968 -0.76690393 -0.68480881
  0.63566688 -2.1513855   1.09388615  1.67097834  0.39406965  2.10351904
  0.42011814 -0.54811177  2.11564138  2.29181034  0.83903489  0.34426041
  1.2521133  -1.70674471 -0.66280534  0.41081932  0.74591693  0.70352509
  0.8348657   0.16534878 -0.69791206  3.13469586 -0.26397503  1.05280076
  1.46775505 -1.96406757  0.39076207  2.71332417 -1.02533812  0.36978367
  1.87369878  0.07528678 -0.34029433  1.45789245  0.65257001  1.04943212
  1.05379562 -1.38740773  1.77405826  0.62864993 -0.85686731 -0.3235291
  2.29841344 -0.44850644  1.75659138  0.21302815 -0.27997276  1.06007632
  2.08309995 -0.18805618  0.70805403  1.88222972 -1.20408429  1.07154899
  1.25628856 -0.36795116  1.40758984  0.84339276 -1.12052812  0.72579512
  1.04463646 -0.1045959   0.36273782  1.669607   -0.94287292  0.02734589] with unbiased energy -173.9146068624633
Removing previous minimum at index 3916 (energy -173.91074977537454) because 
corresponding saddle does not have sufficiently greater energy (-173.8439096697358)
Identified minimum at position [ 2.91666853  1.24455933  0.93366798  1.44256232 -0.60102583  2.47256578
  2.49358611  0.59349232  1.40290528  2.28989501 -1.78652845 -0.29786603
  0.40610278 -1.86958492  0.04716733  0.60972842  0.50328836  1.75001858
 -0.01769218 -1.27946668  1.42936764  1.4560748  -0.67942356 -1.02809256
  1.65671613 -2.21246464  1.45926719  2.0745617  -1.44972377  2.13962547
 -0.22047419 -1.02110108  0.37436182  2.49563164 -2.0390242   0.76245017
  2.91213585 -1.27290163  1.44012451  2.49650074 -0.770053   -0.67582748
  0.60940182 -2.12692559  1.10181519  1.65186398  0.41855396  2.10611405
  0.39945443 -0.51565835  2.11801182  2.29324756  0.84505879  0.34683687
  1.24880484 -1.69896548 -0.65514047  0.4042099   0.76157563  0.69135896
  0.83284952  0.17624012 -0.69579125  3.12002525 -0.24922328  1.06123476
  1.45084584 -1.95016012  0.4043598   2.70053794 -1.0176292   0.38435381
  1.87060517  0.0817559  -0.33745549  1.44992441  0.67026407  1.04866119
  1.0291664  -1.36132398  1.78254063  0.62375711 -0.84887476 -0.32193513
  2.27944374 -0.42779837  1.76609648  0.19984401 -0.25981467  1.05914048
  2.07330658 -0.17497694  0.71404357  1.86346409 -1.18654404  1.08314029
  1.24019319 -0.34622718  1.41157022  0.82778841 -1.1029216   0.73093509
  1.03901664 -0.09146202  0.36437539  1.6604229  -0.93335188  0.03533097] with unbiased energy -173.91068714243303
Removing previous minimum at index 4381 (energy -173.9146068624633) because 
corresponding saddle does not have sufficiently greater energy (-173.8279699546443)
Identified minimum at position [ 2.90707982e+00  1.23080928e+00  9.26129713e-01  1.43278440e+00
 -6.58254022e-01  2.45085316e+00  2.48693164e+00  5.54817890e-01
  1.40204395e+00  2.27437067e+00 -1.78387438e+00 -3.46796529e-01
  3.88430323e-01 -1.87264825e+00  5.18988322e-04  6.04627936e-01
  4.62870197e-01  1.75553795e+00 -3.10126744e-02 -1.31024754e+00
  1.39474520e+00  1.44964281e+00 -6.68319720e-01 -1.05028862e+00
  1.64058990e+00 -2.24911531e+00  1.40194187e+00  2.06001370e+00
 -1.50315950e+00  2.09975392e+00 -2.32650138e-01 -1.02717173e+00
  3.46101870e-01  2.47884680e+00 -2.06299942e+00  7.06746320e-01
  2.89805173e+00 -1.31649383e+00  1.40401966e+00  2.49061453e+00
 -7.58171892e-01 -6.96650912e-01  5.92940219e-01 -2.15262440e+00
  1.04855548e+00  1.64744706e+00  3.68110824e-01  2.10408506e+00
  3.89612354e-01 -5.63581162e-01  2.10064756e+00  2.27792994e+00
  8.34999615e-01  3.53559999e-01  1.23184149e+00 -1.69254794e+00
 -6.99143845e-01  3.99281439e-01  7.47048885e-01  7.03629786e-01
  8.24339910e-01  1.79601360e-01 -7.05548574e-01  3.11196236e+00
 -2.84979232e-01  1.05082624e+00  1.43424894e+00 -1.96359101e+00
  3.53524733e-01  2.68926272e+00 -1.03277113e+00  3.54817004e-01
  1.86169934e+00  8.19795544e-02 -3.44749666e-01  1.44175978e+00
  6.43618645e-01  1.05184425e+00  1.01584424e+00 -1.40298544e+00
  1.74485233e+00  6.12841934e-01 -8.46846354e-01 -3.47726365e-01
  2.27008413e+00 -4.74266801e-01  1.74799261e+00  1.92061022e-01
 -2.83351188e-01  1.04909453e+00  2.06422647e+00 -1.96803573e-01
  7.02026495e-01  1.85053222e+00 -1.21606008e+00  1.04874852e+00
  1.23120036e+00 -3.80715193e-01  1.39614022e+00  8.15052865e-01
 -1.12147862e+00  6.99480479e-01  1.03201483e+00 -1.03638946e-01
  3.54493204e-01  1.64902174e+00 -9.40158976e-01  7.12575765e-03] with unbiased energy -173.90760456064316
Removing previous minimum at index 7078 (energy -173.91068714243303) because 
corresponding saddle does not have sufficiently greater energy (-173.83971730195105)
Identified minimum at position [ 2.93843579  1.26077241  0.93353447  1.483494   -0.71023973  2.42347164
  2.52688721  0.52525854  1.39235794  2.3088598  -1.76593289 -0.40737437
  0.42815223 -1.8727582  -0.04685157  0.64598344  0.42544372  1.75120129
  0.01757741 -1.34505843  1.36496556  1.47179793 -0.6329058  -1.07227879
  1.69294836 -2.27811579  1.33648861  2.11011946 -1.54848037  2.05311846
 -0.19770703 -1.04246173  0.32557569  2.52326483 -2.07668713  0.63661658
  2.94167446 -1.3504009   1.35553653  2.5187361  -0.7295951  -0.72702177
  0.64284577 -2.17638331  0.99290859  1.69107895  0.3237602   2.09289318
  0.4393174  -0.60911501  2.08043949  2.30963602  0.83416941  0.35411556
  1.26278823 -1.66684419 -0.74801257  0.43167041  0.73096609  0.705191
  0.83654766  0.19852503 -0.70147734  3.15282172 -0.31102827  1.03349282
  1.4766797  -1.96773298  0.29535109  2.72501687 -1.03770607  0.31544716
  1.88855337  0.09690544 -0.353716    1.4772339   0.62387221  1.04762189
  1.06605979 -1.44145496  1.7043778   0.63720869 -0.83469556 -0.36967651
  2.31377525 -0.5123887   1.72100623  0.22902543 -0.30852914  1.03640292
  2.09788834 -0.20956709  0.68388479  1.89359704 -1.2381295   1.00749827
  1.27241236 -0.41032336  1.37445361  0.85529029 -1.13658456  0.66666829
  1.05824871 -0.10767189  0.34059082  1.68118245 -0.93407431 -0.02565081] with unbiased energy -173.91132183250096
Removing previous minimum at index 7523 (energy -173.90760456064316) because 
corresponding saddle does not have sufficiently greater energy (-173.8375229953703)
Identified minimum at position [ 2.91799529  1.23748785  0.92526918  1.45528014 -0.73793836  2.41425374
  2.50502535  0.50539433  1.39509785  2.28362653 -1.768253   -0.42503931
  0.39923207 -1.87379366 -0.06893522  0.6248086   0.40544736  1.75673255
 -0.01208224 -1.35727443  1.34587748  1.45794787 -0.63501677 -1.0827067
  1.65994529 -2.29579882  1.31201104  2.07882677 -1.57440317  2.03585104
 -0.22097635 -1.04135827  0.30896263  2.49302252 -2.08876183  0.61624482
  2.9133095  -1.37137047  1.34266063  2.50280501 -0.7293233  -0.73286171
  0.6106425  -2.18743445  0.96788137  1.66953075  0.29870528  2.09489887
  0.4114664  -0.63209622  2.07224404  2.28442072  0.82646473  0.35980939
  1.23797506 -1.66889875 -0.76672303  0.41468744  0.72491826  0.71478802
  0.82436465  0.19537446 -0.71119473  3.12966682 -0.32910752  1.03045983
  1.44739165 -1.97529048  0.27415551  2.70180673 -1.04649965  0.30544592
  1.87048329  0.09254558 -0.35631609  1.45612965  0.60936192  1.05217932
  1.03567971 -1.46078106  1.68676099  0.61899033 -0.83640791 -0.3832282
  2.28852238 -0.535439    1.71506812  0.20787421 -0.31866709  1.03224385
  2.07655266 -0.22191151  0.68035952  1.86632721 -1.25285092  0.99356356
  1.24848435 -0.42731652  1.36897331  0.82938908 -1.14522213  0.65198581
  1.04157835 -0.11532568  0.33717383  1.65939079 -0.9403882  -0.03711833] with unbiased energy -173.9019140556358
Removing previous minimum at index 7961 (energy -173.91132183250096) because 
corresponding saddle does not have sufficiently greater energy (-173.8418007213622)
Identified minimum at position [ 2.9361298   1.25670927  0.93113771  1.48175607 -0.73457735  2.41290602
  2.52590485  0.50921274  1.39109096  2.30448279 -1.76295347 -0.42899128
  0.42318875 -1.87325085 -0.06738676  0.64558336  0.40788589  1.7526663
  0.01451944 -1.3583095   1.34948961  1.47026748 -0.62633049 -1.08178958
  1.6890982  -2.29268755  1.31052922  2.1066664  -1.57059252  2.03458362
 -0.20087936 -1.04522582  0.31335655  2.51882453 -2.08530058  0.61137905
  2.93808601 -1.3678971   1.33851639  2.51763955 -0.72318028 -0.73624568
  0.63876519 -2.18667689  0.96906529  1.69107212  0.3022358   2.09101078
  0.43750143 -0.62976651  2.07203356  2.30508117  0.83030691  0.35676093
  1.2577607  -1.66225888 -0.76732391  0.43110383  0.72452673  0.70991524
  0.83366351  0.20099049 -0.70513765  3.15137938 -0.32561072  1.02805366
  1.47220793 -1.97218079  0.27263903  2.72211846 -1.0429179   0.30196398
  1.88616872  0.09793466 -0.35680856  1.47546232  0.61260721  1.04861314
  1.06304937 -1.45889643  1.68715326  0.63402108 -0.83298174 -0.38076829
  2.31181952 -0.53170717  1.71198278  0.22744042 -0.31876516  1.03157857
  2.09543955 -0.21832176  0.67810143  1.89039214 -1.24993527  0.99174713
  1.27046816 -0.42483338  1.36696347  0.85207003 -1.1439738   0.65257309
  1.05625162 -0.11226251  0.33585522  1.67806766 -0.93580833 -0.03821641] with unbiased energy -173.9019877237734
Removing previous minimum at index 8272 (energy -173.9019140556358) because 
corresponding saddle does not have sufficiently greater energy (-173.83408701045002)
Identified minimum at position [ 2.92712658e+00  1.24623429e+00  9.27425576e-01  1.46962539e+00
 -7.51015852e-01  2.40676213e+00  2.51650504e+00  4.97865304e-01
  1.39201838e+00  2.29330248e+00 -1.76301837e+00 -4.40789532e-01
  4.10386977e-01 -1.87356215e+00 -8.10129378e-02  6.36581824e-01
  3.95984960e-01  1.75516189e+00  1.62319652e-03 -1.36604115e+00
  1.33821346e+00  1.46422777e+00 -6.25460863e-01 -1.08815195e+00
  1.67468601e+00 -2.30278136e+00  1.29483681e+00  2.09298643e+00
 -1.58570908e+00  2.02342424e+00 -2.11104758e-01 -1.04530665e+00
  3.03832716e-01  2.50550231e+00 -2.09176427e+00  5.97687633e-01
  2.92561800e+00 -1.37986544e+00  1.32958460e+00  2.51078543e+00
 -7.21548092e-01 -7.40630852e-01  6.24672751e-01 -2.19317538e+00
  9.53507517e-01  1.68196825e+00  2.87477996e-01  2.09143576e+00
  4.25521216e-01 -6.43531750e-01  2.06675295e+00  2.29370223e+00
  8.26407081e-01  3.59724632e-01  1.24667507e+00 -1.66178733e+00
 -7.79212121e-01  4.23905128e-01  7.20745064e-01  7.14823155e-01
  8.27974111e-01  2.00463515e-01 -7.09889048e-01  3.14137831e+00
 -3.35823715e-01  1.02561841e+00  1.45929829e+00 -1.97593858e+00
  2.59022652e-01  2.71191298e+00 -1.04739748e+00  2.95012543e-01
  1.87817537e+00  9.65718209e-02 -3.58537110e-01  1.46628458e+00
  6.04368231e-01  1.05075150e+00  1.04984193e+00 -1.47036997e+00
  1.67611179e+00  6.25883895e-01 -8.33106547e-01 -3.88751271e-01
  2.30087045e+00 -5.45055507e-01  1.70758422e+00  2.18307469e-01
 -3.25049694e-01  1.02878670e+00  2.08602884e+00 -2.25057738e-01
  6.75416974e-01  1.87845525e+00 -1.25824953e+00  9.82623515e-01
  1.26009515e+00 -4.34750218e-01  1.36305815e+00  8.40722159e-01
 -1.14889469e+00  6.43450509e-01  1.04888762e+00 -1.16190653e-01
  3.33411133e-01  1.66844322e+00 -9.38511650e-01 -4.56324286e-02] with unbiased energy -173.89657977450585
Removing previous minimum at index 8412 (energy -173.9019877237734) because 
corresponding saddle does not have sufficiently greater energy (-173.82641610438378)
Identified minimum at position [ 2.94896439  1.27475226  0.93967933  1.4956762  -0.67325763  2.43821862
  2.53660626  0.54987147  1.39295018  2.32246216 -1.76805828 -0.3771165
  0.4436532  -1.87075233 -0.01660083  0.654588    0.45271932  1.74711279
  0.03126485 -1.32460548  1.38906635  1.4786494  -0.63859869 -1.0577995
  1.70794913 -2.25508244  1.37350013  2.12473991 -1.51471238  2.0792542
 -0.18590473 -1.03900823  0.3452769   2.53826918 -2.06257209  0.67169365
  2.95558001 -1.32368585  1.37861718  2.52585192 -0.73673413 -0.71455813
  0.65790297 -2.15975661  1.02785965  1.69928733  0.35651126  2.09424182
  0.45152988 -0.57693992  2.09250204  2.32470693  0.84115238  0.34950303
  1.27708715 -1.67022436 -0.72014972  0.43917068  0.74061316  0.69597964
  0.84445457  0.19774569 -0.69347327  3.16312482 -0.28881767  1.04033228
  1.49151775 -1.95933773  0.3278338   2.73662193 -1.02882851  0.33389085
  1.89835387  0.09765173 -0.34917904  1.48768442  0.64171796  1.04513403
  1.07986956 -1.41449306  1.72947905  0.6474475  -0.83512688 -0.35232784
  2.32524956 -0.48287543  1.73295271  0.2387298  -0.29276986  1.04312177
  2.10889692 -0.19538671  0.69159487  1.90672301 -1.21944433  1.02972427
  1.28348778 -0.38777822  1.38467048  0.86801552 -1.12451865  0.68747213
  1.06743088 -0.09940886  0.3473222   1.69260677 -0.92943817 -0.00760597] with unbiased energy -173.90613192422413
Removing previous minimum at index 8553 (energy -173.89657977450585) because 
corresponding saddle does not have sufficiently greater energy (-173.82589391266728)
Identified minimum at position [ 2.94872974  1.27582223  0.9407201   1.4953319  -0.65019353  2.44824446
  2.53595258  0.56418777  1.39334112  2.32274982 -1.77144587 -0.35619849
  0.44417283 -1.87010254  0.00449016  0.65348864  0.46925948  1.74650392
  0.03115704 -1.31110783  1.40450006  1.47791463 -0.64696917 -1.04830728
  1.708133   -2.24125401  1.39857617  2.12531339 -1.49398589  2.09668842
 -0.18582063 -1.03514777  0.35781409  2.538746   -2.05476868  0.69561613
  2.95612632 -1.30800099  1.39426334  2.52460254 -0.74382384 -0.70515705
  0.6580949  -2.14955133  1.05174069  1.69809975  0.37650089  2.09593303
  0.45106979 -0.55703878  2.1010435   2.32619393  0.84418613  0.34673179
  1.27772342 -1.67591691 -0.70073469  0.43783747  0.74657725  0.69259739
  0.84587826  0.19400571 -0.69070816  3.16234908 -0.27629116  1.04480529
  1.49186672 -1.95540563  0.35019958  2.73654315 -1.02451449  0.34663669
  1.89828378  0.09545614 -0.34616635  1.4875052   0.65169977  1.04459581
  1.07987526 -1.3977211   1.74630871  0.64792849 -0.83745513 -0.34113124
  2.32502316 -0.46520995  1.74112742  0.23808769 -0.28265264  1.0484758
  2.10890839 -0.18785766  0.69702113  1.90683088 -1.20863256  1.04482434
  1.28312889 -0.3742616   1.39212921  0.86806502 -1.11745939  0.70158308
  1.06734769 -0.09560113  0.35226472  1.69266862 -0.92862474  0.00476211] with unbiased energy -173.90770221098484
Removing previous minimum at index 13303 (energy -173.90613192422413) because 
corresponding saddle does not have sufficiently greater energy (-173.83019653859444)
Identified minimum at position [ 2.92780915e+00  1.25797791e+00  9.38752226e-01  1.45879310e+00
 -5.69481922e-01  2.48387519e+00  2.50548042e+00  6.14855912e-01
  1.40103394e+00  2.30456538e+00 -1.78646262e+00 -2.73084582e-01
  4.22993572e-01 -1.86765621e+00  7.49584733e-02  6.20976376e-01
  5.25245165e-01  1.74644920e+00 -5.54609031e-04 -1.26302573e+00
  1.45060779e+00  1.46329246e+00 -6.83871375e-01 -1.01517323e+00
  1.67627883e+00 -2.19184428e+00  1.48994174e+00  2.09344601e+00
 -1.41999700e+00  2.16035516e+00 -2.07102998e-01 -1.01840548e+00
  3.92880707e-01  2.51364896e+00 -2.02530665e+00  7.90151136e-01
  2.92911121e+00 -1.24900837e+00  1.45711217e+00  2.50450694e+00
 -7.74897563e-01 -6.65658381e-01  6.28390371e-01 -2.11288170e+00
  1.13251334e+00  1.66342538e+00  4.46182656e-01  2.10580756e+00
  4.15251226e-01 -4.89314300e-01  2.12812356e+00  2.30811569e+00
  8.51307350e-01  3.41746081e-01  1.26329445e+00 -1.70094253e+00
 -6.30524028e-01  4.12812513e-01  7.68607919e-01  6.84166895e-01
  8.40563125e-01  1.75300498e-01 -6.88292829e-01  3.13252294e+00
 -2.29757881e-01  1.06491356e+00  1.46803071e+00 -1.94214700e+00
  4.31967411e-01  2.71369266e+00 -1.00885928e+00  3.98580109e-01
  1.88051891e+00  8.26728356e-02 -3.33680283e-01  1.46170842e+00
  6.84905327e-01  1.04622276e+00  1.04690459e+00 -1.33845282e+00
  1.80369622e+00  6.34375703e-01 -8.49122694e-01 -3.05843951e-01
  2.29384911e+00 -4.02180843e-01  1.77422073e+00  2.11454687e-01
 -2.47296879e-01  1.06537786e+00  2.08520162e+00 -1.62664046e-01
  7.19575001e-01  1.87932335e+00 -1.17011979e+00  1.10113019e+00
  1.25364428e+00 -3.27349056e-01  1.41962882e+00  8.42731885e-01
 -1.09270867e+00  7.49184630e-01  1.04824266e+00 -8.44335866e-02
  3.69939133e-01  1.67279688e+00 -9.28694257e-01  5.06047469e-02] with unbiased energy -173.90109712168467
Removing previous minimum at index 13736 (energy -173.90770221098484) because 
corresponding saddle does not have sufficiently greater energy (-173.82798840791634)
Identified minimum at position [ 2.91614897  1.24345697  0.9318601   1.44259763 -0.5819738   2.48141233
  2.49218924  0.60569158  1.40279521  2.2911855  -1.79010774 -0.27828844
  0.40735    -1.87093149  0.0682483   0.60825962  0.51470411  1.75057418
 -0.01651178 -1.27094796  1.44233574  1.45582427 -0.69000344 -1.01859136
  1.66003347 -2.2012819   1.4825442   2.07688882 -1.43162925  2.15551576
 -0.2198424  -1.01873482  0.38538426  2.498363   -2.03201035  0.78412983
  2.91401451 -1.25853231  1.45403527  2.49596729 -0.77730034 -0.66646575
  0.6123555  -2.12074993  1.12449868  1.65062214  0.43483621  2.10763857
  0.39912277 -0.50163199  2.1254146   2.29269553  0.84663342  0.34432169
  1.24969479 -1.70636627 -0.63580843  0.40223788  0.76476705  0.69011909
  0.83405901  0.16969336 -0.69395604  3.11942232 -0.23787125  1.06489626
  1.45289447 -1.94831247  0.4255765   2.70122696 -1.01382145  0.39603043
  1.8699206   0.0777195  -0.33423158  1.44867712  0.67709781  1.04858639
  1.03072056 -1.34863889  1.79791218  0.62429164 -0.85306357 -0.31098782
  2.27958582 -0.41265628  1.77327994  0.19934526 -0.25344252  1.06410517
  2.07293536 -0.16951499  0.7191121   1.86474711 -1.17809265  1.09708598
  1.23997352 -0.33628024  1.41849937  0.82875487 -1.09888378  0.74422498
  1.03832372 -0.09024507  0.36916309  1.66086553 -0.93434514  0.04719896] with unbiased energy -173.90067700318014
Removing previous minimum at index 14722 (energy -173.90109712168467) because 
corresponding saddle does not have sufficiently greater energy (-173.83006203259382)
Identified minimum at position [ 2.93896776  1.26939964  0.9417319   1.4773078  -0.57783838  2.47932168
  2.52007155  0.61029872  1.39804789  2.31667675 -1.78250619 -0.2854159
  0.43704464 -1.86756564  0.06802162  0.63590515  0.51959738  1.74505363
  0.01681943 -1.26904414  1.44780422  1.47083794 -0.6755035  -1.01868177
  1.69476776 -2.19659087  1.4784007   2.11174733 -1.42743579  2.15212194
 -0.19462084 -1.02190793  0.39188571  2.52940694 -2.02776524  0.77614163
  2.94506897 -1.25502338  1.44725994  2.51401046 -0.76841167 -0.67242187
  0.64596883 -2.11694094  1.12408989  1.67916585  0.43918387  2.10307984
  0.43331663 -0.4962789   2.12550965  2.32029569  0.85223328  0.34070835
  1.27418745 -1.69490803 -0.6391047   0.42413391  0.76562179  0.68336542
  0.84573095  0.18024052 -0.68534645  3.14714454 -0.23410439  1.06098025
  1.48302227 -1.94241584  0.42161866  2.7265635  -1.00956634  0.39038268
  1.89031343  0.08678748 -0.3356218   1.47489722  0.68231477  1.04471986
  1.06496631 -1.34477693  1.79751502  0.6433241  -0.84587551 -0.30824075
  2.30992493 -0.40833364  1.76878121  0.22479567 -0.25149753  1.06375481
  2.09792574 -0.16414501  0.71577712  1.89488492 -1.1736071   1.09361888
  1.26876881 -0.33194176  1.41578497  0.857195   -1.09506516  0.7443551
  1.05842282 -0.08434187  0.36769929  1.68444195 -0.92660943  0.04467552] with unbiased energy -173.90060325229155
Removing previous minimum at index 14874 (energy -173.90067700318014) because 
corresponding saddle does not have sufficiently greater energy (-173.82845680150174)
Identified minimum at position [ 2.94682068  1.26800614  0.9331579   1.50017566 -0.72136667  2.41798501
  2.54057175  0.5165307   1.38675309  2.31400956 -1.76343256 -0.4214954
  0.43466995 -1.87383094 -0.05188975  0.66022544  0.41757068  1.7513019
  0.03083797 -1.35173503  1.36247577  1.47610044 -0.62929608 -1.07546119
  1.7066145  -2.28543611  1.32358535  2.12495908 -1.55940157  2.04319948
 -0.18988274 -1.0448581   0.32540384  2.53294628 -2.08182778  0.61938153
  2.95348483 -1.36133104  1.34275138  2.52530155 -0.72467325 -0.73333509
  0.65491985 -2.18206882  0.98541087  1.7069019   0.31353615  2.08906794
  0.45510986 -0.61803922  2.07822529  2.31762882  0.83332513  0.35224344
  1.26582012 -1.66439708 -0.75593003  0.44089057  0.72651984  0.706543
  0.83994949  0.19985042 -0.7002021   3.16552311 -0.32063732  1.02769695
  1.48510384 -1.97039381  0.28449758  2.73374175 -1.040799    0.30543238
  1.89501927  0.0978862  -0.35570529  1.48830345  0.61831421  1.04607272
  1.08043918 -1.45001963  1.69785703  0.64178443 -0.83391744 -0.3717744
  2.32762099 -0.52255923  1.71367289  0.23967623 -0.31354357  1.03556444
  2.10741375 -0.21424743  0.67915239  1.90491502 -1.24461128  0.99865818
  1.2848321  -0.41755866  1.3703551   0.86517943 -1.14079502  0.66202629
  1.0653681  -0.11007458  0.33841153  1.68816754 -0.9348982  -0.0319708 ] with unbiased energy -173.89328394936004
Removing previous minimum at index 16173 (energy -173.90060325229155) because 
corresponding saddle does not have sufficiently greater energy (-173.81722879017207)
Identified minimum at position [ 2.93961512  1.25895946  0.93066743  1.48762196 -0.75376181  2.40377142
  2.53089883  0.4971758   1.38919908  2.30735076 -1.75897621 -0.4475111
  0.42637428 -1.87354815 -0.08392144  0.6509605   0.39379474  1.75261362
  0.01965785 -1.3697786   1.33736397  1.47287288 -0.61848269 -1.08920336
  1.69447559 -2.30373219  1.28883367  2.11177654 -1.58758798  2.01901585
 -0.19751223 -1.0486948   0.30423171  2.52291221 -2.09116541  0.58960596
  2.94235131 -1.38094122  1.32358285  2.52127474 -0.71627514 -0.74454122
  0.64372346 -2.19507066  0.94962728  1.69692405  0.28541056  2.08847207
  0.44321393 -0.64642873  2.06477572  2.30729512  0.82807186  0.35831821
  1.25983344 -1.65657763 -0.78322817  0.43538281  0.71891527  0.71238677
  0.83410658  0.20447935 -0.70639431  3.15641449 -0.33632212  1.02302363
  1.47601369 -1.97494421  0.25364467  2.72581343 -1.04605907  0.29015209
  1.88890001  0.10019506 -0.35933608  1.47948865  0.60409034  1.04857199
  1.06839489 -1.47283424  1.67297397  0.63601543 -0.83066277 -0.38916499
  2.31678499 -0.54644162  1.7038231   0.23176988 -0.32747153  1.02720699
  2.09895769 -0.22453258  0.67285627  1.89478518 -1.25877342  0.97838831
  1.27512596 -0.43620915  1.36024185  0.85610337 -1.1498209   0.64108479
  1.05905834 -0.11532544  0.33166732  1.68115628 -0.9359808  -0.04871581] with unbiased energy -173.88631040886486
Removing previous minimum at index 30251 (energy -173.89328394936004) because 
corresponding saddle does not have sufficiently greater energy (-173.82389931470266)
Identified minimum at position [ 2.93692597  1.26840637  0.94226969  1.47254482 -0.55593767  2.48826055
  2.51601414  0.62431146  1.39931271  2.31563806 -1.78521904 -0.26407917
  0.43573069 -1.86639313  0.08696444  0.63122233  0.5347858   1.74416784
  0.01325052 -1.25618896  1.46056718  1.46929075 -0.68349953 -1.00957217
  1.69151456 -2.18265252  1.50204013  2.10839738 -1.40708938  2.16835569
 -0.19658095 -1.01786198  0.40204195  2.52738427 -2.01900147  0.800125
  2.94245883 -1.23864471  1.46280601  2.51147304 -0.77547462 -0.66242002
  0.6430947  -2.10669688  1.14553185  1.67405121  0.45810453  2.10492107
  0.42865832 -0.47783739  2.13246768  2.31947709  0.85470614  0.33897581
  1.27393566 -1.69995951 -0.62056797  0.42070811  0.77131989  0.68022436
  0.84611407  0.17642872 -0.68346194  3.1433162  -0.22120516  1.06558972
  1.48114791 -1.93799215  0.44291864  2.72427257 -1.00463865  0.4034287
  1.8886377   0.08440061 -0.33227692  1.47182612  0.69159405  1.04467247
  1.06119906 -1.32857281  1.81257334  0.64253133 -0.8480789  -0.29827476
  2.30601425 -0.39100886  1.77676728  0.22142282 -0.24205841  1.06808944
  2.09523572 -0.15684512  0.72133164  1.89199727 -1.16273081  1.10805351
  1.26507526 -0.31906302  1.42264679  0.85463479 -1.08805688  0.75705057
  1.05631178 -0.08077379  0.37226323  1.68264727 -0.92562972  0.05666273] with unbiased energy -173.88861587683255
Removing previous minimum at index 31904 (energy -173.88631040886486) because 
corresponding saddle does not have sufficiently greater energy (-173.81773488633428)
